<?xml version="1.0" encoding="UTF-8"?>
<testsuites name="Run All Test Cases" time="1791.265" tests="54" failures="21" errors="0">
   <testsuite name="Run All Test Cases" tests="54" failures="21" errors="0" time="1791.265" timestamp="2019-12-22 00:53:45" hostname="Gia Nguyen - DESKTOP-95BOMC4" id="Test Suites/Run All Test Cases">
      <properties>
         <property name="deviceName" value=""/>
         <property name="devicePlatform" value=""/>
         <property name="logFolder" value="C:\\Users\\Gia Nguyen\\Desktop\\CS300AutomaticWebTesting\\Reports\\20191222_005341\\Run All Test Cases\\20191222_005341"/>
         <property name="logFiles" value="C:\\Users\\Gia Nguyen\\Desktop\\CS300AutomaticWebTesting\\Reports\\20191222_005341\\Run All Test Cases\\20191222_005341\\execution0.log"/>
         <property name="attachments" value="C:\\Users\\Gia Nguyen\\Desktop\\CS300AutomaticWebTesting\\Reports\\20191222_005341\\Run All Test Cases\\20191222_005341\\1576951132628.png, C:\\Users\\Gia Nguyen\\Desktop\\CS300AutomaticWebTesting\\Reports\\20191222_005341\\Run All Test Cases\\20191222_005341\\1576951194453.png, C:\\Users\\Gia Nguyen\\Desktop\\CS300AutomaticWebTesting\\Reports\\20191222_005341\\Run All Test Cases\\20191222_005341\\1576951378552.png, C:\\Users\\Gia Nguyen\\Desktop\\CS300AutomaticWebTesting\\Reports\\20191222_005341\\Run All Test Cases\\20191222_005341\\1576951439038.png, C:\\Users\\Gia Nguyen\\Desktop\\CS300AutomaticWebTesting\\Reports\\20191222_005341\\Run All Test Cases\\20191222_005341\\1576951494430.png, C:\\Users\\Gia Nguyen\\Desktop\\CS300AutomaticWebTesting\\Reports\\20191222_005341\\Run All Test Cases\\20191222_005341\\1576951557378.png, C:\\Users\\Gia Nguyen\\Desktop\\CS300AutomaticWebTesting\\Reports\\20191222_005341\\Run All Test Cases\\20191222_005341\\1576951613190.png, C:\\Users\\Gia Nguyen\\Desktop\\CS300AutomaticWebTesting\\Reports\\20191222_005341\\Run All Test Cases\\20191222_005341\\1576951668362.png, C:\\Users\\Gia Nguyen\\Desktop\\CS300AutomaticWebTesting\\Reports\\20191222_005341\\Run All Test Cases\\20191222_005341\\1576951817951.png, C:\\Users\\Gia Nguyen\\Desktop\\CS300AutomaticWebTesting\\Reports\\20191222_005341\\Run All Test Cases\\20191222_005341\\1576952080752.png, C:\\Users\\Gia Nguyen\\Desktop\\CS300AutomaticWebTesting\\Reports\\20191222_005341\\Run All Test Cases\\20191222_005341\\1576952140678.png, C:\\Users\\Gia Nguyen\\Desktop\\CS300AutomaticWebTesting\\Reports\\20191222_005341\\Run All Test Cases\\20191222_005341\\1576952235250.png, C:\\Users\\Gia Nguyen\\Desktop\\CS300AutomaticWebTesting\\Reports\\20191222_005341\\Run All Test Cases\\20191222_005341\\1576952290288.png, C:\\Users\\Gia Nguyen\\Desktop\\CS300AutomaticWebTesting\\Reports\\20191222_005341\\Run All Test Cases\\20191222_005341\\1576952429757.png, C:\\Users\\Gia Nguyen\\Desktop\\CS300AutomaticWebTesting\\Reports\\20191222_005341\\Run All Test Cases\\20191222_005341\\1576952480765.png, C:\\Users\\Gia Nguyen\\Desktop\\CS300AutomaticWebTesting\\Reports\\20191222_005341\\Run All Test Cases\\20191222_005341\\1576952537912.png, C:\\Users\\Gia Nguyen\\Desktop\\CS300AutomaticWebTesting\\Reports\\20191222_005341\\Run All Test Cases\\20191222_005341\\1576952548905.png, C:\\Users\\Gia Nguyen\\Desktop\\CS300AutomaticWebTesting\\Reports\\20191222_005341\\Run All Test Cases\\20191222_005341\\1576952562064.png, C:\\Users\\Gia Nguyen\\Desktop\\CS300AutomaticWebTesting\\Reports\\20191222_005341\\Run All Test Cases\\20191222_005341\\1576952572895.png, C:\\Users\\Gia Nguyen\\Desktop\\CS300AutomaticWebTesting\\Reports\\20191222_005341\\Run All Test Cases\\20191222_005341\\1576952583726.png, C:\\Users\\Gia Nguyen\\Desktop\\CS300AutomaticWebTesting\\Reports\\20191222_005341\\Run All Test Cases\\20191222_005341\\1576952594478.png"/>
         <property name="hostName" value="Gia Nguyen - DESKTOP-95BOMC4"/>
         <property name="os" value="Windows 10 64bit"/>
         <property name="katalonVersion" value="7.1.2.1"/>
         <property name="browser" value="Firefox 71.0"/>
         <property name="hostAddress" value="192.168.1.177"/>
         <property name="sessionId" value="282c9266-0682-414a-afc7-a405cbaa8970"/>
         <property name="seleniumVersion" value="3.141.59"/>
         <property name="proxyInformation" value="ProxyInformation{proxyOption=NO_PROXY, proxyServerType=HTTP, password=, proxyServerAddress=, proxyServerPort=0, executionList=}"/>
         <property name="platform" value="Windows 10"/>
      </properties>
      <testcase name="Test Cases/TestCase01LoginSuccessfully" time="12.488" classname="Test Cases/TestCase01LoginSuccessfully" status="PASSED">
         <system-out><![CDATA[2019-12-22 00:53:45 - [TEST_CASE][PASSED] - Test Cases/TestCase01LoginSuccessfully: Test Cases/TestCase01LoginSuccessfully

2019-12-22 00:53:45 - [TEST_STEP][PASSED] - openBrowser(""): Browser is opened with url: ''

2019-12-22 00:53:45 - [MESSAGE][INFO] - Starting 'Firefox' driver

2019-12-22 00:53:45 - [MESSAGE][INFO] - Action delay is set to 0 seconds

2019-12-22 00:53:49 - [MESSAGE][PASSED] - Browser is opened with url: ''

2019-12-22 00:53:49 - [TEST_STEP][PASSED] - navigateToUrl("https://cs300testautomatic.herokuapp.com/"): Navigate to 'https://cs300testautomatic.herokuapp.com/' successfully

2019-12-22 00:53:52 - [MESSAGE][PASSED] - Navigate to 'https://cs300testautomatic.herokuapp.com/' successfully

2019-12-22 00:53:52 - [TEST_STEP][PASSED] - setText(findTestObject("Page_Mattermost/input_All team communication in one place s_703ef5"), "giabeuu@gmail.com"): Text 'giabeuu@gmail.com' is set on object 'Object Repository/Page_Mattermost/input_All team communication in one place s_703ef5'

2019-12-22 00:53:56 - [MESSAGE][PASSED] - Text 'giabeuu@gmail.com' is set on object 'Object Repository/Page_Mattermost/input_All team communication in one place s_703ef5'

2019-12-22 00:53:56 - [TEST_STEP][PASSED] - setEncryptedText(findTestObject("Page_Mattermost/input_All team communication in one place s_2f2733"), "GoUae4B8Jrc="): Text ****** has been set on object 'Object Repository/Page_Mattermost/input_All team communication in one place s_2f2733'

2019-12-22 00:53:56 - [MESSAGE][PASSED] - Text ****** has been set on object 'Object Repository/Page_Mattermost/input_All team communication in one place s_2f2733'

2019-12-22 00:53:56 - [TEST_STEP][PASSED] - click(findTestObject("Page_Mattermost/span_Sign in")): Object: 'Object Repository/Page_Mattermost/span_Sign in' is clicked on

2019-12-22 00:53:57 - [MESSAGE][PASSED] - Object: 'Object Repository/Page_Mattermost/span_Sign in' is clicked on]]></system-out>
         <system-err><![CDATA[]]></system-err>
      </testcase>
      <testcase name="Test Cases/TestCase02LogoutSuccessfully" time="17.285" classname="Test Cases/TestCase02LogoutSuccessfully" status="PASSED">
         <system-out><![CDATA[2019-12-22 00:53:57 - [TEST_CASE][PASSED] - Test Cases/TestCase02LogoutSuccessfully: Test Cases/TestCase02LogoutSuccessfully

2019-12-22 00:53:57 - [TEST_STEP][PASSED] - openBrowser(""): Browser is opened with url: ''

2019-12-22 00:53:57 - [MESSAGE][WARNING] - A browser is already opened. Closing browser and opening a new one

2019-12-22 00:53:58 - [MESSAGE][INFO] - Starting 'Firefox' driver

2019-12-22 00:54:01 - [MESSAGE][PASSED] - Browser is opened with url: ''

2019-12-22 00:54:01 - [TEST_STEP][PASSED] - navigateToUrl("https://cs300testautomatic.herokuapp.com/"): Navigate to 'https://cs300testautomatic.herokuapp.com/' successfully

2019-12-22 00:54:04 - [MESSAGE][PASSED] - Navigate to 'https://cs300testautomatic.herokuapp.com/' successfully

2019-12-22 00:54:04 - [TEST_STEP][PASSED] - setText(findTestObject("Page_Mattermost/input_All team communication in one place s_703ef5"), "giabeuu@gmail.com"): Text 'giabeuu@gmail.com' is set on object 'Object Repository/Page_Mattermost/input_All team communication in one place s_703ef5'

2019-12-22 00:54:08 - [MESSAGE][PASSED] - Text 'giabeuu@gmail.com' is set on object 'Object Repository/Page_Mattermost/input_All team communication in one place s_703ef5'

2019-12-22 00:54:08 - [TEST_STEP][PASSED] - setEncryptedText(findTestObject("Page_Mattermost/input_All team communication in one place s_2f2733"), "GoUae4B8Jrc="): Text ****** has been set on object 'Object Repository/Page_Mattermost/input_All team communication in one place s_2f2733'

2019-12-22 00:54:09 - [MESSAGE][PASSED] - Text ****** has been set on object 'Object Repository/Page_Mattermost/input_All team communication in one place s_2f2733'

2019-12-22 00:54:09 - [TEST_STEP][PASSED] - click(findTestObject("Object Repository/Page_Mattermost/button_Sign in")): Object: 'Object Repository/Page_Mattermost/button_Sign in' is clicked on

2019-12-22 00:54:10 - [MESSAGE][PASSED] - Object: 'Object Repository/Page_Mattermost/button_Sign in' is clicked on

2019-12-22 00:54:10 - [TEST_STEP][PASSED] - click(findTestObject("Object Repository/Page_Town Square - Hello Mattermost/span")): Object: 'Object Repository/Page_Town Square - Hello Mattermost/span' is clicked on

2019-12-22 00:54:13 - [MESSAGE][PASSED] - Object: 'Object Repository/Page_Town Square - Hello Mattermost/span' is clicked on

2019-12-22 00:54:13 - [TEST_STEP][PASSED] - click(findTestObject("Object Repository/Page_Town Square - Hello Mattermost/button_Logout")): Object: 'Object Repository/Page_Town Square - Hello Mattermost/button_Logout' is clicked on

2019-12-22 00:54:14 - [MESSAGE][PASSED] - Object: 'Object Repository/Page_Town Square - Hello Mattermost/button_Logout' is clicked on

2019-12-22 00:54:14 - [TEST_STEP][PASSED] - closeBrowser(): Browser is closed

2019-12-22 00:54:14 - [MESSAGE][PASSED] - Browser is closed]]></system-out>
         <system-err><![CDATA[]]></system-err>
      </testcase>
      <testcase name="Test Cases/TestCase03LoginWrongPass" time="12.759" classname="Test Cases/TestCase03LoginWrongPass" status="PASSED">
         <system-out><![CDATA[2019-12-22 00:54:14 - [TEST_CASE][PASSED] - Test Cases/TestCase03LoginWrongPass: Test Cases/TestCase03LoginWrongPass

2019-12-22 00:54:15 - [TEST_STEP][PASSED] - openBrowser(""): Browser is opened with url: ''

2019-12-22 00:54:15 - [MESSAGE][INFO] - Starting 'Firefox' driver

2019-12-22 00:54:17 - [MESSAGE][PASSED] - Browser is opened with url: ''

2019-12-22 00:54:17 - [TEST_STEP][PASSED] - navigateToUrl("https://cs300testautomatic.herokuapp.com/"): Navigate to 'https://cs300testautomatic.herokuapp.com/' successfully

2019-12-22 00:54:21 - [MESSAGE][PASSED] - Navigate to 'https://cs300testautomatic.herokuapp.com/' successfully

2019-12-22 00:54:21 - [TEST_STEP][PASSED] - setText(findTestObject("Page_Mattermost/input_All team communication in one place s_703ef5"), "giabeuu@gmail.com"): Text 'giabeuu@gmail.com' is set on object 'Object Repository/Page_Mattermost/input_All team communication in one place s_703ef5'

2019-12-22 00:54:25 - [MESSAGE][PASSED] - Text 'giabeuu@gmail.com' is set on object 'Object Repository/Page_Mattermost/input_All team communication in one place s_703ef5'

2019-12-22 00:54:25 - [TEST_STEP][PASSED] - setEncryptedText(findTestObject("Page_Mattermost/input_All team communication in one place s_2f2733"), "4nvbrPglk7k="): Text ****** has been set on object 'Object Repository/Page_Mattermost/input_All team communication in one place s_2f2733'

2019-12-22 00:54:25 - [MESSAGE][PASSED] - Text ****** has been set on object 'Object Repository/Page_Mattermost/input_All team communication in one place s_2f2733'

2019-12-22 00:54:25 - [TEST_STEP][PASSED] - click(findTestObject("Page_Mattermost/span_Sign in")): Object: 'Object Repository/Page_Mattermost/span_Sign in' is clicked on

2019-12-22 00:54:26 - [MESSAGE][PASSED] - Object: 'Object Repository/Page_Mattermost/span_Sign in' is clicked on

2019-12-22 00:54:26 - [TEST_STEP][PASSED] - click(findTestObject("Object Repository/Page_Mattermost/label_Enter a valid email or username andor_ef8acb")): Object: 'Object Repository/Page_Mattermost/label_Enter a valid email or username andor_ef8acb' is clicked on

2019-12-22 00:54:27 - [MESSAGE][PASSED] - Object: 'Object Repository/Page_Mattermost/label_Enter a valid email or username andor_ef8acb' is clicked on

2019-12-22 00:54:27 - [TEST_STEP][PASSED] - closeBrowser(): Browser is closed

2019-12-22 00:54:27 - [MESSAGE][PASSED] - Browser is closed]]></system-out>
         <system-err><![CDATA[]]></system-err>
      </testcase>
      <testcase name="Test Cases/TestCase04CreateNewTeam" time="17.908" classname="Test Cases/TestCase04CreateNewTeam" status="PASSED">
         <system-out><![CDATA[2019-12-22 00:54:27 - [TEST_CASE][PASSED] - Test Cases/TestCase04CreateNewTeam: Test Cases/TestCase04CreateNewTeam

2019-12-22 00:54:27 - [TEST_STEP][PASSED] - openBrowser(""): Browser is opened with url: ''

2019-12-22 00:54:27 - [MESSAGE][INFO] - Starting 'Firefox' driver

2019-12-22 00:54:30 - [MESSAGE][PASSED] - Browser is opened with url: ''

2019-12-22 00:54:30 - [TEST_STEP][PASSED] - navigateToUrl("https://cs300testautomatic.herokuapp.com/"): Navigate to 'https://cs300testautomatic.herokuapp.com/' successfully

2019-12-22 00:54:33 - [MESSAGE][PASSED] - Navigate to 'https://cs300testautomatic.herokuapp.com/' successfully

2019-12-22 00:54:33 - [TEST_STEP][PASSED] - setText(findTestObject("Page_Mattermost/input_All team communication in one place s_703ef5"), "giabeuu@gmail.com"): Text 'giabeuu@gmail.com' is set on object 'Object Repository/Page_Mattermost/input_All team communication in one place s_703ef5'

2019-12-22 00:54:38 - [MESSAGE][PASSED] - Text 'giabeuu@gmail.com' is set on object 'Object Repository/Page_Mattermost/input_All team communication in one place s_703ef5'

2019-12-22 00:54:38 - [TEST_STEP][PASSED] - setEncryptedText(findTestObject("Page_Mattermost/input_All team communication in one place s_2f2733"), "GoUae4B8Jrc="): Text ****** has been set on object 'Object Repository/Page_Mattermost/input_All team communication in one place s_2f2733'

2019-12-22 00:54:38 - [MESSAGE][PASSED] - Text ****** has been set on object 'Object Repository/Page_Mattermost/input_All team communication in one place s_2f2733'

2019-12-22 00:54:38 - [TEST_STEP][PASSED] - click(findTestObject("Page_Mattermost/span_Sign in")): Object: 'Object Repository/Page_Mattermost/span_Sign in' is clicked on

2019-12-22 00:54:39 - [MESSAGE][PASSED] - Object: 'Object Repository/Page_Mattermost/span_Sign in' is clicked on

2019-12-22 00:54:39 - [TEST_STEP][PASSED] - click(findTestObject("Page_ Town Square - FirstTeam Mattermost/button_giabeuu_style--none sidebar-header-d_0f4080")): Object: 'Object Repository/Page_ Town Square - FirstTeam Mattermost/button_giabeuu_style--none sidebar-header-d_0f4080' is clicked on

2019-12-22 00:54:42 - [MESSAGE][PASSED] - Object: 'Object Repository/Page_ Town Square - FirstTeam Mattermost/button_giabeuu_style--none sidebar-header-d_0f4080' is clicked on

2019-12-22 00:54:42 - [TEST_STEP][PASSED] - click(findTestObject("Page_ Town Square - FirstTeam Mattermost/a_Create a New Team")): Object: 'Object Repository/Page_ Town Square - FirstTeam Mattermost/a_Create a New Team' is clicked on

2019-12-22 00:54:43 - [MESSAGE][PASSED] - Object: 'Object Repository/Page_ Town Square - FirstTeam Mattermost/a_Create a New Team' is clicked on

2019-12-22 00:54:43 - [TEST_STEP][PASSED] - setText(findTestObject("Page_ Town Square - FirstTeam Mattermost/input_Team Name_teamNameInput"), "MyTeam1"): Text 'MyTeam1' is set on object 'Object Repository/Page_ Town Square - FirstTeam Mattermost/input_Team Name_teamNameInput'

2019-12-22 00:54:43 - [MESSAGE][PASSED] - Text 'MyTeam1' is set on object 'Object Repository/Page_ Town Square - FirstTeam Mattermost/input_Team Name_teamNameInput'

2019-12-22 00:54:43 - [TEST_STEP][PASSED] - sendKeys(findTestObject("Page_ Town Square - FirstTeam Mattermost/input_Team Name_teamNameInput"), Keys.chord(ENTER)): Keys 'ENTER + ' sent to object: 'Object Repository/Page_ Town Square - FirstTeam Mattermost/input_Team Name_teamNameInput'

2019-12-22 00:54:44 - [MESSAGE][PASSED] - Keys 'ENTER + ' sent to object: 'Object Repository/Page_ Town Square - FirstTeam Mattermost/input_Team Name_teamNameInput'

2019-12-22 00:54:44 - [TEST_STEP][PASSED] - click(findTestObject("Object Repository/Page_ Town Square - FirstTeam Mattermost/button_Finish")): Object: 'Object Repository/Page_ Town Square - FirstTeam Mattermost/button_Finish' is clicked on

2019-12-22 00:54:44 - [MESSAGE][PASSED] - Object: 'Object Repository/Page_ Town Square - FirstTeam Mattermost/button_Finish' is clicked on

2019-12-22 00:54:44 - [TEST_STEP][PASSED] - closeBrowser(): Browser is closed

2019-12-22 00:54:45 - [MESSAGE][PASSED] - Browser is closed]]></system-out>
         <system-err><![CDATA[]]></system-err>
      </testcase>
      <testcase name="Test Cases/TestCase05ChatSomeThingOnMainChannel" time="23.047" classname="Test Cases/TestCase05ChatSomeThingOnMainChannel" status="PASSED">
         <system-out><![CDATA[2019-12-22 00:54:45 - [TEST_CASE][PASSED] - Test Cases/TestCase05ChatSomeThingOnMainChannel: Test Cases/TestCase05ChatSomeThingOnMainChannel

2019-12-22 00:54:45 - [TEST_STEP][PASSED] - callTestCase(findTestCase("TestCase01LoginSuccessfully"), [:], STOP_ON_FAILURE): Call Test Case 'Test Cases/TestCase01LoginSuccessfully' successfully

2019-12-22 00:54:45 - [TEST_CASE][PASSED] - Test Cases/TestCase01LoginSuccessfully: Test Cases/TestCase01LoginSuccessfully

2019-12-22 00:54:45 - [TEST_STEP][PASSED] - openBrowser(""): Browser is opened with url: ''

2019-12-22 00:54:45 - [MESSAGE][INFO] - Starting 'Firefox' driver

2019-12-22 00:54:48 - [MESSAGE][PASSED] - Browser is opened with url: ''

2019-12-22 00:54:48 - [TEST_STEP][PASSED] - navigateToUrl("https://cs300testautomatic.herokuapp.com/"): Navigate to 'https://cs300testautomatic.herokuapp.com/' successfully

2019-12-22 00:54:51 - [MESSAGE][PASSED] - Navigate to 'https://cs300testautomatic.herokuapp.com/' successfully

2019-12-22 00:54:51 - [TEST_STEP][PASSED] - setText(findTestObject("Page_Mattermost/input_All team communication in one place s_703ef5"), "giabeuu@gmail.com"): Text 'giabeuu@gmail.com' is set on object 'Object Repository/Page_Mattermost/input_All team communication in one place s_703ef5'

2019-12-22 00:54:55 - [MESSAGE][PASSED] - Text 'giabeuu@gmail.com' is set on object 'Object Repository/Page_Mattermost/input_All team communication in one place s_703ef5'

2019-12-22 00:54:55 - [TEST_STEP][PASSED] - setEncryptedText(findTestObject("Page_Mattermost/input_All team communication in one place s_2f2733"), "GoUae4B8Jrc="): Text ****** has been set on object 'Object Repository/Page_Mattermost/input_All team communication in one place s_2f2733'

2019-12-22 00:54:56 - [MESSAGE][PASSED] - Text ****** has been set on object 'Object Repository/Page_Mattermost/input_All team communication in one place s_2f2733'

2019-12-22 00:54:56 - [TEST_STEP][PASSED] - click(findTestObject("Page_Mattermost/span_Sign in")): Object: 'Object Repository/Page_Mattermost/span_Sign in' is clicked on

2019-12-22 00:54:56 - [MESSAGE][PASSED] - Object: 'Object Repository/Page_Mattermost/span_Sign in' is clicked on

2019-12-22 00:54:56 - [MESSAGE][PASSED] - Call Test Case 'Test Cases/TestCase01LoginSuccessfully' successfully

2019-12-22 00:54:56 - [TEST_STEP][PASSED] - setText(findTestObject("Object Repository/Page_Town Square - FirstTeam Mattermost/textarea_Write to Town Square_post_textbox"), "I"): Text 'I' is set on object 'Object Repository/Page_Town Square - FirstTeam Mattermost/textarea_Write to Town Square_post_textbox'

2019-12-22 00:55:00 - [MESSAGE][PASSED] - Text 'I' is set on object 'Object Repository/Page_Town Square - FirstTeam Mattermost/textarea_Write to Town Square_post_textbox'

2019-12-22 00:55:00 - [TEST_STEP][PASSED] - setText(findTestObject("Object Repository/Page_Town Square - FirstTeam Mattermost/textarea_I"), "I "): Text 'I ' is set on object 'Object Repository/Page_Town Square - FirstTeam Mattermost/textarea_I'

2019-12-22 00:55:00 - [MESSAGE][PASSED] - Text 'I ' is set on object 'Object Repository/Page_Town Square - FirstTeam Mattermost/textarea_I'

2019-12-22 00:55:00 - [TEST_STEP][PASSED] - setText(findTestObject("Object Repository/Page_Town Square - FirstTeam Mattermost/textarea_I_1"), "I c"): Text 'I c' is set on object 'Object Repository/Page_Town Square - FirstTeam Mattermost/textarea_I_1'

2019-12-22 00:55:01 - [MESSAGE][PASSED] - Text 'I c' is set on object 'Object Repository/Page_Town Square - FirstTeam Mattermost/textarea_I_1'

2019-12-22 00:55:01 - [TEST_STEP][PASSED] - setText(findTestObject("Object Repository/Page_Town Square - FirstTeam Mattermost/textarea_I c"), "I ch"): Text 'I ch' is set on object 'Object Repository/Page_Town Square - FirstTeam Mattermost/textarea_I c'

2019-12-22 00:55:01 - [MESSAGE][PASSED] - Text 'I ch' is set on object 'Object Repository/Page_Town Square - FirstTeam Mattermost/textarea_I c'

2019-12-22 00:55:01 - [TEST_STEP][PASSED] - setText(findTestObject("Object Repository/Page_Town Square - FirstTeam Mattermost/textarea_I ch"), "I cha"): Text 'I cha' is set on object 'Object Repository/Page_Town Square - FirstTeam Mattermost/textarea_I ch'

2019-12-22 00:55:02 - [MESSAGE][PASSED] - Text 'I cha' is set on object 'Object Repository/Page_Town Square - FirstTeam Mattermost/textarea_I ch'

2019-12-22 00:55:02 - [TEST_STEP][PASSED] - setText(findTestObject("Object Repository/Page_Town Square - FirstTeam Mattermost/textarea_I cha"), "I chat"): Text 'I chat' is set on object 'Object Repository/Page_Town Square - FirstTeam Mattermost/textarea_I cha'

2019-12-22 00:55:02 - [MESSAGE][PASSED] - Text 'I chat' is set on object 'Object Repository/Page_Town Square - FirstTeam Mattermost/textarea_I cha'

2019-12-22 00:55:02 - [TEST_STEP][PASSED] - setText(findTestObject("Object Repository/Page_Town Square - FirstTeam Mattermost/textarea_I chat"), "I chat "): Text 'I chat ' is set on object 'Object Repository/Page_Town Square - FirstTeam Mattermost/textarea_I chat'

2019-12-22 00:55:03 - [MESSAGE][PASSED] - Text 'I chat ' is set on object 'Object Repository/Page_Town Square - FirstTeam Mattermost/textarea_I chat'

2019-12-22 00:55:03 - [TEST_STEP][PASSED] - setText(findTestObject("Object Repository/Page_Town Square - FirstTeam Mattermost/textarea_I chat_1"), "I chat s"): Text 'I chat s' is set on object 'Object Repository/Page_Town Square - FirstTeam Mattermost/textarea_I chat_1'

2019-12-22 00:55:03 - [MESSAGE][PASSED] - Text 'I chat s' is set on object 'Object Repository/Page_Town Square - FirstTeam Mattermost/textarea_I chat_1'

2019-12-22 00:55:03 - [TEST_STEP][PASSED] - setText(findTestObject("Object Repository/Page_Town Square - FirstTeam Mattermost/textarea_I chat s"), "I chat so"): Text 'I chat so' is set on object 'Object Repository/Page_Town Square - FirstTeam Mattermost/textarea_I chat s'

2019-12-22 00:55:04 - [MESSAGE][PASSED] - Text 'I chat so' is set on object 'Object Repository/Page_Town Square - FirstTeam Mattermost/textarea_I chat s'

2019-12-22 00:55:04 - [TEST_STEP][PASSED] - setText(findTestObject("Object Repository/Page_Town Square - FirstTeam Mattermost/textarea_I chat so"), "I chat som"): Text 'I chat som' is set on object 'Object Repository/Page_Town Square - FirstTeam Mattermost/textarea_I chat so'

2019-12-22 00:55:04 - [MESSAGE][PASSED] - Text 'I chat som' is set on object 'Object Repository/Page_Town Square - FirstTeam Mattermost/textarea_I chat so'

2019-12-22 00:55:04 - [TEST_STEP][PASSED] - setText(findTestObject("Object Repository/Page_Town Square - FirstTeam Mattermost/textarea_I chat som"), "I chat some"): Text 'I chat some' is set on object 'Object Repository/Page_Town Square - FirstTeam Mattermost/textarea_I chat som'

2019-12-22 00:55:05 - [MESSAGE][PASSED] - Text 'I chat some' is set on object 'Object Repository/Page_Town Square - FirstTeam Mattermost/textarea_I chat som'

2019-12-22 00:55:05 - [TEST_STEP][PASSED] - setText(findTestObject("Object Repository/Page_Town Square - FirstTeam Mattermost/textarea_I chat some"), "I chat somet"): Text 'I chat somet' is set on object 'Object Repository/Page_Town Square - FirstTeam Mattermost/textarea_I chat some'

2019-12-22 00:55:05 - [MESSAGE][PASSED] - Text 'I chat somet' is set on object 'Object Repository/Page_Town Square - FirstTeam Mattermost/textarea_I chat some'

2019-12-22 00:55:05 - [TEST_STEP][PASSED] - setText(findTestObject("Object Repository/Page_Town Square - FirstTeam Mattermost/textarea_I chat somet"), "I chat someth"): Text 'I chat someth' is set on object 'Object Repository/Page_Town Square - FirstTeam Mattermost/textarea_I chat somet'

2019-12-22 00:55:06 - [MESSAGE][PASSED] - Text 'I chat someth' is set on object 'Object Repository/Page_Town Square - FirstTeam Mattermost/textarea_I chat somet'

2019-12-22 00:55:06 - [TEST_STEP][PASSED] - setText(findTestObject("Object Repository/Page_Town Square - FirstTeam Mattermost/textarea_I chat someth"), "I chat somethi"): Text 'I chat somethi' is set on object 'Object Repository/Page_Town Square - FirstTeam Mattermost/textarea_I chat someth'

2019-12-22 00:55:06 - [MESSAGE][PASSED] - Text 'I chat somethi' is set on object 'Object Repository/Page_Town Square - FirstTeam Mattermost/textarea_I chat someth'

2019-12-22 00:55:06 - [TEST_STEP][PASSED] - setText(findTestObject("Object Repository/Page_Town Square - FirstTeam Mattermost/textarea_I chat somethi"), "I chat somethin"): Text 'I chat somethin' is set on object 'Object Repository/Page_Town Square - FirstTeam Mattermost/textarea_I chat somethi'

2019-12-22 00:55:07 - [MESSAGE][PASSED] - Text 'I chat somethin' is set on object 'Object Repository/Page_Town Square - FirstTeam Mattermost/textarea_I chat somethi'

2019-12-22 00:55:07 - [TEST_STEP][PASSED] - setText(findTestObject("Object Repository/Page_Town Square - FirstTeam Mattermost/textarea_I chat somethin"), "I chat something"): Text 'I chat something' is set on object 'Object Repository/Page_Town Square - FirstTeam Mattermost/textarea_I chat somethin'

2019-12-22 00:55:07 - [MESSAGE][PASSED] - Text 'I chat something' is set on object 'Object Repository/Page_Town Square - FirstTeam Mattermost/textarea_I chat somethin'

2019-12-22 00:55:07 - [TEST_STEP][PASSED] - closeBrowser(): Browser is closed

2019-12-22 00:55:08 - [MESSAGE][PASSED] - Browser is closed]]></system-out>
         <system-err><![CDATA[]]></system-err>
      </testcase>
      <testcase name="Test Cases/TestCase06CreateDirectMessage" time="17.913" classname="Test Cases/TestCase06CreateDirectMessage" status="PASSED">
         <system-out><![CDATA[2019-12-22 00:55:08 - [TEST_CASE][PASSED] - Test Cases/TestCase06CreateDirectMessage: Test Cases/TestCase06CreateDirectMessage

2019-12-22 00:55:08 - [TEST_STEP][PASSED] - openBrowser(""): Browser is opened with url: ''

2019-12-22 00:55:08 - [MESSAGE][INFO] - Starting 'Firefox' driver

2019-12-22 00:55:12 - [MESSAGE][PASSED] - Browser is opened with url: ''

2019-12-22 00:55:12 - [TEST_STEP][PASSED] - navigateToUrl("https://cs300testautomatic.herokuapp.com/"): Navigate to 'https://cs300testautomatic.herokuapp.com/' successfully

2019-12-22 00:55:15 - [MESSAGE][PASSED] - Navigate to 'https://cs300testautomatic.herokuapp.com/' successfully

2019-12-22 00:55:15 - [TEST_STEP][PASSED] - setText(findTestObject("Page_Mattermost/input_All team communication in one place s_703ef5 (35)"), "dhieu@apcs.vn"): Text 'dhieu@apcs.vn' is set on object 'Object Repository/Page_Mattermost/input_All team communication in one place s_703ef5 (35)'

2019-12-22 00:55:19 - [MESSAGE][PASSED] - Text 'dhieu@apcs.vn' is set on object 'Object Repository/Page_Mattermost/input_All team communication in one place s_703ef5 (35)'

2019-12-22 00:55:19 - [TEST_STEP][PASSED] - setEncryptedText(findTestObject("Page_Mattermost/input_All team communication in one place s_2f2733 (35)"), "iGDxf8hSRT4="): Text ****** has been set on object 'Object Repository/Page_Mattermost/input_All team communication in one place s_2f2733 (35)'

2019-12-22 00:55:19 - [MESSAGE][PASSED] - Text ****** has been set on object 'Object Repository/Page_Mattermost/input_All team communication in one place s_2f2733 (35)'

2019-12-22 00:55:19 - [TEST_STEP][PASSED] - click(findTestObject("Page_Mattermost/span_Sign in (7)")): Object: 'Object Repository/Page_Mattermost/span_Sign in (7)' is clicked on

2019-12-22 00:55:20 - [MESSAGE][PASSED] - Object: 'Object Repository/Page_Mattermost/span_Sign in (7)' is clicked on

2019-12-22 00:55:20 - [TEST_STEP][PASSED] - click(findTestObject("Page_Town Square - FirstTeam Mattermost/span_ (3)")): Object: 'Object Repository/Page_Town Square - FirstTeam Mattermost/span_ (3)' is clicked on

2019-12-22 00:55:24 - [MESSAGE][PASSED] - Object: 'Object Repository/Page_Town Square - FirstTeam Mattermost/span_ (3)' is clicked on

2019-12-22 00:55:24 - [TEST_STEP][PASSED] - click(findTestObject("Object Repository/Page_Town Square - FirstTeam Mattermost/div_pbduyapcsvn_more-modal__actions--round")): Object: 'Object Repository/Page_Town Square - FirstTeam Mattermost/div_pbduyapcsvn_more-modal__actions--round' is clicked on

2019-12-22 00:55:25 - [MESSAGE][PASSED] - Object: 'Object Repository/Page_Town Square - FirstTeam Mattermost/div_pbduyapcsvn_more-modal__actions--round' is clicked on

2019-12-22 00:55:25 - [TEST_STEP][PASSED] - click(findTestObject("Page_Town Square - FirstTeam Mattermost/button_Go (1)")): Object: 'Object Repository/Page_Town Square - FirstTeam Mattermost/button_Go (1)' is clicked on

2019-12-22 00:55:25 - [MESSAGE][PASSED] - Object: 'Object Repository/Page_Town Square - FirstTeam Mattermost/button_Go (1)' is clicked on

2019-12-22 00:55:25 - [TEST_STEP][PASSED] - closeBrowser(): Browser is closed

2019-12-22 00:55:26 - [MESSAGE][PASSED] - Browser is closed]]></system-out>
         <system-err><![CDATA[]]></system-err>
      </testcase>
      <testcase name="Test Cases/TestCase07ChatSomeThingOnDirectMessage" time="25.396" classname="Test Cases/TestCase07ChatSomeThingOnDirectMessage" status="PASSED">
         <system-out><![CDATA[2019-12-22 00:55:26 - [TEST_CASE][PASSED] - Test Cases/TestCase07ChatSomeThingOnDirectMessage: Test Cases/TestCase07ChatSomeThingOnDirectMessage

2019-12-22 00:55:26 - [TEST_STEP][PASSED] - openBrowser(""): Browser is opened with url: ''

2019-12-22 00:55:26 - [MESSAGE][INFO] - Starting 'Firefox' driver

2019-12-22 00:55:29 - [MESSAGE][PASSED] - Browser is opened with url: ''

2019-12-22 00:55:29 - [TEST_STEP][PASSED] - navigateToUrl("https://cs300testautomatic.herokuapp.com/"): Navigate to 'https://cs300testautomatic.herokuapp.com/' successfully

2019-12-22 00:55:32 - [MESSAGE][PASSED] - Navigate to 'https://cs300testautomatic.herokuapp.com/' successfully

2019-12-22 00:55:32 - [TEST_STEP][PASSED] - setText(findTestObject("Page_Mattermost/input_All team communication in one place s_703ef5"), "dhieu@apcs.vn"): Text 'dhieu@apcs.vn' is set on object 'Object Repository/Page_Mattermost/input_All team communication in one place s_703ef5'

2019-12-22 00:55:36 - [MESSAGE][PASSED] - Text 'dhieu@apcs.vn' is set on object 'Object Repository/Page_Mattermost/input_All team communication in one place s_703ef5'

2019-12-22 00:55:36 - [TEST_STEP][PASSED] - setEncryptedText(findTestObject("Page_Mattermost/input_All team communication in one place s_2f2733"), "iGDxf8hSRT4="): Text ****** has been set on object 'Object Repository/Page_Mattermost/input_All team communication in one place s_2f2733'

2019-12-22 00:55:37 - [MESSAGE][PASSED] - Text ****** has been set on object 'Object Repository/Page_Mattermost/input_All team communication in one place s_2f2733'

2019-12-22 00:55:37 - [TEST_STEP][PASSED] - sendKeys(findTestObject("Page_Mattermost/input_All team communication in one place s_2f2733"), Keys.chord(ENTER)): Keys 'ENTER + ' sent to object: 'Object Repository/Page_Mattermost/input_All team communication in one place s_2f2733'

2019-12-22 00:55:37 - [MESSAGE][PASSED] - Keys 'ENTER + ' sent to object: 'Object Repository/Page_Mattermost/input_All team communication in one place s_2f2733'

2019-12-22 00:55:37 - [TEST_STEP][PASSED] - click(findTestObject("Object Repository/Page_Town Square - FirstTeam Mattermost/span_duy")): Object: 'Object Repository/Page_Town Square - FirstTeam Mattermost/span_duy' is clicked on

2019-12-22 00:55:41 - [MESSAGE][PASSED] - Object: 'Object Repository/Page_Town Square - FirstTeam Mattermost/span_duy' is clicked on

2019-12-22 00:55:41 - [TEST_STEP][PASSED] - setText(findTestObject("Object Repository/Page_duy - FirstTeam Mattermost/textarea_Write to duy_post_textbox"), "C"): Text 'C' is set on object 'Object Repository/Page_duy - FirstTeam Mattermost/textarea_Write to duy_post_textbox'

2019-12-22 00:55:42 - [MESSAGE][PASSED] - Text 'C' is set on object 'Object Repository/Page_duy - FirstTeam Mattermost/textarea_Write to duy_post_textbox'

2019-12-22 00:55:42 - [TEST_STEP][PASSED] - setText(findTestObject("Object Repository/Page_duy - FirstTeam Mattermost/textarea_C"), "Ch"): Text 'Ch' is set on object 'Object Repository/Page_duy - FirstTeam Mattermost/textarea_C'

2019-12-22 00:55:42 - [MESSAGE][PASSED] - Text 'Ch' is set on object 'Object Repository/Page_duy - FirstTeam Mattermost/textarea_C'

2019-12-22 00:55:42 - [TEST_STEP][PASSED] - setText(findTestObject("Object Repository/Page_duy - FirstTeam Mattermost/textarea_Ch"), "Cha"): Text 'Cha' is set on object 'Object Repository/Page_duy - FirstTeam Mattermost/textarea_Ch'

2019-12-22 00:55:43 - [MESSAGE][PASSED] - Text 'Cha' is set on object 'Object Repository/Page_duy - FirstTeam Mattermost/textarea_Ch'

2019-12-22 00:55:43 - [TEST_STEP][PASSED] - setText(findTestObject("Object Repository/Page_duy - FirstTeam Mattermost/textarea_Cha"), "Chat"): Text 'Chat' is set on object 'Object Repository/Page_duy - FirstTeam Mattermost/textarea_Cha'

2019-12-22 00:55:43 - [MESSAGE][PASSED] - Text 'Chat' is set on object 'Object Repository/Page_duy - FirstTeam Mattermost/textarea_Cha'

2019-12-22 00:55:43 - [TEST_STEP][PASSED] - setText(findTestObject("Object Repository/Page_duy - FirstTeam Mattermost/textarea_Chat"), "Chat "): Text 'Chat ' is set on object 'Object Repository/Page_duy - FirstTeam Mattermost/textarea_Chat'

2019-12-22 00:55:44 - [MESSAGE][PASSED] - Text 'Chat ' is set on object 'Object Repository/Page_duy - FirstTeam Mattermost/textarea_Chat'

2019-12-22 00:55:44 - [TEST_STEP][PASSED] - setText(findTestObject("Object Repository/Page_duy - FirstTeam Mattermost/textarea_Chat_1"), "Chat s"): Text 'Chat s' is set on object 'Object Repository/Page_duy - FirstTeam Mattermost/textarea_Chat_1'

2019-12-22 00:55:44 - [MESSAGE][PASSED] - Text 'Chat s' is set on object 'Object Repository/Page_duy - FirstTeam Mattermost/textarea_Chat_1'

2019-12-22 00:55:44 - [TEST_STEP][PASSED] - setText(findTestObject("Object Repository/Page_duy - FirstTeam Mattermost/textarea_Chat s"), "Chat so"): Text 'Chat so' is set on object 'Object Repository/Page_duy - FirstTeam Mattermost/textarea_Chat s'

2019-12-22 00:55:45 - [MESSAGE][PASSED] - Text 'Chat so' is set on object 'Object Repository/Page_duy - FirstTeam Mattermost/textarea_Chat s'

2019-12-22 00:55:45 - [TEST_STEP][PASSED] - setText(findTestObject("Object Repository/Page_duy - FirstTeam Mattermost/textarea_Chat so"), "Chat som"): Text 'Chat som' is set on object 'Object Repository/Page_duy - FirstTeam Mattermost/textarea_Chat so'

2019-12-22 00:55:45 - [MESSAGE][PASSED] - Text 'Chat som' is set on object 'Object Repository/Page_duy - FirstTeam Mattermost/textarea_Chat so'

2019-12-22 00:55:45 - [TEST_STEP][PASSED] - setText(findTestObject("Object Repository/Page_duy - FirstTeam Mattermost/textarea_Chat som"), "Chat some"): Text 'Chat some' is set on object 'Object Repository/Page_duy - FirstTeam Mattermost/textarea_Chat som'

2019-12-22 00:55:46 - [MESSAGE][PASSED] - Text 'Chat some' is set on object 'Object Repository/Page_duy - FirstTeam Mattermost/textarea_Chat som'

2019-12-22 00:55:46 - [TEST_STEP][PASSED] - setText(findTestObject("Object Repository/Page_duy - FirstTeam Mattermost/textarea_Chat some"), "Chat some "): Text 'Chat some ' is set on object 'Object Repository/Page_duy - FirstTeam Mattermost/textarea_Chat some'

2019-12-22 00:55:47 - [MESSAGE][PASSED] - Text 'Chat some ' is set on object 'Object Repository/Page_duy - FirstTeam Mattermost/textarea_Chat some'

2019-12-22 00:55:47 - [TEST_STEP][PASSED] - setText(findTestObject("Object Repository/Page_duy - FirstTeam Mattermost/textarea_Chat some_1"), "Chat some  "): Text 'Chat some  ' is set on object 'Object Repository/Page_duy - FirstTeam Mattermost/textarea_Chat some_1'

2019-12-22 00:55:47 - [MESSAGE][PASSED] - Text 'Chat some  ' is set on object 'Object Repository/Page_duy - FirstTeam Mattermost/textarea_Chat some_1'

2019-12-22 00:55:47 - [TEST_STEP][PASSED] - setText(findTestObject("Object Repository/Page_duy - FirstTeam Mattermost/textarea_Chat some (1)"), "Chat some "): Text 'Chat some ' is set on object 'Object Repository/Page_duy - FirstTeam Mattermost/textarea_Chat some (1)'

2019-12-22 00:55:48 - [MESSAGE][PASSED] - Text 'Chat some ' is set on object 'Object Repository/Page_duy - FirstTeam Mattermost/textarea_Chat some (1)'

2019-12-22 00:55:48 - [TEST_STEP][PASSED] - setText(findTestObject("Object Repository/Page_duy - FirstTeam Mattermost/textarea_Chat some_1"), "Chat some"): Text 'Chat some' is set on object 'Object Repository/Page_duy - FirstTeam Mattermost/textarea_Chat some_1'

2019-12-22 00:55:48 - [MESSAGE][PASSED] - Text 'Chat some' is set on object 'Object Repository/Page_duy - FirstTeam Mattermost/textarea_Chat some_1'

2019-12-22 00:55:48 - [TEST_STEP][PASSED] - setText(findTestObject("Object Repository/Page_duy - FirstTeam Mattermost/textarea_Chat some"), "Chat somet"): Text 'Chat somet' is set on object 'Object Repository/Page_duy - FirstTeam Mattermost/textarea_Chat some'

2019-12-22 00:55:49 - [MESSAGE][PASSED] - Text 'Chat somet' is set on object 'Object Repository/Page_duy - FirstTeam Mattermost/textarea_Chat some'

2019-12-22 00:55:49 - [TEST_STEP][PASSED] - setText(findTestObject("Object Repository/Page_duy - FirstTeam Mattermost/textarea_Chat somet"), "Chat someth"): Text 'Chat someth' is set on object 'Object Repository/Page_duy - FirstTeam Mattermost/textarea_Chat somet'

2019-12-22 00:55:49 - [MESSAGE][PASSED] - Text 'Chat someth' is set on object 'Object Repository/Page_duy - FirstTeam Mattermost/textarea_Chat somet'

2019-12-22 00:55:49 - [TEST_STEP][PASSED] - setText(findTestObject("Object Repository/Page_duy - FirstTeam Mattermost/textarea_Chat someth"), "Chat somethi"): Text 'Chat somethi' is set on object 'Object Repository/Page_duy - FirstTeam Mattermost/textarea_Chat someth'

2019-12-22 00:55:50 - [MESSAGE][PASSED] - Text 'Chat somethi' is set on object 'Object Repository/Page_duy - FirstTeam Mattermost/textarea_Chat someth'

2019-12-22 00:55:50 - [TEST_STEP][PASSED] - setText(findTestObject("Object Repository/Page_duy - FirstTeam Mattermost/textarea_Chat somethi"), "Chat somethin"): Text 'Chat somethin' is set on object 'Object Repository/Page_duy - FirstTeam Mattermost/textarea_Chat somethi'

2019-12-22 00:55:50 - [MESSAGE][PASSED] - Text 'Chat somethin' is set on object 'Object Repository/Page_duy - FirstTeam Mattermost/textarea_Chat somethi'

2019-12-22 00:55:50 - [TEST_STEP][PASSED] - setText(findTestObject("Object Repository/Page_duy - FirstTeam Mattermost/textarea_Chat somethin"), "Chat something"): Text 'Chat something' is set on object 'Object Repository/Page_duy - FirstTeam Mattermost/textarea_Chat somethin'

2019-12-22 00:55:51 - [MESSAGE][PASSED] - Text 'Chat something' is set on object 'Object Repository/Page_duy - FirstTeam Mattermost/textarea_Chat somethin'

2019-12-22 00:55:51 - [TEST_STEP][PASSED] - closeBrowser(): Browser is closed

2019-12-22 00:55:52 - [MESSAGE][PASSED] - Browser is closed]]></system-out>
         <system-err><![CDATA[]]></system-err>
      </testcase>
      <testcase name="Test Cases/TestCase08TeamSettingsAddMembersToTeam" time="17.209" classname="Test Cases/TestCase08TeamSettingsAddMembersToTeam" status="PASSED">
         <system-out><![CDATA[2019-12-22 00:55:52 - [TEST_CASE][PASSED] - Test Cases/TestCase08TeamSettingsAddMembersToTeam: Test Cases/TestCase08TeamSettingsAddMembersToTeam

2019-12-22 00:55:52 - [TEST_STEP][PASSED] - openBrowser(""): Browser is opened with url: ''

2019-12-22 00:55:52 - [MESSAGE][INFO] - Starting 'Firefox' driver

2019-12-22 00:55:54 - [MESSAGE][PASSED] - Browser is opened with url: ''

2019-12-22 00:55:54 - [TEST_STEP][PASSED] - navigateToUrl("https://cs300testautomatic.herokuapp.com/"): Navigate to 'https://cs300testautomatic.herokuapp.com/' successfully

2019-12-22 00:55:58 - [MESSAGE][PASSED] - Navigate to 'https://cs300testautomatic.herokuapp.com/' successfully

2019-12-22 00:55:58 - [TEST_STEP][PASSED] - setText(findTestObject("Page_Mattermost/input_All team communication in one place s_703ef5 (6)"), "giabeuu@gmail.com"): Text 'giabeuu@gmail.com' is set on object 'Object Repository/Page_Mattermost/input_All team communication in one place s_703ef5 (6)'

2019-12-22 00:56:01 - [MESSAGE][PASSED] - Text 'giabeuu@gmail.com' is set on object 'Object Repository/Page_Mattermost/input_All team communication in one place s_703ef5 (6)'

2019-12-22 00:56:01 - [TEST_STEP][PASSED] - setEncryptedText(findTestObject("Page_Mattermost/input_All team communication in one place s_2f2733 (6)"), "GoUae4B8Jrc="): Text ****** has been set on object 'Object Repository/Page_Mattermost/input_All team communication in one place s_2f2733 (6)'

2019-12-22 00:56:02 - [MESSAGE][PASSED] - Text ****** has been set on object 'Object Repository/Page_Mattermost/input_All team communication in one place s_2f2733 (6)'

2019-12-22 00:56:02 - [TEST_STEP][PASSED] - click(findTestObject("Page_Mattermost/span_Sign in (4)")): Object: 'Object Repository/Page_Mattermost/span_Sign in (4)' is clicked on

2019-12-22 00:56:03 - [MESSAGE][PASSED] - Object: 'Object Repository/Page_Mattermost/span_Sign in (4)' is clicked on

2019-12-22 00:56:03 - [TEST_STEP][PASSED] - click(findTestObject("Page_(1)  Town Square - FirstTeam Mattermost/button_giabeuu_style--none sidebar-header-d_0f4080 (1)")): Object: 'Object Repository/Page_(1)  Town Square - FirstTeam Mattermost/button_giabeuu_style--none sidebar-header-d_0f4080 (1)' is clicked on

2019-12-22 00:56:06 - [MESSAGE][PASSED] - Object: 'Object Repository/Page_(1)  Town Square - FirstTeam Mattermost/button_giabeuu_style--none sidebar-header-d_0f4080 (1)' is clicked on

2019-12-22 00:56:06 - [TEST_STEP][PASSED] - click(findTestObject("Object Repository/Page_(1)  Town Square - FirstTeam Mattermost/button_Add Members to Team")): Object: 'Object Repository/Page_(1)  Town Square - FirstTeam Mattermost/button_Add Members to Team' is clicked on

2019-12-22 00:56:07 - [MESSAGE][PASSED] - Object: 'Object Repository/Page_(1)  Town Square - FirstTeam Mattermost/button_Add Members to Team' is clicked on

2019-12-22 00:56:07 - [TEST_STEP][PASSED] - click(findTestObject("Object Repository/Page_(1)  Town Square - FirstTeam Mattermost/div_duy - Pham Duy (Due)")): Object: 'Object Repository/Page_(1)  Town Square - FirstTeam Mattermost/div_duy - Pham Duy (Due)' is clicked on

2019-12-22 00:56:07 - [MESSAGE][PASSED] - Object: 'Object Repository/Page_(1)  Town Square - FirstTeam Mattermost/div_duy - Pham Duy (Due)' is clicked on

2019-12-22 00:56:07 - [TEST_STEP][PASSED] - click(findTestObject("Object Repository/Page_(1)  Town Square - FirstTeam Mattermost/button_Add")): Object: 'Object Repository/Page_(1)  Town Square - FirstTeam Mattermost/button_Add' is clicked on

2019-12-22 00:56:08 - [MESSAGE][PASSED] - Object: 'Object Repository/Page_(1)  Town Square - FirstTeam Mattermost/button_Add' is clicked on

2019-12-22 00:56:08 - [TEST_STEP][PASSED] - closeBrowser(): Browser is closed

2019-12-22 00:56:09 - [MESSAGE][PASSED] - Browser is closed]]></system-out>
         <system-err><![CDATA[]]></system-err>
      </testcase>
      <testcase name="Test Cases/TestCase09TeamSettingsRemoveMembersFromTeam" time="21.413" classname="Test Cases/TestCase09TeamSettingsRemoveMembersFromTeam" status="PASSED">
         <system-out><![CDATA[2019-12-22 00:56:09 - [TEST_CASE][PASSED] - Test Cases/TestCase09TeamSettingsRemoveMembersFromTeam: Test Cases/TestCase09TeamSettingsRemoveMembersFromTeam

2019-12-22 00:56:09 - [TEST_STEP][PASSED] - openBrowser(""): Browser is opened with url: ''

2019-12-22 00:56:09 - [MESSAGE][INFO] - Starting 'Firefox' driver

2019-12-22 00:56:12 - [MESSAGE][PASSED] - Browser is opened with url: ''

2019-12-22 00:56:12 - [TEST_STEP][PASSED] - navigateToUrl("https://cs300testautomatic.herokuapp.com/"): Navigate to 'https://cs300testautomatic.herokuapp.com/' successfully

2019-12-22 00:56:17 - [MESSAGE][PASSED] - Navigate to 'https://cs300testautomatic.herokuapp.com/' successfully

2019-12-22 00:56:17 - [TEST_STEP][PASSED] - setText(findTestObject("Page_Mattermost/input_All team communication in one place s_703ef5 (5)"), "giabeuu@gmail.com"): Text 'giabeuu@gmail.com' is set on object 'Object Repository/Page_Mattermost/input_All team communication in one place s_703ef5 (5)'

2019-12-22 00:56:21 - [MESSAGE][PASSED] - Text 'giabeuu@gmail.com' is set on object 'Object Repository/Page_Mattermost/input_All team communication in one place s_703ef5 (5)'

2019-12-22 00:56:21 - [TEST_STEP][PASSED] - setEncryptedText(findTestObject("Page_Mattermost/input_All team communication in one place s_2f2733 (5)"), "GoUae4B8Jrc="): Text ****** has been set on object 'Object Repository/Page_Mattermost/input_All team communication in one place s_2f2733 (5)'

2019-12-22 00:56:22 - [MESSAGE][PASSED] - Text ****** has been set on object 'Object Repository/Page_Mattermost/input_All team communication in one place s_2f2733 (5)'

2019-12-22 00:56:22 - [TEST_STEP][PASSED] - click(findTestObject("Page_Mattermost/span_Sign in (3)")): Object: 'Object Repository/Page_Mattermost/span_Sign in (3)' is clicked on

2019-12-22 00:56:22 - [MESSAGE][PASSED] - Object: 'Object Repository/Page_Mattermost/span_Sign in (3)' is clicked on

2019-12-22 00:56:22 - [TEST_STEP][PASSED] - click(findTestObject("Object Repository/Page_(1)  Town Square - FirstTeam Mattermost/button_giabeuu_style--none sidebar-header-d_0f4080")): Object: 'Object Repository/Page_(1)  Town Square - FirstTeam Mattermost/button_giabeuu_style--none sidebar-header-d_0f4080' is clicked on

2019-12-22 00:56:25 - [MESSAGE][PASSED] - Object: 'Object Repository/Page_(1)  Town Square - FirstTeam Mattermost/button_giabeuu_style--none sidebar-header-d_0f4080' is clicked on

2019-12-22 00:56:25 - [TEST_STEP][PASSED] - click(findTestObject("Object Repository/Page_(1)  Town Square - FirstTeam Mattermost/button_Manage Members")): Object: 'Object Repository/Page_(1)  Town Square - FirstTeam Mattermost/button_Manage Members' is clicked on

2019-12-22 00:56:26 - [MESSAGE][PASSED] - Object: 'Object Repository/Page_(1)  Town Square - FirstTeam Mattermost/button_Manage Members' is clicked on

2019-12-22 00:56:26 - [TEST_STEP][PASSED] - click(findTestObject("Object Repository/Page_(1)  Town Square - FirstTeam Mattermost/div_duy - Pham Duy (Due)pbduyapcsvnSystem Admin")): Object: 'Object Repository/Page_(1)  Town Square - FirstTeam Mattermost/div_duy - Pham Duy (Due)pbduyapcsvnSystem Admin' is clicked on

2019-12-22 00:56:27 - [MESSAGE][PASSED] - Object: 'Object Repository/Page_(1)  Town Square - FirstTeam Mattermost/div_duy - Pham Duy (Due)pbduyapcsvnSystem Admin' is clicked on

2019-12-22 00:56:27 - [TEST_STEP][PASSED] - click(findTestObject("Object Repository/Page_(1)  Town Square - FirstTeam Mattermost/span_System Admin")): Object: 'Object Repository/Page_(1)  Town Square - FirstTeam Mattermost/span_System Admin' is clicked on

2019-12-22 00:56:28 - [MESSAGE][PASSED] - Object: 'Object Repository/Page_(1)  Town Square - FirstTeam Mattermost/span_System Admin' is clicked on

2019-12-22 00:56:28 - [TEST_STEP][PASSED] - click(findTestObject("Object Repository/Page_(1)  Town Square - FirstTeam Mattermost/button_Remove From Team")): Object: 'Object Repository/Page_(1)  Town Square - FirstTeam Mattermost/button_Remove From Team' is clicked on

2019-12-22 00:56:28 - [MESSAGE][PASSED] - Object: 'Object Repository/Page_(1)  Town Square - FirstTeam Mattermost/button_Remove From Team' is clicked on

2019-12-22 00:56:28 - [TEST_STEP][PASSED] - click(findTestObject("Object Repository/Page_(1)  Town Square - FirstTeam Mattermost/button_Close")): Object: 'Object Repository/Page_(1)  Town Square - FirstTeam Mattermost/button_Close' is clicked on

2019-12-22 00:56:29 - [MESSAGE][PASSED] - Object: 'Object Repository/Page_(1)  Town Square - FirstTeam Mattermost/button_Close' is clicked on

2019-12-22 00:56:29 - [TEST_STEP][PASSED] - closeBrowser(): Browser is closed

2019-12-22 00:56:30 - [MESSAGE][PASSED] - Browser is closed]]></system-out>
         <system-err><![CDATA[]]></system-err>
      </testcase>
      <testcase name="Test Cases/TestCase10TeamSettingsTeamName" time="20.268" classname="Test Cases/TestCase10TeamSettingsTeamName" status="PASSED">
         <system-out><![CDATA[2019-12-22 00:56:30 - [TEST_CASE][PASSED] - Test Cases/TestCase10TeamSettingsTeamName: Test Cases/TestCase10TeamSettingsTeamName

2019-12-22 00:56:30 - [TEST_STEP][PASSED] - callTestCase(findTestCase("TestCase01LoginSuccessfully"), [:], STOP_ON_FAILURE): Call Test Case 'Test Cases/TestCase01LoginSuccessfully' successfully

2019-12-22 00:56:30 - [TEST_CASE][PASSED] - Test Cases/TestCase01LoginSuccessfully: Test Cases/TestCase01LoginSuccessfully

2019-12-22 00:56:30 - [TEST_STEP][PASSED] - openBrowser(""): Browser is opened with url: ''

2019-12-22 00:56:30 - [MESSAGE][INFO] - Starting 'Firefox' driver

2019-12-22 00:56:33 - [MESSAGE][PASSED] - Browser is opened with url: ''

2019-12-22 00:56:33 - [TEST_STEP][PASSED] - navigateToUrl("https://cs300testautomatic.herokuapp.com/"): Navigate to 'https://cs300testautomatic.herokuapp.com/' successfully

2019-12-22 00:56:36 - [MESSAGE][PASSED] - Navigate to 'https://cs300testautomatic.herokuapp.com/' successfully

2019-12-22 00:56:36 - [TEST_STEP][PASSED] - setText(findTestObject("Page_Mattermost/input_All team communication in one place s_703ef5"), "giabeuu@gmail.com"): Text 'giabeuu@gmail.com' is set on object 'Object Repository/Page_Mattermost/input_All team communication in one place s_703ef5'

2019-12-22 00:56:40 - [MESSAGE][PASSED] - Text 'giabeuu@gmail.com' is set on object 'Object Repository/Page_Mattermost/input_All team communication in one place s_703ef5'

2019-12-22 00:56:40 - [TEST_STEP][PASSED] - setEncryptedText(findTestObject("Page_Mattermost/input_All team communication in one place s_2f2733"), "GoUae4B8Jrc="): Text ****** has been set on object 'Object Repository/Page_Mattermost/input_All team communication in one place s_2f2733'

2019-12-22 00:56:41 - [MESSAGE][PASSED] - Text ****** has been set on object 'Object Repository/Page_Mattermost/input_All team communication in one place s_2f2733'

2019-12-22 00:56:41 - [TEST_STEP][PASSED] - click(findTestObject("Page_Mattermost/span_Sign in")): Object: 'Object Repository/Page_Mattermost/span_Sign in' is clicked on

2019-12-22 00:56:41 - [MESSAGE][PASSED] - Object: 'Object Repository/Page_Mattermost/span_Sign in' is clicked on

2019-12-22 00:56:41 - [MESSAGE][PASSED] - Call Test Case 'Test Cases/TestCase01LoginSuccessfully' successfully

2019-12-22 00:56:41 - [TEST_STEP][PASSED] - click(findTestObject("Object Repository/Page_ Town Square - FirstTeam Mattermost/div_He")): Object: 'Object Repository/Page_ Town Square - FirstTeam Mattermost/div_He' is clicked on

2019-12-22 00:56:45 - [MESSAGE][PASSED] - Object: 'Object Repository/Page_ Town Square - FirstTeam Mattermost/div_He' is clicked on

2019-12-22 00:56:45 - [TEST_STEP][PASSED] - click(findTestObject("Object Repository/Page_ Town Square - Hello Mattermost/svg")): Object: 'Object Repository/Page_ Town Square - Hello Mattermost/svg' is clicked on

2019-12-22 00:56:46 - [MESSAGE][PASSED] - Object: 'Object Repository/Page_ Town Square - Hello Mattermost/svg' is clicked on

2019-12-22 00:56:46 - [TEST_STEP][PASSED] - click(findTestObject("Object Repository/Page_ Town Square - Hello Mattermost/button_Team Settings")): Object: 'Object Repository/Page_ Town Square - Hello Mattermost/button_Team Settings' is clicked on

2019-12-22 00:56:47 - [MESSAGE][PASSED] - Object: 'Object Repository/Page_ Town Square - Hello Mattermost/button_Team Settings' is clicked on

2019-12-22 00:56:47 - [TEST_STEP][PASSED] - click(findTestObject("Object Repository/Page_ Town Square - Hello Mattermost/button_Edit")): Object: 'Object Repository/Page_ Town Square - Hello Mattermost/button_Edit' is clicked on

2019-12-22 00:56:48 - [MESSAGE][PASSED] - Object: 'Object Repository/Page_ Town Square - Hello Mattermost/button_Edit' is clicked on

2019-12-22 00:56:48 - [TEST_STEP][PASSED] - setText(findTestObject("Object Repository/Page_ Town Square - Hello Mattermost/input_Team Name_teamName"), "SecondTeam"): Text 'SecondTeam' is set on object 'Object Repository/Page_ Town Square - Hello Mattermost/input_Team Name_teamName'

2019-12-22 00:56:48 - [MESSAGE][PASSED] - Text 'SecondTeam' is set on object 'Object Repository/Page_ Town Square - Hello Mattermost/input_Team Name_teamName'

2019-12-22 00:56:48 - [TEST_STEP][PASSED] - click(findTestObject("Object Repository/Page_ Town Square - Hello Mattermost/button_Save")): Object: 'Object Repository/Page_ Town Square - Hello Mattermost/button_Save' is clicked on

2019-12-22 00:56:49 - [MESSAGE][PASSED] - Object: 'Object Repository/Page_ Town Square - Hello Mattermost/button_Save' is clicked on

2019-12-22 00:56:49 - [TEST_STEP][PASSED] - click(findTestObject("Object Repository/Page_ Town Square - SecondTeam Mattermost/button_Close")): Object: 'Object Repository/Page_ Town Square - SecondTeam Mattermost/button_Close' is clicked on

2019-12-22 00:56:50 - [MESSAGE][PASSED] - Object: 'Object Repository/Page_ Town Square - SecondTeam Mattermost/button_Close' is clicked on

2019-12-22 00:56:50 - [TEST_STEP][PASSED] - closeBrowser(): Browser is closed

2019-12-22 00:56:50 - [MESSAGE][PASSED] - Browser is closed]]></system-out>
         <system-err><![CDATA[]]></system-err>
      </testcase>
      <testcase name="Test Cases/TestCase11AccountSettingsEditUsername" time="18.355" classname="Test Cases/TestCase11AccountSettingsEditUsername" status="PASSED">
         <system-out><![CDATA[2019-12-22 00:56:50 - [TEST_CASE][PASSED] - Test Cases/TestCase11AccountSettingsEditUsername: Test Cases/TestCase11AccountSettingsEditUsername

2019-12-22 00:56:51 - [TEST_STEP][PASSED] - callTestCase(findTestCase("TestCase01LoginSuccessfully"), [:], STOP_ON_FAILURE): Call Test Case 'Test Cases/TestCase01LoginSuccessfully' successfully

2019-12-22 00:56:51 - [TEST_CASE][PASSED] - Test Cases/TestCase01LoginSuccessfully: Test Cases/TestCase01LoginSuccessfully

2019-12-22 00:56:51 - [TEST_STEP][PASSED] - openBrowser(""): Browser is opened with url: ''

2019-12-22 00:56:51 - [MESSAGE][INFO] - Starting 'Firefox' driver

2019-12-22 00:56:53 - [MESSAGE][PASSED] - Browser is opened with url: ''

2019-12-22 00:56:53 - [TEST_STEP][PASSED] - navigateToUrl("https://cs300testautomatic.herokuapp.com/"): Navigate to 'https://cs300testautomatic.herokuapp.com/' successfully

2019-12-22 00:56:57 - [MESSAGE][PASSED] - Navigate to 'https://cs300testautomatic.herokuapp.com/' successfully

2019-12-22 00:56:57 - [TEST_STEP][PASSED] - setText(findTestObject("Page_Mattermost/input_All team communication in one place s_703ef5"), "giabeuu@gmail.com"): Text 'giabeuu@gmail.com' is set on object 'Object Repository/Page_Mattermost/input_All team communication in one place s_703ef5'

2019-12-22 00:57:01 - [MESSAGE][PASSED] - Text 'giabeuu@gmail.com' is set on object 'Object Repository/Page_Mattermost/input_All team communication in one place s_703ef5'

2019-12-22 00:57:01 - [TEST_STEP][PASSED] - setEncryptedText(findTestObject("Page_Mattermost/input_All team communication in one place s_2f2733"), "GoUae4B8Jrc="): Text ****** has been set on object 'Object Repository/Page_Mattermost/input_All team communication in one place s_2f2733'

2019-12-22 00:57:01 - [MESSAGE][PASSED] - Text ****** has been set on object 'Object Repository/Page_Mattermost/input_All team communication in one place s_2f2733'

2019-12-22 00:57:01 - [TEST_STEP][PASSED] - click(findTestObject("Page_Mattermost/span_Sign in")): Object: 'Object Repository/Page_Mattermost/span_Sign in' is clicked on

2019-12-22 00:57:02 - [MESSAGE][PASSED] - Object: 'Object Repository/Page_Mattermost/span_Sign in' is clicked on

2019-12-22 00:57:02 - [MESSAGE][PASSED] - Call Test Case 'Test Cases/TestCase01LoginSuccessfully' successfully

2019-12-22 00:57:02 - [TEST_STEP][PASSED] - click(findTestObject("Page_Town Square - FirstTeam Mattermost/button_gia_style--none sidebar-header-dropd_2c8852")): Object: 'Object Repository/Page_Town Square - FirstTeam Mattermost/button_gia_style--none sidebar-header-dropd_2c8852' is clicked on

2019-12-22 00:57:05 - [MESSAGE][PASSED] - Object: 'Object Repository/Page_Town Square - FirstTeam Mattermost/button_gia_style--none sidebar-header-dropd_2c8852' is clicked on

2019-12-22 00:57:05 - [TEST_STEP][PASSED] - click(findTestObject("Page_Town Square - FirstTeam Mattermost/button_Account Settings")): Object: 'Object Repository/Page_Town Square - FirstTeam Mattermost/button_Account Settings' is clicked on

2019-12-22 00:57:06 - [MESSAGE][PASSED] - Object: 'Object Repository/Page_Town Square - FirstTeam Mattermost/button_Account Settings' is clicked on

2019-12-22 00:57:06 - [TEST_STEP][PASSED] - click(findTestObject("Page_Town Square - FirstTeam Mattermost/button_General")): Object: 'Object Repository/Page_Town Square - FirstTeam Mattermost/button_General' is clicked on

2019-12-22 00:57:07 - [MESSAGE][PASSED] - Object: 'Object Repository/Page_Town Square - FirstTeam Mattermost/button_General' is clicked on

2019-12-22 00:57:07 - [TEST_STEP][PASSED] - click(findTestObject("Page_Town Square - FirstTeam Mattermost/button_Edit")): Object: 'Object Repository/Page_Town Square - FirstTeam Mattermost/button_Edit' is clicked on

2019-12-22 00:57:07 - [MESSAGE][PASSED] - Object: 'Object Repository/Page_Town Square - FirstTeam Mattermost/button_Edit' is clicked on

2019-12-22 00:57:07 - [TEST_STEP][PASSED] - setText(findTestObject("Object Repository/Page_Town Square - FirstTeam Mattermost/input_Username_username"), "giabeuu"): Text 'giabeuu' is set on object 'Object Repository/Page_Town Square - FirstTeam Mattermost/input_Username_username'

2019-12-22 00:57:08 - [MESSAGE][PASSED] - Text 'giabeuu' is set on object 'Object Repository/Page_Town Square - FirstTeam Mattermost/input_Username_username'

2019-12-22 00:57:08 - [TEST_STEP][PASSED] - click(findTestObject("Page_Town Square - FirstTeam Mattermost/button_Save")): Object: 'Object Repository/Page_Town Square - FirstTeam Mattermost/button_Save' is clicked on

2019-12-22 00:57:08 - [MESSAGE][PASSED] - Object: 'Object Repository/Page_Town Square - FirstTeam Mattermost/button_Save' is clicked on

2019-12-22 00:57:08 - [TEST_STEP][PASSED] - click(findTestObject("Page_Town Square - FirstTeam Mattermost/button_Close")): Object: 'Object Repository/Page_Town Square - FirstTeam Mattermost/button_Close' is clicked on

2019-12-22 00:57:09 - [MESSAGE][PASSED] - Object: 'Object Repository/Page_Town Square - FirstTeam Mattermost/button_Close' is clicked on]]></system-out>
         <system-err><![CDATA[]]></system-err>
      </testcase>
      <testcase name="Test Cases/TestCase12AccountSettingsEditUsername(illegal)" time="18.773" classname="Test Cases/TestCase12AccountSettingsEditUsername(illegal)" status="PASSED">
         <system-out><![CDATA[2019-12-22 00:57:09 - [TEST_CASE][PASSED] - Test Cases/TestCase12AccountSettingsEditUsername(illegal): Test Cases/TestCase12AccountSettingsEditUsername(illegal)

2019-12-22 00:57:09 - [TEST_STEP][PASSED] - callTestCase(findTestCase("TestCase01LoginSuccessfully"), [:], STOP_ON_FAILURE): Call Test Case 'Test Cases/TestCase01LoginSuccessfully' successfully

2019-12-22 00:57:09 - [TEST_CASE][PASSED] - Test Cases/TestCase01LoginSuccessfully: Test Cases/TestCase01LoginSuccessfully

2019-12-22 00:57:09 - [TEST_STEP][PASSED] - openBrowser(""): Browser is opened with url: ''

2019-12-22 00:57:09 - [MESSAGE][WARNING] - A browser is already opened. Closing browser and opening a new one

2019-12-22 00:57:10 - [MESSAGE][INFO] - Starting 'Firefox' driver

2019-12-22 00:57:13 - [MESSAGE][PASSED] - Browser is opened with url: ''

2019-12-22 00:57:13 - [TEST_STEP][PASSED] - navigateToUrl("https://cs300testautomatic.herokuapp.com/"): Navigate to 'https://cs300testautomatic.herokuapp.com/' successfully

2019-12-22 00:57:16 - [MESSAGE][PASSED] - Navigate to 'https://cs300testautomatic.herokuapp.com/' successfully

2019-12-22 00:57:16 - [TEST_STEP][PASSED] - setText(findTestObject("Page_Mattermost/input_All team communication in one place s_703ef5"), "giabeuu@gmail.com"): Text 'giabeuu@gmail.com' is set on object 'Object Repository/Page_Mattermost/input_All team communication in one place s_703ef5'

2019-12-22 00:57:20 - [MESSAGE][PASSED] - Text 'giabeuu@gmail.com' is set on object 'Object Repository/Page_Mattermost/input_All team communication in one place s_703ef5'

2019-12-22 00:57:20 - [TEST_STEP][PASSED] - setEncryptedText(findTestObject("Page_Mattermost/input_All team communication in one place s_2f2733"), "GoUae4B8Jrc="): Text ****** has been set on object 'Object Repository/Page_Mattermost/input_All team communication in one place s_2f2733'

2019-12-22 00:57:20 - [MESSAGE][PASSED] - Text ****** has been set on object 'Object Repository/Page_Mattermost/input_All team communication in one place s_2f2733'

2019-12-22 00:57:20 - [TEST_STEP][PASSED] - click(findTestObject("Page_Mattermost/span_Sign in")): Object: 'Object Repository/Page_Mattermost/span_Sign in' is clicked on

2019-12-22 00:57:21 - [MESSAGE][PASSED] - Object: 'Object Repository/Page_Mattermost/span_Sign in' is clicked on

2019-12-22 00:57:21 - [MESSAGE][PASSED] - Call Test Case 'Test Cases/TestCase01LoginSuccessfully' successfully

2019-12-22 00:57:21 - [TEST_STEP][PASSED] - click(findTestObject("Page_Town Square - FirstTeam Mattermost/button_gia_style--none sidebar-header-dropd_2c8852")): Object: 'Object Repository/Page_Town Square - FirstTeam Mattermost/button_gia_style--none sidebar-header-dropd_2c8852' is clicked on

2019-12-22 00:57:24 - [MESSAGE][PASSED] - Object: 'Object Repository/Page_Town Square - FirstTeam Mattermost/button_gia_style--none sidebar-header-dropd_2c8852' is clicked on

2019-12-22 00:57:24 - [TEST_STEP][PASSED] - click(findTestObject("Page_Town Square - FirstTeam Mattermost/button_Account Settings")): Object: 'Object Repository/Page_Town Square - FirstTeam Mattermost/button_Account Settings' is clicked on

2019-12-22 00:57:25 - [MESSAGE][PASSED] - Object: 'Object Repository/Page_Town Square - FirstTeam Mattermost/button_Account Settings' is clicked on

2019-12-22 00:57:25 - [TEST_STEP][PASSED] - click(findTestObject("Page_Town Square - FirstTeam Mattermost/button_General")): Object: 'Object Repository/Page_Town Square - FirstTeam Mattermost/button_General' is clicked on

2019-12-22 00:57:26 - [MESSAGE][PASSED] - Object: 'Object Repository/Page_Town Square - FirstTeam Mattermost/button_General' is clicked on

2019-12-22 00:57:26 - [TEST_STEP][PASSED] - click(findTestObject("Page_Town Square - FirstTeam Mattermost/button_Edit")): Object: 'Object Repository/Page_Town Square - FirstTeam Mattermost/button_Edit' is clicked on

2019-12-22 00:57:27 - [MESSAGE][PASSED] - Object: 'Object Repository/Page_Town Square - FirstTeam Mattermost/button_Edit' is clicked on

2019-12-22 00:57:27 - [TEST_STEP][PASSED] - setText(findTestObject("Object Repository/Page_Town Square - FirstTeam Mattermost/input_Username_username"), "-giabeuu"): Text '-giabeuu' is set on object 'Object Repository/Page_Town Square - FirstTeam Mattermost/input_Username_username'

2019-12-22 00:57:27 - [MESSAGE][PASSED] - Text '-giabeuu' is set on object 'Object Repository/Page_Town Square - FirstTeam Mattermost/input_Username_username'

2019-12-22 00:57:27 - [TEST_STEP][PASSED] - click(findTestObject("Page_Town Square - FirstTeam Mattermost/button_Save")): Object: 'Object Repository/Page_Town Square - FirstTeam Mattermost/button_Save' is clicked on

2019-12-22 00:57:28 - [MESSAGE][PASSED] - Object: 'Object Repository/Page_Town Square - FirstTeam Mattermost/button_Save' is clicked on]]></system-out>
         <system-err><![CDATA[]]></system-err>
      </testcase>
      <testcase name="Test Cases/TestCase13AccountSettingsFullName" time="19.291" classname="Test Cases/TestCase13AccountSettingsFullName" status="PASSED">
         <system-out><![CDATA[2019-12-22 00:57:28 - [TEST_CASE][PASSED] - Test Cases/TestCase13AccountSettingsFullName: Test Cases/TestCase13AccountSettingsFullName

2019-12-22 00:57:28 - [TEST_STEP][PASSED] - callTestCase(findTestCase("TestCase01LoginSuccessfully"), [:], STOP_ON_FAILURE): Call Test Case 'Test Cases/TestCase01LoginSuccessfully' successfully

2019-12-22 00:57:28 - [TEST_CASE][PASSED] - Test Cases/TestCase01LoginSuccessfully: Test Cases/TestCase01LoginSuccessfully

2019-12-22 00:57:28 - [TEST_STEP][PASSED] - openBrowser(""): Browser is opened with url: ''

2019-12-22 00:57:28 - [MESSAGE][WARNING] - A browser is already opened. Closing browser and opening a new one

2019-12-22 00:57:28 - [MESSAGE][INFO] - Starting 'Firefox' driver

2019-12-22 00:57:31 - [MESSAGE][PASSED] - Browser is opened with url: ''

2019-12-22 00:57:31 - [TEST_STEP][PASSED] - navigateToUrl("https://cs300testautomatic.herokuapp.com/"): Navigate to 'https://cs300testautomatic.herokuapp.com/' successfully

2019-12-22 00:57:34 - [MESSAGE][PASSED] - Navigate to 'https://cs300testautomatic.herokuapp.com/' successfully

2019-12-22 00:57:34 - [TEST_STEP][PASSED] - setText(findTestObject("Page_Mattermost/input_All team communication in one place s_703ef5"), "giabeuu@gmail.com"): Text 'giabeuu@gmail.com' is set on object 'Object Repository/Page_Mattermost/input_All team communication in one place s_703ef5'

2019-12-22 00:57:38 - [MESSAGE][PASSED] - Text 'giabeuu@gmail.com' is set on object 'Object Repository/Page_Mattermost/input_All team communication in one place s_703ef5'

2019-12-22 00:57:38 - [TEST_STEP][PASSED] - setEncryptedText(findTestObject("Page_Mattermost/input_All team communication in one place s_2f2733"), "GoUae4B8Jrc="): Text ****** has been set on object 'Object Repository/Page_Mattermost/input_All team communication in one place s_2f2733'

2019-12-22 00:57:39 - [MESSAGE][PASSED] - Text ****** has been set on object 'Object Repository/Page_Mattermost/input_All team communication in one place s_2f2733'

2019-12-22 00:57:39 - [TEST_STEP][PASSED] - click(findTestObject("Page_Mattermost/span_Sign in")): Object: 'Object Repository/Page_Mattermost/span_Sign in' is clicked on

2019-12-22 00:57:40 - [MESSAGE][PASSED] - Object: 'Object Repository/Page_Mattermost/span_Sign in' is clicked on

2019-12-22 00:57:40 - [MESSAGE][PASSED] - Call Test Case 'Test Cases/TestCase01LoginSuccessfully' successfully

2019-12-22 00:57:40 - [TEST_STEP][PASSED] - click(findTestObject("Object Repository/Page_ Town Square - MyTeam Mattermost/svg")): Object: 'Object Repository/Page_ Town Square - MyTeam Mattermost/svg' is clicked on

2019-12-22 00:57:43 - [MESSAGE][PASSED] - Object: 'Object Repository/Page_ Town Square - MyTeam Mattermost/svg' is clicked on

2019-12-22 00:57:43 - [TEST_STEP][PASSED] - click(findTestObject("Object Repository/Page_ Town Square - MyTeam Mattermost/button_Account Settings")): Object: 'Object Repository/Page_ Town Square - MyTeam Mattermost/button_Account Settings' is clicked on

2019-12-22 00:57:44 - [MESSAGE][PASSED] - Object: 'Object Repository/Page_ Town Square - MyTeam Mattermost/button_Account Settings' is clicked on

2019-12-22 00:57:44 - [TEST_STEP][PASSED] - click(findTestObject("Object Repository/Page_ Town Square - MyTeam Mattermost/span_Edit")): Object: 'Object Repository/Page_ Town Square - MyTeam Mattermost/span_Edit' is clicked on

2019-12-22 00:57:45 - [MESSAGE][PASSED] - Object: 'Object Repository/Page_ Town Square - MyTeam Mattermost/span_Edit' is clicked on

2019-12-22 00:57:45 - [TEST_STEP][PASSED] - setText(findTestObject("Object Repository/Page_ Town Square - MyTeam Mattermost/input_First Name_firstName"), "Nguyen"): Text 'Nguyen' is set on object 'Object Repository/Page_ Town Square - MyTeam Mattermost/input_First Name_firstName'

2019-12-22 00:57:45 - [MESSAGE][PASSED] - Text 'Nguyen' is set on object 'Object Repository/Page_ Town Square - MyTeam Mattermost/input_First Name_firstName'

2019-12-22 00:57:45 - [TEST_STEP][PASSED] - setText(findTestObject("Object Repository/Page_ Town Square - MyTeam Mattermost/input_Last Name_lastName"), "Gia"): Text 'Gia' is set on object 'Object Repository/Page_ Town Square - MyTeam Mattermost/input_Last Name_lastName'

2019-12-22 00:57:45 - [MESSAGE][PASSED] - Text 'Gia' is set on object 'Object Repository/Page_ Town Square - MyTeam Mattermost/input_Last Name_lastName'

2019-12-22 00:57:45 - [TEST_STEP][PASSED] - click(findTestObject("Object Repository/Page_ Town Square - MyTeam Mattermost/span_Save")): Object: 'Object Repository/Page_ Town Square - MyTeam Mattermost/span_Save' is clicked on

2019-12-22 00:57:46 - [MESSAGE][PASSED] - Object: 'Object Repository/Page_ Town Square - MyTeam Mattermost/span_Save' is clicked on

2019-12-22 00:57:46 - [TEST_STEP][PASSED] - closeBrowser(): Browser is closed

2019-12-22 00:57:47 - [MESSAGE][PASSED] - Browser is closed]]></system-out>
         <system-err><![CDATA[]]></system-err>
      </testcase>
      <testcase name="Test Cases/TestCase14AccountSettingsNickname" time="20.757" classname="Test Cases/TestCase14AccountSettingsNickname" status="PASSED">
         <system-out><![CDATA[2019-12-22 00:57:47 - [TEST_CASE][PASSED] - Test Cases/TestCase14AccountSettingsNickname: Test Cases/TestCase14AccountSettingsNickname

2019-12-22 00:57:47 - [TEST_STEP][PASSED] - callTestCase(findTestCase("TestCase01LoginSuccessfully"), [:], STOP_ON_FAILURE): Call Test Case 'Test Cases/TestCase01LoginSuccessfully' successfully

2019-12-22 00:57:47 - [TEST_CASE][PASSED] - Test Cases/TestCase01LoginSuccessfully: Test Cases/TestCase01LoginSuccessfully

2019-12-22 00:57:47 - [TEST_STEP][PASSED] - openBrowser(""): Browser is opened with url: ''

2019-12-22 00:57:47 - [MESSAGE][INFO] - Starting 'Firefox' driver

2019-12-22 00:57:50 - [MESSAGE][PASSED] - Browser is opened with url: ''

2019-12-22 00:57:50 - [TEST_STEP][PASSED] - navigateToUrl("https://cs300testautomatic.herokuapp.com/"): Navigate to 'https://cs300testautomatic.herokuapp.com/' successfully

2019-12-22 00:57:53 - [MESSAGE][PASSED] - Navigate to 'https://cs300testautomatic.herokuapp.com/' successfully

2019-12-22 00:57:53 - [TEST_STEP][PASSED] - setText(findTestObject("Page_Mattermost/input_All team communication in one place s_703ef5"), "giabeuu@gmail.com"): Text 'giabeuu@gmail.com' is set on object 'Object Repository/Page_Mattermost/input_All team communication in one place s_703ef5'

2019-12-22 00:57:59 - [MESSAGE][PASSED] - Text 'giabeuu@gmail.com' is set on object 'Object Repository/Page_Mattermost/input_All team communication in one place s_703ef5'

2019-12-22 00:57:59 - [TEST_STEP][PASSED] - setEncryptedText(findTestObject("Page_Mattermost/input_All team communication in one place s_2f2733"), "GoUae4B8Jrc="): Text ****** has been set on object 'Object Repository/Page_Mattermost/input_All team communication in one place s_2f2733'

2019-12-22 00:57:59 - [MESSAGE][PASSED] - Text ****** has been set on object 'Object Repository/Page_Mattermost/input_All team communication in one place s_2f2733'

2019-12-22 00:57:59 - [TEST_STEP][PASSED] - click(findTestObject("Page_Mattermost/span_Sign in")): Object: 'Object Repository/Page_Mattermost/span_Sign in' is clicked on

2019-12-22 00:58:00 - [MESSAGE][PASSED] - Object: 'Object Repository/Page_Mattermost/span_Sign in' is clicked on

2019-12-22 00:58:00 - [MESSAGE][PASSED] - Call Test Case 'Test Cases/TestCase01LoginSuccessfully' successfully

2019-12-22 00:58:00 - [TEST_STEP][PASSED] - click(findTestObject("Object Repository/Page_ Town Square - FirstTeam Mattermost/span")): Object: 'Object Repository/Page_ Town Square - FirstTeam Mattermost/span' is clicked on

2019-12-22 00:58:03 - [MESSAGE][PASSED] - Object: 'Object Repository/Page_ Town Square - FirstTeam Mattermost/span' is clicked on

2019-12-22 00:58:03 - [TEST_STEP][PASSED] - click(findTestObject("Object Repository/Page_ Town Square - FirstTeam Mattermost/button_Account Settings")): Object: 'Object Repository/Page_ Town Square - FirstTeam Mattermost/button_Account Settings' is clicked on

2019-12-22 00:58:04 - [MESSAGE][PASSED] - Object: 'Object Repository/Page_ Town Square - FirstTeam Mattermost/button_Account Settings' is clicked on

2019-12-22 00:58:04 - [TEST_STEP][PASSED] - click(findTestObject("Object Repository/Page_ Town Square - FirstTeam Mattermost/button_Edit")): Object: 'Object Repository/Page_ Town Square - FirstTeam Mattermost/button_Edit' is clicked on

2019-12-22 00:58:05 - [MESSAGE][PASSED] - Object: 'Object Repository/Page_ Town Square - FirstTeam Mattermost/button_Edit' is clicked on

2019-12-22 00:58:05 - [TEST_STEP][PASSED] - setText(findTestObject("Object Repository/Page_ Town Square - FirstTeam Mattermost/input_Nickname_nickname"), "GiaGia"): Text 'GiaGia' is set on object 'Object Repository/Page_ Town Square - FirstTeam Mattermost/input_Nickname_nickname'

2019-12-22 00:58:06 - [MESSAGE][PASSED] - Text 'GiaGia' is set on object 'Object Repository/Page_ Town Square - FirstTeam Mattermost/input_Nickname_nickname'

2019-12-22 00:58:06 - [TEST_STEP][PASSED] - click(findTestObject("Object Repository/Page_ Town Square - FirstTeam Mattermost/button_Save")): Object: 'Object Repository/Page_ Town Square - FirstTeam Mattermost/button_Save' is clicked on

2019-12-22 00:58:06 - [MESSAGE][PASSED] - Object: 'Object Repository/Page_ Town Square - FirstTeam Mattermost/button_Save' is clicked on

2019-12-22 00:58:06 - [TEST_STEP][PASSED] - click(findTestObject("Object Repository/Page_ Town Square - FirstTeam Mattermost/button_Close")): Object: 'Object Repository/Page_ Town Square - FirstTeam Mattermost/button_Close' is clicked on

2019-12-22 00:58:07 - [MESSAGE][PASSED] - Object: 'Object Repository/Page_ Town Square - FirstTeam Mattermost/button_Close' is clicked on

2019-12-22 00:58:07 - [TEST_STEP][PASSED] - closeBrowser(): Browser is closed

2019-12-22 00:58:08 - [MESSAGE][PASSED] - Browser is closed]]></system-out>
         <system-err><![CDATA[]]></system-err>
      </testcase>
      <testcase name="Test Cases/TestCase15GetInviteLink" time="44.543" classname="Test Cases/TestCase15GetInviteLink" status="FAILED">
         <failure type="FAILED" message="Test Cases/TestCase15GetInviteLink FAILED.
Reason:
com.kms.katalon.core.exception.StepFailedException: Unable to click on object 'Object Repository/Page_ Town Square - FirstTeam Mattermost/div_Fi'
	at com.kms.katalon.core.webui.keyword.internal.WebUIKeywordMain.stepFailed(WebUIKeywordMain.groovy:64)
	at com.kms.katalon.core.webui.keyword.internal.WebUIKeywordMain.runKeyword(WebUIKeywordMain.groovy:26)
	at com.kms.katalon.core.webui.keyword.builtin.ClickKeyword.click(ClickKeyword.groovy:102)
	at com.kms.katalon.core.webui.keyword.builtin.ClickKeyword.execute(ClickKeyword.groovy:43)
	at com.kms.katalon.core.keyword.internal.KeywordExecutor.executeKeywordForPlatform(KeywordExecutor.groovy:72)
	at com.kms.katalon.core.webui.keyword.WebUiBuiltInKeywords.click(WebUiBuiltInKeywords.groovy:616)
	at com.kms.katalon.core.webui.keyword.WebUiBuiltInKeywords$click$3.call(Unknown Source)
	at TestCase15GetInviteLink.run(TestCase15GetInviteLink:29)
	at com.kms.katalon.core.main.ScriptEngine.run(ScriptEngine.java:194)
	at com.kms.katalon.core.main.ScriptEngine.runScriptAsRawText(ScriptEngine.java:119)
	at com.kms.katalon.core.main.TestCaseExecutor.runScript(TestCaseExecutor.java:337)
	at com.kms.katalon.core.main.TestCaseExecutor.doExecute(TestCaseExecutor.java:328)
	at com.kms.katalon.core.main.TestCaseExecutor.processExecutionPhase(TestCaseExecutor.java:307)
	at com.kms.katalon.core.main.TestCaseExecutor.accessMainPhase(TestCaseExecutor.java:299)
	at com.kms.katalon.core.main.TestCaseExecutor.execute(TestCaseExecutor.java:233)
	at com.kms.katalon.core.main.TestSuiteExecutor.accessTestCaseMainPhase(TestSuiteExecutor.java:169)
	at com.kms.katalon.core.main.TestSuiteExecutor.accessTestSuiteMainPhase(TestSuiteExecutor.java:142)
	at com.kms.katalon.core.main.TestSuiteExecutor.execute(TestSuiteExecutor.java:91)
	at com.kms.katalon.core.main.TestCaseMain.startTestSuite(TestCaseMain.java:157)
	at com.kms.katalon.core.main.TestCaseMain$startTestSuite$0.call(Unknown Source)
	at TempTestSuite1576950821278.run(TempTestSuite1576950821278.groovy:36)
Caused by: com.kms.katalon.core.webui.exception.WebElementNotFoundException: Web element with id: 'Object Repository/Page_ Town Square - FirstTeam Mattermost/div_Fi' located by 'By.xpath: //a[@id='firstteamTeamButton']/div/div/div' not found
	at com.kms.katalon.core.webui.common.WebUiCommonHelper.findWebElement(WebUiCommonHelper.java:1154)
	at com.kms.katalon.core.webui.keyword.internal.WebUIAbstractKeyword.findWebElement(WebUIAbstractKeyword.groovy:27)
	at com.kms.katalon.core.webui.keyword.internal.WebUIAbstractKeyword.findWebElement(WebUIAbstractKeyword.groovy:26)
	at com.kms.katalon.core.webui.keyword.builtin.ClickKeyword$_click_closure1.doCall(ClickKeyword.groovy:67)
	at com.kms.katalon.core.webui.keyword.builtin.ClickKeyword$_click_closure1.call(ClickKeyword.groovy)
	at com.kms.katalon.core.webui.keyword.internal.WebUIKeywordMain.runKeyword(WebUIKeywordMain.groovy:20)
	... 19 more
"/>
         <system-out><![CDATA[2019-12-22 00:58:08 - [TEST_CASE][FAILED] - Test Cases/TestCase15GetInviteLink: Test Cases/TestCase15GetInviteLink FAILED.
Reason:
com.kms.katalon.core.exception.StepFailedException: Unable to click on object 'Object Repository/Page_ Town Square - FirstTeam Mattermost/div_Fi'
	at com.kms.katalon.core.webui.keyword.internal.WebUIKeywordMain.stepFailed(WebUIKeywordMain.groovy:64)
	at com.kms.katalon.core.webui.keyword.internal.WebUIKeywordMain.runKeyword(WebUIKeywordMain.groovy:26)
	at com.kms.katalon.core.webui.keyword.builtin.ClickKeyword.click(ClickKeyword.groovy:102)
	at com.kms.katalon.core.webui.keyword.builtin.ClickKeyword.execute(ClickKeyword.groovy:43)
	at com.kms.katalon.core.keyword.internal.KeywordExecutor.executeKeywordForPlatform(KeywordExecutor.groovy:72)
	at com.kms.katalon.core.webui.keyword.WebUiBuiltInKeywords.click(WebUiBuiltInKeywords.groovy:616)
	at com.kms.katalon.core.webui.keyword.WebUiBuiltInKeywords$click$3.call(Unknown Source)
	at TestCase15GetInviteLink.run(TestCase15GetInviteLink:29)
	at com.kms.katalon.core.main.ScriptEngine.run(ScriptEngine.java:194)
	at com.kms.katalon.core.main.ScriptEngine.runScriptAsRawText(ScriptEngine.java:119)
	at com.kms.katalon.core.main.TestCaseExecutor.runScript(TestCaseExecutor.java:337)
	at com.kms.katalon.core.main.TestCaseExecutor.doExecute(TestCaseExecutor.java:328)
	at com.kms.katalon.core.main.TestCaseExecutor.processExecutionPhase(TestCaseExecutor.java:307)
	at com.kms.katalon.core.main.TestCaseExecutor.accessMainPhase(TestCaseExecutor.java:299)
	at com.kms.katalon.core.main.TestCaseExecutor.execute(TestCaseExecutor.java:233)
	at com.kms.katalon.core.main.TestSuiteExecutor.accessTestCaseMainPhase(TestSuiteExecutor.java:169)
	at com.kms.katalon.core.main.TestSuiteExecutor.accessTestSuiteMainPhase(TestSuiteExecutor.java:142)
	at com.kms.katalon.core.main.TestSuiteExecutor.execute(TestSuiteExecutor.java:91)
	at com.kms.katalon.core.main.TestCaseMain.startTestSuite(TestCaseMain.java:157)
	at com.kms.katalon.core.main.TestCaseMain$startTestSuite$0.call(Unknown Source)
	at TempTestSuite1576950821278.run(TempTestSuite1576950821278.groovy:36)
Caused by: com.kms.katalon.core.webui.exception.WebElementNotFoundException: Web element with id: 'Object Repository/Page_ Town Square - FirstTeam Mattermost/div_Fi' located by 'By.xpath: //a[@id='firstteamTeamButton']/div/div/div' not found
	at com.kms.katalon.core.webui.common.WebUiCommonHelper.findWebElement(WebUiCommonHelper.java:1154)
	at com.kms.katalon.core.webui.keyword.internal.WebUIAbstractKeyword.findWebElement(WebUIAbstractKeyword.groovy:27)
	at com.kms.katalon.core.webui.keyword.internal.WebUIAbstractKeyword.findWebElement(WebUIAbstractKeyword.groovy:26)
	at com.kms.katalon.core.webui.keyword.builtin.ClickKeyword$_click_closure1.doCall(ClickKeyword.groovy:67)
	at com.kms.katalon.core.webui.keyword.builtin.ClickKeyword$_click_closure1.call(ClickKeyword.groovy)
	at com.kms.katalon.core.webui.keyword.internal.WebUIKeywordMain.runKeyword(WebUIKeywordMain.groovy:20)
	... 19 more


2019-12-22 00:58:08 - [TEST_STEP][PASSED] - openBrowser(""): Browser is opened with url: ''

2019-12-22 00:58:08 - [MESSAGE][INFO] - Starting 'Firefox' driver

2019-12-22 00:58:11 - [MESSAGE][PASSED] - Browser is opened with url: ''

2019-12-22 00:58:11 - [TEST_STEP][PASSED] - navigateToUrl("https://cs300testautomatic.herokuapp.com/"): Navigate to 'https://cs300testautomatic.herokuapp.com/' successfully

2019-12-22 00:58:14 - [MESSAGE][PASSED] - Navigate to 'https://cs300testautomatic.herokuapp.com/' successfully

2019-12-22 00:58:14 - [TEST_STEP][PASSED] - setText(findTestObject("Page_Mattermost/input_All team communication in one place s_703ef5"), "giabeuu@gmail.com"): Text 'giabeuu@gmail.com' is set on object 'Object Repository/Page_Mattermost/input_All team communication in one place s_703ef5'

2019-12-22 00:58:19 - [MESSAGE][PASSED] - Text 'giabeuu@gmail.com' is set on object 'Object Repository/Page_Mattermost/input_All team communication in one place s_703ef5'

2019-12-22 00:58:19 - [TEST_STEP][PASSED] - setEncryptedText(findTestObject("Page_Mattermost/input_All team communication in one place s_2f2733"), "GoUae4B8Jrc="): Text ****** has been set on object 'Object Repository/Page_Mattermost/input_All team communication in one place s_2f2733'

2019-12-22 00:58:20 - [MESSAGE][PASSED] - Text ****** has been set on object 'Object Repository/Page_Mattermost/input_All team communication in one place s_2f2733'

2019-12-22 00:58:20 - [TEST_STEP][PASSED] - sendKeys(findTestObject("Page_Mattermost/input_All team communication in one place s_2f2733"), Keys.chord(ENTER)): Keys 'ENTER + ' sent to object: 'Object Repository/Page_Mattermost/input_All team communication in one place s_2f2733'

2019-12-22 00:58:20 - [MESSAGE][PASSED] - Keys 'ENTER + ' sent to object: 'Object Repository/Page_Mattermost/input_All team communication in one place s_2f2733'

2019-12-22 00:58:20 - [TEST_STEP][FAILED] - click(findTestObject("Object Repository/Page_ Town Square - FirstTeam Mattermost/div_Fi")): Unable to click on object 'Object Repository/Page_ Town Square - FirstTeam Mattermost/div_Fi' (Root cause: com.kms.katalon.core.exception.StepFailedException: Unable to click on object 'Object Repository/Page_ Town Square - FirstTeam Mattermost/div_Fi'
	at com.kms.katalon.core.webui.keyword.internal.WebUIKeywordMain.stepFailed(WebUIKeywordMain.groovy:64)
	at com.kms.katalon.core.webui.keyword.internal.WebUIKeywordMain.runKeyword(WebUIKeywordMain.groovy:26)
	at com.kms.katalon.core.webui.keyword.builtin.ClickKeyword.click(ClickKeyword.groovy:102)
	at com.kms.katalon.core.webui.keyword.builtin.ClickKeyword.execute(ClickKeyword.groovy:43)
	at com.kms.katalon.core.keyword.internal.KeywordExecutor.executeKeywordForPlatform(KeywordExecutor.groovy:72)
	at com.kms.katalon.core.webui.keyword.WebUiBuiltInKeywords.click(WebUiBuiltInKeywords.groovy:616)
	at com.kms.katalon.core.webui.keyword.WebUiBuiltInKeywords$click$3.call(Unknown Source)
	at TestCase15GetInviteLink.run(TestCase15GetInviteLink:29)
	at com.kms.katalon.core.main.ScriptEngine.run(ScriptEngine.java:194)
	at com.kms.katalon.core.main.ScriptEngine.runScriptAsRawText(ScriptEngine.java:119)
	at com.kms.katalon.core.main.TestCaseExecutor.runScript(TestCaseExecutor.java:337)
	at com.kms.katalon.core.main.TestCaseExecutor.doExecute(TestCaseExecutor.java:328)
	at com.kms.katalon.core.main.TestCaseExecutor.processExecutionPhase(TestCaseExecutor.java:307)
	at com.kms.katalon.core.main.TestCaseExecutor.accessMainPhase(TestCaseExecutor.java:299)
	at com.kms.katalon.core.main.TestCaseExecutor.execute(TestCaseExecutor.java:233)
	at com.kms.katalon.core.main.TestSuiteExecutor.accessTestCaseMainPhase(TestSuiteExecutor.java:169)
	at com.kms.katalon.core.main.TestSuiteExecutor.accessTestSuiteMainPhase(TestSuiteExecutor.java:142)
	at com.kms.katalon.core.main.TestSuiteExecutor.execute(TestSuiteExecutor.java:91)
	at com.kms.katalon.core.main.TestCaseMain.startTestSuite(TestCaseMain.java:157)
	at com.kms.katalon.core.main.TestCaseMain$startTestSuite$0.call(Unknown Source)
	at TempTestSuite1576950821278.run(TempTestSuite1576950821278.groovy:36)
Caused by: com.kms.katalon.core.webui.exception.WebElementNotFoundException: Web element with id: 'Object Repository/Page_ Town Square - FirstTeam Mattermost/div_Fi' located by 'By.xpath: //a[@id='firstteamTeamButton']/div/div/div' not found
	at com.kms.katalon.core.webui.common.WebUiCommonHelper.findWebElement(WebUiCommonHelper.java:1154)
	at com.kms.katalon.core.webui.keyword.internal.WebUIAbstractKeyword.findWebElement(WebUIAbstractKeyword.groovy:27)
	at com.kms.katalon.core.webui.keyword.internal.WebUIAbstractKeyword.findWebElement(WebUIAbstractKeyword.groovy:26)
	at com.kms.katalon.core.webui.keyword.builtin.ClickKeyword$_click_closure1.doCall(ClickKeyword.groovy:67)
	at com.kms.katalon.core.webui.keyword.builtin.ClickKeyword$_click_closure1.call(ClickKeyword.groovy)
	at com.kms.katalon.core.webui.keyword.internal.WebUIKeywordMain.runKeyword(WebUIKeywordMain.groovy:20)
	at com.kms.katalon.core.webui.keyword.builtin.ClickKeyword.click(ClickKeyword.groovy:102)
	at com.kms.katalon.core.webui.keyword.builtin.ClickKeyword.execute(ClickKeyword.groovy:43)
	at com.kms.katalon.core.keyword.internal.KeywordExecutor.executeKeywordForPlatform(KeywordExecutor.groovy:72)
	at com.kms.katalon.core.webui.keyword.WebUiBuiltInKeywords.click(WebUiBuiltInKeywords.groovy:616)
	at com.kms.katalon.core.webui.keyword.WebUiBuiltInKeywords$click$3.call(Unknown Source)
	at Script1576842196476.run(Script1576842196476.groovy:29)
	... 13 more
)

2019-12-22 00:58:52 - [MESSAGE][INFO] - Unable to find the element located by 'By.xpath: //a[@id='firstteamTeamButton']/div/div/div'. Please recheck the objects properties to make sure the desired element is located. 

2019-12-22 00:58:52 - [MESSAGE][FAILED] - Unable to click on object 'Object Repository/Page_ Town Square - FirstTeam Mattermost/div_Fi' (Root cause: com.kms.katalon.core.exception.StepFailedException: Unable to click on object 'Object Repository/Page_ Town Square - FirstTeam Mattermost/div_Fi'
	at com.kms.katalon.core.webui.keyword.internal.WebUIKeywordMain.stepFailed(WebUIKeywordMain.groovy:64)
	at com.kms.katalon.core.webui.keyword.internal.WebUIKeywordMain.runKeyword(WebUIKeywordMain.groovy:26)
	at com.kms.katalon.core.webui.keyword.builtin.ClickKeyword.click(ClickKeyword.groovy:102)
	at com.kms.katalon.core.webui.keyword.builtin.ClickKeyword.execute(ClickKeyword.groovy:43)
	at com.kms.katalon.core.keyword.internal.KeywordExecutor.executeKeywordForPlatform(KeywordExecutor.groovy:72)
	at com.kms.katalon.core.webui.keyword.WebUiBuiltInKeywords.click(WebUiBuiltInKeywords.groovy:616)
	at com.kms.katalon.core.webui.keyword.WebUiBuiltInKeywords$click$3.call(Unknown Source)
	at TestCase15GetInviteLink.run(TestCase15GetInviteLink:29)
	at com.kms.katalon.core.main.ScriptEngine.run(ScriptEngine.java:194)
	at com.kms.katalon.core.main.ScriptEngine.runScriptAsRawText(ScriptEngine.java:119)
	at com.kms.katalon.core.main.TestCaseExecutor.runScript(TestCaseExecutor.java:337)
	at com.kms.katalon.core.main.TestCaseExecutor.doExecute(TestCaseExecutor.java:328)
	at com.kms.katalon.core.main.TestCaseExecutor.processExecutionPhase(TestCaseExecutor.java:307)
	at com.kms.katalon.core.main.TestCaseExecutor.accessMainPhase(TestCaseExecutor.java:299)
	at com.kms.katalon.core.main.TestCaseExecutor.execute(TestCaseExecutor.java:233)
	at com.kms.katalon.core.main.TestSuiteExecutor.accessTestCaseMainPhase(TestSuiteExecutor.java:169)
	at com.kms.katalon.core.main.TestSuiteExecutor.accessTestSuiteMainPhase(TestSuiteExecutor.java:142)
	at com.kms.katalon.core.main.TestSuiteExecutor.execute(TestSuiteExecutor.java:91)
	at com.kms.katalon.core.main.TestCaseMain.startTestSuite(TestCaseMain.java:157)
	at com.kms.katalon.core.main.TestCaseMain$startTestSuite$0.call(Unknown Source)
	at TempTestSuite1576950821278.run(TempTestSuite1576950821278.groovy:36)
Caused by: com.kms.katalon.core.webui.exception.WebElementNotFoundException: Web element with id: 'Object Repository/Page_ Town Square - FirstTeam Mattermost/div_Fi' located by 'By.xpath: //a[@id='firstteamTeamButton']/div/div/div' not found
	at com.kms.katalon.core.webui.common.WebUiCommonHelper.findWebElement(WebUiCommonHelper.java:1154)
	at com.kms.katalon.core.webui.keyword.internal.WebUIAbstractKeyword.findWebElement(WebUIAbstractKeyword.groovy:27)
	at com.kms.katalon.core.webui.keyword.internal.WebUIAbstractKeyword.findWebElement(WebUIAbstractKeyword.groovy:26)
	at com.kms.katalon.core.webui.keyword.builtin.ClickKeyword$_click_closure1.doCall(ClickKeyword.groovy:67)
	at com.kms.katalon.core.webui.keyword.builtin.ClickKeyword$_click_closure1.call(ClickKeyword.groovy)
	at com.kms.katalon.core.webui.keyword.internal.WebUIKeywordMain.runKeyword(WebUIKeywordMain.groovy:20)
	at com.kms.katalon.core.webui.keyword.builtin.ClickKeyword.click(ClickKeyword.groovy:102)
	at com.kms.katalon.core.webui.keyword.builtin.ClickKeyword.execute(ClickKeyword.groovy:43)
	at com.kms.katalon.core.keyword.internal.KeywordExecutor.executeKeywordForPlatform(KeywordExecutor.groovy:72)
	at com.kms.katalon.core.webui.keyword.WebUiBuiltInKeywords.click(WebUiBuiltInKeywords.groovy:616)
	at com.kms.katalon.core.webui.keyword.WebUiBuiltInKeywords$click$3.call(Unknown Source)
	at Script1576842196476.run(Script1576842196476.groovy:29)
	... 13 more
)
[[ATTACHMENT|C:\\Users\\Gia Nguyen\\Desktop\\CS300AutomaticWebTesting\\Reports\\20191222_005341\\Run All Test Cases\\20191222_005341\\1576951132628.png]]]]></system-out>
         <system-err><![CDATA[2019-12-22 00:58:08 - [TEST_CASE][FAILED] - Test Cases/TestCase15GetInviteLink: Test Cases/TestCase15GetInviteLink FAILED.
Reason:
com.kms.katalon.core.exception.StepFailedException: Unable to click on object 'Object Repository/Page_ Town Square - FirstTeam Mattermost/div_Fi'
	at com.kms.katalon.core.webui.keyword.internal.WebUIKeywordMain.stepFailed(WebUIKeywordMain.groovy:64)
	at com.kms.katalon.core.webui.keyword.internal.WebUIKeywordMain.runKeyword(WebUIKeywordMain.groovy:26)
	at com.kms.katalon.core.webui.keyword.builtin.ClickKeyword.click(ClickKeyword.groovy:102)
	at com.kms.katalon.core.webui.keyword.builtin.ClickKeyword.execute(ClickKeyword.groovy:43)
	at com.kms.katalon.core.keyword.internal.KeywordExecutor.executeKeywordForPlatform(KeywordExecutor.groovy:72)
	at com.kms.katalon.core.webui.keyword.WebUiBuiltInKeywords.click(WebUiBuiltInKeywords.groovy:616)
	at com.kms.katalon.core.webui.keyword.WebUiBuiltInKeywords$click$3.call(Unknown Source)
	at TestCase15GetInviteLink.run(TestCase15GetInviteLink:29)
	at com.kms.katalon.core.main.ScriptEngine.run(ScriptEngine.java:194)
	at com.kms.katalon.core.main.ScriptEngine.runScriptAsRawText(ScriptEngine.java:119)
	at com.kms.katalon.core.main.TestCaseExecutor.runScript(TestCaseExecutor.java:337)
	at com.kms.katalon.core.main.TestCaseExecutor.doExecute(TestCaseExecutor.java:328)
	at com.kms.katalon.core.main.TestCaseExecutor.processExecutionPhase(TestCaseExecutor.java:307)
	at com.kms.katalon.core.main.TestCaseExecutor.accessMainPhase(TestCaseExecutor.java:299)
	at com.kms.katalon.core.main.TestCaseExecutor.execute(TestCaseExecutor.java:233)
	at com.kms.katalon.core.main.TestSuiteExecutor.accessTestCaseMainPhase(TestSuiteExecutor.java:169)
	at com.kms.katalon.core.main.TestSuiteExecutor.accessTestSuiteMainPhase(TestSuiteExecutor.java:142)
	at com.kms.katalon.core.main.TestSuiteExecutor.execute(TestSuiteExecutor.java:91)
	at com.kms.katalon.core.main.TestCaseMain.startTestSuite(TestCaseMain.java:157)
	at com.kms.katalon.core.main.TestCaseMain$startTestSuite$0.call(Unknown Source)
	at TempTestSuite1576950821278.run(TempTestSuite1576950821278.groovy:36)
Caused by: com.kms.katalon.core.webui.exception.WebElementNotFoundException: Web element with id: 'Object Repository/Page_ Town Square - FirstTeam Mattermost/div_Fi' located by 'By.xpath: //a[@id='firstteamTeamButton']/div/div/div' not found
	at com.kms.katalon.core.webui.common.WebUiCommonHelper.findWebElement(WebUiCommonHelper.java:1154)
	at com.kms.katalon.core.webui.keyword.internal.WebUIAbstractKeyword.findWebElement(WebUIAbstractKeyword.groovy:27)
	at com.kms.katalon.core.webui.keyword.internal.WebUIAbstractKeyword.findWebElement(WebUIAbstractKeyword.groovy:26)
	at com.kms.katalon.core.webui.keyword.builtin.ClickKeyword$_click_closure1.doCall(ClickKeyword.groovy:67)
	at com.kms.katalon.core.webui.keyword.builtin.ClickKeyword$_click_closure1.call(ClickKeyword.groovy)
	at com.kms.katalon.core.webui.keyword.internal.WebUIKeywordMain.runKeyword(WebUIKeywordMain.groovy:20)
	... 19 more]]></system-err>
      </testcase>
      <testcase name="Test Cases/TestCase16AddMembersToChannel" time="61.824" classname="Test Cases/TestCase16AddMembersToChannel" status="FAILED">
         <failure type="FAILED" message="Test Cases/TestCase16AddMembersToChannel FAILED.
Reason:
com.kms.katalon.core.exception.StepFailedException: Unable to click on object 'Object Repository/Page_ChannelAddMember - FirstTeam Mattermost/div_Nguyen Gia (GiaGia)_more-modal__actions--round'
	at com.kms.katalon.core.webui.keyword.internal.WebUIKeywordMain.stepFailed(WebUIKeywordMain.groovy:64)
	at com.kms.katalon.core.webui.keyword.internal.WebUIKeywordMain.runKeyword(WebUIKeywordMain.groovy:26)
	at com.kms.katalon.core.webui.keyword.builtin.ClickKeyword.click(ClickKeyword.groovy:102)
	at com.kms.katalon.core.webui.keyword.builtin.ClickKeyword.execute(ClickKeyword.groovy:43)
	at com.kms.katalon.core.keyword.internal.KeywordExecutor.executeKeywordForPlatform(KeywordExecutor.groovy:72)
	at com.kms.katalon.core.webui.keyword.WebUiBuiltInKeywords.click(WebUiBuiltInKeywords.groovy:616)
	at com.kms.katalon.core.webui.keyword.WebUiBuiltInKeywords$click$3.call(Unknown Source)
	at TestCase16AddMembersToChannel.run(TestCase16AddMembersToChannel:37)
	at com.kms.katalon.core.main.ScriptEngine.run(ScriptEngine.java:194)
	at com.kms.katalon.core.main.ScriptEngine.runScriptAsRawText(ScriptEngine.java:119)
	at com.kms.katalon.core.main.TestCaseExecutor.runScript(TestCaseExecutor.java:337)
	at com.kms.katalon.core.main.TestCaseExecutor.doExecute(TestCaseExecutor.java:328)
	at com.kms.katalon.core.main.TestCaseExecutor.processExecutionPhase(TestCaseExecutor.java:307)
	at com.kms.katalon.core.main.TestCaseExecutor.accessMainPhase(TestCaseExecutor.java:299)
	at com.kms.katalon.core.main.TestCaseExecutor.execute(TestCaseExecutor.java:233)
	at com.kms.katalon.core.main.TestSuiteExecutor.accessTestCaseMainPhase(TestSuiteExecutor.java:169)
	at com.kms.katalon.core.main.TestSuiteExecutor.accessTestSuiteMainPhase(TestSuiteExecutor.java:142)
	at com.kms.katalon.core.main.TestSuiteExecutor.execute(TestSuiteExecutor.java:91)
	at com.kms.katalon.core.main.TestCaseMain.startTestSuite(TestCaseMain.java:157)
	at com.kms.katalon.core.main.TestCaseMain$startTestSuite$0.call(Unknown Source)
	at TempTestSuite1576950821278.run(TempTestSuite1576950821278.groovy:36)
Caused by: com.kms.katalon.core.webui.exception.WebElementNotFoundException: Web element with id: 'Object Repository/Page_ChannelAddMember - FirstTeam Mattermost/div_Nguyen Gia (GiaGia)_more-modal__actions--round' located by 'By.xpath: (.//*[normalize-space(text()) and normalize-space(.)='Nguyen Gia (GiaGia)'])[1]/following::div[2]' not found
	at com.kms.katalon.core.webui.common.WebUiCommonHelper.findWebElement(WebUiCommonHelper.java:1154)
	at com.kms.katalon.core.webui.keyword.internal.WebUIAbstractKeyword.findWebElement(WebUIAbstractKeyword.groovy:27)
	at com.kms.katalon.core.webui.keyword.internal.WebUIAbstractKeyword.findWebElement(WebUIAbstractKeyword.groovy:26)
	at com.kms.katalon.core.webui.keyword.builtin.ClickKeyword$_click_closure1.doCall(ClickKeyword.groovy:67)
	at com.kms.katalon.core.webui.keyword.builtin.ClickKeyword$_click_closure1.call(ClickKeyword.groovy)
	at com.kms.katalon.core.webui.keyword.internal.WebUIKeywordMain.runKeyword(WebUIKeywordMain.groovy:20)
	... 19 more
"/>
         <system-out><![CDATA[2019-12-22 00:58:52 - [TEST_CASE][FAILED] - Test Cases/TestCase16AddMembersToChannel: Test Cases/TestCase16AddMembersToChannel FAILED.
Reason:
com.kms.katalon.core.exception.StepFailedException: Unable to click on object 'Object Repository/Page_ChannelAddMember - FirstTeam Mattermost/div_Nguyen Gia (GiaGia)_more-modal__actions--round'
	at com.kms.katalon.core.webui.keyword.internal.WebUIKeywordMain.stepFailed(WebUIKeywordMain.groovy:64)
	at com.kms.katalon.core.webui.keyword.internal.WebUIKeywordMain.runKeyword(WebUIKeywordMain.groovy:26)
	at com.kms.katalon.core.webui.keyword.builtin.ClickKeyword.click(ClickKeyword.groovy:102)
	at com.kms.katalon.core.webui.keyword.builtin.ClickKeyword.execute(ClickKeyword.groovy:43)
	at com.kms.katalon.core.keyword.internal.KeywordExecutor.executeKeywordForPlatform(KeywordExecutor.groovy:72)
	at com.kms.katalon.core.webui.keyword.WebUiBuiltInKeywords.click(WebUiBuiltInKeywords.groovy:616)
	at com.kms.katalon.core.webui.keyword.WebUiBuiltInKeywords$click$3.call(Unknown Source)
	at TestCase16AddMembersToChannel.run(TestCase16AddMembersToChannel:37)
	at com.kms.katalon.core.main.ScriptEngine.run(ScriptEngine.java:194)
	at com.kms.katalon.core.main.ScriptEngine.runScriptAsRawText(ScriptEngine.java:119)
	at com.kms.katalon.core.main.TestCaseExecutor.runScript(TestCaseExecutor.java:337)
	at com.kms.katalon.core.main.TestCaseExecutor.doExecute(TestCaseExecutor.java:328)
	at com.kms.katalon.core.main.TestCaseExecutor.processExecutionPhase(TestCaseExecutor.java:307)
	at com.kms.katalon.core.main.TestCaseExecutor.accessMainPhase(TestCaseExecutor.java:299)
	at com.kms.katalon.core.main.TestCaseExecutor.execute(TestCaseExecutor.java:233)
	at com.kms.katalon.core.main.TestSuiteExecutor.accessTestCaseMainPhase(TestSuiteExecutor.java:169)
	at com.kms.katalon.core.main.TestSuiteExecutor.accessTestSuiteMainPhase(TestSuiteExecutor.java:142)
	at com.kms.katalon.core.main.TestSuiteExecutor.execute(TestSuiteExecutor.java:91)
	at com.kms.katalon.core.main.TestCaseMain.startTestSuite(TestCaseMain.java:157)
	at com.kms.katalon.core.main.TestCaseMain$startTestSuite$0.call(Unknown Source)
	at TempTestSuite1576950821278.run(TempTestSuite1576950821278.groovy:36)
Caused by: com.kms.katalon.core.webui.exception.WebElementNotFoundException: Web element with id: 'Object Repository/Page_ChannelAddMember - FirstTeam Mattermost/div_Nguyen Gia (GiaGia)_more-modal__actions--round' located by 'By.xpath: (.//*[normalize-space(text()) and normalize-space(.)='Nguyen Gia (GiaGia)'])[1]/following::div[2]' not found
	at com.kms.katalon.core.webui.common.WebUiCommonHelper.findWebElement(WebUiCommonHelper.java:1154)
	at com.kms.katalon.core.webui.keyword.internal.WebUIAbstractKeyword.findWebElement(WebUIAbstractKeyword.groovy:27)
	at com.kms.katalon.core.webui.keyword.internal.WebUIAbstractKeyword.findWebElement(WebUIAbstractKeyword.groovy:26)
	at com.kms.katalon.core.webui.keyword.builtin.ClickKeyword$_click_closure1.doCall(ClickKeyword.groovy:67)
	at com.kms.katalon.core.webui.keyword.builtin.ClickKeyword$_click_closure1.call(ClickKeyword.groovy)
	at com.kms.katalon.core.webui.keyword.internal.WebUIKeywordMain.runKeyword(WebUIKeywordMain.groovy:20)
	... 19 more


2019-12-22 00:58:52 - [TEST_STEP][PASSED] - openBrowser(""): Browser is opened with url: ''

2019-12-22 00:58:52 - [MESSAGE][WARNING] - A browser is already opened. Closing browser and opening a new one

2019-12-22 00:58:53 - [MESSAGE][INFO] - Starting 'Firefox' driver

2019-12-22 00:58:56 - [MESSAGE][PASSED] - Browser is opened with url: ''

2019-12-22 00:58:56 - [TEST_STEP][PASSED] - navigateToUrl("https://cs300testautomatic.herokuapp.com/"): Navigate to 'https://cs300testautomatic.herokuapp.com/' successfully

2019-12-22 00:58:59 - [MESSAGE][PASSED] - Navigate to 'https://cs300testautomatic.herokuapp.com/' successfully

2019-12-22 00:58:59 - [TEST_STEP][PASSED] - setText(findTestObject("Page_Mattermost/input_All team communication in one place s_703ef5 (24)"), "dhieu@apcs.vn"): Text 'dhieu@apcs.vn' is set on object 'Object Repository/Page_Mattermost/input_All team communication in one place s_703ef5 (24)'

2019-12-22 00:59:04 - [MESSAGE][PASSED] - Text 'dhieu@apcs.vn' is set on object 'Object Repository/Page_Mattermost/input_All team communication in one place s_703ef5 (24)'

2019-12-22 00:59:04 - [TEST_STEP][PASSED] - setEncryptedText(findTestObject("Page_Mattermost/input_All team communication in one place s_2f2733 (24)"), "iGDxf8hSRT4="): Text ****** has been set on object 'Object Repository/Page_Mattermost/input_All team communication in one place s_2f2733 (24)'

2019-12-22 00:59:04 - [MESSAGE][PASSED] - Text ****** has been set on object 'Object Repository/Page_Mattermost/input_All team communication in one place s_2f2733 (24)'

2019-12-22 00:59:04 - [TEST_STEP][PASSED] - click(findTestObject("Page_Mattermost/button_Sign in (13)")): Object: 'Object Repository/Page_Mattermost/button_Sign in (13)' is clicked on

2019-12-22 00:59:05 - [MESSAGE][PASSED] - Object: 'Object Repository/Page_Mattermost/button_Sign in (13)' is clicked on

2019-12-22 00:59:05 - [TEST_STEP][PASSED] - click(findTestObject("Object Repository/Page_Town Square - FirstTeam Mattermost/div_Fi")): Object: 'Object Repository/Page_Town Square - FirstTeam Mattermost/div_Fi' is clicked on

2019-12-22 00:59:08 - [MESSAGE][PASSED] - Object: 'Object Repository/Page_Town Square - FirstTeam Mattermost/div_Fi' is clicked on

2019-12-22 00:59:08 - [TEST_STEP][PASSED] - click(findTestObject("Object Repository/Page_Town Square - FirstTeam Mattermost/a_ChannelAddMember")): Object: 'Object Repository/Page_Town Square - FirstTeam Mattermost/a_ChannelAddMember' is clicked on

2019-12-22 00:59:09 - [MESSAGE][PASSED] - Object: 'Object Repository/Page_Town Square - FirstTeam Mattermost/a_ChannelAddMember' is clicked on

2019-12-22 00:59:09 - [TEST_STEP][PASSED] - click(findTestObject("Object Repository/Page_ChannelAddMember - FirstTeam Mattermost/span_ChannelAddMember_channelHeaderDropdownIcon")): Object: 'Object Repository/Page_ChannelAddMember - FirstTeam Mattermost/span_ChannelAddMember_channelHeaderDropdownIcon' is clicked on

2019-12-22 00:59:10 - [MESSAGE][PASSED] - Object: 'Object Repository/Page_ChannelAddMember - FirstTeam Mattermost/span_ChannelAddMember_channelHeaderDropdownIcon' is clicked on

2019-12-22 00:59:10 - [TEST_STEP][PASSED] - click(findTestObject("Object Repository/Page_ChannelAddMember - FirstTeam Mattermost/button_Add Members")): Object: 'Object Repository/Page_ChannelAddMember - FirstTeam Mattermost/button_Add Members' is clicked on

2019-12-22 00:59:11 - [MESSAGE][PASSED] - Object: 'Object Repository/Page_ChannelAddMember - FirstTeam Mattermost/button_Add Members' is clicked on

2019-12-22 00:59:11 - [TEST_STEP][FAILED] - click(findTestObject("Object Repository/Page_ChannelAddMember - FirstTeam Mattermost/div_Nguyen Gia (GiaGia)_more-modal__actions--round")): Unable to click on object 'Object Repository/Page_ChannelAddMember - FirstTeam Mattermost/div_Nguyen Gia (GiaGia)_more-modal__actions--round' (Root cause: com.kms.katalon.core.exception.StepFailedException: Unable to click on object 'Object Repository/Page_ChannelAddMember - FirstTeam Mattermost/div_Nguyen Gia (GiaGia)_more-modal__actions--round'
	at com.kms.katalon.core.webui.keyword.internal.WebUIKeywordMain.stepFailed(WebUIKeywordMain.groovy:64)
	at com.kms.katalon.core.webui.keyword.internal.WebUIKeywordMain.runKeyword(WebUIKeywordMain.groovy:26)
	at com.kms.katalon.core.webui.keyword.builtin.ClickKeyword.click(ClickKeyword.groovy:102)
	at com.kms.katalon.core.webui.keyword.builtin.ClickKeyword.execute(ClickKeyword.groovy:43)
	at com.kms.katalon.core.keyword.internal.KeywordExecutor.executeKeywordForPlatform(KeywordExecutor.groovy:72)
	at com.kms.katalon.core.webui.keyword.WebUiBuiltInKeywords.click(WebUiBuiltInKeywords.groovy:616)
	at com.kms.katalon.core.webui.keyword.WebUiBuiltInKeywords$click$3.call(Unknown Source)
	at TestCase16AddMembersToChannel.run(TestCase16AddMembersToChannel:37)
	at com.kms.katalon.core.main.ScriptEngine.run(ScriptEngine.java:194)
	at com.kms.katalon.core.main.ScriptEngine.runScriptAsRawText(ScriptEngine.java:119)
	at com.kms.katalon.core.main.TestCaseExecutor.runScript(TestCaseExecutor.java:337)
	at com.kms.katalon.core.main.TestCaseExecutor.doExecute(TestCaseExecutor.java:328)
	at com.kms.katalon.core.main.TestCaseExecutor.processExecutionPhase(TestCaseExecutor.java:307)
	at com.kms.katalon.core.main.TestCaseExecutor.accessMainPhase(TestCaseExecutor.java:299)
	at com.kms.katalon.core.main.TestCaseExecutor.execute(TestCaseExecutor.java:233)
	at com.kms.katalon.core.main.TestSuiteExecutor.accessTestCaseMainPhase(TestSuiteExecutor.java:169)
	at com.kms.katalon.core.main.TestSuiteExecutor.accessTestSuiteMainPhase(TestSuiteExecutor.java:142)
	at com.kms.katalon.core.main.TestSuiteExecutor.execute(TestSuiteExecutor.java:91)
	at com.kms.katalon.core.main.TestCaseMain.startTestSuite(TestCaseMain.java:157)
	at com.kms.katalon.core.main.TestCaseMain$startTestSuite$0.call(Unknown Source)
	at TempTestSuite1576950821278.run(TempTestSuite1576950821278.groovy:36)
Caused by: com.kms.katalon.core.webui.exception.WebElementNotFoundException: Web element with id: 'Object Repository/Page_ChannelAddMember - FirstTeam Mattermost/div_Nguyen Gia (GiaGia)_more-modal__actions--round' located by 'By.xpath: (.//*[normalize-space(text()) and normalize-space(.)='Nguyen Gia (GiaGia)'])[1]/following::div[2]' not found
	at com.kms.katalon.core.webui.common.WebUiCommonHelper.findWebElement(WebUiCommonHelper.java:1154)
	at com.kms.katalon.core.webui.keyword.internal.WebUIAbstractKeyword.findWebElement(WebUIAbstractKeyword.groovy:27)
	at com.kms.katalon.core.webui.keyword.internal.WebUIAbstractKeyword.findWebElement(WebUIAbstractKeyword.groovy:26)
	at com.kms.katalon.core.webui.keyword.builtin.ClickKeyword$_click_closure1.doCall(ClickKeyword.groovy:67)
	at com.kms.katalon.core.webui.keyword.builtin.ClickKeyword$_click_closure1.call(ClickKeyword.groovy)
	at com.kms.katalon.core.webui.keyword.internal.WebUIKeywordMain.runKeyword(WebUIKeywordMain.groovy:20)
	at com.kms.katalon.core.webui.keyword.builtin.ClickKeyword.click(ClickKeyword.groovy:102)
	at com.kms.katalon.core.webui.keyword.builtin.ClickKeyword.execute(ClickKeyword.groovy:43)
	at com.kms.katalon.core.keyword.internal.KeywordExecutor.executeKeywordForPlatform(KeywordExecutor.groovy:72)
	at com.kms.katalon.core.webui.keyword.WebUiBuiltInKeywords.click(WebUiBuiltInKeywords.groovy:616)
	at com.kms.katalon.core.webui.keyword.WebUiBuiltInKeywords$click$3.call(Unknown Source)
	at Script1576842225611.run(Script1576842225611.groovy:37)
	... 13 more
)

2019-12-22 00:59:54 - [MESSAGE][INFO] - Unable to find the element located by 'By.xpath: (.//*[normalize-space(text()) and normalize-space(.)='Nguyen Gia (GiaGia)'])[1]/following::div[2]'. Please recheck the objects properties to make sure the desired element is located. 

2019-12-22 00:59:54 - [MESSAGE][FAILED] - Unable to click on object 'Object Repository/Page_ChannelAddMember - FirstTeam Mattermost/div_Nguyen Gia (GiaGia)_more-modal__actions--round' (Root cause: com.kms.katalon.core.exception.StepFailedException: Unable to click on object 'Object Repository/Page_ChannelAddMember - FirstTeam Mattermost/div_Nguyen Gia (GiaGia)_more-modal__actions--round'
	at com.kms.katalon.core.webui.keyword.internal.WebUIKeywordMain.stepFailed(WebUIKeywordMain.groovy:64)
	at com.kms.katalon.core.webui.keyword.internal.WebUIKeywordMain.runKeyword(WebUIKeywordMain.groovy:26)
	at com.kms.katalon.core.webui.keyword.builtin.ClickKeyword.click(ClickKeyword.groovy:102)
	at com.kms.katalon.core.webui.keyword.builtin.ClickKeyword.execute(ClickKeyword.groovy:43)
	at com.kms.katalon.core.keyword.internal.KeywordExecutor.executeKeywordForPlatform(KeywordExecutor.groovy:72)
	at com.kms.katalon.core.webui.keyword.WebUiBuiltInKeywords.click(WebUiBuiltInKeywords.groovy:616)
	at com.kms.katalon.core.webui.keyword.WebUiBuiltInKeywords$click$3.call(Unknown Source)
	at TestCase16AddMembersToChannel.run(TestCase16AddMembersToChannel:37)
	at com.kms.katalon.core.main.ScriptEngine.run(ScriptEngine.java:194)
	at com.kms.katalon.core.main.ScriptEngine.runScriptAsRawText(ScriptEngine.java:119)
	at com.kms.katalon.core.main.TestCaseExecutor.runScript(TestCaseExecutor.java:337)
	at com.kms.katalon.core.main.TestCaseExecutor.doExecute(TestCaseExecutor.java:328)
	at com.kms.katalon.core.main.TestCaseExecutor.processExecutionPhase(TestCaseExecutor.java:307)
	at com.kms.katalon.core.main.TestCaseExecutor.accessMainPhase(TestCaseExecutor.java:299)
	at com.kms.katalon.core.main.TestCaseExecutor.execute(TestCaseExecutor.java:233)
	at com.kms.katalon.core.main.TestSuiteExecutor.accessTestCaseMainPhase(TestSuiteExecutor.java:169)
	at com.kms.katalon.core.main.TestSuiteExecutor.accessTestSuiteMainPhase(TestSuiteExecutor.java:142)
	at com.kms.katalon.core.main.TestSuiteExecutor.execute(TestSuiteExecutor.java:91)
	at com.kms.katalon.core.main.TestCaseMain.startTestSuite(TestCaseMain.java:157)
	at com.kms.katalon.core.main.TestCaseMain$startTestSuite$0.call(Unknown Source)
	at TempTestSuite1576950821278.run(TempTestSuite1576950821278.groovy:36)
Caused by: com.kms.katalon.core.webui.exception.WebElementNotFoundException: Web element with id: 'Object Repository/Page_ChannelAddMember - FirstTeam Mattermost/div_Nguyen Gia (GiaGia)_more-modal__actions--round' located by 'By.xpath: (.//*[normalize-space(text()) and normalize-space(.)='Nguyen Gia (GiaGia)'])[1]/following::div[2]' not found
	at com.kms.katalon.core.webui.common.WebUiCommonHelper.findWebElement(WebUiCommonHelper.java:1154)
	at com.kms.katalon.core.webui.keyword.internal.WebUIAbstractKeyword.findWebElement(WebUIAbstractKeyword.groovy:27)
	at com.kms.katalon.core.webui.keyword.internal.WebUIAbstractKeyword.findWebElement(WebUIAbstractKeyword.groovy:26)
	at com.kms.katalon.core.webui.keyword.builtin.ClickKeyword$_click_closure1.doCall(ClickKeyword.groovy:67)
	at com.kms.katalon.core.webui.keyword.builtin.ClickKeyword$_click_closure1.call(ClickKeyword.groovy)
	at com.kms.katalon.core.webui.keyword.internal.WebUIKeywordMain.runKeyword(WebUIKeywordMain.groovy:20)
	at com.kms.katalon.core.webui.keyword.builtin.ClickKeyword.click(ClickKeyword.groovy:102)
	at com.kms.katalon.core.webui.keyword.builtin.ClickKeyword.execute(ClickKeyword.groovy:43)
	at com.kms.katalon.core.keyword.internal.KeywordExecutor.executeKeywordForPlatform(KeywordExecutor.groovy:72)
	at com.kms.katalon.core.webui.keyword.WebUiBuiltInKeywords.click(WebUiBuiltInKeywords.groovy:616)
	at com.kms.katalon.core.webui.keyword.WebUiBuiltInKeywords$click$3.call(Unknown Source)
	at Script1576842225611.run(Script1576842225611.groovy:37)
	... 13 more
)
[[ATTACHMENT|C:\\Users\\Gia Nguyen\\Desktop\\CS300AutomaticWebTesting\\Reports\\20191222_005341\\Run All Test Cases\\20191222_005341\\1576951194453.png]]]]></system-out>
         <system-err><![CDATA[2019-12-22 00:58:52 - [TEST_CASE][FAILED] - Test Cases/TestCase16AddMembersToChannel: Test Cases/TestCase16AddMembersToChannel FAILED.
Reason:
com.kms.katalon.core.exception.StepFailedException: Unable to click on object 'Object Repository/Page_ChannelAddMember - FirstTeam Mattermost/div_Nguyen Gia (GiaGia)_more-modal__actions--round'
	at com.kms.katalon.core.webui.keyword.internal.WebUIKeywordMain.stepFailed(WebUIKeywordMain.groovy:64)
	at com.kms.katalon.core.webui.keyword.internal.WebUIKeywordMain.runKeyword(WebUIKeywordMain.groovy:26)
	at com.kms.katalon.core.webui.keyword.builtin.ClickKeyword.click(ClickKeyword.groovy:102)
	at com.kms.katalon.core.webui.keyword.builtin.ClickKeyword.execute(ClickKeyword.groovy:43)
	at com.kms.katalon.core.keyword.internal.KeywordExecutor.executeKeywordForPlatform(KeywordExecutor.groovy:72)
	at com.kms.katalon.core.webui.keyword.WebUiBuiltInKeywords.click(WebUiBuiltInKeywords.groovy:616)
	at com.kms.katalon.core.webui.keyword.WebUiBuiltInKeywords$click$3.call(Unknown Source)
	at TestCase16AddMembersToChannel.run(TestCase16AddMembersToChannel:37)
	at com.kms.katalon.core.main.ScriptEngine.run(ScriptEngine.java:194)
	at com.kms.katalon.core.main.ScriptEngine.runScriptAsRawText(ScriptEngine.java:119)
	at com.kms.katalon.core.main.TestCaseExecutor.runScript(TestCaseExecutor.java:337)
	at com.kms.katalon.core.main.TestCaseExecutor.doExecute(TestCaseExecutor.java:328)
	at com.kms.katalon.core.main.TestCaseExecutor.processExecutionPhase(TestCaseExecutor.java:307)
	at com.kms.katalon.core.main.TestCaseExecutor.accessMainPhase(TestCaseExecutor.java:299)
	at com.kms.katalon.core.main.TestCaseExecutor.execute(TestCaseExecutor.java:233)
	at com.kms.katalon.core.main.TestSuiteExecutor.accessTestCaseMainPhase(TestSuiteExecutor.java:169)
	at com.kms.katalon.core.main.TestSuiteExecutor.accessTestSuiteMainPhase(TestSuiteExecutor.java:142)
	at com.kms.katalon.core.main.TestSuiteExecutor.execute(TestSuiteExecutor.java:91)
	at com.kms.katalon.core.main.TestCaseMain.startTestSuite(TestCaseMain.java:157)
	at com.kms.katalon.core.main.TestCaseMain$startTestSuite$0.call(Unknown Source)
	at TempTestSuite1576950821278.run(TempTestSuite1576950821278.groovy:36)
Caused by: com.kms.katalon.core.webui.exception.WebElementNotFoundException: Web element with id: 'Object Repository/Page_ChannelAddMember - FirstTeam Mattermost/div_Nguyen Gia (GiaGia)_more-modal__actions--round' located by 'By.xpath: (.//*[normalize-space(text()) and normalize-space(.)='Nguyen Gia (GiaGia)'])[1]/following::div[2]' not found
	at com.kms.katalon.core.webui.common.WebUiCommonHelper.findWebElement(WebUiCommonHelper.java:1154)
	at com.kms.katalon.core.webui.keyword.internal.WebUIAbstractKeyword.findWebElement(WebUIAbstractKeyword.groovy:27)
	at com.kms.katalon.core.webui.keyword.internal.WebUIAbstractKeyword.findWebElement(WebUIAbstractKeyword.groovy:26)
	at com.kms.katalon.core.webui.keyword.builtin.ClickKeyword$_click_closure1.doCall(ClickKeyword.groovy:67)
	at com.kms.katalon.core.webui.keyword.builtin.ClickKeyword$_click_closure1.call(ClickKeyword.groovy)
	at com.kms.katalon.core.webui.keyword.internal.WebUIKeywordMain.runKeyword(WebUIKeywordMain.groovy:20)
	... 19 more]]></system-err>
      </testcase>
      <testcase name="Test Cases/TestCase17RemoveMemberFromChannel" time="41.644" classname="Test Cases/TestCase17RemoveMemberFromChannel" status="PASSED">
         <system-out><![CDATA[2019-12-22 00:59:54 - [TEST_CASE][PASSED] - Test Cases/TestCase17RemoveMemberFromChannel: Test Cases/TestCase17RemoveMemberFromChannel

2019-12-22 00:59:54 - [TEST_STEP][PASSED] - openBrowser(""): Browser is opened with url: ''

2019-12-22 00:59:54 - [MESSAGE][WARNING] - A browser is already opened. Closing browser and opening a new one

2019-12-22 00:59:55 - [MESSAGE][INFO] - Starting 'Firefox' driver

2019-12-22 00:59:58 - [MESSAGE][PASSED] - Browser is opened with url: ''

2019-12-22 00:59:58 - [TEST_STEP][PASSED] - navigateToUrl("https://cs300testautomatic.herokuapp.com/"): Navigate to 'https://cs300testautomatic.herokuapp.com/' successfully

2019-12-22 01:00:01 - [MESSAGE][PASSED] - Navigate to 'https://cs300testautomatic.herokuapp.com/' successfully

2019-12-22 01:00:01 - [TEST_STEP][PASSED] - setText(findTestObject("Page_Mattermost/input_All team communication in one place s_703ef5 (25)"), "dhieu@apcs.vn"): Text 'dhieu@apcs.vn' is set on object 'Object Repository/Page_Mattermost/input_All team communication in one place s_703ef5 (25)'

2019-12-22 01:00:05 - [MESSAGE][PASSED] - Text 'dhieu@apcs.vn' is set on object 'Object Repository/Page_Mattermost/input_All team communication in one place s_703ef5 (25)'

2019-12-22 01:00:05 - [TEST_STEP][PASSED] - setEncryptedText(findTestObject("Page_Mattermost/input_All team communication in one place s_2f2733 (25)"), "iGDxf8hSRT4="): Text ****** has been set on object 'Object Repository/Page_Mattermost/input_All team communication in one place s_2f2733 (25)'

2019-12-22 01:00:05 - [MESSAGE][PASSED] - Text ****** has been set on object 'Object Repository/Page_Mattermost/input_All team communication in one place s_2f2733 (25)'

2019-12-22 01:00:05 - [TEST_STEP][PASSED] - click(findTestObject("Page_Mattermost/button_Sign in (14)")): Object: 'Object Repository/Page_Mattermost/button_Sign in (14)' is clicked on

2019-12-22 01:00:06 - [MESSAGE][PASSED] - Object: 'Object Repository/Page_Mattermost/button_Sign in (14)' is clicked on

2019-12-22 01:00:06 - [TEST_STEP][PASSED] - click(findTestObject("Page_Town Square - FirstTeam Mattermost/div_Fi (1)")): Object: 'Object Repository/Page_Town Square - FirstTeam Mattermost/div_Fi (1)' is clicked on

2019-12-22 01:00:09 - [MESSAGE][PASSED] - Object: 'Object Repository/Page_Town Square - FirstTeam Mattermost/div_Fi (1)' is clicked on

2019-12-22 01:00:09 - [TEST_STEP][PASSED] - click(findTestObject("Page_Town Square - FirstTeam Mattermost/a_ChannelAddMember (1)")): Object: 'Object Repository/Page_Town Square - FirstTeam Mattermost/a_ChannelAddMember (1)' is clicked on

2019-12-22 01:00:10 - [MESSAGE][PASSED] - Object: 'Object Repository/Page_Town Square - FirstTeam Mattermost/a_ChannelAddMember (1)' is clicked on

2019-12-22 01:00:10 - [TEST_STEP][PASSED] - click(findTestObject("Page_ChannelAddMember - FirstTeam Mattermost/span_ChannelAddMember_channelHeaderDropdownIcon (1)")): Object: 'Object Repository/Page_ChannelAddMember - FirstTeam Mattermost/span_ChannelAddMember_channelHeaderDropdownIcon (1)' is clicked on

2019-12-22 01:00:11 - [MESSAGE][PASSED] - Object: 'Object Repository/Page_ChannelAddMember - FirstTeam Mattermost/span_ChannelAddMember_channelHeaderDropdownIcon (1)' is clicked on

2019-12-22 01:00:11 - [TEST_STEP][PASSED] - click(findTestObject("Object Repository/Page_ChannelAddMember - FirstTeam Mattermost/button_Manage Members")): Object: 'Object Repository/Page_ChannelAddMember - FirstTeam Mattermost/button_Manage Members' is clicked on

2019-12-22 01:00:11 - [MESSAGE][PASSED] - Object: 'Object Repository/Page_ChannelAddMember - FirstTeam Mattermost/button_Manage Members' is clicked on

2019-12-22 01:00:11 - [TEST_STEP][PASSED] - click(findTestObject("Object Repository/Page_ChannelAddMember - FirstTeam Mattermost/button_Channel MembergiabeuuRemove Member")): Object: 'Object Repository/Page_ChannelAddMember - FirstTeam Mattermost/button_Channel MembergiabeuuRemove Member' is clicked on

2019-12-22 01:00:34 - [MESSAGE][PASSED] - Object: 'Object Repository/Page_ChannelAddMember - FirstTeam Mattermost/button_Channel MembergiabeuuRemove Member' is clicked on

2019-12-22 01:00:34 - [TEST_STEP][PASSED] - click(findTestObject("Object Repository/Page_ChannelAddMember - FirstTeam Mattermost/button_Close")): Object: 'Object Repository/Page_ChannelAddMember - FirstTeam Mattermost/button_Close' is clicked on

2019-12-22 01:00:35 - [MESSAGE][PASSED] - Object: 'Object Repository/Page_ChannelAddMember - FirstTeam Mattermost/button_Close' is clicked on

2019-12-22 01:00:35 - [TEST_STEP][PASSED] - closeBrowser(): Browser is closed

2019-12-22 01:00:36 - [MESSAGE][PASSED] - Browser is closed]]></system-out>
         <system-err><![CDATA[]]></system-err>
      </testcase>
      <testcase name="Test Cases/TestCase18CreatePrivateChannel" time="18.768" classname="Test Cases/TestCase18CreatePrivateChannel" status="PASSED">
         <system-out><![CDATA[2019-12-22 01:00:36 - [TEST_CASE][PASSED] - Test Cases/TestCase18CreatePrivateChannel: Test Cases/TestCase18CreatePrivateChannel

2019-12-22 01:00:36 - [TEST_STEP][PASSED] - openBrowser(""): Browser is opened with url: ''

2019-12-22 01:00:36 - [MESSAGE][INFO] - Starting 'Firefox' driver

2019-12-22 01:00:39 - [MESSAGE][PASSED] - Browser is opened with url: ''

2019-12-22 01:00:39 - [TEST_STEP][PASSED] - navigateToUrl("https://cs300testautomatic.herokuapp.com/"): Navigate to 'https://cs300testautomatic.herokuapp.com/' successfully

2019-12-22 01:00:44 - [MESSAGE][PASSED] - Navigate to 'https://cs300testautomatic.herokuapp.com/' successfully

2019-12-22 01:00:44 - [TEST_STEP][PASSED] - setText(findTestObject("Page_Mattermost/input_All team communication in one place s_703ef5 (3)"), "dhieu@apcs.vn"): Text 'dhieu@apcs.vn' is set on object 'Object Repository/Page_Mattermost/input_All team communication in one place s_703ef5 (3)'

2019-12-22 01:00:49 - [MESSAGE][PASSED] - Text 'dhieu@apcs.vn' is set on object 'Object Repository/Page_Mattermost/input_All team communication in one place s_703ef5 (3)'

2019-12-22 01:00:49 - [TEST_STEP][PASSED] - setEncryptedText(findTestObject("Page_Mattermost/input_All team communication in one place s_2f2733 (3)"), "iGDxf8hSRT4="): Text ****** has been set on object 'Object Repository/Page_Mattermost/input_All team communication in one place s_2f2733 (3)'

2019-12-22 01:00:49 - [MESSAGE][PASSED] - Text ****** has been set on object 'Object Repository/Page_Mattermost/input_All team communication in one place s_2f2733 (3)'

2019-12-22 01:00:49 - [TEST_STEP][PASSED] - click(findTestObject("Page_Mattermost/span_Sign in (1)")): Object: 'Object Repository/Page_Mattermost/span_Sign in (1)' is clicked on

2019-12-22 01:00:50 - [MESSAGE][PASSED] - Object: 'Object Repository/Page_Mattermost/span_Sign in (1)' is clicked on

2019-12-22 01:00:50 - [TEST_STEP][PASSED] - click(findTestObject("Page_Town Square - FirstTeam Mattermost/span_ (1)")): Object: 'Object Repository/Page_Town Square - FirstTeam Mattermost/span_ (1)' is clicked on

2019-12-22 01:00:53 - [MESSAGE][PASSED] - Object: 'Object Repository/Page_Town Square - FirstTeam Mattermost/span_ (1)' is clicked on

2019-12-22 01:00:53 - [TEST_STEP][PASSED] - setText(findTestObject("Page_Town Square - FirstTeam Mattermost/input_Name_newChannelName (1)"), "privateChannel"): Text 'privateChannel' is set on object 'Object Repository/Page_Town Square - FirstTeam Mattermost/input_Name_newChannelName (1)'

2019-12-22 01:00:53 - [MESSAGE][PASSED] - Text 'privateChannel' is set on object 'Object Repository/Page_Town Square - FirstTeam Mattermost/input_Name_newChannelName (1)'

2019-12-22 01:00:53 - [TEST_STEP][PASSED] - click(findTestObject("Page_Town Square - FirstTeam Mattermost/span_Create New Channel (1)")): Object: 'Object Repository/Page_Town Square - FirstTeam Mattermost/span_Create New Channel (1)' is clicked on

2019-12-22 01:00:54 - [MESSAGE][PASSED] - Object: 'Object Repository/Page_Town Square - FirstTeam Mattermost/span_Create New Channel (1)' is clicked on

2019-12-22 01:00:54 - [TEST_STEP][PASSED] - closeBrowser(): Browser is closed

2019-12-22 01:00:54 - [MESSAGE][PASSED] - Browser is closed]]></system-out>
         <system-err><![CDATA[]]></system-err>
      </testcase>
      <testcase name="Test Cases/TestCase19CreatePublicChannel" time="18.893" classname="Test Cases/TestCase19CreatePublicChannel" status="PASSED">
         <system-out><![CDATA[2019-12-22 01:00:54 - [TEST_CASE][PASSED] - Test Cases/TestCase19CreatePublicChannel: Test Cases/TestCase19CreatePublicChannel

2019-12-22 01:00:55 - [TEST_STEP][PASSED] - openBrowser(""): Browser is opened with url: ''

2019-12-22 01:00:55 - [MESSAGE][INFO] - Starting 'Firefox' driver

2019-12-22 01:00:57 - [MESSAGE][PASSED] - Browser is opened with url: ''

2019-12-22 01:00:57 - [TEST_STEP][PASSED] - navigateToUrl("https://cs300testautomatic.herokuapp.com/"): Navigate to 'https://cs300testautomatic.herokuapp.com/' successfully

2019-12-22 01:01:01 - [MESSAGE][PASSED] - Navigate to 'https://cs300testautomatic.herokuapp.com/' successfully

2019-12-22 01:01:01 - [TEST_STEP][PASSED] - setText(findTestObject("Page_Mattermost/input_All team communication in one place s_703ef5 (4)"), "dhieu@apcs.vn"): Text 'dhieu@apcs.vn' is set on object 'Object Repository/Page_Mattermost/input_All team communication in one place s_703ef5 (4)'

2019-12-22 01:01:05 - [MESSAGE][PASSED] - Text 'dhieu@apcs.vn' is set on object 'Object Repository/Page_Mattermost/input_All team communication in one place s_703ef5 (4)'

2019-12-22 01:01:05 - [TEST_STEP][PASSED] - setEncryptedText(findTestObject("Page_Mattermost/input_All team communication in one place s_2f2733 (4)"), "iGDxf8hSRT4="): Text ****** has been set on object 'Object Repository/Page_Mattermost/input_All team communication in one place s_2f2733 (4)'

2019-12-22 01:01:05 - [MESSAGE][PASSED] - Text ****** has been set on object 'Object Repository/Page_Mattermost/input_All team communication in one place s_2f2733 (4)'

2019-12-22 01:01:05 - [TEST_STEP][PASSED] - click(findTestObject("Page_Mattermost/span_Sign in (2)")): Object: 'Object Repository/Page_Mattermost/span_Sign in (2)' is clicked on

2019-12-22 01:01:06 - [MESSAGE][PASSED] - Object: 'Object Repository/Page_Mattermost/span_Sign in (2)' is clicked on

2019-12-22 01:01:06 - [TEST_STEP][PASSED] - click(findTestObject("Page_Town Square - FirstTeam Mattermost/span_ (2)")): Object: 'Object Repository/Page_Town Square - FirstTeam Mattermost/span_ (2)' is clicked on

2019-12-22 01:01:09 - [MESSAGE][PASSED] - Object: 'Object Repository/Page_Town Square - FirstTeam Mattermost/span_ (2)' is clicked on

2019-12-22 01:01:09 - [TEST_STEP][PASSED] - click(findTestObject("Page_Town Square - FirstTeam Mattermost/input_Type_channelType (1)")): Object: 'Object Repository/Page_Town Square - FirstTeam Mattermost/input_Type_channelType (1)' is clicked on

2019-12-22 01:01:10 - [MESSAGE][PASSED] - Object: 'Object Repository/Page_Town Square - FirstTeam Mattermost/input_Type_channelType (1)' is clicked on

2019-12-22 01:01:10 - [TEST_STEP][PASSED] - setText(findTestObject("Page_Town Square - FirstTeam Mattermost/input_Name_newChannelName"), "publicChannel"): Text 'publicChannel' is set on object 'Object Repository/Page_Town Square - FirstTeam Mattermost/input_Name_newChannelName'

2019-12-22 01:01:10 - [MESSAGE][PASSED] - Text 'publicChannel' is set on object 'Object Repository/Page_Town Square - FirstTeam Mattermost/input_Name_newChannelName'

2019-12-22 01:01:10 - [TEST_STEP][PASSED] - click(findTestObject("Page_Town Square - FirstTeam Mattermost/span_Edit (1)")): Object: 'Object Repository/Page_Town Square - FirstTeam Mattermost/span_Edit (1)' is clicked on

2019-12-22 01:01:11 - [MESSAGE][PASSED] - Object: 'Object Repository/Page_Town Square - FirstTeam Mattermost/span_Edit (1)' is clicked on

2019-12-22 01:01:11 - [TEST_STEP][PASSED] - click(findTestObject("Page_Town Square - FirstTeam Mattermost/span_Change Channel URL (1)")): Object: 'Object Repository/Page_Town Square - FirstTeam Mattermost/span_Change Channel URL (1)' is clicked on

2019-12-22 01:01:12 - [MESSAGE][PASSED] - Object: 'Object Repository/Page_Town Square - FirstTeam Mattermost/span_Change Channel URL (1)' is clicked on

2019-12-22 01:01:12 - [TEST_STEP][PASSED] - click(findTestObject("Page_Town Square - FirstTeam Mattermost/span_Create New Channel (2)")): Object: 'Object Repository/Page_Town Square - FirstTeam Mattermost/span_Create New Channel (2)' is clicked on

2019-12-22 01:01:13 - [MESSAGE][PASSED] - Object: 'Object Repository/Page_Town Square - FirstTeam Mattermost/span_Create New Channel (2)' is clicked on

2019-12-22 01:01:13 - [TEST_STEP][PASSED] - closeBrowser(): Browser is closed

2019-12-22 01:01:13 - [MESSAGE][PASSED] - Browser is closed]]></system-out>
         <system-err><![CDATA[]]></system-err>
      </testcase>
      <testcase name="Test Cases/TestCase20LeaveChannel" time="33.933" classname="Test Cases/TestCase20LeaveChannel" status="PASSED">
         <system-out><![CDATA[2019-12-22 01:01:13 - [TEST_CASE][PASSED] - Test Cases/TestCase20LeaveChannel: Test Cases/TestCase20LeaveChannel

2019-12-22 01:01:13 - [TEST_STEP][PASSED] - openBrowser(""): Browser is opened with url: ''

2019-12-22 01:01:13 - [MESSAGE][INFO] - Starting 'Firefox' driver

2019-12-22 01:01:16 - [MESSAGE][PASSED] - Browser is opened with url: ''

2019-12-22 01:01:16 - [TEST_STEP][PASSED] - navigateToUrl("https://cs300testautomatic.herokuapp.com/"): Navigate to 'https://cs300testautomatic.herokuapp.com/' successfully

2019-12-22 01:01:20 - [MESSAGE][PASSED] - Navigate to 'https://cs300testautomatic.herokuapp.com/' successfully

2019-12-22 01:01:20 - [TEST_STEP][PASSED] - setText(findTestObject("Page_Mattermost/input_All team communication in one place s_703ef5"), "dhieu@apcs.vn"): Text 'dhieu@apcs.vn' is set on object 'Object Repository/Page_Mattermost/input_All team communication in one place s_703ef5'

2019-12-22 01:01:24 - [MESSAGE][PASSED] - Text 'dhieu@apcs.vn' is set on object 'Object Repository/Page_Mattermost/input_All team communication in one place s_703ef5'

2019-12-22 01:01:24 - [TEST_STEP][PASSED] - setEncryptedText(findTestObject("Page_Mattermost/input_All team communication in one place s_2f2733"), "iGDxf8hSRT4="): Text ****** has been set on object 'Object Repository/Page_Mattermost/input_All team communication in one place s_2f2733'

2019-12-22 01:01:24 - [MESSAGE][PASSED] - Text ****** has been set on object 'Object Repository/Page_Mattermost/input_All team communication in one place s_2f2733'

2019-12-22 01:01:24 - [TEST_STEP][PASSED] - click(findTestObject("Page_Mattermost/span_Sign in")): Object: 'Object Repository/Page_Mattermost/span_Sign in' is clicked on

2019-12-22 01:01:25 - [MESSAGE][PASSED] - Object: 'Object Repository/Page_Mattermost/span_Sign in' is clicked on

2019-12-22 01:01:25 - [TEST_STEP][PASSED] - click(findTestObject("Object Repository/Page_Town Square - FirstTeam Mattermost/span_Channel3")): Object: 'Object Repository/Page_Town Square - FirstTeam Mattermost/span_Channel3' is clicked on

2019-12-22 01:01:45 - [MESSAGE][PASSED] - Object: 'Object Repository/Page_Town Square - FirstTeam Mattermost/span_Channel3' is clicked on

2019-12-22 01:01:45 - [TEST_STEP][PASSED] - click(findTestObject("Object Repository/Page_Channel3 - FirstTeam Mattermost/span_Channel3_channelHeaderDropdownIcon")): Object: 'Object Repository/Page_Channel3 - FirstTeam Mattermost/span_Channel3_channelHeaderDropdownIcon' is clicked on

2019-12-22 01:01:46 - [MESSAGE][PASSED] - Object: 'Object Repository/Page_Channel3 - FirstTeam Mattermost/span_Channel3_channelHeaderDropdownIcon' is clicked on

2019-12-22 01:01:46 - [TEST_STEP][PASSED] - click(findTestObject("Object Repository/Page_Channel3 - FirstTeam Mattermost/button_Leave Channel")): Object: 'Object Repository/Page_Channel3 - FirstTeam Mattermost/button_Leave Channel' is clicked on

2019-12-22 01:01:47 - [MESSAGE][PASSED] - Object: 'Object Repository/Page_Channel3 - FirstTeam Mattermost/button_Leave Channel' is clicked on

2019-12-22 01:01:47 - [TEST_STEP][PASSED] - closeBrowser(): Browser is closed

2019-12-22 01:01:47 - [MESSAGE][PASSED] - Browser is closed]]></system-out>
         <system-err><![CDATA[]]></system-err>
      </testcase>
      <testcase name="Test Cases/TestCase21ForgotPass" time="11.611" classname="Test Cases/TestCase21ForgotPass" status="PASSED">
         <system-out><![CDATA[2019-12-22 01:01:47 - [TEST_CASE][PASSED] - Test Cases/TestCase21ForgotPass: Test Cases/TestCase21ForgotPass

2019-12-22 01:01:47 - [TEST_STEP][PASSED] - openBrowser(""): Browser is opened with url: ''

2019-12-22 01:01:47 - [MESSAGE][INFO] - Starting 'Firefox' driver

2019-12-22 01:01:50 - [MESSAGE][PASSED] - Browser is opened with url: ''

2019-12-22 01:01:50 - [TEST_STEP][PASSED] - navigateToUrl("https://cs300testautomatic.herokuapp.com/"): Navigate to 'https://cs300testautomatic.herokuapp.com/' successfully

2019-12-22 01:01:54 - [MESSAGE][PASSED] - Navigate to 'https://cs300testautomatic.herokuapp.com/' successfully

2019-12-22 01:01:54 - [TEST_STEP][PASSED] - click(findTestObject("Object Repository/Page_Mattermost/span_I forgot my password")): Object: 'Object Repository/Page_Mattermost/span_I forgot my password' is clicked on

2019-12-22 01:01:56 - [MESSAGE][PASSED] - Object: 'Object Repository/Page_Mattermost/span_I forgot my password' is clicked on

2019-12-22 01:01:56 - [TEST_STEP][PASSED] - setText(findTestObject("Object Repository/Page_Mattermost/input_To reset your password enter the emai_5f6d79"), "test@test.com"): Text 'test@test.com' is set on object 'Object Repository/Page_Mattermost/input_To reset your password enter the emai_5f6d79'

2019-12-22 01:01:57 - [MESSAGE][PASSED] - Text 'test@test.com' is set on object 'Object Repository/Page_Mattermost/input_To reset your password enter the emai_5f6d79'

2019-12-22 01:01:57 - [TEST_STEP][PASSED] - sendKeys(findTestObject("Object Repository/Page_Mattermost/input_To reset your password enter the emai_5f6d79"), Keys.chord(ENTER)): Keys 'ENTER + ' sent to object: 'Object Repository/Page_Mattermost/input_To reset your password enter the emai_5f6d79'

2019-12-22 01:01:57 - [MESSAGE][PASSED] - Keys 'ENTER + ' sent to object: 'Object Repository/Page_Mattermost/input_To reset your password enter the emai_5f6d79'

2019-12-22 01:01:57 - [TEST_STEP][PASSED] - click(findTestObject("Object Repository/Page_Mattermost/span_Please check your inbox")): Object: 'Object Repository/Page_Mattermost/span_Please check your inbox' is clicked on

2019-12-22 01:01:58 - [MESSAGE][PASSED] - Object: 'Object Repository/Page_Mattermost/span_Please check your inbox' is clicked on

2019-12-22 01:01:58 - [TEST_STEP][PASSED] - closeBrowser(): Browser is closed

2019-12-22 01:01:59 - [MESSAGE][PASSED] - Browser is closed]]></system-out>
         <system-err><![CDATA[]]></system-err>
      </testcase>
      <testcase name="Test Cases/TestCase22PinPost" time="59.191" classname="Test Cases/TestCase22PinPost" status="FAILED">
         <failure type="FAILED" message="Test Cases/TestCase22PinPost FAILED.
Reason:
com.kms.katalon.core.exception.StepFailedException: Unable to click on object 'Object Repository/Page_ ChannelsTest - FirstTeam Mattermost/button_giabeuu_CENTER_button_8b3y5ekuc7rw9k_023a4c'
	at com.kms.katalon.core.webui.keyword.internal.WebUIKeywordMain.stepFailed(WebUIKeywordMain.groovy:64)
	at com.kms.katalon.core.webui.keyword.internal.WebUIKeywordMain.runKeyword(WebUIKeywordMain.groovy:26)
	at com.kms.katalon.core.webui.keyword.builtin.ClickKeyword.click(ClickKeyword.groovy:102)
	at com.kms.katalon.core.webui.keyword.builtin.ClickKeyword.execute(ClickKeyword.groovy:43)
	at com.kms.katalon.core.keyword.internal.KeywordExecutor.executeKeywordForPlatform(KeywordExecutor.groovy:72)
	at com.kms.katalon.core.webui.keyword.WebUiBuiltInKeywords.click(WebUiBuiltInKeywords.groovy:616)
	at com.kms.katalon.core.webui.keyword.WebUiBuiltInKeywords$click$3.call(Unknown Source)
	at TestCase22PinPost.run(TestCase22PinPost:31)
	at com.kms.katalon.core.main.ScriptEngine.run(ScriptEngine.java:194)
	at com.kms.katalon.core.main.ScriptEngine.runScriptAsRawText(ScriptEngine.java:119)
	at com.kms.katalon.core.main.TestCaseExecutor.runScript(TestCaseExecutor.java:337)
	at com.kms.katalon.core.main.TestCaseExecutor.doExecute(TestCaseExecutor.java:328)
	at com.kms.katalon.core.main.TestCaseExecutor.processExecutionPhase(TestCaseExecutor.java:307)
	at com.kms.katalon.core.main.TestCaseExecutor.accessMainPhase(TestCaseExecutor.java:299)
	at com.kms.katalon.core.main.TestCaseExecutor.execute(TestCaseExecutor.java:233)
	at com.kms.katalon.core.main.TestSuiteExecutor.accessTestCaseMainPhase(TestSuiteExecutor.java:169)
	at com.kms.katalon.core.main.TestSuiteExecutor.accessTestSuiteMainPhase(TestSuiteExecutor.java:142)
	at com.kms.katalon.core.main.TestSuiteExecutor.execute(TestSuiteExecutor.java:91)
	at com.kms.katalon.core.main.TestCaseMain.startTestSuite(TestCaseMain.java:157)
	at com.kms.katalon.core.main.TestCaseMain$startTestSuite$0.call(Unknown Source)
	at TempTestSuite1576950821278.run(TempTestSuite1576950821278.groovy:36)
Caused by: com.kms.katalon.core.webui.exception.WebElementNotFoundException: Web element with id: 'Object Repository/Page_ ChannelsTest - FirstTeam Mattermost/button_giabeuu_CENTER_button_8b3y5ekuc7rw9k_023a4c' located by 'By.xpath: //button[@id='CENTER_button_8b3y5ekuc7rw9kh6zrrdqxyg7w']' not found
	at com.kms.katalon.core.webui.common.WebUiCommonHelper.findWebElement(WebUiCommonHelper.java:1154)
	at com.kms.katalon.core.webui.keyword.internal.WebUIAbstractKeyword.findWebElement(WebUIAbstractKeyword.groovy:27)
	at com.kms.katalon.core.webui.keyword.internal.WebUIAbstractKeyword.findWebElement(WebUIAbstractKeyword.groovy:26)
	at com.kms.katalon.core.webui.keyword.builtin.ClickKeyword$_click_closure1.doCall(ClickKeyword.groovy:67)
	at com.kms.katalon.core.webui.keyword.builtin.ClickKeyword$_click_closure1.call(ClickKeyword.groovy)
	at com.kms.katalon.core.webui.keyword.internal.WebUIKeywordMain.runKeyword(WebUIKeywordMain.groovy:20)
	... 19 more
"/>
         <system-out><![CDATA[2019-12-22 01:01:59 - [TEST_CASE][FAILED] - Test Cases/TestCase22PinPost: Test Cases/TestCase22PinPost FAILED.
Reason:
com.kms.katalon.core.exception.StepFailedException: Unable to click on object 'Object Repository/Page_ ChannelsTest - FirstTeam Mattermost/button_giabeuu_CENTER_button_8b3y5ekuc7rw9k_023a4c'
	at com.kms.katalon.core.webui.keyword.internal.WebUIKeywordMain.stepFailed(WebUIKeywordMain.groovy:64)
	at com.kms.katalon.core.webui.keyword.internal.WebUIKeywordMain.runKeyword(WebUIKeywordMain.groovy:26)
	at com.kms.katalon.core.webui.keyword.builtin.ClickKeyword.click(ClickKeyword.groovy:102)
	at com.kms.katalon.core.webui.keyword.builtin.ClickKeyword.execute(ClickKeyword.groovy:43)
	at com.kms.katalon.core.keyword.internal.KeywordExecutor.executeKeywordForPlatform(KeywordExecutor.groovy:72)
	at com.kms.katalon.core.webui.keyword.WebUiBuiltInKeywords.click(WebUiBuiltInKeywords.groovy:616)
	at com.kms.katalon.core.webui.keyword.WebUiBuiltInKeywords$click$3.call(Unknown Source)
	at TestCase22PinPost.run(TestCase22PinPost:31)
	at com.kms.katalon.core.main.ScriptEngine.run(ScriptEngine.java:194)
	at com.kms.katalon.core.main.ScriptEngine.runScriptAsRawText(ScriptEngine.java:119)
	at com.kms.katalon.core.main.TestCaseExecutor.runScript(TestCaseExecutor.java:337)
	at com.kms.katalon.core.main.TestCaseExecutor.doExecute(TestCaseExecutor.java:328)
	at com.kms.katalon.core.main.TestCaseExecutor.processExecutionPhase(TestCaseExecutor.java:307)
	at com.kms.katalon.core.main.TestCaseExecutor.accessMainPhase(TestCaseExecutor.java:299)
	at com.kms.katalon.core.main.TestCaseExecutor.execute(TestCaseExecutor.java:233)
	at com.kms.katalon.core.main.TestSuiteExecutor.accessTestCaseMainPhase(TestSuiteExecutor.java:169)
	at com.kms.katalon.core.main.TestSuiteExecutor.accessTestSuiteMainPhase(TestSuiteExecutor.java:142)
	at com.kms.katalon.core.main.TestSuiteExecutor.execute(TestSuiteExecutor.java:91)
	at com.kms.katalon.core.main.TestCaseMain.startTestSuite(TestCaseMain.java:157)
	at com.kms.katalon.core.main.TestCaseMain$startTestSuite$0.call(Unknown Source)
	at TempTestSuite1576950821278.run(TempTestSuite1576950821278.groovy:36)
Caused by: com.kms.katalon.core.webui.exception.WebElementNotFoundException: Web element with id: 'Object Repository/Page_ ChannelsTest - FirstTeam Mattermost/button_giabeuu_CENTER_button_8b3y5ekuc7rw9k_023a4c' located by 'By.xpath: //button[@id='CENTER_button_8b3y5ekuc7rw9kh6zrrdqxyg7w']' not found
	at com.kms.katalon.core.webui.common.WebUiCommonHelper.findWebElement(WebUiCommonHelper.java:1154)
	at com.kms.katalon.core.webui.keyword.internal.WebUIAbstractKeyword.findWebElement(WebUIAbstractKeyword.groovy:27)
	at com.kms.katalon.core.webui.keyword.internal.WebUIAbstractKeyword.findWebElement(WebUIAbstractKeyword.groovy:26)
	at com.kms.katalon.core.webui.keyword.builtin.ClickKeyword$_click_closure1.doCall(ClickKeyword.groovy:67)
	at com.kms.katalon.core.webui.keyword.builtin.ClickKeyword$_click_closure1.call(ClickKeyword.groovy)
	at com.kms.katalon.core.webui.keyword.internal.WebUIKeywordMain.runKeyword(WebUIKeywordMain.groovy:20)
	... 19 more


2019-12-22 01:01:59 - [TEST_STEP][PASSED] - openBrowser(""): Browser is opened with url: ''

2019-12-22 01:01:59 - [MESSAGE][INFO] - Starting 'Firefox' driver

2019-12-22 01:02:02 - [MESSAGE][PASSED] - Browser is opened with url: ''

2019-12-22 01:02:02 - [TEST_STEP][PASSED] - navigateToUrl("https://cs300testautomatic.herokuapp.com/"): Navigate to 'https://cs300testautomatic.herokuapp.com/' successfully

2019-12-22 01:02:05 - [MESSAGE][PASSED] - Navigate to 'https://cs300testautomatic.herokuapp.com/' successfully

2019-12-22 01:02:05 - [TEST_STEP][PASSED] - setText(findTestObject("Page_Mattermost/input_All team communication in one place s_703ef5 (22)"), "giabeuu@gmail.com"): Text 'giabeuu@gmail.com' is set on object 'Object Repository/Page_Mattermost/input_All team communication in one place s_703ef5 (22)'

2019-12-22 01:02:10 - [MESSAGE][PASSED] - Text 'giabeuu@gmail.com' is set on object 'Object Repository/Page_Mattermost/input_All team communication in one place s_703ef5 (22)'

2019-12-22 01:02:10 - [TEST_STEP][PASSED] - setEncryptedText(findTestObject("Page_Mattermost/input_All team communication in one place s_2f2733 (22)"), "GoUae4B8Jrc="): Text ****** has been set on object 'Object Repository/Page_Mattermost/input_All team communication in one place s_2f2733 (22)'

2019-12-22 01:02:10 - [MESSAGE][PASSED] - Text ****** has been set on object 'Object Repository/Page_Mattermost/input_All team communication in one place s_2f2733 (22)'

2019-12-22 01:02:10 - [TEST_STEP][PASSED] - sendKeys(findTestObject("Page_Mattermost/input_All team communication in one place s_2f2733 (22)"), Keys.chord(ENTER)): Keys 'ENTER + ' sent to object: 'Object Repository/Page_Mattermost/input_All team communication in one place s_2f2733 (22)'

2019-12-22 01:02:11 - [MESSAGE][PASSED] - Keys 'ENTER + ' sent to object: 'Object Repository/Page_Mattermost/input_All team communication in one place s_2f2733 (22)'

2019-12-22 01:02:11 - [TEST_STEP][PASSED] - click(findTestObject("Object Repository/Page_ Town Square - FirstTeam Mattermost/span_ChannelsTest")): Object: 'Object Repository/Page_ Town Square - FirstTeam Mattermost/span_ChannelsTest' is clicked on

2019-12-22 01:02:14 - [MESSAGE][PASSED] - Object: 'Object Repository/Page_ Town Square - FirstTeam Mattermost/span_ChannelsTest' is clicked on

2019-12-22 01:02:14 - [TEST_STEP][FAILED] - click(findTestObject("Object Repository/Page_ ChannelsTest - FirstTeam Mattermost/button_giabeuu_CENTER_button_8b3y5ekuc7rw9k_023a4c")): Unable to click on object 'Object Repository/Page_ ChannelsTest - FirstTeam Mattermost/button_giabeuu_CENTER_button_8b3y5ekuc7rw9k_023a4c' (Root cause: com.kms.katalon.core.exception.StepFailedException: Unable to click on object 'Object Repository/Page_ ChannelsTest - FirstTeam Mattermost/button_giabeuu_CENTER_button_8b3y5ekuc7rw9k_023a4c'
	at com.kms.katalon.core.webui.keyword.internal.WebUIKeywordMain.stepFailed(WebUIKeywordMain.groovy:64)
	at com.kms.katalon.core.webui.keyword.internal.WebUIKeywordMain.runKeyword(WebUIKeywordMain.groovy:26)
	at com.kms.katalon.core.webui.keyword.builtin.ClickKeyword.click(ClickKeyword.groovy:102)
	at com.kms.katalon.core.webui.keyword.builtin.ClickKeyword.execute(ClickKeyword.groovy:43)
	at com.kms.katalon.core.keyword.internal.KeywordExecutor.executeKeywordForPlatform(KeywordExecutor.groovy:72)
	at com.kms.katalon.core.webui.keyword.WebUiBuiltInKeywords.click(WebUiBuiltInKeywords.groovy:616)
	at com.kms.katalon.core.webui.keyword.WebUiBuiltInKeywords$click$3.call(Unknown Source)
	at TestCase22PinPost.run(TestCase22PinPost:31)
	at com.kms.katalon.core.main.ScriptEngine.run(ScriptEngine.java:194)
	at com.kms.katalon.core.main.ScriptEngine.runScriptAsRawText(ScriptEngine.java:119)
	at com.kms.katalon.core.main.TestCaseExecutor.runScript(TestCaseExecutor.java:337)
	at com.kms.katalon.core.main.TestCaseExecutor.doExecute(TestCaseExecutor.java:328)
	at com.kms.katalon.core.main.TestCaseExecutor.processExecutionPhase(TestCaseExecutor.java:307)
	at com.kms.katalon.core.main.TestCaseExecutor.accessMainPhase(TestCaseExecutor.java:299)
	at com.kms.katalon.core.main.TestCaseExecutor.execute(TestCaseExecutor.java:233)
	at com.kms.katalon.core.main.TestSuiteExecutor.accessTestCaseMainPhase(TestSuiteExecutor.java:169)
	at com.kms.katalon.core.main.TestSuiteExecutor.accessTestSuiteMainPhase(TestSuiteExecutor.java:142)
	at com.kms.katalon.core.main.TestSuiteExecutor.execute(TestSuiteExecutor.java:91)
	at com.kms.katalon.core.main.TestCaseMain.startTestSuite(TestCaseMain.java:157)
	at com.kms.katalon.core.main.TestCaseMain$startTestSuite$0.call(Unknown Source)
	at TempTestSuite1576950821278.run(TempTestSuite1576950821278.groovy:36)
Caused by: com.kms.katalon.core.webui.exception.WebElementNotFoundException: Web element with id: 'Object Repository/Page_ ChannelsTest - FirstTeam Mattermost/button_giabeuu_CENTER_button_8b3y5ekuc7rw9k_023a4c' located by 'By.xpath: //button[@id='CENTER_button_8b3y5ekuc7rw9kh6zrrdqxyg7w']' not found
	at com.kms.katalon.core.webui.common.WebUiCommonHelper.findWebElement(WebUiCommonHelper.java:1154)
	at com.kms.katalon.core.webui.keyword.internal.WebUIAbstractKeyword.findWebElement(WebUIAbstractKeyword.groovy:27)
	at com.kms.katalon.core.webui.keyword.internal.WebUIAbstractKeyword.findWebElement(WebUIAbstractKeyword.groovy:26)
	at com.kms.katalon.core.webui.keyword.builtin.ClickKeyword$_click_closure1.doCall(ClickKeyword.groovy:67)
	at com.kms.katalon.core.webui.keyword.builtin.ClickKeyword$_click_closure1.call(ClickKeyword.groovy)
	at com.kms.katalon.core.webui.keyword.internal.WebUIKeywordMain.runKeyword(WebUIKeywordMain.groovy:20)
	at com.kms.katalon.core.webui.keyword.builtin.ClickKeyword.click(ClickKeyword.groovy:102)
	at com.kms.katalon.core.webui.keyword.builtin.ClickKeyword.execute(ClickKeyword.groovy:43)
	at com.kms.katalon.core.keyword.internal.KeywordExecutor.executeKeywordForPlatform(KeywordExecutor.groovy:72)
	at com.kms.katalon.core.webui.keyword.WebUiBuiltInKeywords.click(WebUiBuiltInKeywords.groovy:616)
	at com.kms.katalon.core.webui.keyword.WebUiBuiltInKeywords$click$3.call(Unknown Source)
	at Script1576863264311.run(Script1576863264311.groovy:31)
	... 13 more
)

2019-12-22 01:02:58 - [MESSAGE][INFO] - Unable to find the element located by 'By.xpath: //button[@id='CENTER_button_8b3y5ekuc7rw9kh6zrrdqxyg7w']'. Please recheck the objects properties to make sure the desired element is located. 

2019-12-22 01:02:58 - [MESSAGE][FAILED] - Unable to click on object 'Object Repository/Page_ ChannelsTest - FirstTeam Mattermost/button_giabeuu_CENTER_button_8b3y5ekuc7rw9k_023a4c' (Root cause: com.kms.katalon.core.exception.StepFailedException: Unable to click on object 'Object Repository/Page_ ChannelsTest - FirstTeam Mattermost/button_giabeuu_CENTER_button_8b3y5ekuc7rw9k_023a4c'
	at com.kms.katalon.core.webui.keyword.internal.WebUIKeywordMain.stepFailed(WebUIKeywordMain.groovy:64)
	at com.kms.katalon.core.webui.keyword.internal.WebUIKeywordMain.runKeyword(WebUIKeywordMain.groovy:26)
	at com.kms.katalon.core.webui.keyword.builtin.ClickKeyword.click(ClickKeyword.groovy:102)
	at com.kms.katalon.core.webui.keyword.builtin.ClickKeyword.execute(ClickKeyword.groovy:43)
	at com.kms.katalon.core.keyword.internal.KeywordExecutor.executeKeywordForPlatform(KeywordExecutor.groovy:72)
	at com.kms.katalon.core.webui.keyword.WebUiBuiltInKeywords.click(WebUiBuiltInKeywords.groovy:616)
	at com.kms.katalon.core.webui.keyword.WebUiBuiltInKeywords$click$3.call(Unknown Source)
	at TestCase22PinPost.run(TestCase22PinPost:31)
	at com.kms.katalon.core.main.ScriptEngine.run(ScriptEngine.java:194)
	at com.kms.katalon.core.main.ScriptEngine.runScriptAsRawText(ScriptEngine.java:119)
	at com.kms.katalon.core.main.TestCaseExecutor.runScript(TestCaseExecutor.java:337)
	at com.kms.katalon.core.main.TestCaseExecutor.doExecute(TestCaseExecutor.java:328)
	at com.kms.katalon.core.main.TestCaseExecutor.processExecutionPhase(TestCaseExecutor.java:307)
	at com.kms.katalon.core.main.TestCaseExecutor.accessMainPhase(TestCaseExecutor.java:299)
	at com.kms.katalon.core.main.TestCaseExecutor.execute(TestCaseExecutor.java:233)
	at com.kms.katalon.core.main.TestSuiteExecutor.accessTestCaseMainPhase(TestSuiteExecutor.java:169)
	at com.kms.katalon.core.main.TestSuiteExecutor.accessTestSuiteMainPhase(TestSuiteExecutor.java:142)
	at com.kms.katalon.core.main.TestSuiteExecutor.execute(TestSuiteExecutor.java:91)
	at com.kms.katalon.core.main.TestCaseMain.startTestSuite(TestCaseMain.java:157)
	at com.kms.katalon.core.main.TestCaseMain$startTestSuite$0.call(Unknown Source)
	at TempTestSuite1576950821278.run(TempTestSuite1576950821278.groovy:36)
Caused by: com.kms.katalon.core.webui.exception.WebElementNotFoundException: Web element with id: 'Object Repository/Page_ ChannelsTest - FirstTeam Mattermost/button_giabeuu_CENTER_button_8b3y5ekuc7rw9k_023a4c' located by 'By.xpath: //button[@id='CENTER_button_8b3y5ekuc7rw9kh6zrrdqxyg7w']' not found
	at com.kms.katalon.core.webui.common.WebUiCommonHelper.findWebElement(WebUiCommonHelper.java:1154)
	at com.kms.katalon.core.webui.keyword.internal.WebUIAbstractKeyword.findWebElement(WebUIAbstractKeyword.groovy:27)
	at com.kms.katalon.core.webui.keyword.internal.WebUIAbstractKeyword.findWebElement(WebUIAbstractKeyword.groovy:26)
	at com.kms.katalon.core.webui.keyword.builtin.ClickKeyword$_click_closure1.doCall(ClickKeyword.groovy:67)
	at com.kms.katalon.core.webui.keyword.builtin.ClickKeyword$_click_closure1.call(ClickKeyword.groovy)
	at com.kms.katalon.core.webui.keyword.internal.WebUIKeywordMain.runKeyword(WebUIKeywordMain.groovy:20)
	at com.kms.katalon.core.webui.keyword.builtin.ClickKeyword.click(ClickKeyword.groovy:102)
	at com.kms.katalon.core.webui.keyword.builtin.ClickKeyword.execute(ClickKeyword.groovy:43)
	at com.kms.katalon.core.keyword.internal.KeywordExecutor.executeKeywordForPlatform(KeywordExecutor.groovy:72)
	at com.kms.katalon.core.webui.keyword.WebUiBuiltInKeywords.click(WebUiBuiltInKeywords.groovy:616)
	at com.kms.katalon.core.webui.keyword.WebUiBuiltInKeywords$click$3.call(Unknown Source)
	at Script1576863264311.run(Script1576863264311.groovy:31)
	... 13 more
)
[[ATTACHMENT|C:\\Users\\Gia Nguyen\\Desktop\\CS300AutomaticWebTesting\\Reports\\20191222_005341\\Run All Test Cases\\20191222_005341\\1576951378552.png]]]]></system-out>
         <system-err><![CDATA[2019-12-22 01:01:59 - [TEST_CASE][FAILED] - Test Cases/TestCase22PinPost: Test Cases/TestCase22PinPost FAILED.
Reason:
com.kms.katalon.core.exception.StepFailedException: Unable to click on object 'Object Repository/Page_ ChannelsTest - FirstTeam Mattermost/button_giabeuu_CENTER_button_8b3y5ekuc7rw9k_023a4c'
	at com.kms.katalon.core.webui.keyword.internal.WebUIKeywordMain.stepFailed(WebUIKeywordMain.groovy:64)
	at com.kms.katalon.core.webui.keyword.internal.WebUIKeywordMain.runKeyword(WebUIKeywordMain.groovy:26)
	at com.kms.katalon.core.webui.keyword.builtin.ClickKeyword.click(ClickKeyword.groovy:102)
	at com.kms.katalon.core.webui.keyword.builtin.ClickKeyword.execute(ClickKeyword.groovy:43)
	at com.kms.katalon.core.keyword.internal.KeywordExecutor.executeKeywordForPlatform(KeywordExecutor.groovy:72)
	at com.kms.katalon.core.webui.keyword.WebUiBuiltInKeywords.click(WebUiBuiltInKeywords.groovy:616)
	at com.kms.katalon.core.webui.keyword.WebUiBuiltInKeywords$click$3.call(Unknown Source)
	at TestCase22PinPost.run(TestCase22PinPost:31)
	at com.kms.katalon.core.main.ScriptEngine.run(ScriptEngine.java:194)
	at com.kms.katalon.core.main.ScriptEngine.runScriptAsRawText(ScriptEngine.java:119)
	at com.kms.katalon.core.main.TestCaseExecutor.runScript(TestCaseExecutor.java:337)
	at com.kms.katalon.core.main.TestCaseExecutor.doExecute(TestCaseExecutor.java:328)
	at com.kms.katalon.core.main.TestCaseExecutor.processExecutionPhase(TestCaseExecutor.java:307)
	at com.kms.katalon.core.main.TestCaseExecutor.accessMainPhase(TestCaseExecutor.java:299)
	at com.kms.katalon.core.main.TestCaseExecutor.execute(TestCaseExecutor.java:233)
	at com.kms.katalon.core.main.TestSuiteExecutor.accessTestCaseMainPhase(TestSuiteExecutor.java:169)
	at com.kms.katalon.core.main.TestSuiteExecutor.accessTestSuiteMainPhase(TestSuiteExecutor.java:142)
	at com.kms.katalon.core.main.TestSuiteExecutor.execute(TestSuiteExecutor.java:91)
	at com.kms.katalon.core.main.TestCaseMain.startTestSuite(TestCaseMain.java:157)
	at com.kms.katalon.core.main.TestCaseMain$startTestSuite$0.call(Unknown Source)
	at TempTestSuite1576950821278.run(TempTestSuite1576950821278.groovy:36)
Caused by: com.kms.katalon.core.webui.exception.WebElementNotFoundException: Web element with id: 'Object Repository/Page_ ChannelsTest - FirstTeam Mattermost/button_giabeuu_CENTER_button_8b3y5ekuc7rw9k_023a4c' located by 'By.xpath: //button[@id='CENTER_button_8b3y5ekuc7rw9kh6zrrdqxyg7w']' not found
	at com.kms.katalon.core.webui.common.WebUiCommonHelper.findWebElement(WebUiCommonHelper.java:1154)
	at com.kms.katalon.core.webui.keyword.internal.WebUIAbstractKeyword.findWebElement(WebUIAbstractKeyword.groovy:27)
	at com.kms.katalon.core.webui.keyword.internal.WebUIAbstractKeyword.findWebElement(WebUIAbstractKeyword.groovy:26)
	at com.kms.katalon.core.webui.keyword.builtin.ClickKeyword$_click_closure1.doCall(ClickKeyword.groovy:67)
	at com.kms.katalon.core.webui.keyword.builtin.ClickKeyword$_click_closure1.call(ClickKeyword.groovy)
	at com.kms.katalon.core.webui.keyword.internal.WebUIKeywordMain.runKeyword(WebUIKeywordMain.groovy:20)
	... 19 more]]></system-err>
      </testcase>
      <testcase name="Test Cases/TestCase23Un-PinPost" time="60.498" classname="Test Cases/TestCase23Un-PinPost" status="FAILED">
         <failure type="FAILED" message="Test Cases/TestCase23Un-PinPost FAILED.
Reason:
com.kms.katalon.core.exception.StepFailedException: Unable to click on object 'Object Repository/Page_ ChannelsTest - FirstTeam Mattermost/button_Pinned_SEARCH_button_8b3y5ekuc7rw9kh_b6bb8d'
	at com.kms.katalon.core.webui.keyword.internal.WebUIKeywordMain.stepFailed(WebUIKeywordMain.groovy:64)
	at com.kms.katalon.core.webui.keyword.internal.WebUIKeywordMain.runKeyword(WebUIKeywordMain.groovy:26)
	at com.kms.katalon.core.webui.keyword.builtin.ClickKeyword.click(ClickKeyword.groovy:102)
	at com.kms.katalon.core.webui.keyword.builtin.ClickKeyword.execute(ClickKeyword.groovy:43)
	at com.kms.katalon.core.keyword.internal.KeywordExecutor.executeKeywordForPlatform(KeywordExecutor.groovy:72)
	at com.kms.katalon.core.webui.keyword.WebUiBuiltInKeywords.click(WebUiBuiltInKeywords.groovy:616)
	at com.kms.katalon.core.webui.keyword.WebUiBuiltInKeywords$click$3.call(Unknown Source)
	at TestCase23Un-PinPost.run(TestCase23Un-PinPost:33)
	at com.kms.katalon.core.main.ScriptEngine.run(ScriptEngine.java:194)
	at com.kms.katalon.core.main.ScriptEngine.runScriptAsRawText(ScriptEngine.java:119)
	at com.kms.katalon.core.main.TestCaseExecutor.runScript(TestCaseExecutor.java:337)
	at com.kms.katalon.core.main.TestCaseExecutor.doExecute(TestCaseExecutor.java:328)
	at com.kms.katalon.core.main.TestCaseExecutor.processExecutionPhase(TestCaseExecutor.java:307)
	at com.kms.katalon.core.main.TestCaseExecutor.accessMainPhase(TestCaseExecutor.java:299)
	at com.kms.katalon.core.main.TestCaseExecutor.execute(TestCaseExecutor.java:233)
	at com.kms.katalon.core.main.TestSuiteExecutor.accessTestCaseMainPhase(TestSuiteExecutor.java:169)
	at com.kms.katalon.core.main.TestSuiteExecutor.accessTestSuiteMainPhase(TestSuiteExecutor.java:142)
	at com.kms.katalon.core.main.TestSuiteExecutor.execute(TestSuiteExecutor.java:91)
	at com.kms.katalon.core.main.TestCaseMain.startTestSuite(TestCaseMain.java:157)
	at com.kms.katalon.core.main.TestCaseMain$startTestSuite$0.call(Unknown Source)
	at TempTestSuite1576950821278.run(TempTestSuite1576950821278.groovy:36)
Caused by: com.kms.katalon.core.webui.exception.WebElementNotFoundException: Web element with id: 'Object Repository/Page_ ChannelsTest - FirstTeam Mattermost/button_Pinned_SEARCH_button_8b3y5ekuc7rw9kh_b6bb8d' located by 'By.xpath: //button[@id='SEARCH_button_8b3y5ekuc7rw9kh6zrrdqxyg7w']' not found
	at com.kms.katalon.core.webui.common.WebUiCommonHelper.findWebElement(WebUiCommonHelper.java:1154)
	at com.kms.katalon.core.webui.keyword.internal.WebUIAbstractKeyword.findWebElement(WebUIAbstractKeyword.groovy:27)
	at com.kms.katalon.core.webui.keyword.internal.WebUIAbstractKeyword.findWebElement(WebUIAbstractKeyword.groovy:26)
	at com.kms.katalon.core.webui.keyword.builtin.ClickKeyword$_click_closure1.doCall(ClickKeyword.groovy:67)
	at com.kms.katalon.core.webui.keyword.builtin.ClickKeyword$_click_closure1.call(ClickKeyword.groovy)
	at com.kms.katalon.core.webui.keyword.internal.WebUIKeywordMain.runKeyword(WebUIKeywordMain.groovy:20)
	... 19 more
"/>
         <system-out><![CDATA[2019-12-22 01:02:58 - [TEST_CASE][FAILED] - Test Cases/TestCase23Un-PinPost: Test Cases/TestCase23Un-PinPost FAILED.
Reason:
com.kms.katalon.core.exception.StepFailedException: Unable to click on object 'Object Repository/Page_ ChannelsTest - FirstTeam Mattermost/button_Pinned_SEARCH_button_8b3y5ekuc7rw9kh_b6bb8d'
	at com.kms.katalon.core.webui.keyword.internal.WebUIKeywordMain.stepFailed(WebUIKeywordMain.groovy:64)
	at com.kms.katalon.core.webui.keyword.internal.WebUIKeywordMain.runKeyword(WebUIKeywordMain.groovy:26)
	at com.kms.katalon.core.webui.keyword.builtin.ClickKeyword.click(ClickKeyword.groovy:102)
	at com.kms.katalon.core.webui.keyword.builtin.ClickKeyword.execute(ClickKeyword.groovy:43)
	at com.kms.katalon.core.keyword.internal.KeywordExecutor.executeKeywordForPlatform(KeywordExecutor.groovy:72)
	at com.kms.katalon.core.webui.keyword.WebUiBuiltInKeywords.click(WebUiBuiltInKeywords.groovy:616)
	at com.kms.katalon.core.webui.keyword.WebUiBuiltInKeywords$click$3.call(Unknown Source)
	at TestCase23Un-PinPost.run(TestCase23Un-PinPost:33)
	at com.kms.katalon.core.main.ScriptEngine.run(ScriptEngine.java:194)
	at com.kms.katalon.core.main.ScriptEngine.runScriptAsRawText(ScriptEngine.java:119)
	at com.kms.katalon.core.main.TestCaseExecutor.runScript(TestCaseExecutor.java:337)
	at com.kms.katalon.core.main.TestCaseExecutor.doExecute(TestCaseExecutor.java:328)
	at com.kms.katalon.core.main.TestCaseExecutor.processExecutionPhase(TestCaseExecutor.java:307)
	at com.kms.katalon.core.main.TestCaseExecutor.accessMainPhase(TestCaseExecutor.java:299)
	at com.kms.katalon.core.main.TestCaseExecutor.execute(TestCaseExecutor.java:233)
	at com.kms.katalon.core.main.TestSuiteExecutor.accessTestCaseMainPhase(TestSuiteExecutor.java:169)
	at com.kms.katalon.core.main.TestSuiteExecutor.accessTestSuiteMainPhase(TestSuiteExecutor.java:142)
	at com.kms.katalon.core.main.TestSuiteExecutor.execute(TestSuiteExecutor.java:91)
	at com.kms.katalon.core.main.TestCaseMain.startTestSuite(TestCaseMain.java:157)
	at com.kms.katalon.core.main.TestCaseMain$startTestSuite$0.call(Unknown Source)
	at TempTestSuite1576950821278.run(TempTestSuite1576950821278.groovy:36)
Caused by: com.kms.katalon.core.webui.exception.WebElementNotFoundException: Web element with id: 'Object Repository/Page_ ChannelsTest - FirstTeam Mattermost/button_Pinned_SEARCH_button_8b3y5ekuc7rw9kh_b6bb8d' located by 'By.xpath: //button[@id='SEARCH_button_8b3y5ekuc7rw9kh6zrrdqxyg7w']' not found
	at com.kms.katalon.core.webui.common.WebUiCommonHelper.findWebElement(WebUiCommonHelper.java:1154)
	at com.kms.katalon.core.webui.keyword.internal.WebUIAbstractKeyword.findWebElement(WebUIAbstractKeyword.groovy:27)
	at com.kms.katalon.core.webui.keyword.internal.WebUIAbstractKeyword.findWebElement(WebUIAbstractKeyword.groovy:26)
	at com.kms.katalon.core.webui.keyword.builtin.ClickKeyword$_click_closure1.doCall(ClickKeyword.groovy:67)
	at com.kms.katalon.core.webui.keyword.builtin.ClickKeyword$_click_closure1.call(ClickKeyword.groovy)
	at com.kms.katalon.core.webui.keyword.internal.WebUIKeywordMain.runKeyword(WebUIKeywordMain.groovy:20)
	... 19 more


2019-12-22 01:02:58 - [TEST_STEP][PASSED] - openBrowser(""): Browser is opened with url: ''

2019-12-22 01:02:58 - [MESSAGE][WARNING] - A browser is already opened. Closing browser and opening a new one

2019-12-22 01:02:59 - [MESSAGE][INFO] - Starting 'Firefox' driver

2019-12-22 01:03:02 - [MESSAGE][PASSED] - Browser is opened with url: ''

2019-12-22 01:03:02 - [TEST_STEP][PASSED] - navigateToUrl("https://cs300testautomatic.herokuapp.com/"): Navigate to 'https://cs300testautomatic.herokuapp.com/' successfully

2019-12-22 01:03:05 - [MESSAGE][PASSED] - Navigate to 'https://cs300testautomatic.herokuapp.com/' successfully

2019-12-22 01:03:05 - [TEST_STEP][PASSED] - setText(findTestObject("Page_Mattermost/input_All team communication in one place s_703ef5 (23)"), "giabeuu@gmail.com"): Text 'giabeuu@gmail.com' is set on object 'Object Repository/Page_Mattermost/input_All team communication in one place s_703ef5 (23)'

2019-12-22 01:03:09 - [MESSAGE][PASSED] - Text 'giabeuu@gmail.com' is set on object 'Object Repository/Page_Mattermost/input_All team communication in one place s_703ef5 (23)'

2019-12-22 01:03:09 - [TEST_STEP][PASSED] - setEncryptedText(findTestObject("Page_Mattermost/input_All team communication in one place s_2f2733 (23)"), "GoUae4B8Jrc="): Text ****** has been set on object 'Object Repository/Page_Mattermost/input_All team communication in one place s_2f2733 (23)'

2019-12-22 01:03:10 - [MESSAGE][PASSED] - Text ****** has been set on object 'Object Repository/Page_Mattermost/input_All team communication in one place s_2f2733 (23)'

2019-12-22 01:03:10 - [TEST_STEP][PASSED] - click(findTestObject("Page_Mattermost/button_Sign in (12)")): Object: 'Object Repository/Page_Mattermost/button_Sign in (12)' is clicked on

2019-12-22 01:03:10 - [MESSAGE][PASSED] - Object: 'Object Repository/Page_Mattermost/button_Sign in (12)' is clicked on

2019-12-22 01:03:10 - [TEST_STEP][PASSED] - click(findTestObject("Object Repository/Page_ Town Square - FirstTeam Mattermost/a_ChannelsTest")): Object: 'Object Repository/Page_ Town Square - FirstTeam Mattermost/a_ChannelsTest' is clicked on

2019-12-22 01:03:14 - [MESSAGE][PASSED] - Object: 'Object Repository/Page_ Town Square - FirstTeam Mattermost/a_ChannelsTest' is clicked on

2019-12-22 01:03:14 - [TEST_STEP][PASSED] - click(findTestObject("Object Repository/Page_ ChannelsTest - FirstTeam Mattermost/button_ChannelsTest_channelHeaderPinButton")): Object: 'Object Repository/Page_ ChannelsTest - FirstTeam Mattermost/button_ChannelsTest_channelHeaderPinButton' is clicked on

2019-12-22 01:03:15 - [MESSAGE][PASSED] - Object: 'Object Repository/Page_ ChannelsTest - FirstTeam Mattermost/button_ChannelsTest_channelHeaderPinButton' is clicked on

2019-12-22 01:03:15 - [TEST_STEP][FAILED] - click(findTestObject("Object Repository/Page_ ChannelsTest - FirstTeam Mattermost/button_Pinned_SEARCH_button_8b3y5ekuc7rw9kh_b6bb8d")): Unable to click on object 'Object Repository/Page_ ChannelsTest - FirstTeam Mattermost/button_Pinned_SEARCH_button_8b3y5ekuc7rw9kh_b6bb8d' (Root cause: com.kms.katalon.core.exception.StepFailedException: Unable to click on object 'Object Repository/Page_ ChannelsTest - FirstTeam Mattermost/button_Pinned_SEARCH_button_8b3y5ekuc7rw9kh_b6bb8d'
	at com.kms.katalon.core.webui.keyword.internal.WebUIKeywordMain.stepFailed(WebUIKeywordMain.groovy:64)
	at com.kms.katalon.core.webui.keyword.internal.WebUIKeywordMain.runKeyword(WebUIKeywordMain.groovy:26)
	at com.kms.katalon.core.webui.keyword.builtin.ClickKeyword.click(ClickKeyword.groovy:102)
	at com.kms.katalon.core.webui.keyword.builtin.ClickKeyword.execute(ClickKeyword.groovy:43)
	at com.kms.katalon.core.keyword.internal.KeywordExecutor.executeKeywordForPlatform(KeywordExecutor.groovy:72)
	at com.kms.katalon.core.webui.keyword.WebUiBuiltInKeywords.click(WebUiBuiltInKeywords.groovy:616)
	at com.kms.katalon.core.webui.keyword.WebUiBuiltInKeywords$click$3.call(Unknown Source)
	at TestCase23Un-PinPost.run(TestCase23Un-PinPost:33)
	at com.kms.katalon.core.main.ScriptEngine.run(ScriptEngine.java:194)
	at com.kms.katalon.core.main.ScriptEngine.runScriptAsRawText(ScriptEngine.java:119)
	at com.kms.katalon.core.main.TestCaseExecutor.runScript(TestCaseExecutor.java:337)
	at com.kms.katalon.core.main.TestCaseExecutor.doExecute(TestCaseExecutor.java:328)
	at com.kms.katalon.core.main.TestCaseExecutor.processExecutionPhase(TestCaseExecutor.java:307)
	at com.kms.katalon.core.main.TestCaseExecutor.accessMainPhase(TestCaseExecutor.java:299)
	at com.kms.katalon.core.main.TestCaseExecutor.execute(TestCaseExecutor.java:233)
	at com.kms.katalon.core.main.TestSuiteExecutor.accessTestCaseMainPhase(TestSuiteExecutor.java:169)
	at com.kms.katalon.core.main.TestSuiteExecutor.accessTestSuiteMainPhase(TestSuiteExecutor.java:142)
	at com.kms.katalon.core.main.TestSuiteExecutor.execute(TestSuiteExecutor.java:91)
	at com.kms.katalon.core.main.TestCaseMain.startTestSuite(TestCaseMain.java:157)
	at com.kms.katalon.core.main.TestCaseMain$startTestSuite$0.call(Unknown Source)
	at TempTestSuite1576950821278.run(TempTestSuite1576950821278.groovy:36)
Caused by: com.kms.katalon.core.webui.exception.WebElementNotFoundException: Web element with id: 'Object Repository/Page_ ChannelsTest - FirstTeam Mattermost/button_Pinned_SEARCH_button_8b3y5ekuc7rw9kh_b6bb8d' located by 'By.xpath: //button[@id='SEARCH_button_8b3y5ekuc7rw9kh6zrrdqxyg7w']' not found
	at com.kms.katalon.core.webui.common.WebUiCommonHelper.findWebElement(WebUiCommonHelper.java:1154)
	at com.kms.katalon.core.webui.keyword.internal.WebUIAbstractKeyword.findWebElement(WebUIAbstractKeyword.groovy:27)
	at com.kms.katalon.core.webui.keyword.internal.WebUIAbstractKeyword.findWebElement(WebUIAbstractKeyword.groovy:26)
	at com.kms.katalon.core.webui.keyword.builtin.ClickKeyword$_click_closure1.doCall(ClickKeyword.groovy:67)
	at com.kms.katalon.core.webui.keyword.builtin.ClickKeyword$_click_closure1.call(ClickKeyword.groovy)
	at com.kms.katalon.core.webui.keyword.internal.WebUIKeywordMain.runKeyword(WebUIKeywordMain.groovy:20)
	at com.kms.katalon.core.webui.keyword.builtin.ClickKeyword.click(ClickKeyword.groovy:102)
	at com.kms.katalon.core.webui.keyword.builtin.ClickKeyword.execute(ClickKeyword.groovy:43)
	at com.kms.katalon.core.keyword.internal.KeywordExecutor.executeKeywordForPlatform(KeywordExecutor.groovy:72)
	at com.kms.katalon.core.webui.keyword.WebUiBuiltInKeywords.click(WebUiBuiltInKeywords.groovy:616)
	at com.kms.katalon.core.webui.keyword.WebUiBuiltInKeywords$click$3.call(Unknown Source)
	at Script1576863258391.run(Script1576863258391.groovy:33)
	... 13 more
)

2019-12-22 01:03:59 - [MESSAGE][INFO] - Unable to find the element located by 'By.xpath: //button[@id='SEARCH_button_8b3y5ekuc7rw9kh6zrrdqxyg7w']'. Please recheck the objects properties to make sure the desired element is located. 

2019-12-22 01:03:59 - [MESSAGE][FAILED] - Unable to click on object 'Object Repository/Page_ ChannelsTest - FirstTeam Mattermost/button_Pinned_SEARCH_button_8b3y5ekuc7rw9kh_b6bb8d' (Root cause: com.kms.katalon.core.exception.StepFailedException: Unable to click on object 'Object Repository/Page_ ChannelsTest - FirstTeam Mattermost/button_Pinned_SEARCH_button_8b3y5ekuc7rw9kh_b6bb8d'
	at com.kms.katalon.core.webui.keyword.internal.WebUIKeywordMain.stepFailed(WebUIKeywordMain.groovy:64)
	at com.kms.katalon.core.webui.keyword.internal.WebUIKeywordMain.runKeyword(WebUIKeywordMain.groovy:26)
	at com.kms.katalon.core.webui.keyword.builtin.ClickKeyword.click(ClickKeyword.groovy:102)
	at com.kms.katalon.core.webui.keyword.builtin.ClickKeyword.execute(ClickKeyword.groovy:43)
	at com.kms.katalon.core.keyword.internal.KeywordExecutor.executeKeywordForPlatform(KeywordExecutor.groovy:72)
	at com.kms.katalon.core.webui.keyword.WebUiBuiltInKeywords.click(WebUiBuiltInKeywords.groovy:616)
	at com.kms.katalon.core.webui.keyword.WebUiBuiltInKeywords$click$3.call(Unknown Source)
	at TestCase23Un-PinPost.run(TestCase23Un-PinPost:33)
	at com.kms.katalon.core.main.ScriptEngine.run(ScriptEngine.java:194)
	at com.kms.katalon.core.main.ScriptEngine.runScriptAsRawText(ScriptEngine.java:119)
	at com.kms.katalon.core.main.TestCaseExecutor.runScript(TestCaseExecutor.java:337)
	at com.kms.katalon.core.main.TestCaseExecutor.doExecute(TestCaseExecutor.java:328)
	at com.kms.katalon.core.main.TestCaseExecutor.processExecutionPhase(TestCaseExecutor.java:307)
	at com.kms.katalon.core.main.TestCaseExecutor.accessMainPhase(TestCaseExecutor.java:299)
	at com.kms.katalon.core.main.TestCaseExecutor.execute(TestCaseExecutor.java:233)
	at com.kms.katalon.core.main.TestSuiteExecutor.accessTestCaseMainPhase(TestSuiteExecutor.java:169)
	at com.kms.katalon.core.main.TestSuiteExecutor.accessTestSuiteMainPhase(TestSuiteExecutor.java:142)
	at com.kms.katalon.core.main.TestSuiteExecutor.execute(TestSuiteExecutor.java:91)
	at com.kms.katalon.core.main.TestCaseMain.startTestSuite(TestCaseMain.java:157)
	at com.kms.katalon.core.main.TestCaseMain$startTestSuite$0.call(Unknown Source)
	at TempTestSuite1576950821278.run(TempTestSuite1576950821278.groovy:36)
Caused by: com.kms.katalon.core.webui.exception.WebElementNotFoundException: Web element with id: 'Object Repository/Page_ ChannelsTest - FirstTeam Mattermost/button_Pinned_SEARCH_button_8b3y5ekuc7rw9kh_b6bb8d' located by 'By.xpath: //button[@id='SEARCH_button_8b3y5ekuc7rw9kh6zrrdqxyg7w']' not found
	at com.kms.katalon.core.webui.common.WebUiCommonHelper.findWebElement(WebUiCommonHelper.java:1154)
	at com.kms.katalon.core.webui.keyword.internal.WebUIAbstractKeyword.findWebElement(WebUIAbstractKeyword.groovy:27)
	at com.kms.katalon.core.webui.keyword.internal.WebUIAbstractKeyword.findWebElement(WebUIAbstractKeyword.groovy:26)
	at com.kms.katalon.core.webui.keyword.builtin.ClickKeyword$_click_closure1.doCall(ClickKeyword.groovy:67)
	at com.kms.katalon.core.webui.keyword.builtin.ClickKeyword$_click_closure1.call(ClickKeyword.groovy)
	at com.kms.katalon.core.webui.keyword.internal.WebUIKeywordMain.runKeyword(WebUIKeywordMain.groovy:20)
	at com.kms.katalon.core.webui.keyword.builtin.ClickKeyword.click(ClickKeyword.groovy:102)
	at com.kms.katalon.core.webui.keyword.builtin.ClickKeyword.execute(ClickKeyword.groovy:43)
	at com.kms.katalon.core.keyword.internal.KeywordExecutor.executeKeywordForPlatform(KeywordExecutor.groovy:72)
	at com.kms.katalon.core.webui.keyword.WebUiBuiltInKeywords.click(WebUiBuiltInKeywords.groovy:616)
	at com.kms.katalon.core.webui.keyword.WebUiBuiltInKeywords$click$3.call(Unknown Source)
	at Script1576863258391.run(Script1576863258391.groovy:33)
	... 13 more
)
[[ATTACHMENT|C:\\Users\\Gia Nguyen\\Desktop\\CS300AutomaticWebTesting\\Reports\\20191222_005341\\Run All Test Cases\\20191222_005341\\1576951439038.png]]]]></system-out>
         <system-err><![CDATA[2019-12-22 01:02:58 - [TEST_CASE][FAILED] - Test Cases/TestCase23Un-PinPost: Test Cases/TestCase23Un-PinPost FAILED.
Reason:
com.kms.katalon.core.exception.StepFailedException: Unable to click on object 'Object Repository/Page_ ChannelsTest - FirstTeam Mattermost/button_Pinned_SEARCH_button_8b3y5ekuc7rw9kh_b6bb8d'
	at com.kms.katalon.core.webui.keyword.internal.WebUIKeywordMain.stepFailed(WebUIKeywordMain.groovy:64)
	at com.kms.katalon.core.webui.keyword.internal.WebUIKeywordMain.runKeyword(WebUIKeywordMain.groovy:26)
	at com.kms.katalon.core.webui.keyword.builtin.ClickKeyword.click(ClickKeyword.groovy:102)
	at com.kms.katalon.core.webui.keyword.builtin.ClickKeyword.execute(ClickKeyword.groovy:43)
	at com.kms.katalon.core.keyword.internal.KeywordExecutor.executeKeywordForPlatform(KeywordExecutor.groovy:72)
	at com.kms.katalon.core.webui.keyword.WebUiBuiltInKeywords.click(WebUiBuiltInKeywords.groovy:616)
	at com.kms.katalon.core.webui.keyword.WebUiBuiltInKeywords$click$3.call(Unknown Source)
	at TestCase23Un-PinPost.run(TestCase23Un-PinPost:33)
	at com.kms.katalon.core.main.ScriptEngine.run(ScriptEngine.java:194)
	at com.kms.katalon.core.main.ScriptEngine.runScriptAsRawText(ScriptEngine.java:119)
	at com.kms.katalon.core.main.TestCaseExecutor.runScript(TestCaseExecutor.java:337)
	at com.kms.katalon.core.main.TestCaseExecutor.doExecute(TestCaseExecutor.java:328)
	at com.kms.katalon.core.main.TestCaseExecutor.processExecutionPhase(TestCaseExecutor.java:307)
	at com.kms.katalon.core.main.TestCaseExecutor.accessMainPhase(TestCaseExecutor.java:299)
	at com.kms.katalon.core.main.TestCaseExecutor.execute(TestCaseExecutor.java:233)
	at com.kms.katalon.core.main.TestSuiteExecutor.accessTestCaseMainPhase(TestSuiteExecutor.java:169)
	at com.kms.katalon.core.main.TestSuiteExecutor.accessTestSuiteMainPhase(TestSuiteExecutor.java:142)
	at com.kms.katalon.core.main.TestSuiteExecutor.execute(TestSuiteExecutor.java:91)
	at com.kms.katalon.core.main.TestCaseMain.startTestSuite(TestCaseMain.java:157)
	at com.kms.katalon.core.main.TestCaseMain$startTestSuite$0.call(Unknown Source)
	at TempTestSuite1576950821278.run(TempTestSuite1576950821278.groovy:36)
Caused by: com.kms.katalon.core.webui.exception.WebElementNotFoundException: Web element with id: 'Object Repository/Page_ ChannelsTest - FirstTeam Mattermost/button_Pinned_SEARCH_button_8b3y5ekuc7rw9kh_b6bb8d' located by 'By.xpath: //button[@id='SEARCH_button_8b3y5ekuc7rw9kh6zrrdqxyg7w']' not found
	at com.kms.katalon.core.webui.common.WebUiCommonHelper.findWebElement(WebUiCommonHelper.java:1154)
	at com.kms.katalon.core.webui.keyword.internal.WebUIAbstractKeyword.findWebElement(WebUIAbstractKeyword.groovy:27)
	at com.kms.katalon.core.webui.keyword.internal.WebUIAbstractKeyword.findWebElement(WebUIAbstractKeyword.groovy:26)
	at com.kms.katalon.core.webui.keyword.builtin.ClickKeyword$_click_closure1.doCall(ClickKeyword.groovy:67)
	at com.kms.katalon.core.webui.keyword.builtin.ClickKeyword$_click_closure1.call(ClickKeyword.groovy)
	at com.kms.katalon.core.webui.keyword.internal.WebUIKeywordMain.runKeyword(WebUIKeywordMain.groovy:20)
	... 19 more]]></system-err>
      </testcase>
      <testcase name="Test Cases/TestCase24AddNewHeaderOnOff-TopicChannel" time="55.364" classname="Test Cases/TestCase24AddNewHeaderOnOff-TopicChannel" status="FAILED">
         <failure type="FAILED" message="Test Cases/TestCase24AddNewHeaderOnOff-TopicChannel FAILED.
Reason:
com.kms.katalon.core.exception.StepFailedException: Unable to click on object 'Object Repository/Page_ Town Square - FirstTeam Mattermost/div_Fi (6)'
	at com.kms.katalon.core.webui.keyword.internal.WebUIKeywordMain.stepFailed(WebUIKeywordMain.groovy:64)
	at com.kms.katalon.core.webui.keyword.internal.WebUIKeywordMain.runKeyword(WebUIKeywordMain.groovy:26)
	at com.kms.katalon.core.webui.keyword.builtin.ClickKeyword.click(ClickKeyword.groovy:102)
	at com.kms.katalon.core.webui.keyword.builtin.ClickKeyword.execute(ClickKeyword.groovy:43)
	at com.kms.katalon.core.keyword.internal.KeywordExecutor.executeKeywordForPlatform(KeywordExecutor.groovy:72)
	at com.kms.katalon.core.webui.keyword.WebUiBuiltInKeywords.click(WebUiBuiltInKeywords.groovy:616)
	at com.kms.katalon.core.webui.keyword.WebUiBuiltInKeywords$click$3.call(Unknown Source)
	at TestCase24AddNewHeaderOnOff-TopicChannel.run(TestCase24AddNewHeaderOnOff-TopicChannel:29)
	at com.kms.katalon.core.main.ScriptEngine.run(ScriptEngine.java:194)
	at com.kms.katalon.core.main.ScriptEngine.runScriptAsRawText(ScriptEngine.java:119)
	at com.kms.katalon.core.main.TestCaseExecutor.runScript(TestCaseExecutor.java:337)
	at com.kms.katalon.core.main.TestCaseExecutor.doExecute(TestCaseExecutor.java:328)
	at com.kms.katalon.core.main.TestCaseExecutor.processExecutionPhase(TestCaseExecutor.java:307)
	at com.kms.katalon.core.main.TestCaseExecutor.accessMainPhase(TestCaseExecutor.java:299)
	at com.kms.katalon.core.main.TestCaseExecutor.execute(TestCaseExecutor.java:233)
	at com.kms.katalon.core.main.TestSuiteExecutor.accessTestCaseMainPhase(TestSuiteExecutor.java:169)
	at com.kms.katalon.core.main.TestSuiteExecutor.accessTestSuiteMainPhase(TestSuiteExecutor.java:142)
	at com.kms.katalon.core.main.TestSuiteExecutor.execute(TestSuiteExecutor.java:91)
	at com.kms.katalon.core.main.TestCaseMain.startTestSuite(TestCaseMain.java:157)
	at com.kms.katalon.core.main.TestCaseMain$startTestSuite$0.call(Unknown Source)
	at TempTestSuite1576950821278.run(TempTestSuite1576950821278.groovy:36)
Caused by: com.kms.katalon.core.webui.exception.WebElementNotFoundException: Web element with id: 'Object Repository/Page_ Town Square - FirstTeam Mattermost/div_Fi (6)' located by 'By.xpath: //a[@id='firstteamTeamButton']/div/div/div' not found
	at com.kms.katalon.core.webui.common.WebUiCommonHelper.findWebElement(WebUiCommonHelper.java:1154)
	at com.kms.katalon.core.webui.keyword.internal.WebUIAbstractKeyword.findWebElement(WebUIAbstractKeyword.groovy:27)
	at com.kms.katalon.core.webui.keyword.internal.WebUIAbstractKeyword.findWebElement(WebUIAbstractKeyword.groovy:26)
	at com.kms.katalon.core.webui.keyword.builtin.ClickKeyword$_click_closure1.doCall(ClickKeyword.groovy:67)
	at com.kms.katalon.core.webui.keyword.builtin.ClickKeyword$_click_closure1.call(ClickKeyword.groovy)
	at com.kms.katalon.core.webui.keyword.internal.WebUIKeywordMain.runKeyword(WebUIKeywordMain.groovy:20)
	... 19 more
"/>
         <system-out><![CDATA[2019-12-22 01:03:59 - [TEST_CASE][FAILED] - Test Cases/TestCase24AddNewHeaderOnOff-TopicChannel: Test Cases/TestCase24AddNewHeaderOnOff-TopicChannel FAILED.
Reason:
com.kms.katalon.core.exception.StepFailedException: Unable to click on object 'Object Repository/Page_ Town Square - FirstTeam Mattermost/div_Fi (6)'
	at com.kms.katalon.core.webui.keyword.internal.WebUIKeywordMain.stepFailed(WebUIKeywordMain.groovy:64)
	at com.kms.katalon.core.webui.keyword.internal.WebUIKeywordMain.runKeyword(WebUIKeywordMain.groovy:26)
	at com.kms.katalon.core.webui.keyword.builtin.ClickKeyword.click(ClickKeyword.groovy:102)
	at com.kms.katalon.core.webui.keyword.builtin.ClickKeyword.execute(ClickKeyword.groovy:43)
	at com.kms.katalon.core.keyword.internal.KeywordExecutor.executeKeywordForPlatform(KeywordExecutor.groovy:72)
	at com.kms.katalon.core.webui.keyword.WebUiBuiltInKeywords.click(WebUiBuiltInKeywords.groovy:616)
	at com.kms.katalon.core.webui.keyword.WebUiBuiltInKeywords$click$3.call(Unknown Source)
	at TestCase24AddNewHeaderOnOff-TopicChannel.run(TestCase24AddNewHeaderOnOff-TopicChannel:29)
	at com.kms.katalon.core.main.ScriptEngine.run(ScriptEngine.java:194)
	at com.kms.katalon.core.main.ScriptEngine.runScriptAsRawText(ScriptEngine.java:119)
	at com.kms.katalon.core.main.TestCaseExecutor.runScript(TestCaseExecutor.java:337)
	at com.kms.katalon.core.main.TestCaseExecutor.doExecute(TestCaseExecutor.java:328)
	at com.kms.katalon.core.main.TestCaseExecutor.processExecutionPhase(TestCaseExecutor.java:307)
	at com.kms.katalon.core.main.TestCaseExecutor.accessMainPhase(TestCaseExecutor.java:299)
	at com.kms.katalon.core.main.TestCaseExecutor.execute(TestCaseExecutor.java:233)
	at com.kms.katalon.core.main.TestSuiteExecutor.accessTestCaseMainPhase(TestSuiteExecutor.java:169)
	at com.kms.katalon.core.main.TestSuiteExecutor.accessTestSuiteMainPhase(TestSuiteExecutor.java:142)
	at com.kms.katalon.core.main.TestSuiteExecutor.execute(TestSuiteExecutor.java:91)
	at com.kms.katalon.core.main.TestCaseMain.startTestSuite(TestCaseMain.java:157)
	at com.kms.katalon.core.main.TestCaseMain$startTestSuite$0.call(Unknown Source)
	at TempTestSuite1576950821278.run(TempTestSuite1576950821278.groovy:36)
Caused by: com.kms.katalon.core.webui.exception.WebElementNotFoundException: Web element with id: 'Object Repository/Page_ Town Square - FirstTeam Mattermost/div_Fi (6)' located by 'By.xpath: //a[@id='firstteamTeamButton']/div/div/div' not found
	at com.kms.katalon.core.webui.common.WebUiCommonHelper.findWebElement(WebUiCommonHelper.java:1154)
	at com.kms.katalon.core.webui.keyword.internal.WebUIAbstractKeyword.findWebElement(WebUIAbstractKeyword.groovy:27)
	at com.kms.katalon.core.webui.keyword.internal.WebUIAbstractKeyword.findWebElement(WebUIAbstractKeyword.groovy:26)
	at com.kms.katalon.core.webui.keyword.builtin.ClickKeyword$_click_closure1.doCall(ClickKeyword.groovy:67)
	at com.kms.katalon.core.webui.keyword.builtin.ClickKeyword$_click_closure1.call(ClickKeyword.groovy)
	at com.kms.katalon.core.webui.keyword.internal.WebUIKeywordMain.runKeyword(WebUIKeywordMain.groovy:20)
	... 19 more


2019-12-22 01:03:59 - [TEST_STEP][PASSED] - openBrowser(""): Browser is opened with url: ''

2019-12-22 01:03:59 - [MESSAGE][WARNING] - A browser is already opened. Closing browser and opening a new one

2019-12-22 01:03:59 - [MESSAGE][INFO] - Starting 'Firefox' driver

2019-12-22 01:04:02 - [MESSAGE][PASSED] - Browser is opened with url: ''

2019-12-22 01:04:02 - [TEST_STEP][PASSED] - navigateToUrl("https://cs300testautomatic.herokuapp.com/"): Navigate to 'https://cs300testautomatic.herokuapp.com/' successfully

2019-12-22 01:04:05 - [MESSAGE][PASSED] - Navigate to 'https://cs300testautomatic.herokuapp.com/' successfully

2019-12-22 01:04:05 - [TEST_STEP][PASSED] - setText(findTestObject("Page_Mattermost/input_All team communication in one place s_703ef5 (14)"), "giabeuu@gmail.com"): Text 'giabeuu@gmail.com' is set on object 'Object Repository/Page_Mattermost/input_All team communication in one place s_703ef5 (14)'

2019-12-22 01:04:09 - [MESSAGE][PASSED] - Text 'giabeuu@gmail.com' is set on object 'Object Repository/Page_Mattermost/input_All team communication in one place s_703ef5 (14)'

2019-12-22 01:04:09 - [TEST_STEP][PASSED] - setEncryptedText(findTestObject("Page_Mattermost/input_All team communication in one place s_2f2733 (14)"), "GoUae4B8Jrc="): Text ****** has been set on object 'Object Repository/Page_Mattermost/input_All team communication in one place s_2f2733 (14)'

2019-12-22 01:04:09 - [MESSAGE][PASSED] - Text ****** has been set on object 'Object Repository/Page_Mattermost/input_All team communication in one place s_2f2733 (14)'

2019-12-22 01:04:09 - [TEST_STEP][PASSED] - click(findTestObject("Page_Mattermost/button_Sign in (4)")): Object: 'Object Repository/Page_Mattermost/button_Sign in (4)' is clicked on

2019-12-22 01:04:10 - [MESSAGE][PASSED] - Object: 'Object Repository/Page_Mattermost/button_Sign in (4)' is clicked on

2019-12-22 01:04:10 - [TEST_STEP][FAILED] - click(findTestObject("Page_ Town Square - FirstTeam Mattermost/div_Fi (6)")): Unable to click on object 'Object Repository/Page_ Town Square - FirstTeam Mattermost/div_Fi (6)' (Root cause: com.kms.katalon.core.exception.StepFailedException: Unable to click on object 'Object Repository/Page_ Town Square - FirstTeam Mattermost/div_Fi (6)'
	at com.kms.katalon.core.webui.keyword.internal.WebUIKeywordMain.stepFailed(WebUIKeywordMain.groovy:64)
	at com.kms.katalon.core.webui.keyword.internal.WebUIKeywordMain.runKeyword(WebUIKeywordMain.groovy:26)
	at com.kms.katalon.core.webui.keyword.builtin.ClickKeyword.click(ClickKeyword.groovy:102)
	at com.kms.katalon.core.webui.keyword.builtin.ClickKeyword.execute(ClickKeyword.groovy:43)
	at com.kms.katalon.core.keyword.internal.KeywordExecutor.executeKeywordForPlatform(KeywordExecutor.groovy:72)
	at com.kms.katalon.core.webui.keyword.WebUiBuiltInKeywords.click(WebUiBuiltInKeywords.groovy:616)
	at com.kms.katalon.core.webui.keyword.WebUiBuiltInKeywords$click$3.call(Unknown Source)
	at TestCase24AddNewHeaderOnOff-TopicChannel.run(TestCase24AddNewHeaderOnOff-TopicChannel:29)
	at com.kms.katalon.core.main.ScriptEngine.run(ScriptEngine.java:194)
	at com.kms.katalon.core.main.ScriptEngine.runScriptAsRawText(ScriptEngine.java:119)
	at com.kms.katalon.core.main.TestCaseExecutor.runScript(TestCaseExecutor.java:337)
	at com.kms.katalon.core.main.TestCaseExecutor.doExecute(TestCaseExecutor.java:328)
	at com.kms.katalon.core.main.TestCaseExecutor.processExecutionPhase(TestCaseExecutor.java:307)
	at com.kms.katalon.core.main.TestCaseExecutor.accessMainPhase(TestCaseExecutor.java:299)
	at com.kms.katalon.core.main.TestCaseExecutor.execute(TestCaseExecutor.java:233)
	at com.kms.katalon.core.main.TestSuiteExecutor.accessTestCaseMainPhase(TestSuiteExecutor.java:169)
	at com.kms.katalon.core.main.TestSuiteExecutor.accessTestSuiteMainPhase(TestSuiteExecutor.java:142)
	at com.kms.katalon.core.main.TestSuiteExecutor.execute(TestSuiteExecutor.java:91)
	at com.kms.katalon.core.main.TestCaseMain.startTestSuite(TestCaseMain.java:157)
	at com.kms.katalon.core.main.TestCaseMain$startTestSuite$0.call(Unknown Source)
	at TempTestSuite1576950821278.run(TempTestSuite1576950821278.groovy:36)
Caused by: com.kms.katalon.core.webui.exception.WebElementNotFoundException: Web element with id: 'Object Repository/Page_ Town Square - FirstTeam Mattermost/div_Fi (6)' located by 'By.xpath: //a[@id='firstteamTeamButton']/div/div/div' not found
	at com.kms.katalon.core.webui.common.WebUiCommonHelper.findWebElement(WebUiCommonHelper.java:1154)
	at com.kms.katalon.core.webui.keyword.internal.WebUIAbstractKeyword.findWebElement(WebUIAbstractKeyword.groovy:27)
	at com.kms.katalon.core.webui.keyword.internal.WebUIAbstractKeyword.findWebElement(WebUIAbstractKeyword.groovy:26)
	at com.kms.katalon.core.webui.keyword.builtin.ClickKeyword$_click_closure1.doCall(ClickKeyword.groovy:67)
	at com.kms.katalon.core.webui.keyword.builtin.ClickKeyword$_click_closure1.call(ClickKeyword.groovy)
	at com.kms.katalon.core.webui.keyword.internal.WebUIKeywordMain.runKeyword(WebUIKeywordMain.groovy:20)
	at com.kms.katalon.core.webui.keyword.builtin.ClickKeyword.click(ClickKeyword.groovy:102)
	at com.kms.katalon.core.webui.keyword.builtin.ClickKeyword.execute(ClickKeyword.groovy:43)
	at com.kms.katalon.core.keyword.internal.KeywordExecutor.executeKeywordForPlatform(KeywordExecutor.groovy:72)
	at com.kms.katalon.core.webui.keyword.WebUiBuiltInKeywords.click(WebUiBuiltInKeywords.groovy:616)
	at com.kms.katalon.core.webui.keyword.WebUiBuiltInKeywords$click$3.call(Unknown Source)
	at Script1576857885488.run(Script1576857885488.groovy:29)
	... 13 more
)

2019-12-22 01:04:54 - [MESSAGE][INFO] - Unable to find the element located by 'By.xpath: //a[@id='firstteamTeamButton']/div/div/div'. Please recheck the objects properties to make sure the desired element is located. 

2019-12-22 01:04:54 - [MESSAGE][FAILED] - Unable to click on object 'Object Repository/Page_ Town Square - FirstTeam Mattermost/div_Fi (6)' (Root cause: com.kms.katalon.core.exception.StepFailedException: Unable to click on object 'Object Repository/Page_ Town Square - FirstTeam Mattermost/div_Fi (6)'
	at com.kms.katalon.core.webui.keyword.internal.WebUIKeywordMain.stepFailed(WebUIKeywordMain.groovy:64)
	at com.kms.katalon.core.webui.keyword.internal.WebUIKeywordMain.runKeyword(WebUIKeywordMain.groovy:26)
	at com.kms.katalon.core.webui.keyword.builtin.ClickKeyword.click(ClickKeyword.groovy:102)
	at com.kms.katalon.core.webui.keyword.builtin.ClickKeyword.execute(ClickKeyword.groovy:43)
	at com.kms.katalon.core.keyword.internal.KeywordExecutor.executeKeywordForPlatform(KeywordExecutor.groovy:72)
	at com.kms.katalon.core.webui.keyword.WebUiBuiltInKeywords.click(WebUiBuiltInKeywords.groovy:616)
	at com.kms.katalon.core.webui.keyword.WebUiBuiltInKeywords$click$3.call(Unknown Source)
	at TestCase24AddNewHeaderOnOff-TopicChannel.run(TestCase24AddNewHeaderOnOff-TopicChannel:29)
	at com.kms.katalon.core.main.ScriptEngine.run(ScriptEngine.java:194)
	at com.kms.katalon.core.main.ScriptEngine.runScriptAsRawText(ScriptEngine.java:119)
	at com.kms.katalon.core.main.TestCaseExecutor.runScript(TestCaseExecutor.java:337)
	at com.kms.katalon.core.main.TestCaseExecutor.doExecute(TestCaseExecutor.java:328)
	at com.kms.katalon.core.main.TestCaseExecutor.processExecutionPhase(TestCaseExecutor.java:307)
	at com.kms.katalon.core.main.TestCaseExecutor.accessMainPhase(TestCaseExecutor.java:299)
	at com.kms.katalon.core.main.TestCaseExecutor.execute(TestCaseExecutor.java:233)
	at com.kms.katalon.core.main.TestSuiteExecutor.accessTestCaseMainPhase(TestSuiteExecutor.java:169)
	at com.kms.katalon.core.main.TestSuiteExecutor.accessTestSuiteMainPhase(TestSuiteExecutor.java:142)
	at com.kms.katalon.core.main.TestSuiteExecutor.execute(TestSuiteExecutor.java:91)
	at com.kms.katalon.core.main.TestCaseMain.startTestSuite(TestCaseMain.java:157)
	at com.kms.katalon.core.main.TestCaseMain$startTestSuite$0.call(Unknown Source)
	at TempTestSuite1576950821278.run(TempTestSuite1576950821278.groovy:36)
Caused by: com.kms.katalon.core.webui.exception.WebElementNotFoundException: Web element with id: 'Object Repository/Page_ Town Square - FirstTeam Mattermost/div_Fi (6)' located by 'By.xpath: //a[@id='firstteamTeamButton']/div/div/div' not found
	at com.kms.katalon.core.webui.common.WebUiCommonHelper.findWebElement(WebUiCommonHelper.java:1154)
	at com.kms.katalon.core.webui.keyword.internal.WebUIAbstractKeyword.findWebElement(WebUIAbstractKeyword.groovy:27)
	at com.kms.katalon.core.webui.keyword.internal.WebUIAbstractKeyword.findWebElement(WebUIAbstractKeyword.groovy:26)
	at com.kms.katalon.core.webui.keyword.builtin.ClickKeyword$_click_closure1.doCall(ClickKeyword.groovy:67)
	at com.kms.katalon.core.webui.keyword.builtin.ClickKeyword$_click_closure1.call(ClickKeyword.groovy)
	at com.kms.katalon.core.webui.keyword.internal.WebUIKeywordMain.runKeyword(WebUIKeywordMain.groovy:20)
	at com.kms.katalon.core.webui.keyword.builtin.ClickKeyword.click(ClickKeyword.groovy:102)
	at com.kms.katalon.core.webui.keyword.builtin.ClickKeyword.execute(ClickKeyword.groovy:43)
	at com.kms.katalon.core.keyword.internal.KeywordExecutor.executeKeywordForPlatform(KeywordExecutor.groovy:72)
	at com.kms.katalon.core.webui.keyword.WebUiBuiltInKeywords.click(WebUiBuiltInKeywords.groovy:616)
	at com.kms.katalon.core.webui.keyword.WebUiBuiltInKeywords$click$3.call(Unknown Source)
	at Script1576857885488.run(Script1576857885488.groovy:29)
	... 13 more
)
[[ATTACHMENT|C:\\Users\\Gia Nguyen\\Desktop\\CS300AutomaticWebTesting\\Reports\\20191222_005341\\Run All Test Cases\\20191222_005341\\1576951494430.png]]]]></system-out>
         <system-err><![CDATA[2019-12-22 01:03:59 - [TEST_CASE][FAILED] - Test Cases/TestCase24AddNewHeaderOnOff-TopicChannel: Test Cases/TestCase24AddNewHeaderOnOff-TopicChannel FAILED.
Reason:
com.kms.katalon.core.exception.StepFailedException: Unable to click on object 'Object Repository/Page_ Town Square - FirstTeam Mattermost/div_Fi (6)'
	at com.kms.katalon.core.webui.keyword.internal.WebUIKeywordMain.stepFailed(WebUIKeywordMain.groovy:64)
	at com.kms.katalon.core.webui.keyword.internal.WebUIKeywordMain.runKeyword(WebUIKeywordMain.groovy:26)
	at com.kms.katalon.core.webui.keyword.builtin.ClickKeyword.click(ClickKeyword.groovy:102)
	at com.kms.katalon.core.webui.keyword.builtin.ClickKeyword.execute(ClickKeyword.groovy:43)
	at com.kms.katalon.core.keyword.internal.KeywordExecutor.executeKeywordForPlatform(KeywordExecutor.groovy:72)
	at com.kms.katalon.core.webui.keyword.WebUiBuiltInKeywords.click(WebUiBuiltInKeywords.groovy:616)
	at com.kms.katalon.core.webui.keyword.WebUiBuiltInKeywords$click$3.call(Unknown Source)
	at TestCase24AddNewHeaderOnOff-TopicChannel.run(TestCase24AddNewHeaderOnOff-TopicChannel:29)
	at com.kms.katalon.core.main.ScriptEngine.run(ScriptEngine.java:194)
	at com.kms.katalon.core.main.ScriptEngine.runScriptAsRawText(ScriptEngine.java:119)
	at com.kms.katalon.core.main.TestCaseExecutor.runScript(TestCaseExecutor.java:337)
	at com.kms.katalon.core.main.TestCaseExecutor.doExecute(TestCaseExecutor.java:328)
	at com.kms.katalon.core.main.TestCaseExecutor.processExecutionPhase(TestCaseExecutor.java:307)
	at com.kms.katalon.core.main.TestCaseExecutor.accessMainPhase(TestCaseExecutor.java:299)
	at com.kms.katalon.core.main.TestCaseExecutor.execute(TestCaseExecutor.java:233)
	at com.kms.katalon.core.main.TestSuiteExecutor.accessTestCaseMainPhase(TestSuiteExecutor.java:169)
	at com.kms.katalon.core.main.TestSuiteExecutor.accessTestSuiteMainPhase(TestSuiteExecutor.java:142)
	at com.kms.katalon.core.main.TestSuiteExecutor.execute(TestSuiteExecutor.java:91)
	at com.kms.katalon.core.main.TestCaseMain.startTestSuite(TestCaseMain.java:157)
	at com.kms.katalon.core.main.TestCaseMain$startTestSuite$0.call(Unknown Source)
	at TempTestSuite1576950821278.run(TempTestSuite1576950821278.groovy:36)
Caused by: com.kms.katalon.core.webui.exception.WebElementNotFoundException: Web element with id: 'Object Repository/Page_ Town Square - FirstTeam Mattermost/div_Fi (6)' located by 'By.xpath: //a[@id='firstteamTeamButton']/div/div/div' not found
	at com.kms.katalon.core.webui.common.WebUiCommonHelper.findWebElement(WebUiCommonHelper.java:1154)
	at com.kms.katalon.core.webui.keyword.internal.WebUIAbstractKeyword.findWebElement(WebUIAbstractKeyword.groovy:27)
	at com.kms.katalon.core.webui.keyword.internal.WebUIAbstractKeyword.findWebElement(WebUIAbstractKeyword.groovy:26)
	at com.kms.katalon.core.webui.keyword.builtin.ClickKeyword$_click_closure1.doCall(ClickKeyword.groovy:67)
	at com.kms.katalon.core.webui.keyword.builtin.ClickKeyword$_click_closure1.call(ClickKeyword.groovy)
	at com.kms.katalon.core.webui.keyword.internal.WebUIKeywordMain.runKeyword(WebUIKeywordMain.groovy:20)
	... 19 more]]></system-err>
      </testcase>
      <testcase name="Test Cases/TestCase25EditHeaderOnOff-TopicChannel" time="62.944" classname="Test Cases/TestCase25EditHeaderOnOff-TopicChannel" status="FAILED">
         <failure type="FAILED" message="Test Cases/TestCase25EditHeaderOnOff-TopicChannel FAILED.
Reason:
com.kms.katalon.core.exception.StepFailedException: Unable to click on object 'Object Repository/Page_ Town Square - FirstTeam Mattermost/div_Fi (8)'
	at com.kms.katalon.core.webui.keyword.internal.WebUIKeywordMain.stepFailed(WebUIKeywordMain.groovy:64)
	at com.kms.katalon.core.webui.keyword.internal.WebUIKeywordMain.runKeyword(WebUIKeywordMain.groovy:26)
	at com.kms.katalon.core.webui.keyword.builtin.ClickKeyword.click(ClickKeyword.groovy:102)
	at com.kms.katalon.core.webui.keyword.builtin.ClickKeyword.execute(ClickKeyword.groovy:43)
	at com.kms.katalon.core.keyword.internal.KeywordExecutor.executeKeywordForPlatform(KeywordExecutor.groovy:72)
	at com.kms.katalon.core.webui.keyword.WebUiBuiltInKeywords.click(WebUiBuiltInKeywords.groovy:616)
	at com.kms.katalon.core.webui.keyword.WebUiBuiltInKeywords$click$3.call(Unknown Source)
	at TestCase25EditHeaderOnOff-TopicChannel.run(TestCase25EditHeaderOnOff-TopicChannel:29)
	at com.kms.katalon.core.main.ScriptEngine.run(ScriptEngine.java:194)
	at com.kms.katalon.core.main.ScriptEngine.runScriptAsRawText(ScriptEngine.java:119)
	at com.kms.katalon.core.main.TestCaseExecutor.runScript(TestCaseExecutor.java:337)
	at com.kms.katalon.core.main.TestCaseExecutor.doExecute(TestCaseExecutor.java:328)
	at com.kms.katalon.core.main.TestCaseExecutor.processExecutionPhase(TestCaseExecutor.java:307)
	at com.kms.katalon.core.main.TestCaseExecutor.accessMainPhase(TestCaseExecutor.java:299)
	at com.kms.katalon.core.main.TestCaseExecutor.execute(TestCaseExecutor.java:233)
	at com.kms.katalon.core.main.TestSuiteExecutor.accessTestCaseMainPhase(TestSuiteExecutor.java:169)
	at com.kms.katalon.core.main.TestSuiteExecutor.accessTestSuiteMainPhase(TestSuiteExecutor.java:142)
	at com.kms.katalon.core.main.TestSuiteExecutor.execute(TestSuiteExecutor.java:91)
	at com.kms.katalon.core.main.TestCaseMain.startTestSuite(TestCaseMain.java:157)
	at com.kms.katalon.core.main.TestCaseMain$startTestSuite$0.call(Unknown Source)
	at TempTestSuite1576950821278.run(TempTestSuite1576950821278.groovy:36)
Caused by: com.kms.katalon.core.webui.exception.WebElementNotFoundException: Web element with id: 'Object Repository/Page_ Town Square - FirstTeam Mattermost/div_Fi (8)' located by 'By.xpath: //a[@id='firstteamTeamButton']/div/div/div' not found
	at com.kms.katalon.core.webui.common.WebUiCommonHelper.findWebElement(WebUiCommonHelper.java:1154)
	at com.kms.katalon.core.webui.keyword.internal.WebUIAbstractKeyword.findWebElement(WebUIAbstractKeyword.groovy:27)
	at com.kms.katalon.core.webui.keyword.internal.WebUIAbstractKeyword.findWebElement(WebUIAbstractKeyword.groovy:26)
	at com.kms.katalon.core.webui.keyword.builtin.ClickKeyword$_click_closure1.doCall(ClickKeyword.groovy:67)
	at com.kms.katalon.core.webui.keyword.builtin.ClickKeyword$_click_closure1.call(ClickKeyword.groovy)
	at com.kms.katalon.core.webui.keyword.internal.WebUIKeywordMain.runKeyword(WebUIKeywordMain.groovy:20)
	... 19 more
"/>
         <system-out><![CDATA[2019-12-22 01:04:54 - [TEST_CASE][FAILED] - Test Cases/TestCase25EditHeaderOnOff-TopicChannel: Test Cases/TestCase25EditHeaderOnOff-TopicChannel FAILED.
Reason:
com.kms.katalon.core.exception.StepFailedException: Unable to click on object 'Object Repository/Page_ Town Square - FirstTeam Mattermost/div_Fi (8)'
	at com.kms.katalon.core.webui.keyword.internal.WebUIKeywordMain.stepFailed(WebUIKeywordMain.groovy:64)
	at com.kms.katalon.core.webui.keyword.internal.WebUIKeywordMain.runKeyword(WebUIKeywordMain.groovy:26)
	at com.kms.katalon.core.webui.keyword.builtin.ClickKeyword.click(ClickKeyword.groovy:102)
	at com.kms.katalon.core.webui.keyword.builtin.ClickKeyword.execute(ClickKeyword.groovy:43)
	at com.kms.katalon.core.keyword.internal.KeywordExecutor.executeKeywordForPlatform(KeywordExecutor.groovy:72)
	at com.kms.katalon.core.webui.keyword.WebUiBuiltInKeywords.click(WebUiBuiltInKeywords.groovy:616)
	at com.kms.katalon.core.webui.keyword.WebUiBuiltInKeywords$click$3.call(Unknown Source)
	at TestCase25EditHeaderOnOff-TopicChannel.run(TestCase25EditHeaderOnOff-TopicChannel:29)
	at com.kms.katalon.core.main.ScriptEngine.run(ScriptEngine.java:194)
	at com.kms.katalon.core.main.ScriptEngine.runScriptAsRawText(ScriptEngine.java:119)
	at com.kms.katalon.core.main.TestCaseExecutor.runScript(TestCaseExecutor.java:337)
	at com.kms.katalon.core.main.TestCaseExecutor.doExecute(TestCaseExecutor.java:328)
	at com.kms.katalon.core.main.TestCaseExecutor.processExecutionPhase(TestCaseExecutor.java:307)
	at com.kms.katalon.core.main.TestCaseExecutor.accessMainPhase(TestCaseExecutor.java:299)
	at com.kms.katalon.core.main.TestCaseExecutor.execute(TestCaseExecutor.java:233)
	at com.kms.katalon.core.main.TestSuiteExecutor.accessTestCaseMainPhase(TestSuiteExecutor.java:169)
	at com.kms.katalon.core.main.TestSuiteExecutor.accessTestSuiteMainPhase(TestSuiteExecutor.java:142)
	at com.kms.katalon.core.main.TestSuiteExecutor.execute(TestSuiteExecutor.java:91)
	at com.kms.katalon.core.main.TestCaseMain.startTestSuite(TestCaseMain.java:157)
	at com.kms.katalon.core.main.TestCaseMain$startTestSuite$0.call(Unknown Source)
	at TempTestSuite1576950821278.run(TempTestSuite1576950821278.groovy:36)
Caused by: com.kms.katalon.core.webui.exception.WebElementNotFoundException: Web element with id: 'Object Repository/Page_ Town Square - FirstTeam Mattermost/div_Fi (8)' located by 'By.xpath: //a[@id='firstteamTeamButton']/div/div/div' not found
	at com.kms.katalon.core.webui.common.WebUiCommonHelper.findWebElement(WebUiCommonHelper.java:1154)
	at com.kms.katalon.core.webui.keyword.internal.WebUIAbstractKeyword.findWebElement(WebUIAbstractKeyword.groovy:27)
	at com.kms.katalon.core.webui.keyword.internal.WebUIAbstractKeyword.findWebElement(WebUIAbstractKeyword.groovy:26)
	at com.kms.katalon.core.webui.keyword.builtin.ClickKeyword$_click_closure1.doCall(ClickKeyword.groovy:67)
	at com.kms.katalon.core.webui.keyword.builtin.ClickKeyword$_click_closure1.call(ClickKeyword.groovy)
	at com.kms.katalon.core.webui.keyword.internal.WebUIKeywordMain.runKeyword(WebUIKeywordMain.groovy:20)
	... 19 more


2019-12-22 01:04:54 - [TEST_STEP][PASSED] - openBrowser(""): Browser is opened with url: ''

2019-12-22 01:04:54 - [MESSAGE][WARNING] - A browser is already opened. Closing browser and opening a new one

2019-12-22 01:04:55 - [MESSAGE][INFO] - Starting 'Firefox' driver

2019-12-22 01:04:58 - [MESSAGE][PASSED] - Browser is opened with url: ''

2019-12-22 01:04:58 - [TEST_STEP][PASSED] - navigateToUrl("https://cs300testautomatic.herokuapp.com/"): Navigate to 'https://cs300testautomatic.herokuapp.com/' successfully

2019-12-22 01:05:04 - [MESSAGE][PASSED] - Navigate to 'https://cs300testautomatic.herokuapp.com/' successfully

2019-12-22 01:05:04 - [TEST_STEP][PASSED] - setText(findTestObject("Page_Mattermost/input_All team communication in one place s_703ef5 (16)"), "giabeuu@gmail.com"): Text 'giabeuu@gmail.com' is set on object 'Object Repository/Page_Mattermost/input_All team communication in one place s_703ef5 (16)'

2019-12-22 01:05:11 - [MESSAGE][PASSED] - Text 'giabeuu@gmail.com' is set on object 'Object Repository/Page_Mattermost/input_All team communication in one place s_703ef5 (16)'

2019-12-22 01:05:11 - [TEST_STEP][PASSED] - setEncryptedText(findTestObject("Page_Mattermost/input_All team communication in one place s_2f2733 (16)"), "GoUae4B8Jrc="): Text ****** has been set on object 'Object Repository/Page_Mattermost/input_All team communication in one place s_2f2733 (16)'

2019-12-22 01:05:12 - [MESSAGE][PASSED] - Text ****** has been set on object 'Object Repository/Page_Mattermost/input_All team communication in one place s_2f2733 (16)'

2019-12-22 01:05:12 - [TEST_STEP][PASSED] - click(findTestObject("Page_Mattermost/button_Sign in (6)")): Object: 'Object Repository/Page_Mattermost/button_Sign in (6)' is clicked on

2019-12-22 01:05:13 - [MESSAGE][PASSED] - Object: 'Object Repository/Page_Mattermost/button_Sign in (6)' is clicked on

2019-12-22 01:05:13 - [TEST_STEP][FAILED] - click(findTestObject("Page_ Town Square - FirstTeam Mattermost/div_Fi (8)")): Unable to click on object 'Object Repository/Page_ Town Square - FirstTeam Mattermost/div_Fi (8)' (Root cause: com.kms.katalon.core.exception.StepFailedException: Unable to click on object 'Object Repository/Page_ Town Square - FirstTeam Mattermost/div_Fi (8)'
	at com.kms.katalon.core.webui.keyword.internal.WebUIKeywordMain.stepFailed(WebUIKeywordMain.groovy:64)
	at com.kms.katalon.core.webui.keyword.internal.WebUIKeywordMain.runKeyword(WebUIKeywordMain.groovy:26)
	at com.kms.katalon.core.webui.keyword.builtin.ClickKeyword.click(ClickKeyword.groovy:102)
	at com.kms.katalon.core.webui.keyword.builtin.ClickKeyword.execute(ClickKeyword.groovy:43)
	at com.kms.katalon.core.keyword.internal.KeywordExecutor.executeKeywordForPlatform(KeywordExecutor.groovy:72)
	at com.kms.katalon.core.webui.keyword.WebUiBuiltInKeywords.click(WebUiBuiltInKeywords.groovy:616)
	at com.kms.katalon.core.webui.keyword.WebUiBuiltInKeywords$click$3.call(Unknown Source)
	at TestCase25EditHeaderOnOff-TopicChannel.run(TestCase25EditHeaderOnOff-TopicChannel:29)
	at com.kms.katalon.core.main.ScriptEngine.run(ScriptEngine.java:194)
	at com.kms.katalon.core.main.ScriptEngine.runScriptAsRawText(ScriptEngine.java:119)
	at com.kms.katalon.core.main.TestCaseExecutor.runScript(TestCaseExecutor.java:337)
	at com.kms.katalon.core.main.TestCaseExecutor.doExecute(TestCaseExecutor.java:328)
	at com.kms.katalon.core.main.TestCaseExecutor.processExecutionPhase(TestCaseExecutor.java:307)
	at com.kms.katalon.core.main.TestCaseExecutor.accessMainPhase(TestCaseExecutor.java:299)
	at com.kms.katalon.core.main.TestCaseExecutor.execute(TestCaseExecutor.java:233)
	at com.kms.katalon.core.main.TestSuiteExecutor.accessTestCaseMainPhase(TestSuiteExecutor.java:169)
	at com.kms.katalon.core.main.TestSuiteExecutor.accessTestSuiteMainPhase(TestSuiteExecutor.java:142)
	at com.kms.katalon.core.main.TestSuiteExecutor.execute(TestSuiteExecutor.java:91)
	at com.kms.katalon.core.main.TestCaseMain.startTestSuite(TestCaseMain.java:157)
	at com.kms.katalon.core.main.TestCaseMain$startTestSuite$0.call(Unknown Source)
	at TempTestSuite1576950821278.run(TempTestSuite1576950821278.groovy:36)
Caused by: com.kms.katalon.core.webui.exception.WebElementNotFoundException: Web element with id: 'Object Repository/Page_ Town Square - FirstTeam Mattermost/div_Fi (8)' located by 'By.xpath: //a[@id='firstteamTeamButton']/div/div/div' not found
	at com.kms.katalon.core.webui.common.WebUiCommonHelper.findWebElement(WebUiCommonHelper.java:1154)
	at com.kms.katalon.core.webui.keyword.internal.WebUIAbstractKeyword.findWebElement(WebUIAbstractKeyword.groovy:27)
	at com.kms.katalon.core.webui.keyword.internal.WebUIAbstractKeyword.findWebElement(WebUIAbstractKeyword.groovy:26)
	at com.kms.katalon.core.webui.keyword.builtin.ClickKeyword$_click_closure1.doCall(ClickKeyword.groovy:67)
	at com.kms.katalon.core.webui.keyword.builtin.ClickKeyword$_click_closure1.call(ClickKeyword.groovy)
	at com.kms.katalon.core.webui.keyword.internal.WebUIKeywordMain.runKeyword(WebUIKeywordMain.groovy:20)
	at com.kms.katalon.core.webui.keyword.builtin.ClickKeyword.click(ClickKeyword.groovy:102)
	at com.kms.katalon.core.webui.keyword.builtin.ClickKeyword.execute(ClickKeyword.groovy:43)
	at com.kms.katalon.core.keyword.internal.KeywordExecutor.executeKeywordForPlatform(KeywordExecutor.groovy:72)
	at com.kms.katalon.core.webui.keyword.WebUiBuiltInKeywords.click(WebUiBuiltInKeywords.groovy:616)
	at com.kms.katalon.core.webui.keyword.WebUiBuiltInKeywords$click$3.call(Unknown Source)
	at Script1576858039358.run(Script1576858039358.groovy:29)
	... 13 more
)

2019-12-22 01:05:57 - [MESSAGE][INFO] - Unable to find the element located by 'By.xpath: //a[@id='firstteamTeamButton']/div/div/div'. Please recheck the objects properties to make sure the desired element is located. 

2019-12-22 01:05:57 - [MESSAGE][FAILED] - Unable to click on object 'Object Repository/Page_ Town Square - FirstTeam Mattermost/div_Fi (8)' (Root cause: com.kms.katalon.core.exception.StepFailedException: Unable to click on object 'Object Repository/Page_ Town Square - FirstTeam Mattermost/div_Fi (8)'
	at com.kms.katalon.core.webui.keyword.internal.WebUIKeywordMain.stepFailed(WebUIKeywordMain.groovy:64)
	at com.kms.katalon.core.webui.keyword.internal.WebUIKeywordMain.runKeyword(WebUIKeywordMain.groovy:26)
	at com.kms.katalon.core.webui.keyword.builtin.ClickKeyword.click(ClickKeyword.groovy:102)
	at com.kms.katalon.core.webui.keyword.builtin.ClickKeyword.execute(ClickKeyword.groovy:43)
	at com.kms.katalon.core.keyword.internal.KeywordExecutor.executeKeywordForPlatform(KeywordExecutor.groovy:72)
	at com.kms.katalon.core.webui.keyword.WebUiBuiltInKeywords.click(WebUiBuiltInKeywords.groovy:616)
	at com.kms.katalon.core.webui.keyword.WebUiBuiltInKeywords$click$3.call(Unknown Source)
	at TestCase25EditHeaderOnOff-TopicChannel.run(TestCase25EditHeaderOnOff-TopicChannel:29)
	at com.kms.katalon.core.main.ScriptEngine.run(ScriptEngine.java:194)
	at com.kms.katalon.core.main.ScriptEngine.runScriptAsRawText(ScriptEngine.java:119)
	at com.kms.katalon.core.main.TestCaseExecutor.runScript(TestCaseExecutor.java:337)
	at com.kms.katalon.core.main.TestCaseExecutor.doExecute(TestCaseExecutor.java:328)
	at com.kms.katalon.core.main.TestCaseExecutor.processExecutionPhase(TestCaseExecutor.java:307)
	at com.kms.katalon.core.main.TestCaseExecutor.accessMainPhase(TestCaseExecutor.java:299)
	at com.kms.katalon.core.main.TestCaseExecutor.execute(TestCaseExecutor.java:233)
	at com.kms.katalon.core.main.TestSuiteExecutor.accessTestCaseMainPhase(TestSuiteExecutor.java:169)
	at com.kms.katalon.core.main.TestSuiteExecutor.accessTestSuiteMainPhase(TestSuiteExecutor.java:142)
	at com.kms.katalon.core.main.TestSuiteExecutor.execute(TestSuiteExecutor.java:91)
	at com.kms.katalon.core.main.TestCaseMain.startTestSuite(TestCaseMain.java:157)
	at com.kms.katalon.core.main.TestCaseMain$startTestSuite$0.call(Unknown Source)
	at TempTestSuite1576950821278.run(TempTestSuite1576950821278.groovy:36)
Caused by: com.kms.katalon.core.webui.exception.WebElementNotFoundException: Web element with id: 'Object Repository/Page_ Town Square - FirstTeam Mattermost/div_Fi (8)' located by 'By.xpath: //a[@id='firstteamTeamButton']/div/div/div' not found
	at com.kms.katalon.core.webui.common.WebUiCommonHelper.findWebElement(WebUiCommonHelper.java:1154)
	at com.kms.katalon.core.webui.keyword.internal.WebUIAbstractKeyword.findWebElement(WebUIAbstractKeyword.groovy:27)
	at com.kms.katalon.core.webui.keyword.internal.WebUIAbstractKeyword.findWebElement(WebUIAbstractKeyword.groovy:26)
	at com.kms.katalon.core.webui.keyword.builtin.ClickKeyword$_click_closure1.doCall(ClickKeyword.groovy:67)
	at com.kms.katalon.core.webui.keyword.builtin.ClickKeyword$_click_closure1.call(ClickKeyword.groovy)
	at com.kms.katalon.core.webui.keyword.internal.WebUIKeywordMain.runKeyword(WebUIKeywordMain.groovy:20)
	at com.kms.katalon.core.webui.keyword.builtin.ClickKeyword.click(ClickKeyword.groovy:102)
	at com.kms.katalon.core.webui.keyword.builtin.ClickKeyword.execute(ClickKeyword.groovy:43)
	at com.kms.katalon.core.keyword.internal.KeywordExecutor.executeKeywordForPlatform(KeywordExecutor.groovy:72)
	at com.kms.katalon.core.webui.keyword.WebUiBuiltInKeywords.click(WebUiBuiltInKeywords.groovy:616)
	at com.kms.katalon.core.webui.keyword.WebUiBuiltInKeywords$click$3.call(Unknown Source)
	at Script1576858039358.run(Script1576858039358.groovy:29)
	... 13 more
)
[[ATTACHMENT|C:\\Users\\Gia Nguyen\\Desktop\\CS300AutomaticWebTesting\\Reports\\20191222_005341\\Run All Test Cases\\20191222_005341\\1576951557378.png]]]]></system-out>
         <system-err><![CDATA[2019-12-22 01:04:54 - [TEST_CASE][FAILED] - Test Cases/TestCase25EditHeaderOnOff-TopicChannel: Test Cases/TestCase25EditHeaderOnOff-TopicChannel FAILED.
Reason:
com.kms.katalon.core.exception.StepFailedException: Unable to click on object 'Object Repository/Page_ Town Square - FirstTeam Mattermost/div_Fi (8)'
	at com.kms.katalon.core.webui.keyword.internal.WebUIKeywordMain.stepFailed(WebUIKeywordMain.groovy:64)
	at com.kms.katalon.core.webui.keyword.internal.WebUIKeywordMain.runKeyword(WebUIKeywordMain.groovy:26)
	at com.kms.katalon.core.webui.keyword.builtin.ClickKeyword.click(ClickKeyword.groovy:102)
	at com.kms.katalon.core.webui.keyword.builtin.ClickKeyword.execute(ClickKeyword.groovy:43)
	at com.kms.katalon.core.keyword.internal.KeywordExecutor.executeKeywordForPlatform(KeywordExecutor.groovy:72)
	at com.kms.katalon.core.webui.keyword.WebUiBuiltInKeywords.click(WebUiBuiltInKeywords.groovy:616)
	at com.kms.katalon.core.webui.keyword.WebUiBuiltInKeywords$click$3.call(Unknown Source)
	at TestCase25EditHeaderOnOff-TopicChannel.run(TestCase25EditHeaderOnOff-TopicChannel:29)
	at com.kms.katalon.core.main.ScriptEngine.run(ScriptEngine.java:194)
	at com.kms.katalon.core.main.ScriptEngine.runScriptAsRawText(ScriptEngine.java:119)
	at com.kms.katalon.core.main.TestCaseExecutor.runScript(TestCaseExecutor.java:337)
	at com.kms.katalon.core.main.TestCaseExecutor.doExecute(TestCaseExecutor.java:328)
	at com.kms.katalon.core.main.TestCaseExecutor.processExecutionPhase(TestCaseExecutor.java:307)
	at com.kms.katalon.core.main.TestCaseExecutor.accessMainPhase(TestCaseExecutor.java:299)
	at com.kms.katalon.core.main.TestCaseExecutor.execute(TestCaseExecutor.java:233)
	at com.kms.katalon.core.main.TestSuiteExecutor.accessTestCaseMainPhase(TestSuiteExecutor.java:169)
	at com.kms.katalon.core.main.TestSuiteExecutor.accessTestSuiteMainPhase(TestSuiteExecutor.java:142)
	at com.kms.katalon.core.main.TestSuiteExecutor.execute(TestSuiteExecutor.java:91)
	at com.kms.katalon.core.main.TestCaseMain.startTestSuite(TestCaseMain.java:157)
	at com.kms.katalon.core.main.TestCaseMain$startTestSuite$0.call(Unknown Source)
	at TempTestSuite1576950821278.run(TempTestSuite1576950821278.groovy:36)
Caused by: com.kms.katalon.core.webui.exception.WebElementNotFoundException: Web element with id: 'Object Repository/Page_ Town Square - FirstTeam Mattermost/div_Fi (8)' located by 'By.xpath: //a[@id='firstteamTeamButton']/div/div/div' not found
	at com.kms.katalon.core.webui.common.WebUiCommonHelper.findWebElement(WebUiCommonHelper.java:1154)
	at com.kms.katalon.core.webui.keyword.internal.WebUIAbstractKeyword.findWebElement(WebUIAbstractKeyword.groovy:27)
	at com.kms.katalon.core.webui.keyword.internal.WebUIAbstractKeyword.findWebElement(WebUIAbstractKeyword.groovy:26)
	at com.kms.katalon.core.webui.keyword.builtin.ClickKeyword$_click_closure1.doCall(ClickKeyword.groovy:67)
	at com.kms.katalon.core.webui.keyword.builtin.ClickKeyword$_click_closure1.call(ClickKeyword.groovy)
	at com.kms.katalon.core.webui.keyword.internal.WebUIKeywordMain.runKeyword(WebUIKeywordMain.groovy:20)
	... 19 more]]></system-err>
      </testcase>
      <testcase name="Test Cases/TestCase26RemoveHeaderOnOff-TopicChannel" time="55.806" classname="Test Cases/TestCase26RemoveHeaderOnOff-TopicChannel" status="FAILED">
         <failure type="FAILED" message="Test Cases/TestCase26RemoveHeaderOnOff-TopicChannel FAILED.
Reason:
com.kms.katalon.core.exception.StepFailedException: Unable to click on object 'Object Repository/Page_ Town Square - FirstTeam Mattermost/div_Fi (11)'
	at com.kms.katalon.core.webui.keyword.internal.WebUIKeywordMain.stepFailed(WebUIKeywordMain.groovy:64)
	at com.kms.katalon.core.webui.keyword.internal.WebUIKeywordMain.runKeyword(WebUIKeywordMain.groovy:26)
	at com.kms.katalon.core.webui.keyword.builtin.ClickKeyword.click(ClickKeyword.groovy:102)
	at com.kms.katalon.core.webui.keyword.builtin.ClickKeyword.execute(ClickKeyword.groovy:43)
	at com.kms.katalon.core.keyword.internal.KeywordExecutor.executeKeywordForPlatform(KeywordExecutor.groovy:72)
	at com.kms.katalon.core.webui.keyword.WebUiBuiltInKeywords.click(WebUiBuiltInKeywords.groovy:616)
	at com.kms.katalon.core.webui.keyword.WebUiBuiltInKeywords$click$3.call(Unknown Source)
	at TestCase26RemoveHeaderOnOff-TopicChannel.run(TestCase26RemoveHeaderOnOff-TopicChannel:29)
	at com.kms.katalon.core.main.ScriptEngine.run(ScriptEngine.java:194)
	at com.kms.katalon.core.main.ScriptEngine.runScriptAsRawText(ScriptEngine.java:119)
	at com.kms.katalon.core.main.TestCaseExecutor.runScript(TestCaseExecutor.java:337)
	at com.kms.katalon.core.main.TestCaseExecutor.doExecute(TestCaseExecutor.java:328)
	at com.kms.katalon.core.main.TestCaseExecutor.processExecutionPhase(TestCaseExecutor.java:307)
	at com.kms.katalon.core.main.TestCaseExecutor.accessMainPhase(TestCaseExecutor.java:299)
	at com.kms.katalon.core.main.TestCaseExecutor.execute(TestCaseExecutor.java:233)
	at com.kms.katalon.core.main.TestSuiteExecutor.accessTestCaseMainPhase(TestSuiteExecutor.java:169)
	at com.kms.katalon.core.main.TestSuiteExecutor.accessTestSuiteMainPhase(TestSuiteExecutor.java:142)
	at com.kms.katalon.core.main.TestSuiteExecutor.execute(TestSuiteExecutor.java:91)
	at com.kms.katalon.core.main.TestCaseMain.startTestSuite(TestCaseMain.java:157)
	at com.kms.katalon.core.main.TestCaseMain$startTestSuite$0.call(Unknown Source)
	at TempTestSuite1576950821278.run(TempTestSuite1576950821278.groovy:36)
Caused by: com.kms.katalon.core.webui.exception.WebElementNotFoundException: Web element with id: 'Object Repository/Page_ Town Square - FirstTeam Mattermost/div_Fi (11)' located by 'By.xpath: //a[@id='firstteamTeamButton']/div' not found
	at com.kms.katalon.core.webui.common.WebUiCommonHelper.findWebElement(WebUiCommonHelper.java:1154)
	at com.kms.katalon.core.webui.keyword.internal.WebUIAbstractKeyword.findWebElement(WebUIAbstractKeyword.groovy:27)
	at com.kms.katalon.core.webui.keyword.internal.WebUIAbstractKeyword.findWebElement(WebUIAbstractKeyword.groovy:26)
	at com.kms.katalon.core.webui.keyword.builtin.ClickKeyword$_click_closure1.doCall(ClickKeyword.groovy:67)
	at com.kms.katalon.core.webui.keyword.builtin.ClickKeyword$_click_closure1.call(ClickKeyword.groovy)
	at com.kms.katalon.core.webui.keyword.internal.WebUIKeywordMain.runKeyword(WebUIKeywordMain.groovy:20)
	... 19 more
"/>
         <system-out><![CDATA[2019-12-22 01:05:57 - [TEST_CASE][FAILED] - Test Cases/TestCase26RemoveHeaderOnOff-TopicChannel: Test Cases/TestCase26RemoveHeaderOnOff-TopicChannel FAILED.
Reason:
com.kms.katalon.core.exception.StepFailedException: Unable to click on object 'Object Repository/Page_ Town Square - FirstTeam Mattermost/div_Fi (11)'
	at com.kms.katalon.core.webui.keyword.internal.WebUIKeywordMain.stepFailed(WebUIKeywordMain.groovy:64)
	at com.kms.katalon.core.webui.keyword.internal.WebUIKeywordMain.runKeyword(WebUIKeywordMain.groovy:26)
	at com.kms.katalon.core.webui.keyword.builtin.ClickKeyword.click(ClickKeyword.groovy:102)
	at com.kms.katalon.core.webui.keyword.builtin.ClickKeyword.execute(ClickKeyword.groovy:43)
	at com.kms.katalon.core.keyword.internal.KeywordExecutor.executeKeywordForPlatform(KeywordExecutor.groovy:72)
	at com.kms.katalon.core.webui.keyword.WebUiBuiltInKeywords.click(WebUiBuiltInKeywords.groovy:616)
	at com.kms.katalon.core.webui.keyword.WebUiBuiltInKeywords$click$3.call(Unknown Source)
	at TestCase26RemoveHeaderOnOff-TopicChannel.run(TestCase26RemoveHeaderOnOff-TopicChannel:29)
	at com.kms.katalon.core.main.ScriptEngine.run(ScriptEngine.java:194)
	at com.kms.katalon.core.main.ScriptEngine.runScriptAsRawText(ScriptEngine.java:119)
	at com.kms.katalon.core.main.TestCaseExecutor.runScript(TestCaseExecutor.java:337)
	at com.kms.katalon.core.main.TestCaseExecutor.doExecute(TestCaseExecutor.java:328)
	at com.kms.katalon.core.main.TestCaseExecutor.processExecutionPhase(TestCaseExecutor.java:307)
	at com.kms.katalon.core.main.TestCaseExecutor.accessMainPhase(TestCaseExecutor.java:299)
	at com.kms.katalon.core.main.TestCaseExecutor.execute(TestCaseExecutor.java:233)
	at com.kms.katalon.core.main.TestSuiteExecutor.accessTestCaseMainPhase(TestSuiteExecutor.java:169)
	at com.kms.katalon.core.main.TestSuiteExecutor.accessTestSuiteMainPhase(TestSuiteExecutor.java:142)
	at com.kms.katalon.core.main.TestSuiteExecutor.execute(TestSuiteExecutor.java:91)
	at com.kms.katalon.core.main.TestCaseMain.startTestSuite(TestCaseMain.java:157)
	at com.kms.katalon.core.main.TestCaseMain$startTestSuite$0.call(Unknown Source)
	at TempTestSuite1576950821278.run(TempTestSuite1576950821278.groovy:36)
Caused by: com.kms.katalon.core.webui.exception.WebElementNotFoundException: Web element with id: 'Object Repository/Page_ Town Square - FirstTeam Mattermost/div_Fi (11)' located by 'By.xpath: //a[@id='firstteamTeamButton']/div' not found
	at com.kms.katalon.core.webui.common.WebUiCommonHelper.findWebElement(WebUiCommonHelper.java:1154)
	at com.kms.katalon.core.webui.keyword.internal.WebUIAbstractKeyword.findWebElement(WebUIAbstractKeyword.groovy:27)
	at com.kms.katalon.core.webui.keyword.internal.WebUIAbstractKeyword.findWebElement(WebUIAbstractKeyword.groovy:26)
	at com.kms.katalon.core.webui.keyword.builtin.ClickKeyword$_click_closure1.doCall(ClickKeyword.groovy:67)
	at com.kms.katalon.core.webui.keyword.builtin.ClickKeyword$_click_closure1.call(ClickKeyword.groovy)
	at com.kms.katalon.core.webui.keyword.internal.WebUIKeywordMain.runKeyword(WebUIKeywordMain.groovy:20)
	... 19 more


2019-12-22 01:05:57 - [TEST_STEP][PASSED] - openBrowser(""): Browser is opened with url: ''

2019-12-22 01:05:57 - [MESSAGE][WARNING] - A browser is already opened. Closing browser and opening a new one

2019-12-22 01:05:58 - [MESSAGE][INFO] - Starting 'Firefox' driver

2019-12-22 01:06:01 - [MESSAGE][PASSED] - Browser is opened with url: ''

2019-12-22 01:06:01 - [TEST_STEP][PASSED] - navigateToUrl("https://cs300testautomatic.herokuapp.com/"): Navigate to 'https://cs300testautomatic.herokuapp.com/' successfully

2019-12-22 01:06:04 - [MESSAGE][PASSED] - Navigate to 'https://cs300testautomatic.herokuapp.com/' successfully

2019-12-22 01:06:04 - [TEST_STEP][PASSED] - setText(findTestObject("Page_Mattermost/input_All team communication in one place s_703ef5 (26)"), "giabeuu@gmail.com"): Text 'giabeuu@gmail.com' is set on object 'Object Repository/Page_Mattermost/input_All team communication in one place s_703ef5 (26)'

2019-12-22 01:06:08 - [MESSAGE][PASSED] - Text 'giabeuu@gmail.com' is set on object 'Object Repository/Page_Mattermost/input_All team communication in one place s_703ef5 (26)'

2019-12-22 01:06:08 - [TEST_STEP][PASSED] - setEncryptedText(findTestObject("Page_Mattermost/input_All team communication in one place s_2f2733 (26)"), "GoUae4B8Jrc="): Text ****** has been set on object 'Object Repository/Page_Mattermost/input_All team communication in one place s_2f2733 (26)'

2019-12-22 01:06:11 - [MESSAGE][PASSED] - Text ****** has been set on object 'Object Repository/Page_Mattermost/input_All team communication in one place s_2f2733 (26)'

2019-12-22 01:06:11 - [TEST_STEP][PASSED] - click(findTestObject("Page_Mattermost/button_Sign in (15)")): Object: 'Object Repository/Page_Mattermost/button_Sign in (15)' is clicked on

2019-12-22 01:06:13 - [MESSAGE][PASSED] - Object: 'Object Repository/Page_Mattermost/button_Sign in (15)' is clicked on

2019-12-22 01:06:13 - [TEST_STEP][FAILED] - click(findTestObject("Page_ Town Square - FirstTeam Mattermost/div_Fi (11)")): Unable to click on object 'Object Repository/Page_ Town Square - FirstTeam Mattermost/div_Fi (11)' (Root cause: com.kms.katalon.core.exception.StepFailedException: Unable to click on object 'Object Repository/Page_ Town Square - FirstTeam Mattermost/div_Fi (11)'
	at com.kms.katalon.core.webui.keyword.internal.WebUIKeywordMain.stepFailed(WebUIKeywordMain.groovy:64)
	at com.kms.katalon.core.webui.keyword.internal.WebUIKeywordMain.runKeyword(WebUIKeywordMain.groovy:26)
	at com.kms.katalon.core.webui.keyword.builtin.ClickKeyword.click(ClickKeyword.groovy:102)
	at com.kms.katalon.core.webui.keyword.builtin.ClickKeyword.execute(ClickKeyword.groovy:43)
	at com.kms.katalon.core.keyword.internal.KeywordExecutor.executeKeywordForPlatform(KeywordExecutor.groovy:72)
	at com.kms.katalon.core.webui.keyword.WebUiBuiltInKeywords.click(WebUiBuiltInKeywords.groovy:616)
	at com.kms.katalon.core.webui.keyword.WebUiBuiltInKeywords$click$3.call(Unknown Source)
	at TestCase26RemoveHeaderOnOff-TopicChannel.run(TestCase26RemoveHeaderOnOff-TopicChannel:29)
	at com.kms.katalon.core.main.ScriptEngine.run(ScriptEngine.java:194)
	at com.kms.katalon.core.main.ScriptEngine.runScriptAsRawText(ScriptEngine.java:119)
	at com.kms.katalon.core.main.TestCaseExecutor.runScript(TestCaseExecutor.java:337)
	at com.kms.katalon.core.main.TestCaseExecutor.doExecute(TestCaseExecutor.java:328)
	at com.kms.katalon.core.main.TestCaseExecutor.processExecutionPhase(TestCaseExecutor.java:307)
	at com.kms.katalon.core.main.TestCaseExecutor.accessMainPhase(TestCaseExecutor.java:299)
	at com.kms.katalon.core.main.TestCaseExecutor.execute(TestCaseExecutor.java:233)
	at com.kms.katalon.core.main.TestSuiteExecutor.accessTestCaseMainPhase(TestSuiteExecutor.java:169)
	at com.kms.katalon.core.main.TestSuiteExecutor.accessTestSuiteMainPhase(TestSuiteExecutor.java:142)
	at com.kms.katalon.core.main.TestSuiteExecutor.execute(TestSuiteExecutor.java:91)
	at com.kms.katalon.core.main.TestCaseMain.startTestSuite(TestCaseMain.java:157)
	at com.kms.katalon.core.main.TestCaseMain$startTestSuite$0.call(Unknown Source)
	at TempTestSuite1576950821278.run(TempTestSuite1576950821278.groovy:36)
Caused by: com.kms.katalon.core.webui.exception.WebElementNotFoundException: Web element with id: 'Object Repository/Page_ Town Square - FirstTeam Mattermost/div_Fi (11)' located by 'By.xpath: //a[@id='firstteamTeamButton']/div' not found
	at com.kms.katalon.core.webui.common.WebUiCommonHelper.findWebElement(WebUiCommonHelper.java:1154)
	at com.kms.katalon.core.webui.keyword.internal.WebUIAbstractKeyword.findWebElement(WebUIAbstractKeyword.groovy:27)
	at com.kms.katalon.core.webui.keyword.internal.WebUIAbstractKeyword.findWebElement(WebUIAbstractKeyword.groovy:26)
	at com.kms.katalon.core.webui.keyword.builtin.ClickKeyword$_click_closure1.doCall(ClickKeyword.groovy:67)
	at com.kms.katalon.core.webui.keyword.builtin.ClickKeyword$_click_closure1.call(ClickKeyword.groovy)
	at com.kms.katalon.core.webui.keyword.internal.WebUIKeywordMain.runKeyword(WebUIKeywordMain.groovy:20)
	at com.kms.katalon.core.webui.keyword.builtin.ClickKeyword.click(ClickKeyword.groovy:102)
	at com.kms.katalon.core.webui.keyword.builtin.ClickKeyword.execute(ClickKeyword.groovy:43)
	at com.kms.katalon.core.keyword.internal.KeywordExecutor.executeKeywordForPlatform(KeywordExecutor.groovy:72)
	at com.kms.katalon.core.webui.keyword.WebUiBuiltInKeywords.click(WebUiBuiltInKeywords.groovy:616)
	at com.kms.katalon.core.webui.keyword.WebUiBuiltInKeywords$click$3.call(Unknown Source)
	at Script1576918766642.run(Script1576918766642.groovy:29)
	... 13 more
)

2019-12-22 01:06:53 - [MESSAGE][INFO] - Unable to find the element located by 'By.xpath: //a[@id='firstteamTeamButton']/div'. Please recheck the objects properties to make sure the desired element is located. 

2019-12-22 01:06:53 - [MESSAGE][FAILED] - Unable to click on object 'Object Repository/Page_ Town Square - FirstTeam Mattermost/div_Fi (11)' (Root cause: com.kms.katalon.core.exception.StepFailedException: Unable to click on object 'Object Repository/Page_ Town Square - FirstTeam Mattermost/div_Fi (11)'
	at com.kms.katalon.core.webui.keyword.internal.WebUIKeywordMain.stepFailed(WebUIKeywordMain.groovy:64)
	at com.kms.katalon.core.webui.keyword.internal.WebUIKeywordMain.runKeyword(WebUIKeywordMain.groovy:26)
	at com.kms.katalon.core.webui.keyword.builtin.ClickKeyword.click(ClickKeyword.groovy:102)
	at com.kms.katalon.core.webui.keyword.builtin.ClickKeyword.execute(ClickKeyword.groovy:43)
	at com.kms.katalon.core.keyword.internal.KeywordExecutor.executeKeywordForPlatform(KeywordExecutor.groovy:72)
	at com.kms.katalon.core.webui.keyword.WebUiBuiltInKeywords.click(WebUiBuiltInKeywords.groovy:616)
	at com.kms.katalon.core.webui.keyword.WebUiBuiltInKeywords$click$3.call(Unknown Source)
	at TestCase26RemoveHeaderOnOff-TopicChannel.run(TestCase26RemoveHeaderOnOff-TopicChannel:29)
	at com.kms.katalon.core.main.ScriptEngine.run(ScriptEngine.java:194)
	at com.kms.katalon.core.main.ScriptEngine.runScriptAsRawText(ScriptEngine.java:119)
	at com.kms.katalon.core.main.TestCaseExecutor.runScript(TestCaseExecutor.java:337)
	at com.kms.katalon.core.main.TestCaseExecutor.doExecute(TestCaseExecutor.java:328)
	at com.kms.katalon.core.main.TestCaseExecutor.processExecutionPhase(TestCaseExecutor.java:307)
	at com.kms.katalon.core.main.TestCaseExecutor.accessMainPhase(TestCaseExecutor.java:299)
	at com.kms.katalon.core.main.TestCaseExecutor.execute(TestCaseExecutor.java:233)
	at com.kms.katalon.core.main.TestSuiteExecutor.accessTestCaseMainPhase(TestSuiteExecutor.java:169)
	at com.kms.katalon.core.main.TestSuiteExecutor.accessTestSuiteMainPhase(TestSuiteExecutor.java:142)
	at com.kms.katalon.core.main.TestSuiteExecutor.execute(TestSuiteExecutor.java:91)
	at com.kms.katalon.core.main.TestCaseMain.startTestSuite(TestCaseMain.java:157)
	at com.kms.katalon.core.main.TestCaseMain$startTestSuite$0.call(Unknown Source)
	at TempTestSuite1576950821278.run(TempTestSuite1576950821278.groovy:36)
Caused by: com.kms.katalon.core.webui.exception.WebElementNotFoundException: Web element with id: 'Object Repository/Page_ Town Square - FirstTeam Mattermost/div_Fi (11)' located by 'By.xpath: //a[@id='firstteamTeamButton']/div' not found
	at com.kms.katalon.core.webui.common.WebUiCommonHelper.findWebElement(WebUiCommonHelper.java:1154)
	at com.kms.katalon.core.webui.keyword.internal.WebUIAbstractKeyword.findWebElement(WebUIAbstractKeyword.groovy:27)
	at com.kms.katalon.core.webui.keyword.internal.WebUIAbstractKeyword.findWebElement(WebUIAbstractKeyword.groovy:26)
	at com.kms.katalon.core.webui.keyword.builtin.ClickKeyword$_click_closure1.doCall(ClickKeyword.groovy:67)
	at com.kms.katalon.core.webui.keyword.builtin.ClickKeyword$_click_closure1.call(ClickKeyword.groovy)
	at com.kms.katalon.core.webui.keyword.internal.WebUIKeywordMain.runKeyword(WebUIKeywordMain.groovy:20)
	at com.kms.katalon.core.webui.keyword.builtin.ClickKeyword.click(ClickKeyword.groovy:102)
	at com.kms.katalon.core.webui.keyword.builtin.ClickKeyword.execute(ClickKeyword.groovy:43)
	at com.kms.katalon.core.keyword.internal.KeywordExecutor.executeKeywordForPlatform(KeywordExecutor.groovy:72)
	at com.kms.katalon.core.webui.keyword.WebUiBuiltInKeywords.click(WebUiBuiltInKeywords.groovy:616)
	at com.kms.katalon.core.webui.keyword.WebUiBuiltInKeywords$click$3.call(Unknown Source)
	at Script1576918766642.run(Script1576918766642.groovy:29)
	... 13 more
)
[[ATTACHMENT|C:\\Users\\Gia Nguyen\\Desktop\\CS300AutomaticWebTesting\\Reports\\20191222_005341\\Run All Test Cases\\20191222_005341\\1576951613190.png]]]]></system-out>
         <system-err><![CDATA[2019-12-22 01:05:57 - [TEST_CASE][FAILED] - Test Cases/TestCase26RemoveHeaderOnOff-TopicChannel: Test Cases/TestCase26RemoveHeaderOnOff-TopicChannel FAILED.
Reason:
com.kms.katalon.core.exception.StepFailedException: Unable to click on object 'Object Repository/Page_ Town Square - FirstTeam Mattermost/div_Fi (11)'
	at com.kms.katalon.core.webui.keyword.internal.WebUIKeywordMain.stepFailed(WebUIKeywordMain.groovy:64)
	at com.kms.katalon.core.webui.keyword.internal.WebUIKeywordMain.runKeyword(WebUIKeywordMain.groovy:26)
	at com.kms.katalon.core.webui.keyword.builtin.ClickKeyword.click(ClickKeyword.groovy:102)
	at com.kms.katalon.core.webui.keyword.builtin.ClickKeyword.execute(ClickKeyword.groovy:43)
	at com.kms.katalon.core.keyword.internal.KeywordExecutor.executeKeywordForPlatform(KeywordExecutor.groovy:72)
	at com.kms.katalon.core.webui.keyword.WebUiBuiltInKeywords.click(WebUiBuiltInKeywords.groovy:616)
	at com.kms.katalon.core.webui.keyword.WebUiBuiltInKeywords$click$3.call(Unknown Source)
	at TestCase26RemoveHeaderOnOff-TopicChannel.run(TestCase26RemoveHeaderOnOff-TopicChannel:29)
	at com.kms.katalon.core.main.ScriptEngine.run(ScriptEngine.java:194)
	at com.kms.katalon.core.main.ScriptEngine.runScriptAsRawText(ScriptEngine.java:119)
	at com.kms.katalon.core.main.TestCaseExecutor.runScript(TestCaseExecutor.java:337)
	at com.kms.katalon.core.main.TestCaseExecutor.doExecute(TestCaseExecutor.java:328)
	at com.kms.katalon.core.main.TestCaseExecutor.processExecutionPhase(TestCaseExecutor.java:307)
	at com.kms.katalon.core.main.TestCaseExecutor.accessMainPhase(TestCaseExecutor.java:299)
	at com.kms.katalon.core.main.TestCaseExecutor.execute(TestCaseExecutor.java:233)
	at com.kms.katalon.core.main.TestSuiteExecutor.accessTestCaseMainPhase(TestSuiteExecutor.java:169)
	at com.kms.katalon.core.main.TestSuiteExecutor.accessTestSuiteMainPhase(TestSuiteExecutor.java:142)
	at com.kms.katalon.core.main.TestSuiteExecutor.execute(TestSuiteExecutor.java:91)
	at com.kms.katalon.core.main.TestCaseMain.startTestSuite(TestCaseMain.java:157)
	at com.kms.katalon.core.main.TestCaseMain$startTestSuite$0.call(Unknown Source)
	at TempTestSuite1576950821278.run(TempTestSuite1576950821278.groovy:36)
Caused by: com.kms.katalon.core.webui.exception.WebElementNotFoundException: Web element with id: 'Object Repository/Page_ Town Square - FirstTeam Mattermost/div_Fi (11)' located by 'By.xpath: //a[@id='firstteamTeamButton']/div' not found
	at com.kms.katalon.core.webui.common.WebUiCommonHelper.findWebElement(WebUiCommonHelper.java:1154)
	at com.kms.katalon.core.webui.keyword.internal.WebUIAbstractKeyword.findWebElement(WebUIAbstractKeyword.groovy:27)
	at com.kms.katalon.core.webui.keyword.internal.WebUIAbstractKeyword.findWebElement(WebUIAbstractKeyword.groovy:26)
	at com.kms.katalon.core.webui.keyword.builtin.ClickKeyword$_click_closure1.doCall(ClickKeyword.groovy:67)
	at com.kms.katalon.core.webui.keyword.builtin.ClickKeyword$_click_closure1.call(ClickKeyword.groovy)
	at com.kms.katalon.core.webui.keyword.internal.WebUIKeywordMain.runKeyword(WebUIKeywordMain.groovy:20)
	... 19 more]]></system-err>
      </testcase>
      <testcase name="Test Cases/TestCase27Add(Remove)Off-TopicChannelTo(From)Favorites" time="55.171" classname="Test Cases/TestCase27Add(Remove)Off-TopicChannelTo(From)Favorites" status="FAILED">
         <failure type="FAILED" message="Test Cases/TestCase27Add(Remove)Off-TopicChannelTo(From)Favorites FAILED.
Reason:
com.kms.katalon.core.exception.StepFailedException: Unable to click on object 'Object Repository/Page_ Town Square - FirstTeam Mattermost/div_Fi (10)'
	at com.kms.katalon.core.webui.keyword.internal.WebUIKeywordMain.stepFailed(WebUIKeywordMain.groovy:64)
	at com.kms.katalon.core.webui.keyword.internal.WebUIKeywordMain.runKeyword(WebUIKeywordMain.groovy:26)
	at com.kms.katalon.core.webui.keyword.builtin.ClickKeyword.click(ClickKeyword.groovy:102)
	at com.kms.katalon.core.webui.keyword.builtin.ClickKeyword.execute(ClickKeyword.groovy:43)
	at com.kms.katalon.core.keyword.internal.KeywordExecutor.executeKeywordForPlatform(KeywordExecutor.groovy:72)
	at com.kms.katalon.core.webui.keyword.WebUiBuiltInKeywords.click(WebUiBuiltInKeywords.groovy:616)
	at com.kms.katalon.core.webui.keyword.WebUiBuiltInKeywords$click$3.call(Unknown Source)
	at TestCase27Add(Remove)Off-TopicChannelTo(From)Favorites.run(TestCase27Add(Remove)Off-TopicChannelTo(From)Favorites:29)
	at com.kms.katalon.core.main.ScriptEngine.run(ScriptEngine.java:194)
	at com.kms.katalon.core.main.ScriptEngine.runScriptAsRawText(ScriptEngine.java:119)
	at com.kms.katalon.core.main.TestCaseExecutor.runScript(TestCaseExecutor.java:337)
	at com.kms.katalon.core.main.TestCaseExecutor.doExecute(TestCaseExecutor.java:328)
	at com.kms.katalon.core.main.TestCaseExecutor.processExecutionPhase(TestCaseExecutor.java:307)
	at com.kms.katalon.core.main.TestCaseExecutor.accessMainPhase(TestCaseExecutor.java:299)
	at com.kms.katalon.core.main.TestCaseExecutor.execute(TestCaseExecutor.java:233)
	at com.kms.katalon.core.main.TestSuiteExecutor.accessTestCaseMainPhase(TestSuiteExecutor.java:169)
	at com.kms.katalon.core.main.TestSuiteExecutor.accessTestSuiteMainPhase(TestSuiteExecutor.java:142)
	at com.kms.katalon.core.main.TestSuiteExecutor.execute(TestSuiteExecutor.java:91)
	at com.kms.katalon.core.main.TestCaseMain.startTestSuite(TestCaseMain.java:157)
	at com.kms.katalon.core.main.TestCaseMain$startTestSuite$0.call(Unknown Source)
	at TempTestSuite1576950821278.run(TempTestSuite1576950821278.groovy:36)
Caused by: com.kms.katalon.core.webui.exception.WebElementNotFoundException: Web element with id: 'Object Repository/Page_ Town Square - FirstTeam Mattermost/div_Fi (10)' located by 'By.xpath: //a[@id='firstteamTeamButton']/div/div/div' not found
	at com.kms.katalon.core.webui.common.WebUiCommonHelper.findWebElement(WebUiCommonHelper.java:1154)
	at com.kms.katalon.core.webui.keyword.internal.WebUIAbstractKeyword.findWebElement(WebUIAbstractKeyword.groovy:27)
	at com.kms.katalon.core.webui.keyword.internal.WebUIAbstractKeyword.findWebElement(WebUIAbstractKeyword.groovy:26)
	at com.kms.katalon.core.webui.keyword.builtin.ClickKeyword$_click_closure1.doCall(ClickKeyword.groovy:67)
	at com.kms.katalon.core.webui.keyword.builtin.ClickKeyword$_click_closure1.call(ClickKeyword.groovy)
	at com.kms.katalon.core.webui.keyword.internal.WebUIKeywordMain.runKeyword(WebUIKeywordMain.groovy:20)
	... 19 more
"/>
         <system-out><![CDATA[2019-12-22 01:06:53 - [TEST_CASE][FAILED] - Test Cases/TestCase27Add(Remove)Off-TopicChannelTo(From)Favorites: Test Cases/TestCase27Add(Remove)Off-TopicChannelTo(From)Favorites FAILED.
Reason:
com.kms.katalon.core.exception.StepFailedException: Unable to click on object 'Object Repository/Page_ Town Square - FirstTeam Mattermost/div_Fi (10)'
	at com.kms.katalon.core.webui.keyword.internal.WebUIKeywordMain.stepFailed(WebUIKeywordMain.groovy:64)
	at com.kms.katalon.core.webui.keyword.internal.WebUIKeywordMain.runKeyword(WebUIKeywordMain.groovy:26)
	at com.kms.katalon.core.webui.keyword.builtin.ClickKeyword.click(ClickKeyword.groovy:102)
	at com.kms.katalon.core.webui.keyword.builtin.ClickKeyword.execute(ClickKeyword.groovy:43)
	at com.kms.katalon.core.keyword.internal.KeywordExecutor.executeKeywordForPlatform(KeywordExecutor.groovy:72)
	at com.kms.katalon.core.webui.keyword.WebUiBuiltInKeywords.click(WebUiBuiltInKeywords.groovy:616)
	at com.kms.katalon.core.webui.keyword.WebUiBuiltInKeywords$click$3.call(Unknown Source)
	at TestCase27Add(Remove)Off-TopicChannelTo(From)Favorites.run(TestCase27Add(Remove)Off-TopicChannelTo(From)Favorites:29)
	at com.kms.katalon.core.main.ScriptEngine.run(ScriptEngine.java:194)
	at com.kms.katalon.core.main.ScriptEngine.runScriptAsRawText(ScriptEngine.java:119)
	at com.kms.katalon.core.main.TestCaseExecutor.runScript(TestCaseExecutor.java:337)
	at com.kms.katalon.core.main.TestCaseExecutor.doExecute(TestCaseExecutor.java:328)
	at com.kms.katalon.core.main.TestCaseExecutor.processExecutionPhase(TestCaseExecutor.java:307)
	at com.kms.katalon.core.main.TestCaseExecutor.accessMainPhase(TestCaseExecutor.java:299)
	at com.kms.katalon.core.main.TestCaseExecutor.execute(TestCaseExecutor.java:233)
	at com.kms.katalon.core.main.TestSuiteExecutor.accessTestCaseMainPhase(TestSuiteExecutor.java:169)
	at com.kms.katalon.core.main.TestSuiteExecutor.accessTestSuiteMainPhase(TestSuiteExecutor.java:142)
	at com.kms.katalon.core.main.TestSuiteExecutor.execute(TestSuiteExecutor.java:91)
	at com.kms.katalon.core.main.TestCaseMain.startTestSuite(TestCaseMain.java:157)
	at com.kms.katalon.core.main.TestCaseMain$startTestSuite$0.call(Unknown Source)
	at TempTestSuite1576950821278.run(TempTestSuite1576950821278.groovy:36)
Caused by: com.kms.katalon.core.webui.exception.WebElementNotFoundException: Web element with id: 'Object Repository/Page_ Town Square - FirstTeam Mattermost/div_Fi (10)' located by 'By.xpath: //a[@id='firstteamTeamButton']/div/div/div' not found
	at com.kms.katalon.core.webui.common.WebUiCommonHelper.findWebElement(WebUiCommonHelper.java:1154)
	at com.kms.katalon.core.webui.keyword.internal.WebUIAbstractKeyword.findWebElement(WebUIAbstractKeyword.groovy:27)
	at com.kms.katalon.core.webui.keyword.internal.WebUIAbstractKeyword.findWebElement(WebUIAbstractKeyword.groovy:26)
	at com.kms.katalon.core.webui.keyword.builtin.ClickKeyword$_click_closure1.doCall(ClickKeyword.groovy:67)
	at com.kms.katalon.core.webui.keyword.builtin.ClickKeyword$_click_closure1.call(ClickKeyword.groovy)
	at com.kms.katalon.core.webui.keyword.internal.WebUIKeywordMain.runKeyword(WebUIKeywordMain.groovy:20)
	... 19 more


2019-12-22 01:06:53 - [TEST_STEP][PASSED] - openBrowser(""): Browser is opened with url: ''

2019-12-22 01:06:53 - [MESSAGE][WARNING] - A browser is already opened. Closing browser and opening a new one

2019-12-22 01:06:54 - [MESSAGE][INFO] - Starting 'Firefox' driver

2019-12-22 01:06:56 - [MESSAGE][PASSED] - Browser is opened with url: ''

2019-12-22 01:06:56 - [TEST_STEP][PASSED] - navigateToUrl("https://cs300testautomatic.herokuapp.com/"): Navigate to 'https://cs300testautomatic.herokuapp.com/' successfully

2019-12-22 01:06:59 - [MESSAGE][PASSED] - Navigate to 'https://cs300testautomatic.herokuapp.com/' successfully

2019-12-22 01:06:59 - [TEST_STEP][PASSED] - setText(findTestObject("Page_Mattermost/input_All team communication in one place s_703ef5 (18)"), "giabeuu@gmail.com"): Text 'giabeuu@gmail.com' is set on object 'Object Repository/Page_Mattermost/input_All team communication in one place s_703ef5 (18)'

2019-12-22 01:07:04 - [MESSAGE][PASSED] - Text 'giabeuu@gmail.com' is set on object 'Object Repository/Page_Mattermost/input_All team communication in one place s_703ef5 (18)'

2019-12-22 01:07:04 - [TEST_STEP][PASSED] - setEncryptedText(findTestObject("Page_Mattermost/input_All team communication in one place s_2f2733 (18)"), "GoUae4B8Jrc="): Text ****** has been set on object 'Object Repository/Page_Mattermost/input_All team communication in one place s_2f2733 (18)'

2019-12-22 01:07:04 - [MESSAGE][PASSED] - Text ****** has been set on object 'Object Repository/Page_Mattermost/input_All team communication in one place s_2f2733 (18)'

2019-12-22 01:07:04 - [TEST_STEP][PASSED] - click(findTestObject("Page_Mattermost/button_Sign in (8)")): Object: 'Object Repository/Page_Mattermost/button_Sign in (8)' is clicked on

2019-12-22 01:07:05 - [MESSAGE][PASSED] - Object: 'Object Repository/Page_Mattermost/button_Sign in (8)' is clicked on

2019-12-22 01:07:05 - [TEST_STEP][FAILED] - click(findTestObject("Page_ Town Square - FirstTeam Mattermost/div_Fi (10)")): Unable to click on object 'Object Repository/Page_ Town Square - FirstTeam Mattermost/div_Fi (10)' (Root cause: com.kms.katalon.core.exception.StepFailedException: Unable to click on object 'Object Repository/Page_ Town Square - FirstTeam Mattermost/div_Fi (10)'
	at com.kms.katalon.core.webui.keyword.internal.WebUIKeywordMain.stepFailed(WebUIKeywordMain.groovy:64)
	at com.kms.katalon.core.webui.keyword.internal.WebUIKeywordMain.runKeyword(WebUIKeywordMain.groovy:26)
	at com.kms.katalon.core.webui.keyword.builtin.ClickKeyword.click(ClickKeyword.groovy:102)
	at com.kms.katalon.core.webui.keyword.builtin.ClickKeyword.execute(ClickKeyword.groovy:43)
	at com.kms.katalon.core.keyword.internal.KeywordExecutor.executeKeywordForPlatform(KeywordExecutor.groovy:72)
	at com.kms.katalon.core.webui.keyword.WebUiBuiltInKeywords.click(WebUiBuiltInKeywords.groovy:616)
	at com.kms.katalon.core.webui.keyword.WebUiBuiltInKeywords$click$3.call(Unknown Source)
	at TestCase27Add(Remove)Off-TopicChannelTo(From)Favorites.run(TestCase27Add(Remove)Off-TopicChannelTo(From)Favorites:29)
	at com.kms.katalon.core.main.ScriptEngine.run(ScriptEngine.java:194)
	at com.kms.katalon.core.main.ScriptEngine.runScriptAsRawText(ScriptEngine.java:119)
	at com.kms.katalon.core.main.TestCaseExecutor.runScript(TestCaseExecutor.java:337)
	at com.kms.katalon.core.main.TestCaseExecutor.doExecute(TestCaseExecutor.java:328)
	at com.kms.katalon.core.main.TestCaseExecutor.processExecutionPhase(TestCaseExecutor.java:307)
	at com.kms.katalon.core.main.TestCaseExecutor.accessMainPhase(TestCaseExecutor.java:299)
	at com.kms.katalon.core.main.TestCaseExecutor.execute(TestCaseExecutor.java:233)
	at com.kms.katalon.core.main.TestSuiteExecutor.accessTestCaseMainPhase(TestSuiteExecutor.java:169)
	at com.kms.katalon.core.main.TestSuiteExecutor.accessTestSuiteMainPhase(TestSuiteExecutor.java:142)
	at com.kms.katalon.core.main.TestSuiteExecutor.execute(TestSuiteExecutor.java:91)
	at com.kms.katalon.core.main.TestCaseMain.startTestSuite(TestCaseMain.java:157)
	at com.kms.katalon.core.main.TestCaseMain$startTestSuite$0.call(Unknown Source)
	at TempTestSuite1576950821278.run(TempTestSuite1576950821278.groovy:36)
Caused by: com.kms.katalon.core.webui.exception.WebElementNotFoundException: Web element with id: 'Object Repository/Page_ Town Square - FirstTeam Mattermost/div_Fi (10)' located by 'By.xpath: //a[@id='firstteamTeamButton']/div/div/div' not found
	at com.kms.katalon.core.webui.common.WebUiCommonHelper.findWebElement(WebUiCommonHelper.java:1154)
	at com.kms.katalon.core.webui.keyword.internal.WebUIAbstractKeyword.findWebElement(WebUIAbstractKeyword.groovy:27)
	at com.kms.katalon.core.webui.keyword.internal.WebUIAbstractKeyword.findWebElement(WebUIAbstractKeyword.groovy:26)
	at com.kms.katalon.core.webui.keyword.builtin.ClickKeyword$_click_closure1.doCall(ClickKeyword.groovy:67)
	at com.kms.katalon.core.webui.keyword.builtin.ClickKeyword$_click_closure1.call(ClickKeyword.groovy)
	at com.kms.katalon.core.webui.keyword.internal.WebUIKeywordMain.runKeyword(WebUIKeywordMain.groovy:20)
	at com.kms.katalon.core.webui.keyword.builtin.ClickKeyword.click(ClickKeyword.groovy:102)
	at com.kms.katalon.core.webui.keyword.builtin.ClickKeyword.execute(ClickKeyword.groovy:43)
	at com.kms.katalon.core.keyword.internal.KeywordExecutor.executeKeywordForPlatform(KeywordExecutor.groovy:72)
	at com.kms.katalon.core.webui.keyword.WebUiBuiltInKeywords.click(WebUiBuiltInKeywords.groovy:616)
	at com.kms.katalon.core.webui.keyword.WebUiBuiltInKeywords$click$3.call(Unknown Source)
	at Script1576918774431.run(Script1576918774431.groovy:29)
	... 13 more
)

2019-12-22 01:07:48 - [MESSAGE][INFO] - Unable to find the element located by 'By.xpath: //a[@id='firstteamTeamButton']/div/div/div'. Please recheck the objects properties to make sure the desired element is located. 

2019-12-22 01:07:48 - [MESSAGE][FAILED] - Unable to click on object 'Object Repository/Page_ Town Square - FirstTeam Mattermost/div_Fi (10)' (Root cause: com.kms.katalon.core.exception.StepFailedException: Unable to click on object 'Object Repository/Page_ Town Square - FirstTeam Mattermost/div_Fi (10)'
	at com.kms.katalon.core.webui.keyword.internal.WebUIKeywordMain.stepFailed(WebUIKeywordMain.groovy:64)
	at com.kms.katalon.core.webui.keyword.internal.WebUIKeywordMain.runKeyword(WebUIKeywordMain.groovy:26)
	at com.kms.katalon.core.webui.keyword.builtin.ClickKeyword.click(ClickKeyword.groovy:102)
	at com.kms.katalon.core.webui.keyword.builtin.ClickKeyword.execute(ClickKeyword.groovy:43)
	at com.kms.katalon.core.keyword.internal.KeywordExecutor.executeKeywordForPlatform(KeywordExecutor.groovy:72)
	at com.kms.katalon.core.webui.keyword.WebUiBuiltInKeywords.click(WebUiBuiltInKeywords.groovy:616)
	at com.kms.katalon.core.webui.keyword.WebUiBuiltInKeywords$click$3.call(Unknown Source)
	at TestCase27Add(Remove)Off-TopicChannelTo(From)Favorites.run(TestCase27Add(Remove)Off-TopicChannelTo(From)Favorites:29)
	at com.kms.katalon.core.main.ScriptEngine.run(ScriptEngine.java:194)
	at com.kms.katalon.core.main.ScriptEngine.runScriptAsRawText(ScriptEngine.java:119)
	at com.kms.katalon.core.main.TestCaseExecutor.runScript(TestCaseExecutor.java:337)
	at com.kms.katalon.core.main.TestCaseExecutor.doExecute(TestCaseExecutor.java:328)
	at com.kms.katalon.core.main.TestCaseExecutor.processExecutionPhase(TestCaseExecutor.java:307)
	at com.kms.katalon.core.main.TestCaseExecutor.accessMainPhase(TestCaseExecutor.java:299)
	at com.kms.katalon.core.main.TestCaseExecutor.execute(TestCaseExecutor.java:233)
	at com.kms.katalon.core.main.TestSuiteExecutor.accessTestCaseMainPhase(TestSuiteExecutor.java:169)
	at com.kms.katalon.core.main.TestSuiteExecutor.accessTestSuiteMainPhase(TestSuiteExecutor.java:142)
	at com.kms.katalon.core.main.TestSuiteExecutor.execute(TestSuiteExecutor.java:91)
	at com.kms.katalon.core.main.TestCaseMain.startTestSuite(TestCaseMain.java:157)
	at com.kms.katalon.core.main.TestCaseMain$startTestSuite$0.call(Unknown Source)
	at TempTestSuite1576950821278.run(TempTestSuite1576950821278.groovy:36)
Caused by: com.kms.katalon.core.webui.exception.WebElementNotFoundException: Web element with id: 'Object Repository/Page_ Town Square - FirstTeam Mattermost/div_Fi (10)' located by 'By.xpath: //a[@id='firstteamTeamButton']/div/div/div' not found
	at com.kms.katalon.core.webui.common.WebUiCommonHelper.findWebElement(WebUiCommonHelper.java:1154)
	at com.kms.katalon.core.webui.keyword.internal.WebUIAbstractKeyword.findWebElement(WebUIAbstractKeyword.groovy:27)
	at com.kms.katalon.core.webui.keyword.internal.WebUIAbstractKeyword.findWebElement(WebUIAbstractKeyword.groovy:26)
	at com.kms.katalon.core.webui.keyword.builtin.ClickKeyword$_click_closure1.doCall(ClickKeyword.groovy:67)
	at com.kms.katalon.core.webui.keyword.builtin.ClickKeyword$_click_closure1.call(ClickKeyword.groovy)
	at com.kms.katalon.core.webui.keyword.internal.WebUIKeywordMain.runKeyword(WebUIKeywordMain.groovy:20)
	at com.kms.katalon.core.webui.keyword.builtin.ClickKeyword.click(ClickKeyword.groovy:102)
	at com.kms.katalon.core.webui.keyword.builtin.ClickKeyword.execute(ClickKeyword.groovy:43)
	at com.kms.katalon.core.keyword.internal.KeywordExecutor.executeKeywordForPlatform(KeywordExecutor.groovy:72)
	at com.kms.katalon.core.webui.keyword.WebUiBuiltInKeywords.click(WebUiBuiltInKeywords.groovy:616)
	at com.kms.katalon.core.webui.keyword.WebUiBuiltInKeywords$click$3.call(Unknown Source)
	at Script1576918774431.run(Script1576918774431.groovy:29)
	... 13 more
)
[[ATTACHMENT|C:\\Users\\Gia Nguyen\\Desktop\\CS300AutomaticWebTesting\\Reports\\20191222_005341\\Run All Test Cases\\20191222_005341\\1576951668362.png]]]]></system-out>
         <system-err><![CDATA[2019-12-22 01:06:53 - [TEST_CASE][FAILED] - Test Cases/TestCase27Add(Remove)Off-TopicChannelTo(From)Favorites: Test Cases/TestCase27Add(Remove)Off-TopicChannelTo(From)Favorites FAILED.
Reason:
com.kms.katalon.core.exception.StepFailedException: Unable to click on object 'Object Repository/Page_ Town Square - FirstTeam Mattermost/div_Fi (10)'
	at com.kms.katalon.core.webui.keyword.internal.WebUIKeywordMain.stepFailed(WebUIKeywordMain.groovy:64)
	at com.kms.katalon.core.webui.keyword.internal.WebUIKeywordMain.runKeyword(WebUIKeywordMain.groovy:26)
	at com.kms.katalon.core.webui.keyword.builtin.ClickKeyword.click(ClickKeyword.groovy:102)
	at com.kms.katalon.core.webui.keyword.builtin.ClickKeyword.execute(ClickKeyword.groovy:43)
	at com.kms.katalon.core.keyword.internal.KeywordExecutor.executeKeywordForPlatform(KeywordExecutor.groovy:72)
	at com.kms.katalon.core.webui.keyword.WebUiBuiltInKeywords.click(WebUiBuiltInKeywords.groovy:616)
	at com.kms.katalon.core.webui.keyword.WebUiBuiltInKeywords$click$3.call(Unknown Source)
	at TestCase27Add(Remove)Off-TopicChannelTo(From)Favorites.run(TestCase27Add(Remove)Off-TopicChannelTo(From)Favorites:29)
	at com.kms.katalon.core.main.ScriptEngine.run(ScriptEngine.java:194)
	at com.kms.katalon.core.main.ScriptEngine.runScriptAsRawText(ScriptEngine.java:119)
	at com.kms.katalon.core.main.TestCaseExecutor.runScript(TestCaseExecutor.java:337)
	at com.kms.katalon.core.main.TestCaseExecutor.doExecute(TestCaseExecutor.java:328)
	at com.kms.katalon.core.main.TestCaseExecutor.processExecutionPhase(TestCaseExecutor.java:307)
	at com.kms.katalon.core.main.TestCaseExecutor.accessMainPhase(TestCaseExecutor.java:299)
	at com.kms.katalon.core.main.TestCaseExecutor.execute(TestCaseExecutor.java:233)
	at com.kms.katalon.core.main.TestSuiteExecutor.accessTestCaseMainPhase(TestSuiteExecutor.java:169)
	at com.kms.katalon.core.main.TestSuiteExecutor.accessTestSuiteMainPhase(TestSuiteExecutor.java:142)
	at com.kms.katalon.core.main.TestSuiteExecutor.execute(TestSuiteExecutor.java:91)
	at com.kms.katalon.core.main.TestCaseMain.startTestSuite(TestCaseMain.java:157)
	at com.kms.katalon.core.main.TestCaseMain$startTestSuite$0.call(Unknown Source)
	at TempTestSuite1576950821278.run(TempTestSuite1576950821278.groovy:36)
Caused by: com.kms.katalon.core.webui.exception.WebElementNotFoundException: Web element with id: 'Object Repository/Page_ Town Square - FirstTeam Mattermost/div_Fi (10)' located by 'By.xpath: //a[@id='firstteamTeamButton']/div/div/div' not found
	at com.kms.katalon.core.webui.common.WebUiCommonHelper.findWebElement(WebUiCommonHelper.java:1154)
	at com.kms.katalon.core.webui.keyword.internal.WebUIAbstractKeyword.findWebElement(WebUIAbstractKeyword.groovy:27)
	at com.kms.katalon.core.webui.keyword.internal.WebUIAbstractKeyword.findWebElement(WebUIAbstractKeyword.groovy:26)
	at com.kms.katalon.core.webui.keyword.builtin.ClickKeyword$_click_closure1.doCall(ClickKeyword.groovy:67)
	at com.kms.katalon.core.webui.keyword.builtin.ClickKeyword$_click_closure1.call(ClickKeyword.groovy)
	at com.kms.katalon.core.webui.keyword.internal.WebUIKeywordMain.runKeyword(WebUIKeywordMain.groovy:20)
	... 19 more]]></system-err>
      </testcase>
      <testcase name="Test Cases/TestCase28CreateMoreTeam(NewTeamTesting)" time="19.227" classname="Test Cases/TestCase28CreateMoreTeam(NewTeamTesting)" status="PASSED">
         <system-out><![CDATA[2019-12-22 01:07:48 - [TEST_CASE][PASSED] - Test Cases/TestCase28CreateMoreTeam(NewTeamTesting): Test Cases/TestCase28CreateMoreTeam(NewTeamTesting)

2019-12-22 01:07:48 - [TEST_STEP][PASSED] - openBrowser(""): Browser is opened with url: ''

2019-12-22 01:07:48 - [MESSAGE][WARNING] - A browser is already opened. Closing browser and opening a new one

2019-12-22 01:07:49 - [MESSAGE][INFO] - Starting 'Firefox' driver

2019-12-22 01:07:51 - [MESSAGE][PASSED] - Browser is opened with url: ''

2019-12-22 01:07:51 - [TEST_STEP][PASSED] - navigateToUrl("https://cs300testautomatic.herokuapp.com/"): Navigate to 'https://cs300testautomatic.herokuapp.com/' successfully

2019-12-22 01:07:55 - [MESSAGE][PASSED] - Navigate to 'https://cs300testautomatic.herokuapp.com/' successfully

2019-12-22 01:07:55 - [TEST_STEP][PASSED] - setText(findTestObject("Page_Mattermost/input_All team communication in one place s_703ef5 (19)"), "giabeuu@gmail.com"): Text 'giabeuu@gmail.com' is set on object 'Object Repository/Page_Mattermost/input_All team communication in one place s_703ef5 (19)'

2019-12-22 01:07:59 - [MESSAGE][PASSED] - Text 'giabeuu@gmail.com' is set on object 'Object Repository/Page_Mattermost/input_All team communication in one place s_703ef5 (19)'

2019-12-22 01:07:59 - [TEST_STEP][PASSED] - setEncryptedText(findTestObject("Page_Mattermost/input_All team communication in one place s_2f2733 (19)"), "GoUae4B8Jrc="): Text ****** has been set on object 'Object Repository/Page_Mattermost/input_All team communication in one place s_2f2733 (19)'

2019-12-22 01:07:59 - [MESSAGE][PASSED] - Text ****** has been set on object 'Object Repository/Page_Mattermost/input_All team communication in one place s_2f2733 (19)'

2019-12-22 01:07:59 - [TEST_STEP][PASSED] - click(findTestObject("Page_Mattermost/button_Sign in (9)")): Object: 'Object Repository/Page_Mattermost/button_Sign in (9)' is clicked on

2019-12-22 01:08:00 - [MESSAGE][PASSED] - Object: 'Object Repository/Page_Mattermost/button_Sign in (9)' is clicked on

2019-12-22 01:08:00 - [TEST_STEP][PASSED] - click(findTestObject("Page_ Town Square - FirstTeam Mattermost/svg (2)")): Object: 'Object Repository/Page_ Town Square - FirstTeam Mattermost/svg (2)' is clicked on

2019-12-22 01:08:03 - [MESSAGE][PASSED] - Object: 'Object Repository/Page_ Town Square - FirstTeam Mattermost/svg (2)' is clicked on

2019-12-22 01:08:03 - [TEST_STEP][PASSED] - click(findTestObject("Page_ Town Square - FirstTeam Mattermost/a_Create a New Team (1)")): Object: 'Object Repository/Page_ Town Square - FirstTeam Mattermost/a_Create a New Team (1)' is clicked on

2019-12-22 01:08:04 - [MESSAGE][PASSED] - Object: 'Object Repository/Page_ Town Square - FirstTeam Mattermost/a_Create a New Team (1)' is clicked on

2019-12-22 01:08:04 - [TEST_STEP][PASSED] - setText(findTestObject("Page_ Town Square - FirstTeam Mattermost/input_Team Name_teamNameInput (1)"), "NewTeamTesting"): Text 'NewTeamTesting' is set on object 'Object Repository/Page_ Town Square - FirstTeam Mattermost/input_Team Name_teamNameInput (1)'

2019-12-22 01:08:05 - [MESSAGE][PASSED] - Text 'NewTeamTesting' is set on object 'Object Repository/Page_ Town Square - FirstTeam Mattermost/input_Team Name_teamNameInput (1)'

2019-12-22 01:08:05 - [TEST_STEP][PASSED] - click(findTestObject("Object Repository/Page_ Town Square - FirstTeam Mattermost/button_Next")): Object: 'Object Repository/Page_ Town Square - FirstTeam Mattermost/button_Next' is clicked on

2019-12-22 01:08:05 - [MESSAGE][PASSED] - Object: 'Object Repository/Page_ Town Square - FirstTeam Mattermost/button_Next' is clicked on

2019-12-22 01:08:05 - [TEST_STEP][PASSED] - click(findTestObject("Object Repository/Page_ Town Square - FirstTeam Mattermost/input_httpscs300testautomaticherokuappcom_t_44e657")): Object: 'Object Repository/Page_ Town Square - FirstTeam Mattermost/input_httpscs300testautomaticherokuappcom_t_44e657' is clicked on

2019-12-22 01:08:06 - [MESSAGE][PASSED] - Object: 'Object Repository/Page_ Town Square - FirstTeam Mattermost/input_httpscs300testautomaticherokuappcom_t_44e657' is clicked on

2019-12-22 01:08:06 - [TEST_STEP][PASSED] - setText(findTestObject("Object Repository/Page_ Town Square - FirstTeam Mattermost/input_httpscs300testautomaticherokuappcom_t_44e657"), "newteamtesting"): Text 'newteamtesting' is set on object 'Object Repository/Page_ Town Square - FirstTeam Mattermost/input_httpscs300testautomaticherokuappcom_t_44e657'

2019-12-22 01:08:06 - [MESSAGE][PASSED] - Text 'newteamtesting' is set on object 'Object Repository/Page_ Town Square - FirstTeam Mattermost/input_httpscs300testautomaticherokuappcom_t_44e657'

2019-12-22 01:08:06 - [TEST_STEP][PASSED] - click(findTestObject("Page_ Town Square - FirstTeam Mattermost/button_Finish (1)")): Object: 'Object Repository/Page_ Town Square - FirstTeam Mattermost/button_Finish (1)' is clicked on

2019-12-22 01:08:06 - [MESSAGE][PASSED] - Object: 'Object Repository/Page_ Town Square - FirstTeam Mattermost/button_Finish (1)' is clicked on

2019-12-22 01:08:06 - [TEST_STEP][PASSED] - closeBrowser(): Browser is closed

2019-12-22 01:08:07 - [MESSAGE][PASSED] - Browser is closed]]></system-out>
         <system-err><![CDATA[]]></system-err>
      </testcase>
      <testcase name="Test Cases/TestCase29LeaveTeam(NewTeamTesting)" time="19.263" classname="Test Cases/TestCase29LeaveTeam(NewTeamTesting)" status="PASSED">
         <system-out><![CDATA[2019-12-22 01:08:07 - [TEST_CASE][PASSED] - Test Cases/TestCase29LeaveTeam(NewTeamTesting): Test Cases/TestCase29LeaveTeam(NewTeamTesting)

2019-12-22 01:08:07 - [TEST_STEP][PASSED] - openBrowser(""): Browser is opened with url: ''

2019-12-22 01:08:07 - [MESSAGE][INFO] - Starting 'Firefox' driver

2019-12-22 01:08:10 - [MESSAGE][PASSED] - Browser is opened with url: ''

2019-12-22 01:08:10 - [TEST_STEP][PASSED] - navigateToUrl("https://cs300testautomatic.herokuapp.com/"): Navigate to 'https://cs300testautomatic.herokuapp.com/' successfully

2019-12-22 01:08:13 - [MESSAGE][PASSED] - Navigate to 'https://cs300testautomatic.herokuapp.com/' successfully

2019-12-22 01:08:13 - [TEST_STEP][PASSED] - setText(findTestObject("Page_Mattermost/input_All team communication in one place s_703ef5 (20)"), "giabeuu@gmail.com"): Text 'giabeuu@gmail.com' is set on object 'Object Repository/Page_Mattermost/input_All team communication in one place s_703ef5 (20)'

2019-12-22 01:08:18 - [MESSAGE][PASSED] - Text 'giabeuu@gmail.com' is set on object 'Object Repository/Page_Mattermost/input_All team communication in one place s_703ef5 (20)'

2019-12-22 01:08:18 - [TEST_STEP][PASSED] - setEncryptedText(findTestObject("Page_Mattermost/input_All team communication in one place s_2f2733 (20)"), "GoUae4B8Jrc="): Text ****** has been set on object 'Object Repository/Page_Mattermost/input_All team communication in one place s_2f2733 (20)'

2019-12-22 01:08:18 - [MESSAGE][PASSED] - Text ****** has been set on object 'Object Repository/Page_Mattermost/input_All team communication in one place s_2f2733 (20)'

2019-12-22 01:08:18 - [TEST_STEP][PASSED] - click(findTestObject("Page_Mattermost/button_Sign in (10)")): Object: 'Object Repository/Page_Mattermost/button_Sign in (10)' is clicked on

2019-12-22 01:08:19 - [MESSAGE][PASSED] - Object: 'Object Repository/Page_Mattermost/button_Sign in (10)' is clicked on

2019-12-22 01:08:19 - [TEST_STEP][PASSED] - click(findTestObject("Object Repository/Page_ Town Square - FirstTeam Mattermost/div_Ne")): Object: 'Object Repository/Page_ Town Square - FirstTeam Mattermost/div_Ne' is clicked on

2019-12-22 01:08:22 - [MESSAGE][PASSED] - Object: 'Object Repository/Page_ Town Square - FirstTeam Mattermost/div_Ne' is clicked on

2019-12-22 01:08:22 - [TEST_STEP][PASSED] - click(findTestObject("Object Repository/Page_ Town Square - NewTeamTesting Mattermost/svg")): Object: 'Object Repository/Page_ Town Square - NewTeamTesting Mattermost/svg' is clicked on

2019-12-22 01:08:24 - [MESSAGE][PASSED] - Object: 'Object Repository/Page_ Town Square - NewTeamTesting Mattermost/svg' is clicked on

2019-12-22 01:08:24 - [TEST_STEP][PASSED] - click(findTestObject("Object Repository/Page_ Town Square - NewTeamTesting Mattermost/button_Leave Team")): Object: 'Object Repository/Page_ Town Square - NewTeamTesting Mattermost/button_Leave Team' is clicked on

2019-12-22 01:08:25 - [MESSAGE][PASSED] - Object: 'Object Repository/Page_ Town Square - NewTeamTesting Mattermost/button_Leave Team' is clicked on

2019-12-22 01:08:25 - [TEST_STEP][PASSED] - click(findTestObject("Object Repository/Page_ Town Square - NewTeamTesting Mattermost/button_Yes")): Object: 'Object Repository/Page_ Town Square - NewTeamTesting Mattermost/button_Yes' is clicked on

2019-12-22 01:08:26 - [MESSAGE][PASSED] - Object: 'Object Repository/Page_ Town Square - NewTeamTesting Mattermost/button_Yes' is clicked on

2019-12-22 01:08:26 - [TEST_STEP][PASSED] - closeBrowser(): Browser is closed

2019-12-22 01:08:26 - [MESSAGE][PASSED] - Browser is closed]]></system-out>
         <system-err><![CDATA[]]></system-err>
      </testcase>
      <testcase name="Test Cases/TestCase30JoinAnotherTeam(NewTeamTesting)" time="16.95" classname="Test Cases/TestCase30JoinAnotherTeam(NewTeamTesting)" status="PASSED">
         <system-out><![CDATA[2019-12-22 01:08:26 - [TEST_CASE][PASSED] - Test Cases/TestCase30JoinAnotherTeam(NewTeamTesting): Test Cases/TestCase30JoinAnotherTeam(NewTeamTesting)

2019-12-22 01:08:27 - [TEST_STEP][PASSED] - openBrowser(""): Browser is opened with url: ''

2019-12-22 01:08:27 - [MESSAGE][INFO] - Starting 'Firefox' driver

2019-12-22 01:08:29 - [MESSAGE][PASSED] - Browser is opened with url: ''

2019-12-22 01:08:29 - [TEST_STEP][PASSED] - navigateToUrl("https://cs300testautomatic.herokuapp.com/"): Navigate to 'https://cs300testautomatic.herokuapp.com/' successfully

2019-12-22 01:08:32 - [MESSAGE][PASSED] - Navigate to 'https://cs300testautomatic.herokuapp.com/' successfully

2019-12-22 01:08:32 - [TEST_STEP][PASSED] - setText(findTestObject("Page_Mattermost/input_All team communication in one place s_703ef5 (21)"), "giabeuu@gmail.com"): Text 'giabeuu@gmail.com' is set on object 'Object Repository/Page_Mattermost/input_All team communication in one place s_703ef5 (21)'

2019-12-22 01:08:37 - [MESSAGE][PASSED] - Text 'giabeuu@gmail.com' is set on object 'Object Repository/Page_Mattermost/input_All team communication in one place s_703ef5 (21)'

2019-12-22 01:08:37 - [TEST_STEP][PASSED] - setEncryptedText(findTestObject("Page_Mattermost/input_All team communication in one place s_2f2733 (21)"), "GoUae4B8Jrc="): Text ****** has been set on object 'Object Repository/Page_Mattermost/input_All team communication in one place s_2f2733 (21)'

2019-12-22 01:08:37 - [MESSAGE][PASSED] - Text ****** has been set on object 'Object Repository/Page_Mattermost/input_All team communication in one place s_2f2733 (21)'

2019-12-22 01:08:37 - [TEST_STEP][PASSED] - click(findTestObject("Page_Mattermost/button_Sign in (11)")): Object: 'Object Repository/Page_Mattermost/button_Sign in (11)' is clicked on

2019-12-22 01:08:38 - [MESSAGE][PASSED] - Object: 'Object Repository/Page_Mattermost/button_Sign in (11)' is clicked on

2019-12-22 01:08:38 - [TEST_STEP][PASSED] - click(findTestObject("Page_ Town Square - FirstTeam Mattermost/svg (3)")): Object: 'Object Repository/Page_ Town Square - FirstTeam Mattermost/svg (3)' is clicked on

2019-12-22 01:08:41 - [MESSAGE][PASSED] - Object: 'Object Repository/Page_ Town Square - FirstTeam Mattermost/svg (3)' is clicked on

2019-12-22 01:08:41 - [TEST_STEP][PASSED] - click(findTestObject("Object Repository/Page_ Town Square - FirstTeam Mattermost/a_Join Another Team")): Object: 'Object Repository/Page_ Town Square - FirstTeam Mattermost/a_Join Another Team' is clicked on

2019-12-22 01:08:42 - [MESSAGE][PASSED] - Object: 'Object Repository/Page_ Town Square - FirstTeam Mattermost/a_Join Another Team' is clicked on

2019-12-22 01:08:42 - [TEST_STEP][PASSED] - click(findTestObject("Object Repository/Page_ Town Square - FirstTeam Mattermost/span_NewTeamTesting_fa fa-angle-right right_7ee06a")): Object: 'Object Repository/Page_ Town Square - FirstTeam Mattermost/span_NewTeamTesting_fa fa-angle-right right_7ee06a' is clicked on

2019-12-22 01:08:43 - [MESSAGE][PASSED] - Object: 'Object Repository/Page_ Town Square - FirstTeam Mattermost/span_NewTeamTesting_fa fa-angle-right right_7ee06a' is clicked on

2019-12-22 01:08:43 - [TEST_STEP][PASSED] - closeBrowser(): Browser is closed

2019-12-22 01:08:43 - [MESSAGE][PASSED] - Browser is closed]]></system-out>
         <system-err><![CDATA[]]></system-err>
      </testcase>
      <testcase name="Test Cases/TestCase31RemoveDirectMessage" time="34.04" classname="Test Cases/TestCase31RemoveDirectMessage" status="PASSED">
         <system-out><![CDATA[2019-12-22 01:08:43 - [TEST_CASE][PASSED] - Test Cases/TestCase31RemoveDirectMessage: Test Cases/TestCase31RemoveDirectMessage

2019-12-22 01:08:44 - [TEST_STEP][PASSED] - openBrowser(""): Browser is opened with url: ''

2019-12-22 01:08:44 - [MESSAGE][INFO] - Starting 'Firefox' driver

2019-12-22 01:08:46 - [MESSAGE][PASSED] - Browser is opened with url: ''

2019-12-22 01:08:46 - [TEST_STEP][PASSED] - navigateToUrl("https://cs300testautomatic.herokuapp.com/"): Navigate to 'https://cs300testautomatic.herokuapp.com/' successfully

2019-12-22 01:08:49 - [MESSAGE][PASSED] - Navigate to 'https://cs300testautomatic.herokuapp.com/' successfully

2019-12-22 01:08:49 - [TEST_STEP][PASSED] - setText(findTestObject("Page_Mattermost/input_All team communication in one place s_703ef5"), "dhieu@apcs.vn"): Text 'dhieu@apcs.vn' is set on object 'Object Repository/Page_Mattermost/input_All team communication in one place s_703ef5'

2019-12-22 01:08:54 - [MESSAGE][PASSED] - Text 'dhieu@apcs.vn' is set on object 'Object Repository/Page_Mattermost/input_All team communication in one place s_703ef5'

2019-12-22 01:08:54 - [TEST_STEP][PASSED] - setEncryptedText(findTestObject("Page_Mattermost/input_All team communication in one place s_2f2733"), "iGDxf8hSRT4="): Text ****** has been set on object 'Object Repository/Page_Mattermost/input_All team communication in one place s_2f2733'

2019-12-22 01:08:54 - [MESSAGE][PASSED] - Text ****** has been set on object 'Object Repository/Page_Mattermost/input_All team communication in one place s_2f2733'

2019-12-22 01:08:54 - [TEST_STEP][PASSED] - sendKeys(findTestObject("Page_Mattermost/input_All team communication in one place s_2f2733"), Keys.chord(ENTER)): Keys 'ENTER + ' sent to object: 'Object Repository/Page_Mattermost/input_All team communication in one place s_2f2733'

2019-12-22 01:08:54 - [MESSAGE][PASSED] - Keys 'ENTER + ' sent to object: 'Object Repository/Page_Mattermost/input_All team communication in one place s_2f2733'

2019-12-22 01:08:54 - [TEST_STEP][PASSED] - click(findTestObject("Page_ duy - FirstTeam Mattermost/span_")): Object: 'Object Repository/Page_ duy - FirstTeam Mattermost/span_' is clicked on

2019-12-22 01:08:58 - [MESSAGE][ERROR] - TypeError: rect is undefined
Build info: version: '3.141.59', revision: 'e82be7d358', time: '2018-11-14T08:25:53'
System info: host: 'DESKTOP-95BOMC4', ip: '192.168.1.177', os.name: 'Windows 10', os.arch: 'amd64', os.version: '10.0', java.version: '1.8.0_181'
Driver info: com.kms.katalon.core.webui.driver.firefox.CGeckoDriver
Capabilities {acceptInsecureCerts: true, browserName: firefox, browserVersion: 71.0, javascriptEnabled: true, moz:accessibilityChecks: false, moz:buildID: 20191202093317, moz:geckodriverVersion: 0.23.0, moz:headless: false, moz:processID: 7740, moz:profile: C:\Users\Gia Nguyen\AppData..., moz:shutdownTimeout: 60000, moz:useNonSpecCompliantPointerOrigin: false, moz:webdriverClick: true, pageLoadStrategy: normal, platform: WINDOWS, platformName: WINDOWS, platformVersion: 10.0, proxy: Proxy(direct), rotatable: false, setWindowRect: true, strictFileInteractability: false, timeouts: {implicit: 0, pageLoad: 300000, script: 30000}, unhandledPromptBehavior: dismiss and notify}
Session ID: dfe05209-1df6-4ebb-b096-f87e88e7c8ad

2019-12-22 01:09:15 - [MESSAGE][PASSED] - Object: 'Object Repository/Page_ duy - FirstTeam Mattermost/span_' is clicked on

2019-12-22 01:09:15 - [TEST_STEP][PASSED] - click(findTestObject("Object Repository/Page_ Town Square - FirstTeam Mattermost/span_Off-Topic")): Object: 'Object Repository/Page_ Town Square - FirstTeam Mattermost/span_Off-Topic' is clicked on

2019-12-22 01:09:17 - [MESSAGE][PASSED] - Object: 'Object Repository/Page_ Town Square - FirstTeam Mattermost/span_Off-Topic' is clicked on

2019-12-22 01:09:17 - [TEST_STEP][PASSED] - closeBrowser(): Browser is closed

2019-12-22 01:09:17 - [MESSAGE][PASSED] - Browser is closed]]></system-out>
         <system-err><![CDATA[]]></system-err>
      </testcase>
      <testcase name="Test Cases/TestCase32ArchiveChannel" time="60.086" classname="Test Cases/TestCase32ArchiveChannel" status="FAILED">
         <failure type="FAILED" message="Test Cases/TestCase32ArchiveChannel FAILED.
Reason:
com.kms.katalon.core.exception.StepFailedException: Unable to click on object 'Object Repository/Page_Town Square - FirstTeam Mattermost/span_Channel1'
	at com.kms.katalon.core.webui.keyword.internal.WebUIKeywordMain.stepFailed(WebUIKeywordMain.groovy:64)
	at com.kms.katalon.core.webui.keyword.internal.WebUIKeywordMain.runKeyword(WebUIKeywordMain.groovy:26)
	at com.kms.katalon.core.webui.keyword.builtin.ClickKeyword.click(ClickKeyword.groovy:102)
	at com.kms.katalon.core.webui.keyword.builtin.ClickKeyword.execute(ClickKeyword.groovy:43)
	at com.kms.katalon.core.keyword.internal.KeywordExecutor.executeKeywordForPlatform(KeywordExecutor.groovy:72)
	at com.kms.katalon.core.webui.keyword.WebUiBuiltInKeywords.click(WebUiBuiltInKeywords.groovy:616)
	at com.kms.katalon.core.webui.keyword.WebUiBuiltInKeywords$click$3.call(Unknown Source)
	at TestCase32ArchiveChannel.run(TestCase32ArchiveChannel:29)
	at com.kms.katalon.core.main.ScriptEngine.run(ScriptEngine.java:194)
	at com.kms.katalon.core.main.ScriptEngine.runScriptAsRawText(ScriptEngine.java:119)
	at com.kms.katalon.core.main.TestCaseExecutor.runScript(TestCaseExecutor.java:337)
	at com.kms.katalon.core.main.TestCaseExecutor.doExecute(TestCaseExecutor.java:328)
	at com.kms.katalon.core.main.TestCaseExecutor.processExecutionPhase(TestCaseExecutor.java:307)
	at com.kms.katalon.core.main.TestCaseExecutor.accessMainPhase(TestCaseExecutor.java:299)
	at com.kms.katalon.core.main.TestCaseExecutor.execute(TestCaseExecutor.java:233)
	at com.kms.katalon.core.main.TestSuiteExecutor.accessTestCaseMainPhase(TestSuiteExecutor.java:169)
	at com.kms.katalon.core.main.TestSuiteExecutor.accessTestSuiteMainPhase(TestSuiteExecutor.java:142)
	at com.kms.katalon.core.main.TestSuiteExecutor.execute(TestSuiteExecutor.java:91)
	at com.kms.katalon.core.main.TestCaseMain.startTestSuite(TestCaseMain.java:157)
	at com.kms.katalon.core.main.TestCaseMain$startTestSuite$0.call(Unknown Source)
	at TempTestSuite1576950821278.run(TempTestSuite1576950821278.groovy:36)
Caused by: com.kms.katalon.core.webui.exception.WebElementNotFoundException: Web element with id: 'Object Repository/Page_Town Square - FirstTeam Mattermost/span_Channel1' located by 'By.xpath: //a[@id='sidebarItem_channel1']/span[2]/span' not found
	at com.kms.katalon.core.webui.common.WebUiCommonHelper.findWebElement(WebUiCommonHelper.java:1154)
	at com.kms.katalon.core.webui.keyword.internal.WebUIAbstractKeyword.findWebElement(WebUIAbstractKeyword.groovy:27)
	at com.kms.katalon.core.webui.keyword.internal.WebUIAbstractKeyword.findWebElement(WebUIAbstractKeyword.groovy:26)
	at com.kms.katalon.core.webui.keyword.builtin.ClickKeyword$_click_closure1.doCall(ClickKeyword.groovy:67)
	at com.kms.katalon.core.webui.keyword.builtin.ClickKeyword$_click_closure1.call(ClickKeyword.groovy)
	at com.kms.katalon.core.webui.keyword.internal.WebUIKeywordMain.runKeyword(WebUIKeywordMain.groovy:20)
	... 19 more
"/>
         <system-out><![CDATA[2019-12-22 01:09:17 - [TEST_CASE][FAILED] - Test Cases/TestCase32ArchiveChannel: Test Cases/TestCase32ArchiveChannel FAILED.
Reason:
com.kms.katalon.core.exception.StepFailedException: Unable to click on object 'Object Repository/Page_Town Square - FirstTeam Mattermost/span_Channel1'
	at com.kms.katalon.core.webui.keyword.internal.WebUIKeywordMain.stepFailed(WebUIKeywordMain.groovy:64)
	at com.kms.katalon.core.webui.keyword.internal.WebUIKeywordMain.runKeyword(WebUIKeywordMain.groovy:26)
	at com.kms.katalon.core.webui.keyword.builtin.ClickKeyword.click(ClickKeyword.groovy:102)
	at com.kms.katalon.core.webui.keyword.builtin.ClickKeyword.execute(ClickKeyword.groovy:43)
	at com.kms.katalon.core.keyword.internal.KeywordExecutor.executeKeywordForPlatform(KeywordExecutor.groovy:72)
	at com.kms.katalon.core.webui.keyword.WebUiBuiltInKeywords.click(WebUiBuiltInKeywords.groovy:616)
	at com.kms.katalon.core.webui.keyword.WebUiBuiltInKeywords$click$3.call(Unknown Source)
	at TestCase32ArchiveChannel.run(TestCase32ArchiveChannel:29)
	at com.kms.katalon.core.main.ScriptEngine.run(ScriptEngine.java:194)
	at com.kms.katalon.core.main.ScriptEngine.runScriptAsRawText(ScriptEngine.java:119)
	at com.kms.katalon.core.main.TestCaseExecutor.runScript(TestCaseExecutor.java:337)
	at com.kms.katalon.core.main.TestCaseExecutor.doExecute(TestCaseExecutor.java:328)
	at com.kms.katalon.core.main.TestCaseExecutor.processExecutionPhase(TestCaseExecutor.java:307)
	at com.kms.katalon.core.main.TestCaseExecutor.accessMainPhase(TestCaseExecutor.java:299)
	at com.kms.katalon.core.main.TestCaseExecutor.execute(TestCaseExecutor.java:233)
	at com.kms.katalon.core.main.TestSuiteExecutor.accessTestCaseMainPhase(TestSuiteExecutor.java:169)
	at com.kms.katalon.core.main.TestSuiteExecutor.accessTestSuiteMainPhase(TestSuiteExecutor.java:142)
	at com.kms.katalon.core.main.TestSuiteExecutor.execute(TestSuiteExecutor.java:91)
	at com.kms.katalon.core.main.TestCaseMain.startTestSuite(TestCaseMain.java:157)
	at com.kms.katalon.core.main.TestCaseMain$startTestSuite$0.call(Unknown Source)
	at TempTestSuite1576950821278.run(TempTestSuite1576950821278.groovy:36)
Caused by: com.kms.katalon.core.webui.exception.WebElementNotFoundException: Web element with id: 'Object Repository/Page_Town Square - FirstTeam Mattermost/span_Channel1' located by 'By.xpath: //a[@id='sidebarItem_channel1']/span[2]/span' not found
	at com.kms.katalon.core.webui.common.WebUiCommonHelper.findWebElement(WebUiCommonHelper.java:1154)
	at com.kms.katalon.core.webui.keyword.internal.WebUIAbstractKeyword.findWebElement(WebUIAbstractKeyword.groovy:27)
	at com.kms.katalon.core.webui.keyword.internal.WebUIAbstractKeyword.findWebElement(WebUIAbstractKeyword.groovy:26)
	at com.kms.katalon.core.webui.keyword.builtin.ClickKeyword$_click_closure1.doCall(ClickKeyword.groovy:67)
	at com.kms.katalon.core.webui.keyword.builtin.ClickKeyword$_click_closure1.call(ClickKeyword.groovy)
	at com.kms.katalon.core.webui.keyword.internal.WebUIKeywordMain.runKeyword(WebUIKeywordMain.groovy:20)
	... 19 more


2019-12-22 01:09:18 - [TEST_STEP][PASSED] - openBrowser(""): Browser is opened with url: ''

2019-12-22 01:09:18 - [MESSAGE][INFO] - Starting 'Firefox' driver

2019-12-22 01:09:20 - [MESSAGE][PASSED] - Browser is opened with url: ''

2019-12-22 01:09:20 - [TEST_STEP][PASSED] - navigateToUrl("https://cs300testautomatic.herokuapp.com/"): Navigate to 'https://cs300testautomatic.herokuapp.com/' successfully

2019-12-22 01:09:27 - [MESSAGE][PASSED] - Navigate to 'https://cs300testautomatic.herokuapp.com/' successfully

2019-12-22 01:09:27 - [TEST_STEP][PASSED] - setText(findTestObject("Page_Mattermost/input_All team communication in one place s_703ef5"), "dhieu@apcs.vn"): Text 'dhieu@apcs.vn' is set on object 'Object Repository/Page_Mattermost/input_All team communication in one place s_703ef5'

2019-12-22 01:09:32 - [MESSAGE][PASSED] - Text 'dhieu@apcs.vn' is set on object 'Object Repository/Page_Mattermost/input_All team communication in one place s_703ef5'

2019-12-22 01:09:32 - [TEST_STEP][PASSED] - setEncryptedText(findTestObject("Page_Mattermost/input_All team communication in one place s_2f2733"), "iGDxf8hSRT4="): Text ****** has been set on object 'Object Repository/Page_Mattermost/input_All team communication in one place s_2f2733'

2019-12-22 01:09:32 - [MESSAGE][PASSED] - Text ****** has been set on object 'Object Repository/Page_Mattermost/input_All team communication in one place s_2f2733'

2019-12-22 01:09:32 - [TEST_STEP][PASSED] - sendKeys(findTestObject("Page_Mattermost/input_All team communication in one place s_2f2733"), Keys.chord(ENTER)): Keys 'ENTER + ' sent to object: 'Object Repository/Page_Mattermost/input_All team communication in one place s_2f2733'

2019-12-22 01:09:33 - [MESSAGE][PASSED] - Keys 'ENTER + ' sent to object: 'Object Repository/Page_Mattermost/input_All team communication in one place s_2f2733'

2019-12-22 01:09:33 - [TEST_STEP][FAILED] - click(findTestObject("Page_Town Square - FirstTeam Mattermost/span_Channel1")): Unable to click on object 'Object Repository/Page_Town Square - FirstTeam Mattermost/span_Channel1' (Root cause: com.kms.katalon.core.exception.StepFailedException: Unable to click on object 'Object Repository/Page_Town Square - FirstTeam Mattermost/span_Channel1'
	at com.kms.katalon.core.webui.keyword.internal.WebUIKeywordMain.stepFailed(WebUIKeywordMain.groovy:64)
	at com.kms.katalon.core.webui.keyword.internal.WebUIKeywordMain.runKeyword(WebUIKeywordMain.groovy:26)
	at com.kms.katalon.core.webui.keyword.builtin.ClickKeyword.click(ClickKeyword.groovy:102)
	at com.kms.katalon.core.webui.keyword.builtin.ClickKeyword.execute(ClickKeyword.groovy:43)
	at com.kms.katalon.core.keyword.internal.KeywordExecutor.executeKeywordForPlatform(KeywordExecutor.groovy:72)
	at com.kms.katalon.core.webui.keyword.WebUiBuiltInKeywords.click(WebUiBuiltInKeywords.groovy:616)
	at com.kms.katalon.core.webui.keyword.WebUiBuiltInKeywords$click$3.call(Unknown Source)
	at TestCase32ArchiveChannel.run(TestCase32ArchiveChannel:29)
	at com.kms.katalon.core.main.ScriptEngine.run(ScriptEngine.java:194)
	at com.kms.katalon.core.main.ScriptEngine.runScriptAsRawText(ScriptEngine.java:119)
	at com.kms.katalon.core.main.TestCaseExecutor.runScript(TestCaseExecutor.java:337)
	at com.kms.katalon.core.main.TestCaseExecutor.doExecute(TestCaseExecutor.java:328)
	at com.kms.katalon.core.main.TestCaseExecutor.processExecutionPhase(TestCaseExecutor.java:307)
	at com.kms.katalon.core.main.TestCaseExecutor.accessMainPhase(TestCaseExecutor.java:299)
	at com.kms.katalon.core.main.TestCaseExecutor.execute(TestCaseExecutor.java:233)
	at com.kms.katalon.core.main.TestSuiteExecutor.accessTestCaseMainPhase(TestSuiteExecutor.java:169)
	at com.kms.katalon.core.main.TestSuiteExecutor.accessTestSuiteMainPhase(TestSuiteExecutor.java:142)
	at com.kms.katalon.core.main.TestSuiteExecutor.execute(TestSuiteExecutor.java:91)
	at com.kms.katalon.core.main.TestCaseMain.startTestSuite(TestCaseMain.java:157)
	at com.kms.katalon.core.main.TestCaseMain$startTestSuite$0.call(Unknown Source)
	at TempTestSuite1576950821278.run(TempTestSuite1576950821278.groovy:36)
Caused by: com.kms.katalon.core.webui.exception.WebElementNotFoundException: Web element with id: 'Object Repository/Page_Town Square - FirstTeam Mattermost/span_Channel1' located by 'By.xpath: //a[@id='sidebarItem_channel1']/span[2]/span' not found
	at com.kms.katalon.core.webui.common.WebUiCommonHelper.findWebElement(WebUiCommonHelper.java:1154)
	at com.kms.katalon.core.webui.keyword.internal.WebUIAbstractKeyword.findWebElement(WebUIAbstractKeyword.groovy:27)
	at com.kms.katalon.core.webui.keyword.internal.WebUIAbstractKeyword.findWebElement(WebUIAbstractKeyword.groovy:26)
	at com.kms.katalon.core.webui.keyword.builtin.ClickKeyword$_click_closure1.doCall(ClickKeyword.groovy:67)
	at com.kms.katalon.core.webui.keyword.builtin.ClickKeyword$_click_closure1.call(ClickKeyword.groovy)
	at com.kms.katalon.core.webui.keyword.internal.WebUIKeywordMain.runKeyword(WebUIKeywordMain.groovy:20)
	at com.kms.katalon.core.webui.keyword.builtin.ClickKeyword.click(ClickKeyword.groovy:102)
	at com.kms.katalon.core.webui.keyword.builtin.ClickKeyword.execute(ClickKeyword.groovy:43)
	at com.kms.katalon.core.keyword.internal.KeywordExecutor.executeKeywordForPlatform(KeywordExecutor.groovy:72)
	at com.kms.katalon.core.webui.keyword.WebUiBuiltInKeywords.click(WebUiBuiltInKeywords.groovy:616)
	at com.kms.katalon.core.webui.keyword.WebUiBuiltInKeywords$click$3.call(Unknown Source)
	at Script1576918828779.run(Script1576918828779.groovy:29)
	... 13 more
)

2019-12-22 01:10:17 - [MESSAGE][INFO] - Unable to find the element located by 'By.xpath: //a[@id='sidebarItem_channel1']/span[2]/span'. Please recheck the objects properties to make sure the desired element is located. 

2019-12-22 01:10:18 - [MESSAGE][FAILED] - Unable to click on object 'Object Repository/Page_Town Square - FirstTeam Mattermost/span_Channel1' (Root cause: com.kms.katalon.core.exception.StepFailedException: Unable to click on object 'Object Repository/Page_Town Square - FirstTeam Mattermost/span_Channel1'
	at com.kms.katalon.core.webui.keyword.internal.WebUIKeywordMain.stepFailed(WebUIKeywordMain.groovy:64)
	at com.kms.katalon.core.webui.keyword.internal.WebUIKeywordMain.runKeyword(WebUIKeywordMain.groovy:26)
	at com.kms.katalon.core.webui.keyword.builtin.ClickKeyword.click(ClickKeyword.groovy:102)
	at com.kms.katalon.core.webui.keyword.builtin.ClickKeyword.execute(ClickKeyword.groovy:43)
	at com.kms.katalon.core.keyword.internal.KeywordExecutor.executeKeywordForPlatform(KeywordExecutor.groovy:72)
	at com.kms.katalon.core.webui.keyword.WebUiBuiltInKeywords.click(WebUiBuiltInKeywords.groovy:616)
	at com.kms.katalon.core.webui.keyword.WebUiBuiltInKeywords$click$3.call(Unknown Source)
	at TestCase32ArchiveChannel.run(TestCase32ArchiveChannel:29)
	at com.kms.katalon.core.main.ScriptEngine.run(ScriptEngine.java:194)
	at com.kms.katalon.core.main.ScriptEngine.runScriptAsRawText(ScriptEngine.java:119)
	at com.kms.katalon.core.main.TestCaseExecutor.runScript(TestCaseExecutor.java:337)
	at com.kms.katalon.core.main.TestCaseExecutor.doExecute(TestCaseExecutor.java:328)
	at com.kms.katalon.core.main.TestCaseExecutor.processExecutionPhase(TestCaseExecutor.java:307)
	at com.kms.katalon.core.main.TestCaseExecutor.accessMainPhase(TestCaseExecutor.java:299)
	at com.kms.katalon.core.main.TestCaseExecutor.execute(TestCaseExecutor.java:233)
	at com.kms.katalon.core.main.TestSuiteExecutor.accessTestCaseMainPhase(TestSuiteExecutor.java:169)
	at com.kms.katalon.core.main.TestSuiteExecutor.accessTestSuiteMainPhase(TestSuiteExecutor.java:142)
	at com.kms.katalon.core.main.TestSuiteExecutor.execute(TestSuiteExecutor.java:91)
	at com.kms.katalon.core.main.TestCaseMain.startTestSuite(TestCaseMain.java:157)
	at com.kms.katalon.core.main.TestCaseMain$startTestSuite$0.call(Unknown Source)
	at TempTestSuite1576950821278.run(TempTestSuite1576950821278.groovy:36)
Caused by: com.kms.katalon.core.webui.exception.WebElementNotFoundException: Web element with id: 'Object Repository/Page_Town Square - FirstTeam Mattermost/span_Channel1' located by 'By.xpath: //a[@id='sidebarItem_channel1']/span[2]/span' not found
	at com.kms.katalon.core.webui.common.WebUiCommonHelper.findWebElement(WebUiCommonHelper.java:1154)
	at com.kms.katalon.core.webui.keyword.internal.WebUIAbstractKeyword.findWebElement(WebUIAbstractKeyword.groovy:27)
	at com.kms.katalon.core.webui.keyword.internal.WebUIAbstractKeyword.findWebElement(WebUIAbstractKeyword.groovy:26)
	at com.kms.katalon.core.webui.keyword.builtin.ClickKeyword$_click_closure1.doCall(ClickKeyword.groovy:67)
	at com.kms.katalon.core.webui.keyword.builtin.ClickKeyword$_click_closure1.call(ClickKeyword.groovy)
	at com.kms.katalon.core.webui.keyword.internal.WebUIKeywordMain.runKeyword(WebUIKeywordMain.groovy:20)
	at com.kms.katalon.core.webui.keyword.builtin.ClickKeyword.click(ClickKeyword.groovy:102)
	at com.kms.katalon.core.webui.keyword.builtin.ClickKeyword.execute(ClickKeyword.groovy:43)
	at com.kms.katalon.core.keyword.internal.KeywordExecutor.executeKeywordForPlatform(KeywordExecutor.groovy:72)
	at com.kms.katalon.core.webui.keyword.WebUiBuiltInKeywords.click(WebUiBuiltInKeywords.groovy:616)
	at com.kms.katalon.core.webui.keyword.WebUiBuiltInKeywords$click$3.call(Unknown Source)
	at Script1576918828779.run(Script1576918828779.groovy:29)
	... 13 more
)
[[ATTACHMENT|C:\\Users\\Gia Nguyen\\Desktop\\CS300AutomaticWebTesting\\Reports\\20191222_005341\\Run All Test Cases\\20191222_005341\\1576951817951.png]]]]></system-out>
         <system-err><![CDATA[2019-12-22 01:09:17 - [TEST_CASE][FAILED] - Test Cases/TestCase32ArchiveChannel: Test Cases/TestCase32ArchiveChannel FAILED.
Reason:
com.kms.katalon.core.exception.StepFailedException: Unable to click on object 'Object Repository/Page_Town Square - FirstTeam Mattermost/span_Channel1'
	at com.kms.katalon.core.webui.keyword.internal.WebUIKeywordMain.stepFailed(WebUIKeywordMain.groovy:64)
	at com.kms.katalon.core.webui.keyword.internal.WebUIKeywordMain.runKeyword(WebUIKeywordMain.groovy:26)
	at com.kms.katalon.core.webui.keyword.builtin.ClickKeyword.click(ClickKeyword.groovy:102)
	at com.kms.katalon.core.webui.keyword.builtin.ClickKeyword.execute(ClickKeyword.groovy:43)
	at com.kms.katalon.core.keyword.internal.KeywordExecutor.executeKeywordForPlatform(KeywordExecutor.groovy:72)
	at com.kms.katalon.core.webui.keyword.WebUiBuiltInKeywords.click(WebUiBuiltInKeywords.groovy:616)
	at com.kms.katalon.core.webui.keyword.WebUiBuiltInKeywords$click$3.call(Unknown Source)
	at TestCase32ArchiveChannel.run(TestCase32ArchiveChannel:29)
	at com.kms.katalon.core.main.ScriptEngine.run(ScriptEngine.java:194)
	at com.kms.katalon.core.main.ScriptEngine.runScriptAsRawText(ScriptEngine.java:119)
	at com.kms.katalon.core.main.TestCaseExecutor.runScript(TestCaseExecutor.java:337)
	at com.kms.katalon.core.main.TestCaseExecutor.doExecute(TestCaseExecutor.java:328)
	at com.kms.katalon.core.main.TestCaseExecutor.processExecutionPhase(TestCaseExecutor.java:307)
	at com.kms.katalon.core.main.TestCaseExecutor.accessMainPhase(TestCaseExecutor.java:299)
	at com.kms.katalon.core.main.TestCaseExecutor.execute(TestCaseExecutor.java:233)
	at com.kms.katalon.core.main.TestSuiteExecutor.accessTestCaseMainPhase(TestSuiteExecutor.java:169)
	at com.kms.katalon.core.main.TestSuiteExecutor.accessTestSuiteMainPhase(TestSuiteExecutor.java:142)
	at com.kms.katalon.core.main.TestSuiteExecutor.execute(TestSuiteExecutor.java:91)
	at com.kms.katalon.core.main.TestCaseMain.startTestSuite(TestCaseMain.java:157)
	at com.kms.katalon.core.main.TestCaseMain$startTestSuite$0.call(Unknown Source)
	at TempTestSuite1576950821278.run(TempTestSuite1576950821278.groovy:36)
Caused by: com.kms.katalon.core.webui.exception.WebElementNotFoundException: Web element with id: 'Object Repository/Page_Town Square - FirstTeam Mattermost/span_Channel1' located by 'By.xpath: //a[@id='sidebarItem_channel1']/span[2]/span' not found
	at com.kms.katalon.core.webui.common.WebUiCommonHelper.findWebElement(WebUiCommonHelper.java:1154)
	at com.kms.katalon.core.webui.keyword.internal.WebUIAbstractKeyword.findWebElement(WebUIAbstractKeyword.groovy:27)
	at com.kms.katalon.core.webui.keyword.internal.WebUIAbstractKeyword.findWebElement(WebUIAbstractKeyword.groovy:26)
	at com.kms.katalon.core.webui.keyword.builtin.ClickKeyword$_click_closure1.doCall(ClickKeyword.groovy:67)
	at com.kms.katalon.core.webui.keyword.builtin.ClickKeyword$_click_closure1.call(ClickKeyword.groovy)
	at com.kms.katalon.core.webui.keyword.internal.WebUIKeywordMain.runKeyword(WebUIKeywordMain.groovy:20)
	... 19 more]]></system-err>
      </testcase>
      <testcase name="Test Cases/TestCase33ViewChannelInfo" time="23.96" classname="Test Cases/TestCase33ViewChannelInfo" status="PASSED">
         <system-out><![CDATA[2019-12-22 01:10:18 - [TEST_CASE][PASSED] - Test Cases/TestCase33ViewChannelInfo: Test Cases/TestCase33ViewChannelInfo

2019-12-22 01:10:18 - [TEST_STEP][PASSED] - openBrowser(""): Browser is opened with url: ''

2019-12-22 01:10:18 - [MESSAGE][WARNING] - A browser is already opened. Closing browser and opening a new one

2019-12-22 01:10:18 - [MESSAGE][INFO] - Starting 'Firefox' driver

2019-12-22 01:10:21 - [MESSAGE][PASSED] - Browser is opened with url: ''

2019-12-22 01:10:21 - [TEST_STEP][PASSED] - navigateToUrl("https://cs300testautomatic.herokuapp.com/"): Navigate to 'https://cs300testautomatic.herokuapp.com/' successfully

2019-12-22 01:10:24 - [MESSAGE][PASSED] - Navigate to 'https://cs300testautomatic.herokuapp.com/' successfully

2019-12-22 01:10:24 - [TEST_STEP][PASSED] - setText(findTestObject("Page_Mattermost/input_All team communication in one place s_703ef5"), "dhieu@apcs.vn"): Text 'dhieu@apcs.vn' is set on object 'Object Repository/Page_Mattermost/input_All team communication in one place s_703ef5'

2019-12-22 01:10:31 - [MESSAGE][PASSED] - Text 'dhieu@apcs.vn' is set on object 'Object Repository/Page_Mattermost/input_All team communication in one place s_703ef5'

2019-12-22 01:10:31 - [TEST_STEP][PASSED] - setEncryptedText(findTestObject("Page_Mattermost/input_All team communication in one place s_2f2733"), "iGDxf8hSRT4="): Text ****** has been set on object 'Object Repository/Page_Mattermost/input_All team communication in one place s_2f2733'

2019-12-22 01:10:32 - [MESSAGE][PASSED] - Text ****** has been set on object 'Object Repository/Page_Mattermost/input_All team communication in one place s_2f2733'

2019-12-22 01:10:32 - [TEST_STEP][PASSED] - sendKeys(findTestObject("Page_Mattermost/input_All team communication in one place s_2f2733"), Keys.chord(ENTER)): Keys 'ENTER + ' sent to object: 'Object Repository/Page_Mattermost/input_All team communication in one place s_2f2733'

2019-12-22 01:10:32 - [MESSAGE][PASSED] - Keys 'ENTER + ' sent to object: 'Object Repository/Page_Mattermost/input_All team communication in one place s_2f2733'

2019-12-22 01:10:32 - [TEST_STEP][PASSED] - click(findTestObject("Object Repository/Page_Town Square - FirstTeam Mattermost/button_Town Square")): Object: 'Object Repository/Page_Town Square - FirstTeam Mattermost/button_Town Square' is clicked on

2019-12-22 01:10:38 - [MESSAGE][PASSED] - Object: 'Object Repository/Page_Town Square - FirstTeam Mattermost/button_Town Square' is clicked on

2019-12-22 01:10:38 - [TEST_STEP][PASSED] - click(findTestObject("Object Repository/Page_Town Square - FirstTeam Mattermost/button_View Info")): Object: 'Object Repository/Page_Town Square - FirstTeam Mattermost/button_View Info' is clicked on

2019-12-22 01:10:39 - [MESSAGE][PASSED] - Object: 'Object Repository/Page_Town Square - FirstTeam Mattermost/button_View Info' is clicked on

2019-12-22 01:10:39 - [TEST_STEP][PASSED] - click(findTestObject("Object Repository/Page_Town Square - FirstTeam Mattermost/div_httpscs300testautomaticherokuappcomfirs_90a714")): Object: 'Object Repository/Page_Town Square - FirstTeam Mattermost/div_httpscs300testautomaticherokuappcomfirs_90a714' is clicked on

2019-12-22 01:10:39 - [MESSAGE][PASSED] - Object: 'Object Repository/Page_Town Square - FirstTeam Mattermost/div_httpscs300testautomaticherokuappcomfirs_90a714' is clicked on

2019-12-22 01:10:39 - [TEST_STEP][PASSED] - click(findTestObject("Object Repository/Page_Town Square - FirstTeam Mattermost/p_ZZZZZ")): Object: 'Object Repository/Page_Town Square - FirstTeam Mattermost/p_ZZZZZ' is clicked on

2019-12-22 01:10:40 - [MESSAGE][PASSED] - Object: 'Object Repository/Page_Town Square - FirstTeam Mattermost/p_ZZZZZ' is clicked on

2019-12-22 01:10:40 - [TEST_STEP][PASSED] - click(findTestObject("Object Repository/Page_Town Square - FirstTeam Mattermost/div_More")): Object: 'Object Repository/Page_Town Square - FirstTeam Mattermost/div_More' is clicked on

2019-12-22 01:10:40 - [MESSAGE][PASSED] - Object: 'Object Repository/Page_Town Square - FirstTeam Mattermost/div_More' is clicked on

2019-12-22 01:10:40 - [TEST_STEP][PASSED] - click(findTestObject("Page_Town Square - FirstTeam Mattermost/span_")): Object: 'Object Repository/Page_Town Square - FirstTeam Mattermost/span_' is clicked on

2019-12-22 01:10:41 - [MESSAGE][PASSED] - Object: 'Object Repository/Page_Town Square - FirstTeam Mattermost/span_' is clicked on

2019-12-22 01:10:41 - [TEST_STEP][PASSED] - closeBrowser(): Browser is closed

2019-12-22 01:10:41 - [MESSAGE][PASSED] - Browser is closed]]></system-out>
         <system-err><![CDATA[]]></system-err>
      </testcase>
      <testcase name="Test Cases/TestCase34MuteChannel" time="27.099" classname="Test Cases/TestCase34MuteChannel" status="PASSED">
         <system-out><![CDATA[2019-12-22 01:10:41 - [TEST_CASE][PASSED] - Test Cases/TestCase34MuteChannel: Test Cases/TestCase34MuteChannel

2019-12-22 01:10:42 - [TEST_STEP][PASSED] - openBrowser(""): Browser is opened with url: ''

2019-12-22 01:10:42 - [MESSAGE][INFO] - Starting 'Firefox' driver

2019-12-22 01:10:44 - [MESSAGE][PASSED] - Browser is opened with url: ''

2019-12-22 01:10:44 - [TEST_STEP][PASSED] - navigateToUrl("https://cs300testautomatic.herokuapp.com/"): Navigate to 'https://cs300testautomatic.herokuapp.com/' successfully

2019-12-22 01:10:52 - [MESSAGE][PASSED] - Navigate to 'https://cs300testautomatic.herokuapp.com/' successfully

2019-12-22 01:10:52 - [TEST_STEP][PASSED] - setText(findTestObject("Page_Mattermost/input_All team communication in one place s_703ef5"), "dhieu@apcs.vn"): Text 'dhieu@apcs.vn' is set on object 'Object Repository/Page_Mattermost/input_All team communication in one place s_703ef5'

2019-12-22 01:11:02 - [MESSAGE][PASSED] - Text 'dhieu@apcs.vn' is set on object 'Object Repository/Page_Mattermost/input_All team communication in one place s_703ef5'

2019-12-22 01:11:02 - [TEST_STEP][PASSED] - setEncryptedText(findTestObject("Page_Mattermost/input_All team communication in one place s_2f2733"), "iGDxf8hSRT4="): Text ****** has been set on object 'Object Repository/Page_Mattermost/input_All team communication in one place s_2f2733'

2019-12-22 01:11:03 - [MESSAGE][PASSED] - Text ****** has been set on object 'Object Repository/Page_Mattermost/input_All team communication in one place s_2f2733'

2019-12-22 01:11:03 - [TEST_STEP][PASSED] - sendKeys(findTestObject("Page_Mattermost/input_All team communication in one place s_2f2733"), Keys.chord(ENTER)): Keys 'ENTER + ' sent to object: 'Object Repository/Page_Mattermost/input_All team communication in one place s_2f2733'

2019-12-22 01:11:03 - [MESSAGE][PASSED] - Keys 'ENTER + ' sent to object: 'Object Repository/Page_Mattermost/input_All team communication in one place s_2f2733'

2019-12-22 01:11:03 - [TEST_STEP][PASSED] - click(findTestObject("Page_Town Square - FirstTeam Mattermost/button_Town Square")): Object: 'Object Repository/Page_Town Square - FirstTeam Mattermost/button_Town Square' is clicked on

2019-12-22 01:11:07 - [MESSAGE][PASSED] - Object: 'Object Repository/Page_Town Square - FirstTeam Mattermost/button_Town Square' is clicked on

2019-12-22 01:11:07 - [TEST_STEP][PASSED] - click(findTestObject("Object Repository/Page_Town Square - FirstTeam Mattermost/button_Mute Channel")): Object: 'Object Repository/Page_Town Square - FirstTeam Mattermost/button_Mute Channel' is clicked on

2019-12-22 01:11:08 - [MESSAGE][PASSED] - Object: 'Object Repository/Page_Town Square - FirstTeam Mattermost/button_Mute Channel' is clicked on

2019-12-22 01:11:08 - [TEST_STEP][PASSED] - closeBrowser(): Browser is closed

2019-12-22 01:11:09 - [MESSAGE][PASSED] - Browser is closed]]></system-out>
         <system-err><![CDATA[]]></system-err>
      </testcase>
      <testcase name="Test Cases/TestCase35UnmuteChannel" time="16.287" classname="Test Cases/TestCase35UnmuteChannel" status="PASSED">
         <system-out><![CDATA[2019-12-22 01:11:09 - [TEST_CASE][PASSED] - Test Cases/TestCase35UnmuteChannel: Test Cases/TestCase35UnmuteChannel

2019-12-22 01:11:09 - [TEST_STEP][PASSED] - openBrowser(""): Browser is opened with url: ''

2019-12-22 01:11:09 - [MESSAGE][INFO] - Starting 'Firefox' driver

2019-12-22 01:11:11 - [MESSAGE][PASSED] - Browser is opened with url: ''

2019-12-22 01:11:11 - [TEST_STEP][PASSED] - navigateToUrl("https://cs300testautomatic.herokuapp.com/"): Navigate to 'https://cs300testautomatic.herokuapp.com/' successfully

2019-12-22 01:11:15 - [MESSAGE][PASSED] - Navigate to 'https://cs300testautomatic.herokuapp.com/' successfully

2019-12-22 01:11:15 - [TEST_STEP][PASSED] - setText(findTestObject("Page_Mattermost/input_All team communication in one place s_703ef5"), "dhieu@apcs.vn"): Text 'dhieu@apcs.vn' is set on object 'Object Repository/Page_Mattermost/input_All team communication in one place s_703ef5'

2019-12-22 01:11:19 - [MESSAGE][PASSED] - Text 'dhieu@apcs.vn' is set on object 'Object Repository/Page_Mattermost/input_All team communication in one place s_703ef5'

2019-12-22 01:11:19 - [TEST_STEP][PASSED] - setEncryptedText(findTestObject("Page_Mattermost/input_All team communication in one place s_2f2733"), "iGDxf8hSRT4="): Text ****** has been set on object 'Object Repository/Page_Mattermost/input_All team communication in one place s_2f2733'

2019-12-22 01:11:20 - [MESSAGE][PASSED] - Text ****** has been set on object 'Object Repository/Page_Mattermost/input_All team communication in one place s_2f2733'

2019-12-22 01:11:20 - [TEST_STEP][PASSED] - sendKeys(findTestObject("Page_Mattermost/input_All team communication in one place s_2f2733"), Keys.chord(ENTER)): Keys 'ENTER + ' sent to object: 'Object Repository/Page_Mattermost/input_All team communication in one place s_2f2733'

2019-12-22 01:11:20 - [MESSAGE][PASSED] - Keys 'ENTER + ' sent to object: 'Object Repository/Page_Mattermost/input_All team communication in one place s_2f2733'

2019-12-22 01:11:20 - [TEST_STEP][PASSED] - click(findTestObject("Object Repository/Page_Town Square - FirstTeam Mattermost/span_Town Square_channelHeaderDropdownIcon")): Object: 'Object Repository/Page_Town Square - FirstTeam Mattermost/span_Town Square_channelHeaderDropdownIcon' is clicked on

2019-12-22 01:11:24 - [MESSAGE][PASSED] - Object: 'Object Repository/Page_Town Square - FirstTeam Mattermost/span_Town Square_channelHeaderDropdownIcon' is clicked on

2019-12-22 01:11:24 - [TEST_STEP][PASSED] - click(findTestObject("Object Repository/Page_Town Square - FirstTeam Mattermost/button_Unmute Channel")): Object: 'Object Repository/Page_Town Square - FirstTeam Mattermost/button_Unmute Channel' is clicked on

2019-12-22 01:11:24 - [MESSAGE][PASSED] - Object: 'Object Repository/Page_Town Square - FirstTeam Mattermost/button_Unmute Channel' is clicked on

2019-12-22 01:11:24 - [TEST_STEP][PASSED] - closeBrowser(): Browser is closed

2019-12-22 01:11:25 - [MESSAGE][PASSED] - Browser is closed]]></system-out>
         <system-err><![CDATA[]]></system-err>
      </testcase>
      <testcase name="Test Cases/TestCase36EditNotificationPreferencesChannel" time="43.709" classname="Test Cases/TestCase36EditNotificationPreferencesChannel" status="PASSED">
         <system-out><![CDATA[2019-12-22 01:11:25 - [TEST_CASE][PASSED] - Test Cases/TestCase36EditNotificationPreferencesChannel: Test Cases/TestCase36EditNotificationPreferencesChannel

2019-12-22 01:11:25 - [TEST_STEP][PASSED] - openBrowser(""): Browser is opened with url: ''

2019-12-22 01:11:25 - [MESSAGE][INFO] - Starting 'Firefox' driver

2019-12-22 01:11:28 - [MESSAGE][PASSED] - Browser is opened with url: ''

2019-12-22 01:11:28 - [TEST_STEP][PASSED] - navigateToUrl("https://cs300testautomatic.herokuapp.com/"): Navigate to 'https://cs300testautomatic.herokuapp.com/' successfully

2019-12-22 01:11:32 - [MESSAGE][PASSED] - Navigate to 'https://cs300testautomatic.herokuapp.com/' successfully

2019-12-22 01:11:32 - [TEST_STEP][PASSED] - setText(findTestObject("Page_Mattermost/input_All team communication in one place s_703ef5"), "dhieu@apcs.vn"): Text 'dhieu@apcs.vn' is set on object 'Object Repository/Page_Mattermost/input_All team communication in one place s_703ef5'

2019-12-22 01:11:34 - [MESSAGE][PASSED] - Text 'dhieu@apcs.vn' is set on object 'Object Repository/Page_Mattermost/input_All team communication in one place s_703ef5'

2019-12-22 01:11:34 - [TEST_STEP][PASSED] - setEncryptedText(findTestObject("Page_Mattermost/input_All team communication in one place s_2f2733"), "iGDxf8hSRT4="): Text ****** has been set on object 'Object Repository/Page_Mattermost/input_All team communication in one place s_2f2733'

2019-12-22 01:11:35 - [MESSAGE][PASSED] - Text ****** has been set on object 'Object Repository/Page_Mattermost/input_All team communication in one place s_2f2733'

2019-12-22 01:11:35 - [TEST_STEP][PASSED] - sendKeys(findTestObject("Page_Mattermost/input_All team communication in one place s_2f2733"), Keys.chord(ENTER)): Keys 'ENTER + ' sent to object: 'Object Repository/Page_Mattermost/input_All team communication in one place s_2f2733'

2019-12-22 01:11:35 - [MESSAGE][PASSED] - Keys 'ENTER + ' sent to object: 'Object Repository/Page_Mattermost/input_All team communication in one place s_2f2733'

2019-12-22 01:11:35 - [TEST_STEP][PASSED] - click(findTestObject("Object Repository/Page_Town Square - FirstTeam Mattermost/span_Off-Topic")): Object: 'Object Repository/Page_Town Square - FirstTeam Mattermost/span_Off-Topic' is clicked on

2019-12-22 01:11:39 - [MESSAGE][PASSED] - Object: 'Object Repository/Page_Town Square - FirstTeam Mattermost/span_Off-Topic' is clicked on

2019-12-22 01:11:39 - [TEST_STEP][PASSED] - click(findTestObject("Object Repository/Page_Off-Topic - FirstTeam Mattermost/span_Off-Topic_channelHeaderDropdownIcon")): Object: 'Object Repository/Page_Off-Topic - FirstTeam Mattermost/span_Off-Topic_channelHeaderDropdownIcon' is clicked on

2019-12-22 01:11:40 - [MESSAGE][PASSED] - Object: 'Object Repository/Page_Off-Topic - FirstTeam Mattermost/span_Off-Topic_channelHeaderDropdownIcon' is clicked on

2019-12-22 01:11:40 - [TEST_STEP][PASSED] - click(findTestObject("Object Repository/Page_Off-Topic - FirstTeam Mattermost/button_Notification Preferences")): Object: 'Object Repository/Page_Off-Topic - FirstTeam Mattermost/button_Notification Preferences' is clicked on

2019-12-22 01:11:41 - [MESSAGE][PASSED] - Object: 'Object Repository/Page_Off-Topic - FirstTeam Mattermost/button_Notification Preferences' is clicked on

2019-12-22 01:11:41 - [TEST_STEP][PASSED] - click(findTestObject("Object Repository/Page_Off-Topic - FirstTeam Mattermost/span_Edit")): Object: 'Object Repository/Page_Off-Topic - FirstTeam Mattermost/span_Edit' is clicked on

2019-12-22 01:11:41 - [MESSAGE][PASSED] - Object: 'Object Repository/Page_Off-Topic - FirstTeam Mattermost/span_Edit' is clicked on

2019-12-22 01:11:41 - [TEST_STEP][PASSED] - click(findTestObject("Object Repository/Page_Off-Topic - FirstTeam Mattermost/input_Mute channel_channelNotificationMute")): Object: 'Object Repository/Page_Off-Topic - FirstTeam Mattermost/input_Mute channel_channelNotificationMute' is clicked on

2019-12-22 01:11:42 - [MESSAGE][PASSED] - Object: 'Object Repository/Page_Off-Topic - FirstTeam Mattermost/input_Mute channel_channelNotificationMute' is clicked on

2019-12-22 01:11:42 - [TEST_STEP][PASSED] - click(findTestObject("Object Repository/Page_Off-Topic - FirstTeam Mattermost/span_Save")): Object: 'Object Repository/Page_Off-Topic - FirstTeam Mattermost/span_Save' is clicked on

2019-12-22 01:11:43 - [MESSAGE][PASSED] - Object: 'Object Repository/Page_Off-Topic - FirstTeam Mattermost/span_Save' is clicked on

2019-12-22 01:11:43 - [TEST_STEP][PASSED] - click(findTestObject("Object Repository/Page_Off-Topic - FirstTeam Mattermost/span_Edit")): Object: 'Object Repository/Page_Off-Topic - FirstTeam Mattermost/span_Edit' is clicked on

2019-12-22 01:11:44 - [MESSAGE][PASSED] - Object: 'Object Repository/Page_Off-Topic - FirstTeam Mattermost/span_Edit' is clicked on

2019-12-22 01:11:44 - [TEST_STEP][PASSED] - click(findTestObject("Object Repository/Page_Off-Topic - FirstTeam Mattermost/li_OnOffWhen enabled channel here and all w_65cb61")): Object: 'Object Repository/Page_Off-Topic - FirstTeam Mattermost/li_OnOffWhen enabled channel here and all w_65cb61' is clicked on

2019-12-22 01:11:54 - [MESSAGE][PASSED] - Object: 'Object Repository/Page_Off-Topic - FirstTeam Mattermost/li_OnOffWhen enabled channel here and all w_65cb61' is clicked on

2019-12-22 01:11:54 - [TEST_STEP][PASSED] - click(findTestObject("Object Repository/Page_Off-Topic - FirstTeam Mattermost/label_On")): Object: 'Object Repository/Page_Off-Topic - FirstTeam Mattermost/label_On' is clicked on

2019-12-22 01:11:55 - [MESSAGE][PASSED] - Object: 'Object Repository/Page_Off-Topic - FirstTeam Mattermost/label_On' is clicked on

2019-12-22 01:11:55 - [TEST_STEP][PASSED] - click(findTestObject("Object Repository/Page_Off-Topic - FirstTeam Mattermost/button_Save")): Object: 'Object Repository/Page_Off-Topic - FirstTeam Mattermost/button_Save' is clicked on

2019-12-22 01:11:55 - [MESSAGE][PASSED] - Object: 'Object Repository/Page_Off-Topic - FirstTeam Mattermost/button_Save' is clicked on

2019-12-22 01:11:55 - [TEST_STEP][PASSED] - click(findTestObject("Object Repository/Page_Off-Topic - FirstTeam Mattermost/button_Edit")): Object: 'Object Repository/Page_Off-Topic - FirstTeam Mattermost/button_Edit' is clicked on

2019-12-22 01:11:56 - [MESSAGE][PASSED] - Object: 'Object Repository/Page_Off-Topic - FirstTeam Mattermost/button_Edit' is clicked on

2019-12-22 01:11:56 - [TEST_STEP][PASSED] - click(findTestObject("Object Repository/Page_Off-Topic - FirstTeam Mattermost/li_OnOffMuting turns off desktop email and _95114b")): Object: 'Object Repository/Page_Off-Topic - FirstTeam Mattermost/li_OnOffMuting turns off desktop email and _95114b' is clicked on

2019-12-22 01:11:56 - [MESSAGE][PASSED] - Object: 'Object Repository/Page_Off-Topic - FirstTeam Mattermost/li_OnOffMuting turns off desktop email and _95114b' is clicked on

2019-12-22 01:11:56 - [TEST_STEP][PASSED] - click(findTestObject("Object Repository/Page_Off-Topic - FirstTeam Mattermost/span_Save")): Object: 'Object Repository/Page_Off-Topic - FirstTeam Mattermost/span_Save' is clicked on

2019-12-22 01:11:57 - [MESSAGE][PASSED] - Object: 'Object Repository/Page_Off-Topic - FirstTeam Mattermost/span_Save' is clicked on

2019-12-22 01:11:57 - [TEST_STEP][PASSED] - click(findTestObject("Object Repository/Page_Off-Topic - FirstTeam Mattermost/span_Edit")): Object: 'Object Repository/Page_Off-Topic - FirstTeam Mattermost/span_Edit' is clicked on

2019-12-22 01:11:57 - [MESSAGE][PASSED] - Object: 'Object Repository/Page_Off-Topic - FirstTeam Mattermost/span_Edit' is clicked on

2019-12-22 01:11:57 - [TEST_STEP][PASSED] - click(findTestObject("Object Repository/Page_Off-Topic - FirstTeam Mattermost/span_Edit")): Object: 'Object Repository/Page_Off-Topic - FirstTeam Mattermost/span_Edit' is clicked on

2019-12-22 01:12:05 - [MESSAGE][PASSED] - Object: 'Object Repository/Page_Off-Topic - FirstTeam Mattermost/span_Edit' is clicked on

2019-12-22 01:12:05 - [TEST_STEP][PASSED] - click(findTestObject("Object Repository/Page_Off-Topic - FirstTeam Mattermost/label_Never")): Object: 'Object Repository/Page_Off-Topic - FirstTeam Mattermost/label_Never' is clicked on

2019-12-22 01:12:07 - [MESSAGE][PASSED] - Object: 'Object Repository/Page_Off-Topic - FirstTeam Mattermost/label_Never' is clicked on

2019-12-22 01:12:07 - [TEST_STEP][PASSED] - click(findTestObject("Object Repository/Page_Off-Topic - FirstTeam Mattermost/span_Save")): Object: 'Object Repository/Page_Off-Topic - FirstTeam Mattermost/span_Save' is clicked on

2019-12-22 01:12:07 - [MESSAGE][PASSED] - Object: 'Object Repository/Page_Off-Topic - FirstTeam Mattermost/span_Save' is clicked on

2019-12-22 01:12:07 - [TEST_STEP][PASSED] - click(findTestObject("Object Repository/Page_Off-Topic - FirstTeam Mattermost/span_")): Object: 'Object Repository/Page_Off-Topic - FirstTeam Mattermost/span_' is clicked on

2019-12-22 01:12:08 - [MESSAGE][PASSED] - Object: 'Object Repository/Page_Off-Topic - FirstTeam Mattermost/span_' is clicked on

2019-12-22 01:12:08 - [TEST_STEP][PASSED] - closeBrowser(): Browser is closed

2019-12-22 01:12:09 - [MESSAGE][PASSED] - Browser is closed]]></system-out>
         <system-err><![CDATA[]]></system-err>
      </testcase>
      <testcase name="Test Cases/TestCase37SearchMessage" time="20.685" classname="Test Cases/TestCase37SearchMessage" status="PASSED">
         <system-out><![CDATA[2019-12-22 01:12:09 - [TEST_CASE][PASSED] - Test Cases/TestCase37SearchMessage: Test Cases/TestCase37SearchMessage

2019-12-22 01:12:09 - [TEST_STEP][PASSED] - openBrowser(""): Browser is opened with url: ''

2019-12-22 01:12:09 - [MESSAGE][INFO] - Starting 'Firefox' driver

2019-12-22 01:12:11 - [MESSAGE][PASSED] - Browser is opened with url: ''

2019-12-22 01:12:11 - [TEST_STEP][PASSED] - navigateToUrl("https://cs300testautomatic.herokuapp.com/"): Navigate to 'https://cs300testautomatic.herokuapp.com/' successfully

2019-12-22 01:12:15 - [MESSAGE][PASSED] - Navigate to 'https://cs300testautomatic.herokuapp.com/' successfully

2019-12-22 01:12:15 - [TEST_STEP][PASSED] - setText(findTestObject("Page_Mattermost/input_All team communication in one place s_703ef5 (37)"), "dhieu@apcs.vn"): Text 'dhieu@apcs.vn' is set on object 'Object Repository/Page_Mattermost/input_All team communication in one place s_703ef5 (37)'

2019-12-22 01:12:19 - [MESSAGE][PASSED] - Text 'dhieu@apcs.vn' is set on object 'Object Repository/Page_Mattermost/input_All team communication in one place s_703ef5 (37)'

2019-12-22 01:12:19 - [TEST_STEP][PASSED] - setEncryptedText(findTestObject("Page_Mattermost/input_All team communication in one place s_2f2733 (37)"), "iGDxf8hSRT4="): Text ****** has been set on object 'Object Repository/Page_Mattermost/input_All team communication in one place s_2f2733 (37)'

2019-12-22 01:12:19 - [MESSAGE][PASSED] - Text ****** has been set on object 'Object Repository/Page_Mattermost/input_All team communication in one place s_2f2733 (37)'

2019-12-22 01:12:19 - [TEST_STEP][PASSED] - click(findTestObject("Page_Mattermost/button_Sign in (25)")): Object: 'Object Repository/Page_Mattermost/button_Sign in (25)' is clicked on

2019-12-22 01:12:20 - [MESSAGE][PASSED] - Object: 'Object Repository/Page_Mattermost/button_Sign in (25)' is clicked on

2019-12-22 01:12:20 - [TEST_STEP][PASSED] - click(findTestObject("Object Repository/Page_Town Square - SecondTeam Mattermost/div_Se")): Object: 'Object Repository/Page_Town Square - SecondTeam Mattermost/div_Se' is clicked on

2019-12-22 01:12:25 - [MESSAGE][PASSED] - Object: 'Object Repository/Page_Town Square - SecondTeam Mattermost/div_Se' is clicked on

2019-12-22 01:12:25 - [TEST_STEP][PASSED] - click(findTestObject("Object Repository/Page_Town Square - SecondTeam Mattermost/form_Search OptionsUse quotation marks to s_06ef4b")): Object: 'Object Repository/Page_Town Square - SecondTeam Mattermost/form_Search OptionsUse quotation marks to s_06ef4b' is clicked on

2019-12-22 01:12:26 - [MESSAGE][PASSED] - Object: 'Object Repository/Page_Town Square - SecondTeam Mattermost/form_Search OptionsUse quotation marks to s_06ef4b' is clicked on

2019-12-22 01:12:26 - [TEST_STEP][PASSED] - setText(findTestObject("Object Repository/Page_Town Square - SecondTeam Mattermost/input_Add a channel description_searchBox"), "i search chat"): Text 'i search chat' is set on object 'Object Repository/Page_Town Square - SecondTeam Mattermost/input_Add a channel description_searchBox'

2019-12-22 01:12:27 - [MESSAGE][PASSED] - Text 'i search chat' is set on object 'Object Repository/Page_Town Square - SecondTeam Mattermost/input_Add a channel description_searchBox'

2019-12-22 01:12:27 - [TEST_STEP][PASSED] - sendKeys(findTestObject("Object Repository/Page_Town Square - SecondTeam Mattermost/input_Add a channel description_searchBox"), Keys.chord(ENTER)): Keys 'ENTER + ' sent to object: 'Object Repository/Page_Town Square - SecondTeam Mattermost/input_Add a channel description_searchBox'

2019-12-22 01:12:27 - [MESSAGE][PASSED] - Keys 'ENTER + ' sent to object: 'Object Repository/Page_Town Square - SecondTeam Mattermost/input_Add a channel description_searchBox'

2019-12-22 01:12:27 - [TEST_STEP][PASSED] - click(findTestObject("Object Repository/Page_Town Square - SecondTeam Mattermost/i_Search Results_fa fa-sign-out")): Object: 'Object Repository/Page_Town Square - SecondTeam Mattermost/i_Search Results_fa fa-sign-out' is clicked on

2019-12-22 01:12:28 - [MESSAGE][PASSED] - Object: 'Object Repository/Page_Town Square - SecondTeam Mattermost/i_Search Results_fa fa-sign-out' is clicked on

2019-12-22 01:12:28 - [TEST_STEP][PASSED] - closeBrowser(): Browser is closed

2019-12-22 01:12:29 - [MESSAGE][PASSED] - Browser is closed]]></system-out>
         <system-err><![CDATA[]]></system-err>
      </testcase>
      <testcase name="Test Cases/TestCase38AddHeaderDirectMessage" time="49.131" classname="Test Cases/TestCase38AddHeaderDirectMessage" status="PASSED">
         <system-out><![CDATA[2019-12-22 01:12:29 - [TEST_CASE][PASSED] - Test Cases/TestCase38AddHeaderDirectMessage: Test Cases/TestCase38AddHeaderDirectMessage

2019-12-22 01:12:29 - [TEST_STEP][PASSED] - openBrowser(""): Browser is opened with url: ''

2019-12-22 01:12:29 - [MESSAGE][INFO] - Starting 'Firefox' driver

2019-12-22 01:12:32 - [MESSAGE][PASSED] - Browser is opened with url: ''

2019-12-22 01:12:32 - [TEST_STEP][PASSED] - navigateToUrl("https://cs300testautomatic.herokuapp.com/"): Navigate to 'https://cs300testautomatic.herokuapp.com/' successfully

2019-12-22 01:12:36 - [MESSAGE][PASSED] - Navigate to 'https://cs300testautomatic.herokuapp.com/' successfully

2019-12-22 01:12:36 - [TEST_STEP][PASSED] - setText(findTestObject("Page_Mattermost/input_All team communication in one place s_703ef5"), "dhieu@apcs.vn"): Text 'dhieu@apcs.vn' is set on object 'Object Repository/Page_Mattermost/input_All team communication in one place s_703ef5'

2019-12-22 01:12:40 - [MESSAGE][PASSED] - Text 'dhieu@apcs.vn' is set on object 'Object Repository/Page_Mattermost/input_All team communication in one place s_703ef5'

2019-12-22 01:12:40 - [TEST_STEP][PASSED] - setEncryptedText(findTestObject("Page_Mattermost/input_All team communication in one place s_2f2733"), "iGDxf8hSRT4="): Text ****** has been set on object 'Object Repository/Page_Mattermost/input_All team communication in one place s_2f2733'

2019-12-22 01:12:41 - [MESSAGE][PASSED] - Text ****** has been set on object 'Object Repository/Page_Mattermost/input_All team communication in one place s_2f2733'

2019-12-22 01:12:41 - [TEST_STEP][PASSED] - sendKeys(findTestObject("Page_Mattermost/input_All team communication in one place s_2f2733"), Keys.chord(ENTER)): Keys 'ENTER + ' sent to object: 'Object Repository/Page_Mattermost/input_All team communication in one place s_2f2733'

2019-12-22 01:12:41 - [MESSAGE][PASSED] - Keys 'ENTER + ' sent to object: 'Object Repository/Page_Mattermost/input_All team communication in one place s_2f2733'

2019-12-22 01:12:41 - [TEST_STEP][PASSED] - click(findTestObject("Object Repository/Page_Town Square - FirstTeam Mattermost/span_duy giabeuu surveybot")): Object: 'Object Repository/Page_Town Square - FirstTeam Mattermost/span_duy giabeuu surveybot' is clicked on

2019-12-22 01:12:47 - [MESSAGE][PASSED] - Object: 'Object Repository/Page_Town Square - FirstTeam Mattermost/span_duy giabeuu surveybot' is clicked on

2019-12-22 01:12:47 - [TEST_STEP][PASSED] - click(findTestObject("Object Repository/Page_duy giabeuu surveybot - FirstTeam Mattermost/span_Add a channel description")): Object: 'Object Repository/Page_duy giabeuu surveybot - FirstTeam Mattermost/span_Add a channel description' is clicked on

2019-12-22 01:13:14 - [MESSAGE][PASSED] - Object: 'Object Repository/Page_duy giabeuu surveybot - FirstTeam Mattermost/span_Add a channel description' is clicked on

2019-12-22 01:13:14 - [TEST_STEP][PASSED] - setText(findTestObject("Object Repository/Page_duy giabeuu surveybot - FirstTeam Mattermost/textarea_Edit the Channel Header_edit_textbox"), "E"): Text 'E' is set on object 'Object Repository/Page_duy giabeuu surveybot - FirstTeam Mattermost/textarea_Edit the Channel Header_edit_textbox'

2019-12-22 01:13:15 - [MESSAGE][PASSED] - Text 'E' is set on object 'Object Repository/Page_duy giabeuu surveybot - FirstTeam Mattermost/textarea_Edit the Channel Header_edit_textbox'

2019-12-22 01:13:15 - [TEST_STEP][PASSED] - setText(findTestObject("Object Repository/Page_duy giabeuu surveybot - FirstTeam Mattermost/textarea_E"), "Ed"): Text 'Ed' is set on object 'Object Repository/Page_duy giabeuu surveybot - FirstTeam Mattermost/textarea_E'

2019-12-22 01:13:15 - [MESSAGE][PASSED] - Text 'Ed' is set on object 'Object Repository/Page_duy giabeuu surveybot - FirstTeam Mattermost/textarea_E'

2019-12-22 01:13:15 - [TEST_STEP][PASSED] - setText(findTestObject("Object Repository/Page_duy giabeuu surveybot - FirstTeam Mattermost/textarea_Ed"), "Edi"): Text 'Edi' is set on object 'Object Repository/Page_duy giabeuu surveybot - FirstTeam Mattermost/textarea_Ed'

2019-12-22 01:13:15 - [MESSAGE][PASSED] - Text 'Edi' is set on object 'Object Repository/Page_duy giabeuu surveybot - FirstTeam Mattermost/textarea_Ed'

2019-12-22 01:13:15 - [TEST_STEP][PASSED] - setText(findTestObject("Object Repository/Page_duy giabeuu surveybot - FirstTeam Mattermost/textarea_Edi"), "Edit"): Text 'Edit' is set on object 'Object Repository/Page_duy giabeuu surveybot - FirstTeam Mattermost/textarea_Edi'

2019-12-22 01:13:16 - [MESSAGE][PASSED] - Text 'Edit' is set on object 'Object Repository/Page_duy giabeuu surveybot - FirstTeam Mattermost/textarea_Edi'

2019-12-22 01:13:16 - [TEST_STEP][PASSED] - setText(findTestObject("Object Repository/Page_duy giabeuu surveybot - FirstTeam Mattermost/textarea_Edit"), "Edite"): Text 'Edite' is set on object 'Object Repository/Page_duy giabeuu surveybot - FirstTeam Mattermost/textarea_Edit'

2019-12-22 01:13:16 - [MESSAGE][PASSED] - Text 'Edite' is set on object 'Object Repository/Page_duy giabeuu surveybot - FirstTeam Mattermost/textarea_Edit'

2019-12-22 01:13:16 - [TEST_STEP][PASSED] - setText(findTestObject("Object Repository/Page_duy giabeuu surveybot - FirstTeam Mattermost/textarea_Edite"), "Edited"): Text 'Edited' is set on object 'Object Repository/Page_duy giabeuu surveybot - FirstTeam Mattermost/textarea_Edite'

2019-12-22 01:13:17 - [MESSAGE][PASSED] - Text 'Edited' is set on object 'Object Repository/Page_duy giabeuu surveybot - FirstTeam Mattermost/textarea_Edite'

2019-12-22 01:13:17 - [TEST_STEP][PASSED] - click(findTestObject("Object Repository/Page_duy giabeuu surveybot - FirstTeam Mattermost/span_Save")): Object: 'Object Repository/Page_duy giabeuu surveybot - FirstTeam Mattermost/span_Save' is clicked on

2019-12-22 01:13:18 - [MESSAGE][PASSED] - Object: 'Object Repository/Page_duy giabeuu surveybot - FirstTeam Mattermost/span_Save' is clicked on

2019-12-22 01:13:18 - [TEST_STEP][PASSED] - closeBrowser(): Browser is closed

2019-12-22 01:13:18 - [MESSAGE][PASSED] - Browser is closed]]></system-out>
         <system-err><![CDATA[]]></system-err>
      </testcase>
      <testcase name="Test Cases/TestCase39EditHeaderDirectMessage" time="22.69" classname="Test Cases/TestCase39EditHeaderDirectMessage" status="PASSED">
         <system-out><![CDATA[2019-12-22 01:13:18 - [TEST_CASE][PASSED] - Test Cases/TestCase39EditHeaderDirectMessage: Test Cases/TestCase39EditHeaderDirectMessage

2019-12-22 01:13:19 - [TEST_STEP][PASSED] - openBrowser(""): Browser is opened with url: ''

2019-12-22 01:13:19 - [MESSAGE][INFO] - Starting 'Firefox' driver

2019-12-22 01:13:21 - [MESSAGE][PASSED] - Browser is opened with url: ''

2019-12-22 01:13:21 - [TEST_STEP][PASSED] - navigateToUrl("https://cs300testautomatic.herokuapp.com/"): Navigate to 'https://cs300testautomatic.herokuapp.com/' successfully

2019-12-22 01:13:25 - [MESSAGE][PASSED] - Navigate to 'https://cs300testautomatic.herokuapp.com/' successfully

2019-12-22 01:13:25 - [TEST_STEP][PASSED] - setText(findTestObject("Page_Mattermost/input_All team communication in one place s_703ef5"), "dhieu@apcs.vn"): Text 'dhieu@apcs.vn' is set on object 'Object Repository/Page_Mattermost/input_All team communication in one place s_703ef5'

2019-12-22 01:13:30 - [MESSAGE][PASSED] - Text 'dhieu@apcs.vn' is set on object 'Object Repository/Page_Mattermost/input_All team communication in one place s_703ef5'

2019-12-22 01:13:30 - [TEST_STEP][PASSED] - setEncryptedText(findTestObject("Page_Mattermost/input_All team communication in one place s_2f2733"), "iGDxf8hSRT4="): Text ****** has been set on object 'Object Repository/Page_Mattermost/input_All team communication in one place s_2f2733'

2019-12-22 01:13:30 - [MESSAGE][PASSED] - Text ****** has been set on object 'Object Repository/Page_Mattermost/input_All team communication in one place s_2f2733'

2019-12-22 01:13:30 - [TEST_STEP][PASSED] - sendKeys(findTestObject("Page_Mattermost/input_All team communication in one place s_2f2733"), Keys.chord(ENTER)): Keys 'ENTER + ' sent to object: 'Object Repository/Page_Mattermost/input_All team communication in one place s_2f2733'

2019-12-22 01:13:31 - [MESSAGE][PASSED] - Keys 'ENTER + ' sent to object: 'Object Repository/Page_Mattermost/input_All team communication in one place s_2f2733'

2019-12-22 01:13:31 - [TEST_STEP][PASSED] - click(findTestObject("Page_Town Square - FirstTeam Mattermost/span_duy giabeuu surveybot")): Object: 'Object Repository/Page_Town Square - FirstTeam Mattermost/span_duy giabeuu surveybot' is clicked on

2019-12-22 01:13:34 - [MESSAGE][PASSED] - Object: 'Object Repository/Page_Town Square - FirstTeam Mattermost/span_duy giabeuu surveybot' is clicked on

2019-12-22 01:13:34 - [TEST_STEP][PASSED] - click(findTestObject("Object Repository/Page_duy giabeuu surveybot - FirstTeam Mattermost/span_duy giabeuu surveybot_channelHeaderDro_428392")): Object: 'Object Repository/Page_duy giabeuu surveybot - FirstTeam Mattermost/span_duy giabeuu surveybot_channelHeaderDro_428392' is clicked on

2019-12-22 01:13:36 - [MESSAGE][PASSED] - Object: 'Object Repository/Page_duy giabeuu surveybot - FirstTeam Mattermost/span_duy giabeuu surveybot_channelHeaderDro_428392' is clicked on

2019-12-22 01:13:36 - [TEST_STEP][PASSED] - click(findTestObject("Object Repository/Page_duy giabeuu surveybot - FirstTeam Mattermost/button_Edit Channel Header")): Object: 'Object Repository/Page_duy giabeuu surveybot - FirstTeam Mattermost/button_Edit Channel Header' is clicked on

2019-12-22 01:13:37 - [MESSAGE][PASSED] - Object: 'Object Repository/Page_duy giabeuu surveybot - FirstTeam Mattermost/button_Edit Channel Header' is clicked on

2019-12-22 01:13:37 - [TEST_STEP][PASSED] - setText(findTestObject("Object Repository/Page_duy giabeuu surveybot - FirstTeam Mattermost/textarea_Edited"), "Edited "): Text 'Edited ' is set on object 'Object Repository/Page_duy giabeuu surveybot - FirstTeam Mattermost/textarea_Edited'

2019-12-22 01:13:37 - [MESSAGE][PASSED] - Text 'Edited ' is set on object 'Object Repository/Page_duy giabeuu surveybot - FirstTeam Mattermost/textarea_Edited'

2019-12-22 01:13:37 - [TEST_STEP][PASSED] - setText(findTestObject("Object Repository/Page_duy giabeuu surveybot - FirstTeam Mattermost/textarea_Edited_1"), "Edited a"): Text 'Edited a' is set on object 'Object Repository/Page_duy giabeuu surveybot - FirstTeam Mattermost/textarea_Edited_1'

2019-12-22 01:13:37 - [MESSAGE][PASSED] - Text 'Edited a' is set on object 'Object Repository/Page_duy giabeuu surveybot - FirstTeam Mattermost/textarea_Edited_1'

2019-12-22 01:13:37 - [TEST_STEP][PASSED] - setText(findTestObject("Object Repository/Page_duy giabeuu surveybot - FirstTeam Mattermost/textarea_Edited a"), "Edited ag"): Text 'Edited ag' is set on object 'Object Repository/Page_duy giabeuu surveybot - FirstTeam Mattermost/textarea_Edited a'

2019-12-22 01:13:38 - [MESSAGE][PASSED] - Text 'Edited ag' is set on object 'Object Repository/Page_duy giabeuu surveybot - FirstTeam Mattermost/textarea_Edited a'

2019-12-22 01:13:38 - [TEST_STEP][PASSED] - setText(findTestObject("Object Repository/Page_duy giabeuu surveybot - FirstTeam Mattermost/textarea_Edited ag"), "Edited aga"): Text 'Edited aga' is set on object 'Object Repository/Page_duy giabeuu surveybot - FirstTeam Mattermost/textarea_Edited ag'

2019-12-22 01:13:39 - [MESSAGE][PASSED] - Text 'Edited aga' is set on object 'Object Repository/Page_duy giabeuu surveybot - FirstTeam Mattermost/textarea_Edited ag'

2019-12-22 01:13:39 - [TEST_STEP][PASSED] - setText(findTestObject("Object Repository/Page_duy giabeuu surveybot - FirstTeam Mattermost/textarea_Edited aga"), "Edited agan"): Text 'Edited agan' is set on object 'Object Repository/Page_duy giabeuu surveybot - FirstTeam Mattermost/textarea_Edited aga'

2019-12-22 01:13:39 - [MESSAGE][PASSED] - Text 'Edited agan' is set on object 'Object Repository/Page_duy giabeuu surveybot - FirstTeam Mattermost/textarea_Edited aga'

2019-12-22 01:13:39 - [TEST_STEP][PASSED] - setText(findTestObject("Object Repository/Page_duy giabeuu surveybot - FirstTeam Mattermost/textarea_Edited agan"), "Edited again"): Text 'Edited again' is set on object 'Object Repository/Page_duy giabeuu surveybot - FirstTeam Mattermost/textarea_Edited agan'

2019-12-22 01:13:40 - [MESSAGE][PASSED] - Text 'Edited again' is set on object 'Object Repository/Page_duy giabeuu surveybot - FirstTeam Mattermost/textarea_Edited agan'

2019-12-22 01:13:40 - [TEST_STEP][PASSED] - click(findTestObject("Object Repository/Page_duy giabeuu surveybot - FirstTeam Mattermost/button_Save")): Object: 'Object Repository/Page_duy giabeuu surveybot - FirstTeam Mattermost/button_Save' is clicked on

2019-12-22 01:13:40 - [MESSAGE][PASSED] - Object: 'Object Repository/Page_duy giabeuu surveybot - FirstTeam Mattermost/button_Save' is clicked on

2019-12-22 01:13:40 - [TEST_STEP][PASSED] - closeBrowser(): Browser is closed

2019-12-22 01:13:41 - [MESSAGE][PASSED] - Browser is closed]]></system-out>
         <system-err><![CDATA[]]></system-err>
      </testcase>
      <testcase name="Test Cases/TestCase40DeletePostInChannel" time="59.201" classname="Test Cases/TestCase40DeletePostInChannel" status="FAILED">
         <failure type="FAILED" message="Test Cases/TestCase40DeletePostInChannel FAILED.
Reason:
com.kms.katalon.core.exception.StepFailedException: Unable to click on object 'Object Repository/Page_Off-Topic - FirstTeam Mattermost/button_hieu_CENTER_button_fswbyrxxdbbjufi8c_fa3789'
	at com.kms.katalon.core.webui.keyword.internal.WebUIKeywordMain.stepFailed(WebUIKeywordMain.groovy:64)
	at com.kms.katalon.core.webui.keyword.internal.WebUIKeywordMain.runKeyword(WebUIKeywordMain.groovy:26)
	at com.kms.katalon.core.webui.keyword.builtin.ClickKeyword.click(ClickKeyword.groovy:102)
	at com.kms.katalon.core.webui.keyword.builtin.ClickKeyword.execute(ClickKeyword.groovy:43)
	at com.kms.katalon.core.keyword.internal.KeywordExecutor.executeKeywordForPlatform(KeywordExecutor.groovy:72)
	at com.kms.katalon.core.webui.keyword.WebUiBuiltInKeywords.click(WebUiBuiltInKeywords.groovy:616)
	at com.kms.katalon.core.webui.keyword.WebUiBuiltInKeywords$click$3.call(Unknown Source)
	at TestCase40DeletePostInChannel.run(TestCase40DeletePostInChannel:31)
	at com.kms.katalon.core.main.ScriptEngine.run(ScriptEngine.java:194)
	at com.kms.katalon.core.main.ScriptEngine.runScriptAsRawText(ScriptEngine.java:119)
	at com.kms.katalon.core.main.TestCaseExecutor.runScript(TestCaseExecutor.java:337)
	at com.kms.katalon.core.main.TestCaseExecutor.doExecute(TestCaseExecutor.java:328)
	at com.kms.katalon.core.main.TestCaseExecutor.processExecutionPhase(TestCaseExecutor.java:307)
	at com.kms.katalon.core.main.TestCaseExecutor.accessMainPhase(TestCaseExecutor.java:299)
	at com.kms.katalon.core.main.TestCaseExecutor.execute(TestCaseExecutor.java:233)
	at com.kms.katalon.core.main.TestSuiteExecutor.accessTestCaseMainPhase(TestSuiteExecutor.java:169)
	at com.kms.katalon.core.main.TestSuiteExecutor.accessTestSuiteMainPhase(TestSuiteExecutor.java:142)
	at com.kms.katalon.core.main.TestSuiteExecutor.execute(TestSuiteExecutor.java:91)
	at com.kms.katalon.core.main.TestCaseMain.startTestSuite(TestCaseMain.java:157)
	at com.kms.katalon.core.main.TestCaseMain$startTestSuite$0.call(Unknown Source)
	at TempTestSuite1576950821278.run(TempTestSuite1576950821278.groovy:36)
Caused by: com.kms.katalon.core.webui.exception.WebElementNotFoundException: Web element with id: 'Object Repository/Page_Off-Topic - FirstTeam Mattermost/button_hieu_CENTER_button_fswbyrxxdbbjufi8c_fa3789' located by 'By.xpath: //button[@id='CENTER_button_fswbyrxxdbbjufi8c6pc96yuqa']' not found
	at com.kms.katalon.core.webui.common.WebUiCommonHelper.findWebElement(WebUiCommonHelper.java:1154)
	at com.kms.katalon.core.webui.keyword.internal.WebUIAbstractKeyword.findWebElement(WebUIAbstractKeyword.groovy:27)
	at com.kms.katalon.core.webui.keyword.internal.WebUIAbstractKeyword.findWebElement(WebUIAbstractKeyword.groovy:26)
	at com.kms.katalon.core.webui.keyword.builtin.ClickKeyword$_click_closure1.doCall(ClickKeyword.groovy:67)
	at com.kms.katalon.core.webui.keyword.builtin.ClickKeyword$_click_closure1.call(ClickKeyword.groovy)
	at com.kms.katalon.core.webui.keyword.internal.WebUIKeywordMain.runKeyword(WebUIKeywordMain.groovy:20)
	... 19 more
"/>
         <system-out><![CDATA[2019-12-22 01:13:41 - [TEST_CASE][FAILED] - Test Cases/TestCase40DeletePostInChannel: Test Cases/TestCase40DeletePostInChannel FAILED.
Reason:
com.kms.katalon.core.exception.StepFailedException: Unable to click on object 'Object Repository/Page_Off-Topic - FirstTeam Mattermost/button_hieu_CENTER_button_fswbyrxxdbbjufi8c_fa3789'
	at com.kms.katalon.core.webui.keyword.internal.WebUIKeywordMain.stepFailed(WebUIKeywordMain.groovy:64)
	at com.kms.katalon.core.webui.keyword.internal.WebUIKeywordMain.runKeyword(WebUIKeywordMain.groovy:26)
	at com.kms.katalon.core.webui.keyword.builtin.ClickKeyword.click(ClickKeyword.groovy:102)
	at com.kms.katalon.core.webui.keyword.builtin.ClickKeyword.execute(ClickKeyword.groovy:43)
	at com.kms.katalon.core.keyword.internal.KeywordExecutor.executeKeywordForPlatform(KeywordExecutor.groovy:72)
	at com.kms.katalon.core.webui.keyword.WebUiBuiltInKeywords.click(WebUiBuiltInKeywords.groovy:616)
	at com.kms.katalon.core.webui.keyword.WebUiBuiltInKeywords$click$3.call(Unknown Source)
	at TestCase40DeletePostInChannel.run(TestCase40DeletePostInChannel:31)
	at com.kms.katalon.core.main.ScriptEngine.run(ScriptEngine.java:194)
	at com.kms.katalon.core.main.ScriptEngine.runScriptAsRawText(ScriptEngine.java:119)
	at com.kms.katalon.core.main.TestCaseExecutor.runScript(TestCaseExecutor.java:337)
	at com.kms.katalon.core.main.TestCaseExecutor.doExecute(TestCaseExecutor.java:328)
	at com.kms.katalon.core.main.TestCaseExecutor.processExecutionPhase(TestCaseExecutor.java:307)
	at com.kms.katalon.core.main.TestCaseExecutor.accessMainPhase(TestCaseExecutor.java:299)
	at com.kms.katalon.core.main.TestCaseExecutor.execute(TestCaseExecutor.java:233)
	at com.kms.katalon.core.main.TestSuiteExecutor.accessTestCaseMainPhase(TestSuiteExecutor.java:169)
	at com.kms.katalon.core.main.TestSuiteExecutor.accessTestSuiteMainPhase(TestSuiteExecutor.java:142)
	at com.kms.katalon.core.main.TestSuiteExecutor.execute(TestSuiteExecutor.java:91)
	at com.kms.katalon.core.main.TestCaseMain.startTestSuite(TestCaseMain.java:157)
	at com.kms.katalon.core.main.TestCaseMain$startTestSuite$0.call(Unknown Source)
	at TempTestSuite1576950821278.run(TempTestSuite1576950821278.groovy:36)
Caused by: com.kms.katalon.core.webui.exception.WebElementNotFoundException: Web element with id: 'Object Repository/Page_Off-Topic - FirstTeam Mattermost/button_hieu_CENTER_button_fswbyrxxdbbjufi8c_fa3789' located by 'By.xpath: //button[@id='CENTER_button_fswbyrxxdbbjufi8c6pc96yuqa']' not found
	at com.kms.katalon.core.webui.common.WebUiCommonHelper.findWebElement(WebUiCommonHelper.java:1154)
	at com.kms.katalon.core.webui.keyword.internal.WebUIAbstractKeyword.findWebElement(WebUIAbstractKeyword.groovy:27)
	at com.kms.katalon.core.webui.keyword.internal.WebUIAbstractKeyword.findWebElement(WebUIAbstractKeyword.groovy:26)
	at com.kms.katalon.core.webui.keyword.builtin.ClickKeyword$_click_closure1.doCall(ClickKeyword.groovy:67)
	at com.kms.katalon.core.webui.keyword.builtin.ClickKeyword$_click_closure1.call(ClickKeyword.groovy)
	at com.kms.katalon.core.webui.keyword.internal.WebUIKeywordMain.runKeyword(WebUIKeywordMain.groovy:20)
	... 19 more


2019-12-22 01:13:41 - [TEST_STEP][PASSED] - openBrowser(""): Browser is opened with url: ''

2019-12-22 01:13:41 - [MESSAGE][INFO] - Starting 'Firefox' driver

2019-12-22 01:13:44 - [MESSAGE][PASSED] - Browser is opened with url: ''

2019-12-22 01:13:44 - [TEST_STEP][PASSED] - navigateToUrl("https://cs300testautomatic.herokuapp.com/"): Navigate to 'https://cs300testautomatic.herokuapp.com/' successfully

2019-12-22 01:13:47 - [MESSAGE][PASSED] - Navigate to 'https://cs300testautomatic.herokuapp.com/' successfully

2019-12-22 01:13:47 - [TEST_STEP][PASSED] - setText(findTestObject("Page_Mattermost/input_All team communication in one place s_703ef5"), "dhieu@apcs.vn"): Text 'dhieu@apcs.vn' is set on object 'Object Repository/Page_Mattermost/input_All team communication in one place s_703ef5'

2019-12-22 01:13:51 - [MESSAGE][PASSED] - Text 'dhieu@apcs.vn' is set on object 'Object Repository/Page_Mattermost/input_All team communication in one place s_703ef5'

2019-12-22 01:13:51 - [TEST_STEP][PASSED] - setEncryptedText(findTestObject("Page_Mattermost/input_All team communication in one place s_2f2733"), "iGDxf8hSRT4="): Text ****** has been set on object 'Object Repository/Page_Mattermost/input_All team communication in one place s_2f2733'

2019-12-22 01:13:52 - [MESSAGE][PASSED] - Text ****** has been set on object 'Object Repository/Page_Mattermost/input_All team communication in one place s_2f2733'

2019-12-22 01:13:52 - [TEST_STEP][PASSED] - sendKeys(findTestObject("Page_Mattermost/input_All team communication in one place s_2f2733"), Keys.chord(ENTER)): Keys 'ENTER + ' sent to object: 'Object Repository/Page_Mattermost/input_All team communication in one place s_2f2733'

2019-12-22 01:13:52 - [MESSAGE][PASSED] - Keys 'ENTER + ' sent to object: 'Object Repository/Page_Mattermost/input_All team communication in one place s_2f2733'

2019-12-22 01:13:52 - [TEST_STEP][PASSED] - click(findTestObject("Object Repository/Page_Town Square - FirstTeam Mattermost/a_Off-Topic")): Object: 'Object Repository/Page_Town Square - FirstTeam Mattermost/a_Off-Topic' is clicked on

2019-12-22 01:13:56 - [MESSAGE][PASSED] - Object: 'Object Repository/Page_Town Square - FirstTeam Mattermost/a_Off-Topic' is clicked on

2019-12-22 01:13:56 - [TEST_STEP][FAILED] - click(findTestObject("Object Repository/Page_Off-Topic - FirstTeam Mattermost/button_hieu_CENTER_button_fswbyrxxdbbjufi8c_fa3789")): Unable to click on object 'Object Repository/Page_Off-Topic - FirstTeam Mattermost/button_hieu_CENTER_button_fswbyrxxdbbjufi8c_fa3789' (Root cause: com.kms.katalon.core.exception.StepFailedException: Unable to click on object 'Object Repository/Page_Off-Topic - FirstTeam Mattermost/button_hieu_CENTER_button_fswbyrxxdbbjufi8c_fa3789'
	at com.kms.katalon.core.webui.keyword.internal.WebUIKeywordMain.stepFailed(WebUIKeywordMain.groovy:64)
	at com.kms.katalon.core.webui.keyword.internal.WebUIKeywordMain.runKeyword(WebUIKeywordMain.groovy:26)
	at com.kms.katalon.core.webui.keyword.builtin.ClickKeyword.click(ClickKeyword.groovy:102)
	at com.kms.katalon.core.webui.keyword.builtin.ClickKeyword.execute(ClickKeyword.groovy:43)
	at com.kms.katalon.core.keyword.internal.KeywordExecutor.executeKeywordForPlatform(KeywordExecutor.groovy:72)
	at com.kms.katalon.core.webui.keyword.WebUiBuiltInKeywords.click(WebUiBuiltInKeywords.groovy:616)
	at com.kms.katalon.core.webui.keyword.WebUiBuiltInKeywords$click$3.call(Unknown Source)
	at TestCase40DeletePostInChannel.run(TestCase40DeletePostInChannel:31)
	at com.kms.katalon.core.main.ScriptEngine.run(ScriptEngine.java:194)
	at com.kms.katalon.core.main.ScriptEngine.runScriptAsRawText(ScriptEngine.java:119)
	at com.kms.katalon.core.main.TestCaseExecutor.runScript(TestCaseExecutor.java:337)
	at com.kms.katalon.core.main.TestCaseExecutor.doExecute(TestCaseExecutor.java:328)
	at com.kms.katalon.core.main.TestCaseExecutor.processExecutionPhase(TestCaseExecutor.java:307)
	at com.kms.katalon.core.main.TestCaseExecutor.accessMainPhase(TestCaseExecutor.java:299)
	at com.kms.katalon.core.main.TestCaseExecutor.execute(TestCaseExecutor.java:233)
	at com.kms.katalon.core.main.TestSuiteExecutor.accessTestCaseMainPhase(TestSuiteExecutor.java:169)
	at com.kms.katalon.core.main.TestSuiteExecutor.accessTestSuiteMainPhase(TestSuiteExecutor.java:142)
	at com.kms.katalon.core.main.TestSuiteExecutor.execute(TestSuiteExecutor.java:91)
	at com.kms.katalon.core.main.TestCaseMain.startTestSuite(TestCaseMain.java:157)
	at com.kms.katalon.core.main.TestCaseMain$startTestSuite$0.call(Unknown Source)
	at TempTestSuite1576950821278.run(TempTestSuite1576950821278.groovy:36)
Caused by: com.kms.katalon.core.webui.exception.WebElementNotFoundException: Web element with id: 'Object Repository/Page_Off-Topic - FirstTeam Mattermost/button_hieu_CENTER_button_fswbyrxxdbbjufi8c_fa3789' located by 'By.xpath: //button[@id='CENTER_button_fswbyrxxdbbjufi8c6pc96yuqa']' not found
	at com.kms.katalon.core.webui.common.WebUiCommonHelper.findWebElement(WebUiCommonHelper.java:1154)
	at com.kms.katalon.core.webui.keyword.internal.WebUIAbstractKeyword.findWebElement(WebUIAbstractKeyword.groovy:27)
	at com.kms.katalon.core.webui.keyword.internal.WebUIAbstractKeyword.findWebElement(WebUIAbstractKeyword.groovy:26)
	at com.kms.katalon.core.webui.keyword.builtin.ClickKeyword$_click_closure1.doCall(ClickKeyword.groovy:67)
	at com.kms.katalon.core.webui.keyword.builtin.ClickKeyword$_click_closure1.call(ClickKeyword.groovy)
	at com.kms.katalon.core.webui.keyword.internal.WebUIKeywordMain.runKeyword(WebUIKeywordMain.groovy:20)
	at com.kms.katalon.core.webui.keyword.builtin.ClickKeyword.click(ClickKeyword.groovy:102)
	at com.kms.katalon.core.webui.keyword.builtin.ClickKeyword.execute(ClickKeyword.groovy:43)
	at com.kms.katalon.core.keyword.internal.KeywordExecutor.executeKeywordForPlatform(KeywordExecutor.groovy:72)
	at com.kms.katalon.core.webui.keyword.WebUiBuiltInKeywords.click(WebUiBuiltInKeywords.groovy:616)
	at com.kms.katalon.core.webui.keyword.WebUiBuiltInKeywords$click$3.call(Unknown Source)
	at Script1576918960336.run(Script1576918960336.groovy:31)
	... 13 more
)

2019-12-22 01:14:40 - [MESSAGE][INFO] - Unable to find the element located by 'By.xpath: //button[@id='CENTER_button_fswbyrxxdbbjufi8c6pc96yuqa']'. Please recheck the objects properties to make sure the desired element is located. 

2019-12-22 01:14:40 - [MESSAGE][FAILED] - Unable to click on object 'Object Repository/Page_Off-Topic - FirstTeam Mattermost/button_hieu_CENTER_button_fswbyrxxdbbjufi8c_fa3789' (Root cause: com.kms.katalon.core.exception.StepFailedException: Unable to click on object 'Object Repository/Page_Off-Topic - FirstTeam Mattermost/button_hieu_CENTER_button_fswbyrxxdbbjufi8c_fa3789'
	at com.kms.katalon.core.webui.keyword.internal.WebUIKeywordMain.stepFailed(WebUIKeywordMain.groovy:64)
	at com.kms.katalon.core.webui.keyword.internal.WebUIKeywordMain.runKeyword(WebUIKeywordMain.groovy:26)
	at com.kms.katalon.core.webui.keyword.builtin.ClickKeyword.click(ClickKeyword.groovy:102)
	at com.kms.katalon.core.webui.keyword.builtin.ClickKeyword.execute(ClickKeyword.groovy:43)
	at com.kms.katalon.core.keyword.internal.KeywordExecutor.executeKeywordForPlatform(KeywordExecutor.groovy:72)
	at com.kms.katalon.core.webui.keyword.WebUiBuiltInKeywords.click(WebUiBuiltInKeywords.groovy:616)
	at com.kms.katalon.core.webui.keyword.WebUiBuiltInKeywords$click$3.call(Unknown Source)
	at TestCase40DeletePostInChannel.run(TestCase40DeletePostInChannel:31)
	at com.kms.katalon.core.main.ScriptEngine.run(ScriptEngine.java:194)
	at com.kms.katalon.core.main.ScriptEngine.runScriptAsRawText(ScriptEngine.java:119)
	at com.kms.katalon.core.main.TestCaseExecutor.runScript(TestCaseExecutor.java:337)
	at com.kms.katalon.core.main.TestCaseExecutor.doExecute(TestCaseExecutor.java:328)
	at com.kms.katalon.core.main.TestCaseExecutor.processExecutionPhase(TestCaseExecutor.java:307)
	at com.kms.katalon.core.main.TestCaseExecutor.accessMainPhase(TestCaseExecutor.java:299)
	at com.kms.katalon.core.main.TestCaseExecutor.execute(TestCaseExecutor.java:233)
	at com.kms.katalon.core.main.TestSuiteExecutor.accessTestCaseMainPhase(TestSuiteExecutor.java:169)
	at com.kms.katalon.core.main.TestSuiteExecutor.accessTestSuiteMainPhase(TestSuiteExecutor.java:142)
	at com.kms.katalon.core.main.TestSuiteExecutor.execute(TestSuiteExecutor.java:91)
	at com.kms.katalon.core.main.TestCaseMain.startTestSuite(TestCaseMain.java:157)
	at com.kms.katalon.core.main.TestCaseMain$startTestSuite$0.call(Unknown Source)
	at TempTestSuite1576950821278.run(TempTestSuite1576950821278.groovy:36)
Caused by: com.kms.katalon.core.webui.exception.WebElementNotFoundException: Web element with id: 'Object Repository/Page_Off-Topic - FirstTeam Mattermost/button_hieu_CENTER_button_fswbyrxxdbbjufi8c_fa3789' located by 'By.xpath: //button[@id='CENTER_button_fswbyrxxdbbjufi8c6pc96yuqa']' not found
	at com.kms.katalon.core.webui.common.WebUiCommonHelper.findWebElement(WebUiCommonHelper.java:1154)
	at com.kms.katalon.core.webui.keyword.internal.WebUIAbstractKeyword.findWebElement(WebUIAbstractKeyword.groovy:27)
	at com.kms.katalon.core.webui.keyword.internal.WebUIAbstractKeyword.findWebElement(WebUIAbstractKeyword.groovy:26)
	at com.kms.katalon.core.webui.keyword.builtin.ClickKeyword$_click_closure1.doCall(ClickKeyword.groovy:67)
	at com.kms.katalon.core.webui.keyword.builtin.ClickKeyword$_click_closure1.call(ClickKeyword.groovy)
	at com.kms.katalon.core.webui.keyword.internal.WebUIKeywordMain.runKeyword(WebUIKeywordMain.groovy:20)
	at com.kms.katalon.core.webui.keyword.builtin.ClickKeyword.click(ClickKeyword.groovy:102)
	at com.kms.katalon.core.webui.keyword.builtin.ClickKeyword.execute(ClickKeyword.groovy:43)
	at com.kms.katalon.core.keyword.internal.KeywordExecutor.executeKeywordForPlatform(KeywordExecutor.groovy:72)
	at com.kms.katalon.core.webui.keyword.WebUiBuiltInKeywords.click(WebUiBuiltInKeywords.groovy:616)
	at com.kms.katalon.core.webui.keyword.WebUiBuiltInKeywords$click$3.call(Unknown Source)
	at Script1576918960336.run(Script1576918960336.groovy:31)
	... 13 more
)
[[ATTACHMENT|C:\\Users\\Gia Nguyen\\Desktop\\CS300AutomaticWebTesting\\Reports\\20191222_005341\\Run All Test Cases\\20191222_005341\\1576952080752.png]]]]></system-out>
         <system-err><![CDATA[2019-12-22 01:13:41 - [TEST_CASE][FAILED] - Test Cases/TestCase40DeletePostInChannel: Test Cases/TestCase40DeletePostInChannel FAILED.
Reason:
com.kms.katalon.core.exception.StepFailedException: Unable to click on object 'Object Repository/Page_Off-Topic - FirstTeam Mattermost/button_hieu_CENTER_button_fswbyrxxdbbjufi8c_fa3789'
	at com.kms.katalon.core.webui.keyword.internal.WebUIKeywordMain.stepFailed(WebUIKeywordMain.groovy:64)
	at com.kms.katalon.core.webui.keyword.internal.WebUIKeywordMain.runKeyword(WebUIKeywordMain.groovy:26)
	at com.kms.katalon.core.webui.keyword.builtin.ClickKeyword.click(ClickKeyword.groovy:102)
	at com.kms.katalon.core.webui.keyword.builtin.ClickKeyword.execute(ClickKeyword.groovy:43)
	at com.kms.katalon.core.keyword.internal.KeywordExecutor.executeKeywordForPlatform(KeywordExecutor.groovy:72)
	at com.kms.katalon.core.webui.keyword.WebUiBuiltInKeywords.click(WebUiBuiltInKeywords.groovy:616)
	at com.kms.katalon.core.webui.keyword.WebUiBuiltInKeywords$click$3.call(Unknown Source)
	at TestCase40DeletePostInChannel.run(TestCase40DeletePostInChannel:31)
	at com.kms.katalon.core.main.ScriptEngine.run(ScriptEngine.java:194)
	at com.kms.katalon.core.main.ScriptEngine.runScriptAsRawText(ScriptEngine.java:119)
	at com.kms.katalon.core.main.TestCaseExecutor.runScript(TestCaseExecutor.java:337)
	at com.kms.katalon.core.main.TestCaseExecutor.doExecute(TestCaseExecutor.java:328)
	at com.kms.katalon.core.main.TestCaseExecutor.processExecutionPhase(TestCaseExecutor.java:307)
	at com.kms.katalon.core.main.TestCaseExecutor.accessMainPhase(TestCaseExecutor.java:299)
	at com.kms.katalon.core.main.TestCaseExecutor.execute(TestCaseExecutor.java:233)
	at com.kms.katalon.core.main.TestSuiteExecutor.accessTestCaseMainPhase(TestSuiteExecutor.java:169)
	at com.kms.katalon.core.main.TestSuiteExecutor.accessTestSuiteMainPhase(TestSuiteExecutor.java:142)
	at com.kms.katalon.core.main.TestSuiteExecutor.execute(TestSuiteExecutor.java:91)
	at com.kms.katalon.core.main.TestCaseMain.startTestSuite(TestCaseMain.java:157)
	at com.kms.katalon.core.main.TestCaseMain$startTestSuite$0.call(Unknown Source)
	at TempTestSuite1576950821278.run(TempTestSuite1576950821278.groovy:36)
Caused by: com.kms.katalon.core.webui.exception.WebElementNotFoundException: Web element with id: 'Object Repository/Page_Off-Topic - FirstTeam Mattermost/button_hieu_CENTER_button_fswbyrxxdbbjufi8c_fa3789' located by 'By.xpath: //button[@id='CENTER_button_fswbyrxxdbbjufi8c6pc96yuqa']' not found
	at com.kms.katalon.core.webui.common.WebUiCommonHelper.findWebElement(WebUiCommonHelper.java:1154)
	at com.kms.katalon.core.webui.keyword.internal.WebUIAbstractKeyword.findWebElement(WebUIAbstractKeyword.groovy:27)
	at com.kms.katalon.core.webui.keyword.internal.WebUIAbstractKeyword.findWebElement(WebUIAbstractKeyword.groovy:26)
	at com.kms.katalon.core.webui.keyword.builtin.ClickKeyword$_click_closure1.doCall(ClickKeyword.groovy:67)
	at com.kms.katalon.core.webui.keyword.builtin.ClickKeyword$_click_closure1.call(ClickKeyword.groovy)
	at com.kms.katalon.core.webui.keyword.internal.WebUIKeywordMain.runKeyword(WebUIKeywordMain.groovy:20)
	... 19 more]]></system-err>
      </testcase>
      <testcase name="Test Cases/TestCase41ReplyPostInChannel" time="59.925" classname="Test Cases/TestCase41ReplyPostInChannel" status="FAILED">
         <failure type="FAILED" message="Test Cases/TestCase41ReplyPostInChannel FAILED.
Reason:
com.kms.katalon.core.exception.StepFailedException: Unable to click on object 'Object Repository/Page_Off-Topic - FirstTeam Mattermost/button_hieu_CENTER_button_uz63gsxba7n9ubyrh_2a30c3'
	at com.kms.katalon.core.webui.keyword.internal.WebUIKeywordMain.stepFailed(WebUIKeywordMain.groovy:64)
	at com.kms.katalon.core.webui.keyword.internal.WebUIKeywordMain.runKeyword(WebUIKeywordMain.groovy:26)
	at com.kms.katalon.core.webui.keyword.builtin.ClickKeyword.click(ClickKeyword.groovy:102)
	at com.kms.katalon.core.webui.keyword.builtin.ClickKeyword.execute(ClickKeyword.groovy:43)
	at com.kms.katalon.core.keyword.internal.KeywordExecutor.executeKeywordForPlatform(KeywordExecutor.groovy:72)
	at com.kms.katalon.core.webui.keyword.WebUiBuiltInKeywords.click(WebUiBuiltInKeywords.groovy:616)
	at com.kms.katalon.core.webui.keyword.WebUiBuiltInKeywords$click$3.call(Unknown Source)
	at TestCase41ReplyPostInChannel.run(TestCase41ReplyPostInChannel:31)
	at com.kms.katalon.core.main.ScriptEngine.run(ScriptEngine.java:194)
	at com.kms.katalon.core.main.ScriptEngine.runScriptAsRawText(ScriptEngine.java:119)
	at com.kms.katalon.core.main.TestCaseExecutor.runScript(TestCaseExecutor.java:337)
	at com.kms.katalon.core.main.TestCaseExecutor.doExecute(TestCaseExecutor.java:328)
	at com.kms.katalon.core.main.TestCaseExecutor.processExecutionPhase(TestCaseExecutor.java:307)
	at com.kms.katalon.core.main.TestCaseExecutor.accessMainPhase(TestCaseExecutor.java:299)
	at com.kms.katalon.core.main.TestCaseExecutor.execute(TestCaseExecutor.java:233)
	at com.kms.katalon.core.main.TestSuiteExecutor.accessTestCaseMainPhase(TestSuiteExecutor.java:169)
	at com.kms.katalon.core.main.TestSuiteExecutor.accessTestSuiteMainPhase(TestSuiteExecutor.java:142)
	at com.kms.katalon.core.main.TestSuiteExecutor.execute(TestSuiteExecutor.java:91)
	at com.kms.katalon.core.main.TestCaseMain.startTestSuite(TestCaseMain.java:157)
	at com.kms.katalon.core.main.TestCaseMain$startTestSuite$0.call(Unknown Source)
	at TempTestSuite1576950821278.run(TempTestSuite1576950821278.groovy:36)
Caused by: com.kms.katalon.core.webui.exception.WebElementNotFoundException: Web element with id: 'Object Repository/Page_Off-Topic - FirstTeam Mattermost/button_hieu_CENTER_button_uz63gsxba7n9ubyrh_2a30c3' located by 'By.xpath: //button[@id='CENTER_button_uz63gsxba7n9ubyrhi5qkg7jie']' not found
	at com.kms.katalon.core.webui.common.WebUiCommonHelper.findWebElement(WebUiCommonHelper.java:1154)
	at com.kms.katalon.core.webui.keyword.internal.WebUIAbstractKeyword.findWebElement(WebUIAbstractKeyword.groovy:27)
	at com.kms.katalon.core.webui.keyword.internal.WebUIAbstractKeyword.findWebElement(WebUIAbstractKeyword.groovy:26)
	at com.kms.katalon.core.webui.keyword.builtin.ClickKeyword$_click_closure1.doCall(ClickKeyword.groovy:67)
	at com.kms.katalon.core.webui.keyword.builtin.ClickKeyword$_click_closure1.call(ClickKeyword.groovy)
	at com.kms.katalon.core.webui.keyword.internal.WebUIKeywordMain.runKeyword(WebUIKeywordMain.groovy:20)
	... 19 more
"/>
         <system-out><![CDATA[2019-12-22 01:14:40 - [TEST_CASE][FAILED] - Test Cases/TestCase41ReplyPostInChannel: Test Cases/TestCase41ReplyPostInChannel FAILED.
Reason:
com.kms.katalon.core.exception.StepFailedException: Unable to click on object 'Object Repository/Page_Off-Topic - FirstTeam Mattermost/button_hieu_CENTER_button_uz63gsxba7n9ubyrh_2a30c3'
	at com.kms.katalon.core.webui.keyword.internal.WebUIKeywordMain.stepFailed(WebUIKeywordMain.groovy:64)
	at com.kms.katalon.core.webui.keyword.internal.WebUIKeywordMain.runKeyword(WebUIKeywordMain.groovy:26)
	at com.kms.katalon.core.webui.keyword.builtin.ClickKeyword.click(ClickKeyword.groovy:102)
	at com.kms.katalon.core.webui.keyword.builtin.ClickKeyword.execute(ClickKeyword.groovy:43)
	at com.kms.katalon.core.keyword.internal.KeywordExecutor.executeKeywordForPlatform(KeywordExecutor.groovy:72)
	at com.kms.katalon.core.webui.keyword.WebUiBuiltInKeywords.click(WebUiBuiltInKeywords.groovy:616)
	at com.kms.katalon.core.webui.keyword.WebUiBuiltInKeywords$click$3.call(Unknown Source)
	at TestCase41ReplyPostInChannel.run(TestCase41ReplyPostInChannel:31)
	at com.kms.katalon.core.main.ScriptEngine.run(ScriptEngine.java:194)
	at com.kms.katalon.core.main.ScriptEngine.runScriptAsRawText(ScriptEngine.java:119)
	at com.kms.katalon.core.main.TestCaseExecutor.runScript(TestCaseExecutor.java:337)
	at com.kms.katalon.core.main.TestCaseExecutor.doExecute(TestCaseExecutor.java:328)
	at com.kms.katalon.core.main.TestCaseExecutor.processExecutionPhase(TestCaseExecutor.java:307)
	at com.kms.katalon.core.main.TestCaseExecutor.accessMainPhase(TestCaseExecutor.java:299)
	at com.kms.katalon.core.main.TestCaseExecutor.execute(TestCaseExecutor.java:233)
	at com.kms.katalon.core.main.TestSuiteExecutor.accessTestCaseMainPhase(TestSuiteExecutor.java:169)
	at com.kms.katalon.core.main.TestSuiteExecutor.accessTestSuiteMainPhase(TestSuiteExecutor.java:142)
	at com.kms.katalon.core.main.TestSuiteExecutor.execute(TestSuiteExecutor.java:91)
	at com.kms.katalon.core.main.TestCaseMain.startTestSuite(TestCaseMain.java:157)
	at com.kms.katalon.core.main.TestCaseMain$startTestSuite$0.call(Unknown Source)
	at TempTestSuite1576950821278.run(TempTestSuite1576950821278.groovy:36)
Caused by: com.kms.katalon.core.webui.exception.WebElementNotFoundException: Web element with id: 'Object Repository/Page_Off-Topic - FirstTeam Mattermost/button_hieu_CENTER_button_uz63gsxba7n9ubyrh_2a30c3' located by 'By.xpath: //button[@id='CENTER_button_uz63gsxba7n9ubyrhi5qkg7jie']' not found
	at com.kms.katalon.core.webui.common.WebUiCommonHelper.findWebElement(WebUiCommonHelper.java:1154)
	at com.kms.katalon.core.webui.keyword.internal.WebUIAbstractKeyword.findWebElement(WebUIAbstractKeyword.groovy:27)
	at com.kms.katalon.core.webui.keyword.internal.WebUIAbstractKeyword.findWebElement(WebUIAbstractKeyword.groovy:26)
	at com.kms.katalon.core.webui.keyword.builtin.ClickKeyword$_click_closure1.doCall(ClickKeyword.groovy:67)
	at com.kms.katalon.core.webui.keyword.builtin.ClickKeyword$_click_closure1.call(ClickKeyword.groovy)
	at com.kms.katalon.core.webui.keyword.internal.WebUIKeywordMain.runKeyword(WebUIKeywordMain.groovy:20)
	... 19 more


2019-12-22 01:14:40 - [TEST_STEP][PASSED] - openBrowser(""): Browser is opened with url: ''

2019-12-22 01:14:40 - [MESSAGE][WARNING] - A browser is already opened. Closing browser and opening a new one

2019-12-22 01:14:41 - [MESSAGE][INFO] - Starting 'Firefox' driver

2019-12-22 01:14:44 - [MESSAGE][PASSED] - Browser is opened with url: ''

2019-12-22 01:14:44 - [TEST_STEP][PASSED] - navigateToUrl("https://cs300testautomatic.herokuapp.com/"): Navigate to 'https://cs300testautomatic.herokuapp.com/' successfully

2019-12-22 01:14:47 - [MESSAGE][PASSED] - Navigate to 'https://cs300testautomatic.herokuapp.com/' successfully

2019-12-22 01:14:47 - [TEST_STEP][PASSED] - setText(findTestObject("Page_Mattermost/input_All team communication in one place s_703ef5"), "dhieu@apcs.vn"): Text 'dhieu@apcs.vn' is set on object 'Object Repository/Page_Mattermost/input_All team communication in one place s_703ef5'

2019-12-22 01:14:51 - [MESSAGE][PASSED] - Text 'dhieu@apcs.vn' is set on object 'Object Repository/Page_Mattermost/input_All team communication in one place s_703ef5'

2019-12-22 01:14:51 - [TEST_STEP][PASSED] - setEncryptedText(findTestObject("Page_Mattermost/input_All team communication in one place s_2f2733"), "iGDxf8hSRT4="): Text ****** has been set on object 'Object Repository/Page_Mattermost/input_All team communication in one place s_2f2733'

2019-12-22 01:14:52 - [MESSAGE][PASSED] - Text ****** has been set on object 'Object Repository/Page_Mattermost/input_All team communication in one place s_2f2733'

2019-12-22 01:14:52 - [TEST_STEP][PASSED] - sendKeys(findTestObject("Page_Mattermost/input_All team communication in one place s_2f2733"), Keys.chord(ENTER)): Keys 'ENTER + ' sent to object: 'Object Repository/Page_Mattermost/input_All team communication in one place s_2f2733'

2019-12-22 01:14:52 - [MESSAGE][PASSED] - Keys 'ENTER + ' sent to object: 'Object Repository/Page_Mattermost/input_All team communication in one place s_2f2733'

2019-12-22 01:14:52 - [TEST_STEP][PASSED] - click(findTestObject("Page_Town Square - FirstTeam Mattermost/a_Off-Topic")): Object: 'Object Repository/Page_Town Square - FirstTeam Mattermost/a_Off-Topic' is clicked on

2019-12-22 01:14:56 - [MESSAGE][PASSED] - Object: 'Object Repository/Page_Town Square - FirstTeam Mattermost/a_Off-Topic' is clicked on

2019-12-22 01:14:56 - [TEST_STEP][FAILED] - click(findTestObject("Object Repository/Page_Off-Topic - FirstTeam Mattermost/button_hieu_CENTER_button_uz63gsxba7n9ubyrh_2a30c3")): Unable to click on object 'Object Repository/Page_Off-Topic - FirstTeam Mattermost/button_hieu_CENTER_button_uz63gsxba7n9ubyrh_2a30c3' (Root cause: com.kms.katalon.core.exception.StepFailedException: Unable to click on object 'Object Repository/Page_Off-Topic - FirstTeam Mattermost/button_hieu_CENTER_button_uz63gsxba7n9ubyrh_2a30c3'
	at com.kms.katalon.core.webui.keyword.internal.WebUIKeywordMain.stepFailed(WebUIKeywordMain.groovy:64)
	at com.kms.katalon.core.webui.keyword.internal.WebUIKeywordMain.runKeyword(WebUIKeywordMain.groovy:26)
	at com.kms.katalon.core.webui.keyword.builtin.ClickKeyword.click(ClickKeyword.groovy:102)
	at com.kms.katalon.core.webui.keyword.builtin.ClickKeyword.execute(ClickKeyword.groovy:43)
	at com.kms.katalon.core.keyword.internal.KeywordExecutor.executeKeywordForPlatform(KeywordExecutor.groovy:72)
	at com.kms.katalon.core.webui.keyword.WebUiBuiltInKeywords.click(WebUiBuiltInKeywords.groovy:616)
	at com.kms.katalon.core.webui.keyword.WebUiBuiltInKeywords$click$3.call(Unknown Source)
	at TestCase41ReplyPostInChannel.run(TestCase41ReplyPostInChannel:31)
	at com.kms.katalon.core.main.ScriptEngine.run(ScriptEngine.java:194)
	at com.kms.katalon.core.main.ScriptEngine.runScriptAsRawText(ScriptEngine.java:119)
	at com.kms.katalon.core.main.TestCaseExecutor.runScript(TestCaseExecutor.java:337)
	at com.kms.katalon.core.main.TestCaseExecutor.doExecute(TestCaseExecutor.java:328)
	at com.kms.katalon.core.main.TestCaseExecutor.processExecutionPhase(TestCaseExecutor.java:307)
	at com.kms.katalon.core.main.TestCaseExecutor.accessMainPhase(TestCaseExecutor.java:299)
	at com.kms.katalon.core.main.TestCaseExecutor.execute(TestCaseExecutor.java:233)
	at com.kms.katalon.core.main.TestSuiteExecutor.accessTestCaseMainPhase(TestSuiteExecutor.java:169)
	at com.kms.katalon.core.main.TestSuiteExecutor.accessTestSuiteMainPhase(TestSuiteExecutor.java:142)
	at com.kms.katalon.core.main.TestSuiteExecutor.execute(TestSuiteExecutor.java:91)
	at com.kms.katalon.core.main.TestCaseMain.startTestSuite(TestCaseMain.java:157)
	at com.kms.katalon.core.main.TestCaseMain$startTestSuite$0.call(Unknown Source)
	at TempTestSuite1576950821278.run(TempTestSuite1576950821278.groovy:36)
Caused by: com.kms.katalon.core.webui.exception.WebElementNotFoundException: Web element with id: 'Object Repository/Page_Off-Topic - FirstTeam Mattermost/button_hieu_CENTER_button_uz63gsxba7n9ubyrh_2a30c3' located by 'By.xpath: //button[@id='CENTER_button_uz63gsxba7n9ubyrhi5qkg7jie']' not found
	at com.kms.katalon.core.webui.common.WebUiCommonHelper.findWebElement(WebUiCommonHelper.java:1154)
	at com.kms.katalon.core.webui.keyword.internal.WebUIAbstractKeyword.findWebElement(WebUIAbstractKeyword.groovy:27)
	at com.kms.katalon.core.webui.keyword.internal.WebUIAbstractKeyword.findWebElement(WebUIAbstractKeyword.groovy:26)
	at com.kms.katalon.core.webui.keyword.builtin.ClickKeyword$_click_closure1.doCall(ClickKeyword.groovy:67)
	at com.kms.katalon.core.webui.keyword.builtin.ClickKeyword$_click_closure1.call(ClickKeyword.groovy)
	at com.kms.katalon.core.webui.keyword.internal.WebUIKeywordMain.runKeyword(WebUIKeywordMain.groovy:20)
	at com.kms.katalon.core.webui.keyword.builtin.ClickKeyword.click(ClickKeyword.groovy:102)
	at com.kms.katalon.core.webui.keyword.builtin.ClickKeyword.execute(ClickKeyword.groovy:43)
	at com.kms.katalon.core.keyword.internal.KeywordExecutor.executeKeywordForPlatform(KeywordExecutor.groovy:72)
	at com.kms.katalon.core.webui.keyword.WebUiBuiltInKeywords.click(WebUiBuiltInKeywords.groovy:616)
	at com.kms.katalon.core.webui.keyword.WebUiBuiltInKeywords$click$3.call(Unknown Source)
	at Script1576918975306.run(Script1576918975306.groovy:31)
	... 13 more
)

2019-12-22 01:15:40 - [MESSAGE][INFO] - Unable to find the element located by 'By.xpath: //button[@id='CENTER_button_uz63gsxba7n9ubyrhi5qkg7jie']'. Please recheck the objects properties to make sure the desired element is located. 

2019-12-22 01:15:40 - [MESSAGE][FAILED] - Unable to click on object 'Object Repository/Page_Off-Topic - FirstTeam Mattermost/button_hieu_CENTER_button_uz63gsxba7n9ubyrh_2a30c3' (Root cause: com.kms.katalon.core.exception.StepFailedException: Unable to click on object 'Object Repository/Page_Off-Topic - FirstTeam Mattermost/button_hieu_CENTER_button_uz63gsxba7n9ubyrh_2a30c3'
	at com.kms.katalon.core.webui.keyword.internal.WebUIKeywordMain.stepFailed(WebUIKeywordMain.groovy:64)
	at com.kms.katalon.core.webui.keyword.internal.WebUIKeywordMain.runKeyword(WebUIKeywordMain.groovy:26)
	at com.kms.katalon.core.webui.keyword.builtin.ClickKeyword.click(ClickKeyword.groovy:102)
	at com.kms.katalon.core.webui.keyword.builtin.ClickKeyword.execute(ClickKeyword.groovy:43)
	at com.kms.katalon.core.keyword.internal.KeywordExecutor.executeKeywordForPlatform(KeywordExecutor.groovy:72)
	at com.kms.katalon.core.webui.keyword.WebUiBuiltInKeywords.click(WebUiBuiltInKeywords.groovy:616)
	at com.kms.katalon.core.webui.keyword.WebUiBuiltInKeywords$click$3.call(Unknown Source)
	at TestCase41ReplyPostInChannel.run(TestCase41ReplyPostInChannel:31)
	at com.kms.katalon.core.main.ScriptEngine.run(ScriptEngine.java:194)
	at com.kms.katalon.core.main.ScriptEngine.runScriptAsRawText(ScriptEngine.java:119)
	at com.kms.katalon.core.main.TestCaseExecutor.runScript(TestCaseExecutor.java:337)
	at com.kms.katalon.core.main.TestCaseExecutor.doExecute(TestCaseExecutor.java:328)
	at com.kms.katalon.core.main.TestCaseExecutor.processExecutionPhase(TestCaseExecutor.java:307)
	at com.kms.katalon.core.main.TestCaseExecutor.accessMainPhase(TestCaseExecutor.java:299)
	at com.kms.katalon.core.main.TestCaseExecutor.execute(TestCaseExecutor.java:233)
	at com.kms.katalon.core.main.TestSuiteExecutor.accessTestCaseMainPhase(TestSuiteExecutor.java:169)
	at com.kms.katalon.core.main.TestSuiteExecutor.accessTestSuiteMainPhase(TestSuiteExecutor.java:142)
	at com.kms.katalon.core.main.TestSuiteExecutor.execute(TestSuiteExecutor.java:91)
	at com.kms.katalon.core.main.TestCaseMain.startTestSuite(TestCaseMain.java:157)
	at com.kms.katalon.core.main.TestCaseMain$startTestSuite$0.call(Unknown Source)
	at TempTestSuite1576950821278.run(TempTestSuite1576950821278.groovy:36)
Caused by: com.kms.katalon.core.webui.exception.WebElementNotFoundException: Web element with id: 'Object Repository/Page_Off-Topic - FirstTeam Mattermost/button_hieu_CENTER_button_uz63gsxba7n9ubyrh_2a30c3' located by 'By.xpath: //button[@id='CENTER_button_uz63gsxba7n9ubyrhi5qkg7jie']' not found
	at com.kms.katalon.core.webui.common.WebUiCommonHelper.findWebElement(WebUiCommonHelper.java:1154)
	at com.kms.katalon.core.webui.keyword.internal.WebUIAbstractKeyword.findWebElement(WebUIAbstractKeyword.groovy:27)
	at com.kms.katalon.core.webui.keyword.internal.WebUIAbstractKeyword.findWebElement(WebUIAbstractKeyword.groovy:26)
	at com.kms.katalon.core.webui.keyword.builtin.ClickKeyword$_click_closure1.doCall(ClickKeyword.groovy:67)
	at com.kms.katalon.core.webui.keyword.builtin.ClickKeyword$_click_closure1.call(ClickKeyword.groovy)
	at com.kms.katalon.core.webui.keyword.internal.WebUIKeywordMain.runKeyword(WebUIKeywordMain.groovy:20)
	at com.kms.katalon.core.webui.keyword.builtin.ClickKeyword.click(ClickKeyword.groovy:102)
	at com.kms.katalon.core.webui.keyword.builtin.ClickKeyword.execute(ClickKeyword.groovy:43)
	at com.kms.katalon.core.keyword.internal.KeywordExecutor.executeKeywordForPlatform(KeywordExecutor.groovy:72)
	at com.kms.katalon.core.webui.keyword.WebUiBuiltInKeywords.click(WebUiBuiltInKeywords.groovy:616)
	at com.kms.katalon.core.webui.keyword.WebUiBuiltInKeywords$click$3.call(Unknown Source)
	at Script1576918975306.run(Script1576918975306.groovy:31)
	... 13 more
)
[[ATTACHMENT|C:\\Users\\Gia Nguyen\\Desktop\\CS300AutomaticWebTesting\\Reports\\20191222_005341\\Run All Test Cases\\20191222_005341\\1576952140678.png]]]]></system-out>
         <system-err><![CDATA[2019-12-22 01:14:40 - [TEST_CASE][FAILED] - Test Cases/TestCase41ReplyPostInChannel: Test Cases/TestCase41ReplyPostInChannel FAILED.
Reason:
com.kms.katalon.core.exception.StepFailedException: Unable to click on object 'Object Repository/Page_Off-Topic - FirstTeam Mattermost/button_hieu_CENTER_button_uz63gsxba7n9ubyrh_2a30c3'
	at com.kms.katalon.core.webui.keyword.internal.WebUIKeywordMain.stepFailed(WebUIKeywordMain.groovy:64)
	at com.kms.katalon.core.webui.keyword.internal.WebUIKeywordMain.runKeyword(WebUIKeywordMain.groovy:26)
	at com.kms.katalon.core.webui.keyword.builtin.ClickKeyword.click(ClickKeyword.groovy:102)
	at com.kms.katalon.core.webui.keyword.builtin.ClickKeyword.execute(ClickKeyword.groovy:43)
	at com.kms.katalon.core.keyword.internal.KeywordExecutor.executeKeywordForPlatform(KeywordExecutor.groovy:72)
	at com.kms.katalon.core.webui.keyword.WebUiBuiltInKeywords.click(WebUiBuiltInKeywords.groovy:616)
	at com.kms.katalon.core.webui.keyword.WebUiBuiltInKeywords$click$3.call(Unknown Source)
	at TestCase41ReplyPostInChannel.run(TestCase41ReplyPostInChannel:31)
	at com.kms.katalon.core.main.ScriptEngine.run(ScriptEngine.java:194)
	at com.kms.katalon.core.main.ScriptEngine.runScriptAsRawText(ScriptEngine.java:119)
	at com.kms.katalon.core.main.TestCaseExecutor.runScript(TestCaseExecutor.java:337)
	at com.kms.katalon.core.main.TestCaseExecutor.doExecute(TestCaseExecutor.java:328)
	at com.kms.katalon.core.main.TestCaseExecutor.processExecutionPhase(TestCaseExecutor.java:307)
	at com.kms.katalon.core.main.TestCaseExecutor.accessMainPhase(TestCaseExecutor.java:299)
	at com.kms.katalon.core.main.TestCaseExecutor.execute(TestCaseExecutor.java:233)
	at com.kms.katalon.core.main.TestSuiteExecutor.accessTestCaseMainPhase(TestSuiteExecutor.java:169)
	at com.kms.katalon.core.main.TestSuiteExecutor.accessTestSuiteMainPhase(TestSuiteExecutor.java:142)
	at com.kms.katalon.core.main.TestSuiteExecutor.execute(TestSuiteExecutor.java:91)
	at com.kms.katalon.core.main.TestCaseMain.startTestSuite(TestCaseMain.java:157)
	at com.kms.katalon.core.main.TestCaseMain$startTestSuite$0.call(Unknown Source)
	at TempTestSuite1576950821278.run(TempTestSuite1576950821278.groovy:36)
Caused by: com.kms.katalon.core.webui.exception.WebElementNotFoundException: Web element with id: 'Object Repository/Page_Off-Topic - FirstTeam Mattermost/button_hieu_CENTER_button_uz63gsxba7n9ubyrh_2a30c3' located by 'By.xpath: //button[@id='CENTER_button_uz63gsxba7n9ubyrhi5qkg7jie']' not found
	at com.kms.katalon.core.webui.common.WebUiCommonHelper.findWebElement(WebUiCommonHelper.java:1154)
	at com.kms.katalon.core.webui.keyword.internal.WebUIAbstractKeyword.findWebElement(WebUIAbstractKeyword.groovy:27)
	at com.kms.katalon.core.webui.keyword.internal.WebUIAbstractKeyword.findWebElement(WebUIAbstractKeyword.groovy:26)
	at com.kms.katalon.core.webui.keyword.builtin.ClickKeyword$_click_closure1.doCall(ClickKeyword.groovy:67)
	at com.kms.katalon.core.webui.keyword.builtin.ClickKeyword$_click_closure1.call(ClickKeyword.groovy)
	at com.kms.katalon.core.webui.keyword.internal.WebUIKeywordMain.runKeyword(WebUIKeywordMain.groovy:20)
	... 19 more]]></system-err>
      </testcase>
      <testcase name="Test Cases/TestCase42UpdateStatusToOffline" time="94.575" classname="Test Cases/TestCase42UpdateStatusToOffline" status="FAILED">
         <failure type="FAILED" message="Test Cases/TestCase42UpdateStatusToOffline FAILED.
Reason:
com.kms.katalon.core.exception.StepFailedException: Unable to click on object 'Object Repository/Page_ Town Square - FirstTeam Mattermost/button_Offline'
	at com.kms.katalon.core.webui.keyword.internal.WebUIKeywordMain.stepFailed(WebUIKeywordMain.groovy:64)
	at com.kms.katalon.core.webui.keyword.internal.WebUIKeywordMain.runKeyword(WebUIKeywordMain.groovy:26)
	at com.kms.katalon.core.webui.keyword.builtin.ClickKeyword.click(ClickKeyword.groovy:102)
	at com.kms.katalon.core.webui.keyword.builtin.ClickKeyword.execute(ClickKeyword.groovy:43)
	at com.kms.katalon.core.keyword.internal.KeywordExecutor.executeKeywordForPlatform(KeywordExecutor.groovy:72)
	at com.kms.katalon.core.webui.keyword.WebUiBuiltInKeywords.click(WebUiBuiltInKeywords.groovy:616)
	at com.kms.katalon.core.webui.keyword.WebUiBuiltInKeywords$click$3.call(Unknown Source)
	at TestCase42UpdateStatusToOffline.run(TestCase42UpdateStatusToOffline:31)
	at com.kms.katalon.core.main.ScriptEngine.run(ScriptEngine.java:194)
	at com.kms.katalon.core.main.ScriptEngine.runScriptAsRawText(ScriptEngine.java:119)
	at com.kms.katalon.core.main.TestCaseExecutor.runScript(TestCaseExecutor.java:337)
	at com.kms.katalon.core.main.TestCaseExecutor.doExecute(TestCaseExecutor.java:328)
	at com.kms.katalon.core.main.TestCaseExecutor.processExecutionPhase(TestCaseExecutor.java:307)
	at com.kms.katalon.core.main.TestCaseExecutor.accessMainPhase(TestCaseExecutor.java:299)
	at com.kms.katalon.core.main.TestCaseExecutor.execute(TestCaseExecutor.java:233)
	at com.kms.katalon.core.main.TestSuiteExecutor.accessTestCaseMainPhase(TestSuiteExecutor.java:169)
	at com.kms.katalon.core.main.TestSuiteExecutor.accessTestSuiteMainPhase(TestSuiteExecutor.java:142)
	at com.kms.katalon.core.main.TestSuiteExecutor.execute(TestSuiteExecutor.java:91)
	at com.kms.katalon.core.main.TestCaseMain.startTestSuite(TestCaseMain.java:157)
	at com.kms.katalon.core.main.TestCaseMain$startTestSuite$0.call(Unknown Source)
	at TempTestSuite1576950821278.run(TempTestSuite1576950821278.groovy:36)
Caused by: com.kms.katalon.core.webui.exception.WebElementNotFoundException: Web element with id: 'Object Repository/Page_ Town Square - FirstTeam Mattermost/button_Offline' located by 'By.xpath: //div[@id='lhsHeader']/div/div/ul/li[6]/button' not found
	at com.kms.katalon.core.webui.common.WebUiCommonHelper.findWebElement(WebUiCommonHelper.java:1154)
	at com.kms.katalon.core.webui.keyword.internal.WebUIAbstractKeyword.findWebElement(WebUIAbstractKeyword.groovy:27)
	at com.kms.katalon.core.webui.keyword.internal.WebUIAbstractKeyword.findWebElement(WebUIAbstractKeyword.groovy:26)
	at com.kms.katalon.core.webui.keyword.builtin.ClickKeyword$_click_closure1.doCall(ClickKeyword.groovy:67)
	at com.kms.katalon.core.webui.keyword.builtin.ClickKeyword$_click_closure1.call(ClickKeyword.groovy)
	at com.kms.katalon.core.webui.keyword.internal.WebUIKeywordMain.runKeyword(WebUIKeywordMain.groovy:20)
	... 19 more
"/>
         <system-out><![CDATA[2019-12-22 01:15:40 - [TEST_CASE][FAILED] - Test Cases/TestCase42UpdateStatusToOffline: Test Cases/TestCase42UpdateStatusToOffline FAILED.
Reason:
com.kms.katalon.core.exception.StepFailedException: Unable to click on object 'Object Repository/Page_ Town Square - FirstTeam Mattermost/button_Offline'
	at com.kms.katalon.core.webui.keyword.internal.WebUIKeywordMain.stepFailed(WebUIKeywordMain.groovy:64)
	at com.kms.katalon.core.webui.keyword.internal.WebUIKeywordMain.runKeyword(WebUIKeywordMain.groovy:26)
	at com.kms.katalon.core.webui.keyword.builtin.ClickKeyword.click(ClickKeyword.groovy:102)
	at com.kms.katalon.core.webui.keyword.builtin.ClickKeyword.execute(ClickKeyword.groovy:43)
	at com.kms.katalon.core.keyword.internal.KeywordExecutor.executeKeywordForPlatform(KeywordExecutor.groovy:72)
	at com.kms.katalon.core.webui.keyword.WebUiBuiltInKeywords.click(WebUiBuiltInKeywords.groovy:616)
	at com.kms.katalon.core.webui.keyword.WebUiBuiltInKeywords$click$3.call(Unknown Source)
	at TestCase42UpdateStatusToOffline.run(TestCase42UpdateStatusToOffline:31)
	at com.kms.katalon.core.main.ScriptEngine.run(ScriptEngine.java:194)
	at com.kms.katalon.core.main.ScriptEngine.runScriptAsRawText(ScriptEngine.java:119)
	at com.kms.katalon.core.main.TestCaseExecutor.runScript(TestCaseExecutor.java:337)
	at com.kms.katalon.core.main.TestCaseExecutor.doExecute(TestCaseExecutor.java:328)
	at com.kms.katalon.core.main.TestCaseExecutor.processExecutionPhase(TestCaseExecutor.java:307)
	at com.kms.katalon.core.main.TestCaseExecutor.accessMainPhase(TestCaseExecutor.java:299)
	at com.kms.katalon.core.main.TestCaseExecutor.execute(TestCaseExecutor.java:233)
	at com.kms.katalon.core.main.TestSuiteExecutor.accessTestCaseMainPhase(TestSuiteExecutor.java:169)
	at com.kms.katalon.core.main.TestSuiteExecutor.accessTestSuiteMainPhase(TestSuiteExecutor.java:142)
	at com.kms.katalon.core.main.TestSuiteExecutor.execute(TestSuiteExecutor.java:91)
	at com.kms.katalon.core.main.TestCaseMain.startTestSuite(TestCaseMain.java:157)
	at com.kms.katalon.core.main.TestCaseMain$startTestSuite$0.call(Unknown Source)
	at TempTestSuite1576950821278.run(TempTestSuite1576950821278.groovy:36)
Caused by: com.kms.katalon.core.webui.exception.WebElementNotFoundException: Web element with id: 'Object Repository/Page_ Town Square - FirstTeam Mattermost/button_Offline' located by 'By.xpath: //div[@id='lhsHeader']/div/div/ul/li[6]/button' not found
	at com.kms.katalon.core.webui.common.WebUiCommonHelper.findWebElement(WebUiCommonHelper.java:1154)
	at com.kms.katalon.core.webui.keyword.internal.WebUIAbstractKeyword.findWebElement(WebUIAbstractKeyword.groovy:27)
	at com.kms.katalon.core.webui.keyword.internal.WebUIAbstractKeyword.findWebElement(WebUIAbstractKeyword.groovy:26)
	at com.kms.katalon.core.webui.keyword.builtin.ClickKeyword$_click_closure1.doCall(ClickKeyword.groovy:67)
	at com.kms.katalon.core.webui.keyword.builtin.ClickKeyword$_click_closure1.call(ClickKeyword.groovy)
	at com.kms.katalon.core.webui.keyword.internal.WebUIKeywordMain.runKeyword(WebUIKeywordMain.groovy:20)
	... 19 more


2019-12-22 01:15:40 - [TEST_STEP][PASSED] - openBrowser(""): Browser is opened with url: ''

2019-12-22 01:15:40 - [MESSAGE][WARNING] - A browser is already opened. Closing browser and opening a new one

2019-12-22 01:15:41 - [MESSAGE][INFO] - Starting 'Firefox' driver

2019-12-22 01:15:44 - [MESSAGE][PASSED] - Browser is opened with url: ''

2019-12-22 01:15:44 - [TEST_STEP][PASSED] - navigateToUrl("https://cs300testautomatic.herokuapp.com/"): Navigate to 'https://cs300testautomatic.herokuapp.com/' successfully

2019-12-22 01:15:51 - [MESSAGE][PASSED] - Navigate to 'https://cs300testautomatic.herokuapp.com/' successfully

2019-12-22 01:15:51 - [TEST_STEP][PASSED] - setText(findTestObject("Page_Mattermost/input_All team communication in one place s_703ef5 (27)"), "giabeuu@gmail.com"): Text 'giabeuu@gmail.com' is set on object 'Object Repository/Page_Mattermost/input_All team communication in one place s_703ef5 (27)'

2019-12-22 01:15:55 - [MESSAGE][PASSED] - Text 'giabeuu@gmail.com' is set on object 'Object Repository/Page_Mattermost/input_All team communication in one place s_703ef5 (27)'

2019-12-22 01:15:55 - [TEST_STEP][PASSED] - setEncryptedText(findTestObject("Page_Mattermost/input_All team communication in one place s_2f2733 (27)"), "GoUae4B8Jrc="): Text ****** has been set on object 'Object Repository/Page_Mattermost/input_All team communication in one place s_2f2733 (27)'

2019-12-22 01:15:56 - [MESSAGE][PASSED] - Text ****** has been set on object 'Object Repository/Page_Mattermost/input_All team communication in one place s_2f2733 (27)'

2019-12-22 01:15:56 - [TEST_STEP][PASSED] - click(findTestObject("Page_Mattermost/button_Sign in (16)")): Object: 'Object Repository/Page_Mattermost/button_Sign in (16)' is clicked on

2019-12-22 01:15:57 - [MESSAGE][PASSED] - Object: 'Object Repository/Page_Mattermost/button_Sign in (16)' is clicked on

2019-12-22 01:15:57 - [TEST_STEP][PASSED] - click(findTestObject("Object Repository/Page_ Town Square - FirstTeam Mattermost/span__status status-edit edit")): Object: 'Object Repository/Page_ Town Square - FirstTeam Mattermost/span__status status-edit edit' is clicked on

2019-12-22 01:16:00 - [MESSAGE][ERROR] - TypeError: rect is undefined
Build info: version: '3.141.59', revision: 'e82be7d358', time: '2018-11-14T08:25:53'
System info: host: 'DESKTOP-95BOMC4', ip: '192.168.1.177', os.name: 'Windows 10', os.arch: 'amd64', os.version: '10.0', java.version: '1.8.0_181'
Driver info: com.kms.katalon.core.webui.driver.firefox.CGeckoDriver
Capabilities {acceptInsecureCerts: true, browserName: firefox, browserVersion: 71.0, javascriptEnabled: true, moz:accessibilityChecks: false, moz:buildID: 20191202093317, moz:geckodriverVersion: 0.23.0, moz:headless: false, moz:processID: 13500, moz:profile: C:\Users\Gia Nguyen\AppData..., moz:shutdownTimeout: 60000, moz:useNonSpecCompliantPointerOrigin: false, moz:webdriverClick: true, pageLoadStrategy: normal, platform: WINDOWS, platformName: WINDOWS, platformVersion: 10.0, proxy: Proxy(direct), rotatable: false, setWindowRect: true, strictFileInteractability: false, timeouts: {implicit: 0, pageLoad: 300000, script: 30000}, unhandledPromptBehavior: dismiss and notify}
Session ID: b8914a4a-e0ec-43c6-b566-7658bf31de0e

2019-12-22 01:16:30 - [MESSAGE][ERROR] - TypeError: rect is undefined
Build info: version: '3.141.59', revision: 'e82be7d358', time: '2018-11-14T08:25:53'
System info: host: 'DESKTOP-95BOMC4', ip: '192.168.1.177', os.name: 'Windows 10', os.arch: 'amd64', os.version: '10.0', java.version: '1.8.0_181'
Driver info: com.kms.katalon.core.webui.driver.firefox.CGeckoDriver
Capabilities {acceptInsecureCerts: true, browserName: firefox, browserVersion: 71.0, javascriptEnabled: true, moz:accessibilityChecks: false, moz:buildID: 20191202093317, moz:geckodriverVersion: 0.23.0, moz:headless: false, moz:processID: 13500, moz:profile: C:\Users\Gia Nguyen\AppData..., moz:shutdownTimeout: 60000, moz:useNonSpecCompliantPointerOrigin: false, moz:webdriverClick: true, pageLoadStrategy: normal, platform: WINDOWS, platformName: WINDOWS, platformVersion: 10.0, proxy: Proxy(direct), rotatable: false, setWindowRect: true, strictFileInteractability: false, timeouts: {implicit: 0, pageLoad: 300000, script: 30000}, unhandledPromptBehavior: dismiss and notify}
Session ID: b8914a4a-e0ec-43c6-b566-7658bf31de0e

2019-12-22 01:16:30 - [MESSAGE][PASSED] - Object: 'Object Repository/Page_ Town Square - FirstTeam Mattermost/span__status status-edit edit' is clicked on

2019-12-22 01:16:30 - [TEST_STEP][FAILED] - click(findTestObject("Object Repository/Page_ Town Square - FirstTeam Mattermost/button_Offline")): Unable to click on object 'Object Repository/Page_ Town Square - FirstTeam Mattermost/button_Offline' (Root cause: com.kms.katalon.core.exception.StepFailedException: Unable to click on object 'Object Repository/Page_ Town Square - FirstTeam Mattermost/button_Offline'
	at com.kms.katalon.core.webui.keyword.internal.WebUIKeywordMain.stepFailed(WebUIKeywordMain.groovy:64)
	at com.kms.katalon.core.webui.keyword.internal.WebUIKeywordMain.runKeyword(WebUIKeywordMain.groovy:26)
	at com.kms.katalon.core.webui.keyword.builtin.ClickKeyword.click(ClickKeyword.groovy:102)
	at com.kms.katalon.core.webui.keyword.builtin.ClickKeyword.execute(ClickKeyword.groovy:43)
	at com.kms.katalon.core.keyword.internal.KeywordExecutor.executeKeywordForPlatform(KeywordExecutor.groovy:72)
	at com.kms.katalon.core.webui.keyword.WebUiBuiltInKeywords.click(WebUiBuiltInKeywords.groovy:616)
	at com.kms.katalon.core.webui.keyword.WebUiBuiltInKeywords$click$3.call(Unknown Source)
	at TestCase42UpdateStatusToOffline.run(TestCase42UpdateStatusToOffline:31)
	at com.kms.katalon.core.main.ScriptEngine.run(ScriptEngine.java:194)
	at com.kms.katalon.core.main.ScriptEngine.runScriptAsRawText(ScriptEngine.java:119)
	at com.kms.katalon.core.main.TestCaseExecutor.runScript(TestCaseExecutor.java:337)
	at com.kms.katalon.core.main.TestCaseExecutor.doExecute(TestCaseExecutor.java:328)
	at com.kms.katalon.core.main.TestCaseExecutor.processExecutionPhase(TestCaseExecutor.java:307)
	at com.kms.katalon.core.main.TestCaseExecutor.accessMainPhase(TestCaseExecutor.java:299)
	at com.kms.katalon.core.main.TestCaseExecutor.execute(TestCaseExecutor.java:233)
	at com.kms.katalon.core.main.TestSuiteExecutor.accessTestCaseMainPhase(TestSuiteExecutor.java:169)
	at com.kms.katalon.core.main.TestSuiteExecutor.accessTestSuiteMainPhase(TestSuiteExecutor.java:142)
	at com.kms.katalon.core.main.TestSuiteExecutor.execute(TestSuiteExecutor.java:91)
	at com.kms.katalon.core.main.TestCaseMain.startTestSuite(TestCaseMain.java:157)
	at com.kms.katalon.core.main.TestCaseMain$startTestSuite$0.call(Unknown Source)
	at TempTestSuite1576950821278.run(TempTestSuite1576950821278.groovy:36)
Caused by: com.kms.katalon.core.webui.exception.WebElementNotFoundException: Web element with id: 'Object Repository/Page_ Town Square - FirstTeam Mattermost/button_Offline' located by 'By.xpath: //div[@id='lhsHeader']/div/div/ul/li[6]/button' not found
	at com.kms.katalon.core.webui.common.WebUiCommonHelper.findWebElement(WebUiCommonHelper.java:1154)
	at com.kms.katalon.core.webui.keyword.internal.WebUIAbstractKeyword.findWebElement(WebUIAbstractKeyword.groovy:27)
	at com.kms.katalon.core.webui.keyword.internal.WebUIAbstractKeyword.findWebElement(WebUIAbstractKeyword.groovy:26)
	at com.kms.katalon.core.webui.keyword.builtin.ClickKeyword$_click_closure1.doCall(ClickKeyword.groovy:67)
	at com.kms.katalon.core.webui.keyword.builtin.ClickKeyword$_click_closure1.call(ClickKeyword.groovy)
	at com.kms.katalon.core.webui.keyword.internal.WebUIKeywordMain.runKeyword(WebUIKeywordMain.groovy:20)
	at com.kms.katalon.core.webui.keyword.builtin.ClickKeyword.click(ClickKeyword.groovy:102)
	at com.kms.katalon.core.webui.keyword.builtin.ClickKeyword.execute(ClickKeyword.groovy:43)
	at com.kms.katalon.core.keyword.internal.KeywordExecutor.executeKeywordForPlatform(KeywordExecutor.groovy:72)
	at com.kms.katalon.core.webui.keyword.WebUiBuiltInKeywords.click(WebUiBuiltInKeywords.groovy:616)
	at com.kms.katalon.core.webui.keyword.WebUiBuiltInKeywords$click$3.call(Unknown Source)
	at Script1576920626181.run(Script1576920626181.groovy:31)
	... 13 more
)

2019-12-22 01:17:15 - [MESSAGE][INFO] - Unable to find the element located by 'By.xpath: //div[@id='lhsHeader']/div/div/ul/li[6]/button'. Please recheck the objects properties to make sure the desired element is located. 

2019-12-22 01:17:15 - [MESSAGE][FAILED] - Unable to click on object 'Object Repository/Page_ Town Square - FirstTeam Mattermost/button_Offline' (Root cause: com.kms.katalon.core.exception.StepFailedException: Unable to click on object 'Object Repository/Page_ Town Square - FirstTeam Mattermost/button_Offline'
	at com.kms.katalon.core.webui.keyword.internal.WebUIKeywordMain.stepFailed(WebUIKeywordMain.groovy:64)
	at com.kms.katalon.core.webui.keyword.internal.WebUIKeywordMain.runKeyword(WebUIKeywordMain.groovy:26)
	at com.kms.katalon.core.webui.keyword.builtin.ClickKeyword.click(ClickKeyword.groovy:102)
	at com.kms.katalon.core.webui.keyword.builtin.ClickKeyword.execute(ClickKeyword.groovy:43)
	at com.kms.katalon.core.keyword.internal.KeywordExecutor.executeKeywordForPlatform(KeywordExecutor.groovy:72)
	at com.kms.katalon.core.webui.keyword.WebUiBuiltInKeywords.click(WebUiBuiltInKeywords.groovy:616)
	at com.kms.katalon.core.webui.keyword.WebUiBuiltInKeywords$click$3.call(Unknown Source)
	at TestCase42UpdateStatusToOffline.run(TestCase42UpdateStatusToOffline:31)
	at com.kms.katalon.core.main.ScriptEngine.run(ScriptEngine.java:194)
	at com.kms.katalon.core.main.ScriptEngine.runScriptAsRawText(ScriptEngine.java:119)
	at com.kms.katalon.core.main.TestCaseExecutor.runScript(TestCaseExecutor.java:337)
	at com.kms.katalon.core.main.TestCaseExecutor.doExecute(TestCaseExecutor.java:328)
	at com.kms.katalon.core.main.TestCaseExecutor.processExecutionPhase(TestCaseExecutor.java:307)
	at com.kms.katalon.core.main.TestCaseExecutor.accessMainPhase(TestCaseExecutor.java:299)
	at com.kms.katalon.core.main.TestCaseExecutor.execute(TestCaseExecutor.java:233)
	at com.kms.katalon.core.main.TestSuiteExecutor.accessTestCaseMainPhase(TestSuiteExecutor.java:169)
	at com.kms.katalon.core.main.TestSuiteExecutor.accessTestSuiteMainPhase(TestSuiteExecutor.java:142)
	at com.kms.katalon.core.main.TestSuiteExecutor.execute(TestSuiteExecutor.java:91)
	at com.kms.katalon.core.main.TestCaseMain.startTestSuite(TestCaseMain.java:157)
	at com.kms.katalon.core.main.TestCaseMain$startTestSuite$0.call(Unknown Source)
	at TempTestSuite1576950821278.run(TempTestSuite1576950821278.groovy:36)
Caused by: com.kms.katalon.core.webui.exception.WebElementNotFoundException: Web element with id: 'Object Repository/Page_ Town Square - FirstTeam Mattermost/button_Offline' located by 'By.xpath: //div[@id='lhsHeader']/div/div/ul/li[6]/button' not found
	at com.kms.katalon.core.webui.common.WebUiCommonHelper.findWebElement(WebUiCommonHelper.java:1154)
	at com.kms.katalon.core.webui.keyword.internal.WebUIAbstractKeyword.findWebElement(WebUIAbstractKeyword.groovy:27)
	at com.kms.katalon.core.webui.keyword.internal.WebUIAbstractKeyword.findWebElement(WebUIAbstractKeyword.groovy:26)
	at com.kms.katalon.core.webui.keyword.builtin.ClickKeyword$_click_closure1.doCall(ClickKeyword.groovy:67)
	at com.kms.katalon.core.webui.keyword.builtin.ClickKeyword$_click_closure1.call(ClickKeyword.groovy)
	at com.kms.katalon.core.webui.keyword.internal.WebUIKeywordMain.runKeyword(WebUIKeywordMain.groovy:20)
	at com.kms.katalon.core.webui.keyword.builtin.ClickKeyword.click(ClickKeyword.groovy:102)
	at com.kms.katalon.core.webui.keyword.builtin.ClickKeyword.execute(ClickKeyword.groovy:43)
	at com.kms.katalon.core.keyword.internal.KeywordExecutor.executeKeywordForPlatform(KeywordExecutor.groovy:72)
	at com.kms.katalon.core.webui.keyword.WebUiBuiltInKeywords.click(WebUiBuiltInKeywords.groovy:616)
	at com.kms.katalon.core.webui.keyword.WebUiBuiltInKeywords$click$3.call(Unknown Source)
	at Script1576920626181.run(Script1576920626181.groovy:31)
	... 13 more
)
[[ATTACHMENT|C:\\Users\\Gia Nguyen\\Desktop\\CS300AutomaticWebTesting\\Reports\\20191222_005341\\Run All Test Cases\\20191222_005341\\1576952235250.png]]]]></system-out>
         <system-err><![CDATA[2019-12-22 01:15:40 - [TEST_CASE][FAILED] - Test Cases/TestCase42UpdateStatusToOffline: Test Cases/TestCase42UpdateStatusToOffline FAILED.
Reason:
com.kms.katalon.core.exception.StepFailedException: Unable to click on object 'Object Repository/Page_ Town Square - FirstTeam Mattermost/button_Offline'
	at com.kms.katalon.core.webui.keyword.internal.WebUIKeywordMain.stepFailed(WebUIKeywordMain.groovy:64)
	at com.kms.katalon.core.webui.keyword.internal.WebUIKeywordMain.runKeyword(WebUIKeywordMain.groovy:26)
	at com.kms.katalon.core.webui.keyword.builtin.ClickKeyword.click(ClickKeyword.groovy:102)
	at com.kms.katalon.core.webui.keyword.builtin.ClickKeyword.execute(ClickKeyword.groovy:43)
	at com.kms.katalon.core.keyword.internal.KeywordExecutor.executeKeywordForPlatform(KeywordExecutor.groovy:72)
	at com.kms.katalon.core.webui.keyword.WebUiBuiltInKeywords.click(WebUiBuiltInKeywords.groovy:616)
	at com.kms.katalon.core.webui.keyword.WebUiBuiltInKeywords$click$3.call(Unknown Source)
	at TestCase42UpdateStatusToOffline.run(TestCase42UpdateStatusToOffline:31)
	at com.kms.katalon.core.main.ScriptEngine.run(ScriptEngine.java:194)
	at com.kms.katalon.core.main.ScriptEngine.runScriptAsRawText(ScriptEngine.java:119)
	at com.kms.katalon.core.main.TestCaseExecutor.runScript(TestCaseExecutor.java:337)
	at com.kms.katalon.core.main.TestCaseExecutor.doExecute(TestCaseExecutor.java:328)
	at com.kms.katalon.core.main.TestCaseExecutor.processExecutionPhase(TestCaseExecutor.java:307)
	at com.kms.katalon.core.main.TestCaseExecutor.accessMainPhase(TestCaseExecutor.java:299)
	at com.kms.katalon.core.main.TestCaseExecutor.execute(TestCaseExecutor.java:233)
	at com.kms.katalon.core.main.TestSuiteExecutor.accessTestCaseMainPhase(TestSuiteExecutor.java:169)
	at com.kms.katalon.core.main.TestSuiteExecutor.accessTestSuiteMainPhase(TestSuiteExecutor.java:142)
	at com.kms.katalon.core.main.TestSuiteExecutor.execute(TestSuiteExecutor.java:91)
	at com.kms.katalon.core.main.TestCaseMain.startTestSuite(TestCaseMain.java:157)
	at com.kms.katalon.core.main.TestCaseMain$startTestSuite$0.call(Unknown Source)
	at TempTestSuite1576950821278.run(TempTestSuite1576950821278.groovy:36)
Caused by: com.kms.katalon.core.webui.exception.WebElementNotFoundException: Web element with id: 'Object Repository/Page_ Town Square - FirstTeam Mattermost/button_Offline' located by 'By.xpath: //div[@id='lhsHeader']/div/div/ul/li[6]/button' not found
	at com.kms.katalon.core.webui.common.WebUiCommonHelper.findWebElement(WebUiCommonHelper.java:1154)
	at com.kms.katalon.core.webui.keyword.internal.WebUIAbstractKeyword.findWebElement(WebUIAbstractKeyword.groovy:27)
	at com.kms.katalon.core.webui.keyword.internal.WebUIAbstractKeyword.findWebElement(WebUIAbstractKeyword.groovy:26)
	at com.kms.katalon.core.webui.keyword.builtin.ClickKeyword$_click_closure1.doCall(ClickKeyword.groovy:67)
	at com.kms.katalon.core.webui.keyword.builtin.ClickKeyword$_click_closure1.call(ClickKeyword.groovy)
	at com.kms.katalon.core.webui.keyword.internal.WebUIKeywordMain.runKeyword(WebUIKeywordMain.groovy:20)
	... 19 more]]></system-err>
      </testcase>
      <testcase name="Test Cases/TestCase43ShowPopupOfflineStatus" time="55.011" classname="Test Cases/TestCase43ShowPopupOfflineStatus" status="FAILED">
         <failure type="FAILED" message="Test Cases/TestCase43ShowPopupOfflineStatus FAILED.
Reason:
com.kms.katalon.core.exception.StepFailedException: Unable to click on object 'Object Repository/Page_ Town Square - FirstTeam Mattermost/span_Your status is set to Offline'
	at com.kms.katalon.core.webui.keyword.internal.WebUIKeywordMain.stepFailed(WebUIKeywordMain.groovy:64)
	at com.kms.katalon.core.webui.keyword.internal.WebUIKeywordMain.runKeyword(WebUIKeywordMain.groovy:26)
	at com.kms.katalon.core.webui.keyword.builtin.ClickKeyword.click(ClickKeyword.groovy:102)
	at com.kms.katalon.core.webui.keyword.builtin.ClickKeyword.execute(ClickKeyword.groovy:43)
	at com.kms.katalon.core.keyword.internal.KeywordExecutor.executeKeywordForPlatform(KeywordExecutor.groovy:72)
	at com.kms.katalon.core.webui.keyword.WebUiBuiltInKeywords.click(WebUiBuiltInKeywords.groovy:616)
	at com.kms.katalon.core.webui.keyword.WebUiBuiltInKeywords$click$3.call(Unknown Source)
	at TestCase43ShowPopupOfflineStatus.run(TestCase43ShowPopupOfflineStatus:29)
	at com.kms.katalon.core.main.ScriptEngine.run(ScriptEngine.java:194)
	at com.kms.katalon.core.main.ScriptEngine.runScriptAsRawText(ScriptEngine.java:119)
	at com.kms.katalon.core.main.TestCaseExecutor.runScript(TestCaseExecutor.java:337)
	at com.kms.katalon.core.main.TestCaseExecutor.doExecute(TestCaseExecutor.java:328)
	at com.kms.katalon.core.main.TestCaseExecutor.processExecutionPhase(TestCaseExecutor.java:307)
	at com.kms.katalon.core.main.TestCaseExecutor.accessMainPhase(TestCaseExecutor.java:299)
	at com.kms.katalon.core.main.TestCaseExecutor.execute(TestCaseExecutor.java:233)
	at com.kms.katalon.core.main.TestSuiteExecutor.accessTestCaseMainPhase(TestSuiteExecutor.java:169)
	at com.kms.katalon.core.main.TestSuiteExecutor.accessTestSuiteMainPhase(TestSuiteExecutor.java:142)
	at com.kms.katalon.core.main.TestSuiteExecutor.execute(TestSuiteExecutor.java:91)
	at com.kms.katalon.core.main.TestCaseMain.startTestSuite(TestCaseMain.java:157)
	at com.kms.katalon.core.main.TestCaseMain$startTestSuite$0.call(Unknown Source)
	at TempTestSuite1576950821278.run(TempTestSuite1576950821278.groovy:36)
Caused by: com.kms.katalon.core.webui.exception.WebElementNotFoundException: Web element with id: 'Object Repository/Page_ Town Square - FirstTeam Mattermost/span_Your status is set to Offline' located by 'By.xpath: //h1[@id='confirmModalLabel']/span' not found
	at com.kms.katalon.core.webui.common.WebUiCommonHelper.findWebElement(WebUiCommonHelper.java:1154)
	at com.kms.katalon.core.webui.keyword.internal.WebUIAbstractKeyword.findWebElement(WebUIAbstractKeyword.groovy:27)
	at com.kms.katalon.core.webui.keyword.internal.WebUIAbstractKeyword.findWebElement(WebUIAbstractKeyword.groovy:26)
	at com.kms.katalon.core.webui.keyword.builtin.ClickKeyword$_click_closure1.doCall(ClickKeyword.groovy:67)
	at com.kms.katalon.core.webui.keyword.builtin.ClickKeyword$_click_closure1.call(ClickKeyword.groovy)
	at com.kms.katalon.core.webui.keyword.internal.WebUIKeywordMain.runKeyword(WebUIKeywordMain.groovy:20)
	... 19 more
"/>
         <system-out><![CDATA[2019-12-22 01:17:15 - [TEST_CASE][FAILED] - Test Cases/TestCase43ShowPopupOfflineStatus: Test Cases/TestCase43ShowPopupOfflineStatus FAILED.
Reason:
com.kms.katalon.core.exception.StepFailedException: Unable to click on object 'Object Repository/Page_ Town Square - FirstTeam Mattermost/span_Your status is set to Offline'
	at com.kms.katalon.core.webui.keyword.internal.WebUIKeywordMain.stepFailed(WebUIKeywordMain.groovy:64)
	at com.kms.katalon.core.webui.keyword.internal.WebUIKeywordMain.runKeyword(WebUIKeywordMain.groovy:26)
	at com.kms.katalon.core.webui.keyword.builtin.ClickKeyword.click(ClickKeyword.groovy:102)
	at com.kms.katalon.core.webui.keyword.builtin.ClickKeyword.execute(ClickKeyword.groovy:43)
	at com.kms.katalon.core.keyword.internal.KeywordExecutor.executeKeywordForPlatform(KeywordExecutor.groovy:72)
	at com.kms.katalon.core.webui.keyword.WebUiBuiltInKeywords.click(WebUiBuiltInKeywords.groovy:616)
	at com.kms.katalon.core.webui.keyword.WebUiBuiltInKeywords$click$3.call(Unknown Source)
	at TestCase43ShowPopupOfflineStatus.run(TestCase43ShowPopupOfflineStatus:29)
	at com.kms.katalon.core.main.ScriptEngine.run(ScriptEngine.java:194)
	at com.kms.katalon.core.main.ScriptEngine.runScriptAsRawText(ScriptEngine.java:119)
	at com.kms.katalon.core.main.TestCaseExecutor.runScript(TestCaseExecutor.java:337)
	at com.kms.katalon.core.main.TestCaseExecutor.doExecute(TestCaseExecutor.java:328)
	at com.kms.katalon.core.main.TestCaseExecutor.processExecutionPhase(TestCaseExecutor.java:307)
	at com.kms.katalon.core.main.TestCaseExecutor.accessMainPhase(TestCaseExecutor.java:299)
	at com.kms.katalon.core.main.TestCaseExecutor.execute(TestCaseExecutor.java:233)
	at com.kms.katalon.core.main.TestSuiteExecutor.accessTestCaseMainPhase(TestSuiteExecutor.java:169)
	at com.kms.katalon.core.main.TestSuiteExecutor.accessTestSuiteMainPhase(TestSuiteExecutor.java:142)
	at com.kms.katalon.core.main.TestSuiteExecutor.execute(TestSuiteExecutor.java:91)
	at com.kms.katalon.core.main.TestCaseMain.startTestSuite(TestCaseMain.java:157)
	at com.kms.katalon.core.main.TestCaseMain$startTestSuite$0.call(Unknown Source)
	at TempTestSuite1576950821278.run(TempTestSuite1576950821278.groovy:36)
Caused by: com.kms.katalon.core.webui.exception.WebElementNotFoundException: Web element with id: 'Object Repository/Page_ Town Square - FirstTeam Mattermost/span_Your status is set to Offline' located by 'By.xpath: //h1[@id='confirmModalLabel']/span' not found
	at com.kms.katalon.core.webui.common.WebUiCommonHelper.findWebElement(WebUiCommonHelper.java:1154)
	at com.kms.katalon.core.webui.keyword.internal.WebUIAbstractKeyword.findWebElement(WebUIAbstractKeyword.groovy:27)
	at com.kms.katalon.core.webui.keyword.internal.WebUIAbstractKeyword.findWebElement(WebUIAbstractKeyword.groovy:26)
	at com.kms.katalon.core.webui.keyword.builtin.ClickKeyword$_click_closure1.doCall(ClickKeyword.groovy:67)
	at com.kms.katalon.core.webui.keyword.builtin.ClickKeyword$_click_closure1.call(ClickKeyword.groovy)
	at com.kms.katalon.core.webui.keyword.internal.WebUIKeywordMain.runKeyword(WebUIKeywordMain.groovy:20)
	... 19 more


2019-12-22 01:17:15 - [TEST_STEP][PASSED] - openBrowser(""): Browser is opened with url: ''

2019-12-22 01:17:15 - [MESSAGE][WARNING] - A browser is already opened. Closing browser and opening a new one

2019-12-22 01:17:16 - [MESSAGE][INFO] - Starting 'Firefox' driver

2019-12-22 01:17:18 - [MESSAGE][PASSED] - Browser is opened with url: ''

2019-12-22 01:17:18 - [TEST_STEP][PASSED] - navigateToUrl("https://cs300testautomatic.herokuapp.com/"): Navigate to 'https://cs300testautomatic.herokuapp.com/' successfully

2019-12-22 01:17:21 - [MESSAGE][PASSED] - Navigate to 'https://cs300testautomatic.herokuapp.com/' successfully

2019-12-22 01:17:21 - [TEST_STEP][PASSED] - setText(findTestObject("Page_Mattermost/input_All team communication in one place s_703ef5 (29)"), "giabeuu@gmail.com"): Text 'giabeuu@gmail.com' is set on object 'Object Repository/Page_Mattermost/input_All team communication in one place s_703ef5 (29)'

2019-12-22 01:17:26 - [MESSAGE][PASSED] - Text 'giabeuu@gmail.com' is set on object 'Object Repository/Page_Mattermost/input_All team communication in one place s_703ef5 (29)'

2019-12-22 01:17:26 - [TEST_STEP][PASSED] - setEncryptedText(findTestObject("Page_Mattermost/input_All team communication in one place s_2f2733 (29)"), "GoUae4B8Jrc="): Text ****** has been set on object 'Object Repository/Page_Mattermost/input_All team communication in one place s_2f2733 (29)'

2019-12-22 01:17:26 - [MESSAGE][PASSED] - Text ****** has been set on object 'Object Repository/Page_Mattermost/input_All team communication in one place s_2f2733 (29)'

2019-12-22 01:17:26 - [TEST_STEP][PASSED] - click(findTestObject("Page_Mattermost/button_Sign in (18)")): Object: 'Object Repository/Page_Mattermost/button_Sign in (18)' is clicked on

2019-12-22 01:17:27 - [MESSAGE][PASSED] - Object: 'Object Repository/Page_Mattermost/button_Sign in (18)' is clicked on

2019-12-22 01:17:27 - [TEST_STEP][FAILED] - click(findTestObject("Object Repository/Page_ Town Square - FirstTeam Mattermost/span_Your status is set to Offline")): Unable to click on object 'Object Repository/Page_ Town Square - FirstTeam Mattermost/span_Your status is set to Offline' (Root cause: com.kms.katalon.core.exception.StepFailedException: Unable to click on object 'Object Repository/Page_ Town Square - FirstTeam Mattermost/span_Your status is set to Offline'
	at com.kms.katalon.core.webui.keyword.internal.WebUIKeywordMain.stepFailed(WebUIKeywordMain.groovy:64)
	at com.kms.katalon.core.webui.keyword.internal.WebUIKeywordMain.runKeyword(WebUIKeywordMain.groovy:26)
	at com.kms.katalon.core.webui.keyword.builtin.ClickKeyword.click(ClickKeyword.groovy:102)
	at com.kms.katalon.core.webui.keyword.builtin.ClickKeyword.execute(ClickKeyword.groovy:43)
	at com.kms.katalon.core.keyword.internal.KeywordExecutor.executeKeywordForPlatform(KeywordExecutor.groovy:72)
	at com.kms.katalon.core.webui.keyword.WebUiBuiltInKeywords.click(WebUiBuiltInKeywords.groovy:616)
	at com.kms.katalon.core.webui.keyword.WebUiBuiltInKeywords$click$3.call(Unknown Source)
	at TestCase43ShowPopupOfflineStatus.run(TestCase43ShowPopupOfflineStatus:29)
	at com.kms.katalon.core.main.ScriptEngine.run(ScriptEngine.java:194)
	at com.kms.katalon.core.main.ScriptEngine.runScriptAsRawText(ScriptEngine.java:119)
	at com.kms.katalon.core.main.TestCaseExecutor.runScript(TestCaseExecutor.java:337)
	at com.kms.katalon.core.main.TestCaseExecutor.doExecute(TestCaseExecutor.java:328)
	at com.kms.katalon.core.main.TestCaseExecutor.processExecutionPhase(TestCaseExecutor.java:307)
	at com.kms.katalon.core.main.TestCaseExecutor.accessMainPhase(TestCaseExecutor.java:299)
	at com.kms.katalon.core.main.TestCaseExecutor.execute(TestCaseExecutor.java:233)
	at com.kms.katalon.core.main.TestSuiteExecutor.accessTestCaseMainPhase(TestSuiteExecutor.java:169)
	at com.kms.katalon.core.main.TestSuiteExecutor.accessTestSuiteMainPhase(TestSuiteExecutor.java:142)
	at com.kms.katalon.core.main.TestSuiteExecutor.execute(TestSuiteExecutor.java:91)
	at com.kms.katalon.core.main.TestCaseMain.startTestSuite(TestCaseMain.java:157)
	at com.kms.katalon.core.main.TestCaseMain$startTestSuite$0.call(Unknown Source)
	at TempTestSuite1576950821278.run(TempTestSuite1576950821278.groovy:36)
Caused by: com.kms.katalon.core.webui.exception.WebElementNotFoundException: Web element with id: 'Object Repository/Page_ Town Square - FirstTeam Mattermost/span_Your status is set to Offline' located by 'By.xpath: //h1[@id='confirmModalLabel']/span' not found
	at com.kms.katalon.core.webui.common.WebUiCommonHelper.findWebElement(WebUiCommonHelper.java:1154)
	at com.kms.katalon.core.webui.keyword.internal.WebUIAbstractKeyword.findWebElement(WebUIAbstractKeyword.groovy:27)
	at com.kms.katalon.core.webui.keyword.internal.WebUIAbstractKeyword.findWebElement(WebUIAbstractKeyword.groovy:26)
	at com.kms.katalon.core.webui.keyword.builtin.ClickKeyword$_click_closure1.doCall(ClickKeyword.groovy:67)
	at com.kms.katalon.core.webui.keyword.builtin.ClickKeyword$_click_closure1.call(ClickKeyword.groovy)
	at com.kms.katalon.core.webui.keyword.internal.WebUIKeywordMain.runKeyword(WebUIKeywordMain.groovy:20)
	at com.kms.katalon.core.webui.keyword.builtin.ClickKeyword.click(ClickKeyword.groovy:102)
	at com.kms.katalon.core.webui.keyword.builtin.ClickKeyword.execute(ClickKeyword.groovy:43)
	at com.kms.katalon.core.keyword.internal.KeywordExecutor.executeKeywordForPlatform(KeywordExecutor.groovy:72)
	at com.kms.katalon.core.webui.keyword.WebUiBuiltInKeywords.click(WebUiBuiltInKeywords.groovy:616)
	at com.kms.katalon.core.webui.keyword.WebUiBuiltInKeywords$click$3.call(Unknown Source)
	at Script1576920635329.run(Script1576920635329.groovy:29)
	... 13 more
)

2019-12-22 01:18:10 - [MESSAGE][INFO] - Unable to find the element located by 'By.xpath: //h1[@id='confirmModalLabel']/span'. Please recheck the objects properties to make sure the desired element is located. 

2019-12-22 01:18:10 - [MESSAGE][FAILED] - Unable to click on object 'Object Repository/Page_ Town Square - FirstTeam Mattermost/span_Your status is set to Offline' (Root cause: com.kms.katalon.core.exception.StepFailedException: Unable to click on object 'Object Repository/Page_ Town Square - FirstTeam Mattermost/span_Your status is set to Offline'
	at com.kms.katalon.core.webui.keyword.internal.WebUIKeywordMain.stepFailed(WebUIKeywordMain.groovy:64)
	at com.kms.katalon.core.webui.keyword.internal.WebUIKeywordMain.runKeyword(WebUIKeywordMain.groovy:26)
	at com.kms.katalon.core.webui.keyword.builtin.ClickKeyword.click(ClickKeyword.groovy:102)
	at com.kms.katalon.core.webui.keyword.builtin.ClickKeyword.execute(ClickKeyword.groovy:43)
	at com.kms.katalon.core.keyword.internal.KeywordExecutor.executeKeywordForPlatform(KeywordExecutor.groovy:72)
	at com.kms.katalon.core.webui.keyword.WebUiBuiltInKeywords.click(WebUiBuiltInKeywords.groovy:616)
	at com.kms.katalon.core.webui.keyword.WebUiBuiltInKeywords$click$3.call(Unknown Source)
	at TestCase43ShowPopupOfflineStatus.run(TestCase43ShowPopupOfflineStatus:29)
	at com.kms.katalon.core.main.ScriptEngine.run(ScriptEngine.java:194)
	at com.kms.katalon.core.main.ScriptEngine.runScriptAsRawText(ScriptEngine.java:119)
	at com.kms.katalon.core.main.TestCaseExecutor.runScript(TestCaseExecutor.java:337)
	at com.kms.katalon.core.main.TestCaseExecutor.doExecute(TestCaseExecutor.java:328)
	at com.kms.katalon.core.main.TestCaseExecutor.processExecutionPhase(TestCaseExecutor.java:307)
	at com.kms.katalon.core.main.TestCaseExecutor.accessMainPhase(TestCaseExecutor.java:299)
	at com.kms.katalon.core.main.TestCaseExecutor.execute(TestCaseExecutor.java:233)
	at com.kms.katalon.core.main.TestSuiteExecutor.accessTestCaseMainPhase(TestSuiteExecutor.java:169)
	at com.kms.katalon.core.main.TestSuiteExecutor.accessTestSuiteMainPhase(TestSuiteExecutor.java:142)
	at com.kms.katalon.core.main.TestSuiteExecutor.execute(TestSuiteExecutor.java:91)
	at com.kms.katalon.core.main.TestCaseMain.startTestSuite(TestCaseMain.java:157)
	at com.kms.katalon.core.main.TestCaseMain$startTestSuite$0.call(Unknown Source)
	at TempTestSuite1576950821278.run(TempTestSuite1576950821278.groovy:36)
Caused by: com.kms.katalon.core.webui.exception.WebElementNotFoundException: Web element with id: 'Object Repository/Page_ Town Square - FirstTeam Mattermost/span_Your status is set to Offline' located by 'By.xpath: //h1[@id='confirmModalLabel']/span' not found
	at com.kms.katalon.core.webui.common.WebUiCommonHelper.findWebElement(WebUiCommonHelper.java:1154)
	at com.kms.katalon.core.webui.keyword.internal.WebUIAbstractKeyword.findWebElement(WebUIAbstractKeyword.groovy:27)
	at com.kms.katalon.core.webui.keyword.internal.WebUIAbstractKeyword.findWebElement(WebUIAbstractKeyword.groovy:26)
	at com.kms.katalon.core.webui.keyword.builtin.ClickKeyword$_click_closure1.doCall(ClickKeyword.groovy:67)
	at com.kms.katalon.core.webui.keyword.builtin.ClickKeyword$_click_closure1.call(ClickKeyword.groovy)
	at com.kms.katalon.core.webui.keyword.internal.WebUIKeywordMain.runKeyword(WebUIKeywordMain.groovy:20)
	at com.kms.katalon.core.webui.keyword.builtin.ClickKeyword.click(ClickKeyword.groovy:102)
	at com.kms.katalon.core.webui.keyword.builtin.ClickKeyword.execute(ClickKeyword.groovy:43)
	at com.kms.katalon.core.keyword.internal.KeywordExecutor.executeKeywordForPlatform(KeywordExecutor.groovy:72)
	at com.kms.katalon.core.webui.keyword.WebUiBuiltInKeywords.click(WebUiBuiltInKeywords.groovy:616)
	at com.kms.katalon.core.webui.keyword.WebUiBuiltInKeywords$click$3.call(Unknown Source)
	at Script1576920635329.run(Script1576920635329.groovy:29)
	... 13 more
)
[[ATTACHMENT|C:\\Users\\Gia Nguyen\\Desktop\\CS300AutomaticWebTesting\\Reports\\20191222_005341\\Run All Test Cases\\20191222_005341\\1576952290288.png]]]]></system-out>
         <system-err><![CDATA[2019-12-22 01:17:15 - [TEST_CASE][FAILED] - Test Cases/TestCase43ShowPopupOfflineStatus: Test Cases/TestCase43ShowPopupOfflineStatus FAILED.
Reason:
com.kms.katalon.core.exception.StepFailedException: Unable to click on object 'Object Repository/Page_ Town Square - FirstTeam Mattermost/span_Your status is set to Offline'
	at com.kms.katalon.core.webui.keyword.internal.WebUIKeywordMain.stepFailed(WebUIKeywordMain.groovy:64)
	at com.kms.katalon.core.webui.keyword.internal.WebUIKeywordMain.runKeyword(WebUIKeywordMain.groovy:26)
	at com.kms.katalon.core.webui.keyword.builtin.ClickKeyword.click(ClickKeyword.groovy:102)
	at com.kms.katalon.core.webui.keyword.builtin.ClickKeyword.execute(ClickKeyword.groovy:43)
	at com.kms.katalon.core.keyword.internal.KeywordExecutor.executeKeywordForPlatform(KeywordExecutor.groovy:72)
	at com.kms.katalon.core.webui.keyword.WebUiBuiltInKeywords.click(WebUiBuiltInKeywords.groovy:616)
	at com.kms.katalon.core.webui.keyword.WebUiBuiltInKeywords$click$3.call(Unknown Source)
	at TestCase43ShowPopupOfflineStatus.run(TestCase43ShowPopupOfflineStatus:29)
	at com.kms.katalon.core.main.ScriptEngine.run(ScriptEngine.java:194)
	at com.kms.katalon.core.main.ScriptEngine.runScriptAsRawText(ScriptEngine.java:119)
	at com.kms.katalon.core.main.TestCaseExecutor.runScript(TestCaseExecutor.java:337)
	at com.kms.katalon.core.main.TestCaseExecutor.doExecute(TestCaseExecutor.java:328)
	at com.kms.katalon.core.main.TestCaseExecutor.processExecutionPhase(TestCaseExecutor.java:307)
	at com.kms.katalon.core.main.TestCaseExecutor.accessMainPhase(TestCaseExecutor.java:299)
	at com.kms.katalon.core.main.TestCaseExecutor.execute(TestCaseExecutor.java:233)
	at com.kms.katalon.core.main.TestSuiteExecutor.accessTestCaseMainPhase(TestSuiteExecutor.java:169)
	at com.kms.katalon.core.main.TestSuiteExecutor.accessTestSuiteMainPhase(TestSuiteExecutor.java:142)
	at com.kms.katalon.core.main.TestSuiteExecutor.execute(TestSuiteExecutor.java:91)
	at com.kms.katalon.core.main.TestCaseMain.startTestSuite(TestCaseMain.java:157)
	at com.kms.katalon.core.main.TestCaseMain$startTestSuite$0.call(Unknown Source)
	at TempTestSuite1576950821278.run(TempTestSuite1576950821278.groovy:36)
Caused by: com.kms.katalon.core.webui.exception.WebElementNotFoundException: Web element with id: 'Object Repository/Page_ Town Square - FirstTeam Mattermost/span_Your status is set to Offline' located by 'By.xpath: //h1[@id='confirmModalLabel']/span' not found
	at com.kms.katalon.core.webui.common.WebUiCommonHelper.findWebElement(WebUiCommonHelper.java:1154)
	at com.kms.katalon.core.webui.keyword.internal.WebUIAbstractKeyword.findWebElement(WebUIAbstractKeyword.groovy:27)
	at com.kms.katalon.core.webui.keyword.internal.WebUIAbstractKeyword.findWebElement(WebUIAbstractKeyword.groovy:26)
	at com.kms.katalon.core.webui.keyword.builtin.ClickKeyword$_click_closure1.doCall(ClickKeyword.groovy:67)
	at com.kms.katalon.core.webui.keyword.builtin.ClickKeyword$_click_closure1.call(ClickKeyword.groovy)
	at com.kms.katalon.core.webui.keyword.internal.WebUIKeywordMain.runKeyword(WebUIKeywordMain.groovy:20)
	... 19 more]]></system-err>
      </testcase>
      <testcase name="Test Cases/TestCase44UpdateStatusToDoNotDisturb" time="35.539" classname="Test Cases/TestCase44UpdateStatusToDoNotDisturb" status="PASSED">
         <system-out><![CDATA[2019-12-22 01:18:10 - [TEST_CASE][PASSED] - Test Cases/TestCase44UpdateStatusToDoNotDisturb: Test Cases/TestCase44UpdateStatusToDoNotDisturb

2019-12-22 01:18:10 - [TEST_STEP][PASSED] - openBrowser(""): Browser is opened with url: ''

2019-12-22 01:18:10 - [MESSAGE][WARNING] - A browser is already opened. Closing browser and opening a new one

2019-12-22 01:18:11 - [MESSAGE][INFO] - Starting 'Firefox' driver

2019-12-22 01:18:13 - [MESSAGE][PASSED] - Browser is opened with url: ''

2019-12-22 01:18:13 - [TEST_STEP][PASSED] - navigateToUrl("https://cs300testautomatic.herokuapp.com/"): Navigate to 'https://cs300testautomatic.herokuapp.com/' successfully

2019-12-22 01:18:17 - [MESSAGE][PASSED] - Navigate to 'https://cs300testautomatic.herokuapp.com/' successfully

2019-12-22 01:18:17 - [TEST_STEP][PASSED] - setText(findTestObject("Page_Mattermost/input_All team communication in one place s_703ef5 (30)"), "giabeuu@gmail.com"): Text 'giabeuu@gmail.com' is set on object 'Object Repository/Page_Mattermost/input_All team communication in one place s_703ef5 (30)'

2019-12-22 01:18:21 - [MESSAGE][PASSED] - Text 'giabeuu@gmail.com' is set on object 'Object Repository/Page_Mattermost/input_All team communication in one place s_703ef5 (30)'

2019-12-22 01:18:21 - [TEST_STEP][PASSED] - setEncryptedText(findTestObject("Page_Mattermost/input_All team communication in one place s_2f2733 (30)"), "GoUae4B8Jrc="): Text ****** has been set on object 'Object Repository/Page_Mattermost/input_All team communication in one place s_2f2733 (30)'

2019-12-22 01:18:21 - [MESSAGE][PASSED] - Text ****** has been set on object 'Object Repository/Page_Mattermost/input_All team communication in one place s_2f2733 (30)'

2019-12-22 01:18:21 - [TEST_STEP][PASSED] - click(findTestObject("Page_Mattermost/button_Sign in (19)")): Object: 'Object Repository/Page_Mattermost/button_Sign in (19)' is clicked on

2019-12-22 01:18:22 - [MESSAGE][PASSED] - Object: 'Object Repository/Page_Mattermost/button_Sign in (19)' is clicked on

2019-12-22 01:18:22 - [TEST_STEP][PASSED] - click(findTestObject("Page_ Town Square - FirstTeam Mattermost/span__status status-edit edit (1)")): Object: 'Object Repository/Page_ Town Square - FirstTeam Mattermost/span__status status-edit edit (1)' is clicked on

2019-12-22 01:18:25 - [MESSAGE][ERROR] - TypeError: rect is undefined
Build info: version: '3.141.59', revision: 'e82be7d358', time: '2018-11-14T08:25:53'
System info: host: 'DESKTOP-95BOMC4', ip: '192.168.1.177', os.name: 'Windows 10', os.arch: 'amd64', os.version: '10.0', java.version: '1.8.0_181'
Driver info: com.kms.katalon.core.webui.driver.firefox.CGeckoDriver
Capabilities {acceptInsecureCerts: true, browserName: firefox, browserVersion: 71.0, javascriptEnabled: true, moz:accessibilityChecks: false, moz:buildID: 20191202093317, moz:geckodriverVersion: 0.23.0, moz:headless: false, moz:processID: 14548, moz:profile: C:\Users\Gia Nguyen\AppData..., moz:shutdownTimeout: 60000, moz:useNonSpecCompliantPointerOrigin: false, moz:webdriverClick: true, pageLoadStrategy: normal, platform: WINDOWS, platformName: WINDOWS, platformVersion: 10.0, proxy: Proxy(direct), rotatable: false, setWindowRect: true, strictFileInteractability: false, timeouts: {implicit: 0, pageLoad: 300000, script: 30000}, unhandledPromptBehavior: dismiss and notify}
Session ID: 1d418dcb-fd57-4460-9fee-63a20ceb075f

2019-12-22 01:18:41 - [MESSAGE][PASSED] - Object: 'Object Repository/Page_ Town Square - FirstTeam Mattermost/span__status status-edit edit (1)' is clicked on

2019-12-22 01:18:41 - [TEST_STEP][PASSED] - click(findTestObject("Object Repository/Page_ Town Square - FirstTeam Mattermost/button_Do Not DisturbDisables Desktop and P_5af217")): Object: 'Object Repository/Page_ Town Square - FirstTeam Mattermost/button_Do Not DisturbDisables Desktop and P_5af217' is clicked on

2019-12-22 01:18:45 - [MESSAGE][PASSED] - Object: 'Object Repository/Page_ Town Square - FirstTeam Mattermost/button_Do Not DisturbDisables Desktop and P_5af217' is clicked on

2019-12-22 01:18:45 - [TEST_STEP][PASSED] - closeBrowser(): Browser is closed

2019-12-22 01:18:45 - [MESSAGE][PASSED] - Browser is closed]]></system-out>
         <system-err><![CDATA[]]></system-err>
      </testcase>
      <testcase name="Test Cases/TestCase45ShowPopupDoNotDisturbStatus" time="15.964" classname="Test Cases/TestCase45ShowPopupDoNotDisturbStatus" status="PASSED">
         <system-out><![CDATA[2019-12-22 01:18:45 - [TEST_CASE][PASSED] - Test Cases/TestCase45ShowPopupDoNotDisturbStatus: Test Cases/TestCase45ShowPopupDoNotDisturbStatus

2019-12-22 01:18:45 - [TEST_STEP][PASSED] - openBrowser(""): Browser is opened with url: ''

2019-12-22 01:18:45 - [MESSAGE][INFO] - Starting 'Firefox' driver

2019-12-22 01:18:48 - [MESSAGE][PASSED] - Browser is opened with url: ''

2019-12-22 01:18:48 - [TEST_STEP][PASSED] - navigateToUrl("https://cs300testautomatic.herokuapp.com/"): Navigate to 'https://cs300testautomatic.herokuapp.com/' successfully

2019-12-22 01:18:51 - [MESSAGE][PASSED] - Navigate to 'https://cs300testautomatic.herokuapp.com/' successfully

2019-12-22 01:18:51 - [TEST_STEP][PASSED] - setText(findTestObject("Page_Mattermost/input_All team communication in one place s_703ef5 (31)"), "giabeuu@gmail.com"): Text 'giabeuu@gmail.com' is set on object 'Object Repository/Page_Mattermost/input_All team communication in one place s_703ef5 (31)'

2019-12-22 01:18:55 - [MESSAGE][PASSED] - Text 'giabeuu@gmail.com' is set on object 'Object Repository/Page_Mattermost/input_All team communication in one place s_703ef5 (31)'

2019-12-22 01:18:55 - [TEST_STEP][PASSED] - setEncryptedText(findTestObject("Page_Mattermost/input_All team communication in one place s_2f2733 (31)"), "GoUae4B8Jrc="): Text ****** has been set on object 'Object Repository/Page_Mattermost/input_All team communication in one place s_2f2733 (31)'

2019-12-22 01:18:56 - [MESSAGE][PASSED] - Text ****** has been set on object 'Object Repository/Page_Mattermost/input_All team communication in one place s_2f2733 (31)'

2019-12-22 01:18:56 - [TEST_STEP][PASSED] - click(findTestObject("Page_Mattermost/button_Sign in (20)")): Object: 'Object Repository/Page_Mattermost/button_Sign in (20)' is clicked on

2019-12-22 01:18:57 - [MESSAGE][PASSED] - Object: 'Object Repository/Page_Mattermost/button_Sign in (20)' is clicked on

2019-12-22 01:18:57 - [TEST_STEP][PASSED] - click(findTestObject("Object Repository/Page_ Town Square - FirstTeam Mattermost/span_Your status is set to Do Not Disturb")): Object: 'Object Repository/Page_ Town Square - FirstTeam Mattermost/span_Your status is set to Do Not Disturb' is clicked on

2019-12-22 01:19:00 - [MESSAGE][PASSED] - Object: 'Object Repository/Page_ Town Square - FirstTeam Mattermost/span_Your status is set to Do Not Disturb' is clicked on

2019-12-22 01:19:00 - [TEST_STEP][PASSED] - click(findTestObject("Page_ Town Square - FirstTeam Mattermost/span_Would you like to switch your status t_57f647 (1)")): Object: 'Object Repository/Page_ Town Square - FirstTeam Mattermost/span_Would you like to switch your status t_57f647 (1)' is clicked on

2019-12-22 01:19:00 - [MESSAGE][PASSED] - Object: 'Object Repository/Page_ Town Square - FirstTeam Mattermost/span_Would you like to switch your status t_57f647 (1)' is clicked on

2019-12-22 01:19:00 - [TEST_STEP][PASSED] - click(findTestObject("Page_ Town Square - FirstTeam Mattermost/button_Yes set my status to Online (1)")): Object: 'Object Repository/Page_ Town Square - FirstTeam Mattermost/button_Yes set my status to Online (1)' is clicked on

2019-12-22 01:19:01 - [MESSAGE][PASSED] - Object: 'Object Repository/Page_ Town Square - FirstTeam Mattermost/button_Yes set my status to Online (1)' is clicked on

2019-12-22 01:19:01 - [TEST_STEP][PASSED] - closeBrowser(): Browser is closed

2019-12-22 01:19:01 - [MESSAGE][PASSED] - Browser is closed]]></system-out>
         <system-err><![CDATA[]]></system-err>
      </testcase>
      <testcase name="Test Cases/TestCase46UpdateStatusToAway" time="87.956" classname="Test Cases/TestCase46UpdateStatusToAway" status="FAILED">
         <failure type="FAILED" message="Test Cases/TestCase46UpdateStatusToAway FAILED.
Reason:
com.kms.katalon.core.exception.StepFailedException: Unable to click on object 'Object Repository/Page_ Town Square - FirstTeam Mattermost/button_Away'
	at com.kms.katalon.core.webui.keyword.internal.WebUIKeywordMain.stepFailed(WebUIKeywordMain.groovy:64)
	at com.kms.katalon.core.webui.keyword.internal.WebUIKeywordMain.runKeyword(WebUIKeywordMain.groovy:26)
	at com.kms.katalon.core.webui.keyword.builtin.ClickKeyword.click(ClickKeyword.groovy:102)
	at com.kms.katalon.core.webui.keyword.builtin.ClickKeyword.execute(ClickKeyword.groovy:43)
	at com.kms.katalon.core.keyword.internal.KeywordExecutor.executeKeywordForPlatform(KeywordExecutor.groovy:72)
	at com.kms.katalon.core.webui.keyword.WebUiBuiltInKeywords.click(WebUiBuiltInKeywords.groovy:616)
	at com.kms.katalon.core.webui.keyword.WebUiBuiltInKeywords$click$3.call(Unknown Source)
	at TestCase46UpdateStatusToAway.run(TestCase46UpdateStatusToAway:31)
	at com.kms.katalon.core.main.ScriptEngine.run(ScriptEngine.java:194)
	at com.kms.katalon.core.main.ScriptEngine.runScriptAsRawText(ScriptEngine.java:119)
	at com.kms.katalon.core.main.TestCaseExecutor.runScript(TestCaseExecutor.java:337)
	at com.kms.katalon.core.main.TestCaseExecutor.doExecute(TestCaseExecutor.java:328)
	at com.kms.katalon.core.main.TestCaseExecutor.processExecutionPhase(TestCaseExecutor.java:307)
	at com.kms.katalon.core.main.TestCaseExecutor.accessMainPhase(TestCaseExecutor.java:299)
	at com.kms.katalon.core.main.TestCaseExecutor.execute(TestCaseExecutor.java:233)
	at com.kms.katalon.core.main.TestSuiteExecutor.accessTestCaseMainPhase(TestSuiteExecutor.java:169)
	at com.kms.katalon.core.main.TestSuiteExecutor.accessTestSuiteMainPhase(TestSuiteExecutor.java:142)
	at com.kms.katalon.core.main.TestSuiteExecutor.execute(TestSuiteExecutor.java:91)
	at com.kms.katalon.core.main.TestCaseMain.startTestSuite(TestCaseMain.java:157)
	at com.kms.katalon.core.main.TestCaseMain$startTestSuite$0.call(Unknown Source)
	at TempTestSuite1576950821278.run(TempTestSuite1576950821278.groovy:36)
Caused by: com.kms.katalon.core.webui.exception.WebElementNotFoundException: Web element with id: 'Object Repository/Page_ Town Square - FirstTeam Mattermost/button_Away' located by 'By.xpath: //div[@id='lhsHeader']/div/div/ul/li[4]/button' not found
	at com.kms.katalon.core.webui.common.WebUiCommonHelper.findWebElement(WebUiCommonHelper.java:1154)
	at com.kms.katalon.core.webui.keyword.internal.WebUIAbstractKeyword.findWebElement(WebUIAbstractKeyword.groovy:27)
	at com.kms.katalon.core.webui.keyword.internal.WebUIAbstractKeyword.findWebElement(WebUIAbstractKeyword.groovy:26)
	at com.kms.katalon.core.webui.keyword.builtin.ClickKeyword$_click_closure1.doCall(ClickKeyword.groovy:67)
	at com.kms.katalon.core.webui.keyword.builtin.ClickKeyword$_click_closure1.call(ClickKeyword.groovy)
	at com.kms.katalon.core.webui.keyword.internal.WebUIKeywordMain.runKeyword(WebUIKeywordMain.groovy:20)
	... 19 more
"/>
         <system-out><![CDATA[2019-12-22 01:19:01 - [TEST_CASE][FAILED] - Test Cases/TestCase46UpdateStatusToAway: Test Cases/TestCase46UpdateStatusToAway FAILED.
Reason:
com.kms.katalon.core.exception.StepFailedException: Unable to click on object 'Object Repository/Page_ Town Square - FirstTeam Mattermost/button_Away'
	at com.kms.katalon.core.webui.keyword.internal.WebUIKeywordMain.stepFailed(WebUIKeywordMain.groovy:64)
	at com.kms.katalon.core.webui.keyword.internal.WebUIKeywordMain.runKeyword(WebUIKeywordMain.groovy:26)
	at com.kms.katalon.core.webui.keyword.builtin.ClickKeyword.click(ClickKeyword.groovy:102)
	at com.kms.katalon.core.webui.keyword.builtin.ClickKeyword.execute(ClickKeyword.groovy:43)
	at com.kms.katalon.core.keyword.internal.KeywordExecutor.executeKeywordForPlatform(KeywordExecutor.groovy:72)
	at com.kms.katalon.core.webui.keyword.WebUiBuiltInKeywords.click(WebUiBuiltInKeywords.groovy:616)
	at com.kms.katalon.core.webui.keyword.WebUiBuiltInKeywords$click$3.call(Unknown Source)
	at TestCase46UpdateStatusToAway.run(TestCase46UpdateStatusToAway:31)
	at com.kms.katalon.core.main.ScriptEngine.run(ScriptEngine.java:194)
	at com.kms.katalon.core.main.ScriptEngine.runScriptAsRawText(ScriptEngine.java:119)
	at com.kms.katalon.core.main.TestCaseExecutor.runScript(TestCaseExecutor.java:337)
	at com.kms.katalon.core.main.TestCaseExecutor.doExecute(TestCaseExecutor.java:328)
	at com.kms.katalon.core.main.TestCaseExecutor.processExecutionPhase(TestCaseExecutor.java:307)
	at com.kms.katalon.core.main.TestCaseExecutor.accessMainPhase(TestCaseExecutor.java:299)
	at com.kms.katalon.core.main.TestCaseExecutor.execute(TestCaseExecutor.java:233)
	at com.kms.katalon.core.main.TestSuiteExecutor.accessTestCaseMainPhase(TestSuiteExecutor.java:169)
	at com.kms.katalon.core.main.TestSuiteExecutor.accessTestSuiteMainPhase(TestSuiteExecutor.java:142)
	at com.kms.katalon.core.main.TestSuiteExecutor.execute(TestSuiteExecutor.java:91)
	at com.kms.katalon.core.main.TestCaseMain.startTestSuite(TestCaseMain.java:157)
	at com.kms.katalon.core.main.TestCaseMain$startTestSuite$0.call(Unknown Source)
	at TempTestSuite1576950821278.run(TempTestSuite1576950821278.groovy:36)
Caused by: com.kms.katalon.core.webui.exception.WebElementNotFoundException: Web element with id: 'Object Repository/Page_ Town Square - FirstTeam Mattermost/button_Away' located by 'By.xpath: //div[@id='lhsHeader']/div/div/ul/li[4]/button' not found
	at com.kms.katalon.core.webui.common.WebUiCommonHelper.findWebElement(WebUiCommonHelper.java:1154)
	at com.kms.katalon.core.webui.keyword.internal.WebUIAbstractKeyword.findWebElement(WebUIAbstractKeyword.groovy:27)
	at com.kms.katalon.core.webui.keyword.internal.WebUIAbstractKeyword.findWebElement(WebUIAbstractKeyword.groovy:26)
	at com.kms.katalon.core.webui.keyword.builtin.ClickKeyword$_click_closure1.doCall(ClickKeyword.groovy:67)
	at com.kms.katalon.core.webui.keyword.builtin.ClickKeyword$_click_closure1.call(ClickKeyword.groovy)
	at com.kms.katalon.core.webui.keyword.internal.WebUIKeywordMain.runKeyword(WebUIKeywordMain.groovy:20)
	... 19 more


2019-12-22 01:19:01 - [TEST_STEP][PASSED] - openBrowser(""): Browser is opened with url: ''

2019-12-22 01:19:02 - [MESSAGE][INFO] - Starting 'Firefox' driver

2019-12-22 01:19:04 - [MESSAGE][PASSED] - Browser is opened with url: ''

2019-12-22 01:19:04 - [TEST_STEP][PASSED] - navigateToUrl("https://cs300testautomatic.herokuapp.com/"): Navigate to 'https://cs300testautomatic.herokuapp.com/' successfully

2019-12-22 01:19:07 - [MESSAGE][PASSED] - Navigate to 'https://cs300testautomatic.herokuapp.com/' successfully

2019-12-22 01:19:07 - [TEST_STEP][PASSED] - setText(findTestObject("Page_Mattermost/input_All team communication in one place s_703ef5 (32)"), "giabeuu@gmail.com"): Text 'giabeuu@gmail.com' is set on object 'Object Repository/Page_Mattermost/input_All team communication in one place s_703ef5 (32)'

2019-12-22 01:19:11 - [MESSAGE][PASSED] - Text 'giabeuu@gmail.com' is set on object 'Object Repository/Page_Mattermost/input_All team communication in one place s_703ef5 (32)'

2019-12-22 01:19:11 - [TEST_STEP][PASSED] - setEncryptedText(findTestObject("Page_Mattermost/input_All team communication in one place s_2f2733 (32)"), "GoUae4B8Jrc="): Text ****** has been set on object 'Object Repository/Page_Mattermost/input_All team communication in one place s_2f2733 (32)'

2019-12-22 01:19:12 - [MESSAGE][PASSED] - Text ****** has been set on object 'Object Repository/Page_Mattermost/input_All team communication in one place s_2f2733 (32)'

2019-12-22 01:19:12 - [TEST_STEP][PASSED] - click(findTestObject("Page_Mattermost/button_Sign in (21)")): Object: 'Object Repository/Page_Mattermost/button_Sign in (21)' is clicked on

2019-12-22 01:19:13 - [MESSAGE][PASSED] - Object: 'Object Repository/Page_Mattermost/button_Sign in (21)' is clicked on

2019-12-22 01:19:13 - [TEST_STEP][PASSED] - click(findTestObject("Page_ Town Square - FirstTeam Mattermost/span__status status-edit edit (2)")): Object: 'Object Repository/Page_ Town Square - FirstTeam Mattermost/span__status status-edit edit (2)' is clicked on

2019-12-22 01:19:16 - [MESSAGE][ERROR] - TypeError: rect is undefined
Build info: version: '3.141.59', revision: 'e82be7d358', time: '2018-11-14T08:25:53'
System info: host: 'DESKTOP-95BOMC4', ip: '192.168.1.177', os.name: 'Windows 10', os.arch: 'amd64', os.version: '10.0', java.version: '1.8.0_181'
Driver info: com.kms.katalon.core.webui.driver.firefox.CGeckoDriver
Capabilities {acceptInsecureCerts: true, browserName: firefox, browserVersion: 71.0, javascriptEnabled: true, moz:accessibilityChecks: false, moz:buildID: 20191202093317, moz:geckodriverVersion: 0.23.0, moz:headless: false, moz:processID: 8420, moz:profile: C:\Users\Gia Nguyen\AppData..., moz:shutdownTimeout: 60000, moz:useNonSpecCompliantPointerOrigin: false, moz:webdriverClick: true, pageLoadStrategy: normal, platform: WINDOWS, platformName: WINDOWS, platformVersion: 10.0, proxy: Proxy(direct), rotatable: false, setWindowRect: true, strictFileInteractability: false, timeouts: {implicit: 0, pageLoad: 300000, script: 30000}, unhandledPromptBehavior: dismiss and notify}
Session ID: ecea891a-9d7d-4319-97f0-ac29b41a1669

2019-12-22 01:19:46 - [MESSAGE][ERROR] - TypeError: rect is undefined
Build info: version: '3.141.59', revision: 'e82be7d358', time: '2018-11-14T08:25:53'
System info: host: 'DESKTOP-95BOMC4', ip: '192.168.1.177', os.name: 'Windows 10', os.arch: 'amd64', os.version: '10.0', java.version: '1.8.0_181'
Driver info: com.kms.katalon.core.webui.driver.firefox.CGeckoDriver
Capabilities {acceptInsecureCerts: true, browserName: firefox, browserVersion: 71.0, javascriptEnabled: true, moz:accessibilityChecks: false, moz:buildID: 20191202093317, moz:geckodriverVersion: 0.23.0, moz:headless: false, moz:processID: 8420, moz:profile: C:\Users\Gia Nguyen\AppData..., moz:shutdownTimeout: 60000, moz:useNonSpecCompliantPointerOrigin: false, moz:webdriverClick: true, pageLoadStrategy: normal, platform: WINDOWS, platformName: WINDOWS, platformVersion: 10.0, proxy: Proxy(direct), rotatable: false, setWindowRect: true, strictFileInteractability: false, timeouts: {implicit: 0, pageLoad: 300000, script: 30000}, unhandledPromptBehavior: dismiss and notify}
Session ID: ecea891a-9d7d-4319-97f0-ac29b41a1669

2019-12-22 01:19:46 - [MESSAGE][PASSED] - Object: 'Object Repository/Page_ Town Square - FirstTeam Mattermost/span__status status-edit edit (2)' is clicked on

2019-12-22 01:19:46 - [TEST_STEP][FAILED] - click(findTestObject("Object Repository/Page_ Town Square - FirstTeam Mattermost/button_Away")): Unable to click on object 'Object Repository/Page_ Town Square - FirstTeam Mattermost/button_Away' (Root cause: com.kms.katalon.core.exception.StepFailedException: Unable to click on object 'Object Repository/Page_ Town Square - FirstTeam Mattermost/button_Away'
	at com.kms.katalon.core.webui.keyword.internal.WebUIKeywordMain.stepFailed(WebUIKeywordMain.groovy:64)
	at com.kms.katalon.core.webui.keyword.internal.WebUIKeywordMain.runKeyword(WebUIKeywordMain.groovy:26)
	at com.kms.katalon.core.webui.keyword.builtin.ClickKeyword.click(ClickKeyword.groovy:102)
	at com.kms.katalon.core.webui.keyword.builtin.ClickKeyword.execute(ClickKeyword.groovy:43)
	at com.kms.katalon.core.keyword.internal.KeywordExecutor.executeKeywordForPlatform(KeywordExecutor.groovy:72)
	at com.kms.katalon.core.webui.keyword.WebUiBuiltInKeywords.click(WebUiBuiltInKeywords.groovy:616)
	at com.kms.katalon.core.webui.keyword.WebUiBuiltInKeywords$click$3.call(Unknown Source)
	at TestCase46UpdateStatusToAway.run(TestCase46UpdateStatusToAway:31)
	at com.kms.katalon.core.main.ScriptEngine.run(ScriptEngine.java:194)
	at com.kms.katalon.core.main.ScriptEngine.runScriptAsRawText(ScriptEngine.java:119)
	at com.kms.katalon.core.main.TestCaseExecutor.runScript(TestCaseExecutor.java:337)
	at com.kms.katalon.core.main.TestCaseExecutor.doExecute(TestCaseExecutor.java:328)
	at com.kms.katalon.core.main.TestCaseExecutor.processExecutionPhase(TestCaseExecutor.java:307)
	at com.kms.katalon.core.main.TestCaseExecutor.accessMainPhase(TestCaseExecutor.java:299)
	at com.kms.katalon.core.main.TestCaseExecutor.execute(TestCaseExecutor.java:233)
	at com.kms.katalon.core.main.TestSuiteExecutor.accessTestCaseMainPhase(TestSuiteExecutor.java:169)
	at com.kms.katalon.core.main.TestSuiteExecutor.accessTestSuiteMainPhase(TestSuiteExecutor.java:142)
	at com.kms.katalon.core.main.TestSuiteExecutor.execute(TestSuiteExecutor.java:91)
	at com.kms.katalon.core.main.TestCaseMain.startTestSuite(TestCaseMain.java:157)
	at com.kms.katalon.core.main.TestCaseMain$startTestSuite$0.call(Unknown Source)
	at TempTestSuite1576950821278.run(TempTestSuite1576950821278.groovy:36)
Caused by: com.kms.katalon.core.webui.exception.WebElementNotFoundException: Web element with id: 'Object Repository/Page_ Town Square - FirstTeam Mattermost/button_Away' located by 'By.xpath: //div[@id='lhsHeader']/div/div/ul/li[4]/button' not found
	at com.kms.katalon.core.webui.common.WebUiCommonHelper.findWebElement(WebUiCommonHelper.java:1154)
	at com.kms.katalon.core.webui.keyword.internal.WebUIAbstractKeyword.findWebElement(WebUIAbstractKeyword.groovy:27)
	at com.kms.katalon.core.webui.keyword.internal.WebUIAbstractKeyword.findWebElement(WebUIAbstractKeyword.groovy:26)
	at com.kms.katalon.core.webui.keyword.builtin.ClickKeyword$_click_closure1.doCall(ClickKeyword.groovy:67)
	at com.kms.katalon.core.webui.keyword.builtin.ClickKeyword$_click_closure1.call(ClickKeyword.groovy)
	at com.kms.katalon.core.webui.keyword.internal.WebUIKeywordMain.runKeyword(WebUIKeywordMain.groovy:20)
	at com.kms.katalon.core.webui.keyword.builtin.ClickKeyword.click(ClickKeyword.groovy:102)
	at com.kms.katalon.core.webui.keyword.builtin.ClickKeyword.execute(ClickKeyword.groovy:43)
	at com.kms.katalon.core.keyword.internal.KeywordExecutor.executeKeywordForPlatform(KeywordExecutor.groovy:72)
	at com.kms.katalon.core.webui.keyword.WebUiBuiltInKeywords.click(WebUiBuiltInKeywords.groovy:616)
	at com.kms.katalon.core.webui.keyword.WebUiBuiltInKeywords$click$3.call(Unknown Source)
	at Script1576921268180.run(Script1576921268180.groovy:31)
	... 13 more
)

2019-12-22 01:20:29 - [MESSAGE][INFO] - Unable to find the element located by 'By.xpath: //div[@id='lhsHeader']/div/div/ul/li[4]/button'. Please recheck the objects properties to make sure the desired element is located. 

2019-12-22 01:20:29 - [MESSAGE][FAILED] - Unable to click on object 'Object Repository/Page_ Town Square - FirstTeam Mattermost/button_Away' (Root cause: com.kms.katalon.core.exception.StepFailedException: Unable to click on object 'Object Repository/Page_ Town Square - FirstTeam Mattermost/button_Away'
	at com.kms.katalon.core.webui.keyword.internal.WebUIKeywordMain.stepFailed(WebUIKeywordMain.groovy:64)
	at com.kms.katalon.core.webui.keyword.internal.WebUIKeywordMain.runKeyword(WebUIKeywordMain.groovy:26)
	at com.kms.katalon.core.webui.keyword.builtin.ClickKeyword.click(ClickKeyword.groovy:102)
	at com.kms.katalon.core.webui.keyword.builtin.ClickKeyword.execute(ClickKeyword.groovy:43)
	at com.kms.katalon.core.keyword.internal.KeywordExecutor.executeKeywordForPlatform(KeywordExecutor.groovy:72)
	at com.kms.katalon.core.webui.keyword.WebUiBuiltInKeywords.click(WebUiBuiltInKeywords.groovy:616)
	at com.kms.katalon.core.webui.keyword.WebUiBuiltInKeywords$click$3.call(Unknown Source)
	at TestCase46UpdateStatusToAway.run(TestCase46UpdateStatusToAway:31)
	at com.kms.katalon.core.main.ScriptEngine.run(ScriptEngine.java:194)
	at com.kms.katalon.core.main.ScriptEngine.runScriptAsRawText(ScriptEngine.java:119)
	at com.kms.katalon.core.main.TestCaseExecutor.runScript(TestCaseExecutor.java:337)
	at com.kms.katalon.core.main.TestCaseExecutor.doExecute(TestCaseExecutor.java:328)
	at com.kms.katalon.core.main.TestCaseExecutor.processExecutionPhase(TestCaseExecutor.java:307)
	at com.kms.katalon.core.main.TestCaseExecutor.accessMainPhase(TestCaseExecutor.java:299)
	at com.kms.katalon.core.main.TestCaseExecutor.execute(TestCaseExecutor.java:233)
	at com.kms.katalon.core.main.TestSuiteExecutor.accessTestCaseMainPhase(TestSuiteExecutor.java:169)
	at com.kms.katalon.core.main.TestSuiteExecutor.accessTestSuiteMainPhase(TestSuiteExecutor.java:142)
	at com.kms.katalon.core.main.TestSuiteExecutor.execute(TestSuiteExecutor.java:91)
	at com.kms.katalon.core.main.TestCaseMain.startTestSuite(TestCaseMain.java:157)
	at com.kms.katalon.core.main.TestCaseMain$startTestSuite$0.call(Unknown Source)
	at TempTestSuite1576950821278.run(TempTestSuite1576950821278.groovy:36)
Caused by: com.kms.katalon.core.webui.exception.WebElementNotFoundException: Web element with id: 'Object Repository/Page_ Town Square - FirstTeam Mattermost/button_Away' located by 'By.xpath: //div[@id='lhsHeader']/div/div/ul/li[4]/button' not found
	at com.kms.katalon.core.webui.common.WebUiCommonHelper.findWebElement(WebUiCommonHelper.java:1154)
	at com.kms.katalon.core.webui.keyword.internal.WebUIAbstractKeyword.findWebElement(WebUIAbstractKeyword.groovy:27)
	at com.kms.katalon.core.webui.keyword.internal.WebUIAbstractKeyword.findWebElement(WebUIAbstractKeyword.groovy:26)
	at com.kms.katalon.core.webui.keyword.builtin.ClickKeyword$_click_closure1.doCall(ClickKeyword.groovy:67)
	at com.kms.katalon.core.webui.keyword.builtin.ClickKeyword$_click_closure1.call(ClickKeyword.groovy)
	at com.kms.katalon.core.webui.keyword.internal.WebUIKeywordMain.runKeyword(WebUIKeywordMain.groovy:20)
	at com.kms.katalon.core.webui.keyword.builtin.ClickKeyword.click(ClickKeyword.groovy:102)
	at com.kms.katalon.core.webui.keyword.builtin.ClickKeyword.execute(ClickKeyword.groovy:43)
	at com.kms.katalon.core.keyword.internal.KeywordExecutor.executeKeywordForPlatform(KeywordExecutor.groovy:72)
	at com.kms.katalon.core.webui.keyword.WebUiBuiltInKeywords.click(WebUiBuiltInKeywords.groovy:616)
	at com.kms.katalon.core.webui.keyword.WebUiBuiltInKeywords$click$3.call(Unknown Source)
	at Script1576921268180.run(Script1576921268180.groovy:31)
	... 13 more
)
[[ATTACHMENT|C:\\Users\\Gia Nguyen\\Desktop\\CS300AutomaticWebTesting\\Reports\\20191222_005341\\Run All Test Cases\\20191222_005341\\1576952429757.png]]]]></system-out>
         <system-err><![CDATA[2019-12-22 01:19:01 - [TEST_CASE][FAILED] - Test Cases/TestCase46UpdateStatusToAway: Test Cases/TestCase46UpdateStatusToAway FAILED.
Reason:
com.kms.katalon.core.exception.StepFailedException: Unable to click on object 'Object Repository/Page_ Town Square - FirstTeam Mattermost/button_Away'
	at com.kms.katalon.core.webui.keyword.internal.WebUIKeywordMain.stepFailed(WebUIKeywordMain.groovy:64)
	at com.kms.katalon.core.webui.keyword.internal.WebUIKeywordMain.runKeyword(WebUIKeywordMain.groovy:26)
	at com.kms.katalon.core.webui.keyword.builtin.ClickKeyword.click(ClickKeyword.groovy:102)
	at com.kms.katalon.core.webui.keyword.builtin.ClickKeyword.execute(ClickKeyword.groovy:43)
	at com.kms.katalon.core.keyword.internal.KeywordExecutor.executeKeywordForPlatform(KeywordExecutor.groovy:72)
	at com.kms.katalon.core.webui.keyword.WebUiBuiltInKeywords.click(WebUiBuiltInKeywords.groovy:616)
	at com.kms.katalon.core.webui.keyword.WebUiBuiltInKeywords$click$3.call(Unknown Source)
	at TestCase46UpdateStatusToAway.run(TestCase46UpdateStatusToAway:31)
	at com.kms.katalon.core.main.ScriptEngine.run(ScriptEngine.java:194)
	at com.kms.katalon.core.main.ScriptEngine.runScriptAsRawText(ScriptEngine.java:119)
	at com.kms.katalon.core.main.TestCaseExecutor.runScript(TestCaseExecutor.java:337)
	at com.kms.katalon.core.main.TestCaseExecutor.doExecute(TestCaseExecutor.java:328)
	at com.kms.katalon.core.main.TestCaseExecutor.processExecutionPhase(TestCaseExecutor.java:307)
	at com.kms.katalon.core.main.TestCaseExecutor.accessMainPhase(TestCaseExecutor.java:299)
	at com.kms.katalon.core.main.TestCaseExecutor.execute(TestCaseExecutor.java:233)
	at com.kms.katalon.core.main.TestSuiteExecutor.accessTestCaseMainPhase(TestSuiteExecutor.java:169)
	at com.kms.katalon.core.main.TestSuiteExecutor.accessTestSuiteMainPhase(TestSuiteExecutor.java:142)
	at com.kms.katalon.core.main.TestSuiteExecutor.execute(TestSuiteExecutor.java:91)
	at com.kms.katalon.core.main.TestCaseMain.startTestSuite(TestCaseMain.java:157)
	at com.kms.katalon.core.main.TestCaseMain$startTestSuite$0.call(Unknown Source)
	at TempTestSuite1576950821278.run(TempTestSuite1576950821278.groovy:36)
Caused by: com.kms.katalon.core.webui.exception.WebElementNotFoundException: Web element with id: 'Object Repository/Page_ Town Square - FirstTeam Mattermost/button_Away' located by 'By.xpath: //div[@id='lhsHeader']/div/div/ul/li[4]/button' not found
	at com.kms.katalon.core.webui.common.WebUiCommonHelper.findWebElement(WebUiCommonHelper.java:1154)
	at com.kms.katalon.core.webui.keyword.internal.WebUIAbstractKeyword.findWebElement(WebUIAbstractKeyword.groovy:27)
	at com.kms.katalon.core.webui.keyword.internal.WebUIAbstractKeyword.findWebElement(WebUIAbstractKeyword.groovy:26)
	at com.kms.katalon.core.webui.keyword.builtin.ClickKeyword$_click_closure1.doCall(ClickKeyword.groovy:67)
	at com.kms.katalon.core.webui.keyword.builtin.ClickKeyword$_click_closure1.call(ClickKeyword.groovy)
	at com.kms.katalon.core.webui.keyword.internal.WebUIKeywordMain.runKeyword(WebUIKeywordMain.groovy:20)
	... 19 more]]></system-err>
      </testcase>
      <testcase name="Test Cases/TestCase47ShowPopupAwayStatus" time="51.002" classname="Test Cases/TestCase47ShowPopupAwayStatus" status="FAILED">
         <failure type="FAILED" message="Test Cases/TestCase47ShowPopupAwayStatus FAILED.
Reason:
com.kms.katalon.core.exception.StepFailedException: Unable to click on object 'Object Repository/Page_ Town Square - FirstTeam Mattermost/span_Your status is set to Away'
	at com.kms.katalon.core.webui.keyword.internal.WebUIKeywordMain.stepFailed(WebUIKeywordMain.groovy:64)
	at com.kms.katalon.core.webui.keyword.internal.WebUIKeywordMain.runKeyword(WebUIKeywordMain.groovy:26)
	at com.kms.katalon.core.webui.keyword.builtin.ClickKeyword.click(ClickKeyword.groovy:102)
	at com.kms.katalon.core.webui.keyword.builtin.ClickKeyword.execute(ClickKeyword.groovy:43)
	at com.kms.katalon.core.keyword.internal.KeywordExecutor.executeKeywordForPlatform(KeywordExecutor.groovy:72)
	at com.kms.katalon.core.webui.keyword.WebUiBuiltInKeywords.click(WebUiBuiltInKeywords.groovy:616)
	at com.kms.katalon.core.webui.keyword.WebUiBuiltInKeywords$click$3.call(Unknown Source)
	at TestCase47ShowPopupAwayStatus.run(TestCase47ShowPopupAwayStatus:29)
	at com.kms.katalon.core.main.ScriptEngine.run(ScriptEngine.java:194)
	at com.kms.katalon.core.main.ScriptEngine.runScriptAsRawText(ScriptEngine.java:119)
	at com.kms.katalon.core.main.TestCaseExecutor.runScript(TestCaseExecutor.java:337)
	at com.kms.katalon.core.main.TestCaseExecutor.doExecute(TestCaseExecutor.java:328)
	at com.kms.katalon.core.main.TestCaseExecutor.processExecutionPhase(TestCaseExecutor.java:307)
	at com.kms.katalon.core.main.TestCaseExecutor.accessMainPhase(TestCaseExecutor.java:299)
	at com.kms.katalon.core.main.TestCaseExecutor.execute(TestCaseExecutor.java:233)
	at com.kms.katalon.core.main.TestSuiteExecutor.accessTestCaseMainPhase(TestSuiteExecutor.java:169)
	at com.kms.katalon.core.main.TestSuiteExecutor.accessTestSuiteMainPhase(TestSuiteExecutor.java:142)
	at com.kms.katalon.core.main.TestSuiteExecutor.execute(TestSuiteExecutor.java:91)
	at com.kms.katalon.core.main.TestCaseMain.startTestSuite(TestCaseMain.java:157)
	at com.kms.katalon.core.main.TestCaseMain$startTestSuite$0.call(Unknown Source)
	at TempTestSuite1576950821278.run(TempTestSuite1576950821278.groovy:36)
Caused by: com.kms.katalon.core.webui.exception.WebElementNotFoundException: Web element with id: 'Object Repository/Page_ Town Square - FirstTeam Mattermost/span_Your status is set to Away' located by 'By.xpath: //h1[@id='confirmModalLabel']/span' not found
	at com.kms.katalon.core.webui.common.WebUiCommonHelper.findWebElement(WebUiCommonHelper.java:1154)
	at com.kms.katalon.core.webui.keyword.internal.WebUIAbstractKeyword.findWebElement(WebUIAbstractKeyword.groovy:27)
	at com.kms.katalon.core.webui.keyword.internal.WebUIAbstractKeyword.findWebElement(WebUIAbstractKeyword.groovy:26)
	at com.kms.katalon.core.webui.keyword.builtin.ClickKeyword$_click_closure1.doCall(ClickKeyword.groovy:67)
	at com.kms.katalon.core.webui.keyword.builtin.ClickKeyword$_click_closure1.call(ClickKeyword.groovy)
	at com.kms.katalon.core.webui.keyword.internal.WebUIKeywordMain.runKeyword(WebUIKeywordMain.groovy:20)
	... 19 more
"/>
         <system-out><![CDATA[2019-12-22 01:20:29 - [TEST_CASE][FAILED] - Test Cases/TestCase47ShowPopupAwayStatus: Test Cases/TestCase47ShowPopupAwayStatus FAILED.
Reason:
com.kms.katalon.core.exception.StepFailedException: Unable to click on object 'Object Repository/Page_ Town Square - FirstTeam Mattermost/span_Your status is set to Away'
	at com.kms.katalon.core.webui.keyword.internal.WebUIKeywordMain.stepFailed(WebUIKeywordMain.groovy:64)
	at com.kms.katalon.core.webui.keyword.internal.WebUIKeywordMain.runKeyword(WebUIKeywordMain.groovy:26)
	at com.kms.katalon.core.webui.keyword.builtin.ClickKeyword.click(ClickKeyword.groovy:102)
	at com.kms.katalon.core.webui.keyword.builtin.ClickKeyword.execute(ClickKeyword.groovy:43)
	at com.kms.katalon.core.keyword.internal.KeywordExecutor.executeKeywordForPlatform(KeywordExecutor.groovy:72)
	at com.kms.katalon.core.webui.keyword.WebUiBuiltInKeywords.click(WebUiBuiltInKeywords.groovy:616)
	at com.kms.katalon.core.webui.keyword.WebUiBuiltInKeywords$click$3.call(Unknown Source)
	at TestCase47ShowPopupAwayStatus.run(TestCase47ShowPopupAwayStatus:29)
	at com.kms.katalon.core.main.ScriptEngine.run(ScriptEngine.java:194)
	at com.kms.katalon.core.main.ScriptEngine.runScriptAsRawText(ScriptEngine.java:119)
	at com.kms.katalon.core.main.TestCaseExecutor.runScript(TestCaseExecutor.java:337)
	at com.kms.katalon.core.main.TestCaseExecutor.doExecute(TestCaseExecutor.java:328)
	at com.kms.katalon.core.main.TestCaseExecutor.processExecutionPhase(TestCaseExecutor.java:307)
	at com.kms.katalon.core.main.TestCaseExecutor.accessMainPhase(TestCaseExecutor.java:299)
	at com.kms.katalon.core.main.TestCaseExecutor.execute(TestCaseExecutor.java:233)
	at com.kms.katalon.core.main.TestSuiteExecutor.accessTestCaseMainPhase(TestSuiteExecutor.java:169)
	at com.kms.katalon.core.main.TestSuiteExecutor.accessTestSuiteMainPhase(TestSuiteExecutor.java:142)
	at com.kms.katalon.core.main.TestSuiteExecutor.execute(TestSuiteExecutor.java:91)
	at com.kms.katalon.core.main.TestCaseMain.startTestSuite(TestCaseMain.java:157)
	at com.kms.katalon.core.main.TestCaseMain$startTestSuite$0.call(Unknown Source)
	at TempTestSuite1576950821278.run(TempTestSuite1576950821278.groovy:36)
Caused by: com.kms.katalon.core.webui.exception.WebElementNotFoundException: Web element with id: 'Object Repository/Page_ Town Square - FirstTeam Mattermost/span_Your status is set to Away' located by 'By.xpath: //h1[@id='confirmModalLabel']/span' not found
	at com.kms.katalon.core.webui.common.WebUiCommonHelper.findWebElement(WebUiCommonHelper.java:1154)
	at com.kms.katalon.core.webui.keyword.internal.WebUIAbstractKeyword.findWebElement(WebUIAbstractKeyword.groovy:27)
	at com.kms.katalon.core.webui.keyword.internal.WebUIAbstractKeyword.findWebElement(WebUIAbstractKeyword.groovy:26)
	at com.kms.katalon.core.webui.keyword.builtin.ClickKeyword$_click_closure1.doCall(ClickKeyword.groovy:67)
	at com.kms.katalon.core.webui.keyword.builtin.ClickKeyword$_click_closure1.call(ClickKeyword.groovy)
	at com.kms.katalon.core.webui.keyword.internal.WebUIKeywordMain.runKeyword(WebUIKeywordMain.groovy:20)
	... 19 more


2019-12-22 01:20:29 - [TEST_STEP][PASSED] - openBrowser(""): Browser is opened with url: ''

2019-12-22 01:20:29 - [MESSAGE][WARNING] - A browser is already opened. Closing browser and opening a new one

2019-12-22 01:20:30 - [MESSAGE][INFO] - Starting 'Firefox' driver

2019-12-22 01:20:33 - [MESSAGE][PASSED] - Browser is opened with url: ''

2019-12-22 01:20:33 - [TEST_STEP][PASSED] - navigateToUrl("https://cs300testautomatic.herokuapp.com/"): Navigate to 'https://cs300testautomatic.herokuapp.com/' successfully

2019-12-22 01:20:37 - [MESSAGE][PASSED] - Navigate to 'https://cs300testautomatic.herokuapp.com/' successfully

2019-12-22 01:20:37 - [TEST_STEP][PASSED] - setText(findTestObject("Page_Mattermost/input_All team communication in one place s_703ef5 (33)"), "giabeuu@gmail.com"): Text 'giabeuu@gmail.com' is set on object 'Object Repository/Page_Mattermost/input_All team communication in one place s_703ef5 (33)'

2019-12-22 01:20:40 - [MESSAGE][PASSED] - Text 'giabeuu@gmail.com' is set on object 'Object Repository/Page_Mattermost/input_All team communication in one place s_703ef5 (33)'

2019-12-22 01:20:40 - [TEST_STEP][PASSED] - setEncryptedText(findTestObject("Page_Mattermost/input_All team communication in one place s_2f2733 (33)"), "GoUae4B8Jrc="): Text ****** has been set on object 'Object Repository/Page_Mattermost/input_All team communication in one place s_2f2733 (33)'

2019-12-22 01:20:40 - [MESSAGE][PASSED] - Text ****** has been set on object 'Object Repository/Page_Mattermost/input_All team communication in one place s_2f2733 (33)'

2019-12-22 01:20:40 - [TEST_STEP][PASSED] - click(findTestObject("Page_Mattermost/button_Sign in (22)")): Object: 'Object Repository/Page_Mattermost/button_Sign in (22)' is clicked on

2019-12-22 01:20:41 - [MESSAGE][PASSED] - Object: 'Object Repository/Page_Mattermost/button_Sign in (22)' is clicked on

2019-12-22 01:20:41 - [TEST_STEP][FAILED] - click(findTestObject("Object Repository/Page_ Town Square - FirstTeam Mattermost/span_Your status is set to Away")): Unable to click on object 'Object Repository/Page_ Town Square - FirstTeam Mattermost/span_Your status is set to Away' (Root cause: com.kms.katalon.core.exception.StepFailedException: Unable to click on object 'Object Repository/Page_ Town Square - FirstTeam Mattermost/span_Your status is set to Away'
	at com.kms.katalon.core.webui.keyword.internal.WebUIKeywordMain.stepFailed(WebUIKeywordMain.groovy:64)
	at com.kms.katalon.core.webui.keyword.internal.WebUIKeywordMain.runKeyword(WebUIKeywordMain.groovy:26)
	at com.kms.katalon.core.webui.keyword.builtin.ClickKeyword.click(ClickKeyword.groovy:102)
	at com.kms.katalon.core.webui.keyword.builtin.ClickKeyword.execute(ClickKeyword.groovy:43)
	at com.kms.katalon.core.keyword.internal.KeywordExecutor.executeKeywordForPlatform(KeywordExecutor.groovy:72)
	at com.kms.katalon.core.webui.keyword.WebUiBuiltInKeywords.click(WebUiBuiltInKeywords.groovy:616)
	at com.kms.katalon.core.webui.keyword.WebUiBuiltInKeywords$click$3.call(Unknown Source)
	at TestCase47ShowPopupAwayStatus.run(TestCase47ShowPopupAwayStatus:29)
	at com.kms.katalon.core.main.ScriptEngine.run(ScriptEngine.java:194)
	at com.kms.katalon.core.main.ScriptEngine.runScriptAsRawText(ScriptEngine.java:119)
	at com.kms.katalon.core.main.TestCaseExecutor.runScript(TestCaseExecutor.java:337)
	at com.kms.katalon.core.main.TestCaseExecutor.doExecute(TestCaseExecutor.java:328)
	at com.kms.katalon.core.main.TestCaseExecutor.processExecutionPhase(TestCaseExecutor.java:307)
	at com.kms.katalon.core.main.TestCaseExecutor.accessMainPhase(TestCaseExecutor.java:299)
	at com.kms.katalon.core.main.TestCaseExecutor.execute(TestCaseExecutor.java:233)
	at com.kms.katalon.core.main.TestSuiteExecutor.accessTestCaseMainPhase(TestSuiteExecutor.java:169)
	at com.kms.katalon.core.main.TestSuiteExecutor.accessTestSuiteMainPhase(TestSuiteExecutor.java:142)
	at com.kms.katalon.core.main.TestSuiteExecutor.execute(TestSuiteExecutor.java:91)
	at com.kms.katalon.core.main.TestCaseMain.startTestSuite(TestCaseMain.java:157)
	at com.kms.katalon.core.main.TestCaseMain$startTestSuite$0.call(Unknown Source)
	at TempTestSuite1576950821278.run(TempTestSuite1576950821278.groovy:36)
Caused by: com.kms.katalon.core.webui.exception.WebElementNotFoundException: Web element with id: 'Object Repository/Page_ Town Square - FirstTeam Mattermost/span_Your status is set to Away' located by 'By.xpath: //h1[@id='confirmModalLabel']/span' not found
	at com.kms.katalon.core.webui.common.WebUiCommonHelper.findWebElement(WebUiCommonHelper.java:1154)
	at com.kms.katalon.core.webui.keyword.internal.WebUIAbstractKeyword.findWebElement(WebUIAbstractKeyword.groovy:27)
	at com.kms.katalon.core.webui.keyword.internal.WebUIAbstractKeyword.findWebElement(WebUIAbstractKeyword.groovy:26)
	at com.kms.katalon.core.webui.keyword.builtin.ClickKeyword$_click_closure1.doCall(ClickKeyword.groovy:67)
	at com.kms.katalon.core.webui.keyword.builtin.ClickKeyword$_click_closure1.call(ClickKeyword.groovy)
	at com.kms.katalon.core.webui.keyword.internal.WebUIKeywordMain.runKeyword(WebUIKeywordMain.groovy:20)
	at com.kms.katalon.core.webui.keyword.builtin.ClickKeyword.click(ClickKeyword.groovy:102)
	at com.kms.katalon.core.webui.keyword.builtin.ClickKeyword.execute(ClickKeyword.groovy:43)
	at com.kms.katalon.core.keyword.internal.KeywordExecutor.executeKeywordForPlatform(KeywordExecutor.groovy:72)
	at com.kms.katalon.core.webui.keyword.WebUiBuiltInKeywords.click(WebUiBuiltInKeywords.groovy:616)
	at com.kms.katalon.core.webui.keyword.WebUiBuiltInKeywords$click$3.call(Unknown Source)
	at Script1576921350643.run(Script1576921350643.groovy:29)
	... 13 more
)

2019-12-22 01:21:20 - [MESSAGE][INFO] - Unable to find the element located by 'By.xpath: //h1[@id='confirmModalLabel']/span'. Please recheck the objects properties to make sure the desired element is located. 

2019-12-22 01:21:20 - [MESSAGE][FAILED] - Unable to click on object 'Object Repository/Page_ Town Square - FirstTeam Mattermost/span_Your status is set to Away' (Root cause: com.kms.katalon.core.exception.StepFailedException: Unable to click on object 'Object Repository/Page_ Town Square - FirstTeam Mattermost/span_Your status is set to Away'
	at com.kms.katalon.core.webui.keyword.internal.WebUIKeywordMain.stepFailed(WebUIKeywordMain.groovy:64)
	at com.kms.katalon.core.webui.keyword.internal.WebUIKeywordMain.runKeyword(WebUIKeywordMain.groovy:26)
	at com.kms.katalon.core.webui.keyword.builtin.ClickKeyword.click(ClickKeyword.groovy:102)
	at com.kms.katalon.core.webui.keyword.builtin.ClickKeyword.execute(ClickKeyword.groovy:43)
	at com.kms.katalon.core.keyword.internal.KeywordExecutor.executeKeywordForPlatform(KeywordExecutor.groovy:72)
	at com.kms.katalon.core.webui.keyword.WebUiBuiltInKeywords.click(WebUiBuiltInKeywords.groovy:616)
	at com.kms.katalon.core.webui.keyword.WebUiBuiltInKeywords$click$3.call(Unknown Source)
	at TestCase47ShowPopupAwayStatus.run(TestCase47ShowPopupAwayStatus:29)
	at com.kms.katalon.core.main.ScriptEngine.run(ScriptEngine.java:194)
	at com.kms.katalon.core.main.ScriptEngine.runScriptAsRawText(ScriptEngine.java:119)
	at com.kms.katalon.core.main.TestCaseExecutor.runScript(TestCaseExecutor.java:337)
	at com.kms.katalon.core.main.TestCaseExecutor.doExecute(TestCaseExecutor.java:328)
	at com.kms.katalon.core.main.TestCaseExecutor.processExecutionPhase(TestCaseExecutor.java:307)
	at com.kms.katalon.core.main.TestCaseExecutor.accessMainPhase(TestCaseExecutor.java:299)
	at com.kms.katalon.core.main.TestCaseExecutor.execute(TestCaseExecutor.java:233)
	at com.kms.katalon.core.main.TestSuiteExecutor.accessTestCaseMainPhase(TestSuiteExecutor.java:169)
	at com.kms.katalon.core.main.TestSuiteExecutor.accessTestSuiteMainPhase(TestSuiteExecutor.java:142)
	at com.kms.katalon.core.main.TestSuiteExecutor.execute(TestSuiteExecutor.java:91)
	at com.kms.katalon.core.main.TestCaseMain.startTestSuite(TestCaseMain.java:157)
	at com.kms.katalon.core.main.TestCaseMain$startTestSuite$0.call(Unknown Source)
	at TempTestSuite1576950821278.run(TempTestSuite1576950821278.groovy:36)
Caused by: com.kms.katalon.core.webui.exception.WebElementNotFoundException: Web element with id: 'Object Repository/Page_ Town Square - FirstTeam Mattermost/span_Your status is set to Away' located by 'By.xpath: //h1[@id='confirmModalLabel']/span' not found
	at com.kms.katalon.core.webui.common.WebUiCommonHelper.findWebElement(WebUiCommonHelper.java:1154)
	at com.kms.katalon.core.webui.keyword.internal.WebUIAbstractKeyword.findWebElement(WebUIAbstractKeyword.groovy:27)
	at com.kms.katalon.core.webui.keyword.internal.WebUIAbstractKeyword.findWebElement(WebUIAbstractKeyword.groovy:26)
	at com.kms.katalon.core.webui.keyword.builtin.ClickKeyword$_click_closure1.doCall(ClickKeyword.groovy:67)
	at com.kms.katalon.core.webui.keyword.builtin.ClickKeyword$_click_closure1.call(ClickKeyword.groovy)
	at com.kms.katalon.core.webui.keyword.internal.WebUIKeywordMain.runKeyword(WebUIKeywordMain.groovy:20)
	at com.kms.katalon.core.webui.keyword.builtin.ClickKeyword.click(ClickKeyword.groovy:102)
	at com.kms.katalon.core.webui.keyword.builtin.ClickKeyword.execute(ClickKeyword.groovy:43)
	at com.kms.katalon.core.keyword.internal.KeywordExecutor.executeKeywordForPlatform(KeywordExecutor.groovy:72)
	at com.kms.katalon.core.webui.keyword.WebUiBuiltInKeywords.click(WebUiBuiltInKeywords.groovy:616)
	at com.kms.katalon.core.webui.keyword.WebUiBuiltInKeywords$click$3.call(Unknown Source)
	at Script1576921350643.run(Script1576921350643.groovy:29)
	... 13 more
)
[[ATTACHMENT|C:\\Users\\Gia Nguyen\\Desktop\\CS300AutomaticWebTesting\\Reports\\20191222_005341\\Run All Test Cases\\20191222_005341\\1576952480765.png]]]]></system-out>
         <system-err><![CDATA[2019-12-22 01:20:29 - [TEST_CASE][FAILED] - Test Cases/TestCase47ShowPopupAwayStatus: Test Cases/TestCase47ShowPopupAwayStatus FAILED.
Reason:
com.kms.katalon.core.exception.StepFailedException: Unable to click on object 'Object Repository/Page_ Town Square - FirstTeam Mattermost/span_Your status is set to Away'
	at com.kms.katalon.core.webui.keyword.internal.WebUIKeywordMain.stepFailed(WebUIKeywordMain.groovy:64)
	at com.kms.katalon.core.webui.keyword.internal.WebUIKeywordMain.runKeyword(WebUIKeywordMain.groovy:26)
	at com.kms.katalon.core.webui.keyword.builtin.ClickKeyword.click(ClickKeyword.groovy:102)
	at com.kms.katalon.core.webui.keyword.builtin.ClickKeyword.execute(ClickKeyword.groovy:43)
	at com.kms.katalon.core.keyword.internal.KeywordExecutor.executeKeywordForPlatform(KeywordExecutor.groovy:72)
	at com.kms.katalon.core.webui.keyword.WebUiBuiltInKeywords.click(WebUiBuiltInKeywords.groovy:616)
	at com.kms.katalon.core.webui.keyword.WebUiBuiltInKeywords$click$3.call(Unknown Source)
	at TestCase47ShowPopupAwayStatus.run(TestCase47ShowPopupAwayStatus:29)
	at com.kms.katalon.core.main.ScriptEngine.run(ScriptEngine.java:194)
	at com.kms.katalon.core.main.ScriptEngine.runScriptAsRawText(ScriptEngine.java:119)
	at com.kms.katalon.core.main.TestCaseExecutor.runScript(TestCaseExecutor.java:337)
	at com.kms.katalon.core.main.TestCaseExecutor.doExecute(TestCaseExecutor.java:328)
	at com.kms.katalon.core.main.TestCaseExecutor.processExecutionPhase(TestCaseExecutor.java:307)
	at com.kms.katalon.core.main.TestCaseExecutor.accessMainPhase(TestCaseExecutor.java:299)
	at com.kms.katalon.core.main.TestCaseExecutor.execute(TestCaseExecutor.java:233)
	at com.kms.katalon.core.main.TestSuiteExecutor.accessTestCaseMainPhase(TestSuiteExecutor.java:169)
	at com.kms.katalon.core.main.TestSuiteExecutor.accessTestSuiteMainPhase(TestSuiteExecutor.java:142)
	at com.kms.katalon.core.main.TestSuiteExecutor.execute(TestSuiteExecutor.java:91)
	at com.kms.katalon.core.main.TestCaseMain.startTestSuite(TestCaseMain.java:157)
	at com.kms.katalon.core.main.TestCaseMain$startTestSuite$0.call(Unknown Source)
	at TempTestSuite1576950821278.run(TempTestSuite1576950821278.groovy:36)
Caused by: com.kms.katalon.core.webui.exception.WebElementNotFoundException: Web element with id: 'Object Repository/Page_ Town Square - FirstTeam Mattermost/span_Your status is set to Away' located by 'By.xpath: //h1[@id='confirmModalLabel']/span' not found
	at com.kms.katalon.core.webui.common.WebUiCommonHelper.findWebElement(WebUiCommonHelper.java:1154)
	at com.kms.katalon.core.webui.keyword.internal.WebUIAbstractKeyword.findWebElement(WebUIAbstractKeyword.groovy:27)
	at com.kms.katalon.core.webui.keyword.internal.WebUIAbstractKeyword.findWebElement(WebUIAbstractKeyword.groovy:26)
	at com.kms.katalon.core.webui.keyword.builtin.ClickKeyword$_click_closure1.doCall(ClickKeyword.groovy:67)
	at com.kms.katalon.core.webui.keyword.builtin.ClickKeyword$_click_closure1.call(ClickKeyword.groovy)
	at com.kms.katalon.core.webui.keyword.internal.WebUIKeywordMain.runKeyword(WebUIKeywordMain.groovy:20)
	... 19 more]]></system-err>
      </testcase>
      <testcase name="Test Cases/TestCase48AdminConsole" time="57.139" classname="Test Cases/TestCase48AdminConsole" status="FAILED">
         <failure type="FAILED" message="Test Cases/TestCase48AdminConsole FAILED.
Reason:
com.kms.katalon.core.exception.StepFailedException: Unable to click on object 'Object Repository/Page_ Town Square - FirstTeam Mattermost/div_Fi (12)'
	at com.kms.katalon.core.webui.keyword.internal.WebUIKeywordMain.stepFailed(WebUIKeywordMain.groovy:64)
	at com.kms.katalon.core.webui.keyword.internal.WebUIKeywordMain.runKeyword(WebUIKeywordMain.groovy:26)
	at com.kms.katalon.core.webui.keyword.builtin.ClickKeyword.click(ClickKeyword.groovy:102)
	at com.kms.katalon.core.webui.keyword.builtin.ClickKeyword.execute(ClickKeyword.groovy:43)
	at com.kms.katalon.core.keyword.internal.KeywordExecutor.executeKeywordForPlatform(KeywordExecutor.groovy:72)
	at com.kms.katalon.core.webui.keyword.WebUiBuiltInKeywords.click(WebUiBuiltInKeywords.groovy:616)
	at com.kms.katalon.core.webui.keyword.WebUiBuiltInKeywords$click$3.call(Unknown Source)
	at TestCase48AdminConsole.run(TestCase48AdminConsole:29)
	at com.kms.katalon.core.main.ScriptEngine.run(ScriptEngine.java:194)
	at com.kms.katalon.core.main.ScriptEngine.runScriptAsRawText(ScriptEngine.java:119)
	at com.kms.katalon.core.main.TestCaseExecutor.runScript(TestCaseExecutor.java:337)
	at com.kms.katalon.core.main.TestCaseExecutor.doExecute(TestCaseExecutor.java:328)
	at com.kms.katalon.core.main.TestCaseExecutor.processExecutionPhase(TestCaseExecutor.java:307)
	at com.kms.katalon.core.main.TestCaseExecutor.accessMainPhase(TestCaseExecutor.java:299)
	at com.kms.katalon.core.main.TestCaseExecutor.execute(TestCaseExecutor.java:233)
	at com.kms.katalon.core.main.TestSuiteExecutor.accessTestCaseMainPhase(TestSuiteExecutor.java:169)
	at com.kms.katalon.core.main.TestSuiteExecutor.accessTestSuiteMainPhase(TestSuiteExecutor.java:142)
	at com.kms.katalon.core.main.TestSuiteExecutor.execute(TestSuiteExecutor.java:91)
	at com.kms.katalon.core.main.TestCaseMain.startTestSuite(TestCaseMain.java:157)
	at com.kms.katalon.core.main.TestCaseMain$startTestSuite$0.call(Unknown Source)
	at TempTestSuite1576950821278.run(TempTestSuite1576950821278.groovy:36)
Caused by: com.kms.katalon.core.webui.exception.WebElementNotFoundException: Web element with id: 'Object Repository/Page_ Town Square - FirstTeam Mattermost/div_Fi (12)' located by 'By.xpath: //a[@id='firstteamTeamButton']/div/div/div' not found
	at com.kms.katalon.core.webui.common.WebUiCommonHelper.findWebElement(WebUiCommonHelper.java:1154)
	at com.kms.katalon.core.webui.keyword.internal.WebUIAbstractKeyword.findWebElement(WebUIAbstractKeyword.groovy:27)
	at com.kms.katalon.core.webui.keyword.internal.WebUIAbstractKeyword.findWebElement(WebUIAbstractKeyword.groovy:26)
	at com.kms.katalon.core.webui.keyword.builtin.ClickKeyword$_click_closure1.doCall(ClickKeyword.groovy:67)
	at com.kms.katalon.core.webui.keyword.builtin.ClickKeyword$_click_closure1.call(ClickKeyword.groovy)
	at com.kms.katalon.core.webui.keyword.internal.WebUIKeywordMain.runKeyword(WebUIKeywordMain.groovy:20)
	... 19 more
"/>
         <system-out><![CDATA[2019-12-22 01:21:20 - [TEST_CASE][FAILED] - Test Cases/TestCase48AdminConsole: Test Cases/TestCase48AdminConsole FAILED.
Reason:
com.kms.katalon.core.exception.StepFailedException: Unable to click on object 'Object Repository/Page_ Town Square - FirstTeam Mattermost/div_Fi (12)'
	at com.kms.katalon.core.webui.keyword.internal.WebUIKeywordMain.stepFailed(WebUIKeywordMain.groovy:64)
	at com.kms.katalon.core.webui.keyword.internal.WebUIKeywordMain.runKeyword(WebUIKeywordMain.groovy:26)
	at com.kms.katalon.core.webui.keyword.builtin.ClickKeyword.click(ClickKeyword.groovy:102)
	at com.kms.katalon.core.webui.keyword.builtin.ClickKeyword.execute(ClickKeyword.groovy:43)
	at com.kms.katalon.core.keyword.internal.KeywordExecutor.executeKeywordForPlatform(KeywordExecutor.groovy:72)
	at com.kms.katalon.core.webui.keyword.WebUiBuiltInKeywords.click(WebUiBuiltInKeywords.groovy:616)
	at com.kms.katalon.core.webui.keyword.WebUiBuiltInKeywords$click$3.call(Unknown Source)
	at TestCase48AdminConsole.run(TestCase48AdminConsole:29)
	at com.kms.katalon.core.main.ScriptEngine.run(ScriptEngine.java:194)
	at com.kms.katalon.core.main.ScriptEngine.runScriptAsRawText(ScriptEngine.java:119)
	at com.kms.katalon.core.main.TestCaseExecutor.runScript(TestCaseExecutor.java:337)
	at com.kms.katalon.core.main.TestCaseExecutor.doExecute(TestCaseExecutor.java:328)
	at com.kms.katalon.core.main.TestCaseExecutor.processExecutionPhase(TestCaseExecutor.java:307)
	at com.kms.katalon.core.main.TestCaseExecutor.accessMainPhase(TestCaseExecutor.java:299)
	at com.kms.katalon.core.main.TestCaseExecutor.execute(TestCaseExecutor.java:233)
	at com.kms.katalon.core.main.TestSuiteExecutor.accessTestCaseMainPhase(TestSuiteExecutor.java:169)
	at com.kms.katalon.core.main.TestSuiteExecutor.accessTestSuiteMainPhase(TestSuiteExecutor.java:142)
	at com.kms.katalon.core.main.TestSuiteExecutor.execute(TestSuiteExecutor.java:91)
	at com.kms.katalon.core.main.TestCaseMain.startTestSuite(TestCaseMain.java:157)
	at com.kms.katalon.core.main.TestCaseMain$startTestSuite$0.call(Unknown Source)
	at TempTestSuite1576950821278.run(TempTestSuite1576950821278.groovy:36)
Caused by: com.kms.katalon.core.webui.exception.WebElementNotFoundException: Web element with id: 'Object Repository/Page_ Town Square - FirstTeam Mattermost/div_Fi (12)' located by 'By.xpath: //a[@id='firstteamTeamButton']/div/div/div' not found
	at com.kms.katalon.core.webui.common.WebUiCommonHelper.findWebElement(WebUiCommonHelper.java:1154)
	at com.kms.katalon.core.webui.keyword.internal.WebUIAbstractKeyword.findWebElement(WebUIAbstractKeyword.groovy:27)
	at com.kms.katalon.core.webui.keyword.internal.WebUIAbstractKeyword.findWebElement(WebUIAbstractKeyword.groovy:26)
	at com.kms.katalon.core.webui.keyword.builtin.ClickKeyword$_click_closure1.doCall(ClickKeyword.groovy:67)
	at com.kms.katalon.core.webui.keyword.builtin.ClickKeyword$_click_closure1.call(ClickKeyword.groovy)
	at com.kms.katalon.core.webui.keyword.internal.WebUIKeywordMain.runKeyword(WebUIKeywordMain.groovy:20)
	... 19 more


2019-12-22 01:21:20 - [TEST_STEP][PASSED] - openBrowser(""): Browser is opened with url: ''

2019-12-22 01:21:20 - [MESSAGE][WARNING] - A browser is already opened. Closing browser and opening a new one

2019-12-22 01:21:21 - [MESSAGE][INFO] - Starting 'Firefox' driver

2019-12-22 01:21:24 - [MESSAGE][PASSED] - Browser is opened with url: ''

2019-12-22 01:21:24 - [TEST_STEP][PASSED] - navigateToUrl("https://cs300testautomatic.herokuapp.com/"): Navigate to 'https://cs300testautomatic.herokuapp.com/' successfully

2019-12-22 01:21:28 - [MESSAGE][PASSED] - Navigate to 'https://cs300testautomatic.herokuapp.com/' successfully

2019-12-22 01:21:28 - [TEST_STEP][PASSED] - setText(findTestObject("Page_Mattermost/input_All team communication in one place s_703ef5 (34)"), "giabeuu@gmail.com"): Text 'giabeuu@gmail.com' is set on object 'Object Repository/Page_Mattermost/input_All team communication in one place s_703ef5 (34)'

2019-12-22 01:21:33 - [MESSAGE][PASSED] - Text 'giabeuu@gmail.com' is set on object 'Object Repository/Page_Mattermost/input_All team communication in one place s_703ef5 (34)'

2019-12-22 01:21:33 - [TEST_STEP][PASSED] - setEncryptedText(findTestObject("Page_Mattermost/input_All team communication in one place s_2f2733 (34)"), "GoUae4B8Jrc="): Text ****** has been set on object 'Object Repository/Page_Mattermost/input_All team communication in one place s_2f2733 (34)'

2019-12-22 01:21:34 - [MESSAGE][PASSED] - Text ****** has been set on object 'Object Repository/Page_Mattermost/input_All team communication in one place s_2f2733 (34)'

2019-12-22 01:21:34 - [TEST_STEP][PASSED] - click(findTestObject("Page_Mattermost/button_Sign in (23)")): Object: 'Object Repository/Page_Mattermost/button_Sign in (23)' is clicked on

2019-12-22 01:21:35 - [MESSAGE][PASSED] - Object: 'Object Repository/Page_Mattermost/button_Sign in (23)' is clicked on

2019-12-22 01:21:35 - [TEST_STEP][FAILED] - click(findTestObject("Page_ Town Square - FirstTeam Mattermost/div_Fi (12)")): Unable to click on object 'Object Repository/Page_ Town Square - FirstTeam Mattermost/div_Fi (12)' (Root cause: com.kms.katalon.core.exception.StepFailedException: Unable to click on object 'Object Repository/Page_ Town Square - FirstTeam Mattermost/div_Fi (12)'
	at com.kms.katalon.core.webui.keyword.internal.WebUIKeywordMain.stepFailed(WebUIKeywordMain.groovy:64)
	at com.kms.katalon.core.webui.keyword.internal.WebUIKeywordMain.runKeyword(WebUIKeywordMain.groovy:26)
	at com.kms.katalon.core.webui.keyword.builtin.ClickKeyword.click(ClickKeyword.groovy:102)
	at com.kms.katalon.core.webui.keyword.builtin.ClickKeyword.execute(ClickKeyword.groovy:43)
	at com.kms.katalon.core.keyword.internal.KeywordExecutor.executeKeywordForPlatform(KeywordExecutor.groovy:72)
	at com.kms.katalon.core.webui.keyword.WebUiBuiltInKeywords.click(WebUiBuiltInKeywords.groovy:616)
	at com.kms.katalon.core.webui.keyword.WebUiBuiltInKeywords$click$3.call(Unknown Source)
	at TestCase48AdminConsole.run(TestCase48AdminConsole:29)
	at com.kms.katalon.core.main.ScriptEngine.run(ScriptEngine.java:194)
	at com.kms.katalon.core.main.ScriptEngine.runScriptAsRawText(ScriptEngine.java:119)
	at com.kms.katalon.core.main.TestCaseExecutor.runScript(TestCaseExecutor.java:337)
	at com.kms.katalon.core.main.TestCaseExecutor.doExecute(TestCaseExecutor.java:328)
	at com.kms.katalon.core.main.TestCaseExecutor.processExecutionPhase(TestCaseExecutor.java:307)
	at com.kms.katalon.core.main.TestCaseExecutor.accessMainPhase(TestCaseExecutor.java:299)
	at com.kms.katalon.core.main.TestCaseExecutor.execute(TestCaseExecutor.java:233)
	at com.kms.katalon.core.main.TestSuiteExecutor.accessTestCaseMainPhase(TestSuiteExecutor.java:169)
	at com.kms.katalon.core.main.TestSuiteExecutor.accessTestSuiteMainPhase(TestSuiteExecutor.java:142)
	at com.kms.katalon.core.main.TestSuiteExecutor.execute(TestSuiteExecutor.java:91)
	at com.kms.katalon.core.main.TestCaseMain.startTestSuite(TestCaseMain.java:157)
	at com.kms.katalon.core.main.TestCaseMain$startTestSuite$0.call(Unknown Source)
	at TempTestSuite1576950821278.run(TempTestSuite1576950821278.groovy:36)
Caused by: com.kms.katalon.core.webui.exception.WebElementNotFoundException: Web element with id: 'Object Repository/Page_ Town Square - FirstTeam Mattermost/div_Fi (12)' located by 'By.xpath: //a[@id='firstteamTeamButton']/div/div/div' not found
	at com.kms.katalon.core.webui.common.WebUiCommonHelper.findWebElement(WebUiCommonHelper.java:1154)
	at com.kms.katalon.core.webui.keyword.internal.WebUIAbstractKeyword.findWebElement(WebUIAbstractKeyword.groovy:27)
	at com.kms.katalon.core.webui.keyword.internal.WebUIAbstractKeyword.findWebElement(WebUIAbstractKeyword.groovy:26)
	at com.kms.katalon.core.webui.keyword.builtin.ClickKeyword$_click_closure1.doCall(ClickKeyword.groovy:67)
	at com.kms.katalon.core.webui.keyword.builtin.ClickKeyword$_click_closure1.call(ClickKeyword.groovy)
	at com.kms.katalon.core.webui.keyword.internal.WebUIKeywordMain.runKeyword(WebUIKeywordMain.groovy:20)
	at com.kms.katalon.core.webui.keyword.builtin.ClickKeyword.click(ClickKeyword.groovy:102)
	at com.kms.katalon.core.webui.keyword.builtin.ClickKeyword.execute(ClickKeyword.groovy:43)
	at com.kms.katalon.core.keyword.internal.KeywordExecutor.executeKeywordForPlatform(KeywordExecutor.groovy:72)
	at com.kms.katalon.core.webui.keyword.WebUiBuiltInKeywords.click(WebUiBuiltInKeywords.groovy:616)
	at com.kms.katalon.core.webui.keyword.WebUiBuiltInKeywords$click$3.call(Unknown Source)
	at Script1576921437670.run(Script1576921437670.groovy:29)
	... 13 more
)

2019-12-22 01:22:17 - [MESSAGE][INFO] - Unable to find the element located by 'By.xpath: //a[@id='firstteamTeamButton']/div/div/div'. Please recheck the objects properties to make sure the desired element is located. 

2019-12-22 01:22:17 - [MESSAGE][FAILED] - Unable to click on object 'Object Repository/Page_ Town Square - FirstTeam Mattermost/div_Fi (12)' (Root cause: com.kms.katalon.core.exception.StepFailedException: Unable to click on object 'Object Repository/Page_ Town Square - FirstTeam Mattermost/div_Fi (12)'
	at com.kms.katalon.core.webui.keyword.internal.WebUIKeywordMain.stepFailed(WebUIKeywordMain.groovy:64)
	at com.kms.katalon.core.webui.keyword.internal.WebUIKeywordMain.runKeyword(WebUIKeywordMain.groovy:26)
	at com.kms.katalon.core.webui.keyword.builtin.ClickKeyword.click(ClickKeyword.groovy:102)
	at com.kms.katalon.core.webui.keyword.builtin.ClickKeyword.execute(ClickKeyword.groovy:43)
	at com.kms.katalon.core.keyword.internal.KeywordExecutor.executeKeywordForPlatform(KeywordExecutor.groovy:72)
	at com.kms.katalon.core.webui.keyword.WebUiBuiltInKeywords.click(WebUiBuiltInKeywords.groovy:616)
	at com.kms.katalon.core.webui.keyword.WebUiBuiltInKeywords$click$3.call(Unknown Source)
	at TestCase48AdminConsole.run(TestCase48AdminConsole:29)
	at com.kms.katalon.core.main.ScriptEngine.run(ScriptEngine.java:194)
	at com.kms.katalon.core.main.ScriptEngine.runScriptAsRawText(ScriptEngine.java:119)
	at com.kms.katalon.core.main.TestCaseExecutor.runScript(TestCaseExecutor.java:337)
	at com.kms.katalon.core.main.TestCaseExecutor.doExecute(TestCaseExecutor.java:328)
	at com.kms.katalon.core.main.TestCaseExecutor.processExecutionPhase(TestCaseExecutor.java:307)
	at com.kms.katalon.core.main.TestCaseExecutor.accessMainPhase(TestCaseExecutor.java:299)
	at com.kms.katalon.core.main.TestCaseExecutor.execute(TestCaseExecutor.java:233)
	at com.kms.katalon.core.main.TestSuiteExecutor.accessTestCaseMainPhase(TestSuiteExecutor.java:169)
	at com.kms.katalon.core.main.TestSuiteExecutor.accessTestSuiteMainPhase(TestSuiteExecutor.java:142)
	at com.kms.katalon.core.main.TestSuiteExecutor.execute(TestSuiteExecutor.java:91)
	at com.kms.katalon.core.main.TestCaseMain.startTestSuite(TestCaseMain.java:157)
	at com.kms.katalon.core.main.TestCaseMain$startTestSuite$0.call(Unknown Source)
	at TempTestSuite1576950821278.run(TempTestSuite1576950821278.groovy:36)
Caused by: com.kms.katalon.core.webui.exception.WebElementNotFoundException: Web element with id: 'Object Repository/Page_ Town Square - FirstTeam Mattermost/div_Fi (12)' located by 'By.xpath: //a[@id='firstteamTeamButton']/div/div/div' not found
	at com.kms.katalon.core.webui.common.WebUiCommonHelper.findWebElement(WebUiCommonHelper.java:1154)
	at com.kms.katalon.core.webui.keyword.internal.WebUIAbstractKeyword.findWebElement(WebUIAbstractKeyword.groovy:27)
	at com.kms.katalon.core.webui.keyword.internal.WebUIAbstractKeyword.findWebElement(WebUIAbstractKeyword.groovy:26)
	at com.kms.katalon.core.webui.keyword.builtin.ClickKeyword$_click_closure1.doCall(ClickKeyword.groovy:67)
	at com.kms.katalon.core.webui.keyword.builtin.ClickKeyword$_click_closure1.call(ClickKeyword.groovy)
	at com.kms.katalon.core.webui.keyword.internal.WebUIKeywordMain.runKeyword(WebUIKeywordMain.groovy:20)
	at com.kms.katalon.core.webui.keyword.builtin.ClickKeyword.click(ClickKeyword.groovy:102)
	at com.kms.katalon.core.webui.keyword.builtin.ClickKeyword.execute(ClickKeyword.groovy:43)
	at com.kms.katalon.core.keyword.internal.KeywordExecutor.executeKeywordForPlatform(KeywordExecutor.groovy:72)
	at com.kms.katalon.core.webui.keyword.WebUiBuiltInKeywords.click(WebUiBuiltInKeywords.groovy:616)
	at com.kms.katalon.core.webui.keyword.WebUiBuiltInKeywords$click$3.call(Unknown Source)
	at Script1576921437670.run(Script1576921437670.groovy:29)
	... 13 more
)
[[ATTACHMENT|C:\\Users\\Gia Nguyen\\Desktop\\CS300AutomaticWebTesting\\Reports\\20191222_005341\\Run All Test Cases\\20191222_005341\\1576952537912.png]]]]></system-out>
         <system-err><![CDATA[2019-12-22 01:21:20 - [TEST_CASE][FAILED] - Test Cases/TestCase48AdminConsole: Test Cases/TestCase48AdminConsole FAILED.
Reason:
com.kms.katalon.core.exception.StepFailedException: Unable to click on object 'Object Repository/Page_ Town Square - FirstTeam Mattermost/div_Fi (12)'
	at com.kms.katalon.core.webui.keyword.internal.WebUIKeywordMain.stepFailed(WebUIKeywordMain.groovy:64)
	at com.kms.katalon.core.webui.keyword.internal.WebUIKeywordMain.runKeyword(WebUIKeywordMain.groovy:26)
	at com.kms.katalon.core.webui.keyword.builtin.ClickKeyword.click(ClickKeyword.groovy:102)
	at com.kms.katalon.core.webui.keyword.builtin.ClickKeyword.execute(ClickKeyword.groovy:43)
	at com.kms.katalon.core.keyword.internal.KeywordExecutor.executeKeywordForPlatform(KeywordExecutor.groovy:72)
	at com.kms.katalon.core.webui.keyword.WebUiBuiltInKeywords.click(WebUiBuiltInKeywords.groovy:616)
	at com.kms.katalon.core.webui.keyword.WebUiBuiltInKeywords$click$3.call(Unknown Source)
	at TestCase48AdminConsole.run(TestCase48AdminConsole:29)
	at com.kms.katalon.core.main.ScriptEngine.run(ScriptEngine.java:194)
	at com.kms.katalon.core.main.ScriptEngine.runScriptAsRawText(ScriptEngine.java:119)
	at com.kms.katalon.core.main.TestCaseExecutor.runScript(TestCaseExecutor.java:337)
	at com.kms.katalon.core.main.TestCaseExecutor.doExecute(TestCaseExecutor.java:328)
	at com.kms.katalon.core.main.TestCaseExecutor.processExecutionPhase(TestCaseExecutor.java:307)
	at com.kms.katalon.core.main.TestCaseExecutor.accessMainPhase(TestCaseExecutor.java:299)
	at com.kms.katalon.core.main.TestCaseExecutor.execute(TestCaseExecutor.java:233)
	at com.kms.katalon.core.main.TestSuiteExecutor.accessTestCaseMainPhase(TestSuiteExecutor.java:169)
	at com.kms.katalon.core.main.TestSuiteExecutor.accessTestSuiteMainPhase(TestSuiteExecutor.java:142)
	at com.kms.katalon.core.main.TestSuiteExecutor.execute(TestSuiteExecutor.java:91)
	at com.kms.katalon.core.main.TestCaseMain.startTestSuite(TestCaseMain.java:157)
	at com.kms.katalon.core.main.TestCaseMain$startTestSuite$0.call(Unknown Source)
	at TempTestSuite1576950821278.run(TempTestSuite1576950821278.groovy:36)
Caused by: com.kms.katalon.core.webui.exception.WebElementNotFoundException: Web element with id: 'Object Repository/Page_ Town Square - FirstTeam Mattermost/div_Fi (12)' located by 'By.xpath: //a[@id='firstteamTeamButton']/div/div/div' not found
	at com.kms.katalon.core.webui.common.WebUiCommonHelper.findWebElement(WebUiCommonHelper.java:1154)
	at com.kms.katalon.core.webui.keyword.internal.WebUIAbstractKeyword.findWebElement(WebUIAbstractKeyword.groovy:27)
	at com.kms.katalon.core.webui.keyword.internal.WebUIAbstractKeyword.findWebElement(WebUIAbstractKeyword.groovy:26)
	at com.kms.katalon.core.webui.keyword.builtin.ClickKeyword$_click_closure1.doCall(ClickKeyword.groovy:67)
	at com.kms.katalon.core.webui.keyword.builtin.ClickKeyword$_click_closure1.call(ClickKeyword.groovy)
	at com.kms.katalon.core.webui.keyword.internal.WebUIKeywordMain.runKeyword(WebUIKeywordMain.groovy:20)
	... 19 more]]></system-err>
      </testcase>
      <testcase name="Test Cases/TestCase49LoginMultipleUsers" time="10.963" classname="Test Cases/TestCase49LoginMultipleUsers" status="FAILED">
         <failure type="FAILED" message="Test Cases/TestCase49LoginMultipleUsers FAILED.
Reason:
com.kms.katalon.core.exception.StepFailedException: Unable to set encrypted text for object 'Object Repository/Page_Mattermost/input_All team communication in one place s_2f2733'
	at com.kms.katalon.core.webui.keyword.internal.WebUIKeywordMain.stepFailed(WebUIKeywordMain.groovy:64)
	at com.kms.katalon.core.webui.keyword.internal.WebUIKeywordMain.runKeyword(WebUIKeywordMain.groovy:26)
	at com.kms.katalon.core.webui.keyword.builtin.SetEncryptedTextKeyword.setEncryptedText(SetEncryptedTextKeyword.groovy:65)
	at com.kms.katalon.core.webui.keyword.builtin.SetEncryptedTextKeyword.execute(SetEncryptedTextKeyword.groovy:34)
	at com.kms.katalon.core.keyword.internal.KeywordExecutor.executeKeywordForPlatform(KeywordExecutor.groovy:72)
	at com.kms.katalon.core.webui.keyword.WebUiBuiltInKeywords.setEncryptedText(WebUiBuiltInKeywords.groovy:981)
	at com.kms.katalon.core.webui.keyword.WebUiBuiltInKeywords$setEncryptedText$2.call(Unknown Source)
	at TestCase49LoginMultipleUsers.run(TestCase49LoginMultipleUsers:25)
	at com.kms.katalon.core.main.ScriptEngine.run(ScriptEngine.java:194)
	at com.kms.katalon.core.main.ScriptEngine.runScriptAsRawText(ScriptEngine.java:119)
	at com.kms.katalon.core.main.TestCaseExecutor.runScript(TestCaseExecutor.java:337)
	at com.kms.katalon.core.main.TestCaseExecutor.doExecute(TestCaseExecutor.java:328)
	at com.kms.katalon.core.main.TestCaseExecutor.processExecutionPhase(TestCaseExecutor.java:307)
	at com.kms.katalon.core.main.TestCaseExecutor.accessMainPhase(TestCaseExecutor.java:299)
	at com.kms.katalon.core.main.TestCaseExecutor.execute(TestCaseExecutor.java:233)
	at com.kms.katalon.core.main.TestSuiteExecutor.accessTestCaseMainPhase(TestSuiteExecutor.java:169)
	at com.kms.katalon.core.main.TestSuiteExecutor.accessTestSuiteMainPhase(TestSuiteExecutor.java:142)
	at com.kms.katalon.core.main.TestSuiteExecutor.execute(TestSuiteExecutor.java:91)
	at com.kms.katalon.core.main.TestCaseMain.startTestSuite(TestCaseMain.java:157)
	at com.kms.katalon.core.main.TestCaseMain$startTestSuite$0.call(Unknown Source)
	at TempTestSuite1576950821278.run(TempTestSuite1576950821278.groovy:36)
Caused by: javax.crypto.IllegalBlockSizeException: Input length must be multiple of 8 when decrypting with padded cipher
	at com.sun.crypto.provider.CipherCore.doFinal(CipherCore.java:936)
	at com.sun.crypto.provider.CipherCore.doFinal(CipherCore.java:847)
	at com.sun.crypto.provider.PKCS12PBECipherCore.implDoFinal(PKCS12PBECipherCore.java:399)
	at com.sun.crypto.provider.PKCS12PBECipherCore$PBEWithSHA1AndDESede.engineDoFinal(PKCS12PBECipherCore.java:431)
	at com.kms.katalon.util.CryptoUtil.decode(CryptoUtil.java:86)
	at com.kms.katalon.core.webui.keyword.builtin.SetEncryptedTextKeyword$_setEncryptedText_closure1.doCall(SetEncryptedTextKeyword.groovy:48)
	at com.kms.katalon.core.webui.keyword.builtin.SetEncryptedTextKeyword$_setEncryptedText_closure1.call(SetEncryptedTextKeyword.groovy)
	at com.kms.katalon.core.webui.keyword.internal.WebUIKeywordMain.runKeyword(WebUIKeywordMain.groovy:20)
	... 19 more
"/>
         <system-out><![CDATA[2019-12-22 01:22:17 - [TEST_CASE][FAILED] - Test Cases/TestCase49LoginMultipleUsers: Test Cases/TestCase49LoginMultipleUsers FAILED.
Reason:
com.kms.katalon.core.exception.StepFailedException: Unable to set encrypted text for object 'Object Repository/Page_Mattermost/input_All team communication in one place s_2f2733'
	at com.kms.katalon.core.webui.keyword.internal.WebUIKeywordMain.stepFailed(WebUIKeywordMain.groovy:64)
	at com.kms.katalon.core.webui.keyword.internal.WebUIKeywordMain.runKeyword(WebUIKeywordMain.groovy:26)
	at com.kms.katalon.core.webui.keyword.builtin.SetEncryptedTextKeyword.setEncryptedText(SetEncryptedTextKeyword.groovy:65)
	at com.kms.katalon.core.webui.keyword.builtin.SetEncryptedTextKeyword.execute(SetEncryptedTextKeyword.groovy:34)
	at com.kms.katalon.core.keyword.internal.KeywordExecutor.executeKeywordForPlatform(KeywordExecutor.groovy:72)
	at com.kms.katalon.core.webui.keyword.WebUiBuiltInKeywords.setEncryptedText(WebUiBuiltInKeywords.groovy:981)
	at com.kms.katalon.core.webui.keyword.WebUiBuiltInKeywords$setEncryptedText$2.call(Unknown Source)
	at TestCase49LoginMultipleUsers.run(TestCase49LoginMultipleUsers:25)
	at com.kms.katalon.core.main.ScriptEngine.run(ScriptEngine.java:194)
	at com.kms.katalon.core.main.ScriptEngine.runScriptAsRawText(ScriptEngine.java:119)
	at com.kms.katalon.core.main.TestCaseExecutor.runScript(TestCaseExecutor.java:337)
	at com.kms.katalon.core.main.TestCaseExecutor.doExecute(TestCaseExecutor.java:328)
	at com.kms.katalon.core.main.TestCaseExecutor.processExecutionPhase(TestCaseExecutor.java:307)
	at com.kms.katalon.core.main.TestCaseExecutor.accessMainPhase(TestCaseExecutor.java:299)
	at com.kms.katalon.core.main.TestCaseExecutor.execute(TestCaseExecutor.java:233)
	at com.kms.katalon.core.main.TestSuiteExecutor.accessTestCaseMainPhase(TestSuiteExecutor.java:169)
	at com.kms.katalon.core.main.TestSuiteExecutor.accessTestSuiteMainPhase(TestSuiteExecutor.java:142)
	at com.kms.katalon.core.main.TestSuiteExecutor.execute(TestSuiteExecutor.java:91)
	at com.kms.katalon.core.main.TestCaseMain.startTestSuite(TestCaseMain.java:157)
	at com.kms.katalon.core.main.TestCaseMain$startTestSuite$0.call(Unknown Source)
	at TempTestSuite1576950821278.run(TempTestSuite1576950821278.groovy:36)
Caused by: javax.crypto.IllegalBlockSizeException: Input length must be multiple of 8 when decrypting with padded cipher
	at com.sun.crypto.provider.CipherCore.doFinal(CipherCore.java:936)
	at com.sun.crypto.provider.CipherCore.doFinal(CipherCore.java:847)
	at com.sun.crypto.provider.PKCS12PBECipherCore.implDoFinal(PKCS12PBECipherCore.java:399)
	at com.sun.crypto.provider.PKCS12PBECipherCore$PBEWithSHA1AndDESede.engineDoFinal(PKCS12PBECipherCore.java:431)
	at com.kms.katalon.util.CryptoUtil.decode(CryptoUtil.java:86)
	at com.kms.katalon.core.webui.keyword.builtin.SetEncryptedTextKeyword$_setEncryptedText_closure1.doCall(SetEncryptedTextKeyword.groovy:48)
	at com.kms.katalon.core.webui.keyword.builtin.SetEncryptedTextKeyword$_setEncryptedText_closure1.call(SetEncryptedTextKeyword.groovy)
	at com.kms.katalon.core.webui.keyword.internal.WebUIKeywordMain.runKeyword(WebUIKeywordMain.groovy:20)
	... 19 more


2019-12-22 01:22:18 - [TEST_STEP][PASSED] - openBrowser(""): Browser is opened with url: ''

2019-12-22 01:22:18 - [MESSAGE][WARNING] - A browser is already opened. Closing browser and opening a new one

2019-12-22 01:22:18 - [MESSAGE][INFO] - Starting 'Firefox' driver

2019-12-22 01:22:21 - [MESSAGE][PASSED] - Browser is opened with url: ''

2019-12-22 01:22:21 - [TEST_STEP][PASSED] - navigateToUrl("https://cs300testautomatic.herokuapp.com/"): Navigate to 'https://cs300testautomatic.herokuapp.com/' successfully

2019-12-22 01:22:24 - [MESSAGE][PASSED] - Navigate to 'https://cs300testautomatic.herokuapp.com/' successfully

2019-12-22 01:22:24 - [TEST_STEP][PASSED] - setText(findTestObject("Page_Mattermost/input_All team communication in one place s_703ef5"), userEmail): Text 'giabeuu@gmail.com' is set on object 'Object Repository/Page_Mattermost/input_All team communication in one place s_703ef5'

2019-12-22 01:22:28 - [MESSAGE][PASSED] - Text 'giabeuu@gmail.com' is set on object 'Object Repository/Page_Mattermost/input_All team communication in one place s_703ef5'

2019-12-22 01:22:28 - [TEST_STEP][FAILED] - setEncryptedText(findTestObject("Page_Mattermost/input_All team communication in one place s_2f2733"), userPass): Unable to set encrypted text for object 'Object Repository/Page_Mattermost/input_All team communication in one place s_2f2733' (Root cause: com.kms.katalon.core.exception.StepFailedException: Unable to set encrypted text for object 'Object Repository/Page_Mattermost/input_All team communication in one place s_2f2733'
	at com.kms.katalon.core.webui.keyword.internal.WebUIKeywordMain.stepFailed(WebUIKeywordMain.groovy:64)
	at com.kms.katalon.core.webui.keyword.internal.WebUIKeywordMain.runKeyword(WebUIKeywordMain.groovy:26)
	at com.kms.katalon.core.webui.keyword.builtin.SetEncryptedTextKeyword.setEncryptedText(SetEncryptedTextKeyword.groovy:65)
	at com.kms.katalon.core.webui.keyword.builtin.SetEncryptedTextKeyword.execute(SetEncryptedTextKeyword.groovy:34)
	at com.kms.katalon.core.keyword.internal.KeywordExecutor.executeKeywordForPlatform(KeywordExecutor.groovy:72)
	at com.kms.katalon.core.webui.keyword.WebUiBuiltInKeywords.setEncryptedText(WebUiBuiltInKeywords.groovy:981)
	at com.kms.katalon.core.webui.keyword.WebUiBuiltInKeywords$setEncryptedText$2.call(Unknown Source)
	at TestCase49LoginMultipleUsers.run(TestCase49LoginMultipleUsers:25)
	at com.kms.katalon.core.main.ScriptEngine.run(ScriptEngine.java:194)
	at com.kms.katalon.core.main.ScriptEngine.runScriptAsRawText(ScriptEngine.java:119)
	at com.kms.katalon.core.main.TestCaseExecutor.runScript(TestCaseExecutor.java:337)
	at com.kms.katalon.core.main.TestCaseExecutor.doExecute(TestCaseExecutor.java:328)
	at com.kms.katalon.core.main.TestCaseExecutor.processExecutionPhase(TestCaseExecutor.java:307)
	at com.kms.katalon.core.main.TestCaseExecutor.accessMainPhase(TestCaseExecutor.java:299)
	at com.kms.katalon.core.main.TestCaseExecutor.execute(TestCaseExecutor.java:233)
	at com.kms.katalon.core.main.TestSuiteExecutor.accessTestCaseMainPhase(TestSuiteExecutor.java:169)
	at com.kms.katalon.core.main.TestSuiteExecutor.accessTestSuiteMainPhase(TestSuiteExecutor.java:142)
	at com.kms.katalon.core.main.TestSuiteExecutor.execute(TestSuiteExecutor.java:91)
	at com.kms.katalon.core.main.TestCaseMain.startTestSuite(TestCaseMain.java:157)
	at com.kms.katalon.core.main.TestCaseMain$startTestSuite$0.call(Unknown Source)
	at TempTestSuite1576950821278.run(TempTestSuite1576950821278.groovy:36)
Caused by: javax.crypto.IllegalBlockSizeException: Input length must be multiple of 8 when decrypting with padded cipher
	at com.sun.crypto.provider.CipherCore.doFinal(CipherCore.java:936)
	at com.sun.crypto.provider.CipherCore.doFinal(CipherCore.java:847)
	at com.sun.crypto.provider.PKCS12PBECipherCore.implDoFinal(PKCS12PBECipherCore.java:399)
	at com.sun.crypto.provider.PKCS12PBECipherCore$PBEWithSHA1AndDESede.engineDoFinal(PKCS12PBECipherCore.java:431)
	at com.kms.katalon.util.CryptoUtil.decode(CryptoUtil.java:86)
	at com.kms.katalon.core.webui.keyword.builtin.SetEncryptedTextKeyword$_setEncryptedText_closure1.doCall(SetEncryptedTextKeyword.groovy:48)
	at com.kms.katalon.core.webui.keyword.builtin.SetEncryptedTextKeyword$_setEncryptedText_closure1.call(SetEncryptedTextKeyword.groovy)
	at com.kms.katalon.core.webui.keyword.internal.WebUIKeywordMain.runKeyword(WebUIKeywordMain.groovy:20)
	at com.kms.katalon.core.webui.keyword.builtin.SetEncryptedTextKeyword.setEncryptedText(SetEncryptedTextKeyword.groovy:65)
	at com.kms.katalon.core.webui.keyword.builtin.SetEncryptedTextKeyword.execute(SetEncryptedTextKeyword.groovy:34)
	at com.kms.katalon.core.keyword.internal.KeywordExecutor.executeKeywordForPlatform(KeywordExecutor.groovy:72)
	at com.kms.katalon.core.webui.keyword.WebUiBuiltInKeywords.setEncryptedText(WebUiBuiltInKeywords.groovy:981)
	at com.kms.katalon.core.webui.keyword.WebUiBuiltInKeywords$setEncryptedText$2.call(Unknown Source)
	at Script1576941881312.run(Script1576941881312.groovy:25)
	... 13 more
)

2019-12-22 01:22:28 - [MESSAGE][FAILED] - Unable to set encrypted text for object 'Object Repository/Page_Mattermost/input_All team communication in one place s_2f2733' (Root cause: com.kms.katalon.core.exception.StepFailedException: Unable to set encrypted text for object 'Object Repository/Page_Mattermost/input_All team communication in one place s_2f2733'
	at com.kms.katalon.core.webui.keyword.internal.WebUIKeywordMain.stepFailed(WebUIKeywordMain.groovy:64)
	at com.kms.katalon.core.webui.keyword.internal.WebUIKeywordMain.runKeyword(WebUIKeywordMain.groovy:26)
	at com.kms.katalon.core.webui.keyword.builtin.SetEncryptedTextKeyword.setEncryptedText(SetEncryptedTextKeyword.groovy:65)
	at com.kms.katalon.core.webui.keyword.builtin.SetEncryptedTextKeyword.execute(SetEncryptedTextKeyword.groovy:34)
	at com.kms.katalon.core.keyword.internal.KeywordExecutor.executeKeywordForPlatform(KeywordExecutor.groovy:72)
	at com.kms.katalon.core.webui.keyword.WebUiBuiltInKeywords.setEncryptedText(WebUiBuiltInKeywords.groovy:981)
	at com.kms.katalon.core.webui.keyword.WebUiBuiltInKeywords$setEncryptedText$2.call(Unknown Source)
	at TestCase49LoginMultipleUsers.run(TestCase49LoginMultipleUsers:25)
	at com.kms.katalon.core.main.ScriptEngine.run(ScriptEngine.java:194)
	at com.kms.katalon.core.main.ScriptEngine.runScriptAsRawText(ScriptEngine.java:119)
	at com.kms.katalon.core.main.TestCaseExecutor.runScript(TestCaseExecutor.java:337)
	at com.kms.katalon.core.main.TestCaseExecutor.doExecute(TestCaseExecutor.java:328)
	at com.kms.katalon.core.main.TestCaseExecutor.processExecutionPhase(TestCaseExecutor.java:307)
	at com.kms.katalon.core.main.TestCaseExecutor.accessMainPhase(TestCaseExecutor.java:299)
	at com.kms.katalon.core.main.TestCaseExecutor.execute(TestCaseExecutor.java:233)
	at com.kms.katalon.core.main.TestSuiteExecutor.accessTestCaseMainPhase(TestSuiteExecutor.java:169)
	at com.kms.katalon.core.main.TestSuiteExecutor.accessTestSuiteMainPhase(TestSuiteExecutor.java:142)
	at com.kms.katalon.core.main.TestSuiteExecutor.execute(TestSuiteExecutor.java:91)
	at com.kms.katalon.core.main.TestCaseMain.startTestSuite(TestCaseMain.java:157)
	at com.kms.katalon.core.main.TestCaseMain$startTestSuite$0.call(Unknown Source)
	at TempTestSuite1576950821278.run(TempTestSuite1576950821278.groovy:36)
Caused by: javax.crypto.IllegalBlockSizeException: Input length must be multiple of 8 when decrypting with padded cipher
	at com.sun.crypto.provider.CipherCore.doFinal(CipherCore.java:936)
	at com.sun.crypto.provider.CipherCore.doFinal(CipherCore.java:847)
	at com.sun.crypto.provider.PKCS12PBECipherCore.implDoFinal(PKCS12PBECipherCore.java:399)
	at com.sun.crypto.provider.PKCS12PBECipherCore$PBEWithSHA1AndDESede.engineDoFinal(PKCS12PBECipherCore.java:431)
	at com.kms.katalon.util.CryptoUtil.decode(CryptoUtil.java:86)
	at com.kms.katalon.core.webui.keyword.builtin.SetEncryptedTextKeyword$_setEncryptedText_closure1.doCall(SetEncryptedTextKeyword.groovy:48)
	at com.kms.katalon.core.webui.keyword.builtin.SetEncryptedTextKeyword$_setEncryptedText_closure1.call(SetEncryptedTextKeyword.groovy)
	at com.kms.katalon.core.webui.keyword.internal.WebUIKeywordMain.runKeyword(WebUIKeywordMain.groovy:20)
	at com.kms.katalon.core.webui.keyword.builtin.SetEncryptedTextKeyword.setEncryptedText(SetEncryptedTextKeyword.groovy:65)
	at com.kms.katalon.core.webui.keyword.builtin.SetEncryptedTextKeyword.execute(SetEncryptedTextKeyword.groovy:34)
	at com.kms.katalon.core.keyword.internal.KeywordExecutor.executeKeywordForPlatform(KeywordExecutor.groovy:72)
	at com.kms.katalon.core.webui.keyword.WebUiBuiltInKeywords.setEncryptedText(WebUiBuiltInKeywords.groovy:981)
	at com.kms.katalon.core.webui.keyword.WebUiBuiltInKeywords$setEncryptedText$2.call(Unknown Source)
	at Script1576941881312.run(Script1576941881312.groovy:25)
	... 13 more
)
[[ATTACHMENT|C:\\Users\\Gia Nguyen\\Desktop\\CS300AutomaticWebTesting\\Reports\\20191222_005341\\Run All Test Cases\\20191222_005341\\1576952548905.png]]]]></system-out>
         <system-err><![CDATA[2019-12-22 01:22:17 - [TEST_CASE][FAILED] - Test Cases/TestCase49LoginMultipleUsers: Test Cases/TestCase49LoginMultipleUsers FAILED.
Reason:
com.kms.katalon.core.exception.StepFailedException: Unable to set encrypted text for object 'Object Repository/Page_Mattermost/input_All team communication in one place s_2f2733'
	at com.kms.katalon.core.webui.keyword.internal.WebUIKeywordMain.stepFailed(WebUIKeywordMain.groovy:64)
	at com.kms.katalon.core.webui.keyword.internal.WebUIKeywordMain.runKeyword(WebUIKeywordMain.groovy:26)
	at com.kms.katalon.core.webui.keyword.builtin.SetEncryptedTextKeyword.setEncryptedText(SetEncryptedTextKeyword.groovy:65)
	at com.kms.katalon.core.webui.keyword.builtin.SetEncryptedTextKeyword.execute(SetEncryptedTextKeyword.groovy:34)
	at com.kms.katalon.core.keyword.internal.KeywordExecutor.executeKeywordForPlatform(KeywordExecutor.groovy:72)
	at com.kms.katalon.core.webui.keyword.WebUiBuiltInKeywords.setEncryptedText(WebUiBuiltInKeywords.groovy:981)
	at com.kms.katalon.core.webui.keyword.WebUiBuiltInKeywords$setEncryptedText$2.call(Unknown Source)
	at TestCase49LoginMultipleUsers.run(TestCase49LoginMultipleUsers:25)
	at com.kms.katalon.core.main.ScriptEngine.run(ScriptEngine.java:194)
	at com.kms.katalon.core.main.ScriptEngine.runScriptAsRawText(ScriptEngine.java:119)
	at com.kms.katalon.core.main.TestCaseExecutor.runScript(TestCaseExecutor.java:337)
	at com.kms.katalon.core.main.TestCaseExecutor.doExecute(TestCaseExecutor.java:328)
	at com.kms.katalon.core.main.TestCaseExecutor.processExecutionPhase(TestCaseExecutor.java:307)
	at com.kms.katalon.core.main.TestCaseExecutor.accessMainPhase(TestCaseExecutor.java:299)
	at com.kms.katalon.core.main.TestCaseExecutor.execute(TestCaseExecutor.java:233)
	at com.kms.katalon.core.main.TestSuiteExecutor.accessTestCaseMainPhase(TestSuiteExecutor.java:169)
	at com.kms.katalon.core.main.TestSuiteExecutor.accessTestSuiteMainPhase(TestSuiteExecutor.java:142)
	at com.kms.katalon.core.main.TestSuiteExecutor.execute(TestSuiteExecutor.java:91)
	at com.kms.katalon.core.main.TestCaseMain.startTestSuite(TestCaseMain.java:157)
	at com.kms.katalon.core.main.TestCaseMain$startTestSuite$0.call(Unknown Source)
	at TempTestSuite1576950821278.run(TempTestSuite1576950821278.groovy:36)
Caused by: javax.crypto.IllegalBlockSizeException: Input length must be multiple of 8 when decrypting with padded cipher
	at com.sun.crypto.provider.CipherCore.doFinal(CipherCore.java:936)
	at com.sun.crypto.provider.CipherCore.doFinal(CipherCore.java:847)
	at com.sun.crypto.provider.PKCS12PBECipherCore.implDoFinal(PKCS12PBECipherCore.java:399)
	at com.sun.crypto.provider.PKCS12PBECipherCore$PBEWithSHA1AndDESede.engineDoFinal(PKCS12PBECipherCore.java:431)
	at com.kms.katalon.util.CryptoUtil.decode(CryptoUtil.java:86)
	at com.kms.katalon.core.webui.keyword.builtin.SetEncryptedTextKeyword$_setEncryptedText_closure1.doCall(SetEncryptedTextKeyword.groovy:48)
	at com.kms.katalon.core.webui.keyword.builtin.SetEncryptedTextKeyword$_setEncryptedText_closure1.call(SetEncryptedTextKeyword.groovy)
	at com.kms.katalon.core.webui.keyword.internal.WebUIKeywordMain.runKeyword(WebUIKeywordMain.groovy:20)
	... 19 more]]></system-err>
      </testcase>
      <testcase name="Test Cases/TestCase49LoginMultipleUsers" time="13.146" classname="Test Cases/TestCase49LoginMultipleUsers" status="FAILED">
         <failure type="FAILED" message="Test Cases/TestCase49LoginMultipleUsers FAILED.
Reason:
com.kms.katalon.core.exception.StepFailedException: Unable to set encrypted text for object 'Object Repository/Page_Mattermost/input_All team communication in one place s_2f2733'
	at com.kms.katalon.core.webui.keyword.internal.WebUIKeywordMain.stepFailed(WebUIKeywordMain.groovy:64)
	at com.kms.katalon.core.webui.keyword.internal.WebUIKeywordMain.runKeyword(WebUIKeywordMain.groovy:26)
	at com.kms.katalon.core.webui.keyword.builtin.SetEncryptedTextKeyword.setEncryptedText(SetEncryptedTextKeyword.groovy:65)
	at com.kms.katalon.core.webui.keyword.builtin.SetEncryptedTextKeyword.execute(SetEncryptedTextKeyword.groovy:34)
	at com.kms.katalon.core.keyword.internal.KeywordExecutor.executeKeywordForPlatform(KeywordExecutor.groovy:72)
	at com.kms.katalon.core.webui.keyword.WebUiBuiltInKeywords.setEncryptedText(WebUiBuiltInKeywords.groovy:981)
	at com.kms.katalon.core.webui.keyword.WebUiBuiltInKeywords$setEncryptedText$2.call(Unknown Source)
	at TestCase49LoginMultipleUsers.run(TestCase49LoginMultipleUsers:25)
	at com.kms.katalon.core.main.ScriptEngine.run(ScriptEngine.java:194)
	at com.kms.katalon.core.main.ScriptEngine.runScriptAsRawText(ScriptEngine.java:119)
	at com.kms.katalon.core.main.TestCaseExecutor.runScript(TestCaseExecutor.java:337)
	at com.kms.katalon.core.main.TestCaseExecutor.doExecute(TestCaseExecutor.java:328)
	at com.kms.katalon.core.main.TestCaseExecutor.processExecutionPhase(TestCaseExecutor.java:307)
	at com.kms.katalon.core.main.TestCaseExecutor.accessMainPhase(TestCaseExecutor.java:299)
	at com.kms.katalon.core.main.TestCaseExecutor.execute(TestCaseExecutor.java:233)
	at com.kms.katalon.core.main.TestSuiteExecutor.accessTestCaseMainPhase(TestSuiteExecutor.java:169)
	at com.kms.katalon.core.main.TestSuiteExecutor.accessTestSuiteMainPhase(TestSuiteExecutor.java:142)
	at com.kms.katalon.core.main.TestSuiteExecutor.execute(TestSuiteExecutor.java:91)
	at com.kms.katalon.core.main.TestCaseMain.startTestSuite(TestCaseMain.java:157)
	at com.kms.katalon.core.main.TestCaseMain$startTestSuite$0.call(Unknown Source)
	at TempTestSuite1576950821278.run(TempTestSuite1576950821278.groovy:36)
Caused by: javax.crypto.IllegalBlockSizeException: Input length must be multiple of 8 when decrypting with padded cipher
	at com.sun.crypto.provider.CipherCore.doFinal(CipherCore.java:936)
	at com.sun.crypto.provider.CipherCore.doFinal(CipherCore.java:847)
	at com.sun.crypto.provider.PKCS12PBECipherCore.implDoFinal(PKCS12PBECipherCore.java:399)
	at com.sun.crypto.provider.PKCS12PBECipherCore$PBEWithSHA1AndDESede.engineDoFinal(PKCS12PBECipherCore.java:431)
	at com.kms.katalon.util.CryptoUtil.decode(CryptoUtil.java:86)
	at com.kms.katalon.core.webui.keyword.builtin.SetEncryptedTextKeyword$_setEncryptedText_closure1.doCall(SetEncryptedTextKeyword.groovy:48)
	at com.kms.katalon.core.webui.keyword.builtin.SetEncryptedTextKeyword$_setEncryptedText_closure1.call(SetEncryptedTextKeyword.groovy)
	at com.kms.katalon.core.webui.keyword.internal.WebUIKeywordMain.runKeyword(WebUIKeywordMain.groovy:20)
	... 19 more
"/>
         <system-out><![CDATA[2019-12-22 01:22:28 - [TEST_CASE][FAILED] - Test Cases/TestCase49LoginMultipleUsers: Test Cases/TestCase49LoginMultipleUsers FAILED.
Reason:
com.kms.katalon.core.exception.StepFailedException: Unable to set encrypted text for object 'Object Repository/Page_Mattermost/input_All team communication in one place s_2f2733'
	at com.kms.katalon.core.webui.keyword.internal.WebUIKeywordMain.stepFailed(WebUIKeywordMain.groovy:64)
	at com.kms.katalon.core.webui.keyword.internal.WebUIKeywordMain.runKeyword(WebUIKeywordMain.groovy:26)
	at com.kms.katalon.core.webui.keyword.builtin.SetEncryptedTextKeyword.setEncryptedText(SetEncryptedTextKeyword.groovy:65)
	at com.kms.katalon.core.webui.keyword.builtin.SetEncryptedTextKeyword.execute(SetEncryptedTextKeyword.groovy:34)
	at com.kms.katalon.core.keyword.internal.KeywordExecutor.executeKeywordForPlatform(KeywordExecutor.groovy:72)
	at com.kms.katalon.core.webui.keyword.WebUiBuiltInKeywords.setEncryptedText(WebUiBuiltInKeywords.groovy:981)
	at com.kms.katalon.core.webui.keyword.WebUiBuiltInKeywords$setEncryptedText$2.call(Unknown Source)
	at TestCase49LoginMultipleUsers.run(TestCase49LoginMultipleUsers:25)
	at com.kms.katalon.core.main.ScriptEngine.run(ScriptEngine.java:194)
	at com.kms.katalon.core.main.ScriptEngine.runScriptAsRawText(ScriptEngine.java:119)
	at com.kms.katalon.core.main.TestCaseExecutor.runScript(TestCaseExecutor.java:337)
	at com.kms.katalon.core.main.TestCaseExecutor.doExecute(TestCaseExecutor.java:328)
	at com.kms.katalon.core.main.TestCaseExecutor.processExecutionPhase(TestCaseExecutor.java:307)
	at com.kms.katalon.core.main.TestCaseExecutor.accessMainPhase(TestCaseExecutor.java:299)
	at com.kms.katalon.core.main.TestCaseExecutor.execute(TestCaseExecutor.java:233)
	at com.kms.katalon.core.main.TestSuiteExecutor.accessTestCaseMainPhase(TestSuiteExecutor.java:169)
	at com.kms.katalon.core.main.TestSuiteExecutor.accessTestSuiteMainPhase(TestSuiteExecutor.java:142)
	at com.kms.katalon.core.main.TestSuiteExecutor.execute(TestSuiteExecutor.java:91)
	at com.kms.katalon.core.main.TestCaseMain.startTestSuite(TestCaseMain.java:157)
	at com.kms.katalon.core.main.TestCaseMain$startTestSuite$0.call(Unknown Source)
	at TempTestSuite1576950821278.run(TempTestSuite1576950821278.groovy:36)
Caused by: javax.crypto.IllegalBlockSizeException: Input length must be multiple of 8 when decrypting with padded cipher
	at com.sun.crypto.provider.CipherCore.doFinal(CipherCore.java:936)
	at com.sun.crypto.provider.CipherCore.doFinal(CipherCore.java:847)
	at com.sun.crypto.provider.PKCS12PBECipherCore.implDoFinal(PKCS12PBECipherCore.java:399)
	at com.sun.crypto.provider.PKCS12PBECipherCore$PBEWithSHA1AndDESede.engineDoFinal(PKCS12PBECipherCore.java:431)
	at com.kms.katalon.util.CryptoUtil.decode(CryptoUtil.java:86)
	at com.kms.katalon.core.webui.keyword.builtin.SetEncryptedTextKeyword$_setEncryptedText_closure1.doCall(SetEncryptedTextKeyword.groovy:48)
	at com.kms.katalon.core.webui.keyword.builtin.SetEncryptedTextKeyword$_setEncryptedText_closure1.call(SetEncryptedTextKeyword.groovy)
	at com.kms.katalon.core.webui.keyword.internal.WebUIKeywordMain.runKeyword(WebUIKeywordMain.groovy:20)
	... 19 more


2019-12-22 01:22:28 - [TEST_STEP][PASSED] - openBrowser(""): Browser is opened with url: ''

2019-12-22 01:22:28 - [MESSAGE][WARNING] - A browser is already opened. Closing browser and opening a new one

2019-12-22 01:22:29 - [MESSAGE][INFO] - Starting 'Firefox' driver

2019-12-22 01:22:33 - [MESSAGE][PASSED] - Browser is opened with url: ''

2019-12-22 01:22:33 - [TEST_STEP][PASSED] - navigateToUrl("https://cs300testautomatic.herokuapp.com/"): Navigate to 'https://cs300testautomatic.herokuapp.com/' successfully

2019-12-22 01:22:38 - [MESSAGE][PASSED] - Navigate to 'https://cs300testautomatic.herokuapp.com/' successfully

2019-12-22 01:22:38 - [TEST_STEP][PASSED] - setText(findTestObject("Page_Mattermost/input_All team communication in one place s_703ef5"), userEmail): Text 'pbduy@apcs.vn' is set on object 'Object Repository/Page_Mattermost/input_All team communication in one place s_703ef5'

2019-12-22 01:22:42 - [MESSAGE][PASSED] - Text 'pbduy@apcs.vn' is set on object 'Object Repository/Page_Mattermost/input_All team communication in one place s_703ef5'

2019-12-22 01:22:42 - [TEST_STEP][FAILED] - setEncryptedText(findTestObject("Page_Mattermost/input_All team communication in one place s_2f2733"), userPass): Unable to set encrypted text for object 'Object Repository/Page_Mattermost/input_All team communication in one place s_2f2733' (Root cause: com.kms.katalon.core.exception.StepFailedException: Unable to set encrypted text for object 'Object Repository/Page_Mattermost/input_All team communication in one place s_2f2733'
	at com.kms.katalon.core.webui.keyword.internal.WebUIKeywordMain.stepFailed(WebUIKeywordMain.groovy:64)
	at com.kms.katalon.core.webui.keyword.internal.WebUIKeywordMain.runKeyword(WebUIKeywordMain.groovy:26)
	at com.kms.katalon.core.webui.keyword.builtin.SetEncryptedTextKeyword.setEncryptedText(SetEncryptedTextKeyword.groovy:65)
	at com.kms.katalon.core.webui.keyword.builtin.SetEncryptedTextKeyword.execute(SetEncryptedTextKeyword.groovy:34)
	at com.kms.katalon.core.keyword.internal.KeywordExecutor.executeKeywordForPlatform(KeywordExecutor.groovy:72)
	at com.kms.katalon.core.webui.keyword.WebUiBuiltInKeywords.setEncryptedText(WebUiBuiltInKeywords.groovy:981)
	at com.kms.katalon.core.webui.keyword.WebUiBuiltInKeywords$setEncryptedText$2.call(Unknown Source)
	at TestCase49LoginMultipleUsers.run(TestCase49LoginMultipleUsers:25)
	at com.kms.katalon.core.main.ScriptEngine.run(ScriptEngine.java:194)
	at com.kms.katalon.core.main.ScriptEngine.runScriptAsRawText(ScriptEngine.java:119)
	at com.kms.katalon.core.main.TestCaseExecutor.runScript(TestCaseExecutor.java:337)
	at com.kms.katalon.core.main.TestCaseExecutor.doExecute(TestCaseExecutor.java:328)
	at com.kms.katalon.core.main.TestCaseExecutor.processExecutionPhase(TestCaseExecutor.java:307)
	at com.kms.katalon.core.main.TestCaseExecutor.accessMainPhase(TestCaseExecutor.java:299)
	at com.kms.katalon.core.main.TestCaseExecutor.execute(TestCaseExecutor.java:233)
	at com.kms.katalon.core.main.TestSuiteExecutor.accessTestCaseMainPhase(TestSuiteExecutor.java:169)
	at com.kms.katalon.core.main.TestSuiteExecutor.accessTestSuiteMainPhase(TestSuiteExecutor.java:142)
	at com.kms.katalon.core.main.TestSuiteExecutor.execute(TestSuiteExecutor.java:91)
	at com.kms.katalon.core.main.TestCaseMain.startTestSuite(TestCaseMain.java:157)
	at com.kms.katalon.core.main.TestCaseMain$startTestSuite$0.call(Unknown Source)
	at TempTestSuite1576950821278.run(TempTestSuite1576950821278.groovy:36)
Caused by: javax.crypto.IllegalBlockSizeException: Input length must be multiple of 8 when decrypting with padded cipher
	at com.sun.crypto.provider.CipherCore.doFinal(CipherCore.java:936)
	at com.sun.crypto.provider.CipherCore.doFinal(CipherCore.java:847)
	at com.sun.crypto.provider.PKCS12PBECipherCore.implDoFinal(PKCS12PBECipherCore.java:399)
	at com.sun.crypto.provider.PKCS12PBECipherCore$PBEWithSHA1AndDESede.engineDoFinal(PKCS12PBECipherCore.java:431)
	at com.kms.katalon.util.CryptoUtil.decode(CryptoUtil.java:86)
	at com.kms.katalon.core.webui.keyword.builtin.SetEncryptedTextKeyword$_setEncryptedText_closure1.doCall(SetEncryptedTextKeyword.groovy:48)
	at com.kms.katalon.core.webui.keyword.builtin.SetEncryptedTextKeyword$_setEncryptedText_closure1.call(SetEncryptedTextKeyword.groovy)
	at com.kms.katalon.core.webui.keyword.internal.WebUIKeywordMain.runKeyword(WebUIKeywordMain.groovy:20)
	at com.kms.katalon.core.webui.keyword.builtin.SetEncryptedTextKeyword.setEncryptedText(SetEncryptedTextKeyword.groovy:65)
	at com.kms.katalon.core.webui.keyword.builtin.SetEncryptedTextKeyword.execute(SetEncryptedTextKeyword.groovy:34)
	at com.kms.katalon.core.keyword.internal.KeywordExecutor.executeKeywordForPlatform(KeywordExecutor.groovy:72)
	at com.kms.katalon.core.webui.keyword.WebUiBuiltInKeywords.setEncryptedText(WebUiBuiltInKeywords.groovy:981)
	at com.kms.katalon.core.webui.keyword.WebUiBuiltInKeywords$setEncryptedText$2.call(Unknown Source)
	at Script1576941881312.run(Script1576941881312.groovy:25)
	... 13 more
)

2019-12-22 01:22:42 - [MESSAGE][FAILED] - Unable to set encrypted text for object 'Object Repository/Page_Mattermost/input_All team communication in one place s_2f2733' (Root cause: com.kms.katalon.core.exception.StepFailedException: Unable to set encrypted text for object 'Object Repository/Page_Mattermost/input_All team communication in one place s_2f2733'
	at com.kms.katalon.core.webui.keyword.internal.WebUIKeywordMain.stepFailed(WebUIKeywordMain.groovy:64)
	at com.kms.katalon.core.webui.keyword.internal.WebUIKeywordMain.runKeyword(WebUIKeywordMain.groovy:26)
	at com.kms.katalon.core.webui.keyword.builtin.SetEncryptedTextKeyword.setEncryptedText(SetEncryptedTextKeyword.groovy:65)
	at com.kms.katalon.core.webui.keyword.builtin.SetEncryptedTextKeyword.execute(SetEncryptedTextKeyword.groovy:34)
	at com.kms.katalon.core.keyword.internal.KeywordExecutor.executeKeywordForPlatform(KeywordExecutor.groovy:72)
	at com.kms.katalon.core.webui.keyword.WebUiBuiltInKeywords.setEncryptedText(WebUiBuiltInKeywords.groovy:981)
	at com.kms.katalon.core.webui.keyword.WebUiBuiltInKeywords$setEncryptedText$2.call(Unknown Source)
	at TestCase49LoginMultipleUsers.run(TestCase49LoginMultipleUsers:25)
	at com.kms.katalon.core.main.ScriptEngine.run(ScriptEngine.java:194)
	at com.kms.katalon.core.main.ScriptEngine.runScriptAsRawText(ScriptEngine.java:119)
	at com.kms.katalon.core.main.TestCaseExecutor.runScript(TestCaseExecutor.java:337)
	at com.kms.katalon.core.main.TestCaseExecutor.doExecute(TestCaseExecutor.java:328)
	at com.kms.katalon.core.main.TestCaseExecutor.processExecutionPhase(TestCaseExecutor.java:307)
	at com.kms.katalon.core.main.TestCaseExecutor.accessMainPhase(TestCaseExecutor.java:299)
	at com.kms.katalon.core.main.TestCaseExecutor.execute(TestCaseExecutor.java:233)
	at com.kms.katalon.core.main.TestSuiteExecutor.accessTestCaseMainPhase(TestSuiteExecutor.java:169)
	at com.kms.katalon.core.main.TestSuiteExecutor.accessTestSuiteMainPhase(TestSuiteExecutor.java:142)
	at com.kms.katalon.core.main.TestSuiteExecutor.execute(TestSuiteExecutor.java:91)
	at com.kms.katalon.core.main.TestCaseMain.startTestSuite(TestCaseMain.java:157)
	at com.kms.katalon.core.main.TestCaseMain$startTestSuite$0.call(Unknown Source)
	at TempTestSuite1576950821278.run(TempTestSuite1576950821278.groovy:36)
Caused by: javax.crypto.IllegalBlockSizeException: Input length must be multiple of 8 when decrypting with padded cipher
	at com.sun.crypto.provider.CipherCore.doFinal(CipherCore.java:936)
	at com.sun.crypto.provider.CipherCore.doFinal(CipherCore.java:847)
	at com.sun.crypto.provider.PKCS12PBECipherCore.implDoFinal(PKCS12PBECipherCore.java:399)
	at com.sun.crypto.provider.PKCS12PBECipherCore$PBEWithSHA1AndDESede.engineDoFinal(PKCS12PBECipherCore.java:431)
	at com.kms.katalon.util.CryptoUtil.decode(CryptoUtil.java:86)
	at com.kms.katalon.core.webui.keyword.builtin.SetEncryptedTextKeyword$_setEncryptedText_closure1.doCall(SetEncryptedTextKeyword.groovy:48)
	at com.kms.katalon.core.webui.keyword.builtin.SetEncryptedTextKeyword$_setEncryptedText_closure1.call(SetEncryptedTextKeyword.groovy)
	at com.kms.katalon.core.webui.keyword.internal.WebUIKeywordMain.runKeyword(WebUIKeywordMain.groovy:20)
	at com.kms.katalon.core.webui.keyword.builtin.SetEncryptedTextKeyword.setEncryptedText(SetEncryptedTextKeyword.groovy:65)
	at com.kms.katalon.core.webui.keyword.builtin.SetEncryptedTextKeyword.execute(SetEncryptedTextKeyword.groovy:34)
	at com.kms.katalon.core.keyword.internal.KeywordExecutor.executeKeywordForPlatform(KeywordExecutor.groovy:72)
	at com.kms.katalon.core.webui.keyword.WebUiBuiltInKeywords.setEncryptedText(WebUiBuiltInKeywords.groovy:981)
	at com.kms.katalon.core.webui.keyword.WebUiBuiltInKeywords$setEncryptedText$2.call(Unknown Source)
	at Script1576941881312.run(Script1576941881312.groovy:25)
	... 13 more
)
[[ATTACHMENT|C:\\Users\\Gia Nguyen\\Desktop\\CS300AutomaticWebTesting\\Reports\\20191222_005341\\Run All Test Cases\\20191222_005341\\1576952562064.png]]]]></system-out>
         <system-err><![CDATA[2019-12-22 01:22:28 - [TEST_CASE][FAILED] - Test Cases/TestCase49LoginMultipleUsers: Test Cases/TestCase49LoginMultipleUsers FAILED.
Reason:
com.kms.katalon.core.exception.StepFailedException: Unable to set encrypted text for object 'Object Repository/Page_Mattermost/input_All team communication in one place s_2f2733'
	at com.kms.katalon.core.webui.keyword.internal.WebUIKeywordMain.stepFailed(WebUIKeywordMain.groovy:64)
	at com.kms.katalon.core.webui.keyword.internal.WebUIKeywordMain.runKeyword(WebUIKeywordMain.groovy:26)
	at com.kms.katalon.core.webui.keyword.builtin.SetEncryptedTextKeyword.setEncryptedText(SetEncryptedTextKeyword.groovy:65)
	at com.kms.katalon.core.webui.keyword.builtin.SetEncryptedTextKeyword.execute(SetEncryptedTextKeyword.groovy:34)
	at com.kms.katalon.core.keyword.internal.KeywordExecutor.executeKeywordForPlatform(KeywordExecutor.groovy:72)
	at com.kms.katalon.core.webui.keyword.WebUiBuiltInKeywords.setEncryptedText(WebUiBuiltInKeywords.groovy:981)
	at com.kms.katalon.core.webui.keyword.WebUiBuiltInKeywords$setEncryptedText$2.call(Unknown Source)
	at TestCase49LoginMultipleUsers.run(TestCase49LoginMultipleUsers:25)
	at com.kms.katalon.core.main.ScriptEngine.run(ScriptEngine.java:194)
	at com.kms.katalon.core.main.ScriptEngine.runScriptAsRawText(ScriptEngine.java:119)
	at com.kms.katalon.core.main.TestCaseExecutor.runScript(TestCaseExecutor.java:337)
	at com.kms.katalon.core.main.TestCaseExecutor.doExecute(TestCaseExecutor.java:328)
	at com.kms.katalon.core.main.TestCaseExecutor.processExecutionPhase(TestCaseExecutor.java:307)
	at com.kms.katalon.core.main.TestCaseExecutor.accessMainPhase(TestCaseExecutor.java:299)
	at com.kms.katalon.core.main.TestCaseExecutor.execute(TestCaseExecutor.java:233)
	at com.kms.katalon.core.main.TestSuiteExecutor.accessTestCaseMainPhase(TestSuiteExecutor.java:169)
	at com.kms.katalon.core.main.TestSuiteExecutor.accessTestSuiteMainPhase(TestSuiteExecutor.java:142)
	at com.kms.katalon.core.main.TestSuiteExecutor.execute(TestSuiteExecutor.java:91)
	at com.kms.katalon.core.main.TestCaseMain.startTestSuite(TestCaseMain.java:157)
	at com.kms.katalon.core.main.TestCaseMain$startTestSuite$0.call(Unknown Source)
	at TempTestSuite1576950821278.run(TempTestSuite1576950821278.groovy:36)
Caused by: javax.crypto.IllegalBlockSizeException: Input length must be multiple of 8 when decrypting with padded cipher
	at com.sun.crypto.provider.CipherCore.doFinal(CipherCore.java:936)
	at com.sun.crypto.provider.CipherCore.doFinal(CipherCore.java:847)
	at com.sun.crypto.provider.PKCS12PBECipherCore.implDoFinal(PKCS12PBECipherCore.java:399)
	at com.sun.crypto.provider.PKCS12PBECipherCore$PBEWithSHA1AndDESede.engineDoFinal(PKCS12PBECipherCore.java:431)
	at com.kms.katalon.util.CryptoUtil.decode(CryptoUtil.java:86)
	at com.kms.katalon.core.webui.keyword.builtin.SetEncryptedTextKeyword$_setEncryptedText_closure1.doCall(SetEncryptedTextKeyword.groovy:48)
	at com.kms.katalon.core.webui.keyword.builtin.SetEncryptedTextKeyword$_setEncryptedText_closure1.call(SetEncryptedTextKeyword.groovy)
	at com.kms.katalon.core.webui.keyword.internal.WebUIKeywordMain.runKeyword(WebUIKeywordMain.groovy:20)
	... 19 more]]></system-err>
      </testcase>
      <testcase name="Test Cases/TestCase49LoginMultipleUsers" time="10.822" classname="Test Cases/TestCase49LoginMultipleUsers" status="FAILED">
         <failure type="FAILED" message="Test Cases/TestCase49LoginMultipleUsers FAILED.
Reason:
com.kms.katalon.core.exception.StepFailedException: Unable to set encrypted text for object 'Object Repository/Page_Mattermost/input_All team communication in one place s_2f2733'
	at com.kms.katalon.core.webui.keyword.internal.WebUIKeywordMain.stepFailed(WebUIKeywordMain.groovy:64)
	at com.kms.katalon.core.webui.keyword.internal.WebUIKeywordMain.runKeyword(WebUIKeywordMain.groovy:26)
	at com.kms.katalon.core.webui.keyword.builtin.SetEncryptedTextKeyword.setEncryptedText(SetEncryptedTextKeyword.groovy:65)
	at com.kms.katalon.core.webui.keyword.builtin.SetEncryptedTextKeyword.execute(SetEncryptedTextKeyword.groovy:34)
	at com.kms.katalon.core.keyword.internal.KeywordExecutor.executeKeywordForPlatform(KeywordExecutor.groovy:72)
	at com.kms.katalon.core.webui.keyword.WebUiBuiltInKeywords.setEncryptedText(WebUiBuiltInKeywords.groovy:981)
	at com.kms.katalon.core.webui.keyword.WebUiBuiltInKeywords$setEncryptedText$2.call(Unknown Source)
	at TestCase49LoginMultipleUsers.run(TestCase49LoginMultipleUsers:25)
	at com.kms.katalon.core.main.ScriptEngine.run(ScriptEngine.java:194)
	at com.kms.katalon.core.main.ScriptEngine.runScriptAsRawText(ScriptEngine.java:119)
	at com.kms.katalon.core.main.TestCaseExecutor.runScript(TestCaseExecutor.java:337)
	at com.kms.katalon.core.main.TestCaseExecutor.doExecute(TestCaseExecutor.java:328)
	at com.kms.katalon.core.main.TestCaseExecutor.processExecutionPhase(TestCaseExecutor.java:307)
	at com.kms.katalon.core.main.TestCaseExecutor.accessMainPhase(TestCaseExecutor.java:299)
	at com.kms.katalon.core.main.TestCaseExecutor.execute(TestCaseExecutor.java:233)
	at com.kms.katalon.core.main.TestSuiteExecutor.accessTestCaseMainPhase(TestSuiteExecutor.java:169)
	at com.kms.katalon.core.main.TestSuiteExecutor.accessTestSuiteMainPhase(TestSuiteExecutor.java:142)
	at com.kms.katalon.core.main.TestSuiteExecutor.execute(TestSuiteExecutor.java:91)
	at com.kms.katalon.core.main.TestCaseMain.startTestSuite(TestCaseMain.java:157)
	at com.kms.katalon.core.main.TestCaseMain$startTestSuite$0.call(Unknown Source)
	at TempTestSuite1576950821278.run(TempTestSuite1576950821278.groovy:36)
Caused by: javax.crypto.IllegalBlockSizeException: Input length must be multiple of 8 when decrypting with padded cipher
	at com.sun.crypto.provider.CipherCore.doFinal(CipherCore.java:936)
	at com.sun.crypto.provider.CipherCore.doFinal(CipherCore.java:847)
	at com.sun.crypto.provider.PKCS12PBECipherCore.implDoFinal(PKCS12PBECipherCore.java:399)
	at com.sun.crypto.provider.PKCS12PBECipherCore$PBEWithSHA1AndDESede.engineDoFinal(PKCS12PBECipherCore.java:431)
	at com.kms.katalon.util.CryptoUtil.decode(CryptoUtil.java:86)
	at com.kms.katalon.core.webui.keyword.builtin.SetEncryptedTextKeyword$_setEncryptedText_closure1.doCall(SetEncryptedTextKeyword.groovy:48)
	at com.kms.katalon.core.webui.keyword.builtin.SetEncryptedTextKeyword$_setEncryptedText_closure1.call(SetEncryptedTextKeyword.groovy)
	at com.kms.katalon.core.webui.keyword.internal.WebUIKeywordMain.runKeyword(WebUIKeywordMain.groovy:20)
	... 19 more
"/>
         <system-out><![CDATA[2019-12-22 01:22:42 - [TEST_CASE][FAILED] - Test Cases/TestCase49LoginMultipleUsers: Test Cases/TestCase49LoginMultipleUsers FAILED.
Reason:
com.kms.katalon.core.exception.StepFailedException: Unable to set encrypted text for object 'Object Repository/Page_Mattermost/input_All team communication in one place s_2f2733'
	at com.kms.katalon.core.webui.keyword.internal.WebUIKeywordMain.stepFailed(WebUIKeywordMain.groovy:64)
	at com.kms.katalon.core.webui.keyword.internal.WebUIKeywordMain.runKeyword(WebUIKeywordMain.groovy:26)
	at com.kms.katalon.core.webui.keyword.builtin.SetEncryptedTextKeyword.setEncryptedText(SetEncryptedTextKeyword.groovy:65)
	at com.kms.katalon.core.webui.keyword.builtin.SetEncryptedTextKeyword.execute(SetEncryptedTextKeyword.groovy:34)
	at com.kms.katalon.core.keyword.internal.KeywordExecutor.executeKeywordForPlatform(KeywordExecutor.groovy:72)
	at com.kms.katalon.core.webui.keyword.WebUiBuiltInKeywords.setEncryptedText(WebUiBuiltInKeywords.groovy:981)
	at com.kms.katalon.core.webui.keyword.WebUiBuiltInKeywords$setEncryptedText$2.call(Unknown Source)
	at TestCase49LoginMultipleUsers.run(TestCase49LoginMultipleUsers:25)
	at com.kms.katalon.core.main.ScriptEngine.run(ScriptEngine.java:194)
	at com.kms.katalon.core.main.ScriptEngine.runScriptAsRawText(ScriptEngine.java:119)
	at com.kms.katalon.core.main.TestCaseExecutor.runScript(TestCaseExecutor.java:337)
	at com.kms.katalon.core.main.TestCaseExecutor.doExecute(TestCaseExecutor.java:328)
	at com.kms.katalon.core.main.TestCaseExecutor.processExecutionPhase(TestCaseExecutor.java:307)
	at com.kms.katalon.core.main.TestCaseExecutor.accessMainPhase(TestCaseExecutor.java:299)
	at com.kms.katalon.core.main.TestCaseExecutor.execute(TestCaseExecutor.java:233)
	at com.kms.katalon.core.main.TestSuiteExecutor.accessTestCaseMainPhase(TestSuiteExecutor.java:169)
	at com.kms.katalon.core.main.TestSuiteExecutor.accessTestSuiteMainPhase(TestSuiteExecutor.java:142)
	at com.kms.katalon.core.main.TestSuiteExecutor.execute(TestSuiteExecutor.java:91)
	at com.kms.katalon.core.main.TestCaseMain.startTestSuite(TestCaseMain.java:157)
	at com.kms.katalon.core.main.TestCaseMain$startTestSuite$0.call(Unknown Source)
	at TempTestSuite1576950821278.run(TempTestSuite1576950821278.groovy:36)
Caused by: javax.crypto.IllegalBlockSizeException: Input length must be multiple of 8 when decrypting with padded cipher
	at com.sun.crypto.provider.CipherCore.doFinal(CipherCore.java:936)
	at com.sun.crypto.provider.CipherCore.doFinal(CipherCore.java:847)
	at com.sun.crypto.provider.PKCS12PBECipherCore.implDoFinal(PKCS12PBECipherCore.java:399)
	at com.sun.crypto.provider.PKCS12PBECipherCore$PBEWithSHA1AndDESede.engineDoFinal(PKCS12PBECipherCore.java:431)
	at com.kms.katalon.util.CryptoUtil.decode(CryptoUtil.java:86)
	at com.kms.katalon.core.webui.keyword.builtin.SetEncryptedTextKeyword$_setEncryptedText_closure1.doCall(SetEncryptedTextKeyword.groovy:48)
	at com.kms.katalon.core.webui.keyword.builtin.SetEncryptedTextKeyword$_setEncryptedText_closure1.call(SetEncryptedTextKeyword.groovy)
	at com.kms.katalon.core.webui.keyword.internal.WebUIKeywordMain.runKeyword(WebUIKeywordMain.groovy:20)
	... 19 more


2019-12-22 01:22:42 - [TEST_STEP][PASSED] - openBrowser(""): Browser is opened with url: ''

2019-12-22 01:22:42 - [MESSAGE][WARNING] - A browser is already opened. Closing browser and opening a new one

2019-12-22 01:22:42 - [MESSAGE][INFO] - Starting 'Firefox' driver

2019-12-22 01:22:45 - [MESSAGE][PASSED] - Browser is opened with url: ''

2019-12-22 01:22:45 - [TEST_STEP][PASSED] - navigateToUrl("https://cs300testautomatic.herokuapp.com/"): Navigate to 'https://cs300testautomatic.herokuapp.com/' successfully

2019-12-22 01:22:48 - [MESSAGE][PASSED] - Navigate to 'https://cs300testautomatic.herokuapp.com/' successfully

2019-12-22 01:22:48 - [TEST_STEP][PASSED] - setText(findTestObject("Page_Mattermost/input_All team communication in one place s_703ef5"), userEmail): Text 'dhieu@apcs.vn' is set on object 'Object Repository/Page_Mattermost/input_All team communication in one place s_703ef5'

2019-12-22 01:22:52 - [MESSAGE][PASSED] - Text 'dhieu@apcs.vn' is set on object 'Object Repository/Page_Mattermost/input_All team communication in one place s_703ef5'

2019-12-22 01:22:52 - [TEST_STEP][FAILED] - setEncryptedText(findTestObject("Page_Mattermost/input_All team communication in one place s_2f2733"), userPass): Unable to set encrypted text for object 'Object Repository/Page_Mattermost/input_All team communication in one place s_2f2733' (Root cause: com.kms.katalon.core.exception.StepFailedException: Unable to set encrypted text for object 'Object Repository/Page_Mattermost/input_All team communication in one place s_2f2733'
	at com.kms.katalon.core.webui.keyword.internal.WebUIKeywordMain.stepFailed(WebUIKeywordMain.groovy:64)
	at com.kms.katalon.core.webui.keyword.internal.WebUIKeywordMain.runKeyword(WebUIKeywordMain.groovy:26)
	at com.kms.katalon.core.webui.keyword.builtin.SetEncryptedTextKeyword.setEncryptedText(SetEncryptedTextKeyword.groovy:65)
	at com.kms.katalon.core.webui.keyword.builtin.SetEncryptedTextKeyword.execute(SetEncryptedTextKeyword.groovy:34)
	at com.kms.katalon.core.keyword.internal.KeywordExecutor.executeKeywordForPlatform(KeywordExecutor.groovy:72)
	at com.kms.katalon.core.webui.keyword.WebUiBuiltInKeywords.setEncryptedText(WebUiBuiltInKeywords.groovy:981)
	at com.kms.katalon.core.webui.keyword.WebUiBuiltInKeywords$setEncryptedText$2.call(Unknown Source)
	at TestCase49LoginMultipleUsers.run(TestCase49LoginMultipleUsers:25)
	at com.kms.katalon.core.main.ScriptEngine.run(ScriptEngine.java:194)
	at com.kms.katalon.core.main.ScriptEngine.runScriptAsRawText(ScriptEngine.java:119)
	at com.kms.katalon.core.main.TestCaseExecutor.runScript(TestCaseExecutor.java:337)
	at com.kms.katalon.core.main.TestCaseExecutor.doExecute(TestCaseExecutor.java:328)
	at com.kms.katalon.core.main.TestCaseExecutor.processExecutionPhase(TestCaseExecutor.java:307)
	at com.kms.katalon.core.main.TestCaseExecutor.accessMainPhase(TestCaseExecutor.java:299)
	at com.kms.katalon.core.main.TestCaseExecutor.execute(TestCaseExecutor.java:233)
	at com.kms.katalon.core.main.TestSuiteExecutor.accessTestCaseMainPhase(TestSuiteExecutor.java:169)
	at com.kms.katalon.core.main.TestSuiteExecutor.accessTestSuiteMainPhase(TestSuiteExecutor.java:142)
	at com.kms.katalon.core.main.TestSuiteExecutor.execute(TestSuiteExecutor.java:91)
	at com.kms.katalon.core.main.TestCaseMain.startTestSuite(TestCaseMain.java:157)
	at com.kms.katalon.core.main.TestCaseMain$startTestSuite$0.call(Unknown Source)
	at TempTestSuite1576950821278.run(TempTestSuite1576950821278.groovy:36)
Caused by: javax.crypto.IllegalBlockSizeException: Input length must be multiple of 8 when decrypting with padded cipher
	at com.sun.crypto.provider.CipherCore.doFinal(CipherCore.java:936)
	at com.sun.crypto.provider.CipherCore.doFinal(CipherCore.java:847)
	at com.sun.crypto.provider.PKCS12PBECipherCore.implDoFinal(PKCS12PBECipherCore.java:399)
	at com.sun.crypto.provider.PKCS12PBECipherCore$PBEWithSHA1AndDESede.engineDoFinal(PKCS12PBECipherCore.java:431)
	at com.kms.katalon.util.CryptoUtil.decode(CryptoUtil.java:86)
	at com.kms.katalon.core.webui.keyword.builtin.SetEncryptedTextKeyword$_setEncryptedText_closure1.doCall(SetEncryptedTextKeyword.groovy:48)
	at com.kms.katalon.core.webui.keyword.builtin.SetEncryptedTextKeyword$_setEncryptedText_closure1.call(SetEncryptedTextKeyword.groovy)
	at com.kms.katalon.core.webui.keyword.internal.WebUIKeywordMain.runKeyword(WebUIKeywordMain.groovy:20)
	at com.kms.katalon.core.webui.keyword.builtin.SetEncryptedTextKeyword.setEncryptedText(SetEncryptedTextKeyword.groovy:65)
	at com.kms.katalon.core.webui.keyword.builtin.SetEncryptedTextKeyword.execute(SetEncryptedTextKeyword.groovy:34)
	at com.kms.katalon.core.keyword.internal.KeywordExecutor.executeKeywordForPlatform(KeywordExecutor.groovy:72)
	at com.kms.katalon.core.webui.keyword.WebUiBuiltInKeywords.setEncryptedText(WebUiBuiltInKeywords.groovy:981)
	at com.kms.katalon.core.webui.keyword.WebUiBuiltInKeywords$setEncryptedText$2.call(Unknown Source)
	at Script1576941881312.run(Script1576941881312.groovy:25)
	... 13 more
)

2019-12-22 01:22:52 - [MESSAGE][FAILED] - Unable to set encrypted text for object 'Object Repository/Page_Mattermost/input_All team communication in one place s_2f2733' (Root cause: com.kms.katalon.core.exception.StepFailedException: Unable to set encrypted text for object 'Object Repository/Page_Mattermost/input_All team communication in one place s_2f2733'
	at com.kms.katalon.core.webui.keyword.internal.WebUIKeywordMain.stepFailed(WebUIKeywordMain.groovy:64)
	at com.kms.katalon.core.webui.keyword.internal.WebUIKeywordMain.runKeyword(WebUIKeywordMain.groovy:26)
	at com.kms.katalon.core.webui.keyword.builtin.SetEncryptedTextKeyword.setEncryptedText(SetEncryptedTextKeyword.groovy:65)
	at com.kms.katalon.core.webui.keyword.builtin.SetEncryptedTextKeyword.execute(SetEncryptedTextKeyword.groovy:34)
	at com.kms.katalon.core.keyword.internal.KeywordExecutor.executeKeywordForPlatform(KeywordExecutor.groovy:72)
	at com.kms.katalon.core.webui.keyword.WebUiBuiltInKeywords.setEncryptedText(WebUiBuiltInKeywords.groovy:981)
	at com.kms.katalon.core.webui.keyword.WebUiBuiltInKeywords$setEncryptedText$2.call(Unknown Source)
	at TestCase49LoginMultipleUsers.run(TestCase49LoginMultipleUsers:25)
	at com.kms.katalon.core.main.ScriptEngine.run(ScriptEngine.java:194)
	at com.kms.katalon.core.main.ScriptEngine.runScriptAsRawText(ScriptEngine.java:119)
	at com.kms.katalon.core.main.TestCaseExecutor.runScript(TestCaseExecutor.java:337)
	at com.kms.katalon.core.main.TestCaseExecutor.doExecute(TestCaseExecutor.java:328)
	at com.kms.katalon.core.main.TestCaseExecutor.processExecutionPhase(TestCaseExecutor.java:307)
	at com.kms.katalon.core.main.TestCaseExecutor.accessMainPhase(TestCaseExecutor.java:299)
	at com.kms.katalon.core.main.TestCaseExecutor.execute(TestCaseExecutor.java:233)
	at com.kms.katalon.core.main.TestSuiteExecutor.accessTestCaseMainPhase(TestSuiteExecutor.java:169)
	at com.kms.katalon.core.main.TestSuiteExecutor.accessTestSuiteMainPhase(TestSuiteExecutor.java:142)
	at com.kms.katalon.core.main.TestSuiteExecutor.execute(TestSuiteExecutor.java:91)
	at com.kms.katalon.core.main.TestCaseMain.startTestSuite(TestCaseMain.java:157)
	at com.kms.katalon.core.main.TestCaseMain$startTestSuite$0.call(Unknown Source)
	at TempTestSuite1576950821278.run(TempTestSuite1576950821278.groovy:36)
Caused by: javax.crypto.IllegalBlockSizeException: Input length must be multiple of 8 when decrypting with padded cipher
	at com.sun.crypto.provider.CipherCore.doFinal(CipherCore.java:936)
	at com.sun.crypto.provider.CipherCore.doFinal(CipherCore.java:847)
	at com.sun.crypto.provider.PKCS12PBECipherCore.implDoFinal(PKCS12PBECipherCore.java:399)
	at com.sun.crypto.provider.PKCS12PBECipherCore$PBEWithSHA1AndDESede.engineDoFinal(PKCS12PBECipherCore.java:431)
	at com.kms.katalon.util.CryptoUtil.decode(CryptoUtil.java:86)
	at com.kms.katalon.core.webui.keyword.builtin.SetEncryptedTextKeyword$_setEncryptedText_closure1.doCall(SetEncryptedTextKeyword.groovy:48)
	at com.kms.katalon.core.webui.keyword.builtin.SetEncryptedTextKeyword$_setEncryptedText_closure1.call(SetEncryptedTextKeyword.groovy)
	at com.kms.katalon.core.webui.keyword.internal.WebUIKeywordMain.runKeyword(WebUIKeywordMain.groovy:20)
	at com.kms.katalon.core.webui.keyword.builtin.SetEncryptedTextKeyword.setEncryptedText(SetEncryptedTextKeyword.groovy:65)
	at com.kms.katalon.core.webui.keyword.builtin.SetEncryptedTextKeyword.execute(SetEncryptedTextKeyword.groovy:34)
	at com.kms.katalon.core.keyword.internal.KeywordExecutor.executeKeywordForPlatform(KeywordExecutor.groovy:72)
	at com.kms.katalon.core.webui.keyword.WebUiBuiltInKeywords.setEncryptedText(WebUiBuiltInKeywords.groovy:981)
	at com.kms.katalon.core.webui.keyword.WebUiBuiltInKeywords$setEncryptedText$2.call(Unknown Source)
	at Script1576941881312.run(Script1576941881312.groovy:25)
	... 13 more
)
[[ATTACHMENT|C:\\Users\\Gia Nguyen\\Desktop\\CS300AutomaticWebTesting\\Reports\\20191222_005341\\Run All Test Cases\\20191222_005341\\1576952572895.png]]]]></system-out>
         <system-err><![CDATA[2019-12-22 01:22:42 - [TEST_CASE][FAILED] - Test Cases/TestCase49LoginMultipleUsers: Test Cases/TestCase49LoginMultipleUsers FAILED.
Reason:
com.kms.katalon.core.exception.StepFailedException: Unable to set encrypted text for object 'Object Repository/Page_Mattermost/input_All team communication in one place s_2f2733'
	at com.kms.katalon.core.webui.keyword.internal.WebUIKeywordMain.stepFailed(WebUIKeywordMain.groovy:64)
	at com.kms.katalon.core.webui.keyword.internal.WebUIKeywordMain.runKeyword(WebUIKeywordMain.groovy:26)
	at com.kms.katalon.core.webui.keyword.builtin.SetEncryptedTextKeyword.setEncryptedText(SetEncryptedTextKeyword.groovy:65)
	at com.kms.katalon.core.webui.keyword.builtin.SetEncryptedTextKeyword.execute(SetEncryptedTextKeyword.groovy:34)
	at com.kms.katalon.core.keyword.internal.KeywordExecutor.executeKeywordForPlatform(KeywordExecutor.groovy:72)
	at com.kms.katalon.core.webui.keyword.WebUiBuiltInKeywords.setEncryptedText(WebUiBuiltInKeywords.groovy:981)
	at com.kms.katalon.core.webui.keyword.WebUiBuiltInKeywords$setEncryptedText$2.call(Unknown Source)
	at TestCase49LoginMultipleUsers.run(TestCase49LoginMultipleUsers:25)
	at com.kms.katalon.core.main.ScriptEngine.run(ScriptEngine.java:194)
	at com.kms.katalon.core.main.ScriptEngine.runScriptAsRawText(ScriptEngine.java:119)
	at com.kms.katalon.core.main.TestCaseExecutor.runScript(TestCaseExecutor.java:337)
	at com.kms.katalon.core.main.TestCaseExecutor.doExecute(TestCaseExecutor.java:328)
	at com.kms.katalon.core.main.TestCaseExecutor.processExecutionPhase(TestCaseExecutor.java:307)
	at com.kms.katalon.core.main.TestCaseExecutor.accessMainPhase(TestCaseExecutor.java:299)
	at com.kms.katalon.core.main.TestCaseExecutor.execute(TestCaseExecutor.java:233)
	at com.kms.katalon.core.main.TestSuiteExecutor.accessTestCaseMainPhase(TestSuiteExecutor.java:169)
	at com.kms.katalon.core.main.TestSuiteExecutor.accessTestSuiteMainPhase(TestSuiteExecutor.java:142)
	at com.kms.katalon.core.main.TestSuiteExecutor.execute(TestSuiteExecutor.java:91)
	at com.kms.katalon.core.main.TestCaseMain.startTestSuite(TestCaseMain.java:157)
	at com.kms.katalon.core.main.TestCaseMain$startTestSuite$0.call(Unknown Source)
	at TempTestSuite1576950821278.run(TempTestSuite1576950821278.groovy:36)
Caused by: javax.crypto.IllegalBlockSizeException: Input length must be multiple of 8 when decrypting with padded cipher
	at com.sun.crypto.provider.CipherCore.doFinal(CipherCore.java:936)
	at com.sun.crypto.provider.CipherCore.doFinal(CipherCore.java:847)
	at com.sun.crypto.provider.PKCS12PBECipherCore.implDoFinal(PKCS12PBECipherCore.java:399)
	at com.sun.crypto.provider.PKCS12PBECipherCore$PBEWithSHA1AndDESede.engineDoFinal(PKCS12PBECipherCore.java:431)
	at com.kms.katalon.util.CryptoUtil.decode(CryptoUtil.java:86)
	at com.kms.katalon.core.webui.keyword.builtin.SetEncryptedTextKeyword$_setEncryptedText_closure1.doCall(SetEncryptedTextKeyword.groovy:48)
	at com.kms.katalon.core.webui.keyword.builtin.SetEncryptedTextKeyword$_setEncryptedText_closure1.call(SetEncryptedTextKeyword.groovy)
	at com.kms.katalon.core.webui.keyword.internal.WebUIKeywordMain.runKeyword(WebUIKeywordMain.groovy:20)
	... 19 more]]></system-err>
      </testcase>
      <testcase name="Test Cases/TestCase49LoginMultipleUsers" time="10.822" classname="Test Cases/TestCase49LoginMultipleUsers" status="FAILED">
         <failure type="FAILED" message="Test Cases/TestCase49LoginMultipleUsers FAILED.
Reason:
com.kms.katalon.core.exception.StepFailedException: Unable to set encrypted text for object 'Object Repository/Page_Mattermost/input_All team communication in one place s_2f2733'
	at com.kms.katalon.core.webui.keyword.internal.WebUIKeywordMain.stepFailed(WebUIKeywordMain.groovy:64)
	at com.kms.katalon.core.webui.keyword.internal.WebUIKeywordMain.runKeyword(WebUIKeywordMain.groovy:26)
	at com.kms.katalon.core.webui.keyword.builtin.SetEncryptedTextKeyword.setEncryptedText(SetEncryptedTextKeyword.groovy:65)
	at com.kms.katalon.core.webui.keyword.builtin.SetEncryptedTextKeyword.execute(SetEncryptedTextKeyword.groovy:34)
	at com.kms.katalon.core.keyword.internal.KeywordExecutor.executeKeywordForPlatform(KeywordExecutor.groovy:72)
	at com.kms.katalon.core.webui.keyword.WebUiBuiltInKeywords.setEncryptedText(WebUiBuiltInKeywords.groovy:981)
	at com.kms.katalon.core.webui.keyword.WebUiBuiltInKeywords$setEncryptedText$2.call(Unknown Source)
	at TestCase49LoginMultipleUsers.run(TestCase49LoginMultipleUsers:25)
	at com.kms.katalon.core.main.ScriptEngine.run(ScriptEngine.java:194)
	at com.kms.katalon.core.main.ScriptEngine.runScriptAsRawText(ScriptEngine.java:119)
	at com.kms.katalon.core.main.TestCaseExecutor.runScript(TestCaseExecutor.java:337)
	at com.kms.katalon.core.main.TestCaseExecutor.doExecute(TestCaseExecutor.java:328)
	at com.kms.katalon.core.main.TestCaseExecutor.processExecutionPhase(TestCaseExecutor.java:307)
	at com.kms.katalon.core.main.TestCaseExecutor.accessMainPhase(TestCaseExecutor.java:299)
	at com.kms.katalon.core.main.TestCaseExecutor.execute(TestCaseExecutor.java:233)
	at com.kms.katalon.core.main.TestSuiteExecutor.accessTestCaseMainPhase(TestSuiteExecutor.java:169)
	at com.kms.katalon.core.main.TestSuiteExecutor.accessTestSuiteMainPhase(TestSuiteExecutor.java:142)
	at com.kms.katalon.core.main.TestSuiteExecutor.execute(TestSuiteExecutor.java:91)
	at com.kms.katalon.core.main.TestCaseMain.startTestSuite(TestCaseMain.java:157)
	at com.kms.katalon.core.main.TestCaseMain$startTestSuite$0.call(Unknown Source)
	at TempTestSuite1576950821278.run(TempTestSuite1576950821278.groovy:36)
Caused by: javax.crypto.IllegalBlockSizeException: Input length must be multiple of 8 when decrypting with padded cipher
	at com.sun.crypto.provider.CipherCore.doFinal(CipherCore.java:936)
	at com.sun.crypto.provider.CipherCore.doFinal(CipherCore.java:847)
	at com.sun.crypto.provider.PKCS12PBECipherCore.implDoFinal(PKCS12PBECipherCore.java:399)
	at com.sun.crypto.provider.PKCS12PBECipherCore$PBEWithSHA1AndDESede.engineDoFinal(PKCS12PBECipherCore.java:431)
	at com.kms.katalon.util.CryptoUtil.decode(CryptoUtil.java:86)
	at com.kms.katalon.core.webui.keyword.builtin.SetEncryptedTextKeyword$_setEncryptedText_closure1.doCall(SetEncryptedTextKeyword.groovy:48)
	at com.kms.katalon.core.webui.keyword.builtin.SetEncryptedTextKeyword$_setEncryptedText_closure1.call(SetEncryptedTextKeyword.groovy)
	at com.kms.katalon.core.webui.keyword.internal.WebUIKeywordMain.runKeyword(WebUIKeywordMain.groovy:20)
	... 19 more
"/>
         <system-out><![CDATA[2019-12-22 01:22:52 - [TEST_CASE][FAILED] - Test Cases/TestCase49LoginMultipleUsers: Test Cases/TestCase49LoginMultipleUsers FAILED.
Reason:
com.kms.katalon.core.exception.StepFailedException: Unable to set encrypted text for object 'Object Repository/Page_Mattermost/input_All team communication in one place s_2f2733'
	at com.kms.katalon.core.webui.keyword.internal.WebUIKeywordMain.stepFailed(WebUIKeywordMain.groovy:64)
	at com.kms.katalon.core.webui.keyword.internal.WebUIKeywordMain.runKeyword(WebUIKeywordMain.groovy:26)
	at com.kms.katalon.core.webui.keyword.builtin.SetEncryptedTextKeyword.setEncryptedText(SetEncryptedTextKeyword.groovy:65)
	at com.kms.katalon.core.webui.keyword.builtin.SetEncryptedTextKeyword.execute(SetEncryptedTextKeyword.groovy:34)
	at com.kms.katalon.core.keyword.internal.KeywordExecutor.executeKeywordForPlatform(KeywordExecutor.groovy:72)
	at com.kms.katalon.core.webui.keyword.WebUiBuiltInKeywords.setEncryptedText(WebUiBuiltInKeywords.groovy:981)
	at com.kms.katalon.core.webui.keyword.WebUiBuiltInKeywords$setEncryptedText$2.call(Unknown Source)
	at TestCase49LoginMultipleUsers.run(TestCase49LoginMultipleUsers:25)
	at com.kms.katalon.core.main.ScriptEngine.run(ScriptEngine.java:194)
	at com.kms.katalon.core.main.ScriptEngine.runScriptAsRawText(ScriptEngine.java:119)
	at com.kms.katalon.core.main.TestCaseExecutor.runScript(TestCaseExecutor.java:337)
	at com.kms.katalon.core.main.TestCaseExecutor.doExecute(TestCaseExecutor.java:328)
	at com.kms.katalon.core.main.TestCaseExecutor.processExecutionPhase(TestCaseExecutor.java:307)
	at com.kms.katalon.core.main.TestCaseExecutor.accessMainPhase(TestCaseExecutor.java:299)
	at com.kms.katalon.core.main.TestCaseExecutor.execute(TestCaseExecutor.java:233)
	at com.kms.katalon.core.main.TestSuiteExecutor.accessTestCaseMainPhase(TestSuiteExecutor.java:169)
	at com.kms.katalon.core.main.TestSuiteExecutor.accessTestSuiteMainPhase(TestSuiteExecutor.java:142)
	at com.kms.katalon.core.main.TestSuiteExecutor.execute(TestSuiteExecutor.java:91)
	at com.kms.katalon.core.main.TestCaseMain.startTestSuite(TestCaseMain.java:157)
	at com.kms.katalon.core.main.TestCaseMain$startTestSuite$0.call(Unknown Source)
	at TempTestSuite1576950821278.run(TempTestSuite1576950821278.groovy:36)
Caused by: javax.crypto.IllegalBlockSizeException: Input length must be multiple of 8 when decrypting with padded cipher
	at com.sun.crypto.provider.CipherCore.doFinal(CipherCore.java:936)
	at com.sun.crypto.provider.CipherCore.doFinal(CipherCore.java:847)
	at com.sun.crypto.provider.PKCS12PBECipherCore.implDoFinal(PKCS12PBECipherCore.java:399)
	at com.sun.crypto.provider.PKCS12PBECipherCore$PBEWithSHA1AndDESede.engineDoFinal(PKCS12PBECipherCore.java:431)
	at com.kms.katalon.util.CryptoUtil.decode(CryptoUtil.java:86)
	at com.kms.katalon.core.webui.keyword.builtin.SetEncryptedTextKeyword$_setEncryptedText_closure1.doCall(SetEncryptedTextKeyword.groovy:48)
	at com.kms.katalon.core.webui.keyword.builtin.SetEncryptedTextKeyword$_setEncryptedText_closure1.call(SetEncryptedTextKeyword.groovy)
	at com.kms.katalon.core.webui.keyword.internal.WebUIKeywordMain.runKeyword(WebUIKeywordMain.groovy:20)
	... 19 more


2019-12-22 01:22:52 - [TEST_STEP][PASSED] - openBrowser(""): Browser is opened with url: ''

2019-12-22 01:22:52 - [MESSAGE][WARNING] - A browser is already opened. Closing browser and opening a new one

2019-12-22 01:22:53 - [MESSAGE][INFO] - Starting 'Firefox' driver

2019-12-22 01:22:56 - [MESSAGE][PASSED] - Browser is opened with url: ''

2019-12-22 01:22:56 - [TEST_STEP][PASSED] - navigateToUrl("https://cs300testautomatic.herokuapp.com/"): Navigate to 'https://cs300testautomatic.herokuapp.com/' successfully

2019-12-22 01:22:59 - [MESSAGE][PASSED] - Navigate to 'https://cs300testautomatic.herokuapp.com/' successfully

2019-12-22 01:22:59 - [TEST_STEP][PASSED] - setText(findTestObject("Page_Mattermost/input_All team communication in one place s_703ef5"), userEmail): Text 'mytest@test.com' is set on object 'Object Repository/Page_Mattermost/input_All team communication in one place s_703ef5'

2019-12-22 01:23:03 - [MESSAGE][PASSED] - Text 'mytest@test.com' is set on object 'Object Repository/Page_Mattermost/input_All team communication in one place s_703ef5'

2019-12-22 01:23:03 - [TEST_STEP][FAILED] - setEncryptedText(findTestObject("Page_Mattermost/input_All team communication in one place s_2f2733"), userPass): Unable to set encrypted text for object 'Object Repository/Page_Mattermost/input_All team communication in one place s_2f2733' (Root cause: com.kms.katalon.core.exception.StepFailedException: Unable to set encrypted text for object 'Object Repository/Page_Mattermost/input_All team communication in one place s_2f2733'
	at com.kms.katalon.core.webui.keyword.internal.WebUIKeywordMain.stepFailed(WebUIKeywordMain.groovy:64)
	at com.kms.katalon.core.webui.keyword.internal.WebUIKeywordMain.runKeyword(WebUIKeywordMain.groovy:26)
	at com.kms.katalon.core.webui.keyword.builtin.SetEncryptedTextKeyword.setEncryptedText(SetEncryptedTextKeyword.groovy:65)
	at com.kms.katalon.core.webui.keyword.builtin.SetEncryptedTextKeyword.execute(SetEncryptedTextKeyword.groovy:34)
	at com.kms.katalon.core.keyword.internal.KeywordExecutor.executeKeywordForPlatform(KeywordExecutor.groovy:72)
	at com.kms.katalon.core.webui.keyword.WebUiBuiltInKeywords.setEncryptedText(WebUiBuiltInKeywords.groovy:981)
	at com.kms.katalon.core.webui.keyword.WebUiBuiltInKeywords$setEncryptedText$2.call(Unknown Source)
	at TestCase49LoginMultipleUsers.run(TestCase49LoginMultipleUsers:25)
	at com.kms.katalon.core.main.ScriptEngine.run(ScriptEngine.java:194)
	at com.kms.katalon.core.main.ScriptEngine.runScriptAsRawText(ScriptEngine.java:119)
	at com.kms.katalon.core.main.TestCaseExecutor.runScript(TestCaseExecutor.java:337)
	at com.kms.katalon.core.main.TestCaseExecutor.doExecute(TestCaseExecutor.java:328)
	at com.kms.katalon.core.main.TestCaseExecutor.processExecutionPhase(TestCaseExecutor.java:307)
	at com.kms.katalon.core.main.TestCaseExecutor.accessMainPhase(TestCaseExecutor.java:299)
	at com.kms.katalon.core.main.TestCaseExecutor.execute(TestCaseExecutor.java:233)
	at com.kms.katalon.core.main.TestSuiteExecutor.accessTestCaseMainPhase(TestSuiteExecutor.java:169)
	at com.kms.katalon.core.main.TestSuiteExecutor.accessTestSuiteMainPhase(TestSuiteExecutor.java:142)
	at com.kms.katalon.core.main.TestSuiteExecutor.execute(TestSuiteExecutor.java:91)
	at com.kms.katalon.core.main.TestCaseMain.startTestSuite(TestCaseMain.java:157)
	at com.kms.katalon.core.main.TestCaseMain$startTestSuite$0.call(Unknown Source)
	at TempTestSuite1576950821278.run(TempTestSuite1576950821278.groovy:36)
Caused by: javax.crypto.IllegalBlockSizeException: Input length must be multiple of 8 when decrypting with padded cipher
	at com.sun.crypto.provider.CipherCore.doFinal(CipherCore.java:936)
	at com.sun.crypto.provider.CipherCore.doFinal(CipherCore.java:847)
	at com.sun.crypto.provider.PKCS12PBECipherCore.implDoFinal(PKCS12PBECipherCore.java:399)
	at com.sun.crypto.provider.PKCS12PBECipherCore$PBEWithSHA1AndDESede.engineDoFinal(PKCS12PBECipherCore.java:431)
	at com.kms.katalon.util.CryptoUtil.decode(CryptoUtil.java:86)
	at com.kms.katalon.core.webui.keyword.builtin.SetEncryptedTextKeyword$_setEncryptedText_closure1.doCall(SetEncryptedTextKeyword.groovy:48)
	at com.kms.katalon.core.webui.keyword.builtin.SetEncryptedTextKeyword$_setEncryptedText_closure1.call(SetEncryptedTextKeyword.groovy)
	at com.kms.katalon.core.webui.keyword.internal.WebUIKeywordMain.runKeyword(WebUIKeywordMain.groovy:20)
	at com.kms.katalon.core.webui.keyword.builtin.SetEncryptedTextKeyword.setEncryptedText(SetEncryptedTextKeyword.groovy:65)
	at com.kms.katalon.core.webui.keyword.builtin.SetEncryptedTextKeyword.execute(SetEncryptedTextKeyword.groovy:34)
	at com.kms.katalon.core.keyword.internal.KeywordExecutor.executeKeywordForPlatform(KeywordExecutor.groovy:72)
	at com.kms.katalon.core.webui.keyword.WebUiBuiltInKeywords.setEncryptedText(WebUiBuiltInKeywords.groovy:981)
	at com.kms.katalon.core.webui.keyword.WebUiBuiltInKeywords$setEncryptedText$2.call(Unknown Source)
	at Script1576941881312.run(Script1576941881312.groovy:25)
	... 13 more
)

2019-12-22 01:23:03 - [MESSAGE][FAILED] - Unable to set encrypted text for object 'Object Repository/Page_Mattermost/input_All team communication in one place s_2f2733' (Root cause: com.kms.katalon.core.exception.StepFailedException: Unable to set encrypted text for object 'Object Repository/Page_Mattermost/input_All team communication in one place s_2f2733'
	at com.kms.katalon.core.webui.keyword.internal.WebUIKeywordMain.stepFailed(WebUIKeywordMain.groovy:64)
	at com.kms.katalon.core.webui.keyword.internal.WebUIKeywordMain.runKeyword(WebUIKeywordMain.groovy:26)
	at com.kms.katalon.core.webui.keyword.builtin.SetEncryptedTextKeyword.setEncryptedText(SetEncryptedTextKeyword.groovy:65)
	at com.kms.katalon.core.webui.keyword.builtin.SetEncryptedTextKeyword.execute(SetEncryptedTextKeyword.groovy:34)
	at com.kms.katalon.core.keyword.internal.KeywordExecutor.executeKeywordForPlatform(KeywordExecutor.groovy:72)
	at com.kms.katalon.core.webui.keyword.WebUiBuiltInKeywords.setEncryptedText(WebUiBuiltInKeywords.groovy:981)
	at com.kms.katalon.core.webui.keyword.WebUiBuiltInKeywords$setEncryptedText$2.call(Unknown Source)
	at TestCase49LoginMultipleUsers.run(TestCase49LoginMultipleUsers:25)
	at com.kms.katalon.core.main.ScriptEngine.run(ScriptEngine.java:194)
	at com.kms.katalon.core.main.ScriptEngine.runScriptAsRawText(ScriptEngine.java:119)
	at com.kms.katalon.core.main.TestCaseExecutor.runScript(TestCaseExecutor.java:337)
	at com.kms.katalon.core.main.TestCaseExecutor.doExecute(TestCaseExecutor.java:328)
	at com.kms.katalon.core.main.TestCaseExecutor.processExecutionPhase(TestCaseExecutor.java:307)
	at com.kms.katalon.core.main.TestCaseExecutor.accessMainPhase(TestCaseExecutor.java:299)
	at com.kms.katalon.core.main.TestCaseExecutor.execute(TestCaseExecutor.java:233)
	at com.kms.katalon.core.main.TestSuiteExecutor.accessTestCaseMainPhase(TestSuiteExecutor.java:169)
	at com.kms.katalon.core.main.TestSuiteExecutor.accessTestSuiteMainPhase(TestSuiteExecutor.java:142)
	at com.kms.katalon.core.main.TestSuiteExecutor.execute(TestSuiteExecutor.java:91)
	at com.kms.katalon.core.main.TestCaseMain.startTestSuite(TestCaseMain.java:157)
	at com.kms.katalon.core.main.TestCaseMain$startTestSuite$0.call(Unknown Source)
	at TempTestSuite1576950821278.run(TempTestSuite1576950821278.groovy:36)
Caused by: javax.crypto.IllegalBlockSizeException: Input length must be multiple of 8 when decrypting with padded cipher
	at com.sun.crypto.provider.CipherCore.doFinal(CipherCore.java:936)
	at com.sun.crypto.provider.CipherCore.doFinal(CipherCore.java:847)
	at com.sun.crypto.provider.PKCS12PBECipherCore.implDoFinal(PKCS12PBECipherCore.java:399)
	at com.sun.crypto.provider.PKCS12PBECipherCore$PBEWithSHA1AndDESede.engineDoFinal(PKCS12PBECipherCore.java:431)
	at com.kms.katalon.util.CryptoUtil.decode(CryptoUtil.java:86)
	at com.kms.katalon.core.webui.keyword.builtin.SetEncryptedTextKeyword$_setEncryptedText_closure1.doCall(SetEncryptedTextKeyword.groovy:48)
	at com.kms.katalon.core.webui.keyword.builtin.SetEncryptedTextKeyword$_setEncryptedText_closure1.call(SetEncryptedTextKeyword.groovy)
	at com.kms.katalon.core.webui.keyword.internal.WebUIKeywordMain.runKeyword(WebUIKeywordMain.groovy:20)
	at com.kms.katalon.core.webui.keyword.builtin.SetEncryptedTextKeyword.setEncryptedText(SetEncryptedTextKeyword.groovy:65)
	at com.kms.katalon.core.webui.keyword.builtin.SetEncryptedTextKeyword.execute(SetEncryptedTextKeyword.groovy:34)
	at com.kms.katalon.core.keyword.internal.KeywordExecutor.executeKeywordForPlatform(KeywordExecutor.groovy:72)
	at com.kms.katalon.core.webui.keyword.WebUiBuiltInKeywords.setEncryptedText(WebUiBuiltInKeywords.groovy:981)
	at com.kms.katalon.core.webui.keyword.WebUiBuiltInKeywords$setEncryptedText$2.call(Unknown Source)
	at Script1576941881312.run(Script1576941881312.groovy:25)
	... 13 more
)
[[ATTACHMENT|C:\\Users\\Gia Nguyen\\Desktop\\CS300AutomaticWebTesting\\Reports\\20191222_005341\\Run All Test Cases\\20191222_005341\\1576952583726.png]]]]></system-out>
         <system-err><![CDATA[2019-12-22 01:22:52 - [TEST_CASE][FAILED] - Test Cases/TestCase49LoginMultipleUsers: Test Cases/TestCase49LoginMultipleUsers FAILED.
Reason:
com.kms.katalon.core.exception.StepFailedException: Unable to set encrypted text for object 'Object Repository/Page_Mattermost/input_All team communication in one place s_2f2733'
	at com.kms.katalon.core.webui.keyword.internal.WebUIKeywordMain.stepFailed(WebUIKeywordMain.groovy:64)
	at com.kms.katalon.core.webui.keyword.internal.WebUIKeywordMain.runKeyword(WebUIKeywordMain.groovy:26)
	at com.kms.katalon.core.webui.keyword.builtin.SetEncryptedTextKeyword.setEncryptedText(SetEncryptedTextKeyword.groovy:65)
	at com.kms.katalon.core.webui.keyword.builtin.SetEncryptedTextKeyword.execute(SetEncryptedTextKeyword.groovy:34)
	at com.kms.katalon.core.keyword.internal.KeywordExecutor.executeKeywordForPlatform(KeywordExecutor.groovy:72)
	at com.kms.katalon.core.webui.keyword.WebUiBuiltInKeywords.setEncryptedText(WebUiBuiltInKeywords.groovy:981)
	at com.kms.katalon.core.webui.keyword.WebUiBuiltInKeywords$setEncryptedText$2.call(Unknown Source)
	at TestCase49LoginMultipleUsers.run(TestCase49LoginMultipleUsers:25)
	at com.kms.katalon.core.main.ScriptEngine.run(ScriptEngine.java:194)
	at com.kms.katalon.core.main.ScriptEngine.runScriptAsRawText(ScriptEngine.java:119)
	at com.kms.katalon.core.main.TestCaseExecutor.runScript(TestCaseExecutor.java:337)
	at com.kms.katalon.core.main.TestCaseExecutor.doExecute(TestCaseExecutor.java:328)
	at com.kms.katalon.core.main.TestCaseExecutor.processExecutionPhase(TestCaseExecutor.java:307)
	at com.kms.katalon.core.main.TestCaseExecutor.accessMainPhase(TestCaseExecutor.java:299)
	at com.kms.katalon.core.main.TestCaseExecutor.execute(TestCaseExecutor.java:233)
	at com.kms.katalon.core.main.TestSuiteExecutor.accessTestCaseMainPhase(TestSuiteExecutor.java:169)
	at com.kms.katalon.core.main.TestSuiteExecutor.accessTestSuiteMainPhase(TestSuiteExecutor.java:142)
	at com.kms.katalon.core.main.TestSuiteExecutor.execute(TestSuiteExecutor.java:91)
	at com.kms.katalon.core.main.TestCaseMain.startTestSuite(TestCaseMain.java:157)
	at com.kms.katalon.core.main.TestCaseMain$startTestSuite$0.call(Unknown Source)
	at TempTestSuite1576950821278.run(TempTestSuite1576950821278.groovy:36)
Caused by: javax.crypto.IllegalBlockSizeException: Input length must be multiple of 8 when decrypting with padded cipher
	at com.sun.crypto.provider.CipherCore.doFinal(CipherCore.java:936)
	at com.sun.crypto.provider.CipherCore.doFinal(CipherCore.java:847)
	at com.sun.crypto.provider.PKCS12PBECipherCore.implDoFinal(PKCS12PBECipherCore.java:399)
	at com.sun.crypto.provider.PKCS12PBECipherCore$PBEWithSHA1AndDESede.engineDoFinal(PKCS12PBECipherCore.java:431)
	at com.kms.katalon.util.CryptoUtil.decode(CryptoUtil.java:86)
	at com.kms.katalon.core.webui.keyword.builtin.SetEncryptedTextKeyword$_setEncryptedText_closure1.doCall(SetEncryptedTextKeyword.groovy:48)
	at com.kms.katalon.core.webui.keyword.builtin.SetEncryptedTextKeyword$_setEncryptedText_closure1.call(SetEncryptedTextKeyword.groovy)
	at com.kms.katalon.core.webui.keyword.internal.WebUIKeywordMain.runKeyword(WebUIKeywordMain.groovy:20)
	... 19 more]]></system-err>
      </testcase>
      <testcase name="Test Cases/TestCase49LoginMultipleUsers" time="10.743" classname="Test Cases/TestCase49LoginMultipleUsers" status="FAILED">
         <failure type="FAILED" message="Test Cases/TestCase49LoginMultipleUsers FAILED.
Reason:
com.kms.katalon.core.exception.StepFailedException: Unable to set encrypted text for object 'Object Repository/Page_Mattermost/input_All team communication in one place s_2f2733'
	at com.kms.katalon.core.webui.keyword.internal.WebUIKeywordMain.stepFailed(WebUIKeywordMain.groovy:64)
	at com.kms.katalon.core.webui.keyword.internal.WebUIKeywordMain.runKeyword(WebUIKeywordMain.groovy:26)
	at com.kms.katalon.core.webui.keyword.builtin.SetEncryptedTextKeyword.setEncryptedText(SetEncryptedTextKeyword.groovy:65)
	at com.kms.katalon.core.webui.keyword.builtin.SetEncryptedTextKeyword.execute(SetEncryptedTextKeyword.groovy:34)
	at com.kms.katalon.core.keyword.internal.KeywordExecutor.executeKeywordForPlatform(KeywordExecutor.groovy:72)
	at com.kms.katalon.core.webui.keyword.WebUiBuiltInKeywords.setEncryptedText(WebUiBuiltInKeywords.groovy:981)
	at com.kms.katalon.core.webui.keyword.WebUiBuiltInKeywords$setEncryptedText$2.call(Unknown Source)
	at TestCase49LoginMultipleUsers.run(TestCase49LoginMultipleUsers:25)
	at com.kms.katalon.core.main.ScriptEngine.run(ScriptEngine.java:194)
	at com.kms.katalon.core.main.ScriptEngine.runScriptAsRawText(ScriptEngine.java:119)
	at com.kms.katalon.core.main.TestCaseExecutor.runScript(TestCaseExecutor.java:337)
	at com.kms.katalon.core.main.TestCaseExecutor.doExecute(TestCaseExecutor.java:328)
	at com.kms.katalon.core.main.TestCaseExecutor.processExecutionPhase(TestCaseExecutor.java:307)
	at com.kms.katalon.core.main.TestCaseExecutor.accessMainPhase(TestCaseExecutor.java:299)
	at com.kms.katalon.core.main.TestCaseExecutor.execute(TestCaseExecutor.java:233)
	at com.kms.katalon.core.main.TestSuiteExecutor.accessTestCaseMainPhase(TestSuiteExecutor.java:169)
	at com.kms.katalon.core.main.TestSuiteExecutor.accessTestSuiteMainPhase(TestSuiteExecutor.java:142)
	at com.kms.katalon.core.main.TestSuiteExecutor.execute(TestSuiteExecutor.java:91)
	at com.kms.katalon.core.main.TestCaseMain.startTestSuite(TestCaseMain.java:157)
	at com.kms.katalon.core.main.TestCaseMain$startTestSuite$0.call(Unknown Source)
	at TempTestSuite1576950821278.run(TempTestSuite1576950821278.groovy:36)
Caused by: javax.crypto.IllegalBlockSizeException: Input length must be multiple of 8 when decrypting with padded cipher
	at com.sun.crypto.provider.CipherCore.doFinal(CipherCore.java:936)
	at com.sun.crypto.provider.CipherCore.doFinal(CipherCore.java:847)
	at com.sun.crypto.provider.PKCS12PBECipherCore.implDoFinal(PKCS12PBECipherCore.java:399)
	at com.sun.crypto.provider.PKCS12PBECipherCore$PBEWithSHA1AndDESede.engineDoFinal(PKCS12PBECipherCore.java:431)
	at com.kms.katalon.util.CryptoUtil.decode(CryptoUtil.java:86)
	at com.kms.katalon.core.webui.keyword.builtin.SetEncryptedTextKeyword$_setEncryptedText_closure1.doCall(SetEncryptedTextKeyword.groovy:48)
	at com.kms.katalon.core.webui.keyword.builtin.SetEncryptedTextKeyword$_setEncryptedText_closure1.call(SetEncryptedTextKeyword.groovy)
	at com.kms.katalon.core.webui.keyword.internal.WebUIKeywordMain.runKeyword(WebUIKeywordMain.groovy:20)
	... 19 more
"/>
         <system-out><![CDATA[2019-12-22 01:23:03 - [TEST_CASE][FAILED] - Test Cases/TestCase49LoginMultipleUsers: Test Cases/TestCase49LoginMultipleUsers FAILED.
Reason:
com.kms.katalon.core.exception.StepFailedException: Unable to set encrypted text for object 'Object Repository/Page_Mattermost/input_All team communication in one place s_2f2733'
	at com.kms.katalon.core.webui.keyword.internal.WebUIKeywordMain.stepFailed(WebUIKeywordMain.groovy:64)
	at com.kms.katalon.core.webui.keyword.internal.WebUIKeywordMain.runKeyword(WebUIKeywordMain.groovy:26)
	at com.kms.katalon.core.webui.keyword.builtin.SetEncryptedTextKeyword.setEncryptedText(SetEncryptedTextKeyword.groovy:65)
	at com.kms.katalon.core.webui.keyword.builtin.SetEncryptedTextKeyword.execute(SetEncryptedTextKeyword.groovy:34)
	at com.kms.katalon.core.keyword.internal.KeywordExecutor.executeKeywordForPlatform(KeywordExecutor.groovy:72)
	at com.kms.katalon.core.webui.keyword.WebUiBuiltInKeywords.setEncryptedText(WebUiBuiltInKeywords.groovy:981)
	at com.kms.katalon.core.webui.keyword.WebUiBuiltInKeywords$setEncryptedText$2.call(Unknown Source)
	at TestCase49LoginMultipleUsers.run(TestCase49LoginMultipleUsers:25)
	at com.kms.katalon.core.main.ScriptEngine.run(ScriptEngine.java:194)
	at com.kms.katalon.core.main.ScriptEngine.runScriptAsRawText(ScriptEngine.java:119)
	at com.kms.katalon.core.main.TestCaseExecutor.runScript(TestCaseExecutor.java:337)
	at com.kms.katalon.core.main.TestCaseExecutor.doExecute(TestCaseExecutor.java:328)
	at com.kms.katalon.core.main.TestCaseExecutor.processExecutionPhase(TestCaseExecutor.java:307)
	at com.kms.katalon.core.main.TestCaseExecutor.accessMainPhase(TestCaseExecutor.java:299)
	at com.kms.katalon.core.main.TestCaseExecutor.execute(TestCaseExecutor.java:233)
	at com.kms.katalon.core.main.TestSuiteExecutor.accessTestCaseMainPhase(TestSuiteExecutor.java:169)
	at com.kms.katalon.core.main.TestSuiteExecutor.accessTestSuiteMainPhase(TestSuiteExecutor.java:142)
	at com.kms.katalon.core.main.TestSuiteExecutor.execute(TestSuiteExecutor.java:91)
	at com.kms.katalon.core.main.TestCaseMain.startTestSuite(TestCaseMain.java:157)
	at com.kms.katalon.core.main.TestCaseMain$startTestSuite$0.call(Unknown Source)
	at TempTestSuite1576950821278.run(TempTestSuite1576950821278.groovy:36)
Caused by: javax.crypto.IllegalBlockSizeException: Input length must be multiple of 8 when decrypting with padded cipher
	at com.sun.crypto.provider.CipherCore.doFinal(CipherCore.java:936)
	at com.sun.crypto.provider.CipherCore.doFinal(CipherCore.java:847)
	at com.sun.crypto.provider.PKCS12PBECipherCore.implDoFinal(PKCS12PBECipherCore.java:399)
	at com.sun.crypto.provider.PKCS12PBECipherCore$PBEWithSHA1AndDESede.engineDoFinal(PKCS12PBECipherCore.java:431)
	at com.kms.katalon.util.CryptoUtil.decode(CryptoUtil.java:86)
	at com.kms.katalon.core.webui.keyword.builtin.SetEncryptedTextKeyword$_setEncryptedText_closure1.doCall(SetEncryptedTextKeyword.groovy:48)
	at com.kms.katalon.core.webui.keyword.builtin.SetEncryptedTextKeyword$_setEncryptedText_closure1.call(SetEncryptedTextKeyword.groovy)
	at com.kms.katalon.core.webui.keyword.internal.WebUIKeywordMain.runKeyword(WebUIKeywordMain.groovy:20)
	... 19 more


2019-12-22 01:23:03 - [TEST_STEP][PASSED] - openBrowser(""): Browser is opened with url: ''

2019-12-22 01:23:03 - [MESSAGE][WARNING] - A browser is already opened. Closing browser and opening a new one

2019-12-22 01:23:04 - [MESSAGE][INFO] - Starting 'Firefox' driver

2019-12-22 01:23:07 - [MESSAGE][PASSED] - Browser is opened with url: ''

2019-12-22 01:23:07 - [TEST_STEP][PASSED] - navigateToUrl("https://cs300testautomatic.herokuapp.com/"): Navigate to 'https://cs300testautomatic.herokuapp.com/' successfully

2019-12-22 01:23:10 - [MESSAGE][PASSED] - Navigate to 'https://cs300testautomatic.herokuapp.com/' successfully

2019-12-22 01:23:10 - [TEST_STEP][PASSED] - setText(findTestObject("Page_Mattermost/input_All team communication in one place s_703ef5"), userEmail): Text 'mytest1@test.com' is set on object 'Object Repository/Page_Mattermost/input_All team communication in one place s_703ef5'

2019-12-22 01:23:14 - [MESSAGE][PASSED] - Text 'mytest1@test.com' is set on object 'Object Repository/Page_Mattermost/input_All team communication in one place s_703ef5'

2019-12-22 01:23:14 - [TEST_STEP][FAILED] - setEncryptedText(findTestObject("Page_Mattermost/input_All team communication in one place s_2f2733"), userPass): Unable to set encrypted text for object 'Object Repository/Page_Mattermost/input_All team communication in one place s_2f2733' (Root cause: com.kms.katalon.core.exception.StepFailedException: Unable to set encrypted text for object 'Object Repository/Page_Mattermost/input_All team communication in one place s_2f2733'
	at com.kms.katalon.core.webui.keyword.internal.WebUIKeywordMain.stepFailed(WebUIKeywordMain.groovy:64)
	at com.kms.katalon.core.webui.keyword.internal.WebUIKeywordMain.runKeyword(WebUIKeywordMain.groovy:26)
	at com.kms.katalon.core.webui.keyword.builtin.SetEncryptedTextKeyword.setEncryptedText(SetEncryptedTextKeyword.groovy:65)
	at com.kms.katalon.core.webui.keyword.builtin.SetEncryptedTextKeyword.execute(SetEncryptedTextKeyword.groovy:34)
	at com.kms.katalon.core.keyword.internal.KeywordExecutor.executeKeywordForPlatform(KeywordExecutor.groovy:72)
	at com.kms.katalon.core.webui.keyword.WebUiBuiltInKeywords.setEncryptedText(WebUiBuiltInKeywords.groovy:981)
	at com.kms.katalon.core.webui.keyword.WebUiBuiltInKeywords$setEncryptedText$2.call(Unknown Source)
	at TestCase49LoginMultipleUsers.run(TestCase49LoginMultipleUsers:25)
	at com.kms.katalon.core.main.ScriptEngine.run(ScriptEngine.java:194)
	at com.kms.katalon.core.main.ScriptEngine.runScriptAsRawText(ScriptEngine.java:119)
	at com.kms.katalon.core.main.TestCaseExecutor.runScript(TestCaseExecutor.java:337)
	at com.kms.katalon.core.main.TestCaseExecutor.doExecute(TestCaseExecutor.java:328)
	at com.kms.katalon.core.main.TestCaseExecutor.processExecutionPhase(TestCaseExecutor.java:307)
	at com.kms.katalon.core.main.TestCaseExecutor.accessMainPhase(TestCaseExecutor.java:299)
	at com.kms.katalon.core.main.TestCaseExecutor.execute(TestCaseExecutor.java:233)
	at com.kms.katalon.core.main.TestSuiteExecutor.accessTestCaseMainPhase(TestSuiteExecutor.java:169)
	at com.kms.katalon.core.main.TestSuiteExecutor.accessTestSuiteMainPhase(TestSuiteExecutor.java:142)
	at com.kms.katalon.core.main.TestSuiteExecutor.execute(TestSuiteExecutor.java:91)
	at com.kms.katalon.core.main.TestCaseMain.startTestSuite(TestCaseMain.java:157)
	at com.kms.katalon.core.main.TestCaseMain$startTestSuite$0.call(Unknown Source)
	at TempTestSuite1576950821278.run(TempTestSuite1576950821278.groovy:36)
Caused by: javax.crypto.IllegalBlockSizeException: Input length must be multiple of 8 when decrypting with padded cipher
	at com.sun.crypto.provider.CipherCore.doFinal(CipherCore.java:936)
	at com.sun.crypto.provider.CipherCore.doFinal(CipherCore.java:847)
	at com.sun.crypto.provider.PKCS12PBECipherCore.implDoFinal(PKCS12PBECipherCore.java:399)
	at com.sun.crypto.provider.PKCS12PBECipherCore$PBEWithSHA1AndDESede.engineDoFinal(PKCS12PBECipherCore.java:431)
	at com.kms.katalon.util.CryptoUtil.decode(CryptoUtil.java:86)
	at com.kms.katalon.core.webui.keyword.builtin.SetEncryptedTextKeyword$_setEncryptedText_closure1.doCall(SetEncryptedTextKeyword.groovy:48)
	at com.kms.katalon.core.webui.keyword.builtin.SetEncryptedTextKeyword$_setEncryptedText_closure1.call(SetEncryptedTextKeyword.groovy)
	at com.kms.katalon.core.webui.keyword.internal.WebUIKeywordMain.runKeyword(WebUIKeywordMain.groovy:20)
	at com.kms.katalon.core.webui.keyword.builtin.SetEncryptedTextKeyword.setEncryptedText(SetEncryptedTextKeyword.groovy:65)
	at com.kms.katalon.core.webui.keyword.builtin.SetEncryptedTextKeyword.execute(SetEncryptedTextKeyword.groovy:34)
	at com.kms.katalon.core.keyword.internal.KeywordExecutor.executeKeywordForPlatform(KeywordExecutor.groovy:72)
	at com.kms.katalon.core.webui.keyword.WebUiBuiltInKeywords.setEncryptedText(WebUiBuiltInKeywords.groovy:981)
	at com.kms.katalon.core.webui.keyword.WebUiBuiltInKeywords$setEncryptedText$2.call(Unknown Source)
	at Script1576941881312.run(Script1576941881312.groovy:25)
	... 13 more
)

2019-12-22 01:23:14 - [MESSAGE][FAILED] - Unable to set encrypted text for object 'Object Repository/Page_Mattermost/input_All team communication in one place s_2f2733' (Root cause: com.kms.katalon.core.exception.StepFailedException: Unable to set encrypted text for object 'Object Repository/Page_Mattermost/input_All team communication in one place s_2f2733'
	at com.kms.katalon.core.webui.keyword.internal.WebUIKeywordMain.stepFailed(WebUIKeywordMain.groovy:64)
	at com.kms.katalon.core.webui.keyword.internal.WebUIKeywordMain.runKeyword(WebUIKeywordMain.groovy:26)
	at com.kms.katalon.core.webui.keyword.builtin.SetEncryptedTextKeyword.setEncryptedText(SetEncryptedTextKeyword.groovy:65)
	at com.kms.katalon.core.webui.keyword.builtin.SetEncryptedTextKeyword.execute(SetEncryptedTextKeyword.groovy:34)
	at com.kms.katalon.core.keyword.internal.KeywordExecutor.executeKeywordForPlatform(KeywordExecutor.groovy:72)
	at com.kms.katalon.core.webui.keyword.WebUiBuiltInKeywords.setEncryptedText(WebUiBuiltInKeywords.groovy:981)
	at com.kms.katalon.core.webui.keyword.WebUiBuiltInKeywords$setEncryptedText$2.call(Unknown Source)
	at TestCase49LoginMultipleUsers.run(TestCase49LoginMultipleUsers:25)
	at com.kms.katalon.core.main.ScriptEngine.run(ScriptEngine.java:194)
	at com.kms.katalon.core.main.ScriptEngine.runScriptAsRawText(ScriptEngine.java:119)
	at com.kms.katalon.core.main.TestCaseExecutor.runScript(TestCaseExecutor.java:337)
	at com.kms.katalon.core.main.TestCaseExecutor.doExecute(TestCaseExecutor.java:328)
	at com.kms.katalon.core.main.TestCaseExecutor.processExecutionPhase(TestCaseExecutor.java:307)
	at com.kms.katalon.core.main.TestCaseExecutor.accessMainPhase(TestCaseExecutor.java:299)
	at com.kms.katalon.core.main.TestCaseExecutor.execute(TestCaseExecutor.java:233)
	at com.kms.katalon.core.main.TestSuiteExecutor.accessTestCaseMainPhase(TestSuiteExecutor.java:169)
	at com.kms.katalon.core.main.TestSuiteExecutor.accessTestSuiteMainPhase(TestSuiteExecutor.java:142)
	at com.kms.katalon.core.main.TestSuiteExecutor.execute(TestSuiteExecutor.java:91)
	at com.kms.katalon.core.main.TestCaseMain.startTestSuite(TestCaseMain.java:157)
	at com.kms.katalon.core.main.TestCaseMain$startTestSuite$0.call(Unknown Source)
	at TempTestSuite1576950821278.run(TempTestSuite1576950821278.groovy:36)
Caused by: javax.crypto.IllegalBlockSizeException: Input length must be multiple of 8 when decrypting with padded cipher
	at com.sun.crypto.provider.CipherCore.doFinal(CipherCore.java:936)
	at com.sun.crypto.provider.CipherCore.doFinal(CipherCore.java:847)
	at com.sun.crypto.provider.PKCS12PBECipherCore.implDoFinal(PKCS12PBECipherCore.java:399)
	at com.sun.crypto.provider.PKCS12PBECipherCore$PBEWithSHA1AndDESede.engineDoFinal(PKCS12PBECipherCore.java:431)
	at com.kms.katalon.util.CryptoUtil.decode(CryptoUtil.java:86)
	at com.kms.katalon.core.webui.keyword.builtin.SetEncryptedTextKeyword$_setEncryptedText_closure1.doCall(SetEncryptedTextKeyword.groovy:48)
	at com.kms.katalon.core.webui.keyword.builtin.SetEncryptedTextKeyword$_setEncryptedText_closure1.call(SetEncryptedTextKeyword.groovy)
	at com.kms.katalon.core.webui.keyword.internal.WebUIKeywordMain.runKeyword(WebUIKeywordMain.groovy:20)
	at com.kms.katalon.core.webui.keyword.builtin.SetEncryptedTextKeyword.setEncryptedText(SetEncryptedTextKeyword.groovy:65)
	at com.kms.katalon.core.webui.keyword.builtin.SetEncryptedTextKeyword.execute(SetEncryptedTextKeyword.groovy:34)
	at com.kms.katalon.core.keyword.internal.KeywordExecutor.executeKeywordForPlatform(KeywordExecutor.groovy:72)
	at com.kms.katalon.core.webui.keyword.WebUiBuiltInKeywords.setEncryptedText(WebUiBuiltInKeywords.groovy:981)
	at com.kms.katalon.core.webui.keyword.WebUiBuiltInKeywords$setEncryptedText$2.call(Unknown Source)
	at Script1576941881312.run(Script1576941881312.groovy:25)
	... 13 more
)
[[ATTACHMENT|C:\\Users\\Gia Nguyen\\Desktop\\CS300AutomaticWebTesting\\Reports\\20191222_005341\\Run All Test Cases\\20191222_005341\\1576952594478.png]]]]></system-out>
         <system-err><![CDATA[2019-12-22 01:23:03 - [TEST_CASE][FAILED] - Test Cases/TestCase49LoginMultipleUsers: Test Cases/TestCase49LoginMultipleUsers FAILED.
Reason:
com.kms.katalon.core.exception.StepFailedException: Unable to set encrypted text for object 'Object Repository/Page_Mattermost/input_All team communication in one place s_2f2733'
	at com.kms.katalon.core.webui.keyword.internal.WebUIKeywordMain.stepFailed(WebUIKeywordMain.groovy:64)
	at com.kms.katalon.core.webui.keyword.internal.WebUIKeywordMain.runKeyword(WebUIKeywordMain.groovy:26)
	at com.kms.katalon.core.webui.keyword.builtin.SetEncryptedTextKeyword.setEncryptedText(SetEncryptedTextKeyword.groovy:65)
	at com.kms.katalon.core.webui.keyword.builtin.SetEncryptedTextKeyword.execute(SetEncryptedTextKeyword.groovy:34)
	at com.kms.katalon.core.keyword.internal.KeywordExecutor.executeKeywordForPlatform(KeywordExecutor.groovy:72)
	at com.kms.katalon.core.webui.keyword.WebUiBuiltInKeywords.setEncryptedText(WebUiBuiltInKeywords.groovy:981)
	at com.kms.katalon.core.webui.keyword.WebUiBuiltInKeywords$setEncryptedText$2.call(Unknown Source)
	at TestCase49LoginMultipleUsers.run(TestCase49LoginMultipleUsers:25)
	at com.kms.katalon.core.main.ScriptEngine.run(ScriptEngine.java:194)
	at com.kms.katalon.core.main.ScriptEngine.runScriptAsRawText(ScriptEngine.java:119)
	at com.kms.katalon.core.main.TestCaseExecutor.runScript(TestCaseExecutor.java:337)
	at com.kms.katalon.core.main.TestCaseExecutor.doExecute(TestCaseExecutor.java:328)
	at com.kms.katalon.core.main.TestCaseExecutor.processExecutionPhase(TestCaseExecutor.java:307)
	at com.kms.katalon.core.main.TestCaseExecutor.accessMainPhase(TestCaseExecutor.java:299)
	at com.kms.katalon.core.main.TestCaseExecutor.execute(TestCaseExecutor.java:233)
	at com.kms.katalon.core.main.TestSuiteExecutor.accessTestCaseMainPhase(TestSuiteExecutor.java:169)
	at com.kms.katalon.core.main.TestSuiteExecutor.accessTestSuiteMainPhase(TestSuiteExecutor.java:142)
	at com.kms.katalon.core.main.TestSuiteExecutor.execute(TestSuiteExecutor.java:91)
	at com.kms.katalon.core.main.TestCaseMain.startTestSuite(TestCaseMain.java:157)
	at com.kms.katalon.core.main.TestCaseMain$startTestSuite$0.call(Unknown Source)
	at TempTestSuite1576950821278.run(TempTestSuite1576950821278.groovy:36)
Caused by: javax.crypto.IllegalBlockSizeException: Input length must be multiple of 8 when decrypting with padded cipher
	at com.sun.crypto.provider.CipherCore.doFinal(CipherCore.java:936)
	at com.sun.crypto.provider.CipherCore.doFinal(CipherCore.java:847)
	at com.sun.crypto.provider.PKCS12PBECipherCore.implDoFinal(PKCS12PBECipherCore.java:399)
	at com.sun.crypto.provider.PKCS12PBECipherCore$PBEWithSHA1AndDESede.engineDoFinal(PKCS12PBECipherCore.java:431)
	at com.kms.katalon.util.CryptoUtil.decode(CryptoUtil.java:86)
	at com.kms.katalon.core.webui.keyword.builtin.SetEncryptedTextKeyword$_setEncryptedText_closure1.doCall(SetEncryptedTextKeyword.groovy:48)
	at com.kms.katalon.core.webui.keyword.builtin.SetEncryptedTextKeyword$_setEncryptedText_closure1.call(SetEncryptedTextKeyword.groovy)
	at com.kms.katalon.core.webui.keyword.internal.WebUIKeywordMain.runKeyword(WebUIKeywordMain.groovy:20)
	... 19 more]]></system-err>
      </testcase>
      <testcase name="Test Cases/TestCase50ChangeUserPass" time="21.732" classname="Test Cases/TestCase50ChangeUserPass" status="PASSED">
         <system-out><![CDATA[2019-12-22 01:23:14 - [TEST_CASE][PASSED] - Test Cases/TestCase50ChangeUserPass: Test Cases/TestCase50ChangeUserPass

2019-12-22 01:23:14 - [TEST_STEP][PASSED] - openBrowser(""): Browser is opened with url: ''

2019-12-22 01:23:14 - [MESSAGE][WARNING] - A browser is already opened. Closing browser and opening a new one

2019-12-22 01:23:15 - [MESSAGE][INFO] - Starting 'Firefox' driver

2019-12-22 01:23:18 - [MESSAGE][PASSED] - Browser is opened with url: ''

2019-12-22 01:23:18 - [TEST_STEP][PASSED] - navigateToUrl("https://cs300testautomatic.herokuapp.com/"): Navigate to 'https://cs300testautomatic.herokuapp.com/' successfully

2019-12-22 01:23:21 - [MESSAGE][PASSED] - Navigate to 'https://cs300testautomatic.herokuapp.com/' successfully

2019-12-22 01:23:21 - [TEST_STEP][PASSED] - setText(findTestObject("Page_Mattermost/input_All team communication in one place s_703ef5 (38)"), "dhieu@apcs.vn"): Text 'dhieu@apcs.vn' is set on object 'Object Repository/Page_Mattermost/input_All team communication in one place s_703ef5 (38)'

2019-12-22 01:23:25 - [MESSAGE][PASSED] - Text 'dhieu@apcs.vn' is set on object 'Object Repository/Page_Mattermost/input_All team communication in one place s_703ef5 (38)'

2019-12-22 01:23:25 - [TEST_STEP][PASSED] - setEncryptedText(findTestObject("Page_Mattermost/input_All team communication in one place s_2f2733 (38)"), "iGDxf8hSRT4="): Text ****** has been set on object 'Object Repository/Page_Mattermost/input_All team communication in one place s_2f2733 (38)'

2019-12-22 01:23:25 - [MESSAGE][PASSED] - Text ****** has been set on object 'Object Repository/Page_Mattermost/input_All team communication in one place s_2f2733 (38)'

2019-12-22 01:23:25 - [TEST_STEP][PASSED] - click(findTestObject("Page_Mattermost/span_Sign in (8)")): Object: 'Object Repository/Page_Mattermost/span_Sign in (8)' is clicked on

2019-12-22 01:23:26 - [MESSAGE][PASSED] - Object: 'Object Repository/Page_Mattermost/span_Sign in (8)' is clicked on

2019-12-22 01:23:26 - [TEST_STEP][PASSED] - click(findTestObject("Object Repository/Page_Town Square - FirstTeam Mattermost/button_hieu_style--none sidebar-header-drop_de94de")): Object: 'Object Repository/Page_Town Square - FirstTeam Mattermost/button_hieu_style--none sidebar-header-drop_de94de' is clicked on

2019-12-22 01:23:29 - [MESSAGE][PASSED] - Object: 'Object Repository/Page_Town Square - FirstTeam Mattermost/button_hieu_style--none sidebar-header-drop_de94de' is clicked on

2019-12-22 01:23:29 - [TEST_STEP][PASSED] - click(findTestObject("Page_Town Square - FirstTeam Mattermost/button_Account Settings (1)")): Object: 'Object Repository/Page_Town Square - FirstTeam Mattermost/button_Account Settings (1)' is clicked on

2019-12-22 01:23:30 - [MESSAGE][PASSED] - Object: 'Object Repository/Page_Town Square - FirstTeam Mattermost/button_Account Settings (1)' is clicked on

2019-12-22 01:23:30 - [TEST_STEP][PASSED] - click(findTestObject("Object Repository/Page_Town Square - FirstTeam Mattermost/button_Security")): Object: 'Object Repository/Page_Town Square - FirstTeam Mattermost/button_Security' is clicked on

2019-12-22 01:23:31 - [MESSAGE][PASSED] - Object: 'Object Repository/Page_Town Square - FirstTeam Mattermost/button_Security' is clicked on

2019-12-22 01:23:31 - [TEST_STEP][PASSED] - click(findTestObject("Page_Town Square - FirstTeam Mattermost/button_Edit (1)")): Object: 'Object Repository/Page_Town Square - FirstTeam Mattermost/button_Edit (1)' is clicked on

2019-12-22 01:23:32 - [MESSAGE][PASSED] - Object: 'Object Repository/Page_Town Square - FirstTeam Mattermost/button_Edit (1)' is clicked on

2019-12-22 01:23:32 - [TEST_STEP][PASSED] - setEncryptedText(findTestObject("Object Repository/Page_Town Square - FirstTeam Mattermost/input_Current Password_currentPassword"), "iGDxf8hSRT4="): Text ****** has been set on object 'Object Repository/Page_Town Square - FirstTeam Mattermost/input_Current Password_currentPassword'

2019-12-22 01:23:32 - [MESSAGE][PASSED] - Text ****** has been set on object 'Object Repository/Page_Town Square - FirstTeam Mattermost/input_Current Password_currentPassword'

2019-12-22 01:23:32 - [TEST_STEP][PASSED] - setEncryptedText(findTestObject("Object Repository/Page_Town Square - FirstTeam Mattermost/input_New Password_newPassword"), "iGDxf8hSRT4="): Text ****** has been set on object 'Object Repository/Page_Town Square - FirstTeam Mattermost/input_New Password_newPassword'

2019-12-22 01:23:33 - [MESSAGE][PASSED] - Text ****** has been set on object 'Object Repository/Page_Town Square - FirstTeam Mattermost/input_New Password_newPassword'

2019-12-22 01:23:33 - [TEST_STEP][PASSED] - setEncryptedText(findTestObject("Object Repository/Page_Town Square - FirstTeam Mattermost/input_Retype New Password_confirmPassword"), "iGDxf8hSRT4="): Text ****** has been set on object 'Object Repository/Page_Town Square - FirstTeam Mattermost/input_Retype New Password_confirmPassword'

2019-12-22 01:23:33 - [MESSAGE][PASSED] - Text ****** has been set on object 'Object Repository/Page_Town Square - FirstTeam Mattermost/input_Retype New Password_confirmPassword'

2019-12-22 01:23:33 - [TEST_STEP][PASSED] - click(findTestObject("Page_Town Square - FirstTeam Mattermost/button_Save (1)")): Object: 'Object Repository/Page_Town Square - FirstTeam Mattermost/button_Save (1)' is clicked on

2019-12-22 01:23:34 - [MESSAGE][PASSED] - Object: 'Object Repository/Page_Town Square - FirstTeam Mattermost/button_Save (1)' is clicked on

2019-12-22 01:23:34 - [TEST_STEP][PASSED] - click(findTestObject("Page_Town Square - FirstTeam Mattermost/button_Close (1)")): Object: 'Object Repository/Page_Town Square - FirstTeam Mattermost/button_Close (1)' is clicked on

2019-12-22 01:23:35 - [MESSAGE][PASSED] - Object: 'Object Repository/Page_Town Square - FirstTeam Mattermost/button_Close (1)' is clicked on

2019-12-22 01:23:35 - [TEST_STEP][PASSED] - closeBrowser(): Browser is closed

2019-12-22 01:23:36 - [MESSAGE][PASSED] - Browser is closed]]></system-out>
         <system-err><![CDATA[]]></system-err>
      </testcase>
      <system-out><![CDATA[2019-12-22 00:53:45 - [TEST_SUITE][FAILED] - Run All Test Cases: Test Cases/TestCase15GetInviteLink FAILED.
Reason:
com.kms.katalon.core.exception.StepFailedException: Unable to click on object 'Object Repository/Page_ Town Square - FirstTeam Mattermost/div_Fi'
	at com.kms.katalon.core.webui.keyword.internal.WebUIKeywordMain.stepFailed(WebUIKeywordMain.groovy:64)
	at com.kms.katalon.core.webui.keyword.internal.WebUIKeywordMain.runKeyword(WebUIKeywordMain.groovy:26)
	at com.kms.katalon.core.webui.keyword.builtin.ClickKeyword.click(ClickKeyword.groovy:102)
	at com.kms.katalon.core.webui.keyword.builtin.ClickKeyword.execute(ClickKeyword.groovy:43)
	at com.kms.katalon.core.keyword.internal.KeywordExecutor.executeKeywordForPlatform(KeywordExecutor.groovy:72)
	at com.kms.katalon.core.webui.keyword.WebUiBuiltInKeywords.click(WebUiBuiltInKeywords.groovy:616)
	at com.kms.katalon.core.webui.keyword.WebUiBuiltInKeywords$click$3.call(Unknown Source)
	at TestCase15GetInviteLink.run(TestCase15GetInviteLink:29)
	at com.kms.katalon.core.main.ScriptEngine.run(ScriptEngine.java:194)
	at com.kms.katalon.core.main.ScriptEngine.runScriptAsRawText(ScriptEngine.java:119)
	at com.kms.katalon.core.main.TestCaseExecutor.runScript(TestCaseExecutor.java:337)
	at com.kms.katalon.core.main.TestCaseExecutor.doExecute(TestCaseExecutor.java:328)
	at com.kms.katalon.core.main.TestCaseExecutor.processExecutionPhase(TestCaseExecutor.java:307)
	at com.kms.katalon.core.main.TestCaseExecutor.accessMainPhase(TestCaseExecutor.java:299)
	at com.kms.katalon.core.main.TestCaseExecutor.execute(TestCaseExecutor.java:233)
	at com.kms.katalon.core.main.TestSuiteExecutor.accessTestCaseMainPhase(TestSuiteExecutor.java:169)
	at com.kms.katalon.core.main.TestSuiteExecutor.accessTestSuiteMainPhase(TestSuiteExecutor.java:142)
	at com.kms.katalon.core.main.TestSuiteExecutor.execute(TestSuiteExecutor.java:91)
	at com.kms.katalon.core.main.TestCaseMain.startTestSuite(TestCaseMain.java:157)
	at com.kms.katalon.core.main.TestCaseMain$startTestSuite$0.call(Unknown Source)
	at TempTestSuite1576950821278.run(TempTestSuite1576950821278.groovy:36)
Caused by: com.kms.katalon.core.webui.exception.WebElementNotFoundException: Web element with id: 'Object Repository/Page_ Town Square - FirstTeam Mattermost/div_Fi' located by 'By.xpath: //a[@id='firstteamTeamButton']/div/div/div' not found
	at com.kms.katalon.core.webui.common.WebUiCommonHelper.findWebElement(WebUiCommonHelper.java:1154)
	at com.kms.katalon.core.webui.keyword.internal.WebUIAbstractKeyword.findWebElement(WebUIAbstractKeyword.groovy:27)
	at com.kms.katalon.core.webui.keyword.internal.WebUIAbstractKeyword.findWebElement(WebUIAbstractKeyword.groovy:26)
	at com.kms.katalon.core.webui.keyword.builtin.ClickKeyword$_click_closure1.doCall(ClickKeyword.groovy:67)
	at com.kms.katalon.core.webui.keyword.builtin.ClickKeyword$_click_closure1.call(ClickKeyword.groovy)
	at com.kms.katalon.core.webui.keyword.internal.WebUIKeywordMain.runKeyword(WebUIKeywordMain.groovy:20)
	... 19 more]]></system-out>
      <system-err><![CDATA[2019-12-22 00:53:45 - [TEST_SUITE][FAILED] - Run All Test Cases: Test Cases/TestCase15GetInviteLink FAILED.
Reason:
com.kms.katalon.core.exception.StepFailedException: Unable to click on object 'Object Repository/Page_ Town Square - FirstTeam Mattermost/div_Fi'
	at com.kms.katalon.core.webui.keyword.internal.WebUIKeywordMain.stepFailed(WebUIKeywordMain.groovy:64)
	at com.kms.katalon.core.webui.keyword.internal.WebUIKeywordMain.runKeyword(WebUIKeywordMain.groovy:26)
	at com.kms.katalon.core.webui.keyword.builtin.ClickKeyword.click(ClickKeyword.groovy:102)
	at com.kms.katalon.core.webui.keyword.builtin.ClickKeyword.execute(ClickKeyword.groovy:43)
	at com.kms.katalon.core.keyword.internal.KeywordExecutor.executeKeywordForPlatform(KeywordExecutor.groovy:72)
	at com.kms.katalon.core.webui.keyword.WebUiBuiltInKeywords.click(WebUiBuiltInKeywords.groovy:616)
	at com.kms.katalon.core.webui.keyword.WebUiBuiltInKeywords$click$3.call(Unknown Source)
	at TestCase15GetInviteLink.run(TestCase15GetInviteLink:29)
	at com.kms.katalon.core.main.ScriptEngine.run(ScriptEngine.java:194)
	at com.kms.katalon.core.main.ScriptEngine.runScriptAsRawText(ScriptEngine.java:119)
	at com.kms.katalon.core.main.TestCaseExecutor.runScript(TestCaseExecutor.java:337)
	at com.kms.katalon.core.main.TestCaseExecutor.doExecute(TestCaseExecutor.java:328)
	at com.kms.katalon.core.main.TestCaseExecutor.processExecutionPhase(TestCaseExecutor.java:307)
	at com.kms.katalon.core.main.TestCaseExecutor.accessMainPhase(TestCaseExecutor.java:299)
	at com.kms.katalon.core.main.TestCaseExecutor.execute(TestCaseExecutor.java:233)
	at com.kms.katalon.core.main.TestSuiteExecutor.accessTestCaseMainPhase(TestSuiteExecutor.java:169)
	at com.kms.katalon.core.main.TestSuiteExecutor.accessTestSuiteMainPhase(TestSuiteExecutor.java:142)
	at com.kms.katalon.core.main.TestSuiteExecutor.execute(TestSuiteExecutor.java:91)
	at com.kms.katalon.core.main.TestCaseMain.startTestSuite(TestCaseMain.java:157)
	at com.kms.katalon.core.main.TestCaseMain$startTestSuite$0.call(Unknown Source)
	at TempTestSuite1576950821278.run(TempTestSuite1576950821278.groovy:36)
Caused by: com.kms.katalon.core.webui.exception.WebElementNotFoundException: Web element with id: 'Object Repository/Page_ Town Square - FirstTeam Mattermost/div_Fi' located by 'By.xpath: //a[@id='firstteamTeamButton']/div/div/div' not found
	at com.kms.katalon.core.webui.common.WebUiCommonHelper.findWebElement(WebUiCommonHelper.java:1154)
	at com.kms.katalon.core.webui.keyword.internal.WebUIAbstractKeyword.findWebElement(WebUIAbstractKeyword.groovy:27)
	at com.kms.katalon.core.webui.keyword.internal.WebUIAbstractKeyword.findWebElement(WebUIAbstractKeyword.groovy:26)
	at com.kms.katalon.core.webui.keyword.builtin.ClickKeyword$_click_closure1.doCall(ClickKeyword.groovy:67)
	at com.kms.katalon.core.webui.keyword.builtin.ClickKeyword$_click_closure1.call(ClickKeyword.groovy)
	at com.kms.katalon.core.webui.keyword.internal.WebUIKeywordMain.runKeyword(WebUIKeywordMain.groovy:20)
	... 19 more]]></system-err>
   </testsuite>
</testsuites>
