<?xml version="1.0" encoding="UTF-8"?>
<testsuites name="Run All Test Cases" time="2520.283" tests="56" failures="11" errors="0">
   <testsuite name="Run All Test Cases" tests="56" failures="11" errors="0" time="2520.283" timestamp="2019-12-22 01:02:27" hostname="ASUS - DESKTOP-O368F3Q" id="Test Suites/Run All Test Cases">
      <properties>
         <property name="deviceName" value=""/>
         <property name="devicePlatform" value=""/>
         <property name="logFolder" value="D:\\Learning\\School\\2019-2020-HK1\\CS300\\CS300AutomaticWebTesting\\Reports\\20191222_010224\\Run All Test Cases\\20191222_010224"/>
         <property name="logFiles" value="D:\\Learning\\School\\2019-2020-HK1\\CS300\\CS300AutomaticWebTesting\\Reports\\20191222_010224\\Run All Test Cases\\20191222_010224\\execution0.log"/>
         <property name="attachments" value="D:\\Learning\\School\\2019-2020-HK1\\CS300\\CS300AutomaticWebTesting\\Reports\\20191222_010224\\Run All Test Cases\\20191222_010224\\1576951814654.png, D:\\Learning\\School\\2019-2020-HK1\\CS300\\CS300AutomaticWebTesting\\Reports\\20191222_010224\\Run All Test Cases\\20191222_010224\\1576952340898.png, D:\\Learning\\School\\2019-2020-HK1\\CS300\\CS300AutomaticWebTesting\\Reports\\20191222_010224\\Run All Test Cases\\20191222_010224\\1576952398765.png, D:\\Learning\\School\\2019-2020-HK1\\CS300\\CS300AutomaticWebTesting\\Reports\\20191222_010224\\Run All Test Cases\\20191222_010224\\1576952517274.png, D:\\Learning\\School\\2019-2020-HK1\\CS300\\CS300AutomaticWebTesting\\Reports\\20191222_010224\\Run All Test Cases\\20191222_010224\\1576953210589.png, D:\\Learning\\School\\2019-2020-HK1\\CS300\\CS300AutomaticWebTesting\\Reports\\20191222_010224\\Run All Test Cases\\20191222_010224\\1576953297230.png, D:\\Learning\\School\\2019-2020-HK1\\CS300\\CS300AutomaticWebTesting\\Reports\\20191222_010224\\Run All Test Cases\\20191222_010224\\1576953351507.png, D:\\Learning\\School\\2019-2020-HK1\\CS300\\CS300AutomaticWebTesting\\Reports\\20191222_010224\\Run All Test Cases\\20191222_010224\\1576953499736.png, D:\\Learning\\School\\2019-2020-HK1\\CS300\\CS300AutomaticWebTesting\\Reports\\20191222_010224\\Run All Test Cases\\20191222_010224\\1576953583665.png, D:\\Learning\\School\\2019-2020-HK1\\CS300\\CS300AutomaticWebTesting\\Reports\\20191222_010224\\Run All Test Cases\\20191222_010224\\1576953636490.png, D:\\Learning\\School\\2019-2020-HK1\\CS300\\CS300AutomaticWebTesting\\Reports\\20191222_010224\\Run All Test Cases\\20191222_010224\\1576953783286.png"/>
         <property name="hostName" value="ASUS - DESKTOP-O368F3Q"/>
         <property name="os" value="Windows 10 64bit"/>
         <property name="katalonVersion" value="7.1.2.1"/>
         <property name="browser" value="Firefox 71.0"/>
         <property name="hostAddress" value="192.168.0.107"/>
         <property name="sessionId" value="ee3a0cba-254a-4fe9-8ada-75193c136024"/>
         <property name="seleniumVersion" value="3.141.59"/>
         <property name="proxyInformation" value="ProxyInformation{proxyOption=NO_PROXY, proxyServerType=HTTP, password=, proxyServerAddress=, proxyServerPort=0, executionList=}"/>
         <property name="platform" value="Windows 10"/>
      </properties>
      <testcase name="Test Cases/TestCase01LoginSuccessfully" time="16.565" classname="Test Cases/TestCase01LoginSuccessfully" status="PASSED">
         <system-out><![CDATA[2019-12-22 01:02:27 - [TEST_CASE][PASSED] - Test Cases/TestCase01LoginSuccessfully: Test Cases/TestCase01LoginSuccessfully

2019-12-22 01:02:27 - [TEST_STEP][PASSED] - openBrowser(""): Browser is opened with url: ''

2019-12-22 01:02:28 - [MESSAGE][INFO] - Starting 'Firefox (headless)' driver

2019-12-22 01:02:28 - [MESSAGE][INFO] - Action delay is set to 0 seconds

2019-12-22 01:02:32 - [MESSAGE][PASSED] - Browser is opened with url: ''

2019-12-22 01:02:32 - [TEST_STEP][PASSED] - navigateToUrl("https://cs300testautomatic.herokuapp.com/"): Navigate to 'https://cs300testautomatic.herokuapp.com/' successfully

2019-12-22 01:02:40 - [MESSAGE][PASSED] - Navigate to 'https://cs300testautomatic.herokuapp.com/' successfully

2019-12-22 01:02:40 - [TEST_STEP][PASSED] - setText(findTestObject("Page_Mattermost/input_All team communication in one place s_703ef5"), "giabeuu@gmail.com"): Text 'giabeuu@gmail.com' is set on object 'Object Repository/Page_Mattermost/input_All team communication in one place s_703ef5'

2019-12-22 01:02:43 - [MESSAGE][PASSED] - Text 'giabeuu@gmail.com' is set on object 'Object Repository/Page_Mattermost/input_All team communication in one place s_703ef5'

2019-12-22 01:02:43 - [TEST_STEP][PASSED] - setEncryptedText(findTestObject("Page_Mattermost/input_All team communication in one place s_2f2733"), "GoUae4B8Jrc="): Text ****** has been set on object 'Object Repository/Page_Mattermost/input_All team communication in one place s_2f2733'

2019-12-22 01:02:43 - [MESSAGE][PASSED] - Text ****** has been set on object 'Object Repository/Page_Mattermost/input_All team communication in one place s_2f2733'

2019-12-22 01:02:43 - [TEST_STEP][PASSED] - click(findTestObject("Page_Mattermost/span_Sign in")): Object: 'Object Repository/Page_Mattermost/span_Sign in' is clicked on

2019-12-22 01:02:44 - [MESSAGE][PASSED] - Object: 'Object Repository/Page_Mattermost/span_Sign in' is clicked on]]></system-out>
         <system-err><![CDATA[]]></system-err>
      </testcase>
      <testcase name="Test Cases/TestCase02LogoutSuccessfully" time="18.326" classname="Test Cases/TestCase02LogoutSuccessfully" status="PASSED">
         <system-out><![CDATA[2019-12-22 01:02:44 - [TEST_CASE][PASSED] - Test Cases/TestCase02LogoutSuccessfully: Test Cases/TestCase02LogoutSuccessfully

2019-12-22 01:02:44 - [TEST_STEP][PASSED] - openBrowser(""): Browser is opened with url: ''

2019-12-22 01:02:44 - [MESSAGE][WARNING] - A browser is already opened. Closing browser and opening a new one

2019-12-22 01:02:45 - [MESSAGE][INFO] - Starting 'Firefox (headless)' driver

2019-12-22 01:02:49 - [MESSAGE][PASSED] - Browser is opened with url: ''

2019-12-22 01:02:49 - [TEST_STEP][PASSED] - navigateToUrl("https://cs300testautomatic.herokuapp.com/"): Navigate to 'https://cs300testautomatic.herokuapp.com/' successfully

2019-12-22 01:02:54 - [MESSAGE][PASSED] - Navigate to 'https://cs300testautomatic.herokuapp.com/' successfully

2019-12-22 01:02:54 - [TEST_STEP][PASSED] - setText(findTestObject("Page_Mattermost/input_All team communication in one place s_703ef5"), "giabeuu@gmail.com"): Text 'giabeuu@gmail.com' is set on object 'Object Repository/Page_Mattermost/input_All team communication in one place s_703ef5'

2019-12-22 01:02:57 - [MESSAGE][PASSED] - Text 'giabeuu@gmail.com' is set on object 'Object Repository/Page_Mattermost/input_All team communication in one place s_703ef5'

2019-12-22 01:02:57 - [TEST_STEP][PASSED] - setEncryptedText(findTestObject("Page_Mattermost/input_All team communication in one place s_2f2733"), "GoUae4B8Jrc="): Text ****** has been set on object 'Object Repository/Page_Mattermost/input_All team communication in one place s_2f2733'

2019-12-22 01:02:57 - [MESSAGE][PASSED] - Text ****** has been set on object 'Object Repository/Page_Mattermost/input_All team communication in one place s_2f2733'

2019-12-22 01:02:57 - [TEST_STEP][PASSED] - click(findTestObject("Object Repository/Page_Mattermost/button_Sign in")): Object: 'Object Repository/Page_Mattermost/button_Sign in' is clicked on

2019-12-22 01:02:57 - [MESSAGE][PASSED] - Object: 'Object Repository/Page_Mattermost/button_Sign in' is clicked on

2019-12-22 01:02:57 - [TEST_STEP][PASSED] - click(findTestObject("Object Repository/Page_Town Square - Hello Mattermost/span")): Object: 'Object Repository/Page_Town Square - Hello Mattermost/span' is clicked on

2019-12-22 01:03:00 - [MESSAGE][PASSED] - Object: 'Object Repository/Page_Town Square - Hello Mattermost/span' is clicked on

2019-12-22 01:03:00 - [TEST_STEP][PASSED] - click(findTestObject("Object Repository/Page_Town Square - Hello Mattermost/button_Logout")): Object: 'Object Repository/Page_Town Square - Hello Mattermost/button_Logout' is clicked on

2019-12-22 01:03:00 - [MESSAGE][PASSED] - Object: 'Object Repository/Page_Town Square - Hello Mattermost/button_Logout' is clicked on

2019-12-22 01:03:00 - [TEST_STEP][PASSED] - closeBrowser(): Browser is closed

2019-12-22 01:03:02 - [MESSAGE][PASSED] - Browser is closed]]></system-out>
         <system-err><![CDATA[]]></system-err>
      </testcase>
      <testcase name="Test Cases/TestCase03LoginWrongPass" time="15.754" classname="Test Cases/TestCase03LoginWrongPass" status="PASSED">
         <system-out><![CDATA[2019-12-22 01:03:02 - [TEST_CASE][PASSED] - Test Cases/TestCase03LoginWrongPass: Test Cases/TestCase03LoginWrongPass

2019-12-22 01:03:02 - [TEST_STEP][PASSED] - openBrowser(""): Browser is opened with url: ''

2019-12-22 01:03:02 - [MESSAGE][INFO] - Starting 'Firefox (headless)' driver

2019-12-22 01:03:06 - [MESSAGE][PASSED] - Browser is opened with url: ''

2019-12-22 01:03:06 - [TEST_STEP][PASSED] - navigateToUrl("https://cs300testautomatic.herokuapp.com/"): Navigate to 'https://cs300testautomatic.herokuapp.com/' successfully

2019-12-22 01:03:11 - [MESSAGE][PASSED] - Navigate to 'https://cs300testautomatic.herokuapp.com/' successfully

2019-12-22 01:03:11 - [TEST_STEP][PASSED] - setText(findTestObject("Page_Mattermost/input_All team communication in one place s_703ef5"), "giabeuu@gmail.com"): Text 'giabeuu@gmail.com' is set on object 'Object Repository/Page_Mattermost/input_All team communication in one place s_703ef5'

2019-12-22 01:03:15 - [MESSAGE][PASSED] - Text 'giabeuu@gmail.com' is set on object 'Object Repository/Page_Mattermost/input_All team communication in one place s_703ef5'

2019-12-22 01:03:15 - [TEST_STEP][PASSED] - setEncryptedText(findTestObject("Page_Mattermost/input_All team communication in one place s_2f2733"), "4nvbrPglk7k="): Text ****** has been set on object 'Object Repository/Page_Mattermost/input_All team communication in one place s_2f2733'

2019-12-22 01:03:15 - [MESSAGE][PASSED] - Text ****** has been set on object 'Object Repository/Page_Mattermost/input_All team communication in one place s_2f2733'

2019-12-22 01:03:15 - [TEST_STEP][PASSED] - click(findTestObject("Page_Mattermost/span_Sign in")): Object: 'Object Repository/Page_Mattermost/span_Sign in' is clicked on

2019-12-22 01:03:16 - [MESSAGE][PASSED] - Object: 'Object Repository/Page_Mattermost/span_Sign in' is clicked on

2019-12-22 01:03:16 - [TEST_STEP][PASSED] - click(findTestObject("Object Repository/Page_Mattermost/label_Enter a valid email or username andor_ef8acb")): Object: 'Object Repository/Page_Mattermost/label_Enter a valid email or username andor_ef8acb' is clicked on

2019-12-22 01:03:17 - [MESSAGE][PASSED] - Object: 'Object Repository/Page_Mattermost/label_Enter a valid email or username andor_ef8acb' is clicked on

2019-12-22 01:03:17 - [TEST_STEP][PASSED] - closeBrowser(): Browser is closed

2019-12-22 01:03:18 - [MESSAGE][PASSED] - Browser is closed]]></system-out>
         <system-err><![CDATA[]]></system-err>
      </testcase>
      <testcase name="Test Cases/TestCase04CreateNewTeam" time="21.276" classname="Test Cases/TestCase04CreateNewTeam" status="PASSED">
         <system-out><![CDATA[2019-12-22 01:03:18 - [TEST_CASE][PASSED] - Test Cases/TestCase04CreateNewTeam: Test Cases/TestCase04CreateNewTeam

2019-12-22 01:03:19 - [TEST_STEP][PASSED] - openBrowser(""): Browser is opened with url: ''

2019-12-22 01:03:19 - [MESSAGE][INFO] - Starting 'Firefox (headless)' driver

2019-12-22 01:03:23 - [MESSAGE][PASSED] - Browser is opened with url: ''

2019-12-22 01:03:23 - [TEST_STEP][PASSED] - navigateToUrl("https://cs300testautomatic.herokuapp.com/"): Navigate to 'https://cs300testautomatic.herokuapp.com/' successfully

2019-12-22 01:03:28 - [MESSAGE][PASSED] - Navigate to 'https://cs300testautomatic.herokuapp.com/' successfully

2019-12-22 01:03:28 - [TEST_STEP][PASSED] - setText(findTestObject("Page_Mattermost/input_All team communication in one place s_703ef5"), "giabeuu@gmail.com"): Text 'giabeuu@gmail.com' is set on object 'Object Repository/Page_Mattermost/input_All team communication in one place s_703ef5'

2019-12-22 01:03:33 - [MESSAGE][PASSED] - Text 'giabeuu@gmail.com' is set on object 'Object Repository/Page_Mattermost/input_All team communication in one place s_703ef5'

2019-12-22 01:03:33 - [TEST_STEP][PASSED] - setEncryptedText(findTestObject("Page_Mattermost/input_All team communication in one place s_2f2733"), "GoUae4B8Jrc="): Text ****** has been set on object 'Object Repository/Page_Mattermost/input_All team communication in one place s_2f2733'

2019-12-22 01:03:33 - [MESSAGE][PASSED] - Text ****** has been set on object 'Object Repository/Page_Mattermost/input_All team communication in one place s_2f2733'

2019-12-22 01:03:33 - [TEST_STEP][PASSED] - click(findTestObject("Page_Mattermost/span_Sign in")): Object: 'Object Repository/Page_Mattermost/span_Sign in' is clicked on

2019-12-22 01:03:34 - [MESSAGE][PASSED] - Object: 'Object Repository/Page_Mattermost/span_Sign in' is clicked on

2019-12-22 01:03:34 - [TEST_STEP][PASSED] - click(findTestObject("Page_ Town Square - FirstTeam Mattermost/button_giabeuu_style--none sidebar-header-d_0f4080")): Object: 'Object Repository/Page_ Town Square - FirstTeam Mattermost/button_giabeuu_style--none sidebar-header-d_0f4080' is clicked on

2019-12-22 01:03:36 - [MESSAGE][PASSED] - Object: 'Object Repository/Page_ Town Square - FirstTeam Mattermost/button_giabeuu_style--none sidebar-header-d_0f4080' is clicked on

2019-12-22 01:03:36 - [TEST_STEP][PASSED] - click(findTestObject("Page_ Town Square - FirstTeam Mattermost/a_Create a New Team")): Object: 'Object Repository/Page_ Town Square - FirstTeam Mattermost/a_Create a New Team' is clicked on

2019-12-22 01:03:37 - [MESSAGE][PASSED] - Object: 'Object Repository/Page_ Town Square - FirstTeam Mattermost/a_Create a New Team' is clicked on

2019-12-22 01:03:37 - [TEST_STEP][PASSED] - setText(findTestObject("Page_ Town Square - FirstTeam Mattermost/input_Team Name_teamNameInput"), "MyTeam1"): Text 'MyTeam1' is set on object 'Object Repository/Page_ Town Square - FirstTeam Mattermost/input_Team Name_teamNameInput'

2019-12-22 01:03:37 - [MESSAGE][PASSED] - Text 'MyTeam1' is set on object 'Object Repository/Page_ Town Square - FirstTeam Mattermost/input_Team Name_teamNameInput'

2019-12-22 01:03:37 - [TEST_STEP][PASSED] - sendKeys(findTestObject("Page_ Town Square - FirstTeam Mattermost/input_Team Name_teamNameInput"), Keys.chord(ENTER)): Keys 'ENTER + ' sent to object: 'Object Repository/Page_ Town Square - FirstTeam Mattermost/input_Team Name_teamNameInput'

2019-12-22 01:03:38 - [MESSAGE][PASSED] - Keys 'ENTER + ' sent to object: 'Object Repository/Page_ Town Square - FirstTeam Mattermost/input_Team Name_teamNameInput'

2019-12-22 01:03:38 - [TEST_STEP][PASSED] - click(findTestObject("Object Repository/Page_ Town Square - FirstTeam Mattermost/button_Finish")): Object: 'Object Repository/Page_ Town Square - FirstTeam Mattermost/button_Finish' is clicked on

2019-12-22 01:03:38 - [MESSAGE][PASSED] - Object: 'Object Repository/Page_ Town Square - FirstTeam Mattermost/button_Finish' is clicked on

2019-12-22 01:03:38 - [TEST_STEP][PASSED] - closeBrowser(): Browser is closed

2019-12-22 01:03:39 - [MESSAGE][PASSED] - Browser is closed]]></system-out>
         <system-err><![CDATA[]]></system-err>
      </testcase>
      <testcase name="Test Cases/TestCase05ChatSomeThingOnMainChannel" time="21.354" classname="Test Cases/TestCase05ChatSomeThingOnMainChannel" status="PASSED">
         <system-out><![CDATA[2019-12-22 01:03:39 - [TEST_CASE][PASSED] - Test Cases/TestCase05ChatSomeThingOnMainChannel: Test Cases/TestCase05ChatSomeThingOnMainChannel

2019-12-22 01:03:39 - [TEST_STEP][PASSED] - callTestCase(findTestCase("TestCase01LoginSuccessfully"), [:], STOP_ON_FAILURE): Call Test Case 'Test Cases/TestCase01LoginSuccessfully' successfully

2019-12-22 01:03:40 - [TEST_CASE][PASSED] - Test Cases/TestCase01LoginSuccessfully: Test Cases/TestCase01LoginSuccessfully

2019-12-22 01:03:40 - [TEST_STEP][PASSED] - openBrowser(""): Browser is opened with url: ''

2019-12-22 01:03:40 - [MESSAGE][INFO] - Starting 'Firefox (headless)' driver

2019-12-22 01:03:43 - [MESSAGE][PASSED] - Browser is opened with url: ''

2019-12-22 01:03:43 - [TEST_STEP][PASSED] - navigateToUrl("https://cs300testautomatic.herokuapp.com/"): Navigate to 'https://cs300testautomatic.herokuapp.com/' successfully

2019-12-22 01:03:48 - [MESSAGE][PASSED] - Navigate to 'https://cs300testautomatic.herokuapp.com/' successfully

2019-12-22 01:03:48 - [TEST_STEP][PASSED] - setText(findTestObject("Page_Mattermost/input_All team communication in one place s_703ef5"), "giabeuu@gmail.com"): Text 'giabeuu@gmail.com' is set on object 'Object Repository/Page_Mattermost/input_All team communication in one place s_703ef5'

2019-12-22 01:03:53 - [MESSAGE][PASSED] - Text 'giabeuu@gmail.com' is set on object 'Object Repository/Page_Mattermost/input_All team communication in one place s_703ef5'

2019-12-22 01:03:53 - [TEST_STEP][PASSED] - setEncryptedText(findTestObject("Page_Mattermost/input_All team communication in one place s_2f2733"), "GoUae4B8Jrc="): Text ****** has been set on object 'Object Repository/Page_Mattermost/input_All team communication in one place s_2f2733'

2019-12-22 01:03:53 - [MESSAGE][PASSED] - Text ****** has been set on object 'Object Repository/Page_Mattermost/input_All team communication in one place s_2f2733'

2019-12-22 01:03:53 - [TEST_STEP][PASSED] - click(findTestObject("Page_Mattermost/span_Sign in")): Object: 'Object Repository/Page_Mattermost/span_Sign in' is clicked on

2019-12-22 01:03:54 - [MESSAGE][PASSED] - Object: 'Object Repository/Page_Mattermost/span_Sign in' is clicked on

2019-12-22 01:03:54 - [MESSAGE][INFO] - =================== Smart XPath Report =======================

2019-12-22 01:03:54 - [MESSAGE][INFO] - Refer to the link below to preview and approve auto healing on broken test objects.

2019-12-22 01:03:54 - [MESSAGE][INFO] - https://docs.katalon.com/katalon-studio/docs/auto-healing-smart-xpath.html

2019-12-22 01:03:54 - [MESSAGE][INFO] - ===============================================================

2019-12-22 01:03:54 - [MESSAGE][PASSED] - Call Test Case 'Test Cases/TestCase01LoginSuccessfully' successfully

2019-12-22 01:03:54 - [TEST_STEP][PASSED] - setText(findTestObject("Object Repository/Page_Town Square - FirstTeam Mattermost/textarea_Write to Town Square_post_textbox"), "I"): Text 'I' is set on object 'Object Repository/Page_Town Square - FirstTeam Mattermost/textarea_Write to Town Square_post_textbox'

2019-12-22 01:03:56 - [MESSAGE][PASSED] - Text 'I' is set on object 'Object Repository/Page_Town Square - FirstTeam Mattermost/textarea_Write to Town Square_post_textbox'

2019-12-22 01:03:56 - [TEST_STEP][PASSED] - setText(findTestObject("Object Repository/Page_Town Square - FirstTeam Mattermost/textarea_I"), "I "): Text 'I ' is set on object 'Object Repository/Page_Town Square - FirstTeam Mattermost/textarea_I'

2019-12-22 01:03:56 - [MESSAGE][PASSED] - Text 'I ' is set on object 'Object Repository/Page_Town Square - FirstTeam Mattermost/textarea_I'

2019-12-22 01:03:56 - [TEST_STEP][PASSED] - setText(findTestObject("Object Repository/Page_Town Square - FirstTeam Mattermost/textarea_I_1"), "I c"): Text 'I c' is set on object 'Object Repository/Page_Town Square - FirstTeam Mattermost/textarea_I_1'

2019-12-22 01:03:56 - [MESSAGE][PASSED] - Text 'I c' is set on object 'Object Repository/Page_Town Square - FirstTeam Mattermost/textarea_I_1'

2019-12-22 01:03:56 - [TEST_STEP][PASSED] - setText(findTestObject("Object Repository/Page_Town Square - FirstTeam Mattermost/textarea_I c"), "I ch"): Text 'I ch' is set on object 'Object Repository/Page_Town Square - FirstTeam Mattermost/textarea_I c'

2019-12-22 01:03:56 - [MESSAGE][PASSED] - Text 'I ch' is set on object 'Object Repository/Page_Town Square - FirstTeam Mattermost/textarea_I c'

2019-12-22 01:03:56 - [TEST_STEP][PASSED] - setText(findTestObject("Object Repository/Page_Town Square - FirstTeam Mattermost/textarea_I ch"), "I cha"): Text 'I cha' is set on object 'Object Repository/Page_Town Square - FirstTeam Mattermost/textarea_I ch'

2019-12-22 01:03:57 - [MESSAGE][PASSED] - Text 'I cha' is set on object 'Object Repository/Page_Town Square - FirstTeam Mattermost/textarea_I ch'

2019-12-22 01:03:57 - [TEST_STEP][PASSED] - setText(findTestObject("Object Repository/Page_Town Square - FirstTeam Mattermost/textarea_I cha"), "I chat"): Text 'I chat' is set on object 'Object Repository/Page_Town Square - FirstTeam Mattermost/textarea_I cha'

2019-12-22 01:03:57 - [MESSAGE][PASSED] - Text 'I chat' is set on object 'Object Repository/Page_Town Square - FirstTeam Mattermost/textarea_I cha'

2019-12-22 01:03:57 - [TEST_STEP][PASSED] - setText(findTestObject("Object Repository/Page_Town Square - FirstTeam Mattermost/textarea_I chat"), "I chat "): Text 'I chat ' is set on object 'Object Repository/Page_Town Square - FirstTeam Mattermost/textarea_I chat'

2019-12-22 01:03:57 - [MESSAGE][PASSED] - Text 'I chat ' is set on object 'Object Repository/Page_Town Square - FirstTeam Mattermost/textarea_I chat'

2019-12-22 01:03:57 - [TEST_STEP][PASSED] - setText(findTestObject("Object Repository/Page_Town Square - FirstTeam Mattermost/textarea_I chat_1"), "I chat s"): Text 'I chat s' is set on object 'Object Repository/Page_Town Square - FirstTeam Mattermost/textarea_I chat_1'

2019-12-22 01:03:57 - [MESSAGE][PASSED] - Text 'I chat s' is set on object 'Object Repository/Page_Town Square - FirstTeam Mattermost/textarea_I chat_1'

2019-12-22 01:03:57 - [TEST_STEP][PASSED] - setText(findTestObject("Object Repository/Page_Town Square - FirstTeam Mattermost/textarea_I chat s"), "I chat so"): Text 'I chat so' is set on object 'Object Repository/Page_Town Square - FirstTeam Mattermost/textarea_I chat s'

2019-12-22 01:03:57 - [MESSAGE][PASSED] - Text 'I chat so' is set on object 'Object Repository/Page_Town Square - FirstTeam Mattermost/textarea_I chat s'

2019-12-22 01:03:57 - [TEST_STEP][PASSED] - setText(findTestObject("Object Repository/Page_Town Square - FirstTeam Mattermost/textarea_I chat so"), "I chat som"): Text 'I chat som' is set on object 'Object Repository/Page_Town Square - FirstTeam Mattermost/textarea_I chat so'

2019-12-22 01:03:58 - [MESSAGE][PASSED] - Text 'I chat som' is set on object 'Object Repository/Page_Town Square - FirstTeam Mattermost/textarea_I chat so'

2019-12-22 01:03:58 - [TEST_STEP][PASSED] - setText(findTestObject("Object Repository/Page_Town Square - FirstTeam Mattermost/textarea_I chat som"), "I chat some"): Text 'I chat some' is set on object 'Object Repository/Page_Town Square - FirstTeam Mattermost/textarea_I chat som'

2019-12-22 01:03:58 - [MESSAGE][PASSED] - Text 'I chat some' is set on object 'Object Repository/Page_Town Square - FirstTeam Mattermost/textarea_I chat som'

2019-12-22 01:03:58 - [TEST_STEP][PASSED] - setText(findTestObject("Object Repository/Page_Town Square - FirstTeam Mattermost/textarea_I chat some"), "I chat somet"): Text 'I chat somet' is set on object 'Object Repository/Page_Town Square - FirstTeam Mattermost/textarea_I chat some'

2019-12-22 01:03:58 - [MESSAGE][PASSED] - Text 'I chat somet' is set on object 'Object Repository/Page_Town Square - FirstTeam Mattermost/textarea_I chat some'

2019-12-22 01:03:58 - [TEST_STEP][PASSED] - setText(findTestObject("Object Repository/Page_Town Square - FirstTeam Mattermost/textarea_I chat somet"), "I chat someth"): Text 'I chat someth' is set on object 'Object Repository/Page_Town Square - FirstTeam Mattermost/textarea_I chat somet'

2019-12-22 01:03:58 - [MESSAGE][PASSED] - Text 'I chat someth' is set on object 'Object Repository/Page_Town Square - FirstTeam Mattermost/textarea_I chat somet'

2019-12-22 01:03:58 - [TEST_STEP][PASSED] - setText(findTestObject("Object Repository/Page_Town Square - FirstTeam Mattermost/textarea_I chat someth"), "I chat somethi"): Text 'I chat somethi' is set on object 'Object Repository/Page_Town Square - FirstTeam Mattermost/textarea_I chat someth'

2019-12-22 01:03:59 - [MESSAGE][PASSED] - Text 'I chat somethi' is set on object 'Object Repository/Page_Town Square - FirstTeam Mattermost/textarea_I chat someth'

2019-12-22 01:03:59 - [TEST_STEP][PASSED] - setText(findTestObject("Object Repository/Page_Town Square - FirstTeam Mattermost/textarea_I chat somethi"), "I chat somethin"): Text 'I chat somethin' is set on object 'Object Repository/Page_Town Square - FirstTeam Mattermost/textarea_I chat somethi'

2019-12-22 01:03:59 - [MESSAGE][PASSED] - Text 'I chat somethin' is set on object 'Object Repository/Page_Town Square - FirstTeam Mattermost/textarea_I chat somethi'

2019-12-22 01:03:59 - [TEST_STEP][PASSED] - setText(findTestObject("Object Repository/Page_Town Square - FirstTeam Mattermost/textarea_I chat somethin"), "I chat something"): Text 'I chat something' is set on object 'Object Repository/Page_Town Square - FirstTeam Mattermost/textarea_I chat somethin'

2019-12-22 01:03:59 - [MESSAGE][PASSED] - Text 'I chat something' is set on object 'Object Repository/Page_Town Square - FirstTeam Mattermost/textarea_I chat somethin'

2019-12-22 01:03:59 - [TEST_STEP][PASSED] - closeBrowser(): Browser is closed

2019-12-22 01:04:00 - [MESSAGE][PASSED] - Browser is closed]]></system-out>
         <system-err><![CDATA[]]></system-err>
      </testcase>
      <testcase name="Test Cases/TestCase06CreateDirectMessage" time="18.533" classname="Test Cases/TestCase06CreateDirectMessage" status="PASSED">
         <system-out><![CDATA[2019-12-22 01:04:00 - [TEST_CASE][PASSED] - Test Cases/TestCase06CreateDirectMessage: Test Cases/TestCase06CreateDirectMessage

2019-12-22 01:04:01 - [TEST_STEP][PASSED] - openBrowser(""): Browser is opened with url: ''

2019-12-22 01:04:01 - [MESSAGE][INFO] - Starting 'Firefox (headless)' driver

2019-12-22 01:04:04 - [MESSAGE][PASSED] - Browser is opened with url: ''

2019-12-22 01:04:04 - [TEST_STEP][PASSED] - navigateToUrl("https://cs300testautomatic.herokuapp.com/"): Navigate to 'https://cs300testautomatic.herokuapp.com/' successfully

2019-12-22 01:04:08 - [MESSAGE][PASSED] - Navigate to 'https://cs300testautomatic.herokuapp.com/' successfully

2019-12-22 01:04:08 - [TEST_STEP][PASSED] - setText(findTestObject("Page_Mattermost/input_All team communication in one place s_703ef5 (35)"), "dhieu@apcs.vn"): Text 'dhieu@apcs.vn' is set on object 'Object Repository/Page_Mattermost/input_All team communication in one place s_703ef5 (35)'

2019-12-22 01:04:13 - [MESSAGE][PASSED] - Text 'dhieu@apcs.vn' is set on object 'Object Repository/Page_Mattermost/input_All team communication in one place s_703ef5 (35)'

2019-12-22 01:04:13 - [TEST_STEP][PASSED] - setEncryptedText(findTestObject("Page_Mattermost/input_All team communication in one place s_2f2733 (35)"), "iGDxf8hSRT4="): Text ****** has been set on object 'Object Repository/Page_Mattermost/input_All team communication in one place s_2f2733 (35)'

2019-12-22 01:04:13 - [MESSAGE][PASSED] - Text ****** has been set on object 'Object Repository/Page_Mattermost/input_All team communication in one place s_2f2733 (35)'

2019-12-22 01:04:13 - [TEST_STEP][PASSED] - click(findTestObject("Page_Mattermost/span_Sign in (7)")): Object: 'Object Repository/Page_Mattermost/span_Sign in (7)' is clicked on

2019-12-22 01:04:13 - [MESSAGE][PASSED] - Object: 'Object Repository/Page_Mattermost/span_Sign in (7)' is clicked on

2019-12-22 01:04:13 - [TEST_STEP][PASSED] - click(findTestObject("Page_Town Square - FirstTeam Mattermost/span_ (3)")): Object: 'Object Repository/Page_Town Square - FirstTeam Mattermost/span_ (3)' is clicked on

2019-12-22 01:04:16 - [MESSAGE][PASSED] - Object: 'Object Repository/Page_Town Square - FirstTeam Mattermost/span_ (3)' is clicked on

2019-12-22 01:04:16 - [TEST_STEP][PASSED] - click(findTestObject("Object Repository/Page_Town Square - FirstTeam Mattermost/div_pbduyapcsvn_more-modal__actions--round")): Object: 'Object Repository/Page_Town Square - FirstTeam Mattermost/div_pbduyapcsvn_more-modal__actions--round' is clicked on

2019-12-22 01:04:17 - [MESSAGE][PASSED] - Object: 'Object Repository/Page_Town Square - FirstTeam Mattermost/div_pbduyapcsvn_more-modal__actions--round' is clicked on

2019-12-22 01:04:17 - [TEST_STEP][PASSED] - click(findTestObject("Page_Town Square - FirstTeam Mattermost/button_Go (1)")): Object: 'Object Repository/Page_Town Square - FirstTeam Mattermost/button_Go (1)' is clicked on

2019-12-22 01:04:18 - [MESSAGE][PASSED] - Object: 'Object Repository/Page_Town Square - FirstTeam Mattermost/button_Go (1)' is clicked on

2019-12-22 01:04:18 - [TEST_STEP][PASSED] - closeBrowser(): Browser is closed

2019-12-22 01:04:19 - [MESSAGE][PASSED] - Browser is closed]]></system-out>
         <system-err><![CDATA[]]></system-err>
      </testcase>
      <testcase name="Test Cases/TestCase07ChatSomeThingOnDirectMessage" time="21.624" classname="Test Cases/TestCase07ChatSomeThingOnDirectMessage" status="PASSED">
         <system-out><![CDATA[2019-12-22 01:04:19 - [TEST_CASE][PASSED] - Test Cases/TestCase07ChatSomeThingOnDirectMessage: Test Cases/TestCase07ChatSomeThingOnDirectMessage

2019-12-22 01:04:19 - [TEST_STEP][PASSED] - openBrowser(""): Browser is opened with url: ''

2019-12-22 01:04:19 - [MESSAGE][INFO] - Starting 'Firefox (headless)' driver

2019-12-22 01:04:23 - [MESSAGE][PASSED] - Browser is opened with url: ''

2019-12-22 01:04:23 - [TEST_STEP][PASSED] - navigateToUrl("https://cs300testautomatic.herokuapp.com/"): Navigate to 'https://cs300testautomatic.herokuapp.com/' successfully

2019-12-22 01:04:27 - [MESSAGE][PASSED] - Navigate to 'https://cs300testautomatic.herokuapp.com/' successfully

2019-12-22 01:04:27 - [TEST_STEP][PASSED] - setText(findTestObject("Page_Mattermost/input_All team communication in one place s_703ef5"), "dhieu@apcs.vn"): Text 'dhieu@apcs.vn' is set on object 'Object Repository/Page_Mattermost/input_All team communication in one place s_703ef5'

2019-12-22 01:04:32 - [MESSAGE][PASSED] - Text 'dhieu@apcs.vn' is set on object 'Object Repository/Page_Mattermost/input_All team communication in one place s_703ef5'

2019-12-22 01:04:32 - [TEST_STEP][PASSED] - setEncryptedText(findTestObject("Page_Mattermost/input_All team communication in one place s_2f2733"), "iGDxf8hSRT4="): Text ****** has been set on object 'Object Repository/Page_Mattermost/input_All team communication in one place s_2f2733'

2019-12-22 01:04:32 - [MESSAGE][PASSED] - Text ****** has been set on object 'Object Repository/Page_Mattermost/input_All team communication in one place s_2f2733'

2019-12-22 01:04:32 - [TEST_STEP][PASSED] - sendKeys(findTestObject("Page_Mattermost/input_All team communication in one place s_2f2733"), Keys.chord(ENTER)): Keys 'ENTER + ' sent to object: 'Object Repository/Page_Mattermost/input_All team communication in one place s_2f2733'

2019-12-22 01:04:32 - [MESSAGE][PASSED] - Keys 'ENTER + ' sent to object: 'Object Repository/Page_Mattermost/input_All team communication in one place s_2f2733'

2019-12-22 01:04:32 - [TEST_STEP][PASSED] - click(findTestObject("Object Repository/Page_Town Square - FirstTeam Mattermost/span_duy")): Object: 'Object Repository/Page_Town Square - FirstTeam Mattermost/span_duy' is clicked on

2019-12-22 01:04:35 - [MESSAGE][PASSED] - Object: 'Object Repository/Page_Town Square - FirstTeam Mattermost/span_duy' is clicked on

2019-12-22 01:04:35 - [TEST_STEP][PASSED] - setText(findTestObject("Object Repository/Page_duy - FirstTeam Mattermost/textarea_Write to duy_post_textbox"), "C"): Text 'C' is set on object 'Object Repository/Page_duy - FirstTeam Mattermost/textarea_Write to duy_post_textbox'

2019-12-22 01:04:35 - [MESSAGE][PASSED] - Text 'C' is set on object 'Object Repository/Page_duy - FirstTeam Mattermost/textarea_Write to duy_post_textbox'

2019-12-22 01:04:35 - [TEST_STEP][PASSED] - setText(findTestObject("Object Repository/Page_duy - FirstTeam Mattermost/textarea_C"), "Ch"): Text 'Ch' is set on object 'Object Repository/Page_duy - FirstTeam Mattermost/textarea_C'

2019-12-22 01:04:35 - [MESSAGE][PASSED] - Text 'Ch' is set on object 'Object Repository/Page_duy - FirstTeam Mattermost/textarea_C'

2019-12-22 01:04:35 - [TEST_STEP][PASSED] - setText(findTestObject("Object Repository/Page_duy - FirstTeam Mattermost/textarea_Ch"), "Cha"): Text 'Cha' is set on object 'Object Repository/Page_duy - FirstTeam Mattermost/textarea_Ch'

2019-12-22 01:04:35 - [MESSAGE][PASSED] - Text 'Cha' is set on object 'Object Repository/Page_duy - FirstTeam Mattermost/textarea_Ch'

2019-12-22 01:04:35 - [TEST_STEP][PASSED] - setText(findTestObject("Object Repository/Page_duy - FirstTeam Mattermost/textarea_Cha"), "Chat"): Text 'Chat' is set on object 'Object Repository/Page_duy - FirstTeam Mattermost/textarea_Cha'

2019-12-22 01:04:36 - [MESSAGE][PASSED] - Text 'Chat' is set on object 'Object Repository/Page_duy - FirstTeam Mattermost/textarea_Cha'

2019-12-22 01:04:36 - [TEST_STEP][PASSED] - setText(findTestObject("Object Repository/Page_duy - FirstTeam Mattermost/textarea_Chat"), "Chat "): Text 'Chat ' is set on object 'Object Repository/Page_duy - FirstTeam Mattermost/textarea_Chat'

2019-12-22 01:04:36 - [MESSAGE][PASSED] - Text 'Chat ' is set on object 'Object Repository/Page_duy - FirstTeam Mattermost/textarea_Chat'

2019-12-22 01:04:36 - [TEST_STEP][PASSED] - setText(findTestObject("Object Repository/Page_duy - FirstTeam Mattermost/textarea_Chat_1"), "Chat s"): Text 'Chat s' is set on object 'Object Repository/Page_duy - FirstTeam Mattermost/textarea_Chat_1'

2019-12-22 01:04:36 - [MESSAGE][PASSED] - Text 'Chat s' is set on object 'Object Repository/Page_duy - FirstTeam Mattermost/textarea_Chat_1'

2019-12-22 01:04:36 - [TEST_STEP][PASSED] - setText(findTestObject("Object Repository/Page_duy - FirstTeam Mattermost/textarea_Chat s"), "Chat so"): Text 'Chat so' is set on object 'Object Repository/Page_duy - FirstTeam Mattermost/textarea_Chat s'

2019-12-22 01:04:36 - [MESSAGE][PASSED] - Text 'Chat so' is set on object 'Object Repository/Page_duy - FirstTeam Mattermost/textarea_Chat s'

2019-12-22 01:04:36 - [TEST_STEP][PASSED] - setText(findTestObject("Object Repository/Page_duy - FirstTeam Mattermost/textarea_Chat so"), "Chat som"): Text 'Chat som' is set on object 'Object Repository/Page_duy - FirstTeam Mattermost/textarea_Chat so'

2019-12-22 01:04:36 - [MESSAGE][PASSED] - Text 'Chat som' is set on object 'Object Repository/Page_duy - FirstTeam Mattermost/textarea_Chat so'

2019-12-22 01:04:36 - [TEST_STEP][PASSED] - setText(findTestObject("Object Repository/Page_duy - FirstTeam Mattermost/textarea_Chat som"), "Chat some"): Text 'Chat some' is set on object 'Object Repository/Page_duy - FirstTeam Mattermost/textarea_Chat som'

2019-12-22 01:04:37 - [MESSAGE][PASSED] - Text 'Chat some' is set on object 'Object Repository/Page_duy - FirstTeam Mattermost/textarea_Chat som'

2019-12-22 01:04:37 - [TEST_STEP][PASSED] - setText(findTestObject("Object Repository/Page_duy - FirstTeam Mattermost/textarea_Chat some"), "Chat some "): Text 'Chat some ' is set on object 'Object Repository/Page_duy - FirstTeam Mattermost/textarea_Chat some'

2019-12-22 01:04:37 - [MESSAGE][PASSED] - Text 'Chat some ' is set on object 'Object Repository/Page_duy - FirstTeam Mattermost/textarea_Chat some'

2019-12-22 01:04:37 - [TEST_STEP][PASSED] - setText(findTestObject("Object Repository/Page_duy - FirstTeam Mattermost/textarea_Chat some_1"), "Chat some  "): Text 'Chat some  ' is set on object 'Object Repository/Page_duy - FirstTeam Mattermost/textarea_Chat some_1'

2019-12-22 01:04:37 - [MESSAGE][PASSED] - Text 'Chat some  ' is set on object 'Object Repository/Page_duy - FirstTeam Mattermost/textarea_Chat some_1'

2019-12-22 01:04:37 - [TEST_STEP][PASSED] - setText(findTestObject("Object Repository/Page_duy - FirstTeam Mattermost/textarea_Chat some (1)"), "Chat some "): Text 'Chat some ' is set on object 'Object Repository/Page_duy - FirstTeam Mattermost/textarea_Chat some (1)'

2019-12-22 01:04:37 - [MESSAGE][PASSED] - Text 'Chat some ' is set on object 'Object Repository/Page_duy - FirstTeam Mattermost/textarea_Chat some (1)'

2019-12-22 01:04:37 - [TEST_STEP][PASSED] - setText(findTestObject("Object Repository/Page_duy - FirstTeam Mattermost/textarea_Chat some_1"), "Chat some"): Text 'Chat some' is set on object 'Object Repository/Page_duy - FirstTeam Mattermost/textarea_Chat some_1'

2019-12-22 01:04:38 - [MESSAGE][PASSED] - Text 'Chat some' is set on object 'Object Repository/Page_duy - FirstTeam Mattermost/textarea_Chat some_1'

2019-12-22 01:04:38 - [TEST_STEP][PASSED] - setText(findTestObject("Object Repository/Page_duy - FirstTeam Mattermost/textarea_Chat some"), "Chat somet"): Text 'Chat somet' is set on object 'Object Repository/Page_duy - FirstTeam Mattermost/textarea_Chat some'

2019-12-22 01:04:38 - [MESSAGE][PASSED] - Text 'Chat somet' is set on object 'Object Repository/Page_duy - FirstTeam Mattermost/textarea_Chat some'

2019-12-22 01:04:38 - [TEST_STEP][PASSED] - setText(findTestObject("Object Repository/Page_duy - FirstTeam Mattermost/textarea_Chat somet"), "Chat someth"): Text 'Chat someth' is set on object 'Object Repository/Page_duy - FirstTeam Mattermost/textarea_Chat somet'

2019-12-22 01:04:38 - [MESSAGE][PASSED] - Text 'Chat someth' is set on object 'Object Repository/Page_duy - FirstTeam Mattermost/textarea_Chat somet'

2019-12-22 01:04:38 - [TEST_STEP][PASSED] - setText(findTestObject("Object Repository/Page_duy - FirstTeam Mattermost/textarea_Chat someth"), "Chat somethi"): Text 'Chat somethi' is set on object 'Object Repository/Page_duy - FirstTeam Mattermost/textarea_Chat someth'

2019-12-22 01:04:38 - [MESSAGE][PASSED] - Text 'Chat somethi' is set on object 'Object Repository/Page_duy - FirstTeam Mattermost/textarea_Chat someth'

2019-12-22 01:04:38 - [TEST_STEP][PASSED] - setText(findTestObject("Object Repository/Page_duy - FirstTeam Mattermost/textarea_Chat somethi"), "Chat somethin"): Text 'Chat somethin' is set on object 'Object Repository/Page_duy - FirstTeam Mattermost/textarea_Chat somethi'

2019-12-22 01:04:39 - [MESSAGE][PASSED] - Text 'Chat somethin' is set on object 'Object Repository/Page_duy - FirstTeam Mattermost/textarea_Chat somethi'

2019-12-22 01:04:39 - [TEST_STEP][PASSED] - setText(findTestObject("Object Repository/Page_duy - FirstTeam Mattermost/textarea_Chat somethin"), "Chat something"): Text 'Chat something' is set on object 'Object Repository/Page_duy - FirstTeam Mattermost/textarea_Chat somethin'

2019-12-22 01:04:39 - [MESSAGE][PASSED] - Text 'Chat something' is set on object 'Object Repository/Page_duy - FirstTeam Mattermost/textarea_Chat somethin'

2019-12-22 01:04:39 - [TEST_STEP][PASSED] - closeBrowser(): Browser is closed

2019-12-22 01:04:41 - [MESSAGE][PASSED] - Browser is closed]]></system-out>
         <system-err><![CDATA[]]></system-err>
      </testcase>
      <testcase name="Test Cases/TestCase08TeamSettingsAddMembersToTeam" time="28.591" classname="Test Cases/TestCase08TeamSettingsAddMembersToTeam" status="PASSED">
         <system-out><![CDATA[2019-12-22 01:04:41 - [TEST_CASE][PASSED] - Test Cases/TestCase08TeamSettingsAddMembersToTeam: Test Cases/TestCase08TeamSettingsAddMembersToTeam

2019-12-22 01:04:41 - [TEST_STEP][PASSED] - openBrowser(""): Browser is opened with url: ''

2019-12-22 01:04:41 - [MESSAGE][INFO] - Starting 'Firefox (headless)' driver

2019-12-22 01:04:45 - [MESSAGE][PASSED] - Browser is opened with url: ''

2019-12-22 01:04:45 - [TEST_STEP][PASSED] - navigateToUrl("https://cs300testautomatic.herokuapp.com/"): Navigate to 'https://cs300testautomatic.herokuapp.com/' successfully

2019-12-22 01:04:51 - [MESSAGE][PASSED] - Navigate to 'https://cs300testautomatic.herokuapp.com/' successfully

2019-12-22 01:04:51 - [TEST_STEP][PASSED] - setText(findTestObject("Page_Mattermost/input_All team communication in one place s_703ef5 (6)"), "giabeuu@gmail.com"): Text 'giabeuu@gmail.com' is set on object 'Object Repository/Page_Mattermost/input_All team communication in one place s_703ef5 (6)'

2019-12-22 01:04:56 - [MESSAGE][PASSED] - Text 'giabeuu@gmail.com' is set on object 'Object Repository/Page_Mattermost/input_All team communication in one place s_703ef5 (6)'

2019-12-22 01:04:56 - [TEST_STEP][PASSED] - setEncryptedText(findTestObject("Page_Mattermost/input_All team communication in one place s_2f2733 (6)"), "GoUae4B8Jrc="): Text ****** has been set on object 'Object Repository/Page_Mattermost/input_All team communication in one place s_2f2733 (6)'

2019-12-22 01:04:56 - [MESSAGE][PASSED] - Text ****** has been set on object 'Object Repository/Page_Mattermost/input_All team communication in one place s_2f2733 (6)'

2019-12-22 01:04:56 - [TEST_STEP][PASSED] - click(findTestObject("Page_Mattermost/span_Sign in (4)")): Object: 'Object Repository/Page_Mattermost/span_Sign in (4)' is clicked on

2019-12-22 01:04:57 - [MESSAGE][PASSED] - Object: 'Object Repository/Page_Mattermost/span_Sign in (4)' is clicked on

2019-12-22 01:04:57 - [TEST_STEP][PASSED] - click(findTestObject("Page_(1)  Town Square - FirstTeam Mattermost/button_giabeuu_style--none sidebar-header-d_0f4080 (1)")): Object: 'Object Repository/Page_(1)  Town Square - FirstTeam Mattermost/button_giabeuu_style--none sidebar-header-d_0f4080 (1)' is clicked on

2019-12-22 01:05:00 - [MESSAGE][PASSED] - Object: 'Object Repository/Page_(1)  Town Square - FirstTeam Mattermost/button_giabeuu_style--none sidebar-header-d_0f4080 (1)' is clicked on

2019-12-22 01:05:00 - [TEST_STEP][PASSED] - click(findTestObject("Object Repository/Page_(1)  Town Square - FirstTeam Mattermost/button_Add Members to Team")): Object: 'Object Repository/Page_(1)  Town Square - FirstTeam Mattermost/button_Add Members to Team' is clicked on

2019-12-22 01:05:07 - [MESSAGE][PASSED] - Object: 'Object Repository/Page_(1)  Town Square - FirstTeam Mattermost/button_Add Members to Team' is clicked on

2019-12-22 01:05:07 - [TEST_STEP][PASSED] - click(findTestObject("Object Repository/Page_(1)  Town Square - FirstTeam Mattermost/div_duy - Pham Duy (Due)")): Object: 'Object Repository/Page_(1)  Town Square - FirstTeam Mattermost/div_duy - Pham Duy (Due)' is clicked on

2019-12-22 01:05:08 - [MESSAGE][PASSED] - Object: 'Object Repository/Page_(1)  Town Square - FirstTeam Mattermost/div_duy - Pham Duy (Due)' is clicked on

2019-12-22 01:05:08 - [TEST_STEP][PASSED] - click(findTestObject("Object Repository/Page_(1)  Town Square - FirstTeam Mattermost/button_Add")): Object: 'Object Repository/Page_(1)  Town Square - FirstTeam Mattermost/button_Add' is clicked on

2019-12-22 01:05:08 - [MESSAGE][PASSED] - Object: 'Object Repository/Page_(1)  Town Square - FirstTeam Mattermost/button_Add' is clicked on

2019-12-22 01:05:08 - [TEST_STEP][PASSED] - closeBrowser(): Browser is closed

2019-12-22 01:05:09 - [MESSAGE][PASSED] - Browser is closed]]></system-out>
         <system-err><![CDATA[]]></system-err>
      </testcase>
      <testcase name="Test Cases/TestCase09TeamSettingsRemoveMembersFromTeam" time="20.673" classname="Test Cases/TestCase09TeamSettingsRemoveMembersFromTeam" status="PASSED">
         <system-out><![CDATA[2019-12-22 01:05:09 - [TEST_CASE][PASSED] - Test Cases/TestCase09TeamSettingsRemoveMembersFromTeam: Test Cases/TestCase09TeamSettingsRemoveMembersFromTeam

2019-12-22 01:05:09 - [TEST_STEP][PASSED] - openBrowser(""): Browser is opened with url: ''

2019-12-22 01:05:09 - [MESSAGE][INFO] - Starting 'Firefox (headless)' driver

2019-12-22 01:05:12 - [MESSAGE][PASSED] - Browser is opened with url: ''

2019-12-22 01:05:12 - [TEST_STEP][PASSED] - navigateToUrl("https://cs300testautomatic.herokuapp.com/"): Navigate to 'https://cs300testautomatic.herokuapp.com/' successfully

2019-12-22 01:05:17 - [MESSAGE][PASSED] - Navigate to 'https://cs300testautomatic.herokuapp.com/' successfully

2019-12-22 01:05:17 - [TEST_STEP][PASSED] - setText(findTestObject("Page_Mattermost/input_All team communication in one place s_703ef5 (5)"), "giabeuu@gmail.com"): Text 'giabeuu@gmail.com' is set on object 'Object Repository/Page_Mattermost/input_All team communication in one place s_703ef5 (5)'

2019-12-22 01:05:22 - [MESSAGE][PASSED] - Text 'giabeuu@gmail.com' is set on object 'Object Repository/Page_Mattermost/input_All team communication in one place s_703ef5 (5)'

2019-12-22 01:05:22 - [TEST_STEP][PASSED] - setEncryptedText(findTestObject("Page_Mattermost/input_All team communication in one place s_2f2733 (5)"), "GoUae4B8Jrc="): Text ****** has been set on object 'Object Repository/Page_Mattermost/input_All team communication in one place s_2f2733 (5)'

2019-12-22 01:05:22 - [MESSAGE][PASSED] - Text ****** has been set on object 'Object Repository/Page_Mattermost/input_All team communication in one place s_2f2733 (5)'

2019-12-22 01:05:22 - [TEST_STEP][PASSED] - click(findTestObject("Page_Mattermost/span_Sign in (3)")): Object: 'Object Repository/Page_Mattermost/span_Sign in (3)' is clicked on

2019-12-22 01:05:23 - [MESSAGE][PASSED] - Object: 'Object Repository/Page_Mattermost/span_Sign in (3)' is clicked on

2019-12-22 01:05:23 - [TEST_STEP][PASSED] - click(findTestObject("Object Repository/Page_(1)  Town Square - FirstTeam Mattermost/button_giabeuu_style--none sidebar-header-d_0f4080")): Object: 'Object Repository/Page_(1)  Town Square - FirstTeam Mattermost/button_giabeuu_style--none sidebar-header-d_0f4080' is clicked on

2019-12-22 01:05:25 - [MESSAGE][PASSED] - Object: 'Object Repository/Page_(1)  Town Square - FirstTeam Mattermost/button_giabeuu_style--none sidebar-header-d_0f4080' is clicked on

2019-12-22 01:05:25 - [TEST_STEP][PASSED] - click(findTestObject("Object Repository/Page_(1)  Town Square - FirstTeam Mattermost/button_Manage Members")): Object: 'Object Repository/Page_(1)  Town Square - FirstTeam Mattermost/button_Manage Members' is clicked on

2019-12-22 01:05:26 - [MESSAGE][PASSED] - Object: 'Object Repository/Page_(1)  Town Square - FirstTeam Mattermost/button_Manage Members' is clicked on

2019-12-22 01:05:26 - [TEST_STEP][PASSED] - click(findTestObject("Object Repository/Page_(1)  Town Square - FirstTeam Mattermost/div_duy - Pham Duy (Due)pbduyapcsvnSystem Admin")): Object: 'Object Repository/Page_(1)  Town Square - FirstTeam Mattermost/div_duy - Pham Duy (Due)pbduyapcsvnSystem Admin' is clicked on

2019-12-22 01:05:27 - [MESSAGE][PASSED] - Object: 'Object Repository/Page_(1)  Town Square - FirstTeam Mattermost/div_duy - Pham Duy (Due)pbduyapcsvnSystem Admin' is clicked on

2019-12-22 01:05:27 - [TEST_STEP][PASSED] - click(findTestObject("Object Repository/Page_(1)  Town Square - FirstTeam Mattermost/span_System Admin")): Object: 'Object Repository/Page_(1)  Town Square - FirstTeam Mattermost/span_System Admin' is clicked on

2019-12-22 01:05:28 - [MESSAGE][PASSED] - Object: 'Object Repository/Page_(1)  Town Square - FirstTeam Mattermost/span_System Admin' is clicked on

2019-12-22 01:05:28 - [TEST_STEP][PASSED] - click(findTestObject("Object Repository/Page_(1)  Town Square - FirstTeam Mattermost/button_Remove From Team")): Object: 'Object Repository/Page_(1)  Town Square - FirstTeam Mattermost/button_Remove From Team' is clicked on

2019-12-22 01:05:28 - [MESSAGE][PASSED] - Object: 'Object Repository/Page_(1)  Town Square - FirstTeam Mattermost/button_Remove From Team' is clicked on

2019-12-22 01:05:28 - [TEST_STEP][PASSED] - click(findTestObject("Object Repository/Page_(1)  Town Square - FirstTeam Mattermost/button_Close")): Object: 'Object Repository/Page_(1)  Town Square - FirstTeam Mattermost/button_Close' is clicked on

2019-12-22 01:05:28 - [MESSAGE][PASSED] - Object: 'Object Repository/Page_(1)  Town Square - FirstTeam Mattermost/button_Close' is clicked on

2019-12-22 01:05:28 - [TEST_STEP][PASSED] - closeBrowser(): Browser is closed

2019-12-22 01:05:30 - [MESSAGE][PASSED] - Browser is closed]]></system-out>
         <system-err><![CDATA[]]></system-err>
      </testcase>
      <testcase name="Test Cases/TestCase10TeamSettingsTeamName" time="24.777" classname="Test Cases/TestCase10TeamSettingsTeamName" status="PASSED">
         <system-out><![CDATA[2019-12-22 01:05:30 - [TEST_CASE][PASSED] - Test Cases/TestCase10TeamSettingsTeamName: Test Cases/TestCase10TeamSettingsTeamName

2019-12-22 01:05:30 - [TEST_STEP][PASSED] - callTestCase(findTestCase("TestCase01LoginSuccessfully"), [:], STOP_ON_FAILURE): Call Test Case 'Test Cases/TestCase01LoginSuccessfully' successfully

2019-12-22 01:05:30 - [TEST_CASE][PASSED] - Test Cases/TestCase01LoginSuccessfully: Test Cases/TestCase01LoginSuccessfully

2019-12-22 01:05:30 - [TEST_STEP][PASSED] - openBrowser(""): Browser is opened with url: ''

2019-12-22 01:05:30 - [MESSAGE][INFO] - Starting 'Firefox (headless)' driver

2019-12-22 01:05:34 - [MESSAGE][PASSED] - Browser is opened with url: ''

2019-12-22 01:05:34 - [TEST_STEP][PASSED] - navigateToUrl("https://cs300testautomatic.herokuapp.com/"): Navigate to 'https://cs300testautomatic.herokuapp.com/' successfully

2019-12-22 01:05:39 - [MESSAGE][PASSED] - Navigate to 'https://cs300testautomatic.herokuapp.com/' successfully

2019-12-22 01:05:39 - [TEST_STEP][PASSED] - setText(findTestObject("Page_Mattermost/input_All team communication in one place s_703ef5"), "giabeuu@gmail.com"): Text 'giabeuu@gmail.com' is set on object 'Object Repository/Page_Mattermost/input_All team communication in one place s_703ef5'

2019-12-22 01:05:43 - [MESSAGE][PASSED] - Text 'giabeuu@gmail.com' is set on object 'Object Repository/Page_Mattermost/input_All team communication in one place s_703ef5'

2019-12-22 01:05:43 - [TEST_STEP][PASSED] - setEncryptedText(findTestObject("Page_Mattermost/input_All team communication in one place s_2f2733"), "GoUae4B8Jrc="): Text ****** has been set on object 'Object Repository/Page_Mattermost/input_All team communication in one place s_2f2733'

2019-12-22 01:05:43 - [MESSAGE][PASSED] - Text ****** has been set on object 'Object Repository/Page_Mattermost/input_All team communication in one place s_2f2733'

2019-12-22 01:05:43 - [TEST_STEP][PASSED] - click(findTestObject("Page_Mattermost/span_Sign in")): Object: 'Object Repository/Page_Mattermost/span_Sign in' is clicked on

2019-12-22 01:05:44 - [MESSAGE][PASSED] - Object: 'Object Repository/Page_Mattermost/span_Sign in' is clicked on

2019-12-22 01:05:44 - [MESSAGE][INFO] - =================== Smart XPath Report =======================

2019-12-22 01:05:44 - [MESSAGE][INFO] - Refer to the link below to preview and approve auto healing on broken test objects.

2019-12-22 01:05:44 - [MESSAGE][INFO] - https://docs.katalon.com/katalon-studio/docs/auto-healing-smart-xpath.html

2019-12-22 01:05:44 - [MESSAGE][INFO] - ===============================================================

2019-12-22 01:05:44 - [MESSAGE][PASSED] - Call Test Case 'Test Cases/TestCase01LoginSuccessfully' successfully

2019-12-22 01:05:44 - [TEST_STEP][PASSED] - click(findTestObject("Object Repository/Page_ Town Square - FirstTeam Mattermost/div_He")): Object: 'Object Repository/Page_ Town Square - FirstTeam Mattermost/div_He' is clicked on

2019-12-22 01:05:48 - [MESSAGE][PASSED] - Object: 'Object Repository/Page_ Town Square - FirstTeam Mattermost/div_He' is clicked on

2019-12-22 01:05:48 - [TEST_STEP][PASSED] - click(findTestObject("Object Repository/Page_ Town Square - Hello Mattermost/svg")): Object: 'Object Repository/Page_ Town Square - Hello Mattermost/svg' is clicked on

2019-12-22 01:05:49 - [MESSAGE][PASSED] - Object: 'Object Repository/Page_ Town Square - Hello Mattermost/svg' is clicked on

2019-12-22 01:05:49 - [TEST_STEP][PASSED] - click(findTestObject("Object Repository/Page_ Town Square - Hello Mattermost/button_Team Settings")): Object: 'Object Repository/Page_ Town Square - Hello Mattermost/button_Team Settings' is clicked on

2019-12-22 01:05:50 - [MESSAGE][PASSED] - Object: 'Object Repository/Page_ Town Square - Hello Mattermost/button_Team Settings' is clicked on

2019-12-22 01:05:50 - [TEST_STEP][PASSED] - click(findTestObject("Object Repository/Page_ Town Square - Hello Mattermost/button_Edit")): Object: 'Object Repository/Page_ Town Square - Hello Mattermost/button_Edit' is clicked on

2019-12-22 01:05:50 - [MESSAGE][PASSED] - Object: 'Object Repository/Page_ Town Square - Hello Mattermost/button_Edit' is clicked on

2019-12-22 01:05:50 - [TEST_STEP][PASSED] - setText(findTestObject("Object Repository/Page_ Town Square - Hello Mattermost/input_Team Name_teamName"), "SecondTeam"): Text 'SecondTeam' is set on object 'Object Repository/Page_ Town Square - Hello Mattermost/input_Team Name_teamName'

2019-12-22 01:05:51 - [MESSAGE][PASSED] - Text 'SecondTeam' is set on object 'Object Repository/Page_ Town Square - Hello Mattermost/input_Team Name_teamName'

2019-12-22 01:05:51 - [TEST_STEP][PASSED] - click(findTestObject("Object Repository/Page_ Town Square - Hello Mattermost/button_Save")): Object: 'Object Repository/Page_ Town Square - Hello Mattermost/button_Save' is clicked on

2019-12-22 01:05:51 - [MESSAGE][PASSED] - Object: 'Object Repository/Page_ Town Square - Hello Mattermost/button_Save' is clicked on

2019-12-22 01:05:51 - [TEST_STEP][PASSED] - click(findTestObject("Object Repository/Page_ Town Square - SecondTeam Mattermost/button_Close")): Object: 'Object Repository/Page_ Town Square - SecondTeam Mattermost/button_Close' is clicked on

2019-12-22 01:05:52 - [MESSAGE][PASSED] - Object: 'Object Repository/Page_ Town Square - SecondTeam Mattermost/button_Close' is clicked on

2019-12-22 01:05:52 - [TEST_STEP][PASSED] - closeBrowser(): Browser is closed

2019-12-22 01:05:55 - [MESSAGE][PASSED] - Browser is closed]]></system-out>
         <system-err><![CDATA[]]></system-err>
      </testcase>
      <testcase name="Test Cases/TestCase11AccountSettingsEditUsername" time="30.5" classname="Test Cases/TestCase11AccountSettingsEditUsername" status="PASSED">
         <system-out><![CDATA[2019-12-22 01:05:55 - [TEST_CASE][PASSED] - Test Cases/TestCase11AccountSettingsEditUsername: Test Cases/TestCase11AccountSettingsEditUsername

2019-12-22 01:05:55 - [TEST_STEP][PASSED] - callTestCase(findTestCase("TestCase01LoginSuccessfully"), [:], STOP_ON_FAILURE): Call Test Case 'Test Cases/TestCase01LoginSuccessfully' successfully

2019-12-22 01:05:55 - [TEST_CASE][PASSED] - Test Cases/TestCase01LoginSuccessfully: Test Cases/TestCase01LoginSuccessfully

2019-12-22 01:05:55 - [TEST_STEP][PASSED] - openBrowser(""): Browser is opened with url: ''

2019-12-22 01:05:55 - [MESSAGE][INFO] - Starting 'Firefox (headless)' driver

2019-12-22 01:06:02 - [MESSAGE][PASSED] - Browser is opened with url: ''

2019-12-22 01:06:02 - [TEST_STEP][PASSED] - navigateToUrl("https://cs300testautomatic.herokuapp.com/"): Navigate to 'https://cs300testautomatic.herokuapp.com/' successfully

2019-12-22 01:06:11 - [MESSAGE][PASSED] - Navigate to 'https://cs300testautomatic.herokuapp.com/' successfully

2019-12-22 01:06:11 - [TEST_STEP][PASSED] - setText(findTestObject("Page_Mattermost/input_All team communication in one place s_703ef5"), "giabeuu@gmail.com"): Text 'giabeuu@gmail.com' is set on object 'Object Repository/Page_Mattermost/input_All team communication in one place s_703ef5'

2019-12-22 01:06:19 - [MESSAGE][PASSED] - Text 'giabeuu@gmail.com' is set on object 'Object Repository/Page_Mattermost/input_All team communication in one place s_703ef5'

2019-12-22 01:06:19 - [TEST_STEP][PASSED] - setEncryptedText(findTestObject("Page_Mattermost/input_All team communication in one place s_2f2733"), "GoUae4B8Jrc="): Text ****** has been set on object 'Object Repository/Page_Mattermost/input_All team communication in one place s_2f2733'

2019-12-22 01:06:19 - [MESSAGE][PASSED] - Text ****** has been set on object 'Object Repository/Page_Mattermost/input_All team communication in one place s_2f2733'

2019-12-22 01:06:19 - [TEST_STEP][PASSED] - click(findTestObject("Page_Mattermost/span_Sign in")): Object: 'Object Repository/Page_Mattermost/span_Sign in' is clicked on

2019-12-22 01:06:20 - [MESSAGE][PASSED] - Object: 'Object Repository/Page_Mattermost/span_Sign in' is clicked on

2019-12-22 01:06:20 - [MESSAGE][INFO] - =================== Smart XPath Report =======================

2019-12-22 01:06:20 - [MESSAGE][INFO] - Refer to the link below to preview and approve auto healing on broken test objects.

2019-12-22 01:06:20 - [MESSAGE][INFO] - https://docs.katalon.com/katalon-studio/docs/auto-healing-smart-xpath.html

2019-12-22 01:06:20 - [MESSAGE][INFO] - ===============================================================

2019-12-22 01:06:20 - [MESSAGE][PASSED] - Call Test Case 'Test Cases/TestCase01LoginSuccessfully' successfully

2019-12-22 01:06:20 - [TEST_STEP][PASSED] - click(findTestObject("Page_Town Square - FirstTeam Mattermost/button_gia_style--none sidebar-header-dropd_2c8852")): Object: 'Object Repository/Page_Town Square - FirstTeam Mattermost/button_gia_style--none sidebar-header-dropd_2c8852' is clicked on

2019-12-22 01:06:22 - [MESSAGE][PASSED] - Object: 'Object Repository/Page_Town Square - FirstTeam Mattermost/button_gia_style--none sidebar-header-dropd_2c8852' is clicked on

2019-12-22 01:06:22 - [TEST_STEP][PASSED] - click(findTestObject("Page_Town Square - FirstTeam Mattermost/button_Account Settings")): Object: 'Object Repository/Page_Town Square - FirstTeam Mattermost/button_Account Settings' is clicked on

2019-12-22 01:06:23 - [MESSAGE][PASSED] - Object: 'Object Repository/Page_Town Square - FirstTeam Mattermost/button_Account Settings' is clicked on

2019-12-22 01:06:23 - [TEST_STEP][PASSED] - click(findTestObject("Page_Town Square - FirstTeam Mattermost/button_General")): Object: 'Object Repository/Page_Town Square - FirstTeam Mattermost/button_General' is clicked on

2019-12-22 01:06:23 - [MESSAGE][PASSED] - Object: 'Object Repository/Page_Town Square - FirstTeam Mattermost/button_General' is clicked on

2019-12-22 01:06:23 - [TEST_STEP][PASSED] - click(findTestObject("Page_Town Square - FirstTeam Mattermost/button_Edit")): Object: 'Object Repository/Page_Town Square - FirstTeam Mattermost/button_Edit' is clicked on

2019-12-22 01:06:24 - [MESSAGE][PASSED] - Object: 'Object Repository/Page_Town Square - FirstTeam Mattermost/button_Edit' is clicked on

2019-12-22 01:06:24 - [TEST_STEP][PASSED] - setText(findTestObject("Object Repository/Page_Town Square - FirstTeam Mattermost/input_Username_username"), "giabeuu"): Text 'giabeuu' is set on object 'Object Repository/Page_Town Square - FirstTeam Mattermost/input_Username_username'

2019-12-22 01:06:24 - [MESSAGE][PASSED] - Text 'giabeuu' is set on object 'Object Repository/Page_Town Square - FirstTeam Mattermost/input_Username_username'

2019-12-22 01:06:24 - [TEST_STEP][PASSED] - click(findTestObject("Page_Town Square - FirstTeam Mattermost/button_Save")): Object: 'Object Repository/Page_Town Square - FirstTeam Mattermost/button_Save' is clicked on

2019-12-22 01:06:25 - [MESSAGE][PASSED] - Object: 'Object Repository/Page_Town Square - FirstTeam Mattermost/button_Save' is clicked on

2019-12-22 01:06:25 - [TEST_STEP][PASSED] - click(findTestObject("Page_Town Square - FirstTeam Mattermost/button_Close")): Object: 'Object Repository/Page_Town Square - FirstTeam Mattermost/button_Close' is clicked on

2019-12-22 01:06:25 - [MESSAGE][PASSED] - Object: 'Object Repository/Page_Town Square - FirstTeam Mattermost/button_Close' is clicked on]]></system-out>
         <system-err><![CDATA[]]></system-err>
      </testcase>
      <testcase name="Test Cases/TestCase12AccountSettingsEditUsername(illegal)" time="23.331" classname="Test Cases/TestCase12AccountSettingsEditUsername(illegal)" status="PASSED">
         <system-out><![CDATA[2019-12-22 01:06:25 - [TEST_CASE][PASSED] - Test Cases/TestCase12AccountSettingsEditUsername(illegal): Test Cases/TestCase12AccountSettingsEditUsername(illegal)

2019-12-22 01:06:26 - [TEST_STEP][PASSED] - callTestCase(findTestCase("TestCase01LoginSuccessfully"), [:], STOP_ON_FAILURE): Call Test Case 'Test Cases/TestCase01LoginSuccessfully' successfully

2019-12-22 01:06:26 - [TEST_CASE][PASSED] - Test Cases/TestCase01LoginSuccessfully: Test Cases/TestCase01LoginSuccessfully

2019-12-22 01:06:26 - [TEST_STEP][PASSED] - openBrowser(""): Browser is opened with url: ''

2019-12-22 01:06:26 - [MESSAGE][WARNING] - A browser is already opened. Closing browser and opening a new one

2019-12-22 01:06:28 - [MESSAGE][INFO] - Starting 'Firefox (headless)' driver

2019-12-22 01:06:33 - [MESSAGE][PASSED] - Browser is opened with url: ''

2019-12-22 01:06:33 - [TEST_STEP][PASSED] - navigateToUrl("https://cs300testautomatic.herokuapp.com/"): Navigate to 'https://cs300testautomatic.herokuapp.com/' successfully

2019-12-22 01:06:38 - [MESSAGE][PASSED] - Navigate to 'https://cs300testautomatic.herokuapp.com/' successfully

2019-12-22 01:06:38 - [TEST_STEP][PASSED] - setText(findTestObject("Page_Mattermost/input_All team communication in one place s_703ef5"), "giabeuu@gmail.com"): Text 'giabeuu@gmail.com' is set on object 'Object Repository/Page_Mattermost/input_All team communication in one place s_703ef5'

2019-12-22 01:06:43 - [MESSAGE][PASSED] - Text 'giabeuu@gmail.com' is set on object 'Object Repository/Page_Mattermost/input_All team communication in one place s_703ef5'

2019-12-22 01:06:43 - [TEST_STEP][PASSED] - setEncryptedText(findTestObject("Page_Mattermost/input_All team communication in one place s_2f2733"), "GoUae4B8Jrc="): Text ****** has been set on object 'Object Repository/Page_Mattermost/input_All team communication in one place s_2f2733'

2019-12-22 01:06:43 - [MESSAGE][PASSED] - Text ****** has been set on object 'Object Repository/Page_Mattermost/input_All team communication in one place s_2f2733'

2019-12-22 01:06:43 - [TEST_STEP][PASSED] - click(findTestObject("Page_Mattermost/span_Sign in")): Object: 'Object Repository/Page_Mattermost/span_Sign in' is clicked on

2019-12-22 01:06:43 - [MESSAGE][PASSED] - Object: 'Object Repository/Page_Mattermost/span_Sign in' is clicked on

2019-12-22 01:06:43 - [MESSAGE][INFO] - =================== Smart XPath Report =======================

2019-12-22 01:06:43 - [MESSAGE][INFO] - Refer to the link below to preview and approve auto healing on broken test objects.

2019-12-22 01:06:43 - [MESSAGE][INFO] - https://docs.katalon.com/katalon-studio/docs/auto-healing-smart-xpath.html

2019-12-22 01:06:43 - [MESSAGE][INFO] - ===============================================================

2019-12-22 01:06:43 - [MESSAGE][PASSED] - Call Test Case 'Test Cases/TestCase01LoginSuccessfully' successfully

2019-12-22 01:06:43 - [TEST_STEP][PASSED] - click(findTestObject("Page_Town Square - FirstTeam Mattermost/button_gia_style--none sidebar-header-dropd_2c8852")): Object: 'Object Repository/Page_Town Square - FirstTeam Mattermost/button_gia_style--none sidebar-header-dropd_2c8852' is clicked on

2019-12-22 01:06:46 - [MESSAGE][PASSED] - Object: 'Object Repository/Page_Town Square - FirstTeam Mattermost/button_gia_style--none sidebar-header-dropd_2c8852' is clicked on

2019-12-22 01:06:46 - [TEST_STEP][PASSED] - click(findTestObject("Page_Town Square - FirstTeam Mattermost/button_Account Settings")): Object: 'Object Repository/Page_Town Square - FirstTeam Mattermost/button_Account Settings' is clicked on

2019-12-22 01:06:47 - [MESSAGE][PASSED] - Object: 'Object Repository/Page_Town Square - FirstTeam Mattermost/button_Account Settings' is clicked on

2019-12-22 01:06:47 - [TEST_STEP][PASSED] - click(findTestObject("Page_Town Square - FirstTeam Mattermost/button_General")): Object: 'Object Repository/Page_Town Square - FirstTeam Mattermost/button_General' is clicked on

2019-12-22 01:06:47 - [MESSAGE][PASSED] - Object: 'Object Repository/Page_Town Square - FirstTeam Mattermost/button_General' is clicked on

2019-12-22 01:06:47 - [TEST_STEP][PASSED] - click(findTestObject("Page_Town Square - FirstTeam Mattermost/button_Edit")): Object: 'Object Repository/Page_Town Square - FirstTeam Mattermost/button_Edit' is clicked on

2019-12-22 01:06:48 - [MESSAGE][PASSED] - Object: 'Object Repository/Page_Town Square - FirstTeam Mattermost/button_Edit' is clicked on

2019-12-22 01:06:48 - [TEST_STEP][PASSED] - setText(findTestObject("Object Repository/Page_Town Square - FirstTeam Mattermost/input_Username_username"), "-giabeuu"): Text '-giabeuu' is set on object 'Object Repository/Page_Town Square - FirstTeam Mattermost/input_Username_username'

2019-12-22 01:06:48 - [MESSAGE][PASSED] - Text '-giabeuu' is set on object 'Object Repository/Page_Town Square - FirstTeam Mattermost/input_Username_username'

2019-12-22 01:06:48 - [TEST_STEP][PASSED] - click(findTestObject("Page_Town Square - FirstTeam Mattermost/button_Save")): Object: 'Object Repository/Page_Town Square - FirstTeam Mattermost/button_Save' is clicked on

2019-12-22 01:06:49 - [MESSAGE][PASSED] - Object: 'Object Repository/Page_Town Square - FirstTeam Mattermost/button_Save' is clicked on]]></system-out>
         <system-err><![CDATA[]]></system-err>
      </testcase>
      <testcase name="Test Cases/TestCase13AccountSettingsFullName" time="25.754" classname="Test Cases/TestCase13AccountSettingsFullName" status="PASSED">
         <system-out><![CDATA[2019-12-22 01:06:49 - [TEST_CASE][PASSED] - Test Cases/TestCase13AccountSettingsFullName: Test Cases/TestCase13AccountSettingsFullName

2019-12-22 01:06:49 - [TEST_STEP][PASSED] - callTestCase(findTestCase("TestCase01LoginSuccessfully"), [:], STOP_ON_FAILURE): Call Test Case 'Test Cases/TestCase01LoginSuccessfully' successfully

2019-12-22 01:06:49 - [TEST_CASE][PASSED] - Test Cases/TestCase01LoginSuccessfully: Test Cases/TestCase01LoginSuccessfully

2019-12-22 01:06:49 - [TEST_STEP][PASSED] - openBrowser(""): Browser is opened with url: ''

2019-12-22 01:06:49 - [MESSAGE][WARNING] - A browser is already opened. Closing browser and opening a new one

2019-12-22 01:06:51 - [MESSAGE][INFO] - Starting 'Firefox (headless)' driver

2019-12-22 01:06:57 - [MESSAGE][PASSED] - Browser is opened with url: ''

2019-12-22 01:06:57 - [TEST_STEP][PASSED] - navigateToUrl("https://cs300testautomatic.herokuapp.com/"): Navigate to 'https://cs300testautomatic.herokuapp.com/' successfully

2019-12-22 01:07:02 - [MESSAGE][PASSED] - Navigate to 'https://cs300testautomatic.herokuapp.com/' successfully

2019-12-22 01:07:02 - [TEST_STEP][PASSED] - setText(findTestObject("Page_Mattermost/input_All team communication in one place s_703ef5"), "giabeuu@gmail.com"): Text 'giabeuu@gmail.com' is set on object 'Object Repository/Page_Mattermost/input_All team communication in one place s_703ef5'

2019-12-22 01:07:07 - [MESSAGE][PASSED] - Text 'giabeuu@gmail.com' is set on object 'Object Repository/Page_Mattermost/input_All team communication in one place s_703ef5'

2019-12-22 01:07:07 - [TEST_STEP][PASSED] - setEncryptedText(findTestObject("Page_Mattermost/input_All team communication in one place s_2f2733"), "GoUae4B8Jrc="): Text ****** has been set on object 'Object Repository/Page_Mattermost/input_All team communication in one place s_2f2733'

2019-12-22 01:07:07 - [MESSAGE][PASSED] - Text ****** has been set on object 'Object Repository/Page_Mattermost/input_All team communication in one place s_2f2733'

2019-12-22 01:07:07 - [TEST_STEP][PASSED] - click(findTestObject("Page_Mattermost/span_Sign in")): Object: 'Object Repository/Page_Mattermost/span_Sign in' is clicked on

2019-12-22 01:07:07 - [MESSAGE][PASSED] - Object: 'Object Repository/Page_Mattermost/span_Sign in' is clicked on

2019-12-22 01:07:07 - [MESSAGE][INFO] - =================== Smart XPath Report =======================

2019-12-22 01:07:07 - [MESSAGE][INFO] - Refer to the link below to preview and approve auto healing on broken test objects.

2019-12-22 01:07:07 - [MESSAGE][INFO] - https://docs.katalon.com/katalon-studio/docs/auto-healing-smart-xpath.html

2019-12-22 01:07:07 - [MESSAGE][INFO] - ===============================================================

2019-12-22 01:07:07 - [MESSAGE][PASSED] - Call Test Case 'Test Cases/TestCase01LoginSuccessfully' successfully

2019-12-22 01:07:07 - [TEST_STEP][PASSED] - click(findTestObject("Object Repository/Page_ Town Square - MyTeam Mattermost/svg")): Object: 'Object Repository/Page_ Town Square - MyTeam Mattermost/svg' is clicked on

2019-12-22 01:07:10 - [MESSAGE][PASSED] - Object: 'Object Repository/Page_ Town Square - MyTeam Mattermost/svg' is clicked on

2019-12-22 01:07:10 - [TEST_STEP][PASSED] - click(findTestObject("Object Repository/Page_ Town Square - MyTeam Mattermost/button_Account Settings")): Object: 'Object Repository/Page_ Town Square - MyTeam Mattermost/button_Account Settings' is clicked on

2019-12-22 01:07:11 - [MESSAGE][PASSED] - Object: 'Object Repository/Page_ Town Square - MyTeam Mattermost/button_Account Settings' is clicked on

2019-12-22 01:07:11 - [TEST_STEP][PASSED] - click(findTestObject("Object Repository/Page_ Town Square - MyTeam Mattermost/span_Edit")): Object: 'Object Repository/Page_ Town Square - MyTeam Mattermost/span_Edit' is clicked on

2019-12-22 01:07:12 - [MESSAGE][PASSED] - Object: 'Object Repository/Page_ Town Square - MyTeam Mattermost/span_Edit' is clicked on

2019-12-22 01:07:12 - [TEST_STEP][PASSED] - setText(findTestObject("Object Repository/Page_ Town Square - MyTeam Mattermost/input_First Name_firstName"), "Nguyen"): Text 'Nguyen' is set on object 'Object Repository/Page_ Town Square - MyTeam Mattermost/input_First Name_firstName'

2019-12-22 01:07:12 - [MESSAGE][PASSED] - Text 'Nguyen' is set on object 'Object Repository/Page_ Town Square - MyTeam Mattermost/input_First Name_firstName'

2019-12-22 01:07:12 - [TEST_STEP][PASSED] - setText(findTestObject("Object Repository/Page_ Town Square - MyTeam Mattermost/input_Last Name_lastName"), "Gia"): Text 'Gia' is set on object 'Object Repository/Page_ Town Square - MyTeam Mattermost/input_Last Name_lastName'

2019-12-22 01:07:12 - [MESSAGE][PASSED] - Text 'Gia' is set on object 'Object Repository/Page_ Town Square - MyTeam Mattermost/input_Last Name_lastName'

2019-12-22 01:07:12 - [TEST_STEP][PASSED] - click(findTestObject("Object Repository/Page_ Town Square - MyTeam Mattermost/span_Save")): Object: 'Object Repository/Page_ Town Square - MyTeam Mattermost/span_Save' is clicked on

2019-12-22 01:07:13 - [MESSAGE][PASSED] - Object: 'Object Repository/Page_ Town Square - MyTeam Mattermost/span_Save' is clicked on

2019-12-22 01:07:13 - [TEST_STEP][PASSED] - closeBrowser(): Browser is closed

2019-12-22 01:07:14 - [MESSAGE][PASSED] - Browser is closed]]></system-out>
         <system-err><![CDATA[]]></system-err>
      </testcase>
      <testcase name="Test Cases/TestCase14AccountSettingsNickname" time="21.614" classname="Test Cases/TestCase14AccountSettingsNickname" status="PASSED">
         <system-out><![CDATA[2019-12-22 01:07:14 - [TEST_CASE][PASSED] - Test Cases/TestCase14AccountSettingsNickname: Test Cases/TestCase14AccountSettingsNickname

2019-12-22 01:07:15 - [TEST_STEP][PASSED] - callTestCase(findTestCase("TestCase01LoginSuccessfully"), [:], STOP_ON_FAILURE): Call Test Case 'Test Cases/TestCase01LoginSuccessfully' successfully

2019-12-22 01:07:15 - [TEST_CASE][PASSED] - Test Cases/TestCase01LoginSuccessfully: Test Cases/TestCase01LoginSuccessfully

2019-12-22 01:07:15 - [TEST_STEP][PASSED] - openBrowser(""): Browser is opened with url: ''

2019-12-22 01:07:15 - [MESSAGE][INFO] - Starting 'Firefox (headless)' driver

2019-12-22 01:07:19 - [MESSAGE][PASSED] - Browser is opened with url: ''

2019-12-22 01:07:19 - [TEST_STEP][PASSED] - navigateToUrl("https://cs300testautomatic.herokuapp.com/"): Navigate to 'https://cs300testautomatic.herokuapp.com/' successfully

2019-12-22 01:07:24 - [MESSAGE][PASSED] - Navigate to 'https://cs300testautomatic.herokuapp.com/' successfully

2019-12-22 01:07:24 - [TEST_STEP][PASSED] - setText(findTestObject("Page_Mattermost/input_All team communication in one place s_703ef5"), "giabeuu@gmail.com"): Text 'giabeuu@gmail.com' is set on object 'Object Repository/Page_Mattermost/input_All team communication in one place s_703ef5'

2019-12-22 01:07:29 - [MESSAGE][PASSED] - Text 'giabeuu@gmail.com' is set on object 'Object Repository/Page_Mattermost/input_All team communication in one place s_703ef5'

2019-12-22 01:07:29 - [TEST_STEP][PASSED] - setEncryptedText(findTestObject("Page_Mattermost/input_All team communication in one place s_2f2733"), "GoUae4B8Jrc="): Text ****** has been set on object 'Object Repository/Page_Mattermost/input_All team communication in one place s_2f2733'

2019-12-22 01:07:29 - [MESSAGE][PASSED] - Text ****** has been set on object 'Object Repository/Page_Mattermost/input_All team communication in one place s_2f2733'

2019-12-22 01:07:29 - [TEST_STEP][PASSED] - click(findTestObject("Page_Mattermost/span_Sign in")): Object: 'Object Repository/Page_Mattermost/span_Sign in' is clicked on

2019-12-22 01:07:29 - [MESSAGE][PASSED] - Object: 'Object Repository/Page_Mattermost/span_Sign in' is clicked on

2019-12-22 01:07:29 - [MESSAGE][INFO] - =================== Smart XPath Report =======================

2019-12-22 01:07:29 - [MESSAGE][INFO] - Refer to the link below to preview and approve auto healing on broken test objects.

2019-12-22 01:07:29 - [MESSAGE][INFO] - https://docs.katalon.com/katalon-studio/docs/auto-healing-smart-xpath.html

2019-12-22 01:07:29 - [MESSAGE][INFO] - ===============================================================

2019-12-22 01:07:29 - [MESSAGE][PASSED] - Call Test Case 'Test Cases/TestCase01LoginSuccessfully' successfully

2019-12-22 01:07:29 - [TEST_STEP][PASSED] - click(findTestObject("Object Repository/Page_ Town Square - FirstTeam Mattermost/span")): Object: 'Object Repository/Page_ Town Square - FirstTeam Mattermost/span' is clicked on

2019-12-22 01:07:32 - [MESSAGE][PASSED] - Object: 'Object Repository/Page_ Town Square - FirstTeam Mattermost/span' is clicked on

2019-12-22 01:07:32 - [TEST_STEP][PASSED] - click(findTestObject("Object Repository/Page_ Town Square - FirstTeam Mattermost/button_Account Settings")): Object: 'Object Repository/Page_ Town Square - FirstTeam Mattermost/button_Account Settings' is clicked on

2019-12-22 01:07:33 - [MESSAGE][PASSED] - Object: 'Object Repository/Page_ Town Square - FirstTeam Mattermost/button_Account Settings' is clicked on

2019-12-22 01:07:33 - [TEST_STEP][PASSED] - click(findTestObject("Object Repository/Page_ Town Square - FirstTeam Mattermost/button_Edit")): Object: 'Object Repository/Page_ Town Square - FirstTeam Mattermost/button_Edit' is clicked on

2019-12-22 01:07:33 - [MESSAGE][PASSED] - Object: 'Object Repository/Page_ Town Square - FirstTeam Mattermost/button_Edit' is clicked on

2019-12-22 01:07:33 - [TEST_STEP][PASSED] - setText(findTestObject("Object Repository/Page_ Town Square - FirstTeam Mattermost/input_Nickname_nickname"), "GiaGia"): Text 'GiaGia' is set on object 'Object Repository/Page_ Town Square - FirstTeam Mattermost/input_Nickname_nickname'

2019-12-22 01:07:34 - [MESSAGE][PASSED] - Text 'GiaGia' is set on object 'Object Repository/Page_ Town Square - FirstTeam Mattermost/input_Nickname_nickname'

2019-12-22 01:07:34 - [TEST_STEP][PASSED] - click(findTestObject("Object Repository/Page_ Town Square - FirstTeam Mattermost/button_Save")): Object: 'Object Repository/Page_ Town Square - FirstTeam Mattermost/button_Save' is clicked on

2019-12-22 01:07:34 - [MESSAGE][PASSED] - Object: 'Object Repository/Page_ Town Square - FirstTeam Mattermost/button_Save' is clicked on

2019-12-22 01:07:34 - [TEST_STEP][PASSED] - click(findTestObject("Object Repository/Page_ Town Square - FirstTeam Mattermost/button_Close")): Object: 'Object Repository/Page_ Town Square - FirstTeam Mattermost/button_Close' is clicked on

2019-12-22 01:07:34 - [MESSAGE][PASSED] - Object: 'Object Repository/Page_ Town Square - FirstTeam Mattermost/button_Close' is clicked on

2019-12-22 01:07:34 - [TEST_STEP][PASSED] - closeBrowser(): Browser is closed

2019-12-22 01:07:36 - [MESSAGE][PASSED] - Browser is closed]]></system-out>
         <system-err><![CDATA[]]></system-err>
      </testcase>
      <testcase name="Test Cases/TestCase15GetInviteLink" time="50.686" classname="Test Cases/TestCase15GetInviteLink" status="PASSED">
         <system-out><![CDATA[2019-12-22 01:07:36 - [TEST_CASE][PASSED] - Test Cases/TestCase15GetInviteLink: Test Cases/TestCase15GetInviteLink

2019-12-22 01:07:36 - [TEST_STEP][PASSED] - openBrowser(""): Browser is opened with url: ''

2019-12-22 01:07:36 - [MESSAGE][INFO] - Starting 'Firefox (headless)' driver

2019-12-22 01:07:41 - [MESSAGE][PASSED] - Browser is opened with url: ''

2019-12-22 01:07:41 - [TEST_STEP][PASSED] - navigateToUrl("https://cs300testautomatic.herokuapp.com/"): Navigate to 'https://cs300testautomatic.herokuapp.com/' successfully

2019-12-22 01:07:46 - [MESSAGE][PASSED] - Navigate to 'https://cs300testautomatic.herokuapp.com/' successfully

2019-12-22 01:07:46 - [TEST_STEP][PASSED] - setText(findTestObject("Page_Mattermost/input_All team communication in one place s_703ef5"), "giabeuu@gmail.com"): Text 'giabeuu@gmail.com' is set on object 'Object Repository/Page_Mattermost/input_All team communication in one place s_703ef5'

2019-12-22 01:07:49 - [MESSAGE][PASSED] - Text 'giabeuu@gmail.com' is set on object 'Object Repository/Page_Mattermost/input_All team communication in one place s_703ef5'

2019-12-22 01:07:49 - [TEST_STEP][PASSED] - setEncryptedText(findTestObject("Page_Mattermost/input_All team communication in one place s_2f2733"), "GoUae4B8Jrc="): Text ****** has been set on object 'Object Repository/Page_Mattermost/input_All team communication in one place s_2f2733'

2019-12-22 01:07:50 - [MESSAGE][PASSED] - Text ****** has been set on object 'Object Repository/Page_Mattermost/input_All team communication in one place s_2f2733'

2019-12-22 01:07:50 - [TEST_STEP][PASSED] - sendKeys(findTestObject("Page_Mattermost/input_All team communication in one place s_2f2733"), Keys.chord(ENTER)): Keys 'ENTER + ' sent to object: 'Object Repository/Page_Mattermost/input_All team communication in one place s_2f2733'

2019-12-22 01:07:50 - [MESSAGE][PASSED] - Keys 'ENTER + ' sent to object: 'Object Repository/Page_Mattermost/input_All team communication in one place s_2f2733'

2019-12-22 01:07:50 - [TEST_STEP][PASSED] - click(findTestObject("Object Repository/Page_ Town Square - FirstTeam Mattermost/div_Fi")): Object: 'Object Repository/Page_ Town Square - FirstTeam Mattermost/div_Fi' is clicked on

2019-12-22 01:08:21 - [MESSAGE][INFO] - Unable to find the element located by 'By.xpath: //a[@id='firstteamTeamButton']/div/div/div'. Please recheck the objects properties to make sure the desired element is located. 

2019-12-22 01:08:21 - [MESSAGE][INFO] - [SMART_XPATH] Auto-trying out other XPath values in the test object.

2019-12-22 01:08:21 - [MESSAGE][INFO] - [SMART_XPATH] FAILED XPATH: '//a[@id='firstteamTeamButton']/div/div/div'.

2019-12-22 01:08:21 - [MESSAGE][INFO] - [SMART_XPATH] WORKING XPATH: '(.//*[normalize-space(text()) and normalize-space(.)='FirstTeam'])[1]/following::div[9]'.

2019-12-22 01:08:22 - [MESSAGE][INFO] - [SMART_XPATH] Screenshot: D:/Learning/School/2019-2020-HK1/CS300/CS300AutomaticWebTesting/Reports/smart_xpath/Object Repository/Page_ Town Square - FirstTeam Mattermost/div_Fi_neighbor_0.png

2019-12-22 01:08:22 - [MESSAGE][INFO] - [SMART_XPATH] WORKING XPATH: '(.//*[normalize-space(text()) and normalize-space(.)='Se'])[1]/preceding::div[1]'.

2019-12-22 01:08:22 - [MESSAGE][INFO] - [SMART_XPATH] Screenshot: D:/Learning/School/2019-2020-HK1/CS300/CS300AutomaticWebTesting/Reports/smart_xpath/Object Repository/Page_ Town Square - FirstTeam Mattermost/div_Fi_neighbor_1.png

2019-12-22 01:08:22 - [MESSAGE][INFO] - [SMART_XPATH] WORKING XPATH: '(.//*[normalize-space(text()) and normalize-space(.)='+'])[1]/preceding::div[5]'.

2019-12-22 01:08:22 - [MESSAGE][INFO] - [SMART_XPATH] Screenshot: D:/Learning/School/2019-2020-HK1/CS300/CS300AutomaticWebTesting/Reports/smart_xpath/Object Repository/Page_ Town Square - FirstTeam Mattermost/div_Fi_neighbor_2.png

2019-12-22 01:08:23 - [MESSAGE][INFO] - [SMART_XPATH] WORKING XPATH: '//*/text()[normalize-space(.)='Fi']/parent::*'.

2019-12-22 01:08:23 - [MESSAGE][INFO] - [SMART_XPATH] Screenshot: D:/Learning/School/2019-2020-HK1/CS300/CS300AutomaticWebTesting/Reports/smart_xpath/Object Repository/Page_ Town Square - FirstTeam Mattermost/div_Fi_neighbor_3.png

2019-12-22 01:08:23 - [MESSAGE][INFO] - [SMART_XPATH] WORKING XPATH: '//a/div/div/div'.

2019-12-22 01:08:23 - [MESSAGE][INFO] - [SMART_XPATH] Screenshot: D:/Learning/School/2019-2020-HK1/CS300/CS300AutomaticWebTesting/Reports/smart_xpath/Object Repository/Page_ Town Square - FirstTeam Mattermost/div_Fi_position.png

2019-12-22 01:08:23 - [MESSAGE][ERROR] - [SMART_XPATH] D:\Learning\School\2019-2020-HK1\CS300\CS300AutomaticWebTesting\Reports\smart_xpath\waiting-for-approval.json (The system cannot find the file specified)

2019-12-22 01:08:23 - [MESSAGE][ERROR] - [SMART_XPATH] D:/Learning/School/2019-2020-HK1/CS300/CS300AutomaticWebTesting/Reports/smart_xpath/waiting-for-approval.json does not exist or is provided by Smart XPath Plugin!

2019-12-22 01:08:23 - [MESSAGE][INFO] - [SMART_XPATH] Selected Smart XPath: '(.//*[normalize-space(text()) and normalize-space(.)='FirstTeam'])[1]/following::div[9]'.

2019-12-22 01:08:23 - [MESSAGE][INFO] - [SMART_XPATH] Continuing executing the test case!

2019-12-22 01:08:23 - [MESSAGE][PASSED] - Object: 'Object Repository/Page_ Town Square - FirstTeam Mattermost/div_Fi' is clicked on

2019-12-22 01:08:23 - [TEST_STEP][PASSED] - click(findTestObject("Page_ Town Square - FirstTeam Mattermost/svg")): Object: 'Object Repository/Page_ Town Square - FirstTeam Mattermost/svg' is clicked on

2019-12-22 01:08:24 - [MESSAGE][PASSED] - Object: 'Object Repository/Page_ Town Square - FirstTeam Mattermost/svg' is clicked on

2019-12-22 01:08:24 - [TEST_STEP][PASSED] - click(findTestObject("Object Repository/Page_ Town Square - FirstTeam Mattermost/button_Get Team Invite Link")): Object: 'Object Repository/Page_ Town Square - FirstTeam Mattermost/button_Get Team Invite Link' is clicked on

2019-12-22 01:08:24 - [MESSAGE][PASSED] - Object: 'Object Repository/Page_ Town Square - FirstTeam Mattermost/button_Get Team Invite Link' is clicked on

2019-12-22 01:08:24 - [TEST_STEP][PASSED] - click(findTestObject("Object Repository/Page_ Town Square - FirstTeam Mattermost/button_Copy Link")): Object: 'Object Repository/Page_ Town Square - FirstTeam Mattermost/button_Copy Link' is clicked on

2019-12-22 01:08:24 - [MESSAGE][PASSED] - Object: 'Object Repository/Page_ Town Square - FirstTeam Mattermost/button_Copy Link' is clicked on

2019-12-22 01:08:24 - [TEST_STEP][PASSED] - click(findTestObject("Object Repository/Page_ Town Square - FirstTeam Mattermost/span_Close")): Object: 'Object Repository/Page_ Town Square - FirstTeam Mattermost/span_Close' is clicked on

2019-12-22 01:08:25 - [MESSAGE][PASSED] - Object: 'Object Repository/Page_ Town Square - FirstTeam Mattermost/span_Close' is clicked on

2019-12-22 01:08:25 - [TEST_STEP][PASSED] - closeBrowser(): Browser is closed

2019-12-22 01:08:27 - [MESSAGE][PASSED] - Browser is closed]]></system-out>
         <system-err><![CDATA[]]></system-err>
      </testcase>
      <testcase name="Test Cases/TestCase16AddMembersToChannel" time="55.167" classname="Test Cases/TestCase16AddMembersToChannel" status="PASSED">
         <system-out><![CDATA[2019-12-22 01:08:27 - [TEST_CASE][PASSED] - Test Cases/TestCase16AddMembersToChannel: Test Cases/TestCase16AddMembersToChannel

2019-12-22 01:08:27 - [TEST_STEP][PASSED] - openBrowser(""): Browser is opened with url: ''

2019-12-22 01:08:27 - [MESSAGE][INFO] - Starting 'Firefox (headless)' driver

2019-12-22 01:08:32 - [MESSAGE][PASSED] - Browser is opened with url: ''

2019-12-22 01:08:32 - [TEST_STEP][PASSED] - navigateToUrl("https://cs300testautomatic.herokuapp.com/"): Navigate to 'https://cs300testautomatic.herokuapp.com/' successfully

2019-12-22 01:08:36 - [MESSAGE][PASSED] - Navigate to 'https://cs300testautomatic.herokuapp.com/' successfully

2019-12-22 01:08:36 - [TEST_STEP][PASSED] - setText(findTestObject("Page_Mattermost/input_All team communication in one place s_703ef5 (24)"), "dhieu@apcs.vn"): Text 'dhieu@apcs.vn' is set on object 'Object Repository/Page_Mattermost/input_All team communication in one place s_703ef5 (24)'

2019-12-22 01:08:41 - [MESSAGE][PASSED] - Text 'dhieu@apcs.vn' is set on object 'Object Repository/Page_Mattermost/input_All team communication in one place s_703ef5 (24)'

2019-12-22 01:08:41 - [TEST_STEP][PASSED] - setEncryptedText(findTestObject("Page_Mattermost/input_All team communication in one place s_2f2733 (24)"), "iGDxf8hSRT4="): Text ****** has been set on object 'Object Repository/Page_Mattermost/input_All team communication in one place s_2f2733 (24)'

2019-12-22 01:08:42 - [MESSAGE][PASSED] - Text ****** has been set on object 'Object Repository/Page_Mattermost/input_All team communication in one place s_2f2733 (24)'

2019-12-22 01:08:42 - [TEST_STEP][PASSED] - click(findTestObject("Page_Mattermost/button_Sign in (13)")): Object: 'Object Repository/Page_Mattermost/button_Sign in (13)' is clicked on

2019-12-22 01:08:42 - [MESSAGE][PASSED] - Object: 'Object Repository/Page_Mattermost/button_Sign in (13)' is clicked on

2019-12-22 01:08:42 - [TEST_STEP][PASSED] - click(findTestObject("Object Repository/Page_Town Square - FirstTeam Mattermost/div_Fi")): Object: 'Object Repository/Page_Town Square - FirstTeam Mattermost/div_Fi' is clicked on

2019-12-22 01:08:45 - [MESSAGE][PASSED] - Object: 'Object Repository/Page_Town Square - FirstTeam Mattermost/div_Fi' is clicked on

2019-12-22 01:08:45 - [TEST_STEP][PASSED] - click(findTestObject("Object Repository/Page_Town Square - FirstTeam Mattermost/a_ChannelAddMember")): Object: 'Object Repository/Page_Town Square - FirstTeam Mattermost/a_ChannelAddMember' is clicked on

2019-12-22 01:08:46 - [MESSAGE][PASSED] - Object: 'Object Repository/Page_Town Square - FirstTeam Mattermost/a_ChannelAddMember' is clicked on

2019-12-22 01:08:46 - [TEST_STEP][PASSED] - click(findTestObject("Object Repository/Page_ChannelAddMember - FirstTeam Mattermost/span_ChannelAddMember_channelHeaderDropdownIcon")): Object: 'Object Repository/Page_ChannelAddMember - FirstTeam Mattermost/span_ChannelAddMember_channelHeaderDropdownIcon' is clicked on

2019-12-22 01:08:47 - [MESSAGE][PASSED] - Object: 'Object Repository/Page_ChannelAddMember - FirstTeam Mattermost/span_ChannelAddMember_channelHeaderDropdownIcon' is clicked on

2019-12-22 01:08:47 - [TEST_STEP][PASSED] - click(findTestObject("Object Repository/Page_ChannelAddMember - FirstTeam Mattermost/button_Add Members")): Object: 'Object Repository/Page_ChannelAddMember - FirstTeam Mattermost/button_Add Members' is clicked on

2019-12-22 01:08:47 - [MESSAGE][PASSED] - Object: 'Object Repository/Page_ChannelAddMember - FirstTeam Mattermost/button_Add Members' is clicked on

2019-12-22 01:08:47 - [TEST_STEP][PASSED] - click(findTestObject("Object Repository/Page_ChannelAddMember - FirstTeam Mattermost/div_Nguyen Gia (GiaGia)_more-modal__actions--round")): Object: 'Object Repository/Page_ChannelAddMember - FirstTeam Mattermost/div_Nguyen Gia (GiaGia)_more-modal__actions--round' is clicked on

2019-12-22 01:09:18 - [MESSAGE][INFO] - Unable to find the element located by 'By.xpath: (.//*[normalize-space(text()) and normalize-space(.)='Nguyen Gia (GiaGia)'])[1]/following::div[2]'. Please recheck the objects properties to make sure the desired element is located. 

2019-12-22 01:09:18 - [MESSAGE][INFO] - [SMART_XPATH] Auto-trying out other XPath values in the test object.

2019-12-22 01:09:18 - [MESSAGE][INFO] - [SMART_XPATH] FAILED XPATH: '(.//*[normalize-space(text()) and normalize-space(.)='Nguyen Gia (GiaGia)'])[1]/following::div[2]'.

2019-12-22 01:09:18 - [MESSAGE][INFO] - [SMART_XPATH] WORKING XPATH: '(.//*[normalize-space(text()) and normalize-space(.)='@mymymy'])[1]/preceding::div[1]'.

2019-12-22 01:09:19 - [MESSAGE][INFO] - [SMART_XPATH] Screenshot: D:/Learning/School/2019-2020-HK1/CS300/CS300AutomaticWebTesting/Reports/smart_xpath/Object Repository/Page_ChannelAddMember - FirstTeam Mattermost/div_Nguyen Gia (GiaGia)_more-modal__actions--round_neighbor_1.png

2019-12-22 01:09:19 - [MESSAGE][INFO] - [SMART_XPATH] WORKING XPATH: '//div[2]/div/div/div[2]/div/div[2]/div/div[2]/div/div[2]/div'.

2019-12-22 01:09:19 - [MESSAGE][INFO] - [SMART_XPATH] Screenshot: D:/Learning/School/2019-2020-HK1/CS300/CS300AutomaticWebTesting/Reports/smart_xpath/Object Repository/Page_ChannelAddMember - FirstTeam Mattermost/div_Nguyen Gia (GiaGia)_more-modal__actions--round_position.png

2019-12-22 01:09:19 - [MESSAGE][ERROR] - [SMART_XPATH] D:\Learning\School\2019-2020-HK1\CS300\CS300AutomaticWebTesting\Reports\smart_xpath\waiting-for-approval.json (The system cannot find the file specified)

2019-12-22 01:09:19 - [MESSAGE][ERROR] - [SMART_XPATH] D:/Learning/School/2019-2020-HK1/CS300/CS300AutomaticWebTesting/Reports/smart_xpath/waiting-for-approval.json does not exist or is provided by Smart XPath Plugin!

2019-12-22 01:09:19 - [MESSAGE][INFO] - [SMART_XPATH] Selected Smart XPath: '(.//*[normalize-space(text()) and normalize-space(.)='@mymymy'])[1]/preceding::div[1]'.

2019-12-22 01:09:19 - [MESSAGE][INFO] - [SMART_XPATH] Continuing executing the test case!

2019-12-22 01:09:20 - [MESSAGE][PASSED] - Object: 'Object Repository/Page_ChannelAddMember - FirstTeam Mattermost/div_Nguyen Gia (GiaGia)_more-modal__actions--round' is clicked on

2019-12-22 01:09:20 - [TEST_STEP][PASSED] - click(findTestObject("Object Repository/Page_ChannelAddMember - FirstTeam Mattermost/button_Add")): Object: 'Object Repository/Page_ChannelAddMember - FirstTeam Mattermost/button_Add' is clicked on

2019-12-22 01:09:20 - [MESSAGE][PASSED] - Object: 'Object Repository/Page_ChannelAddMember - FirstTeam Mattermost/button_Add' is clicked on

2019-12-22 01:09:20 - [TEST_STEP][PASSED] - closeBrowser(): Browser is closed

2019-12-22 01:09:22 - [MESSAGE][PASSED] - Browser is closed]]></system-out>
         <system-err><![CDATA[]]></system-err>
      </testcase>
      <testcase name="Test Cases/TestCase17RemoveMemberFromChannel" time="52.544" classname="Test Cases/TestCase17RemoveMemberFromChannel" status="FAILED">
         <failure type="FAILED" message="Test Cases/TestCase17RemoveMemberFromChannel FAILED.
Reason:
com.kms.katalon.core.exception.StepFailedException: Unable to click on object 'Object Repository/Page_ChannelAddMember - FirstTeam Mattermost/button_Channel MembergiabeuuRemove Member'
	at com.kms.katalon.core.webui.keyword.internal.WebUIKeywordMain.stepFailed(WebUIKeywordMain.groovy:64)
	at com.kms.katalon.core.webui.keyword.internal.WebUIKeywordMain.runKeyword(WebUIKeywordMain.groovy:26)
	at com.kms.katalon.core.webui.keyword.builtin.ClickKeyword.click(ClickKeyword.groovy:102)
	at com.kms.katalon.core.webui.keyword.builtin.ClickKeyword.execute(ClickKeyword.groovy:43)
	at com.kms.katalon.core.keyword.internal.KeywordExecutor.executeKeywordForPlatform(KeywordExecutor.groovy:72)
	at com.kms.katalon.core.webui.keyword.WebUiBuiltInKeywords.click(WebUiBuiltInKeywords.groovy:616)
	at com.kms.katalon.core.webui.keyword.WebUiBuiltInKeywords$click$3.call(Unknown Source)
	at TestCase17RemoveMemberFromChannel.run(TestCase17RemoveMemberFromChannel:37)
	at com.kms.katalon.core.main.ScriptEngine.run(ScriptEngine.java:194)
	at com.kms.katalon.core.main.ScriptEngine.runScriptAsRawText(ScriptEngine.java:119)
	at com.kms.katalon.core.main.TestCaseExecutor.runScript(TestCaseExecutor.java:337)
	at com.kms.katalon.core.main.TestCaseExecutor.doExecute(TestCaseExecutor.java:328)
	at com.kms.katalon.core.main.TestCaseExecutor.processExecutionPhase(TestCaseExecutor.java:307)
	at com.kms.katalon.core.main.TestCaseExecutor.accessMainPhase(TestCaseExecutor.java:299)
	at com.kms.katalon.core.main.TestCaseExecutor.execute(TestCaseExecutor.java:233)
	at com.kms.katalon.core.main.TestSuiteExecutor.accessTestCaseMainPhase(TestSuiteExecutor.java:169)
	at com.kms.katalon.core.main.TestSuiteExecutor.accessTestSuiteMainPhase(TestSuiteExecutor.java:142)
	at com.kms.katalon.core.main.TestSuiteExecutor.execute(TestSuiteExecutor.java:91)
	at com.kms.katalon.core.main.TestCaseMain.startTestSuite(TestCaseMain.java:157)
	at com.kms.katalon.core.main.TestCaseMain$startTestSuite$0.call(Unknown Source)
	at TempTestSuite1576951344125.run(TempTestSuite1576951344125.groovy:36)
Caused by: com.kms.katalon.core.webui.exception.WebElementNotFoundException: Web element with id: 'Object Repository/Page_ChannelAddMember - FirstTeam Mattermost/button_Channel MembergiabeuuRemove Member' located by 'By.xpath: //button[@id='removeMember']' not found
	at com.kms.katalon.core.webui.common.WebUiCommonHelper.findWebElement(WebUiCommonHelper.java:1154)
	at com.kms.katalon.core.webui.keyword.internal.WebUIAbstractKeyword.findWebElement(WebUIAbstractKeyword.groovy:27)
	at com.kms.katalon.core.webui.keyword.internal.WebUIAbstractKeyword.findWebElement(WebUIAbstractKeyword.groovy:26)
	at com.kms.katalon.core.webui.keyword.builtin.ClickKeyword$_click_closure1.doCall(ClickKeyword.groovy:67)
	at com.kms.katalon.core.webui.keyword.builtin.ClickKeyword$_click_closure1.call(ClickKeyword.groovy)
	at com.kms.katalon.core.webui.keyword.internal.WebUIKeywordMain.runKeyword(WebUIKeywordMain.groovy:20)
	... 19 more
"/>
         <system-out><![CDATA[2019-12-22 01:09:22 - [TEST_CASE][FAILED] - Test Cases/TestCase17RemoveMemberFromChannel: Test Cases/TestCase17RemoveMemberFromChannel FAILED.
Reason:
com.kms.katalon.core.exception.StepFailedException: Unable to click on object 'Object Repository/Page_ChannelAddMember - FirstTeam Mattermost/button_Channel MembergiabeuuRemove Member'
	at com.kms.katalon.core.webui.keyword.internal.WebUIKeywordMain.stepFailed(WebUIKeywordMain.groovy:64)
	at com.kms.katalon.core.webui.keyword.internal.WebUIKeywordMain.runKeyword(WebUIKeywordMain.groovy:26)
	at com.kms.katalon.core.webui.keyword.builtin.ClickKeyword.click(ClickKeyword.groovy:102)
	at com.kms.katalon.core.webui.keyword.builtin.ClickKeyword.execute(ClickKeyword.groovy:43)
	at com.kms.katalon.core.keyword.internal.KeywordExecutor.executeKeywordForPlatform(KeywordExecutor.groovy:72)
	at com.kms.katalon.core.webui.keyword.WebUiBuiltInKeywords.click(WebUiBuiltInKeywords.groovy:616)
	at com.kms.katalon.core.webui.keyword.WebUiBuiltInKeywords$click$3.call(Unknown Source)
	at TestCase17RemoveMemberFromChannel.run(TestCase17RemoveMemberFromChannel:37)
	at com.kms.katalon.core.main.ScriptEngine.run(ScriptEngine.java:194)
	at com.kms.katalon.core.main.ScriptEngine.runScriptAsRawText(ScriptEngine.java:119)
	at com.kms.katalon.core.main.TestCaseExecutor.runScript(TestCaseExecutor.java:337)
	at com.kms.katalon.core.main.TestCaseExecutor.doExecute(TestCaseExecutor.java:328)
	at com.kms.katalon.core.main.TestCaseExecutor.processExecutionPhase(TestCaseExecutor.java:307)
	at com.kms.katalon.core.main.TestCaseExecutor.accessMainPhase(TestCaseExecutor.java:299)
	at com.kms.katalon.core.main.TestCaseExecutor.execute(TestCaseExecutor.java:233)
	at com.kms.katalon.core.main.TestSuiteExecutor.accessTestCaseMainPhase(TestSuiteExecutor.java:169)
	at com.kms.katalon.core.main.TestSuiteExecutor.accessTestSuiteMainPhase(TestSuiteExecutor.java:142)
	at com.kms.katalon.core.main.TestSuiteExecutor.execute(TestSuiteExecutor.java:91)
	at com.kms.katalon.core.main.TestCaseMain.startTestSuite(TestCaseMain.java:157)
	at com.kms.katalon.core.main.TestCaseMain$startTestSuite$0.call(Unknown Source)
	at TempTestSuite1576951344125.run(TempTestSuite1576951344125.groovy:36)
Caused by: com.kms.katalon.core.webui.exception.WebElementNotFoundException: Web element with id: 'Object Repository/Page_ChannelAddMember - FirstTeam Mattermost/button_Channel MembergiabeuuRemove Member' located by 'By.xpath: //button[@id='removeMember']' not found
	at com.kms.katalon.core.webui.common.WebUiCommonHelper.findWebElement(WebUiCommonHelper.java:1154)
	at com.kms.katalon.core.webui.keyword.internal.WebUIAbstractKeyword.findWebElement(WebUIAbstractKeyword.groovy:27)
	at com.kms.katalon.core.webui.keyword.internal.WebUIAbstractKeyword.findWebElement(WebUIAbstractKeyword.groovy:26)
	at com.kms.katalon.core.webui.keyword.builtin.ClickKeyword$_click_closure1.doCall(ClickKeyword.groovy:67)
	at com.kms.katalon.core.webui.keyword.builtin.ClickKeyword$_click_closure1.call(ClickKeyword.groovy)
	at com.kms.katalon.core.webui.keyword.internal.WebUIKeywordMain.runKeyword(WebUIKeywordMain.groovy:20)
	... 19 more


2019-12-22 01:09:22 - [TEST_STEP][PASSED] - openBrowser(""): Browser is opened with url: ''

2019-12-22 01:09:22 - [MESSAGE][INFO] - Starting 'Firefox (headless)' driver

2019-12-22 01:09:28 - [MESSAGE][PASSED] - Browser is opened with url: ''

2019-12-22 01:09:28 - [TEST_STEP][PASSED] - navigateToUrl("https://cs300testautomatic.herokuapp.com/"): Navigate to 'https://cs300testautomatic.herokuapp.com/' successfully

2019-12-22 01:09:34 - [MESSAGE][PASSED] - Navigate to 'https://cs300testautomatic.herokuapp.com/' successfully

2019-12-22 01:09:34 - [TEST_STEP][PASSED] - setText(findTestObject("Page_Mattermost/input_All team communication in one place s_703ef5 (25)"), "dhieu@apcs.vn"): Text 'dhieu@apcs.vn' is set on object 'Object Repository/Page_Mattermost/input_All team communication in one place s_703ef5 (25)'

2019-12-22 01:09:38 - [MESSAGE][PASSED] - Text 'dhieu@apcs.vn' is set on object 'Object Repository/Page_Mattermost/input_All team communication in one place s_703ef5 (25)'

2019-12-22 01:09:38 - [TEST_STEP][PASSED] - setEncryptedText(findTestObject("Page_Mattermost/input_All team communication in one place s_2f2733 (25)"), "iGDxf8hSRT4="): Text ****** has been set on object 'Object Repository/Page_Mattermost/input_All team communication in one place s_2f2733 (25)'

2019-12-22 01:09:39 - [MESSAGE][PASSED] - Text ****** has been set on object 'Object Repository/Page_Mattermost/input_All team communication in one place s_2f2733 (25)'

2019-12-22 01:09:39 - [TEST_STEP][PASSED] - click(findTestObject("Page_Mattermost/button_Sign in (14)")): Object: 'Object Repository/Page_Mattermost/button_Sign in (14)' is clicked on

2019-12-22 01:09:39 - [MESSAGE][PASSED] - Object: 'Object Repository/Page_Mattermost/button_Sign in (14)' is clicked on

2019-12-22 01:09:39 - [TEST_STEP][PASSED] - click(findTestObject("Page_Town Square - FirstTeam Mattermost/div_Fi (1)")): Object: 'Object Repository/Page_Town Square - FirstTeam Mattermost/div_Fi (1)' is clicked on

2019-12-22 01:09:42 - [MESSAGE][PASSED] - Object: 'Object Repository/Page_Town Square - FirstTeam Mattermost/div_Fi (1)' is clicked on

2019-12-22 01:09:42 - [TEST_STEP][PASSED] - click(findTestObject("Page_Town Square - FirstTeam Mattermost/a_ChannelAddMember (1)")): Object: 'Object Repository/Page_Town Square - FirstTeam Mattermost/a_ChannelAddMember (1)' is clicked on

2019-12-22 01:09:42 - [MESSAGE][PASSED] - Object: 'Object Repository/Page_Town Square - FirstTeam Mattermost/a_ChannelAddMember (1)' is clicked on

2019-12-22 01:09:42 - [TEST_STEP][PASSED] - click(findTestObject("Page_ChannelAddMember - FirstTeam Mattermost/span_ChannelAddMember_channelHeaderDropdownIcon (1)")): Object: 'Object Repository/Page_ChannelAddMember - FirstTeam Mattermost/span_ChannelAddMember_channelHeaderDropdownIcon (1)' is clicked on

2019-12-22 01:09:43 - [MESSAGE][PASSED] - Object: 'Object Repository/Page_ChannelAddMember - FirstTeam Mattermost/span_ChannelAddMember_channelHeaderDropdownIcon (1)' is clicked on

2019-12-22 01:09:43 - [TEST_STEP][PASSED] - click(findTestObject("Object Repository/Page_ChannelAddMember - FirstTeam Mattermost/button_Manage Members")): Object: 'Object Repository/Page_ChannelAddMember - FirstTeam Mattermost/button_Manage Members' is clicked on

2019-12-22 01:09:43 - [MESSAGE][PASSED] - Object: 'Object Repository/Page_ChannelAddMember - FirstTeam Mattermost/button_Manage Members' is clicked on

2019-12-22 01:09:43 - [TEST_STEP][FAILED] - click(findTestObject("Object Repository/Page_ChannelAddMember - FirstTeam Mattermost/button_Channel MembergiabeuuRemove Member")): Unable to click on object 'Object Repository/Page_ChannelAddMember - FirstTeam Mattermost/button_Channel MembergiabeuuRemove Member' (Root cause: com.kms.katalon.core.exception.StepFailedException: Unable to click on object 'Object Repository/Page_ChannelAddMember - FirstTeam Mattermost/button_Channel MembergiabeuuRemove Member'
	at com.kms.katalon.core.webui.keyword.internal.WebUIKeywordMain.stepFailed(WebUIKeywordMain.groovy:64)
	at com.kms.katalon.core.webui.keyword.internal.WebUIKeywordMain.runKeyword(WebUIKeywordMain.groovy:26)
	at com.kms.katalon.core.webui.keyword.builtin.ClickKeyword.click(ClickKeyword.groovy:102)
	at com.kms.katalon.core.webui.keyword.builtin.ClickKeyword.execute(ClickKeyword.groovy:43)
	at com.kms.katalon.core.keyword.internal.KeywordExecutor.executeKeywordForPlatform(KeywordExecutor.groovy:72)
	at com.kms.katalon.core.webui.keyword.WebUiBuiltInKeywords.click(WebUiBuiltInKeywords.groovy:616)
	at com.kms.katalon.core.webui.keyword.WebUiBuiltInKeywords$click$3.call(Unknown Source)
	at TestCase17RemoveMemberFromChannel.run(TestCase17RemoveMemberFromChannel:37)
	at com.kms.katalon.core.main.ScriptEngine.run(ScriptEngine.java:194)
	at com.kms.katalon.core.main.ScriptEngine.runScriptAsRawText(ScriptEngine.java:119)
	at com.kms.katalon.core.main.TestCaseExecutor.runScript(TestCaseExecutor.java:337)
	at com.kms.katalon.core.main.TestCaseExecutor.doExecute(TestCaseExecutor.java:328)
	at com.kms.katalon.core.main.TestCaseExecutor.processExecutionPhase(TestCaseExecutor.java:307)
	at com.kms.katalon.core.main.TestCaseExecutor.accessMainPhase(TestCaseExecutor.java:299)
	at com.kms.katalon.core.main.TestCaseExecutor.execute(TestCaseExecutor.java:233)
	at com.kms.katalon.core.main.TestSuiteExecutor.accessTestCaseMainPhase(TestSuiteExecutor.java:169)
	at com.kms.katalon.core.main.TestSuiteExecutor.accessTestSuiteMainPhase(TestSuiteExecutor.java:142)
	at com.kms.katalon.core.main.TestSuiteExecutor.execute(TestSuiteExecutor.java:91)
	at com.kms.katalon.core.main.TestCaseMain.startTestSuite(TestCaseMain.java:157)
	at com.kms.katalon.core.main.TestCaseMain$startTestSuite$0.call(Unknown Source)
	at TempTestSuite1576951344125.run(TempTestSuite1576951344125.groovy:36)
Caused by: com.kms.katalon.core.webui.exception.WebElementNotFoundException: Web element with id: 'Object Repository/Page_ChannelAddMember - FirstTeam Mattermost/button_Channel MembergiabeuuRemove Member' located by 'By.xpath: //button[@id='removeMember']' not found
	at com.kms.katalon.core.webui.common.WebUiCommonHelper.findWebElement(WebUiCommonHelper.java:1154)
	at com.kms.katalon.core.webui.keyword.internal.WebUIAbstractKeyword.findWebElement(WebUIAbstractKeyword.groovy:27)
	at com.kms.katalon.core.webui.keyword.internal.WebUIAbstractKeyword.findWebElement(WebUIAbstractKeyword.groovy:26)
	at com.kms.katalon.core.webui.keyword.builtin.ClickKeyword$_click_closure1.doCall(ClickKeyword.groovy:67)
	at com.kms.katalon.core.webui.keyword.builtin.ClickKeyword$_click_closure1.call(ClickKeyword.groovy)
	at com.kms.katalon.core.webui.keyword.internal.WebUIKeywordMain.runKeyword(WebUIKeywordMain.groovy:20)
	at com.kms.katalon.core.webui.keyword.builtin.ClickKeyword.click(ClickKeyword.groovy:102)
	at com.kms.katalon.core.webui.keyword.builtin.ClickKeyword.execute(ClickKeyword.groovy:43)
	at com.kms.katalon.core.keyword.internal.KeywordExecutor.executeKeywordForPlatform(KeywordExecutor.groovy:72)
	at com.kms.katalon.core.webui.keyword.WebUiBuiltInKeywords.click(WebUiBuiltInKeywords.groovy:616)
	at com.kms.katalon.core.webui.keyword.WebUiBuiltInKeywords$click$3.call(Unknown Source)
	at Script1576918576978.run(Script1576918576978.groovy:37)
	... 13 more
)

2019-12-22 01:10:14 - [MESSAGE][INFO] - Unable to find the element located by 'By.xpath: //button[@id='removeMember']'. Please recheck the objects properties to make sure the desired element is located. 

2019-12-22 01:10:14 - [MESSAGE][INFO] - [SMART_XPATH] Auto-trying out other XPath values in the test object.

2019-12-22 01:10:14 - [MESSAGE][INFO] - [SMART_XPATH] FAILED XPATH: '//button[@id='removeMember']'.

2019-12-22 01:10:14 - [MESSAGE][INFO] - [SMART_XPATH] FAILED XPATH: '(.//*[normalize-space(text()) and normalize-space(.)='giabeuu@gmail.com'])[1]/following::button[1]'.

2019-12-22 01:10:14 - [MESSAGE][INFO] - [SMART_XPATH] FAILED XPATH: '(.//*[normalize-space(text()) and normalize-space(.)='Nguyen Gia (GiaGia)'])[1]/following::button[1]'.

2019-12-22 01:10:14 - [MESSAGE][INFO] - [SMART_XPATH] FAILED XPATH: '//div[2]/div/div/div[2]/button'.

2019-12-22 01:10:14 - [MESSAGE][INFO] - [SMART_XPATH] No working XPath is found.

2019-12-22 01:10:14 - [MESSAGE][FAILED] - Unable to click on object 'Object Repository/Page_ChannelAddMember - FirstTeam Mattermost/button_Channel MembergiabeuuRemove Member' (Root cause: com.kms.katalon.core.exception.StepFailedException: Unable to click on object 'Object Repository/Page_ChannelAddMember - FirstTeam Mattermost/button_Channel MembergiabeuuRemove Member'
	at com.kms.katalon.core.webui.keyword.internal.WebUIKeywordMain.stepFailed(WebUIKeywordMain.groovy:64)
	at com.kms.katalon.core.webui.keyword.internal.WebUIKeywordMain.runKeyword(WebUIKeywordMain.groovy:26)
	at com.kms.katalon.core.webui.keyword.builtin.ClickKeyword.click(ClickKeyword.groovy:102)
	at com.kms.katalon.core.webui.keyword.builtin.ClickKeyword.execute(ClickKeyword.groovy:43)
	at com.kms.katalon.core.keyword.internal.KeywordExecutor.executeKeywordForPlatform(KeywordExecutor.groovy:72)
	at com.kms.katalon.core.webui.keyword.WebUiBuiltInKeywords.click(WebUiBuiltInKeywords.groovy:616)
	at com.kms.katalon.core.webui.keyword.WebUiBuiltInKeywords$click$3.call(Unknown Source)
	at TestCase17RemoveMemberFromChannel.run(TestCase17RemoveMemberFromChannel:37)
	at com.kms.katalon.core.main.ScriptEngine.run(ScriptEngine.java:194)
	at com.kms.katalon.core.main.ScriptEngine.runScriptAsRawText(ScriptEngine.java:119)
	at com.kms.katalon.core.main.TestCaseExecutor.runScript(TestCaseExecutor.java:337)
	at com.kms.katalon.core.main.TestCaseExecutor.doExecute(TestCaseExecutor.java:328)
	at com.kms.katalon.core.main.TestCaseExecutor.processExecutionPhase(TestCaseExecutor.java:307)
	at com.kms.katalon.core.main.TestCaseExecutor.accessMainPhase(TestCaseExecutor.java:299)
	at com.kms.katalon.core.main.TestCaseExecutor.execute(TestCaseExecutor.java:233)
	at com.kms.katalon.core.main.TestSuiteExecutor.accessTestCaseMainPhase(TestSuiteExecutor.java:169)
	at com.kms.katalon.core.main.TestSuiteExecutor.accessTestSuiteMainPhase(TestSuiteExecutor.java:142)
	at com.kms.katalon.core.main.TestSuiteExecutor.execute(TestSuiteExecutor.java:91)
	at com.kms.katalon.core.main.TestCaseMain.startTestSuite(TestCaseMain.java:157)
	at com.kms.katalon.core.main.TestCaseMain$startTestSuite$0.call(Unknown Source)
	at TempTestSuite1576951344125.run(TempTestSuite1576951344125.groovy:36)
Caused by: com.kms.katalon.core.webui.exception.WebElementNotFoundException: Web element with id: 'Object Repository/Page_ChannelAddMember - FirstTeam Mattermost/button_Channel MembergiabeuuRemove Member' located by 'By.xpath: //button[@id='removeMember']' not found
	at com.kms.katalon.core.webui.common.WebUiCommonHelper.findWebElement(WebUiCommonHelper.java:1154)
	at com.kms.katalon.core.webui.keyword.internal.WebUIAbstractKeyword.findWebElement(WebUIAbstractKeyword.groovy:27)
	at com.kms.katalon.core.webui.keyword.internal.WebUIAbstractKeyword.findWebElement(WebUIAbstractKeyword.groovy:26)
	at com.kms.katalon.core.webui.keyword.builtin.ClickKeyword$_click_closure1.doCall(ClickKeyword.groovy:67)
	at com.kms.katalon.core.webui.keyword.builtin.ClickKeyword$_click_closure1.call(ClickKeyword.groovy)
	at com.kms.katalon.core.webui.keyword.internal.WebUIKeywordMain.runKeyword(WebUIKeywordMain.groovy:20)
	at com.kms.katalon.core.webui.keyword.builtin.ClickKeyword.click(ClickKeyword.groovy:102)
	at com.kms.katalon.core.webui.keyword.builtin.ClickKeyword.execute(ClickKeyword.groovy:43)
	at com.kms.katalon.core.keyword.internal.KeywordExecutor.executeKeywordForPlatform(KeywordExecutor.groovy:72)
	at com.kms.katalon.core.webui.keyword.WebUiBuiltInKeywords.click(WebUiBuiltInKeywords.groovy:616)
	at com.kms.katalon.core.webui.keyword.WebUiBuiltInKeywords$click$3.call(Unknown Source)
	at Script1576918576978.run(Script1576918576978.groovy:37)
	... 13 more
)
[[ATTACHMENT|D:\\Learning\\School\\2019-2020-HK1\\CS300\\CS300AutomaticWebTesting\\Reports\\20191222_010224\\Run All Test Cases\\20191222_010224\\1576951814654.png]]]]></system-out>
         <system-err><![CDATA[2019-12-22 01:09:22 - [TEST_CASE][FAILED] - Test Cases/TestCase17RemoveMemberFromChannel: Test Cases/TestCase17RemoveMemberFromChannel FAILED.
Reason:
com.kms.katalon.core.exception.StepFailedException: Unable to click on object 'Object Repository/Page_ChannelAddMember - FirstTeam Mattermost/button_Channel MembergiabeuuRemove Member'
	at com.kms.katalon.core.webui.keyword.internal.WebUIKeywordMain.stepFailed(WebUIKeywordMain.groovy:64)
	at com.kms.katalon.core.webui.keyword.internal.WebUIKeywordMain.runKeyword(WebUIKeywordMain.groovy:26)
	at com.kms.katalon.core.webui.keyword.builtin.ClickKeyword.click(ClickKeyword.groovy:102)
	at com.kms.katalon.core.webui.keyword.builtin.ClickKeyword.execute(ClickKeyword.groovy:43)
	at com.kms.katalon.core.keyword.internal.KeywordExecutor.executeKeywordForPlatform(KeywordExecutor.groovy:72)
	at com.kms.katalon.core.webui.keyword.WebUiBuiltInKeywords.click(WebUiBuiltInKeywords.groovy:616)
	at com.kms.katalon.core.webui.keyword.WebUiBuiltInKeywords$click$3.call(Unknown Source)
	at TestCase17RemoveMemberFromChannel.run(TestCase17RemoveMemberFromChannel:37)
	at com.kms.katalon.core.main.ScriptEngine.run(ScriptEngine.java:194)
	at com.kms.katalon.core.main.ScriptEngine.runScriptAsRawText(ScriptEngine.java:119)
	at com.kms.katalon.core.main.TestCaseExecutor.runScript(TestCaseExecutor.java:337)
	at com.kms.katalon.core.main.TestCaseExecutor.doExecute(TestCaseExecutor.java:328)
	at com.kms.katalon.core.main.TestCaseExecutor.processExecutionPhase(TestCaseExecutor.java:307)
	at com.kms.katalon.core.main.TestCaseExecutor.accessMainPhase(TestCaseExecutor.java:299)
	at com.kms.katalon.core.main.TestCaseExecutor.execute(TestCaseExecutor.java:233)
	at com.kms.katalon.core.main.TestSuiteExecutor.accessTestCaseMainPhase(TestSuiteExecutor.java:169)
	at com.kms.katalon.core.main.TestSuiteExecutor.accessTestSuiteMainPhase(TestSuiteExecutor.java:142)
	at com.kms.katalon.core.main.TestSuiteExecutor.execute(TestSuiteExecutor.java:91)
	at com.kms.katalon.core.main.TestCaseMain.startTestSuite(TestCaseMain.java:157)
	at com.kms.katalon.core.main.TestCaseMain$startTestSuite$0.call(Unknown Source)
	at TempTestSuite1576951344125.run(TempTestSuite1576951344125.groovy:36)
Caused by: com.kms.katalon.core.webui.exception.WebElementNotFoundException: Web element with id: 'Object Repository/Page_ChannelAddMember - FirstTeam Mattermost/button_Channel MembergiabeuuRemove Member' located by 'By.xpath: //button[@id='removeMember']' not found
	at com.kms.katalon.core.webui.common.WebUiCommonHelper.findWebElement(WebUiCommonHelper.java:1154)
	at com.kms.katalon.core.webui.keyword.internal.WebUIAbstractKeyword.findWebElement(WebUIAbstractKeyword.groovy:27)
	at com.kms.katalon.core.webui.keyword.internal.WebUIAbstractKeyword.findWebElement(WebUIAbstractKeyword.groovy:26)
	at com.kms.katalon.core.webui.keyword.builtin.ClickKeyword$_click_closure1.doCall(ClickKeyword.groovy:67)
	at com.kms.katalon.core.webui.keyword.builtin.ClickKeyword$_click_closure1.call(ClickKeyword.groovy)
	at com.kms.katalon.core.webui.keyword.internal.WebUIKeywordMain.runKeyword(WebUIKeywordMain.groovy:20)
	... 19 more]]></system-err>
      </testcase>
      <testcase name="Test Cases/TestCase18CreatePrivateChannel" time="47.039" classname="Test Cases/TestCase18CreatePrivateChannel" status="PASSED">
         <system-out><![CDATA[2019-12-22 01:10:14 - [TEST_CASE][PASSED] - Test Cases/TestCase18CreatePrivateChannel: Test Cases/TestCase18CreatePrivateChannel

2019-12-22 01:10:15 - [TEST_STEP][PASSED] - openBrowser(""): Browser is opened with url: ''

2019-12-22 01:10:15 - [MESSAGE][WARNING] - A browser is already opened. Closing browser and opening a new one

2019-12-22 01:10:16 - [MESSAGE][INFO] - Starting 'Firefox (headless)' driver

2019-12-22 01:10:23 - [MESSAGE][PASSED] - Browser is opened with url: ''

2019-12-22 01:10:23 - [TEST_STEP][PASSED] - navigateToUrl("https://cs300testautomatic.herokuapp.com/"): Navigate to 'https://cs300testautomatic.herokuapp.com/' successfully

2019-12-22 01:10:39 - [MESSAGE][PASSED] - Navigate to 'https://cs300testautomatic.herokuapp.com/' successfully

2019-12-22 01:10:39 - [TEST_STEP][PASSED] - setText(findTestObject("Page_Mattermost/input_All team communication in one place s_703ef5 (3)"), "dhieu@apcs.vn"): Text 'dhieu@apcs.vn' is set on object 'Object Repository/Page_Mattermost/input_All team communication in one place s_703ef5 (3)'

2019-12-22 01:10:50 - [MESSAGE][PASSED] - Text 'dhieu@apcs.vn' is set on object 'Object Repository/Page_Mattermost/input_All team communication in one place s_703ef5 (3)'

2019-12-22 01:10:50 - [TEST_STEP][PASSED] - setEncryptedText(findTestObject("Page_Mattermost/input_All team communication in one place s_2f2733 (3)"), "iGDxf8hSRT4="): Text ****** has been set on object 'Object Repository/Page_Mattermost/input_All team communication in one place s_2f2733 (3)'

2019-12-22 01:10:51 - [MESSAGE][PASSED] - Text ****** has been set on object 'Object Repository/Page_Mattermost/input_All team communication in one place s_2f2733 (3)'

2019-12-22 01:10:51 - [TEST_STEP][PASSED] - click(findTestObject("Page_Mattermost/span_Sign in (1)")): Object: 'Object Repository/Page_Mattermost/span_Sign in (1)' is clicked on

2019-12-22 01:10:51 - [MESSAGE][PASSED] - Object: 'Object Repository/Page_Mattermost/span_Sign in (1)' is clicked on

2019-12-22 01:10:51 - [TEST_STEP][PASSED] - click(findTestObject("Page_Town Square - FirstTeam Mattermost/span_ (1)")): Object: 'Object Repository/Page_Town Square - FirstTeam Mattermost/span_ (1)' is clicked on

2019-12-22 01:10:59 - [MESSAGE][PASSED] - Object: 'Object Repository/Page_Town Square - FirstTeam Mattermost/span_ (1)' is clicked on

2019-12-22 01:10:59 - [TEST_STEP][PASSED] - setText(findTestObject("Page_Town Square - FirstTeam Mattermost/input_Name_newChannelName (1)"), "privateChannel"): Text 'privateChannel' is set on object 'Object Repository/Page_Town Square - FirstTeam Mattermost/input_Name_newChannelName (1)'

2019-12-22 01:10:59 - [MESSAGE][PASSED] - Text 'privateChannel' is set on object 'Object Repository/Page_Town Square - FirstTeam Mattermost/input_Name_newChannelName (1)'

2019-12-22 01:10:59 - [TEST_STEP][PASSED] - click(findTestObject("Page_Town Square - FirstTeam Mattermost/span_Create New Channel (1)")): Object: 'Object Repository/Page_Town Square - FirstTeam Mattermost/span_Create New Channel (1)' is clicked on

2019-12-22 01:11:00 - [MESSAGE][PASSED] - Object: 'Object Repository/Page_Town Square - FirstTeam Mattermost/span_Create New Channel (1)' is clicked on

2019-12-22 01:11:00 - [TEST_STEP][PASSED] - closeBrowser(): Browser is closed

2019-12-22 01:11:01 - [MESSAGE][PASSED] - Browser is closed]]></system-out>
         <system-err><![CDATA[]]></system-err>
      </testcase>
      <testcase name="Test Cases/TestCase19CreatePublicChannel" time="31.335" classname="Test Cases/TestCase19CreatePublicChannel" status="PASSED">
         <system-out><![CDATA[2019-12-22 01:11:01 - [TEST_CASE][PASSED] - Test Cases/TestCase19CreatePublicChannel: Test Cases/TestCase19CreatePublicChannel

2019-12-22 01:11:02 - [TEST_STEP][PASSED] - openBrowser(""): Browser is opened with url: ''

2019-12-22 01:11:02 - [MESSAGE][INFO] - Starting 'Firefox (headless)' driver

2019-12-22 01:11:10 - [MESSAGE][PASSED] - Browser is opened with url: ''

2019-12-22 01:11:10 - [TEST_STEP][PASSED] - navigateToUrl("https://cs300testautomatic.herokuapp.com/"): Navigate to 'https://cs300testautomatic.herokuapp.com/' successfully

2019-12-22 01:11:16 - [MESSAGE][PASSED] - Navigate to 'https://cs300testautomatic.herokuapp.com/' successfully

2019-12-22 01:11:16 - [TEST_STEP][PASSED] - setText(findTestObject("Page_Mattermost/input_All team communication in one place s_703ef5 (4)"), "dhieu@apcs.vn"): Text 'dhieu@apcs.vn' is set on object 'Object Repository/Page_Mattermost/input_All team communication in one place s_703ef5 (4)'

2019-12-22 01:11:21 - [MESSAGE][PASSED] - Text 'dhieu@apcs.vn' is set on object 'Object Repository/Page_Mattermost/input_All team communication in one place s_703ef5 (4)'

2019-12-22 01:11:21 - [TEST_STEP][PASSED] - setEncryptedText(findTestObject("Page_Mattermost/input_All team communication in one place s_2f2733 (4)"), "iGDxf8hSRT4="): Text ****** has been set on object 'Object Repository/Page_Mattermost/input_All team communication in one place s_2f2733 (4)'

2019-12-22 01:11:22 - [MESSAGE][PASSED] - Text ****** has been set on object 'Object Repository/Page_Mattermost/input_All team communication in one place s_2f2733 (4)'

2019-12-22 01:11:22 - [TEST_STEP][PASSED] - click(findTestObject("Page_Mattermost/span_Sign in (2)")): Object: 'Object Repository/Page_Mattermost/span_Sign in (2)' is clicked on

2019-12-22 01:11:22 - [MESSAGE][PASSED] - Object: 'Object Repository/Page_Mattermost/span_Sign in (2)' is clicked on

2019-12-22 01:11:22 - [TEST_STEP][PASSED] - click(findTestObject("Page_Town Square - FirstTeam Mattermost/span_ (2)")): Object: 'Object Repository/Page_Town Square - FirstTeam Mattermost/span_ (2)' is clicked on

2019-12-22 01:11:28 - [MESSAGE][PASSED] - Object: 'Object Repository/Page_Town Square - FirstTeam Mattermost/span_ (2)' is clicked on

2019-12-22 01:11:28 - [TEST_STEP][PASSED] - click(findTestObject("Page_Town Square - FirstTeam Mattermost/input_Type_channelType (1)")): Object: 'Object Repository/Page_Town Square - FirstTeam Mattermost/input_Type_channelType (1)' is clicked on

2019-12-22 01:11:28 - [MESSAGE][PASSED] - Object: 'Object Repository/Page_Town Square - FirstTeam Mattermost/input_Type_channelType (1)' is clicked on

2019-12-22 01:11:28 - [TEST_STEP][PASSED] - setText(findTestObject("Page_Town Square - FirstTeam Mattermost/input_Name_newChannelName"), "publicChannel"): Text 'publicChannel' is set on object 'Object Repository/Page_Town Square - FirstTeam Mattermost/input_Name_newChannelName'

2019-12-22 01:11:29 - [MESSAGE][PASSED] - Text 'publicChannel' is set on object 'Object Repository/Page_Town Square - FirstTeam Mattermost/input_Name_newChannelName'

2019-12-22 01:11:29 - [TEST_STEP][PASSED] - click(findTestObject("Page_Town Square - FirstTeam Mattermost/span_Edit (1)")): Object: 'Object Repository/Page_Town Square - FirstTeam Mattermost/span_Edit (1)' is clicked on

2019-12-22 01:11:29 - [MESSAGE][PASSED] - Object: 'Object Repository/Page_Town Square - FirstTeam Mattermost/span_Edit (1)' is clicked on

2019-12-22 01:11:29 - [TEST_STEP][PASSED] - click(findTestObject("Page_Town Square - FirstTeam Mattermost/span_Change Channel URL (1)")): Object: 'Object Repository/Page_Town Square - FirstTeam Mattermost/span_Change Channel URL (1)' is clicked on

2019-12-22 01:11:30 - [MESSAGE][PASSED] - Object: 'Object Repository/Page_Town Square - FirstTeam Mattermost/span_Change Channel URL (1)' is clicked on

2019-12-22 01:11:30 - [TEST_STEP][PASSED] - click(findTestObject("Page_Town Square - FirstTeam Mattermost/span_Create New Channel (2)")): Object: 'Object Repository/Page_Town Square - FirstTeam Mattermost/span_Create New Channel (2)' is clicked on

2019-12-22 01:11:30 - [MESSAGE][PASSED] - Object: 'Object Repository/Page_Town Square - FirstTeam Mattermost/span_Create New Channel (2)' is clicked on

2019-12-22 01:11:30 - [TEST_STEP][PASSED] - closeBrowser(): Browser is closed

2019-12-22 01:11:33 - [MESSAGE][PASSED] - Browser is closed]]></system-out>
         <system-err><![CDATA[]]></system-err>
      </testcase>
      <testcase name="Test Cases/TestCase20LeaveChannel" time="28.664" classname="Test Cases/TestCase20LeaveChannel" status="PASSED">
         <system-out><![CDATA[2019-12-22 01:11:33 - [TEST_CASE][PASSED] - Test Cases/TestCase20LeaveChannel: Test Cases/TestCase20LeaveChannel

2019-12-22 01:11:33 - [TEST_STEP][PASSED] - openBrowser(""): Browser is opened with url: ''

2019-12-22 01:11:33 - [MESSAGE][INFO] - Starting 'Firefox (headless)' driver

2019-12-22 01:11:41 - [MESSAGE][PASSED] - Browser is opened with url: ''

2019-12-22 01:11:41 - [TEST_STEP][PASSED] - navigateToUrl("https://cs300testautomatic.herokuapp.com/"): Navigate to 'https://cs300testautomatic.herokuapp.com/' successfully

2019-12-22 01:11:46 - [MESSAGE][PASSED] - Navigate to 'https://cs300testautomatic.herokuapp.com/' successfully

2019-12-22 01:11:46 - [TEST_STEP][PASSED] - setText(findTestObject("Page_Mattermost/input_All team communication in one place s_703ef5"), "dhieu@apcs.vn"): Text 'dhieu@apcs.vn' is set on object 'Object Repository/Page_Mattermost/input_All team communication in one place s_703ef5'

2019-12-22 01:11:51 - [MESSAGE][PASSED] - Text 'dhieu@apcs.vn' is set on object 'Object Repository/Page_Mattermost/input_All team communication in one place s_703ef5'

2019-12-22 01:11:51 - [TEST_STEP][PASSED] - setEncryptedText(findTestObject("Page_Mattermost/input_All team communication in one place s_2f2733"), "iGDxf8hSRT4="): Text ****** has been set on object 'Object Repository/Page_Mattermost/input_All team communication in one place s_2f2733'

2019-12-22 01:11:51 - [MESSAGE][PASSED] - Text ****** has been set on object 'Object Repository/Page_Mattermost/input_All team communication in one place s_2f2733'

2019-12-22 01:11:51 - [TEST_STEP][PASSED] - click(findTestObject("Page_Mattermost/span_Sign in")): Object: 'Object Repository/Page_Mattermost/span_Sign in' is clicked on

2019-12-22 01:11:52 - [MESSAGE][PASSED] - Object: 'Object Repository/Page_Mattermost/span_Sign in' is clicked on

2019-12-22 01:11:52 - [TEST_STEP][PASSED] - click(findTestObject("Object Repository/Page_Town Square - FirstTeam Mattermost/span_Channel3")): Object: 'Object Repository/Page_Town Square - FirstTeam Mattermost/span_Channel3' is clicked on

2019-12-22 01:11:57 - [MESSAGE][PASSED] - Object: 'Object Repository/Page_Town Square - FirstTeam Mattermost/span_Channel3' is clicked on

2019-12-22 01:11:57 - [TEST_STEP][PASSED] - click(findTestObject("Object Repository/Page_Channel3 - FirstTeam Mattermost/span_Channel3_channelHeaderDropdownIcon")): Object: 'Object Repository/Page_Channel3 - FirstTeam Mattermost/span_Channel3_channelHeaderDropdownIcon' is clicked on

2019-12-22 01:11:58 - [MESSAGE][PASSED] - Object: 'Object Repository/Page_Channel3 - FirstTeam Mattermost/span_Channel3_channelHeaderDropdownIcon' is clicked on

2019-12-22 01:11:58 - [TEST_STEP][PASSED] - click(findTestObject("Object Repository/Page_Channel3 - FirstTeam Mattermost/button_Leave Channel")): Object: 'Object Repository/Page_Channel3 - FirstTeam Mattermost/button_Leave Channel' is clicked on

2019-12-22 01:11:59 - [MESSAGE][PASSED] - Object: 'Object Repository/Page_Channel3 - FirstTeam Mattermost/button_Leave Channel' is clicked on

2019-12-22 01:11:59 - [TEST_STEP][PASSED] - closeBrowser(): Browser is closed

2019-12-22 01:12:01 - [MESSAGE][PASSED] - Browser is closed]]></system-out>
         <system-err><![CDATA[]]></system-err>
      </testcase>
      <testcase name="Test Cases/TestCase20RegisterNewAccount" time="51.746" classname="Test Cases/TestCase20RegisterNewAccount" status="PASSED">
         <system-out><![CDATA[2019-12-22 01:12:01 - [TEST_CASE][PASSED] - Test Cases/TestCase20RegisterNewAccount: Test Cases/TestCase20RegisterNewAccount

2019-12-22 01:12:02 - [TEST_STEP][PASSED] - openBrowser(""): Browser is opened with url: ''

2019-12-22 01:12:02 - [MESSAGE][INFO] - Starting 'Firefox (headless)' driver

2019-12-22 01:12:07 - [MESSAGE][PASSED] - Browser is opened with url: ''

2019-12-22 01:12:07 - [TEST_STEP][PASSED] - navigateToUrl("https://cs300testautomatic.herokuapp.com/"): Navigate to 'https://cs300testautomatic.herokuapp.com/' successfully

2019-12-22 01:12:13 - [MESSAGE][PASSED] - Navigate to 'https://cs300testautomatic.herokuapp.com/' successfully

2019-12-22 01:12:13 - [TEST_STEP][PASSED] - click(findTestObject("Page_Mattermost/span_Create one now (2)")): Object: 'Object Repository/Page_Mattermost/span_Create one now (2)' is clicked on

2019-12-22 01:12:18 - [MESSAGE][PASSED] - Object: 'Object Repository/Page_Mattermost/span_Create one now (2)' is clicked on

2019-12-22 01:12:18 - [TEST_STEP][PASSED] - setText(findTestObject("Page_Mattermost/input_Choose your username_name (2)"), "mymymymymymymym"): Text 'mymymymymymymym' is set on object 'Object Repository/Page_Mattermost/input_Choose your username_name (2)'

2019-12-22 01:12:18 - [MESSAGE][PASSED] - Text 'mymymymymymymym' is set on object 'Object Repository/Page_Mattermost/input_Choose your username_name (2)'

2019-12-22 01:12:18 - [TEST_STEP][PASSED] - setText(findTestObject("Page_Mattermost/input_concat(What  s your email address)_email (2)"), "mymymy@mymymy.com"): Text 'mymymy@mymymy.com' is set on object 'Object Repository/Page_Mattermost/input_concat(What  s your email address)_email (2)'

2019-12-22 01:12:50 - [MESSAGE][INFO] - Unable to find the element located by 'By.xpath: '. Please recheck the objects properties to make sure the desired element is located. 

2019-12-22 01:12:50 - [MESSAGE][INFO] - [SMART_XPATH] Auto-trying out other XPath values in the test object.

2019-12-22 01:12:50 - [MESSAGE][INFO] - [SMART_XPATH] WORKING XPATH: '//input[@id='email']'.

2019-12-22 01:12:50 - [MESSAGE][INFO] - [SMART_XPATH] Screenshot: D:/Learning/School/2019-2020-HK1/CS300/CS300AutomaticWebTesting/Reports/smart_xpath/Object Repository/Page_Mattermost/input_concat(What  s your email address)_email (2)_attributes.png

2019-12-22 01:12:50 - [MESSAGE][INFO] - [SMART_XPATH] WORKING XPATH: '//input'.

2019-12-22 01:12:50 - [MESSAGE][INFO] - [SMART_XPATH] Screenshot: D:/Learning/School/2019-2020-HK1/CS300/CS300AutomaticWebTesting/Reports/smart_xpath/Object Repository/Page_Mattermost/input_concat(What  s your email address)_email (2)_position.png

2019-12-22 01:12:50 - [MESSAGE][ERROR] - [SMART_XPATH] D:\Learning\School\2019-2020-HK1\CS300\CS300AutomaticWebTesting\Reports\smart_xpath\waiting-for-approval.json (The system cannot find the file specified)

2019-12-22 01:12:50 - [MESSAGE][ERROR] - [SMART_XPATH] D:/Learning/School/2019-2020-HK1/CS300/CS300AutomaticWebTesting/Reports/smart_xpath/waiting-for-approval.json does not exist or is provided by Smart XPath Plugin!

2019-12-22 01:12:50 - [MESSAGE][INFO] - [SMART_XPATH] Selected Smart XPath: '//input[@id='email']'.

2019-12-22 01:12:50 - [MESSAGE][INFO] - [SMART_XPATH] Continuing executing the test case!

2019-12-22 01:12:50 - [MESSAGE][PASSED] - Text 'mymymy@mymymy.com' is set on object 'Object Repository/Page_Mattermost/input_concat(What  s your email address)_email (2)'

2019-12-22 01:12:50 - [TEST_STEP][PASSED] - setEncryptedText(findTestObject("Page_Mattermost/input_Choose your password_password (2)"), "iGDxf8hSRT4="): Text ****** has been set on object 'Object Repository/Page_Mattermost/input_Choose your password_password (2)'

2019-12-22 01:12:50 - [MESSAGE][PASSED] - Text ****** has been set on object 'Object Repository/Page_Mattermost/input_Choose your password_password (2)'

2019-12-22 01:12:50 - [TEST_STEP][PASSED] - click(findTestObject("Page_Mattermost/button_Create Account (1)")): Object: 'Object Repository/Page_Mattermost/button_Create Account (1)' is clicked on

2019-12-22 01:12:51 - [MESSAGE][PASSED] - Object: 'Object Repository/Page_Mattermost/button_Create Account (1)' is clicked on

2019-12-22 01:12:51 - [TEST_STEP][PASSED] - closeBrowser(): Browser is closed

2019-12-22 01:12:53 - [MESSAGE][PASSED] - Browser is closed]]></system-out>
         <system-err><![CDATA[]]></system-err>
      </testcase>
      <testcase name="Test Cases/TestCase20RegisterNewAccount" time="47.803" classname="Test Cases/TestCase20RegisterNewAccount" status="PASSED">
         <system-out><![CDATA[2019-12-22 01:12:53 - [TEST_CASE][PASSED] - Test Cases/TestCase20RegisterNewAccount: Test Cases/TestCase20RegisterNewAccount

2019-12-22 01:12:53 - [TEST_STEP][PASSED] - openBrowser(""): Browser is opened with url: ''

2019-12-22 01:12:53 - [MESSAGE][INFO] - Starting 'Firefox (headless)' driver

2019-12-22 01:12:59 - [MESSAGE][PASSED] - Browser is opened with url: ''

2019-12-22 01:12:59 - [TEST_STEP][PASSED] - navigateToUrl("https://cs300testautomatic.herokuapp.com/"): Navigate to 'https://cs300testautomatic.herokuapp.com/' successfully

2019-12-22 01:13:04 - [MESSAGE][PASSED] - Navigate to 'https://cs300testautomatic.herokuapp.com/' successfully

2019-12-22 01:13:04 - [TEST_STEP][PASSED] - click(findTestObject("Page_Mattermost/span_Create one now (2)")): Object: 'Object Repository/Page_Mattermost/span_Create one now (2)' is clicked on

2019-12-22 01:13:08 - [MESSAGE][PASSED] - Object: 'Object Repository/Page_Mattermost/span_Create one now (2)' is clicked on

2019-12-22 01:13:08 - [TEST_STEP][PASSED] - setText(findTestObject("Page_Mattermost/input_Choose your username_name (2)"), "mymymymymymymym"): Text 'mymymymymymymym' is set on object 'Object Repository/Page_Mattermost/input_Choose your username_name (2)'

2019-12-22 01:13:08 - [MESSAGE][PASSED] - Text 'mymymymymymymym' is set on object 'Object Repository/Page_Mattermost/input_Choose your username_name (2)'

2019-12-22 01:13:08 - [TEST_STEP][PASSED] - setText(findTestObject("Page_Mattermost/input_concat(What  s your email address)_email (2)"), "mymymy@mymymy.com"): Text 'mymymy@mymymy.com' is set on object 'Object Repository/Page_Mattermost/input_concat(What  s your email address)_email (2)'

2019-12-22 01:13:39 - [MESSAGE][INFO] - Unable to find the element located by 'By.xpath: '. Please recheck the objects properties to make sure the desired element is located. 

2019-12-22 01:13:39 - [MESSAGE][INFO] - [SMART_XPATH] Auto-trying out other XPath values in the test object.

2019-12-22 01:13:39 - [MESSAGE][INFO] - [SMART_XPATH] WORKING XPATH: '//input[@id='email']'.

2019-12-22 01:13:39 - [MESSAGE][INFO] - [SMART_XPATH] Screenshot: D:/Learning/School/2019-2020-HK1/CS300/CS300AutomaticWebTesting/Reports/smart_xpath/Object Repository/Page_Mattermost/input_concat(What  s your email address)_email (2)_attributes.png

2019-12-22 01:13:39 - [MESSAGE][INFO] - [SMART_XPATH] WORKING XPATH: '//input'.

2019-12-22 01:13:39 - [MESSAGE][INFO] - [SMART_XPATH] Screenshot: D:/Learning/School/2019-2020-HK1/CS300/CS300AutomaticWebTesting/Reports/smart_xpath/Object Repository/Page_Mattermost/input_concat(What  s your email address)_email (2)_position.png

2019-12-22 01:13:39 - [MESSAGE][ERROR] - [SMART_XPATH] D:\Learning\School\2019-2020-HK1\CS300\CS300AutomaticWebTesting\Reports\smart_xpath\waiting-for-approval.json (The system cannot find the file specified)

2019-12-22 01:13:39 - [MESSAGE][ERROR] - [SMART_XPATH] D:/Learning/School/2019-2020-HK1/CS300/CS300AutomaticWebTesting/Reports/smart_xpath/waiting-for-approval.json does not exist or is provided by Smart XPath Plugin!

2019-12-22 01:13:39 - [MESSAGE][INFO] - [SMART_XPATH] Selected Smart XPath: '//input[@id='email']'.

2019-12-22 01:13:39 - [MESSAGE][INFO] - [SMART_XPATH] Continuing executing the test case!

2019-12-22 01:13:40 - [MESSAGE][PASSED] - Text 'mymymy@mymymy.com' is set on object 'Object Repository/Page_Mattermost/input_concat(What  s your email address)_email (2)'

2019-12-22 01:13:40 - [TEST_STEP][PASSED] - setEncryptedText(findTestObject("Page_Mattermost/input_Choose your password_password (2)"), "iGDxf8hSRT4="): Text ****** has been set on object 'Object Repository/Page_Mattermost/input_Choose your password_password (2)'

2019-12-22 01:13:40 - [MESSAGE][PASSED] - Text ****** has been set on object 'Object Repository/Page_Mattermost/input_Choose your password_password (2)'

2019-12-22 01:13:40 - [TEST_STEP][PASSED] - click(findTestObject("Page_Mattermost/button_Create Account (1)")): Object: 'Object Repository/Page_Mattermost/button_Create Account (1)' is clicked on

2019-12-22 01:13:40 - [MESSAGE][PASSED] - Object: 'Object Repository/Page_Mattermost/button_Create Account (1)' is clicked on

2019-12-22 01:13:40 - [TEST_STEP][PASSED] - closeBrowser(): Browser is closed

2019-12-22 01:13:41 - [MESSAGE][PASSED] - Browser is closed]]></system-out>
         <system-err><![CDATA[]]></system-err>
      </testcase>
      <testcase name="Test Cases/TestCase20RegisterNewAccount" time="47.381" classname="Test Cases/TestCase20RegisterNewAccount" status="PASSED">
         <system-out><![CDATA[2019-12-22 01:13:41 - [TEST_CASE][PASSED] - Test Cases/TestCase20RegisterNewAccount: Test Cases/TestCase20RegisterNewAccount

2019-12-22 01:13:41 - [TEST_STEP][PASSED] - openBrowser(""): Browser is opened with url: ''

2019-12-22 01:13:41 - [MESSAGE][INFO] - Starting 'Firefox (headless)' driver

2019-12-22 01:13:44 - [MESSAGE][PASSED] - Browser is opened with url: ''

2019-12-22 01:13:44 - [TEST_STEP][PASSED] - navigateToUrl("https://cs300testautomatic.herokuapp.com/"): Navigate to 'https://cs300testautomatic.herokuapp.com/' successfully

2019-12-22 01:13:50 - [MESSAGE][PASSED] - Navigate to 'https://cs300testautomatic.herokuapp.com/' successfully

2019-12-22 01:13:50 - [TEST_STEP][PASSED] - click(findTestObject("Page_Mattermost/span_Create one now (2)")): Object: 'Object Repository/Page_Mattermost/span_Create one now (2)' is clicked on

2019-12-22 01:13:54 - [MESSAGE][PASSED] - Object: 'Object Repository/Page_Mattermost/span_Create one now (2)' is clicked on

2019-12-22 01:13:54 - [TEST_STEP][PASSED] - setText(findTestObject("Page_Mattermost/input_Choose your username_name (2)"), "mymymymymymymym"): Text 'mymymymymymymym' is set on object 'Object Repository/Page_Mattermost/input_Choose your username_name (2)'

2019-12-22 01:13:55 - [MESSAGE][PASSED] - Text 'mymymymymymymym' is set on object 'Object Repository/Page_Mattermost/input_Choose your username_name (2)'

2019-12-22 01:13:55 - [TEST_STEP][PASSED] - setText(findTestObject("Page_Mattermost/input_concat(What  s your email address)_email (2)"), "mymymy@mymymy.com"): Text 'mymymy@mymymy.com' is set on object 'Object Repository/Page_Mattermost/input_concat(What  s your email address)_email (2)'

2019-12-22 01:14:26 - [MESSAGE][INFO] - Unable to find the element located by 'By.xpath: '. Please recheck the objects properties to make sure the desired element is located. 

2019-12-22 01:14:26 - [MESSAGE][INFO] - [SMART_XPATH] Auto-trying out other XPath values in the test object.

2019-12-22 01:14:26 - [MESSAGE][INFO] - [SMART_XPATH] WORKING XPATH: '//input[@id='email']'.

2019-12-22 01:14:26 - [MESSAGE][INFO] - [SMART_XPATH] Screenshot: D:/Learning/School/2019-2020-HK1/CS300/CS300AutomaticWebTesting/Reports/smart_xpath/Object Repository/Page_Mattermost/input_concat(What  s your email address)_email (2)_attributes.png

2019-12-22 01:14:26 - [MESSAGE][INFO] - [SMART_XPATH] WORKING XPATH: '//input'.

2019-12-22 01:14:26 - [MESSAGE][INFO] - [SMART_XPATH] Screenshot: D:/Learning/School/2019-2020-HK1/CS300/CS300AutomaticWebTesting/Reports/smart_xpath/Object Repository/Page_Mattermost/input_concat(What  s your email address)_email (2)_position.png

2019-12-22 01:14:26 - [MESSAGE][ERROR] - [SMART_XPATH] D:\Learning\School\2019-2020-HK1\CS300\CS300AutomaticWebTesting\Reports\smart_xpath\waiting-for-approval.json (The system cannot find the file specified)

2019-12-22 01:14:26 - [MESSAGE][ERROR] - [SMART_XPATH] D:/Learning/School/2019-2020-HK1/CS300/CS300AutomaticWebTesting/Reports/smart_xpath/waiting-for-approval.json does not exist or is provided by Smart XPath Plugin!

2019-12-22 01:14:26 - [MESSAGE][INFO] - [SMART_XPATH] Selected Smart XPath: '//input[@id='email']'.

2019-12-22 01:14:26 - [MESSAGE][INFO] - [SMART_XPATH] Continuing executing the test case!

2019-12-22 01:14:26 - [MESSAGE][PASSED] - Text 'mymymy@mymymy.com' is set on object 'Object Repository/Page_Mattermost/input_concat(What  s your email address)_email (2)'

2019-12-22 01:14:26 - [TEST_STEP][PASSED] - setEncryptedText(findTestObject("Page_Mattermost/input_Choose your password_password (2)"), "iGDxf8hSRT4="): Text ****** has been set on object 'Object Repository/Page_Mattermost/input_Choose your password_password (2)'

2019-12-22 01:14:27 - [MESSAGE][PASSED] - Text ****** has been set on object 'Object Repository/Page_Mattermost/input_Choose your password_password (2)'

2019-12-22 01:14:27 - [TEST_STEP][PASSED] - click(findTestObject("Page_Mattermost/button_Create Account (1)")): Object: 'Object Repository/Page_Mattermost/button_Create Account (1)' is clicked on

2019-12-22 01:14:27 - [MESSAGE][PASSED] - Object: 'Object Repository/Page_Mattermost/button_Create Account (1)' is clicked on

2019-12-22 01:14:27 - [TEST_STEP][PASSED] - closeBrowser(): Browser is closed

2019-12-22 01:14:28 - [MESSAGE][PASSED] - Browser is closed]]></system-out>
         <system-err><![CDATA[]]></system-err>
      </testcase>
      <testcase name="Test Cases/TestCase20RegisterNewAccount" time="48.774" classname="Test Cases/TestCase20RegisterNewAccount" status="PASSED">
         <system-out><![CDATA[2019-12-22 01:14:28 - [TEST_CASE][PASSED] - Test Cases/TestCase20RegisterNewAccount: Test Cases/TestCase20RegisterNewAccount

2019-12-22 01:14:28 - [TEST_STEP][PASSED] - openBrowser(""): Browser is opened with url: ''

2019-12-22 01:14:29 - [MESSAGE][INFO] - Starting 'Firefox (headless)' driver

2019-12-22 01:14:33 - [MESSAGE][PASSED] - Browser is opened with url: ''

2019-12-22 01:14:33 - [TEST_STEP][PASSED] - navigateToUrl("https://cs300testautomatic.herokuapp.com/"): Navigate to 'https://cs300testautomatic.herokuapp.com/' successfully

2019-12-22 01:14:38 - [MESSAGE][PASSED] - Navigate to 'https://cs300testautomatic.herokuapp.com/' successfully

2019-12-22 01:14:38 - [TEST_STEP][PASSED] - click(findTestObject("Page_Mattermost/span_Create one now (2)")): Object: 'Object Repository/Page_Mattermost/span_Create one now (2)' is clicked on

2019-12-22 01:14:43 - [MESSAGE][PASSED] - Object: 'Object Repository/Page_Mattermost/span_Create one now (2)' is clicked on

2019-12-22 01:14:43 - [TEST_STEP][PASSED] - setText(findTestObject("Page_Mattermost/input_Choose your username_name (2)"), "mymymymymymymym"): Text 'mymymymymymymym' is set on object 'Object Repository/Page_Mattermost/input_Choose your username_name (2)'

2019-12-22 01:14:43 - [MESSAGE][PASSED] - Text 'mymymymymymymym' is set on object 'Object Repository/Page_Mattermost/input_Choose your username_name (2)'

2019-12-22 01:14:43 - [TEST_STEP][PASSED] - setText(findTestObject("Page_Mattermost/input_concat(What  s your email address)_email (2)"), "mymymy@mymymy.com"): Text 'mymymy@mymymy.com' is set on object 'Object Repository/Page_Mattermost/input_concat(What  s your email address)_email (2)'

2019-12-22 01:15:14 - [MESSAGE][INFO] - Unable to find the element located by 'By.xpath: '. Please recheck the objects properties to make sure the desired element is located. 

2019-12-22 01:15:14 - [MESSAGE][INFO] - [SMART_XPATH] Auto-trying out other XPath values in the test object.

2019-12-22 01:15:14 - [MESSAGE][INFO] - [SMART_XPATH] WORKING XPATH: '//input[@id='email']'.

2019-12-22 01:15:15 - [MESSAGE][INFO] - [SMART_XPATH] Screenshot: D:/Learning/School/2019-2020-HK1/CS300/CS300AutomaticWebTesting/Reports/smart_xpath/Object Repository/Page_Mattermost/input_concat(What  s your email address)_email (2)_attributes.png

2019-12-22 01:15:15 - [MESSAGE][INFO] - [SMART_XPATH] WORKING XPATH: '//input'.

2019-12-22 01:15:15 - [MESSAGE][INFO] - [SMART_XPATH] Screenshot: D:/Learning/School/2019-2020-HK1/CS300/CS300AutomaticWebTesting/Reports/smart_xpath/Object Repository/Page_Mattermost/input_concat(What  s your email address)_email (2)_position.png

2019-12-22 01:15:15 - [MESSAGE][ERROR] - [SMART_XPATH] D:\Learning\School\2019-2020-HK1\CS300\CS300AutomaticWebTesting\Reports\smart_xpath\waiting-for-approval.json (The system cannot find the file specified)

2019-12-22 01:15:15 - [MESSAGE][ERROR] - [SMART_XPATH] D:/Learning/School/2019-2020-HK1/CS300/CS300AutomaticWebTesting/Reports/smart_xpath/waiting-for-approval.json does not exist or is provided by Smart XPath Plugin!

2019-12-22 01:15:15 - [MESSAGE][INFO] - [SMART_XPATH] Selected Smart XPath: '//input[@id='email']'.

2019-12-22 01:15:15 - [MESSAGE][INFO] - [SMART_XPATH] Continuing executing the test case!

2019-12-22 01:15:15 - [MESSAGE][PASSED] - Text 'mymymy@mymymy.com' is set on object 'Object Repository/Page_Mattermost/input_concat(What  s your email address)_email (2)'

2019-12-22 01:15:15 - [TEST_STEP][PASSED] - setEncryptedText(findTestObject("Page_Mattermost/input_Choose your password_password (2)"), "iGDxf8hSRT4="): Text ****** has been set on object 'Object Repository/Page_Mattermost/input_Choose your password_password (2)'

2019-12-22 01:15:15 - [MESSAGE][PASSED] - Text ****** has been set on object 'Object Repository/Page_Mattermost/input_Choose your password_password (2)'

2019-12-22 01:15:15 - [TEST_STEP][PASSED] - click(findTestObject("Page_Mattermost/button_Create Account (1)")): Object: 'Object Repository/Page_Mattermost/button_Create Account (1)' is clicked on

2019-12-22 01:15:15 - [MESSAGE][PASSED] - Object: 'Object Repository/Page_Mattermost/button_Create Account (1)' is clicked on

2019-12-22 01:15:15 - [TEST_STEP][PASSED] - closeBrowser(): Browser is closed

2019-12-22 01:15:17 - [MESSAGE][PASSED] - Browser is closed]]></system-out>
         <system-err><![CDATA[]]></system-err>
      </testcase>
      <testcase name="Test Cases/TestCase20RegisterNewAccount" time="49.114" classname="Test Cases/TestCase20RegisterNewAccount" status="PASSED">
         <system-out><![CDATA[2019-12-22 01:15:17 - [TEST_CASE][PASSED] - Test Cases/TestCase20RegisterNewAccount: Test Cases/TestCase20RegisterNewAccount

2019-12-22 01:15:17 - [TEST_STEP][PASSED] - openBrowser(""): Browser is opened with url: ''

2019-12-22 01:15:17 - [MESSAGE][INFO] - Starting 'Firefox (headless)' driver

2019-12-22 01:15:22 - [MESSAGE][PASSED] - Browser is opened with url: ''

2019-12-22 01:15:22 - [TEST_STEP][PASSED] - navigateToUrl("https://cs300testautomatic.herokuapp.com/"): Navigate to 'https://cs300testautomatic.herokuapp.com/' successfully

2019-12-22 01:15:27 - [MESSAGE][PASSED] - Navigate to 'https://cs300testautomatic.herokuapp.com/' successfully

2019-12-22 01:15:27 - [TEST_STEP][PASSED] - click(findTestObject("Page_Mattermost/span_Create one now (2)")): Object: 'Object Repository/Page_Mattermost/span_Create one now (2)' is clicked on

2019-12-22 01:15:32 - [MESSAGE][PASSED] - Object: 'Object Repository/Page_Mattermost/span_Create one now (2)' is clicked on

2019-12-22 01:15:32 - [TEST_STEP][PASSED] - setText(findTestObject("Page_Mattermost/input_Choose your username_name (2)"), "mymymymymymymym"): Text 'mymymymymymymym' is set on object 'Object Repository/Page_Mattermost/input_Choose your username_name (2)'

2019-12-22 01:15:32 - [MESSAGE][PASSED] - Text 'mymymymymymymym' is set on object 'Object Repository/Page_Mattermost/input_Choose your username_name (2)'

2019-12-22 01:15:32 - [TEST_STEP][PASSED] - setText(findTestObject("Page_Mattermost/input_concat(What  s your email address)_email (2)"), "mymymy@mymymy.com"): Text 'mymymy@mymymy.com' is set on object 'Object Repository/Page_Mattermost/input_concat(What  s your email address)_email (2)'

2019-12-22 01:16:03 - [MESSAGE][INFO] - Unable to find the element located by 'By.xpath: '. Please recheck the objects properties to make sure the desired element is located. 

2019-12-22 01:16:03 - [MESSAGE][INFO] - [SMART_XPATH] Auto-trying out other XPath values in the test object.

2019-12-22 01:16:03 - [MESSAGE][INFO] - [SMART_XPATH] WORKING XPATH: '//input[@id='email']'.

2019-12-22 01:16:04 - [MESSAGE][INFO] - [SMART_XPATH] Screenshot: D:/Learning/School/2019-2020-HK1/CS300/CS300AutomaticWebTesting/Reports/smart_xpath/Object Repository/Page_Mattermost/input_concat(What  s your email address)_email (2)_attributes.png

2019-12-22 01:16:04 - [MESSAGE][INFO] - [SMART_XPATH] WORKING XPATH: '//input'.

2019-12-22 01:16:04 - [MESSAGE][INFO] - [SMART_XPATH] Screenshot: D:/Learning/School/2019-2020-HK1/CS300/CS300AutomaticWebTesting/Reports/smart_xpath/Object Repository/Page_Mattermost/input_concat(What  s your email address)_email (2)_position.png

2019-12-22 01:16:04 - [MESSAGE][ERROR] - [SMART_XPATH] D:\Learning\School\2019-2020-HK1\CS300\CS300AutomaticWebTesting\Reports\smart_xpath\waiting-for-approval.json (The system cannot find the file specified)

2019-12-22 01:16:04 - [MESSAGE][ERROR] - [SMART_XPATH] D:/Learning/School/2019-2020-HK1/CS300/CS300AutomaticWebTesting/Reports/smart_xpath/waiting-for-approval.json does not exist or is provided by Smart XPath Plugin!

2019-12-22 01:16:04 - [MESSAGE][INFO] - [SMART_XPATH] Selected Smart XPath: '//input[@id='email']'.

2019-12-22 01:16:04 - [MESSAGE][INFO] - [SMART_XPATH] Continuing executing the test case!

2019-12-22 01:16:04 - [MESSAGE][PASSED] - Text 'mymymy@mymymy.com' is set on object 'Object Repository/Page_Mattermost/input_concat(What  s your email address)_email (2)'

2019-12-22 01:16:04 - [TEST_STEP][PASSED] - setEncryptedText(findTestObject("Page_Mattermost/input_Choose your password_password (2)"), "iGDxf8hSRT4="): Text ****** has been set on object 'Object Repository/Page_Mattermost/input_Choose your password_password (2)'

2019-12-22 01:16:04 - [MESSAGE][PASSED] - Text ****** has been set on object 'Object Repository/Page_Mattermost/input_Choose your password_password (2)'

2019-12-22 01:16:04 - [TEST_STEP][PASSED] - click(findTestObject("Page_Mattermost/button_Create Account (1)")): Object: 'Object Repository/Page_Mattermost/button_Create Account (1)' is clicked on

2019-12-22 01:16:04 - [MESSAGE][PASSED] - Object: 'Object Repository/Page_Mattermost/button_Create Account (1)' is clicked on

2019-12-22 01:16:04 - [TEST_STEP][PASSED] - closeBrowser(): Browser is closed

2019-12-22 01:16:06 - [MESSAGE][PASSED] - Browser is closed]]></system-out>
         <system-err><![CDATA[]]></system-err>
      </testcase>
      <testcase name="Test Cases/TestCase20RegisterNewAccount" time="51.962" classname="Test Cases/TestCase20RegisterNewAccount" status="PASSED">
         <system-out><![CDATA[2019-12-22 01:16:06 - [TEST_CASE][PASSED] - Test Cases/TestCase20RegisterNewAccount: Test Cases/TestCase20RegisterNewAccount

2019-12-22 01:16:06 - [TEST_STEP][PASSED] - openBrowser(""): Browser is opened with url: ''

2019-12-22 01:16:06 - [MESSAGE][INFO] - Starting 'Firefox (headless)' driver

2019-12-22 01:16:11 - [MESSAGE][PASSED] - Browser is opened with url: ''

2019-12-22 01:16:11 - [TEST_STEP][PASSED] - navigateToUrl("https://cs300testautomatic.herokuapp.com/"): Navigate to 'https://cs300testautomatic.herokuapp.com/' successfully

2019-12-22 01:16:16 - [MESSAGE][PASSED] - Navigate to 'https://cs300testautomatic.herokuapp.com/' successfully

2019-12-22 01:16:16 - [TEST_STEP][PASSED] - click(findTestObject("Page_Mattermost/span_Create one now (2)")): Object: 'Object Repository/Page_Mattermost/span_Create one now (2)' is clicked on

2019-12-22 01:16:24 - [MESSAGE][PASSED] - Object: 'Object Repository/Page_Mattermost/span_Create one now (2)' is clicked on

2019-12-22 01:16:24 - [TEST_STEP][PASSED] - setText(findTestObject("Page_Mattermost/input_Choose your username_name (2)"), "mymymymymymymym"): Text 'mymymymymymymym' is set on object 'Object Repository/Page_Mattermost/input_Choose your username_name (2)'

2019-12-22 01:16:24 - [MESSAGE][PASSED] - Text 'mymymymymymymym' is set on object 'Object Repository/Page_Mattermost/input_Choose your username_name (2)'

2019-12-22 01:16:24 - [TEST_STEP][PASSED] - setText(findTestObject("Page_Mattermost/input_concat(What  s your email address)_email (2)"), "mymymy@mymymy.com"): Text 'mymymy@mymymy.com' is set on object 'Object Repository/Page_Mattermost/input_concat(What  s your email address)_email (2)'

2019-12-22 01:16:55 - [MESSAGE][INFO] - Unable to find the element located by 'By.xpath: '. Please recheck the objects properties to make sure the desired element is located. 

2019-12-22 01:16:55 - [MESSAGE][INFO] - [SMART_XPATH] Auto-trying out other XPath values in the test object.

2019-12-22 01:16:55 - [MESSAGE][INFO] - [SMART_XPATH] WORKING XPATH: '//input[@id='email']'.

2019-12-22 01:16:56 - [MESSAGE][INFO] - [SMART_XPATH] Screenshot: D:/Learning/School/2019-2020-HK1/CS300/CS300AutomaticWebTesting/Reports/smart_xpath/Object Repository/Page_Mattermost/input_concat(What  s your email address)_email (2)_attributes.png

2019-12-22 01:16:56 - [MESSAGE][INFO] - [SMART_XPATH] WORKING XPATH: '//input'.

2019-12-22 01:16:56 - [MESSAGE][INFO] - [SMART_XPATH] Screenshot: D:/Learning/School/2019-2020-HK1/CS300/CS300AutomaticWebTesting/Reports/smart_xpath/Object Repository/Page_Mattermost/input_concat(What  s your email address)_email (2)_position.png

2019-12-22 01:16:56 - [MESSAGE][ERROR] - [SMART_XPATH] D:\Learning\School\2019-2020-HK1\CS300\CS300AutomaticWebTesting\Reports\smart_xpath\waiting-for-approval.json (The system cannot find the file specified)

2019-12-22 01:16:56 - [MESSAGE][ERROR] - [SMART_XPATH] D:/Learning/School/2019-2020-HK1/CS300/CS300AutomaticWebTesting/Reports/smart_xpath/waiting-for-approval.json does not exist or is provided by Smart XPath Plugin!

2019-12-22 01:16:56 - [MESSAGE][INFO] - [SMART_XPATH] Selected Smart XPath: '//input[@id='email']'.

2019-12-22 01:16:56 - [MESSAGE][INFO] - [SMART_XPATH] Continuing executing the test case!

2019-12-22 01:16:56 - [MESSAGE][PASSED] - Text 'mymymy@mymymy.com' is set on object 'Object Repository/Page_Mattermost/input_concat(What  s your email address)_email (2)'

2019-12-22 01:16:56 - [TEST_STEP][PASSED] - setEncryptedText(findTestObject("Page_Mattermost/input_Choose your password_password (2)"), "iGDxf8hSRT4="): Text ****** has been set on object 'Object Repository/Page_Mattermost/input_Choose your password_password (2)'

2019-12-22 01:16:56 - [MESSAGE][PASSED] - Text ****** has been set on object 'Object Repository/Page_Mattermost/input_Choose your password_password (2)'

2019-12-22 01:16:56 - [TEST_STEP][PASSED] - click(findTestObject("Page_Mattermost/button_Create Account (1)")): Object: 'Object Repository/Page_Mattermost/button_Create Account (1)' is clicked on

2019-12-22 01:16:56 - [MESSAGE][PASSED] - Object: 'Object Repository/Page_Mattermost/button_Create Account (1)' is clicked on

2019-12-22 01:16:56 - [TEST_STEP][PASSED] - closeBrowser(): Browser is closed

2019-12-22 01:16:58 - [MESSAGE][PASSED] - Browser is closed]]></system-out>
         <system-err><![CDATA[]]></system-err>
      </testcase>
      <testcase name="Test Cases/TestCase20RegisterNewAccount" time="50.3" classname="Test Cases/TestCase20RegisterNewAccount" status="PASSED">
         <system-out><![CDATA[2019-12-22 01:16:58 - [TEST_CASE][PASSED] - Test Cases/TestCase20RegisterNewAccount: Test Cases/TestCase20RegisterNewAccount

2019-12-22 01:16:58 - [TEST_STEP][PASSED] - openBrowser(""): Browser is opened with url: ''

2019-12-22 01:16:59 - [MESSAGE][INFO] - Starting 'Firefox (headless)' driver

2019-12-22 01:17:04 - [MESSAGE][PASSED] - Browser is opened with url: ''

2019-12-22 01:17:04 - [TEST_STEP][PASSED] - navigateToUrl("https://cs300testautomatic.herokuapp.com/"): Navigate to 'https://cs300testautomatic.herokuapp.com/' successfully

2019-12-22 01:17:09 - [MESSAGE][PASSED] - Navigate to 'https://cs300testautomatic.herokuapp.com/' successfully

2019-12-22 01:17:09 - [TEST_STEP][PASSED] - click(findTestObject("Page_Mattermost/span_Create one now (2)")): Object: 'Object Repository/Page_Mattermost/span_Create one now (2)' is clicked on

2019-12-22 01:17:14 - [MESSAGE][PASSED] - Object: 'Object Repository/Page_Mattermost/span_Create one now (2)' is clicked on

2019-12-22 01:17:14 - [TEST_STEP][PASSED] - setText(findTestObject("Page_Mattermost/input_Choose your username_name (2)"), "mymymymymymymym"): Text 'mymymymymymymym' is set on object 'Object Repository/Page_Mattermost/input_Choose your username_name (2)'

2019-12-22 01:17:14 - [MESSAGE][PASSED] - Text 'mymymymymymymym' is set on object 'Object Repository/Page_Mattermost/input_Choose your username_name (2)'

2019-12-22 01:17:14 - [TEST_STEP][PASSED] - setText(findTestObject("Page_Mattermost/input_concat(What  s your email address)_email (2)"), "mymymy@mymymy.com"): Text 'mymymy@mymymy.com' is set on object 'Object Repository/Page_Mattermost/input_concat(What  s your email address)_email (2)'

2019-12-22 01:17:45 - [MESSAGE][INFO] - Unable to find the element located by 'By.xpath: '. Please recheck the objects properties to make sure the desired element is located. 

2019-12-22 01:17:45 - [MESSAGE][INFO] - [SMART_XPATH] Auto-trying out other XPath values in the test object.

2019-12-22 01:17:45 - [MESSAGE][INFO] - [SMART_XPATH] WORKING XPATH: '//input[@id='email']'.

2019-12-22 01:17:46 - [MESSAGE][INFO] - [SMART_XPATH] Screenshot: D:/Learning/School/2019-2020-HK1/CS300/CS300AutomaticWebTesting/Reports/smart_xpath/Object Repository/Page_Mattermost/input_concat(What  s your email address)_email (2)_attributes.png

2019-12-22 01:17:46 - [MESSAGE][INFO] - [SMART_XPATH] WORKING XPATH: '//input'.

2019-12-22 01:17:46 - [MESSAGE][INFO] - [SMART_XPATH] Screenshot: D:/Learning/School/2019-2020-HK1/CS300/CS300AutomaticWebTesting/Reports/smart_xpath/Object Repository/Page_Mattermost/input_concat(What  s your email address)_email (2)_position.png

2019-12-22 01:17:46 - [MESSAGE][ERROR] - [SMART_XPATH] D:\Learning\School\2019-2020-HK1\CS300\CS300AutomaticWebTesting\Reports\smart_xpath\waiting-for-approval.json (The system cannot find the file specified)

2019-12-22 01:17:46 - [MESSAGE][ERROR] - [SMART_XPATH] D:/Learning/School/2019-2020-HK1/CS300/CS300AutomaticWebTesting/Reports/smart_xpath/waiting-for-approval.json does not exist or is provided by Smart XPath Plugin!

2019-12-22 01:17:46 - [MESSAGE][INFO] - [SMART_XPATH] Selected Smart XPath: '//input[@id='email']'.

2019-12-22 01:17:46 - [MESSAGE][INFO] - [SMART_XPATH] Continuing executing the test case!

2019-12-22 01:17:46 - [MESSAGE][PASSED] - Text 'mymymy@mymymy.com' is set on object 'Object Repository/Page_Mattermost/input_concat(What  s your email address)_email (2)'

2019-12-22 01:17:46 - [TEST_STEP][PASSED] - setEncryptedText(findTestObject("Page_Mattermost/input_Choose your password_password (2)"), "iGDxf8hSRT4="): Text ****** has been set on object 'Object Repository/Page_Mattermost/input_Choose your password_password (2)'

2019-12-22 01:17:46 - [MESSAGE][PASSED] - Text ****** has been set on object 'Object Repository/Page_Mattermost/input_Choose your password_password (2)'

2019-12-22 01:17:46 - [TEST_STEP][PASSED] - click(findTestObject("Page_Mattermost/button_Create Account (1)")): Object: 'Object Repository/Page_Mattermost/button_Create Account (1)' is clicked on

2019-12-22 01:17:47 - [MESSAGE][PASSED] - Object: 'Object Repository/Page_Mattermost/button_Create Account (1)' is clicked on

2019-12-22 01:17:47 - [TEST_STEP][PASSED] - closeBrowser(): Browser is closed

2019-12-22 01:17:49 - [MESSAGE][PASSED] - Browser is closed]]></system-out>
         <system-err><![CDATA[]]></system-err>
      </testcase>
      <testcase name="Test Cases/TestCase21ForgotPass" time="18.982" classname="Test Cases/TestCase21ForgotPass" status="PASSED">
         <system-out><![CDATA[2019-12-22 01:17:49 - [TEST_CASE][PASSED] - Test Cases/TestCase21ForgotPass: Test Cases/TestCase21ForgotPass

2019-12-22 01:17:49 - [TEST_STEP][PASSED] - openBrowser(""): Browser is opened with url: ''

2019-12-22 01:17:49 - [MESSAGE][INFO] - Starting 'Firefox (headless)' driver

2019-12-22 01:17:56 - [MESSAGE][PASSED] - Browser is opened with url: ''

2019-12-22 01:17:56 - [TEST_STEP][PASSED] - navigateToUrl("https://cs300testautomatic.herokuapp.com/"): Navigate to 'https://cs300testautomatic.herokuapp.com/' successfully

2019-12-22 01:18:01 - [MESSAGE][PASSED] - Navigate to 'https://cs300testautomatic.herokuapp.com/' successfully

2019-12-22 01:18:01 - [TEST_STEP][PASSED] - click(findTestObject("Object Repository/Page_Mattermost/span_I forgot my password")): Object: 'Object Repository/Page_Mattermost/span_I forgot my password' is clicked on

2019-12-22 01:18:05 - [MESSAGE][PASSED] - Object: 'Object Repository/Page_Mattermost/span_I forgot my password' is clicked on

2019-12-22 01:18:05 - [TEST_STEP][PASSED] - setText(findTestObject("Object Repository/Page_Mattermost/input_To reset your password enter the emai_5f6d79"), "test@test.com"): Text 'test@test.com' is set on object 'Object Repository/Page_Mattermost/input_To reset your password enter the emai_5f6d79'

2019-12-22 01:18:05 - [MESSAGE][PASSED] - Text 'test@test.com' is set on object 'Object Repository/Page_Mattermost/input_To reset your password enter the emai_5f6d79'

2019-12-22 01:18:05 - [TEST_STEP][PASSED] - sendKeys(findTestObject("Object Repository/Page_Mattermost/input_To reset your password enter the emai_5f6d79"), Keys.chord(ENTER)): Keys 'ENTER + ' sent to object: 'Object Repository/Page_Mattermost/input_To reset your password enter the emai_5f6d79'

2019-12-22 01:18:05 - [MESSAGE][PASSED] - Keys 'ENTER + ' sent to object: 'Object Repository/Page_Mattermost/input_To reset your password enter the emai_5f6d79'

2019-12-22 01:18:05 - [TEST_STEP][PASSED] - click(findTestObject("Object Repository/Page_Mattermost/span_Please check your inbox")): Object: 'Object Repository/Page_Mattermost/span_Please check your inbox' is clicked on

2019-12-22 01:18:06 - [MESSAGE][PASSED] - Object: 'Object Repository/Page_Mattermost/span_Please check your inbox' is clicked on

2019-12-22 01:18:06 - [TEST_STEP][PASSED] - closeBrowser(): Browser is closed

2019-12-22 01:18:08 - [MESSAGE][PASSED] - Browser is closed]]></system-out>
         <system-err><![CDATA[]]></system-err>
      </testcase>
      <testcase name="Test Cases/TestCase22PinPost" time="52.979" classname="Test Cases/TestCase22PinPost" status="FAILED">
         <failure type="FAILED" message="Test Cases/TestCase22PinPost FAILED.
Reason:
com.kms.katalon.core.exception.StepFailedException: Unable to click on object 'Object Repository/Page_ ChannelsTest - FirstTeam Mattermost/button_giabeuu_CENTER_button_8b3y5ekuc7rw9k_023a4c'
	at com.kms.katalon.core.webui.keyword.internal.WebUIKeywordMain.stepFailed(WebUIKeywordMain.groovy:64)
	at com.kms.katalon.core.webui.keyword.internal.WebUIKeywordMain.runKeyword(WebUIKeywordMain.groovy:26)
	at com.kms.katalon.core.webui.keyword.builtin.ClickKeyword.click(ClickKeyword.groovy:102)
	at com.kms.katalon.core.webui.keyword.builtin.ClickKeyword.execute(ClickKeyword.groovy:43)
	at com.kms.katalon.core.keyword.internal.KeywordExecutor.executeKeywordForPlatform(KeywordExecutor.groovy:72)
	at com.kms.katalon.core.webui.keyword.WebUiBuiltInKeywords.click(WebUiBuiltInKeywords.groovy:616)
	at com.kms.katalon.core.webui.keyword.WebUiBuiltInKeywords$click$3.call(Unknown Source)
	at TestCase22PinPost.run(TestCase22PinPost:31)
	at com.kms.katalon.core.main.ScriptEngine.run(ScriptEngine.java:194)
	at com.kms.katalon.core.main.ScriptEngine.runScriptAsRawText(ScriptEngine.java:119)
	at com.kms.katalon.core.main.TestCaseExecutor.runScript(TestCaseExecutor.java:337)
	at com.kms.katalon.core.main.TestCaseExecutor.doExecute(TestCaseExecutor.java:328)
	at com.kms.katalon.core.main.TestCaseExecutor.processExecutionPhase(TestCaseExecutor.java:307)
	at com.kms.katalon.core.main.TestCaseExecutor.accessMainPhase(TestCaseExecutor.java:299)
	at com.kms.katalon.core.main.TestCaseExecutor.execute(TestCaseExecutor.java:233)
	at com.kms.katalon.core.main.TestSuiteExecutor.accessTestCaseMainPhase(TestSuiteExecutor.java:169)
	at com.kms.katalon.core.main.TestSuiteExecutor.accessTestSuiteMainPhase(TestSuiteExecutor.java:142)
	at com.kms.katalon.core.main.TestSuiteExecutor.execute(TestSuiteExecutor.java:91)
	at com.kms.katalon.core.main.TestCaseMain.startTestSuite(TestCaseMain.java:157)
	at com.kms.katalon.core.main.TestCaseMain$startTestSuite$0.call(Unknown Source)
	at TempTestSuite1576951344125.run(TempTestSuite1576951344125.groovy:36)
Caused by: com.kms.katalon.core.webui.exception.WebElementNotFoundException: Web element with id: 'Object Repository/Page_ ChannelsTest - FirstTeam Mattermost/button_giabeuu_CENTER_button_8b3y5ekuc7rw9k_023a4c' located by 'By.xpath: //button[@id='CENTER_button_8b3y5ekuc7rw9kh6zrrdqxyg7w']' not found
	at com.kms.katalon.core.webui.common.WebUiCommonHelper.findWebElement(WebUiCommonHelper.java:1154)
	at com.kms.katalon.core.webui.keyword.internal.WebUIAbstractKeyword.findWebElement(WebUIAbstractKeyword.groovy:27)
	at com.kms.katalon.core.webui.keyword.internal.WebUIAbstractKeyword.findWebElement(WebUIAbstractKeyword.groovy:26)
	at com.kms.katalon.core.webui.keyword.builtin.ClickKeyword$_click_closure1.doCall(ClickKeyword.groovy:67)
	at com.kms.katalon.core.webui.keyword.builtin.ClickKeyword$_click_closure1.call(ClickKeyword.groovy)
	at com.kms.katalon.core.webui.keyword.internal.WebUIKeywordMain.runKeyword(WebUIKeywordMain.groovy:20)
	... 19 more
"/>
         <system-out><![CDATA[2019-12-22 01:18:08 - [TEST_CASE][FAILED] - Test Cases/TestCase22PinPost: Test Cases/TestCase22PinPost FAILED.
Reason:
com.kms.katalon.core.exception.StepFailedException: Unable to click on object 'Object Repository/Page_ ChannelsTest - FirstTeam Mattermost/button_giabeuu_CENTER_button_8b3y5ekuc7rw9k_023a4c'
	at com.kms.katalon.core.webui.keyword.internal.WebUIKeywordMain.stepFailed(WebUIKeywordMain.groovy:64)
	at com.kms.katalon.core.webui.keyword.internal.WebUIKeywordMain.runKeyword(WebUIKeywordMain.groovy:26)
	at com.kms.katalon.core.webui.keyword.builtin.ClickKeyword.click(ClickKeyword.groovy:102)
	at com.kms.katalon.core.webui.keyword.builtin.ClickKeyword.execute(ClickKeyword.groovy:43)
	at com.kms.katalon.core.keyword.internal.KeywordExecutor.executeKeywordForPlatform(KeywordExecutor.groovy:72)
	at com.kms.katalon.core.webui.keyword.WebUiBuiltInKeywords.click(WebUiBuiltInKeywords.groovy:616)
	at com.kms.katalon.core.webui.keyword.WebUiBuiltInKeywords$click$3.call(Unknown Source)
	at TestCase22PinPost.run(TestCase22PinPost:31)
	at com.kms.katalon.core.main.ScriptEngine.run(ScriptEngine.java:194)
	at com.kms.katalon.core.main.ScriptEngine.runScriptAsRawText(ScriptEngine.java:119)
	at com.kms.katalon.core.main.TestCaseExecutor.runScript(TestCaseExecutor.java:337)
	at com.kms.katalon.core.main.TestCaseExecutor.doExecute(TestCaseExecutor.java:328)
	at com.kms.katalon.core.main.TestCaseExecutor.processExecutionPhase(TestCaseExecutor.java:307)
	at com.kms.katalon.core.main.TestCaseExecutor.accessMainPhase(TestCaseExecutor.java:299)
	at com.kms.katalon.core.main.TestCaseExecutor.execute(TestCaseExecutor.java:233)
	at com.kms.katalon.core.main.TestSuiteExecutor.accessTestCaseMainPhase(TestSuiteExecutor.java:169)
	at com.kms.katalon.core.main.TestSuiteExecutor.accessTestSuiteMainPhase(TestSuiteExecutor.java:142)
	at com.kms.katalon.core.main.TestSuiteExecutor.execute(TestSuiteExecutor.java:91)
	at com.kms.katalon.core.main.TestCaseMain.startTestSuite(TestCaseMain.java:157)
	at com.kms.katalon.core.main.TestCaseMain$startTestSuite$0.call(Unknown Source)
	at TempTestSuite1576951344125.run(TempTestSuite1576951344125.groovy:36)
Caused by: com.kms.katalon.core.webui.exception.WebElementNotFoundException: Web element with id: 'Object Repository/Page_ ChannelsTest - FirstTeam Mattermost/button_giabeuu_CENTER_button_8b3y5ekuc7rw9k_023a4c' located by 'By.xpath: //button[@id='CENTER_button_8b3y5ekuc7rw9kh6zrrdqxyg7w']' not found
	at com.kms.katalon.core.webui.common.WebUiCommonHelper.findWebElement(WebUiCommonHelper.java:1154)
	at com.kms.katalon.core.webui.keyword.internal.WebUIAbstractKeyword.findWebElement(WebUIAbstractKeyword.groovy:27)
	at com.kms.katalon.core.webui.keyword.internal.WebUIAbstractKeyword.findWebElement(WebUIAbstractKeyword.groovy:26)
	at com.kms.katalon.core.webui.keyword.builtin.ClickKeyword$_click_closure1.doCall(ClickKeyword.groovy:67)
	at com.kms.katalon.core.webui.keyword.builtin.ClickKeyword$_click_closure1.call(ClickKeyword.groovy)
	at com.kms.katalon.core.webui.keyword.internal.WebUIKeywordMain.runKeyword(WebUIKeywordMain.groovy:20)
	... 19 more


2019-12-22 01:18:08 - [TEST_STEP][PASSED] - openBrowser(""): Browser is opened with url: ''

2019-12-22 01:18:08 - [MESSAGE][INFO] - Starting 'Firefox (headless)' driver

2019-12-22 01:18:13 - [MESSAGE][PASSED] - Browser is opened with url: ''

2019-12-22 01:18:13 - [TEST_STEP][PASSED] - navigateToUrl("https://cs300testautomatic.herokuapp.com/"): Navigate to 'https://cs300testautomatic.herokuapp.com/' successfully

2019-12-22 01:18:18 - [MESSAGE][PASSED] - Navigate to 'https://cs300testautomatic.herokuapp.com/' successfully

2019-12-22 01:18:18 - [TEST_STEP][PASSED] - setText(findTestObject("Page_Mattermost/input_All team communication in one place s_703ef5 (22)"), "giabeuu@gmail.com"): Text 'giabeuu@gmail.com' is set on object 'Object Repository/Page_Mattermost/input_All team communication in one place s_703ef5 (22)'

2019-12-22 01:18:24 - [MESSAGE][PASSED] - Text 'giabeuu@gmail.com' is set on object 'Object Repository/Page_Mattermost/input_All team communication in one place s_703ef5 (22)'

2019-12-22 01:18:24 - [TEST_STEP][PASSED] - setEncryptedText(findTestObject("Page_Mattermost/input_All team communication in one place s_2f2733 (22)"), "GoUae4B8Jrc="): Text ****** has been set on object 'Object Repository/Page_Mattermost/input_All team communication in one place s_2f2733 (22)'

2019-12-22 01:18:24 - [MESSAGE][PASSED] - Text ****** has been set on object 'Object Repository/Page_Mattermost/input_All team communication in one place s_2f2733 (22)'

2019-12-22 01:18:24 - [TEST_STEP][PASSED] - sendKeys(findTestObject("Page_Mattermost/input_All team communication in one place s_2f2733 (22)"), Keys.chord(ENTER)): Keys 'ENTER + ' sent to object: 'Object Repository/Page_Mattermost/input_All team communication in one place s_2f2733 (22)'

2019-12-22 01:18:25 - [MESSAGE][PASSED] - Keys 'ENTER + ' sent to object: 'Object Repository/Page_Mattermost/input_All team communication in one place s_2f2733 (22)'

2019-12-22 01:18:25 - [TEST_STEP][PASSED] - click(findTestObject("Object Repository/Page_ Town Square - FirstTeam Mattermost/span_ChannelsTest")): Object: 'Object Repository/Page_ Town Square - FirstTeam Mattermost/span_ChannelsTest' is clicked on

2019-12-22 01:18:28 - [MESSAGE][PASSED] - Object: 'Object Repository/Page_ Town Square - FirstTeam Mattermost/span_ChannelsTest' is clicked on

2019-12-22 01:18:28 - [TEST_STEP][FAILED] - click(findTestObject("Object Repository/Page_ ChannelsTest - FirstTeam Mattermost/button_giabeuu_CENTER_button_8b3y5ekuc7rw9k_023a4c")): Unable to click on object 'Object Repository/Page_ ChannelsTest - FirstTeam Mattermost/button_giabeuu_CENTER_button_8b3y5ekuc7rw9k_023a4c' (Root cause: com.kms.katalon.core.exception.StepFailedException: Unable to click on object 'Object Repository/Page_ ChannelsTest - FirstTeam Mattermost/button_giabeuu_CENTER_button_8b3y5ekuc7rw9k_023a4c'
	at com.kms.katalon.core.webui.keyword.internal.WebUIKeywordMain.stepFailed(WebUIKeywordMain.groovy:64)
	at com.kms.katalon.core.webui.keyword.internal.WebUIKeywordMain.runKeyword(WebUIKeywordMain.groovy:26)
	at com.kms.katalon.core.webui.keyword.builtin.ClickKeyword.click(ClickKeyword.groovy:102)
	at com.kms.katalon.core.webui.keyword.builtin.ClickKeyword.execute(ClickKeyword.groovy:43)
	at com.kms.katalon.core.keyword.internal.KeywordExecutor.executeKeywordForPlatform(KeywordExecutor.groovy:72)
	at com.kms.katalon.core.webui.keyword.WebUiBuiltInKeywords.click(WebUiBuiltInKeywords.groovy:616)
	at com.kms.katalon.core.webui.keyword.WebUiBuiltInKeywords$click$3.call(Unknown Source)
	at TestCase22PinPost.run(TestCase22PinPost:31)
	at com.kms.katalon.core.main.ScriptEngine.run(ScriptEngine.java:194)
	at com.kms.katalon.core.main.ScriptEngine.runScriptAsRawText(ScriptEngine.java:119)
	at com.kms.katalon.core.main.TestCaseExecutor.runScript(TestCaseExecutor.java:337)
	at com.kms.katalon.core.main.TestCaseExecutor.doExecute(TestCaseExecutor.java:328)
	at com.kms.katalon.core.main.TestCaseExecutor.processExecutionPhase(TestCaseExecutor.java:307)
	at com.kms.katalon.core.main.TestCaseExecutor.accessMainPhase(TestCaseExecutor.java:299)
	at com.kms.katalon.core.main.TestCaseExecutor.execute(TestCaseExecutor.java:233)
	at com.kms.katalon.core.main.TestSuiteExecutor.accessTestCaseMainPhase(TestSuiteExecutor.java:169)
	at com.kms.katalon.core.main.TestSuiteExecutor.accessTestSuiteMainPhase(TestSuiteExecutor.java:142)
	at com.kms.katalon.core.main.TestSuiteExecutor.execute(TestSuiteExecutor.java:91)
	at com.kms.katalon.core.main.TestCaseMain.startTestSuite(TestCaseMain.java:157)
	at com.kms.katalon.core.main.TestCaseMain$startTestSuite$0.call(Unknown Source)
	at TempTestSuite1576951344125.run(TempTestSuite1576951344125.groovy:36)
Caused by: com.kms.katalon.core.webui.exception.WebElementNotFoundException: Web element with id: 'Object Repository/Page_ ChannelsTest - FirstTeam Mattermost/button_giabeuu_CENTER_button_8b3y5ekuc7rw9k_023a4c' located by 'By.xpath: //button[@id='CENTER_button_8b3y5ekuc7rw9kh6zrrdqxyg7w']' not found
	at com.kms.katalon.core.webui.common.WebUiCommonHelper.findWebElement(WebUiCommonHelper.java:1154)
	at com.kms.katalon.core.webui.keyword.internal.WebUIAbstractKeyword.findWebElement(WebUIAbstractKeyword.groovy:27)
	at com.kms.katalon.core.webui.keyword.internal.WebUIAbstractKeyword.findWebElement(WebUIAbstractKeyword.groovy:26)
	at com.kms.katalon.core.webui.keyword.builtin.ClickKeyword$_click_closure1.doCall(ClickKeyword.groovy:67)
	at com.kms.katalon.core.webui.keyword.builtin.ClickKeyword$_click_closure1.call(ClickKeyword.groovy)
	at com.kms.katalon.core.webui.keyword.internal.WebUIKeywordMain.runKeyword(WebUIKeywordMain.groovy:20)
	at com.kms.katalon.core.webui.keyword.builtin.ClickKeyword.click(ClickKeyword.groovy:102)
	at com.kms.katalon.core.webui.keyword.builtin.ClickKeyword.execute(ClickKeyword.groovy:43)
	at com.kms.katalon.core.keyword.internal.KeywordExecutor.executeKeywordForPlatform(KeywordExecutor.groovy:72)
	at com.kms.katalon.core.webui.keyword.WebUiBuiltInKeywords.click(WebUiBuiltInKeywords.groovy:616)
	at com.kms.katalon.core.webui.keyword.WebUiBuiltInKeywords$click$3.call(Unknown Source)
	at Script1576863264311.run(Script1576863264311.groovy:31)
	... 13 more
)

2019-12-22 01:19:00 - [MESSAGE][INFO] - Unable to find the element located by 'By.xpath: //button[@id='CENTER_button_8b3y5ekuc7rw9kh6zrrdqxyg7w']'. Please recheck the objects properties to make sure the desired element is located. 

2019-12-22 01:19:00 - [MESSAGE][INFO] - [SMART_XPATH] Auto-trying out other XPath values in the test object.

2019-12-22 01:19:00 - [MESSAGE][INFO] - [SMART_XPATH] FAILED XPATH: '//button[@id='CENTER_button_8b3y5ekuc7rw9kh6zrrdqxyg7w']'.

2019-12-22 01:19:00 - [MESSAGE][INFO] - [SMART_XPATH] FAILED XPATH: '//div[@id='postContent']/div[2]/div/div[2]/div/div[2]/div/button'.

2019-12-22 01:19:00 - [MESSAGE][INFO] - [SMART_XPATH] FAILED XPATH: '//div[4]/div/div/div/div[2]/div/div[2]/div/div[2]/div/button'.

2019-12-22 01:19:00 - [MESSAGE][INFO] - [SMART_XPATH] No working XPath is found.

2019-12-22 01:19:01 - [MESSAGE][FAILED] - Unable to click on object 'Object Repository/Page_ ChannelsTest - FirstTeam Mattermost/button_giabeuu_CENTER_button_8b3y5ekuc7rw9k_023a4c' (Root cause: com.kms.katalon.core.exception.StepFailedException: Unable to click on object 'Object Repository/Page_ ChannelsTest - FirstTeam Mattermost/button_giabeuu_CENTER_button_8b3y5ekuc7rw9k_023a4c'
	at com.kms.katalon.core.webui.keyword.internal.WebUIKeywordMain.stepFailed(WebUIKeywordMain.groovy:64)
	at com.kms.katalon.core.webui.keyword.internal.WebUIKeywordMain.runKeyword(WebUIKeywordMain.groovy:26)
	at com.kms.katalon.core.webui.keyword.builtin.ClickKeyword.click(ClickKeyword.groovy:102)
	at com.kms.katalon.core.webui.keyword.builtin.ClickKeyword.execute(ClickKeyword.groovy:43)
	at com.kms.katalon.core.keyword.internal.KeywordExecutor.executeKeywordForPlatform(KeywordExecutor.groovy:72)
	at com.kms.katalon.core.webui.keyword.WebUiBuiltInKeywords.click(WebUiBuiltInKeywords.groovy:616)
	at com.kms.katalon.core.webui.keyword.WebUiBuiltInKeywords$click$3.call(Unknown Source)
	at TestCase22PinPost.run(TestCase22PinPost:31)
	at com.kms.katalon.core.main.ScriptEngine.run(ScriptEngine.java:194)
	at com.kms.katalon.core.main.ScriptEngine.runScriptAsRawText(ScriptEngine.java:119)
	at com.kms.katalon.core.main.TestCaseExecutor.runScript(TestCaseExecutor.java:337)
	at com.kms.katalon.core.main.TestCaseExecutor.doExecute(TestCaseExecutor.java:328)
	at com.kms.katalon.core.main.TestCaseExecutor.processExecutionPhase(TestCaseExecutor.java:307)
	at com.kms.katalon.core.main.TestCaseExecutor.accessMainPhase(TestCaseExecutor.java:299)
	at com.kms.katalon.core.main.TestCaseExecutor.execute(TestCaseExecutor.java:233)
	at com.kms.katalon.core.main.TestSuiteExecutor.accessTestCaseMainPhase(TestSuiteExecutor.java:169)
	at com.kms.katalon.core.main.TestSuiteExecutor.accessTestSuiteMainPhase(TestSuiteExecutor.java:142)
	at com.kms.katalon.core.main.TestSuiteExecutor.execute(TestSuiteExecutor.java:91)
	at com.kms.katalon.core.main.TestCaseMain.startTestSuite(TestCaseMain.java:157)
	at com.kms.katalon.core.main.TestCaseMain$startTestSuite$0.call(Unknown Source)
	at TempTestSuite1576951344125.run(TempTestSuite1576951344125.groovy:36)
Caused by: com.kms.katalon.core.webui.exception.WebElementNotFoundException: Web element with id: 'Object Repository/Page_ ChannelsTest - FirstTeam Mattermost/button_giabeuu_CENTER_button_8b3y5ekuc7rw9k_023a4c' located by 'By.xpath: //button[@id='CENTER_button_8b3y5ekuc7rw9kh6zrrdqxyg7w']' not found
	at com.kms.katalon.core.webui.common.WebUiCommonHelper.findWebElement(WebUiCommonHelper.java:1154)
	at com.kms.katalon.core.webui.keyword.internal.WebUIAbstractKeyword.findWebElement(WebUIAbstractKeyword.groovy:27)
	at com.kms.katalon.core.webui.keyword.internal.WebUIAbstractKeyword.findWebElement(WebUIAbstractKeyword.groovy:26)
	at com.kms.katalon.core.webui.keyword.builtin.ClickKeyword$_click_closure1.doCall(ClickKeyword.groovy:67)
	at com.kms.katalon.core.webui.keyword.builtin.ClickKeyword$_click_closure1.call(ClickKeyword.groovy)
	at com.kms.katalon.core.webui.keyword.internal.WebUIKeywordMain.runKeyword(WebUIKeywordMain.groovy:20)
	at com.kms.katalon.core.webui.keyword.builtin.ClickKeyword.click(ClickKeyword.groovy:102)
	at com.kms.katalon.core.webui.keyword.builtin.ClickKeyword.execute(ClickKeyword.groovy:43)
	at com.kms.katalon.core.keyword.internal.KeywordExecutor.executeKeywordForPlatform(KeywordExecutor.groovy:72)
	at com.kms.katalon.core.webui.keyword.WebUiBuiltInKeywords.click(WebUiBuiltInKeywords.groovy:616)
	at com.kms.katalon.core.webui.keyword.WebUiBuiltInKeywords$click$3.call(Unknown Source)
	at Script1576863264311.run(Script1576863264311.groovy:31)
	... 13 more
)
[[ATTACHMENT|D:\\Learning\\School\\2019-2020-HK1\\CS300\\CS300AutomaticWebTesting\\Reports\\20191222_010224\\Run All Test Cases\\20191222_010224\\1576952340898.png]]]]></system-out>
         <system-err><![CDATA[2019-12-22 01:18:08 - [TEST_CASE][FAILED] - Test Cases/TestCase22PinPost: Test Cases/TestCase22PinPost FAILED.
Reason:
com.kms.katalon.core.exception.StepFailedException: Unable to click on object 'Object Repository/Page_ ChannelsTest - FirstTeam Mattermost/button_giabeuu_CENTER_button_8b3y5ekuc7rw9k_023a4c'
	at com.kms.katalon.core.webui.keyword.internal.WebUIKeywordMain.stepFailed(WebUIKeywordMain.groovy:64)
	at com.kms.katalon.core.webui.keyword.internal.WebUIKeywordMain.runKeyword(WebUIKeywordMain.groovy:26)
	at com.kms.katalon.core.webui.keyword.builtin.ClickKeyword.click(ClickKeyword.groovy:102)
	at com.kms.katalon.core.webui.keyword.builtin.ClickKeyword.execute(ClickKeyword.groovy:43)
	at com.kms.katalon.core.keyword.internal.KeywordExecutor.executeKeywordForPlatform(KeywordExecutor.groovy:72)
	at com.kms.katalon.core.webui.keyword.WebUiBuiltInKeywords.click(WebUiBuiltInKeywords.groovy:616)
	at com.kms.katalon.core.webui.keyword.WebUiBuiltInKeywords$click$3.call(Unknown Source)
	at TestCase22PinPost.run(TestCase22PinPost:31)
	at com.kms.katalon.core.main.ScriptEngine.run(ScriptEngine.java:194)
	at com.kms.katalon.core.main.ScriptEngine.runScriptAsRawText(ScriptEngine.java:119)
	at com.kms.katalon.core.main.TestCaseExecutor.runScript(TestCaseExecutor.java:337)
	at com.kms.katalon.core.main.TestCaseExecutor.doExecute(TestCaseExecutor.java:328)
	at com.kms.katalon.core.main.TestCaseExecutor.processExecutionPhase(TestCaseExecutor.java:307)
	at com.kms.katalon.core.main.TestCaseExecutor.accessMainPhase(TestCaseExecutor.java:299)
	at com.kms.katalon.core.main.TestCaseExecutor.execute(TestCaseExecutor.java:233)
	at com.kms.katalon.core.main.TestSuiteExecutor.accessTestCaseMainPhase(TestSuiteExecutor.java:169)
	at com.kms.katalon.core.main.TestSuiteExecutor.accessTestSuiteMainPhase(TestSuiteExecutor.java:142)
	at com.kms.katalon.core.main.TestSuiteExecutor.execute(TestSuiteExecutor.java:91)
	at com.kms.katalon.core.main.TestCaseMain.startTestSuite(TestCaseMain.java:157)
	at com.kms.katalon.core.main.TestCaseMain$startTestSuite$0.call(Unknown Source)
	at TempTestSuite1576951344125.run(TempTestSuite1576951344125.groovy:36)
Caused by: com.kms.katalon.core.webui.exception.WebElementNotFoundException: Web element with id: 'Object Repository/Page_ ChannelsTest - FirstTeam Mattermost/button_giabeuu_CENTER_button_8b3y5ekuc7rw9k_023a4c' located by 'By.xpath: //button[@id='CENTER_button_8b3y5ekuc7rw9kh6zrrdqxyg7w']' not found
	at com.kms.katalon.core.webui.common.WebUiCommonHelper.findWebElement(WebUiCommonHelper.java:1154)
	at com.kms.katalon.core.webui.keyword.internal.WebUIAbstractKeyword.findWebElement(WebUIAbstractKeyword.groovy:27)
	at com.kms.katalon.core.webui.keyword.internal.WebUIAbstractKeyword.findWebElement(WebUIAbstractKeyword.groovy:26)
	at com.kms.katalon.core.webui.keyword.builtin.ClickKeyword$_click_closure1.doCall(ClickKeyword.groovy:67)
	at com.kms.katalon.core.webui.keyword.builtin.ClickKeyword$_click_closure1.call(ClickKeyword.groovy)
	at com.kms.katalon.core.webui.keyword.internal.WebUIKeywordMain.runKeyword(WebUIKeywordMain.groovy:20)
	... 19 more]]></system-err>
      </testcase>
      <testcase name="Test Cases/TestCase23Un-PinPost" time="57.701" classname="Test Cases/TestCase23Un-PinPost" status="FAILED">
         <failure type="FAILED" message="Test Cases/TestCase23Un-PinPost FAILED.
Reason:
com.kms.katalon.core.exception.StepFailedException: Unable to click on object 'Object Repository/Page_ ChannelsTest - FirstTeam Mattermost/button_Pinned_SEARCH_button_8b3y5ekuc7rw9kh_b6bb8d'
	at com.kms.katalon.core.webui.keyword.internal.WebUIKeywordMain.stepFailed(WebUIKeywordMain.groovy:64)
	at com.kms.katalon.core.webui.keyword.internal.WebUIKeywordMain.runKeyword(WebUIKeywordMain.groovy:26)
	at com.kms.katalon.core.webui.keyword.builtin.ClickKeyword.click(ClickKeyword.groovy:102)
	at com.kms.katalon.core.webui.keyword.builtin.ClickKeyword.execute(ClickKeyword.groovy:43)
	at com.kms.katalon.core.keyword.internal.KeywordExecutor.executeKeywordForPlatform(KeywordExecutor.groovy:72)
	at com.kms.katalon.core.webui.keyword.WebUiBuiltInKeywords.click(WebUiBuiltInKeywords.groovy:616)
	at com.kms.katalon.core.webui.keyword.WebUiBuiltInKeywords$click$3.call(Unknown Source)
	at TestCase23Un-PinPost.run(TestCase23Un-PinPost:33)
	at com.kms.katalon.core.main.ScriptEngine.run(ScriptEngine.java:194)
	at com.kms.katalon.core.main.ScriptEngine.runScriptAsRawText(ScriptEngine.java:119)
	at com.kms.katalon.core.main.TestCaseExecutor.runScript(TestCaseExecutor.java:337)
	at com.kms.katalon.core.main.TestCaseExecutor.doExecute(TestCaseExecutor.java:328)
	at com.kms.katalon.core.main.TestCaseExecutor.processExecutionPhase(TestCaseExecutor.java:307)
	at com.kms.katalon.core.main.TestCaseExecutor.accessMainPhase(TestCaseExecutor.java:299)
	at com.kms.katalon.core.main.TestCaseExecutor.execute(TestCaseExecutor.java:233)
	at com.kms.katalon.core.main.TestSuiteExecutor.accessTestCaseMainPhase(TestSuiteExecutor.java:169)
	at com.kms.katalon.core.main.TestSuiteExecutor.accessTestSuiteMainPhase(TestSuiteExecutor.java:142)
	at com.kms.katalon.core.main.TestSuiteExecutor.execute(TestSuiteExecutor.java:91)
	at com.kms.katalon.core.main.TestCaseMain.startTestSuite(TestCaseMain.java:157)
	at com.kms.katalon.core.main.TestCaseMain$startTestSuite$0.call(Unknown Source)
	at TempTestSuite1576951344125.run(TempTestSuite1576951344125.groovy:36)
Caused by: com.kms.katalon.core.webui.exception.WebElementNotFoundException: Web element with id: 'Object Repository/Page_ ChannelsTest - FirstTeam Mattermost/button_Pinned_SEARCH_button_8b3y5ekuc7rw9kh_b6bb8d' located by 'By.xpath: //button[@id='SEARCH_button_8b3y5ekuc7rw9kh6zrrdqxyg7w']' not found
	at com.kms.katalon.core.webui.common.WebUiCommonHelper.findWebElement(WebUiCommonHelper.java:1154)
	at com.kms.katalon.core.webui.keyword.internal.WebUIAbstractKeyword.findWebElement(WebUIAbstractKeyword.groovy:27)
	at com.kms.katalon.core.webui.keyword.internal.WebUIAbstractKeyword.findWebElement(WebUIAbstractKeyword.groovy:26)
	at com.kms.katalon.core.webui.keyword.builtin.ClickKeyword$_click_closure1.doCall(ClickKeyword.groovy:67)
	at com.kms.katalon.core.webui.keyword.builtin.ClickKeyword$_click_closure1.call(ClickKeyword.groovy)
	at com.kms.katalon.core.webui.keyword.internal.WebUIKeywordMain.runKeyword(WebUIKeywordMain.groovy:20)
	... 19 more
"/>
         <system-out><![CDATA[2019-12-22 01:19:01 - [TEST_CASE][FAILED] - Test Cases/TestCase23Un-PinPost: Test Cases/TestCase23Un-PinPost FAILED.
Reason:
com.kms.katalon.core.exception.StepFailedException: Unable to click on object 'Object Repository/Page_ ChannelsTest - FirstTeam Mattermost/button_Pinned_SEARCH_button_8b3y5ekuc7rw9kh_b6bb8d'
	at com.kms.katalon.core.webui.keyword.internal.WebUIKeywordMain.stepFailed(WebUIKeywordMain.groovy:64)
	at com.kms.katalon.core.webui.keyword.internal.WebUIKeywordMain.runKeyword(WebUIKeywordMain.groovy:26)
	at com.kms.katalon.core.webui.keyword.builtin.ClickKeyword.click(ClickKeyword.groovy:102)
	at com.kms.katalon.core.webui.keyword.builtin.ClickKeyword.execute(ClickKeyword.groovy:43)
	at com.kms.katalon.core.keyword.internal.KeywordExecutor.executeKeywordForPlatform(KeywordExecutor.groovy:72)
	at com.kms.katalon.core.webui.keyword.WebUiBuiltInKeywords.click(WebUiBuiltInKeywords.groovy:616)
	at com.kms.katalon.core.webui.keyword.WebUiBuiltInKeywords$click$3.call(Unknown Source)
	at TestCase23Un-PinPost.run(TestCase23Un-PinPost:33)
	at com.kms.katalon.core.main.ScriptEngine.run(ScriptEngine.java:194)
	at com.kms.katalon.core.main.ScriptEngine.runScriptAsRawText(ScriptEngine.java:119)
	at com.kms.katalon.core.main.TestCaseExecutor.runScript(TestCaseExecutor.java:337)
	at com.kms.katalon.core.main.TestCaseExecutor.doExecute(TestCaseExecutor.java:328)
	at com.kms.katalon.core.main.TestCaseExecutor.processExecutionPhase(TestCaseExecutor.java:307)
	at com.kms.katalon.core.main.TestCaseExecutor.accessMainPhase(TestCaseExecutor.java:299)
	at com.kms.katalon.core.main.TestCaseExecutor.execute(TestCaseExecutor.java:233)
	at com.kms.katalon.core.main.TestSuiteExecutor.accessTestCaseMainPhase(TestSuiteExecutor.java:169)
	at com.kms.katalon.core.main.TestSuiteExecutor.accessTestSuiteMainPhase(TestSuiteExecutor.java:142)
	at com.kms.katalon.core.main.TestSuiteExecutor.execute(TestSuiteExecutor.java:91)
	at com.kms.katalon.core.main.TestCaseMain.startTestSuite(TestCaseMain.java:157)
	at com.kms.katalon.core.main.TestCaseMain$startTestSuite$0.call(Unknown Source)
	at TempTestSuite1576951344125.run(TempTestSuite1576951344125.groovy:36)
Caused by: com.kms.katalon.core.webui.exception.WebElementNotFoundException: Web element with id: 'Object Repository/Page_ ChannelsTest - FirstTeam Mattermost/button_Pinned_SEARCH_button_8b3y5ekuc7rw9kh_b6bb8d' located by 'By.xpath: //button[@id='SEARCH_button_8b3y5ekuc7rw9kh6zrrdqxyg7w']' not found
	at com.kms.katalon.core.webui.common.WebUiCommonHelper.findWebElement(WebUiCommonHelper.java:1154)
	at com.kms.katalon.core.webui.keyword.internal.WebUIAbstractKeyword.findWebElement(WebUIAbstractKeyword.groovy:27)
	at com.kms.katalon.core.webui.keyword.internal.WebUIAbstractKeyword.findWebElement(WebUIAbstractKeyword.groovy:26)
	at com.kms.katalon.core.webui.keyword.builtin.ClickKeyword$_click_closure1.doCall(ClickKeyword.groovy:67)
	at com.kms.katalon.core.webui.keyword.builtin.ClickKeyword$_click_closure1.call(ClickKeyword.groovy)
	at com.kms.katalon.core.webui.keyword.internal.WebUIKeywordMain.runKeyword(WebUIKeywordMain.groovy:20)
	... 19 more


2019-12-22 01:19:01 - [TEST_STEP][PASSED] - openBrowser(""): Browser is opened with url: ''

2019-12-22 01:19:01 - [MESSAGE][WARNING] - A browser is already opened. Closing browser and opening a new one

2019-12-22 01:19:04 - [MESSAGE][INFO] - Starting 'Firefox (headless)' driver

2019-12-22 01:19:11 - [MESSAGE][PASSED] - Browser is opened with url: ''

2019-12-22 01:19:11 - [TEST_STEP][PASSED] - navigateToUrl("https://cs300testautomatic.herokuapp.com/"): Navigate to 'https://cs300testautomatic.herokuapp.com/' successfully

2019-12-22 01:19:16 - [MESSAGE][PASSED] - Navigate to 'https://cs300testautomatic.herokuapp.com/' successfully

2019-12-22 01:19:16 - [TEST_STEP][PASSED] - setText(findTestObject("Page_Mattermost/input_All team communication in one place s_703ef5 (23)"), "giabeuu@gmail.com"): Text 'giabeuu@gmail.com' is set on object 'Object Repository/Page_Mattermost/input_All team communication in one place s_703ef5 (23)'

2019-12-22 01:19:21 - [MESSAGE][PASSED] - Text 'giabeuu@gmail.com' is set on object 'Object Repository/Page_Mattermost/input_All team communication in one place s_703ef5 (23)'

2019-12-22 01:19:21 - [TEST_STEP][PASSED] - setEncryptedText(findTestObject("Page_Mattermost/input_All team communication in one place s_2f2733 (23)"), "GoUae4B8Jrc="): Text ****** has been set on object 'Object Repository/Page_Mattermost/input_All team communication in one place s_2f2733 (23)'

2019-12-22 01:19:21 - [MESSAGE][PASSED] - Text ****** has been set on object 'Object Repository/Page_Mattermost/input_All team communication in one place s_2f2733 (23)'

2019-12-22 01:19:21 - [TEST_STEP][PASSED] - click(findTestObject("Page_Mattermost/button_Sign in (12)")): Object: 'Object Repository/Page_Mattermost/button_Sign in (12)' is clicked on

2019-12-22 01:19:22 - [MESSAGE][PASSED] - Object: 'Object Repository/Page_Mattermost/button_Sign in (12)' is clicked on

2019-12-22 01:19:22 - [TEST_STEP][PASSED] - click(findTestObject("Object Repository/Page_ Town Square - FirstTeam Mattermost/a_ChannelsTest")): Object: 'Object Repository/Page_ Town Square - FirstTeam Mattermost/a_ChannelsTest' is clicked on

2019-12-22 01:19:25 - [MESSAGE][PASSED] - Object: 'Object Repository/Page_ Town Square - FirstTeam Mattermost/a_ChannelsTest' is clicked on

2019-12-22 01:19:25 - [TEST_STEP][PASSED] - click(findTestObject("Object Repository/Page_ ChannelsTest - FirstTeam Mattermost/button_ChannelsTest_channelHeaderPinButton")): Object: 'Object Repository/Page_ ChannelsTest - FirstTeam Mattermost/button_ChannelsTest_channelHeaderPinButton' is clicked on

2019-12-22 01:19:27 - [MESSAGE][PASSED] - Object: 'Object Repository/Page_ ChannelsTest - FirstTeam Mattermost/button_ChannelsTest_channelHeaderPinButton' is clicked on

2019-12-22 01:19:27 - [TEST_STEP][FAILED] - click(findTestObject("Object Repository/Page_ ChannelsTest - FirstTeam Mattermost/button_Pinned_SEARCH_button_8b3y5ekuc7rw9kh_b6bb8d")): Unable to click on object 'Object Repository/Page_ ChannelsTest - FirstTeam Mattermost/button_Pinned_SEARCH_button_8b3y5ekuc7rw9kh_b6bb8d' (Root cause: com.kms.katalon.core.exception.StepFailedException: Unable to click on object 'Object Repository/Page_ ChannelsTest - FirstTeam Mattermost/button_Pinned_SEARCH_button_8b3y5ekuc7rw9kh_b6bb8d'
	at com.kms.katalon.core.webui.keyword.internal.WebUIKeywordMain.stepFailed(WebUIKeywordMain.groovy:64)
	at com.kms.katalon.core.webui.keyword.internal.WebUIKeywordMain.runKeyword(WebUIKeywordMain.groovy:26)
	at com.kms.katalon.core.webui.keyword.builtin.ClickKeyword.click(ClickKeyword.groovy:102)
	at com.kms.katalon.core.webui.keyword.builtin.ClickKeyword.execute(ClickKeyword.groovy:43)
	at com.kms.katalon.core.keyword.internal.KeywordExecutor.executeKeywordForPlatform(KeywordExecutor.groovy:72)
	at com.kms.katalon.core.webui.keyword.WebUiBuiltInKeywords.click(WebUiBuiltInKeywords.groovy:616)
	at com.kms.katalon.core.webui.keyword.WebUiBuiltInKeywords$click$3.call(Unknown Source)
	at TestCase23Un-PinPost.run(TestCase23Un-PinPost:33)
	at com.kms.katalon.core.main.ScriptEngine.run(ScriptEngine.java:194)
	at com.kms.katalon.core.main.ScriptEngine.runScriptAsRawText(ScriptEngine.java:119)
	at com.kms.katalon.core.main.TestCaseExecutor.runScript(TestCaseExecutor.java:337)
	at com.kms.katalon.core.main.TestCaseExecutor.doExecute(TestCaseExecutor.java:328)
	at com.kms.katalon.core.main.TestCaseExecutor.processExecutionPhase(TestCaseExecutor.java:307)
	at com.kms.katalon.core.main.TestCaseExecutor.accessMainPhase(TestCaseExecutor.java:299)
	at com.kms.katalon.core.main.TestCaseExecutor.execute(TestCaseExecutor.java:233)
	at com.kms.katalon.core.main.TestSuiteExecutor.accessTestCaseMainPhase(TestSuiteExecutor.java:169)
	at com.kms.katalon.core.main.TestSuiteExecutor.accessTestSuiteMainPhase(TestSuiteExecutor.java:142)
	at com.kms.katalon.core.main.TestSuiteExecutor.execute(TestSuiteExecutor.java:91)
	at com.kms.katalon.core.main.TestCaseMain.startTestSuite(TestCaseMain.java:157)
	at com.kms.katalon.core.main.TestCaseMain$startTestSuite$0.call(Unknown Source)
	at TempTestSuite1576951344125.run(TempTestSuite1576951344125.groovy:36)
Caused by: com.kms.katalon.core.webui.exception.WebElementNotFoundException: Web element with id: 'Object Repository/Page_ ChannelsTest - FirstTeam Mattermost/button_Pinned_SEARCH_button_8b3y5ekuc7rw9kh_b6bb8d' located by 'By.xpath: //button[@id='SEARCH_button_8b3y5ekuc7rw9kh6zrrdqxyg7w']' not found
	at com.kms.katalon.core.webui.common.WebUiCommonHelper.findWebElement(WebUiCommonHelper.java:1154)
	at com.kms.katalon.core.webui.keyword.internal.WebUIAbstractKeyword.findWebElement(WebUIAbstractKeyword.groovy:27)
	at com.kms.katalon.core.webui.keyword.internal.WebUIAbstractKeyword.findWebElement(WebUIAbstractKeyword.groovy:26)
	at com.kms.katalon.core.webui.keyword.builtin.ClickKeyword$_click_closure1.doCall(ClickKeyword.groovy:67)
	at com.kms.katalon.core.webui.keyword.builtin.ClickKeyword$_click_closure1.call(ClickKeyword.groovy)
	at com.kms.katalon.core.webui.keyword.internal.WebUIKeywordMain.runKeyword(WebUIKeywordMain.groovy:20)
	at com.kms.katalon.core.webui.keyword.builtin.ClickKeyword.click(ClickKeyword.groovy:102)
	at com.kms.katalon.core.webui.keyword.builtin.ClickKeyword.execute(ClickKeyword.groovy:43)
	at com.kms.katalon.core.keyword.internal.KeywordExecutor.executeKeywordForPlatform(KeywordExecutor.groovy:72)
	at com.kms.katalon.core.webui.keyword.WebUiBuiltInKeywords.click(WebUiBuiltInKeywords.groovy:616)
	at com.kms.katalon.core.webui.keyword.WebUiBuiltInKeywords$click$3.call(Unknown Source)
	at Script1576863258391.run(Script1576863258391.groovy:33)
	... 13 more
)

2019-12-22 01:19:58 - [MESSAGE][INFO] - Unable to find the element located by 'By.xpath: //button[@id='SEARCH_button_8b3y5ekuc7rw9kh6zrrdqxyg7w']'. Please recheck the objects properties to make sure the desired element is located. 

2019-12-22 01:19:58 - [MESSAGE][INFO] - [SMART_XPATH] Auto-trying out other XPath values in the test object.

2019-12-22 01:19:58 - [MESSAGE][INFO] - [SMART_XPATH] FAILED XPATH: '//button[@id='SEARCH_button_8b3y5ekuc7rw9kh6zrrdqxyg7w']'.

2019-12-22 01:19:58 - [MESSAGE][INFO] - [SMART_XPATH] FAILED XPATH: '//div[@id='search-items-container']/div/div[2]/div[2]/div[2]/div/div[3]/div/button'.

2019-12-22 01:19:58 - [MESSAGE][INFO] - [SMART_XPATH] FAILED XPATH: '//div[3]/div/button'.

2019-12-22 01:19:58 - [MESSAGE][INFO] - [SMART_XPATH] No working XPath is found.

2019-12-22 01:19:58 - [MESSAGE][FAILED] - Unable to click on object 'Object Repository/Page_ ChannelsTest - FirstTeam Mattermost/button_Pinned_SEARCH_button_8b3y5ekuc7rw9kh_b6bb8d' (Root cause: com.kms.katalon.core.exception.StepFailedException: Unable to click on object 'Object Repository/Page_ ChannelsTest - FirstTeam Mattermost/button_Pinned_SEARCH_button_8b3y5ekuc7rw9kh_b6bb8d'
	at com.kms.katalon.core.webui.keyword.internal.WebUIKeywordMain.stepFailed(WebUIKeywordMain.groovy:64)
	at com.kms.katalon.core.webui.keyword.internal.WebUIKeywordMain.runKeyword(WebUIKeywordMain.groovy:26)
	at com.kms.katalon.core.webui.keyword.builtin.ClickKeyword.click(ClickKeyword.groovy:102)
	at com.kms.katalon.core.webui.keyword.builtin.ClickKeyword.execute(ClickKeyword.groovy:43)
	at com.kms.katalon.core.keyword.internal.KeywordExecutor.executeKeywordForPlatform(KeywordExecutor.groovy:72)
	at com.kms.katalon.core.webui.keyword.WebUiBuiltInKeywords.click(WebUiBuiltInKeywords.groovy:616)
	at com.kms.katalon.core.webui.keyword.WebUiBuiltInKeywords$click$3.call(Unknown Source)
	at TestCase23Un-PinPost.run(TestCase23Un-PinPost:33)
	at com.kms.katalon.core.main.ScriptEngine.run(ScriptEngine.java:194)
	at com.kms.katalon.core.main.ScriptEngine.runScriptAsRawText(ScriptEngine.java:119)
	at com.kms.katalon.core.main.TestCaseExecutor.runScript(TestCaseExecutor.java:337)
	at com.kms.katalon.core.main.TestCaseExecutor.doExecute(TestCaseExecutor.java:328)
	at com.kms.katalon.core.main.TestCaseExecutor.processExecutionPhase(TestCaseExecutor.java:307)
	at com.kms.katalon.core.main.TestCaseExecutor.accessMainPhase(TestCaseExecutor.java:299)
	at com.kms.katalon.core.main.TestCaseExecutor.execute(TestCaseExecutor.java:233)
	at com.kms.katalon.core.main.TestSuiteExecutor.accessTestCaseMainPhase(TestSuiteExecutor.java:169)
	at com.kms.katalon.core.main.TestSuiteExecutor.accessTestSuiteMainPhase(TestSuiteExecutor.java:142)
	at com.kms.katalon.core.main.TestSuiteExecutor.execute(TestSuiteExecutor.java:91)
	at com.kms.katalon.core.main.TestCaseMain.startTestSuite(TestCaseMain.java:157)
	at com.kms.katalon.core.main.TestCaseMain$startTestSuite$0.call(Unknown Source)
	at TempTestSuite1576951344125.run(TempTestSuite1576951344125.groovy:36)
Caused by: com.kms.katalon.core.webui.exception.WebElementNotFoundException: Web element with id: 'Object Repository/Page_ ChannelsTest - FirstTeam Mattermost/button_Pinned_SEARCH_button_8b3y5ekuc7rw9kh_b6bb8d' located by 'By.xpath: //button[@id='SEARCH_button_8b3y5ekuc7rw9kh6zrrdqxyg7w']' not found
	at com.kms.katalon.core.webui.common.WebUiCommonHelper.findWebElement(WebUiCommonHelper.java:1154)
	at com.kms.katalon.core.webui.keyword.internal.WebUIAbstractKeyword.findWebElement(WebUIAbstractKeyword.groovy:27)
	at com.kms.katalon.core.webui.keyword.internal.WebUIAbstractKeyword.findWebElement(WebUIAbstractKeyword.groovy:26)
	at com.kms.katalon.core.webui.keyword.builtin.ClickKeyword$_click_closure1.doCall(ClickKeyword.groovy:67)
	at com.kms.katalon.core.webui.keyword.builtin.ClickKeyword$_click_closure1.call(ClickKeyword.groovy)
	at com.kms.katalon.core.webui.keyword.internal.WebUIKeywordMain.runKeyword(WebUIKeywordMain.groovy:20)
	at com.kms.katalon.core.webui.keyword.builtin.ClickKeyword.click(ClickKeyword.groovy:102)
	at com.kms.katalon.core.webui.keyword.builtin.ClickKeyword.execute(ClickKeyword.groovy:43)
	at com.kms.katalon.core.keyword.internal.KeywordExecutor.executeKeywordForPlatform(KeywordExecutor.groovy:72)
	at com.kms.katalon.core.webui.keyword.WebUiBuiltInKeywords.click(WebUiBuiltInKeywords.groovy:616)
	at com.kms.katalon.core.webui.keyword.WebUiBuiltInKeywords$click$3.call(Unknown Source)
	at Script1576863258391.run(Script1576863258391.groovy:33)
	... 13 more
)
[[ATTACHMENT|D:\\Learning\\School\\2019-2020-HK1\\CS300\\CS300AutomaticWebTesting\\Reports\\20191222_010224\\Run All Test Cases\\20191222_010224\\1576952398765.png]]]]></system-out>
         <system-err><![CDATA[2019-12-22 01:19:01 - [TEST_CASE][FAILED] - Test Cases/TestCase23Un-PinPost: Test Cases/TestCase23Un-PinPost FAILED.
Reason:
com.kms.katalon.core.exception.StepFailedException: Unable to click on object 'Object Repository/Page_ ChannelsTest - FirstTeam Mattermost/button_Pinned_SEARCH_button_8b3y5ekuc7rw9kh_b6bb8d'
	at com.kms.katalon.core.webui.keyword.internal.WebUIKeywordMain.stepFailed(WebUIKeywordMain.groovy:64)
	at com.kms.katalon.core.webui.keyword.internal.WebUIKeywordMain.runKeyword(WebUIKeywordMain.groovy:26)
	at com.kms.katalon.core.webui.keyword.builtin.ClickKeyword.click(ClickKeyword.groovy:102)
	at com.kms.katalon.core.webui.keyword.builtin.ClickKeyword.execute(ClickKeyword.groovy:43)
	at com.kms.katalon.core.keyword.internal.KeywordExecutor.executeKeywordForPlatform(KeywordExecutor.groovy:72)
	at com.kms.katalon.core.webui.keyword.WebUiBuiltInKeywords.click(WebUiBuiltInKeywords.groovy:616)
	at com.kms.katalon.core.webui.keyword.WebUiBuiltInKeywords$click$3.call(Unknown Source)
	at TestCase23Un-PinPost.run(TestCase23Un-PinPost:33)
	at com.kms.katalon.core.main.ScriptEngine.run(ScriptEngine.java:194)
	at com.kms.katalon.core.main.ScriptEngine.runScriptAsRawText(ScriptEngine.java:119)
	at com.kms.katalon.core.main.TestCaseExecutor.runScript(TestCaseExecutor.java:337)
	at com.kms.katalon.core.main.TestCaseExecutor.doExecute(TestCaseExecutor.java:328)
	at com.kms.katalon.core.main.TestCaseExecutor.processExecutionPhase(TestCaseExecutor.java:307)
	at com.kms.katalon.core.main.TestCaseExecutor.accessMainPhase(TestCaseExecutor.java:299)
	at com.kms.katalon.core.main.TestCaseExecutor.execute(TestCaseExecutor.java:233)
	at com.kms.katalon.core.main.TestSuiteExecutor.accessTestCaseMainPhase(TestSuiteExecutor.java:169)
	at com.kms.katalon.core.main.TestSuiteExecutor.accessTestSuiteMainPhase(TestSuiteExecutor.java:142)
	at com.kms.katalon.core.main.TestSuiteExecutor.execute(TestSuiteExecutor.java:91)
	at com.kms.katalon.core.main.TestCaseMain.startTestSuite(TestCaseMain.java:157)
	at com.kms.katalon.core.main.TestCaseMain$startTestSuite$0.call(Unknown Source)
	at TempTestSuite1576951344125.run(TempTestSuite1576951344125.groovy:36)
Caused by: com.kms.katalon.core.webui.exception.WebElementNotFoundException: Web element with id: 'Object Repository/Page_ ChannelsTest - FirstTeam Mattermost/button_Pinned_SEARCH_button_8b3y5ekuc7rw9kh_b6bb8d' located by 'By.xpath: //button[@id='SEARCH_button_8b3y5ekuc7rw9kh6zrrdqxyg7w']' not found
	at com.kms.katalon.core.webui.common.WebUiCommonHelper.findWebElement(WebUiCommonHelper.java:1154)
	at com.kms.katalon.core.webui.keyword.internal.WebUIAbstractKeyword.findWebElement(WebUIAbstractKeyword.groovy:27)
	at com.kms.katalon.core.webui.keyword.internal.WebUIAbstractKeyword.findWebElement(WebUIAbstractKeyword.groovy:26)
	at com.kms.katalon.core.webui.keyword.builtin.ClickKeyword$_click_closure1.doCall(ClickKeyword.groovy:67)
	at com.kms.katalon.core.webui.keyword.builtin.ClickKeyword$_click_closure1.call(ClickKeyword.groovy)
	at com.kms.katalon.core.webui.keyword.internal.WebUIKeywordMain.runKeyword(WebUIKeywordMain.groovy:20)
	... 19 more]]></system-err>
      </testcase>
      <testcase name="Test Cases/TestCase24AddNewHeaderOnOff-TopicChannel" time="118.519" classname="Test Cases/TestCase24AddNewHeaderOnOff-TopicChannel" status="FAILED">
         <failure type="FAILED" message="Test Cases/TestCase24AddNewHeaderOnOff-TopicChannel FAILED.
Reason:
com.kms.katalon.core.exception.StepFailedException: Unable to set text 'T' of object 'Object Repository/Page_ Off-Topic - FirstTeam Mattermost/textarea_Edit the Channel Header_edit_textbox'
	at com.kms.katalon.core.webui.keyword.internal.WebUIKeywordMain.stepFailed(WebUIKeywordMain.groovy:64)
	at com.kms.katalon.core.webui.keyword.internal.WebUIKeywordMain.runKeyword(WebUIKeywordMain.groovy:26)
	at com.kms.katalon.core.webui.keyword.builtin.SetTextKeyword.setText(SetTextKeyword.groovy:66)
	at com.kms.katalon.core.webui.keyword.builtin.SetTextKeyword.execute(SetTextKeyword.groovy:37)
	at com.kms.katalon.core.keyword.internal.KeywordExecutor.executeKeywordForPlatform(KeywordExecutor.groovy:72)
	at com.kms.katalon.core.webui.keyword.WebUiBuiltInKeywords.setText(WebUiBuiltInKeywords.groovy:950)
	at com.kms.katalon.core.webui.keyword.WebUiBuiltInKeywords$setText$1.call(Unknown Source)
	at TestCase24AddNewHeaderOnOff-TopicChannel.run(TestCase24AddNewHeaderOnOff-TopicChannel:35)
	at com.kms.katalon.core.main.ScriptEngine.run(ScriptEngine.java:194)
	at com.kms.katalon.core.main.ScriptEngine.runScriptAsRawText(ScriptEngine.java:119)
	at com.kms.katalon.core.main.TestCaseExecutor.runScript(TestCaseExecutor.java:337)
	at com.kms.katalon.core.main.TestCaseExecutor.doExecute(TestCaseExecutor.java:328)
	at com.kms.katalon.core.main.TestCaseExecutor.processExecutionPhase(TestCaseExecutor.java:307)
	at com.kms.katalon.core.main.TestCaseExecutor.accessMainPhase(TestCaseExecutor.java:299)
	at com.kms.katalon.core.main.TestCaseExecutor.execute(TestCaseExecutor.java:233)
	at com.kms.katalon.core.main.TestSuiteExecutor.accessTestCaseMainPhase(TestSuiteExecutor.java:169)
	at com.kms.katalon.core.main.TestSuiteExecutor.accessTestSuiteMainPhase(TestSuiteExecutor.java:142)
	at com.kms.katalon.core.main.TestSuiteExecutor.execute(TestSuiteExecutor.java:91)
	at com.kms.katalon.core.main.TestCaseMain.startTestSuite(TestCaseMain.java:157)
	at com.kms.katalon.core.main.TestCaseMain$startTestSuite$0.call(Unknown Source)
	at TempTestSuite1576951344125.run(TempTestSuite1576951344125.groovy:36)
Caused by: com.kms.katalon.core.webui.exception.WebElementNotFoundException: Web element with id: 'Object Repository/Page_ Off-Topic - FirstTeam Mattermost/textarea_Edit the Channel Header_edit_textbox' located by 'By.xpath: //textarea[@id='edit_textbox']' not found
	at com.kms.katalon.core.webui.common.WebUiCommonHelper.findWebElement(WebUiCommonHelper.java:1154)
	at com.kms.katalon.core.webui.keyword.internal.WebUIAbstractKeyword.findWebElement(WebUIAbstractKeyword.groovy:27)
	at com.kms.katalon.core.webui.keyword.internal.WebUIAbstractKeyword.findWebElement(WebUIAbstractKeyword.groovy:26)
	at com.kms.katalon.core.webui.keyword.builtin.SetTextKeyword$_setText_closure1.doCall(SetTextKeyword.groovy:51)
	at com.kms.katalon.core.webui.keyword.builtin.SetTextKeyword$_setText_closure1.call(SetTextKeyword.groovy)
	at com.kms.katalon.core.webui.keyword.internal.WebUIKeywordMain.runKeyword(WebUIKeywordMain.groovy:20)
	... 19 more
"/>
         <system-out><![CDATA[2019-12-22 01:19:58 - [TEST_CASE][FAILED] - Test Cases/TestCase24AddNewHeaderOnOff-TopicChannel: Test Cases/TestCase24AddNewHeaderOnOff-TopicChannel FAILED.
Reason:
com.kms.katalon.core.exception.StepFailedException: Unable to set text 'T' of object 'Object Repository/Page_ Off-Topic - FirstTeam Mattermost/textarea_Edit the Channel Header_edit_textbox'
	at com.kms.katalon.core.webui.keyword.internal.WebUIKeywordMain.stepFailed(WebUIKeywordMain.groovy:64)
	at com.kms.katalon.core.webui.keyword.internal.WebUIKeywordMain.runKeyword(WebUIKeywordMain.groovy:26)
	at com.kms.katalon.core.webui.keyword.builtin.SetTextKeyword.setText(SetTextKeyword.groovy:66)
	at com.kms.katalon.core.webui.keyword.builtin.SetTextKeyword.execute(SetTextKeyword.groovy:37)
	at com.kms.katalon.core.keyword.internal.KeywordExecutor.executeKeywordForPlatform(KeywordExecutor.groovy:72)
	at com.kms.katalon.core.webui.keyword.WebUiBuiltInKeywords.setText(WebUiBuiltInKeywords.groovy:950)
	at com.kms.katalon.core.webui.keyword.WebUiBuiltInKeywords$setText$1.call(Unknown Source)
	at TestCase24AddNewHeaderOnOff-TopicChannel.run(TestCase24AddNewHeaderOnOff-TopicChannel:35)
	at com.kms.katalon.core.main.ScriptEngine.run(ScriptEngine.java:194)
	at com.kms.katalon.core.main.ScriptEngine.runScriptAsRawText(ScriptEngine.java:119)
	at com.kms.katalon.core.main.TestCaseExecutor.runScript(TestCaseExecutor.java:337)
	at com.kms.katalon.core.main.TestCaseExecutor.doExecute(TestCaseExecutor.java:328)
	at com.kms.katalon.core.main.TestCaseExecutor.processExecutionPhase(TestCaseExecutor.java:307)
	at com.kms.katalon.core.main.TestCaseExecutor.accessMainPhase(TestCaseExecutor.java:299)
	at com.kms.katalon.core.main.TestCaseExecutor.execute(TestCaseExecutor.java:233)
	at com.kms.katalon.core.main.TestSuiteExecutor.accessTestCaseMainPhase(TestSuiteExecutor.java:169)
	at com.kms.katalon.core.main.TestSuiteExecutor.accessTestSuiteMainPhase(TestSuiteExecutor.java:142)
	at com.kms.katalon.core.main.TestSuiteExecutor.execute(TestSuiteExecutor.java:91)
	at com.kms.katalon.core.main.TestCaseMain.startTestSuite(TestCaseMain.java:157)
	at com.kms.katalon.core.main.TestCaseMain$startTestSuite$0.call(Unknown Source)
	at TempTestSuite1576951344125.run(TempTestSuite1576951344125.groovy:36)
Caused by: com.kms.katalon.core.webui.exception.WebElementNotFoundException: Web element with id: 'Object Repository/Page_ Off-Topic - FirstTeam Mattermost/textarea_Edit the Channel Header_edit_textbox' located by 'By.xpath: //textarea[@id='edit_textbox']' not found
	at com.kms.katalon.core.webui.common.WebUiCommonHelper.findWebElement(WebUiCommonHelper.java:1154)
	at com.kms.katalon.core.webui.keyword.internal.WebUIAbstractKeyword.findWebElement(WebUIAbstractKeyword.groovy:27)
	at com.kms.katalon.core.webui.keyword.internal.WebUIAbstractKeyword.findWebElement(WebUIAbstractKeyword.groovy:26)
	at com.kms.katalon.core.webui.keyword.builtin.SetTextKeyword$_setText_closure1.doCall(SetTextKeyword.groovy:51)
	at com.kms.katalon.core.webui.keyword.builtin.SetTextKeyword$_setText_closure1.call(SetTextKeyword.groovy)
	at com.kms.katalon.core.webui.keyword.internal.WebUIKeywordMain.runKeyword(WebUIKeywordMain.groovy:20)
	... 19 more


2019-12-22 01:19:59 - [TEST_STEP][PASSED] - openBrowser(""): Browser is opened with url: ''

2019-12-22 01:19:59 - [MESSAGE][WARNING] - A browser is already opened. Closing browser and opening a new one

2019-12-22 01:20:02 - [MESSAGE][INFO] - Starting 'Firefox (headless)' driver

2019-12-22 01:20:08 - [MESSAGE][PASSED] - Browser is opened with url: ''

2019-12-22 01:20:08 - [TEST_STEP][PASSED] - navigateToUrl("https://cs300testautomatic.herokuapp.com/"): Navigate to 'https://cs300testautomatic.herokuapp.com/' successfully

2019-12-22 01:20:13 - [MESSAGE][PASSED] - Navigate to 'https://cs300testautomatic.herokuapp.com/' successfully

2019-12-22 01:20:13 - [TEST_STEP][PASSED] - setText(findTestObject("Page_Mattermost/input_All team communication in one place s_703ef5 (14)"), "giabeuu@gmail.com"): Text 'giabeuu@gmail.com' is set on object 'Object Repository/Page_Mattermost/input_All team communication in one place s_703ef5 (14)'

2019-12-22 01:20:19 - [MESSAGE][PASSED] - Text 'giabeuu@gmail.com' is set on object 'Object Repository/Page_Mattermost/input_All team communication in one place s_703ef5 (14)'

2019-12-22 01:20:19 - [TEST_STEP][PASSED] - setEncryptedText(findTestObject("Page_Mattermost/input_All team communication in one place s_2f2733 (14)"), "GoUae4B8Jrc="): Text ****** has been set on object 'Object Repository/Page_Mattermost/input_All team communication in one place s_2f2733 (14)'

2019-12-22 01:20:19 - [MESSAGE][PASSED] - Text ****** has been set on object 'Object Repository/Page_Mattermost/input_All team communication in one place s_2f2733 (14)'

2019-12-22 01:20:19 - [TEST_STEP][PASSED] - click(findTestObject("Page_Mattermost/button_Sign in (4)")): Object: 'Object Repository/Page_Mattermost/button_Sign in (4)' is clicked on

2019-12-22 01:20:19 - [MESSAGE][PASSED] - Object: 'Object Repository/Page_Mattermost/button_Sign in (4)' is clicked on

2019-12-22 01:20:19 - [TEST_STEP][PASSED] - click(findTestObject("Page_ Town Square - FirstTeam Mattermost/div_Fi (6)")): Object: 'Object Repository/Page_ Town Square - FirstTeam Mattermost/div_Fi (6)' is clicked on

2019-12-22 01:20:50 - [MESSAGE][INFO] - Unable to find the element located by 'By.xpath: //a[@id='firstteamTeamButton']/div/div/div'. Please recheck the objects properties to make sure the desired element is located. 

2019-12-22 01:20:50 - [MESSAGE][INFO] - [SMART_XPATH] Auto-trying out other XPath values in the test object.

2019-12-22 01:20:50 - [MESSAGE][INFO] - [SMART_XPATH] FAILED XPATH: '//a[@id='firstteamTeamButton']/div/div/div'.

2019-12-22 01:20:50 - [MESSAGE][INFO] - [SMART_XPATH] WORKING XPATH: '(.//*[normalize-space(text()) and normalize-space(.)='FirstTeam'])[1]/following::div[9]'.

2019-12-22 01:20:51 - [MESSAGE][INFO] - [SMART_XPATH] Screenshot: D:/Learning/School/2019-2020-HK1/CS300/CS300AutomaticWebTesting/Reports/smart_xpath/Object Repository/Page_ Town Square - FirstTeam Mattermost/div_Fi (6)_neighbor_12.png

2019-12-22 01:20:51 - [MESSAGE][INFO] - [SMART_XPATH] FAILED XPATH: '(.//*[normalize-space(text()) and normalize-space(.)='Fi'])[2]/preceding::div[1]'.

2019-12-22 01:20:51 - [MESSAGE][INFO] - [SMART_XPATH] WORKING XPATH: '(.//*[normalize-space(text()) and normalize-space(.)='Se'])[1]/preceding::div[5]'.

2019-12-22 01:20:51 - [MESSAGE][INFO] - [SMART_XPATH] Screenshot: D:/Learning/School/2019-2020-HK1/CS300/CS300AutomaticWebTesting/Reports/smart_xpath/Object Repository/Page_ Town Square - FirstTeam Mattermost/div_Fi (6)_neighbor_13.png

2019-12-22 01:20:51 - [MESSAGE][INFO] - [SMART_XPATH] WORKING XPATH: '//*/text()[normalize-space(.)='Fi']/parent::*'.

2019-12-22 01:20:51 - [MESSAGE][INFO] - [SMART_XPATH] Screenshot: D:/Learning/School/2019-2020-HK1/CS300/CS300AutomaticWebTesting/Reports/smart_xpath/Object Repository/Page_ Town Square - FirstTeam Mattermost/div_Fi (6)_neighbor_14.png

2019-12-22 01:20:51 - [MESSAGE][INFO] - [SMART_XPATH] WORKING XPATH: '//a/div/div/div'.

2019-12-22 01:20:51 - [MESSAGE][INFO] - [SMART_XPATH] Screenshot: D:/Learning/School/2019-2020-HK1/CS300/CS300AutomaticWebTesting/Reports/smart_xpath/Object Repository/Page_ Town Square - FirstTeam Mattermost/div_Fi (6)_position.png

2019-12-22 01:20:51 - [MESSAGE][ERROR] - [SMART_XPATH] D:\Learning\School\2019-2020-HK1\CS300\CS300AutomaticWebTesting\Reports\smart_xpath\waiting-for-approval.json (The system cannot find the file specified)

2019-12-22 01:20:51 - [MESSAGE][ERROR] - [SMART_XPATH] D:/Learning/School/2019-2020-HK1/CS300/CS300AutomaticWebTesting/Reports/smart_xpath/waiting-for-approval.json does not exist or is provided by Smart XPath Plugin!

2019-12-22 01:20:51 - [MESSAGE][INFO] - [SMART_XPATH] Selected Smart XPath: '(.//*[normalize-space(text()) and normalize-space(.)='FirstTeam'])[1]/following::div[9]'.

2019-12-22 01:20:51 - [MESSAGE][INFO] - [SMART_XPATH] Continuing executing the test case!

2019-12-22 01:20:52 - [MESSAGE][PASSED] - Object: 'Object Repository/Page_ Town Square - FirstTeam Mattermost/div_Fi (6)' is clicked on

2019-12-22 01:20:52 - [TEST_STEP][PASSED] - click(findTestObject("Object Repository/Page_ Town Square - FirstTeam Mattermost/span_Off-Topic")): Object: 'Object Repository/Page_ Town Square - FirstTeam Mattermost/span_Off-Topic' is clicked on

2019-12-22 01:20:52 - [MESSAGE][PASSED] - Object: 'Object Repository/Page_ Town Square - FirstTeam Mattermost/span_Off-Topic' is clicked on

2019-12-22 01:20:52 - [TEST_STEP][PASSED] - click(findTestObject("Object Repository/Page_ Off-Topic - FirstTeam Mattermost/span_Add a channel description")): Object: 'Object Repository/Page_ Off-Topic - FirstTeam Mattermost/span_Add a channel description' is clicked on

2019-12-22 01:21:24 - [MESSAGE][INFO] - Unable to find the element located by 'By.xpath: //div[@id='channelHeaderDescription']/button/span'. Please recheck the objects properties to make sure the desired element is located. 

2019-12-22 01:21:24 - [MESSAGE][INFO] - [SMART_XPATH] Auto-trying out other XPath values in the test object.

2019-12-22 01:21:24 - [MESSAGE][INFO] - [SMART_XPATH] FAILED XPATH: '//div[@id='channelHeaderDescription']/button/span'.

2019-12-22 01:21:24 - [MESSAGE][INFO] - [SMART_XPATH] WORKING XPATH: '(.//*[normalize-space(text()) and normalize-space(.)='Off-Topic'])[3]/following::span[2]'.

2019-12-22 01:21:24 - [MESSAGE][INFO] - [SMART_XPATH] Screenshot: D:/Learning/School/2019-2020-HK1/CS300/CS300AutomaticWebTesting/Reports/smart_xpath/Object Repository/Page_ Off-Topic - FirstTeam Mattermost/span_Add a channel description_neighbor_13.png

2019-12-22 01:21:24 - [MESSAGE][INFO] - [SMART_XPATH] WORKING XPATH: '(.//*[normalize-space(text()) and normalize-space(.)='Drop a file to upload it.'])[1]/following::span[3]'.

2019-12-22 01:21:25 - [MESSAGE][INFO] - [SMART_XPATH] Screenshot: D:/Learning/School/2019-2020-HK1/CS300/CS300AutomaticWebTesting/Reports/smart_xpath/Object Repository/Page_ Off-Topic - FirstTeam Mattermost/span_Add a channel description_neighbor_14.png

2019-12-22 01:21:25 - [MESSAGE][INFO] - [SMART_XPATH] WORKING XPATH: '(.//*[normalize-space(text()) and normalize-space(.)='Search Options'])[1]/preceding::span[6]'.

2019-12-22 01:21:25 - [MESSAGE][INFO] - [SMART_XPATH] Screenshot: D:/Learning/School/2019-2020-HK1/CS300/CS300AutomaticWebTesting/Reports/smart_xpath/Object Repository/Page_ Off-Topic - FirstTeam Mattermost/span_Add a channel description_neighbor_15.png

2019-12-22 01:21:25 - [MESSAGE][INFO] - [SMART_XPATH] FAILED XPATH: '//*/text()[normalize-space(.)='Add a channel description']/parent::*'.

2019-12-22 01:21:25 - [MESSAGE][INFO] - [SMART_XPATH] WORKING XPATH: '//div[2]/button/span'.

2019-12-22 01:21:25 - [MESSAGE][INFO] - [SMART_XPATH] Screenshot: D:/Learning/School/2019-2020-HK1/CS300/CS300AutomaticWebTesting/Reports/smart_xpath/Object Repository/Page_ Off-Topic - FirstTeam Mattermost/span_Add a channel description_position.png

2019-12-22 01:21:25 - [MESSAGE][ERROR] - [SMART_XPATH] D:\Learning\School\2019-2020-HK1\CS300\CS300AutomaticWebTesting\Reports\smart_xpath\waiting-for-approval.json (The system cannot find the file specified)

2019-12-22 01:21:25 - [MESSAGE][ERROR] - [SMART_XPATH] D:/Learning/School/2019-2020-HK1/CS300/CS300AutomaticWebTesting/Reports/smart_xpath/waiting-for-approval.json does not exist or is provided by Smart XPath Plugin!

2019-12-22 01:21:25 - [MESSAGE][INFO] - [SMART_XPATH] Selected Smart XPath: '(.//*[normalize-space(text()) and normalize-space(.)='Off-Topic'])[3]/following::span[2]'.

2019-12-22 01:21:25 - [MESSAGE][INFO] - [SMART_XPATH] Continuing executing the test case!

2019-12-22 01:21:26 - [MESSAGE][PASSED] - Object: 'Object Repository/Page_ Off-Topic - FirstTeam Mattermost/span_Add a channel description' is clicked on

2019-12-22 01:21:26 - [TEST_STEP][FAILED] - setText(findTestObject("Object Repository/Page_ Off-Topic - FirstTeam Mattermost/textarea_Edit the Channel Header_edit_textbox"), "T"): Unable to set text 'T' of object 'Object Repository/Page_ Off-Topic - FirstTeam Mattermost/textarea_Edit the Channel Header_edit_textbox' (Root cause: com.kms.katalon.core.exception.StepFailedException: Unable to set text 'T' of object 'Object Repository/Page_ Off-Topic - FirstTeam Mattermost/textarea_Edit the Channel Header_edit_textbox'
	at com.kms.katalon.core.webui.keyword.internal.WebUIKeywordMain.stepFailed(WebUIKeywordMain.groovy:64)
	at com.kms.katalon.core.webui.keyword.internal.WebUIKeywordMain.runKeyword(WebUIKeywordMain.groovy:26)
	at com.kms.katalon.core.webui.keyword.builtin.SetTextKeyword.setText(SetTextKeyword.groovy:66)
	at com.kms.katalon.core.webui.keyword.builtin.SetTextKeyword.execute(SetTextKeyword.groovy:37)
	at com.kms.katalon.core.keyword.internal.KeywordExecutor.executeKeywordForPlatform(KeywordExecutor.groovy:72)
	at com.kms.katalon.core.webui.keyword.WebUiBuiltInKeywords.setText(WebUiBuiltInKeywords.groovy:950)
	at com.kms.katalon.core.webui.keyword.WebUiBuiltInKeywords$setText$1.call(Unknown Source)
	at TestCase24AddNewHeaderOnOff-TopicChannel.run(TestCase24AddNewHeaderOnOff-TopicChannel:35)
	at com.kms.katalon.core.main.ScriptEngine.run(ScriptEngine.java:194)
	at com.kms.katalon.core.main.ScriptEngine.runScriptAsRawText(ScriptEngine.java:119)
	at com.kms.katalon.core.main.TestCaseExecutor.runScript(TestCaseExecutor.java:337)
	at com.kms.katalon.core.main.TestCaseExecutor.doExecute(TestCaseExecutor.java:328)
	at com.kms.katalon.core.main.TestCaseExecutor.processExecutionPhase(TestCaseExecutor.java:307)
	at com.kms.katalon.core.main.TestCaseExecutor.accessMainPhase(TestCaseExecutor.java:299)
	at com.kms.katalon.core.main.TestCaseExecutor.execute(TestCaseExecutor.java:233)
	at com.kms.katalon.core.main.TestSuiteExecutor.accessTestCaseMainPhase(TestSuiteExecutor.java:169)
	at com.kms.katalon.core.main.TestSuiteExecutor.accessTestSuiteMainPhase(TestSuiteExecutor.java:142)
	at com.kms.katalon.core.main.TestSuiteExecutor.execute(TestSuiteExecutor.java:91)
	at com.kms.katalon.core.main.TestCaseMain.startTestSuite(TestCaseMain.java:157)
	at com.kms.katalon.core.main.TestCaseMain$startTestSuite$0.call(Unknown Source)
	at TempTestSuite1576951344125.run(TempTestSuite1576951344125.groovy:36)
Caused by: com.kms.katalon.core.webui.exception.WebElementNotFoundException: Web element with id: 'Object Repository/Page_ Off-Topic - FirstTeam Mattermost/textarea_Edit the Channel Header_edit_textbox' located by 'By.xpath: //textarea[@id='edit_textbox']' not found
	at com.kms.katalon.core.webui.common.WebUiCommonHelper.findWebElement(WebUiCommonHelper.java:1154)
	at com.kms.katalon.core.webui.keyword.internal.WebUIAbstractKeyword.findWebElement(WebUIAbstractKeyword.groovy:27)
	at com.kms.katalon.core.webui.keyword.internal.WebUIAbstractKeyword.findWebElement(WebUIAbstractKeyword.groovy:26)
	at com.kms.katalon.core.webui.keyword.builtin.SetTextKeyword$_setText_closure1.doCall(SetTextKeyword.groovy:51)
	at com.kms.katalon.core.webui.keyword.builtin.SetTextKeyword$_setText_closure1.call(SetTextKeyword.groovy)
	at com.kms.katalon.core.webui.keyword.internal.WebUIKeywordMain.runKeyword(WebUIKeywordMain.groovy:20)
	at com.kms.katalon.core.webui.keyword.builtin.SetTextKeyword.setText(SetTextKeyword.groovy:66)
	at com.kms.katalon.core.webui.keyword.builtin.SetTextKeyword.execute(SetTextKeyword.groovy:37)
	at com.kms.katalon.core.keyword.internal.KeywordExecutor.executeKeywordForPlatform(KeywordExecutor.groovy:72)
	at com.kms.katalon.core.webui.keyword.WebUiBuiltInKeywords.setText(WebUiBuiltInKeywords.groovy:950)
	at com.kms.katalon.core.webui.keyword.WebUiBuiltInKeywords$setText$1.call(Unknown Source)
	at Script1576857885488.run(Script1576857885488.groovy:35)
	... 13 more
)

2019-12-22 01:21:57 - [MESSAGE][INFO] - Unable to find the element located by 'By.xpath: //textarea[@id='edit_textbox']'. Please recheck the objects properties to make sure the desired element is located. 

2019-12-22 01:21:57 - [MESSAGE][INFO] - [SMART_XPATH] Auto-trying out other XPath values in the test object.

2019-12-22 01:21:57 - [MESSAGE][INFO] - [SMART_XPATH] FAILED XPATH: '//textarea[@id='edit_textbox']'.

2019-12-22 01:21:57 - [MESSAGE][INFO] - [SMART_XPATH] FAILED XPATH: '//div[2]/div/div/div/div/div[2]/textarea'.

2019-12-22 01:21:57 - [MESSAGE][INFO] - [SMART_XPATH] No working XPath is found.

2019-12-22 01:21:57 - [MESSAGE][FAILED] - Unable to set text 'T' of object 'Object Repository/Page_ Off-Topic - FirstTeam Mattermost/textarea_Edit the Channel Header_edit_textbox' (Root cause: com.kms.katalon.core.exception.StepFailedException: Unable to set text 'T' of object 'Object Repository/Page_ Off-Topic - FirstTeam Mattermost/textarea_Edit the Channel Header_edit_textbox'
	at com.kms.katalon.core.webui.keyword.internal.WebUIKeywordMain.stepFailed(WebUIKeywordMain.groovy:64)
	at com.kms.katalon.core.webui.keyword.internal.WebUIKeywordMain.runKeyword(WebUIKeywordMain.groovy:26)
	at com.kms.katalon.core.webui.keyword.builtin.SetTextKeyword.setText(SetTextKeyword.groovy:66)
	at com.kms.katalon.core.webui.keyword.builtin.SetTextKeyword.execute(SetTextKeyword.groovy:37)
	at com.kms.katalon.core.keyword.internal.KeywordExecutor.executeKeywordForPlatform(KeywordExecutor.groovy:72)
	at com.kms.katalon.core.webui.keyword.WebUiBuiltInKeywords.setText(WebUiBuiltInKeywords.groovy:950)
	at com.kms.katalon.core.webui.keyword.WebUiBuiltInKeywords$setText$1.call(Unknown Source)
	at TestCase24AddNewHeaderOnOff-TopicChannel.run(TestCase24AddNewHeaderOnOff-TopicChannel:35)
	at com.kms.katalon.core.main.ScriptEngine.run(ScriptEngine.java:194)
	at com.kms.katalon.core.main.ScriptEngine.runScriptAsRawText(ScriptEngine.java:119)
	at com.kms.katalon.core.main.TestCaseExecutor.runScript(TestCaseExecutor.java:337)
	at com.kms.katalon.core.main.TestCaseExecutor.doExecute(TestCaseExecutor.java:328)
	at com.kms.katalon.core.main.TestCaseExecutor.processExecutionPhase(TestCaseExecutor.java:307)
	at com.kms.katalon.core.main.TestCaseExecutor.accessMainPhase(TestCaseExecutor.java:299)
	at com.kms.katalon.core.main.TestCaseExecutor.execute(TestCaseExecutor.java:233)
	at com.kms.katalon.core.main.TestSuiteExecutor.accessTestCaseMainPhase(TestSuiteExecutor.java:169)
	at com.kms.katalon.core.main.TestSuiteExecutor.accessTestSuiteMainPhase(TestSuiteExecutor.java:142)
	at com.kms.katalon.core.main.TestSuiteExecutor.execute(TestSuiteExecutor.java:91)
	at com.kms.katalon.core.main.TestCaseMain.startTestSuite(TestCaseMain.java:157)
	at com.kms.katalon.core.main.TestCaseMain$startTestSuite$0.call(Unknown Source)
	at TempTestSuite1576951344125.run(TempTestSuite1576951344125.groovy:36)
Caused by: com.kms.katalon.core.webui.exception.WebElementNotFoundException: Web element with id: 'Object Repository/Page_ Off-Topic - FirstTeam Mattermost/textarea_Edit the Channel Header_edit_textbox' located by 'By.xpath: //textarea[@id='edit_textbox']' not found
	at com.kms.katalon.core.webui.common.WebUiCommonHelper.findWebElement(WebUiCommonHelper.java:1154)
	at com.kms.katalon.core.webui.keyword.internal.WebUIAbstractKeyword.findWebElement(WebUIAbstractKeyword.groovy:27)
	at com.kms.katalon.core.webui.keyword.internal.WebUIAbstractKeyword.findWebElement(WebUIAbstractKeyword.groovy:26)
	at com.kms.katalon.core.webui.keyword.builtin.SetTextKeyword$_setText_closure1.doCall(SetTextKeyword.groovy:51)
	at com.kms.katalon.core.webui.keyword.builtin.SetTextKeyword$_setText_closure1.call(SetTextKeyword.groovy)
	at com.kms.katalon.core.webui.keyword.internal.WebUIKeywordMain.runKeyword(WebUIKeywordMain.groovy:20)
	at com.kms.katalon.core.webui.keyword.builtin.SetTextKeyword.setText(SetTextKeyword.groovy:66)
	at com.kms.katalon.core.webui.keyword.builtin.SetTextKeyword.execute(SetTextKeyword.groovy:37)
	at com.kms.katalon.core.keyword.internal.KeywordExecutor.executeKeywordForPlatform(KeywordExecutor.groovy:72)
	at com.kms.katalon.core.webui.keyword.WebUiBuiltInKeywords.setText(WebUiBuiltInKeywords.groovy:950)
	at com.kms.katalon.core.webui.keyword.WebUiBuiltInKeywords$setText$1.call(Unknown Source)
	at Script1576857885488.run(Script1576857885488.groovy:35)
	... 13 more
)
[[ATTACHMENT|D:\\Learning\\School\\2019-2020-HK1\\CS300\\CS300AutomaticWebTesting\\Reports\\20191222_010224\\Run All Test Cases\\20191222_010224\\1576952517274.png]]]]></system-out>
         <system-err><![CDATA[2019-12-22 01:19:58 - [TEST_CASE][FAILED] - Test Cases/TestCase24AddNewHeaderOnOff-TopicChannel: Test Cases/TestCase24AddNewHeaderOnOff-TopicChannel FAILED.
Reason:
com.kms.katalon.core.exception.StepFailedException: Unable to set text 'T' of object 'Object Repository/Page_ Off-Topic - FirstTeam Mattermost/textarea_Edit the Channel Header_edit_textbox'
	at com.kms.katalon.core.webui.keyword.internal.WebUIKeywordMain.stepFailed(WebUIKeywordMain.groovy:64)
	at com.kms.katalon.core.webui.keyword.internal.WebUIKeywordMain.runKeyword(WebUIKeywordMain.groovy:26)
	at com.kms.katalon.core.webui.keyword.builtin.SetTextKeyword.setText(SetTextKeyword.groovy:66)
	at com.kms.katalon.core.webui.keyword.builtin.SetTextKeyword.execute(SetTextKeyword.groovy:37)
	at com.kms.katalon.core.keyword.internal.KeywordExecutor.executeKeywordForPlatform(KeywordExecutor.groovy:72)
	at com.kms.katalon.core.webui.keyword.WebUiBuiltInKeywords.setText(WebUiBuiltInKeywords.groovy:950)
	at com.kms.katalon.core.webui.keyword.WebUiBuiltInKeywords$setText$1.call(Unknown Source)
	at TestCase24AddNewHeaderOnOff-TopicChannel.run(TestCase24AddNewHeaderOnOff-TopicChannel:35)
	at com.kms.katalon.core.main.ScriptEngine.run(ScriptEngine.java:194)
	at com.kms.katalon.core.main.ScriptEngine.runScriptAsRawText(ScriptEngine.java:119)
	at com.kms.katalon.core.main.TestCaseExecutor.runScript(TestCaseExecutor.java:337)
	at com.kms.katalon.core.main.TestCaseExecutor.doExecute(TestCaseExecutor.java:328)
	at com.kms.katalon.core.main.TestCaseExecutor.processExecutionPhase(TestCaseExecutor.java:307)
	at com.kms.katalon.core.main.TestCaseExecutor.accessMainPhase(TestCaseExecutor.java:299)
	at com.kms.katalon.core.main.TestCaseExecutor.execute(TestCaseExecutor.java:233)
	at com.kms.katalon.core.main.TestSuiteExecutor.accessTestCaseMainPhase(TestSuiteExecutor.java:169)
	at com.kms.katalon.core.main.TestSuiteExecutor.accessTestSuiteMainPhase(TestSuiteExecutor.java:142)
	at com.kms.katalon.core.main.TestSuiteExecutor.execute(TestSuiteExecutor.java:91)
	at com.kms.katalon.core.main.TestCaseMain.startTestSuite(TestCaseMain.java:157)
	at com.kms.katalon.core.main.TestCaseMain$startTestSuite$0.call(Unknown Source)
	at TempTestSuite1576951344125.run(TempTestSuite1576951344125.groovy:36)
Caused by: com.kms.katalon.core.webui.exception.WebElementNotFoundException: Web element with id: 'Object Repository/Page_ Off-Topic - FirstTeam Mattermost/textarea_Edit the Channel Header_edit_textbox' located by 'By.xpath: //textarea[@id='edit_textbox']' not found
	at com.kms.katalon.core.webui.common.WebUiCommonHelper.findWebElement(WebUiCommonHelper.java:1154)
	at com.kms.katalon.core.webui.keyword.internal.WebUIAbstractKeyword.findWebElement(WebUIAbstractKeyword.groovy:27)
	at com.kms.katalon.core.webui.keyword.internal.WebUIAbstractKeyword.findWebElement(WebUIAbstractKeyword.groovy:26)
	at com.kms.katalon.core.webui.keyword.builtin.SetTextKeyword$_setText_closure1.doCall(SetTextKeyword.groovy:51)
	at com.kms.katalon.core.webui.keyword.builtin.SetTextKeyword$_setText_closure1.call(SetTextKeyword.groovy)
	at com.kms.katalon.core.webui.keyword.internal.WebUIKeywordMain.runKeyword(WebUIKeywordMain.groovy:20)
	... 19 more]]></system-err>
      </testcase>
      <testcase name="Test Cases/TestCase25EditHeaderOnOff-TopicChannel" time="62.869" classname="Test Cases/TestCase25EditHeaderOnOff-TopicChannel" status="PASSED">
         <system-out><![CDATA[2019-12-22 01:21:57 - [TEST_CASE][PASSED] - Test Cases/TestCase25EditHeaderOnOff-TopicChannel: Test Cases/TestCase25EditHeaderOnOff-TopicChannel

2019-12-22 01:21:57 - [TEST_STEP][PASSED] - openBrowser(""): Browser is opened with url: ''

2019-12-22 01:21:57 - [MESSAGE][WARNING] - A browser is already opened. Closing browser and opening a new one

2019-12-22 01:22:00 - [MESSAGE][INFO] - Starting 'Firefox (headless)' driver

2019-12-22 01:22:06 - [MESSAGE][PASSED] - Browser is opened with url: ''

2019-12-22 01:22:06 - [TEST_STEP][PASSED] - navigateToUrl("https://cs300testautomatic.herokuapp.com/"): Navigate to 'https://cs300testautomatic.herokuapp.com/' successfully

2019-12-22 01:22:11 - [MESSAGE][PASSED] - Navigate to 'https://cs300testautomatic.herokuapp.com/' successfully

2019-12-22 01:22:11 - [TEST_STEP][PASSED] - setText(findTestObject("Page_Mattermost/input_All team communication in one place s_703ef5 (16)"), "giabeuu@gmail.com"): Text 'giabeuu@gmail.com' is set on object 'Object Repository/Page_Mattermost/input_All team communication in one place s_703ef5 (16)'

2019-12-22 01:22:15 - [MESSAGE][PASSED] - Text 'giabeuu@gmail.com' is set on object 'Object Repository/Page_Mattermost/input_All team communication in one place s_703ef5 (16)'

2019-12-22 01:22:15 - [TEST_STEP][PASSED] - setEncryptedText(findTestObject("Page_Mattermost/input_All team communication in one place s_2f2733 (16)"), "GoUae4B8Jrc="): Text ****** has been set on object 'Object Repository/Page_Mattermost/input_All team communication in one place s_2f2733 (16)'

2019-12-22 01:22:16 - [MESSAGE][PASSED] - Text ****** has been set on object 'Object Repository/Page_Mattermost/input_All team communication in one place s_2f2733 (16)'

2019-12-22 01:22:16 - [TEST_STEP][PASSED] - click(findTestObject("Page_Mattermost/button_Sign in (6)")): Object: 'Object Repository/Page_Mattermost/button_Sign in (6)' is clicked on

2019-12-22 01:22:16 - [MESSAGE][PASSED] - Object: 'Object Repository/Page_Mattermost/button_Sign in (6)' is clicked on

2019-12-22 01:22:16 - [TEST_STEP][PASSED] - click(findTestObject("Page_ Town Square - FirstTeam Mattermost/div_Fi (8)")): Object: 'Object Repository/Page_ Town Square - FirstTeam Mattermost/div_Fi (8)' is clicked on

2019-12-22 01:22:48 - [MESSAGE][INFO] - Unable to find the element located by 'By.xpath: //a[@id='firstteamTeamButton']/div/div/div'. Please recheck the objects properties to make sure the desired element is located. 

2019-12-22 01:22:48 - [MESSAGE][INFO] - [SMART_XPATH] Auto-trying out other XPath values in the test object.

2019-12-22 01:22:48 - [MESSAGE][INFO] - [SMART_XPATH] FAILED XPATH: '//a[@id='firstteamTeamButton']/div/div/div'.

2019-12-22 01:22:48 - [MESSAGE][INFO] - [SMART_XPATH] WORKING XPATH: '(.//*[normalize-space(text()) and normalize-space(.)='FirstTeam'])[1]/following::div[9]'.

2019-12-22 01:22:48 - [MESSAGE][INFO] - [SMART_XPATH] Screenshot: D:/Learning/School/2019-2020-HK1/CS300/CS300AutomaticWebTesting/Reports/smart_xpath/Object Repository/Page_ Town Square - FirstTeam Mattermost/div_Fi (8)_neighbor_15.png

2019-12-22 01:22:48 - [MESSAGE][INFO] - [SMART_XPATH] FAILED XPATH: '(.//*[normalize-space(text()) and normalize-space(.)='Fi'])[2]/preceding::div[1]'.

2019-12-22 01:22:48 - [MESSAGE][INFO] - [SMART_XPATH] WORKING XPATH: '(.//*[normalize-space(text()) and normalize-space(.)='Se'])[1]/preceding::div[5]'.

2019-12-22 01:22:48 - [MESSAGE][INFO] - [SMART_XPATH] Screenshot: D:/Learning/School/2019-2020-HK1/CS300/CS300AutomaticWebTesting/Reports/smart_xpath/Object Repository/Page_ Town Square - FirstTeam Mattermost/div_Fi (8)_neighbor_16.png

2019-12-22 01:22:49 - [MESSAGE][INFO] - [SMART_XPATH] WORKING XPATH: '//*/text()[normalize-space(.)='Fi']/parent::*'.

2019-12-22 01:22:49 - [MESSAGE][INFO] - [SMART_XPATH] Screenshot: D:/Learning/School/2019-2020-HK1/CS300/CS300AutomaticWebTesting/Reports/smart_xpath/Object Repository/Page_ Town Square - FirstTeam Mattermost/div_Fi (8)_neighbor_17.png

2019-12-22 01:22:49 - [MESSAGE][INFO] - [SMART_XPATH] WORKING XPATH: '//a/div/div/div'.

2019-12-22 01:22:49 - [MESSAGE][INFO] - [SMART_XPATH] Screenshot: D:/Learning/School/2019-2020-HK1/CS300/CS300AutomaticWebTesting/Reports/smart_xpath/Object Repository/Page_ Town Square - FirstTeam Mattermost/div_Fi (8)_position.png

2019-12-22 01:22:49 - [MESSAGE][ERROR] - [SMART_XPATH] D:\Learning\School\2019-2020-HK1\CS300\CS300AutomaticWebTesting\Reports\smart_xpath\waiting-for-approval.json (The system cannot find the file specified)

2019-12-22 01:22:49 - [MESSAGE][ERROR] - [SMART_XPATH] D:/Learning/School/2019-2020-HK1/CS300/CS300AutomaticWebTesting/Reports/smart_xpath/waiting-for-approval.json does not exist or is provided by Smart XPath Plugin!

2019-12-22 01:22:49 - [MESSAGE][INFO] - [SMART_XPATH] Selected Smart XPath: '(.//*[normalize-space(text()) and normalize-space(.)='FirstTeam'])[1]/following::div[9]'.

2019-12-22 01:22:49 - [MESSAGE][INFO] - [SMART_XPATH] Continuing executing the test case!

2019-12-22 01:22:49 - [MESSAGE][PASSED] - Object: 'Object Repository/Page_ Town Square - FirstTeam Mattermost/div_Fi (8)' is clicked on

2019-12-22 01:22:49 - [TEST_STEP][PASSED] - click(findTestObject("Page_ Town Square - FirstTeam Mattermost/span_Off-Topic (2)")): Object: 'Object Repository/Page_ Town Square - FirstTeam Mattermost/span_Off-Topic (2)' is clicked on

2019-12-22 01:22:50 - [MESSAGE][PASSED] - Object: 'Object Repository/Page_ Town Square - FirstTeam Mattermost/span_Off-Topic (2)' is clicked on

2019-12-22 01:22:50 - [TEST_STEP][PASSED] - click(findTestObject("Page_ Off-Topic - FirstTeam Mattermost/span_Off-Topic_channelHeaderDropdownIcon (1)")): Object: 'Object Repository/Page_ Off-Topic - FirstTeam Mattermost/span_Off-Topic_channelHeaderDropdownIcon (1)' is clicked on

2019-12-22 01:22:51 - [MESSAGE][PASSED] - Object: 'Object Repository/Page_ Off-Topic - FirstTeam Mattermost/span_Off-Topic_channelHeaderDropdownIcon (1)' is clicked on

2019-12-22 01:22:51 - [TEST_STEP][PASSED] - click(findTestObject("Page_ Off-Topic - FirstTeam Mattermost/button_Edit Channel Header (1)")): Object: 'Object Repository/Page_ Off-Topic - FirstTeam Mattermost/button_Edit Channel Header (1)' is clicked on

2019-12-22 01:22:52 - [MESSAGE][PASSED] - Object: 'Object Repository/Page_ Off-Topic - FirstTeam Mattermost/button_Edit Channel Header (1)' is clicked on

2019-12-22 01:22:52 - [TEST_STEP][PASSED] - setText(findTestObject("Object Repository/Page_ Off-Topic - FirstTeam Mattermost/textarea_Edited Header"), "E"): Text 'E' is set on object 'Object Repository/Page_ Off-Topic - FirstTeam Mattermost/textarea_Edited Header'

2019-12-22 01:22:53 - [MESSAGE][PASSED] - Text 'E' is set on object 'Object Repository/Page_ Off-Topic - FirstTeam Mattermost/textarea_Edited Header'

2019-12-22 01:22:53 - [TEST_STEP][PASSED] - setText(findTestObject("Page_ Off-Topic - FirstTeam Mattermost/textarea_E (1)"), "Ed"): Text 'Ed' is set on object 'Object Repository/Page_ Off-Topic - FirstTeam Mattermost/textarea_E (1)'

2019-12-22 01:22:53 - [MESSAGE][PASSED] - Text 'Ed' is set on object 'Object Repository/Page_ Off-Topic - FirstTeam Mattermost/textarea_E (1)'

2019-12-22 01:22:53 - [TEST_STEP][PASSED] - setText(findTestObject("Page_ Off-Topic - FirstTeam Mattermost/textarea_Ed (1)"), "Edi"): Text 'Edi' is set on object 'Object Repository/Page_ Off-Topic - FirstTeam Mattermost/textarea_Ed (1)'

2019-12-22 01:22:53 - [MESSAGE][PASSED] - Text 'Edi' is set on object 'Object Repository/Page_ Off-Topic - FirstTeam Mattermost/textarea_Ed (1)'

2019-12-22 01:22:53 - [TEST_STEP][PASSED] - setText(findTestObject("Page_ Off-Topic - FirstTeam Mattermost/textarea_Edi (1)"), "Edit"): Text 'Edit' is set on object 'Object Repository/Page_ Off-Topic - FirstTeam Mattermost/textarea_Edi (1)'

2019-12-22 01:22:54 - [MESSAGE][PASSED] - Text 'Edit' is set on object 'Object Repository/Page_ Off-Topic - FirstTeam Mattermost/textarea_Edi (1)'

2019-12-22 01:22:54 - [TEST_STEP][PASSED] - setText(findTestObject("Page_ Off-Topic - FirstTeam Mattermost/textarea_Edit (1)"), "Edite"): Text 'Edite' is set on object 'Object Repository/Page_ Off-Topic - FirstTeam Mattermost/textarea_Edit (1)'

2019-12-22 01:22:54 - [MESSAGE][PASSED] - Text 'Edite' is set on object 'Object Repository/Page_ Off-Topic - FirstTeam Mattermost/textarea_Edit (1)'

2019-12-22 01:22:54 - [TEST_STEP][PASSED] - setText(findTestObject("Page_ Off-Topic - FirstTeam Mattermost/textarea_Edite (1)"), "Edited"): Text 'Edited' is set on object 'Object Repository/Page_ Off-Topic - FirstTeam Mattermost/textarea_Edite (1)'

2019-12-22 01:22:54 - [MESSAGE][PASSED] - Text 'Edited' is set on object 'Object Repository/Page_ Off-Topic - FirstTeam Mattermost/textarea_Edite (1)'

2019-12-22 01:22:54 - [TEST_STEP][PASSED] - setText(findTestObject("Page_ Off-Topic - FirstTeam Mattermost/textarea_Edited (1)"), "Edited "): Text 'Edited ' is set on object 'Object Repository/Page_ Off-Topic - FirstTeam Mattermost/textarea_Edited (1)'

2019-12-22 01:22:55 - [MESSAGE][PASSED] - Text 'Edited ' is set on object 'Object Repository/Page_ Off-Topic - FirstTeam Mattermost/textarea_Edited (1)'

2019-12-22 01:22:55 - [TEST_STEP][PASSED] - setText(findTestObject("Page_ Off-Topic - FirstTeam Mattermost/textarea_Edited_1 (1)"), "Edited H"): Text 'Edited H' is set on object 'Object Repository/Page_ Off-Topic - FirstTeam Mattermost/textarea_Edited_1 (1)'

2019-12-22 01:22:55 - [MESSAGE][PASSED] - Text 'Edited H' is set on object 'Object Repository/Page_ Off-Topic - FirstTeam Mattermost/textarea_Edited_1 (1)'

2019-12-22 01:22:55 - [TEST_STEP][PASSED] - setText(findTestObject("Page_ Off-Topic - FirstTeam Mattermost/textarea_Edited H (1)"), "Edited He"): Text 'Edited He' is set on object 'Object Repository/Page_ Off-Topic - FirstTeam Mattermost/textarea_Edited H (1)'

2019-12-22 01:22:55 - [MESSAGE][PASSED] - Text 'Edited He' is set on object 'Object Repository/Page_ Off-Topic - FirstTeam Mattermost/textarea_Edited H (1)'

2019-12-22 01:22:55 - [TEST_STEP][PASSED] - setText(findTestObject("Page_ Off-Topic - FirstTeam Mattermost/textarea_Edited He (1)"), "Edited Hea"): Text 'Edited Hea' is set on object 'Object Repository/Page_ Off-Topic - FirstTeam Mattermost/textarea_Edited He (1)'

2019-12-22 01:22:55 - [MESSAGE][PASSED] - Text 'Edited Hea' is set on object 'Object Repository/Page_ Off-Topic - FirstTeam Mattermost/textarea_Edited He (1)'

2019-12-22 01:22:55 - [TEST_STEP][PASSED] - setText(findTestObject("Page_ Off-Topic - FirstTeam Mattermost/textarea_Edited Hea (1)"), "Edited Head"): Text 'Edited Head' is set on object 'Object Repository/Page_ Off-Topic - FirstTeam Mattermost/textarea_Edited Hea (1)'

2019-12-22 01:22:56 - [MESSAGE][PASSED] - Text 'Edited Head' is set on object 'Object Repository/Page_ Off-Topic - FirstTeam Mattermost/textarea_Edited Hea (1)'

2019-12-22 01:22:56 - [TEST_STEP][PASSED] - setText(findTestObject("Page_ Off-Topic - FirstTeam Mattermost/textarea_Edited Head (1)"), "Edited Heade"): Text 'Edited Heade' is set on object 'Object Repository/Page_ Off-Topic - FirstTeam Mattermost/textarea_Edited Head (1)'

2019-12-22 01:22:56 - [MESSAGE][PASSED] - Text 'Edited Heade' is set on object 'Object Repository/Page_ Off-Topic - FirstTeam Mattermost/textarea_Edited Head (1)'

2019-12-22 01:22:56 - [TEST_STEP][PASSED] - setText(findTestObject("Page_ Off-Topic - FirstTeam Mattermost/textarea_Edited Heade (1)"), "Edited Header"): Text 'Edited Header' is set on object 'Object Repository/Page_ Off-Topic - FirstTeam Mattermost/textarea_Edited Heade (1)'

2019-12-22 01:22:57 - [MESSAGE][PASSED] - Text 'Edited Header' is set on object 'Object Repository/Page_ Off-Topic - FirstTeam Mattermost/textarea_Edited Heade (1)'

2019-12-22 01:22:57 - [TEST_STEP][PASSED] - click(findTestObject("Page_ Off-Topic - FirstTeam Mattermost/button_Save (2)")): Object: 'Object Repository/Page_ Off-Topic - FirstTeam Mattermost/button_Save (2)' is clicked on

2019-12-22 01:22:57 - [MESSAGE][PASSED] - Object: 'Object Repository/Page_ Off-Topic - FirstTeam Mattermost/button_Save (2)' is clicked on

2019-12-22 01:22:57 - [TEST_STEP][PASSED] - closeBrowser(): Browser is closed

2019-12-22 01:23:00 - [MESSAGE][PASSED] - Browser is closed]]></system-out>
         <system-err><![CDATA[]]></system-err>
      </testcase>
      <testcase name="Test Cases/TestCase26RemoveHeaderOnOff-TopicChannel" time="59.036" classname="Test Cases/TestCase26RemoveHeaderOnOff-TopicChannel" status="PASSED">
         <system-out><![CDATA[2019-12-22 01:23:00 - [TEST_CASE][PASSED] - Test Cases/TestCase26RemoveHeaderOnOff-TopicChannel: Test Cases/TestCase26RemoveHeaderOnOff-TopicChannel

2019-12-22 01:23:00 - [TEST_STEP][PASSED] - openBrowser(""): Browser is opened with url: ''

2019-12-22 01:23:00 - [MESSAGE][INFO] - Starting 'Firefox (headless)' driver

2019-12-22 01:23:06 - [MESSAGE][PASSED] - Browser is opened with url: ''

2019-12-22 01:23:06 - [TEST_STEP][PASSED] - navigateToUrl("https://cs300testautomatic.herokuapp.com/"): Navigate to 'https://cs300testautomatic.herokuapp.com/' successfully

2019-12-22 01:23:16 - [MESSAGE][PASSED] - Navigate to 'https://cs300testautomatic.herokuapp.com/' successfully

2019-12-22 01:23:16 - [TEST_STEP][PASSED] - setText(findTestObject("Page_Mattermost/input_All team communication in one place s_703ef5 (26)"), "giabeuu@gmail.com"): Text 'giabeuu@gmail.com' is set on object 'Object Repository/Page_Mattermost/input_All team communication in one place s_703ef5 (26)'

2019-12-22 01:23:20 - [MESSAGE][PASSED] - Text 'giabeuu@gmail.com' is set on object 'Object Repository/Page_Mattermost/input_All team communication in one place s_703ef5 (26)'

2019-12-22 01:23:20 - [TEST_STEP][PASSED] - setEncryptedText(findTestObject("Page_Mattermost/input_All team communication in one place s_2f2733 (26)"), "GoUae4B8Jrc="): Text ****** has been set on object 'Object Repository/Page_Mattermost/input_All team communication in one place s_2f2733 (26)'

2019-12-22 01:23:21 - [MESSAGE][PASSED] - Text ****** has been set on object 'Object Repository/Page_Mattermost/input_All team communication in one place s_2f2733 (26)'

2019-12-22 01:23:21 - [TEST_STEP][PASSED] - click(findTestObject("Page_Mattermost/button_Sign in (15)")): Object: 'Object Repository/Page_Mattermost/button_Sign in (15)' is clicked on

2019-12-22 01:23:21 - [MESSAGE][PASSED] - Object: 'Object Repository/Page_Mattermost/button_Sign in (15)' is clicked on

2019-12-22 01:23:21 - [TEST_STEP][PASSED] - click(findTestObject("Page_ Town Square - FirstTeam Mattermost/div_Fi (11)")): Object: 'Object Repository/Page_ Town Square - FirstTeam Mattermost/div_Fi (11)' is clicked on

2019-12-22 01:23:53 - [MESSAGE][INFO] - Unable to find the element located by 'By.xpath: //a[@id='firstteamTeamButton']/div'. Please recheck the objects properties to make sure the desired element is located. 

2019-12-22 01:23:53 - [MESSAGE][INFO] - [SMART_XPATH] Auto-trying out other XPath values in the test object.

2019-12-22 01:23:53 - [MESSAGE][INFO] - [SMART_XPATH] FAILED XPATH: '//a[@id='firstteamTeamButton']/div'.

2019-12-22 01:23:53 - [MESSAGE][INFO] - [SMART_XPATH] WORKING XPATH: '(.//*[normalize-space(text()) and normalize-space(.)='FirstTeam'])[1]/following::div[7]'.

2019-12-22 01:23:53 - [MESSAGE][INFO] - [SMART_XPATH] Screenshot: D:/Learning/School/2019-2020-HK1/CS300/CS300AutomaticWebTesting/Reports/smart_xpath/Object Repository/Page_ Town Square - FirstTeam Mattermost/div_Fi (11)_neighbor_16.png

2019-12-22 01:23:53 - [MESSAGE][INFO] - [SMART_XPATH] FAILED XPATH: '(.//*[normalize-space(text()) and normalize-space(.)='Fi'])[2]/preceding::div[3]'.

2019-12-22 01:23:53 - [MESSAGE][INFO] - [SMART_XPATH] WORKING XPATH: '//a/div'.

2019-12-22 01:23:53 - [MESSAGE][INFO] - [SMART_XPATH] Screenshot: D:/Learning/School/2019-2020-HK1/CS300/CS300AutomaticWebTesting/Reports/smart_xpath/Object Repository/Page_ Town Square - FirstTeam Mattermost/div_Fi (11)_position.png

2019-12-22 01:23:53 - [MESSAGE][ERROR] - [SMART_XPATH] D:\Learning\School\2019-2020-HK1\CS300\CS300AutomaticWebTesting\Reports\smart_xpath\waiting-for-approval.json (The system cannot find the file specified)

2019-12-22 01:23:53 - [MESSAGE][ERROR] - [SMART_XPATH] D:/Learning/School/2019-2020-HK1/CS300/CS300AutomaticWebTesting/Reports/smart_xpath/waiting-for-approval.json does not exist or is provided by Smart XPath Plugin!

2019-12-22 01:23:53 - [MESSAGE][INFO] - [SMART_XPATH] Selected Smart XPath: '(.//*[normalize-space(text()) and normalize-space(.)='FirstTeam'])[1]/following::div[7]'.

2019-12-22 01:23:53 - [MESSAGE][INFO] - [SMART_XPATH] Continuing executing the test case!

2019-12-22 01:23:53 - [MESSAGE][PASSED] - Object: 'Object Repository/Page_ Town Square - FirstTeam Mattermost/div_Fi (11)' is clicked on

2019-12-22 01:23:53 - [TEST_STEP][PASSED] - click(findTestObject("Object Repository/Page_ Town Square - FirstTeam Mattermost/a_Off-Topic")): Object: 'Object Repository/Page_ Town Square - FirstTeam Mattermost/a_Off-Topic' is clicked on

2019-12-22 01:23:54 - [MESSAGE][PASSED] - Object: 'Object Repository/Page_ Town Square - FirstTeam Mattermost/a_Off-Topic' is clicked on

2019-12-22 01:23:54 - [TEST_STEP][PASSED] - click(findTestObject("Page_ Off-Topic - FirstTeam Mattermost/span_Off-Topic_channelHeaderDropdownIcon (2)")): Object: 'Object Repository/Page_ Off-Topic - FirstTeam Mattermost/span_Off-Topic_channelHeaderDropdownIcon (2)' is clicked on

2019-12-22 01:23:56 - [MESSAGE][PASSED] - Object: 'Object Repository/Page_ Off-Topic - FirstTeam Mattermost/span_Off-Topic_channelHeaderDropdownIcon (2)' is clicked on

2019-12-22 01:23:56 - [TEST_STEP][PASSED] - click(findTestObject("Page_ Off-Topic - FirstTeam Mattermost/button_Edit Channel Header (2)")): Object: 'Object Repository/Page_ Off-Topic - FirstTeam Mattermost/button_Edit Channel Header (2)' is clicked on

2019-12-22 01:23:56 - [MESSAGE][PASSED] - Object: 'Object Repository/Page_ Off-Topic - FirstTeam Mattermost/button_Edit Channel Header (2)' is clicked on

2019-12-22 01:23:56 - [TEST_STEP][PASSED] - setText(findTestObject("Page_ Off-Topic - FirstTeam Mattermost/textarea_Edited Header (1)"), ""): Text '' is set on object 'Object Repository/Page_ Off-Topic - FirstTeam Mattermost/textarea_Edited Header (1)'

2019-12-22 01:23:56 - [MESSAGE][PASSED] - Text '' is set on object 'Object Repository/Page_ Off-Topic - FirstTeam Mattermost/textarea_Edited Header (1)'

2019-12-22 01:23:56 - [TEST_STEP][PASSED] - click(findTestObject("Page_ Off-Topic - FirstTeam Mattermost/button_Save (3)")): Object: 'Object Repository/Page_ Off-Topic - FirstTeam Mattermost/button_Save (3)' is clicked on

2019-12-22 01:23:57 - [MESSAGE][PASSED] - Object: 'Object Repository/Page_ Off-Topic - FirstTeam Mattermost/button_Save (3)' is clicked on

2019-12-22 01:23:57 - [TEST_STEP][PASSED] - closeBrowser(): Browser is closed

2019-12-22 01:23:59 - [MESSAGE][PASSED] - Browser is closed]]></system-out>
         <system-err><![CDATA[]]></system-err>
      </testcase>
      <testcase name="Test Cases/TestCase27Add(Remove)Off-TopicChannelTo(From)Favorites" time="54.234" classname="Test Cases/TestCase27Add(Remove)Off-TopicChannelTo(From)Favorites" status="PASSED">
         <system-out><![CDATA[2019-12-22 01:23:59 - [TEST_CASE][PASSED] - Test Cases/TestCase27Add(Remove)Off-TopicChannelTo(From)Favorites: Test Cases/TestCase27Add(Remove)Off-TopicChannelTo(From)Favorites

2019-12-22 01:23:59 - [TEST_STEP][PASSED] - openBrowser(""): Browser is opened with url: ''

2019-12-22 01:23:59 - [MESSAGE][INFO] - Starting 'Firefox (headless)' driver

2019-12-22 01:24:05 - [MESSAGE][PASSED] - Browser is opened with url: ''

2019-12-22 01:24:05 - [TEST_STEP][PASSED] - navigateToUrl("https://cs300testautomatic.herokuapp.com/"): Navigate to 'https://cs300testautomatic.herokuapp.com/' successfully

2019-12-22 01:24:11 - [MESSAGE][PASSED] - Navigate to 'https://cs300testautomatic.herokuapp.com/' successfully

2019-12-22 01:24:11 - [TEST_STEP][PASSED] - setText(findTestObject("Page_Mattermost/input_All team communication in one place s_703ef5 (18)"), "giabeuu@gmail.com"): Text 'giabeuu@gmail.com' is set on object 'Object Repository/Page_Mattermost/input_All team communication in one place s_703ef5 (18)'

2019-12-22 01:24:15 - [MESSAGE][PASSED] - Text 'giabeuu@gmail.com' is set on object 'Object Repository/Page_Mattermost/input_All team communication in one place s_703ef5 (18)'

2019-12-22 01:24:15 - [TEST_STEP][PASSED] - setEncryptedText(findTestObject("Page_Mattermost/input_All team communication in one place s_2f2733 (18)"), "GoUae4B8Jrc="): Text ****** has been set on object 'Object Repository/Page_Mattermost/input_All team communication in one place s_2f2733 (18)'

2019-12-22 01:24:15 - [MESSAGE][PASSED] - Text ****** has been set on object 'Object Repository/Page_Mattermost/input_All team communication in one place s_2f2733 (18)'

2019-12-22 01:24:15 - [TEST_STEP][PASSED] - click(findTestObject("Page_Mattermost/button_Sign in (8)")): Object: 'Object Repository/Page_Mattermost/button_Sign in (8)' is clicked on

2019-12-22 01:24:16 - [MESSAGE][PASSED] - Object: 'Object Repository/Page_Mattermost/button_Sign in (8)' is clicked on

2019-12-22 01:24:16 - [TEST_STEP][PASSED] - click(findTestObject("Page_ Town Square - FirstTeam Mattermost/div_Fi (10)")): Object: 'Object Repository/Page_ Town Square - FirstTeam Mattermost/div_Fi (10)' is clicked on

2019-12-22 01:24:48 - [MESSAGE][INFO] - Unable to find the element located by 'By.xpath: //a[@id='firstteamTeamButton']/div/div/div'. Please recheck the objects properties to make sure the desired element is located. 

2019-12-22 01:24:48 - [MESSAGE][INFO] - [SMART_XPATH] Auto-trying out other XPath values in the test object.

2019-12-22 01:24:48 - [MESSAGE][INFO] - [SMART_XPATH] FAILED XPATH: '//a[@id='firstteamTeamButton']/div/div/div'.

2019-12-22 01:24:48 - [MESSAGE][INFO] - [SMART_XPATH] WORKING XPATH: '(.//*[normalize-space(text()) and normalize-space(.)='FirstTeam'])[1]/following::div[9]'.

2019-12-22 01:24:48 - [MESSAGE][INFO] - [SMART_XPATH] Screenshot: D:/Learning/School/2019-2020-HK1/CS300/CS300AutomaticWebTesting/Reports/smart_xpath/Object Repository/Page_ Town Square - FirstTeam Mattermost/div_Fi (10)_neighbor_17.png

2019-12-22 01:24:48 - [MESSAGE][INFO] - [SMART_XPATH] FAILED XPATH: '(.//*[normalize-space(text()) and normalize-space(.)='Fi'])[2]/preceding::div[1]'.

2019-12-22 01:24:48 - [MESSAGE][INFO] - [SMART_XPATH] WORKING XPATH: '(.//*[normalize-space(text()) and normalize-space(.)='Se'])[1]/preceding::div[5]'.

2019-12-22 01:24:48 - [MESSAGE][INFO] - [SMART_XPATH] Screenshot: D:/Learning/School/2019-2020-HK1/CS300/CS300AutomaticWebTesting/Reports/smart_xpath/Object Repository/Page_ Town Square - FirstTeam Mattermost/div_Fi (10)_neighbor_18.png

2019-12-22 01:24:48 - [MESSAGE][INFO] - [SMART_XPATH] WORKING XPATH: '//*/text()[normalize-space(.)='Fi']/parent::*'.

2019-12-22 01:24:49 - [MESSAGE][INFO] - [SMART_XPATH] Screenshot: D:/Learning/School/2019-2020-HK1/CS300/CS300AutomaticWebTesting/Reports/smart_xpath/Object Repository/Page_ Town Square - FirstTeam Mattermost/div_Fi (10)_neighbor_19.png

2019-12-22 01:24:49 - [MESSAGE][INFO] - [SMART_XPATH] WORKING XPATH: '//a/div/div/div'.

2019-12-22 01:24:49 - [MESSAGE][INFO] - [SMART_XPATH] Screenshot: D:/Learning/School/2019-2020-HK1/CS300/CS300AutomaticWebTesting/Reports/smart_xpath/Object Repository/Page_ Town Square - FirstTeam Mattermost/div_Fi (10)_position.png

2019-12-22 01:24:49 - [MESSAGE][ERROR] - [SMART_XPATH] D:\Learning\School\2019-2020-HK1\CS300\CS300AutomaticWebTesting\Reports\smart_xpath\waiting-for-approval.json (The system cannot find the file specified)

2019-12-22 01:24:49 - [MESSAGE][ERROR] - [SMART_XPATH] D:/Learning/School/2019-2020-HK1/CS300/CS300AutomaticWebTesting/Reports/smart_xpath/waiting-for-approval.json does not exist or is provided by Smart XPath Plugin!

2019-12-22 01:24:49 - [MESSAGE][INFO] - [SMART_XPATH] Selected Smart XPath: '(.//*[normalize-space(text()) and normalize-space(.)='FirstTeam'])[1]/following::div[9]'.

2019-12-22 01:24:49 - [MESSAGE][INFO] - [SMART_XPATH] Continuing executing the test case!

2019-12-22 01:24:49 - [MESSAGE][PASSED] - Object: 'Object Repository/Page_ Town Square - FirstTeam Mattermost/div_Fi (10)' is clicked on

2019-12-22 01:24:49 - [TEST_STEP][PASSED] - click(findTestObject("Page_ Town Square - FirstTeam Mattermost/span_Off-Topic (4)")): Object: 'Object Repository/Page_ Town Square - FirstTeam Mattermost/span_Off-Topic (4)' is clicked on

2019-12-22 01:24:50 - [MESSAGE][PASSED] - Object: 'Object Repository/Page_ Town Square - FirstTeam Mattermost/span_Off-Topic (4)' is clicked on

2019-12-22 01:24:50 - [TEST_STEP][PASSED] - click(findTestObject("Object Repository/Page_ Off-Topic - FirstTeam Mattermost/i_Drop a file to upload it_icon fa fa-star")): Object: 'Object Repository/Page_ Off-Topic - FirstTeam Mattermost/i_Drop a file to upload it_icon fa fa-star' is clicked on

2019-12-22 01:24:51 - [MESSAGE][PASSED] - Object: 'Object Repository/Page_ Off-Topic - FirstTeam Mattermost/i_Drop a file to upload it_icon fa fa-star' is clicked on

2019-12-22 01:24:51 - [TEST_STEP][PASSED] - closeBrowser(): Browser is closed

2019-12-22 01:24:53 - [MESSAGE][PASSED] - Browser is closed]]></system-out>
         <system-err><![CDATA[]]></system-err>
      </testcase>
      <testcase name="Test Cases/TestCase28CreateMoreTeam(NewTeamTesting)" time="24.045" classname="Test Cases/TestCase28CreateMoreTeam(NewTeamTesting)" status="PASSED">
         <system-out><![CDATA[2019-12-22 01:24:53 - [TEST_CASE][PASSED] - Test Cases/TestCase28CreateMoreTeam(NewTeamTesting): Test Cases/TestCase28CreateMoreTeam(NewTeamTesting)

2019-12-22 01:24:53 - [TEST_STEP][PASSED] - openBrowser(""): Browser is opened with url: ''

2019-12-22 01:24:54 - [MESSAGE][INFO] - Starting 'Firefox (headless)' driver

2019-12-22 01:24:59 - [MESSAGE][PASSED] - Browser is opened with url: ''

2019-12-22 01:24:59 - [TEST_STEP][PASSED] - navigateToUrl("https://cs300testautomatic.herokuapp.com/"): Navigate to 'https://cs300testautomatic.herokuapp.com/' successfully

2019-12-22 01:25:04 - [MESSAGE][PASSED] - Navigate to 'https://cs300testautomatic.herokuapp.com/' successfully

2019-12-22 01:25:04 - [TEST_STEP][PASSED] - setText(findTestObject("Page_Mattermost/input_All team communication in one place s_703ef5 (19)"), "giabeuu@gmail.com"): Text 'giabeuu@gmail.com' is set on object 'Object Repository/Page_Mattermost/input_All team communication in one place s_703ef5 (19)'

2019-12-22 01:25:08 - [MESSAGE][PASSED] - Text 'giabeuu@gmail.com' is set on object 'Object Repository/Page_Mattermost/input_All team communication in one place s_703ef5 (19)'

2019-12-22 01:25:08 - [TEST_STEP][PASSED] - setEncryptedText(findTestObject("Page_Mattermost/input_All team communication in one place s_2f2733 (19)"), "GoUae4B8Jrc="): Text ****** has been set on object 'Object Repository/Page_Mattermost/input_All team communication in one place s_2f2733 (19)'

2019-12-22 01:25:09 - [MESSAGE][PASSED] - Text ****** has been set on object 'Object Repository/Page_Mattermost/input_All team communication in one place s_2f2733 (19)'

2019-12-22 01:25:09 - [TEST_STEP][PASSED] - click(findTestObject("Page_Mattermost/button_Sign in (9)")): Object: 'Object Repository/Page_Mattermost/button_Sign in (9)' is clicked on

2019-12-22 01:25:09 - [MESSAGE][PASSED] - Object: 'Object Repository/Page_Mattermost/button_Sign in (9)' is clicked on

2019-12-22 01:25:09 - [TEST_STEP][PASSED] - click(findTestObject("Page_ Town Square - FirstTeam Mattermost/svg (2)")): Object: 'Object Repository/Page_ Town Square - FirstTeam Mattermost/svg (2)' is clicked on

2019-12-22 01:25:12 - [MESSAGE][PASSED] - Object: 'Object Repository/Page_ Town Square - FirstTeam Mattermost/svg (2)' is clicked on

2019-12-22 01:25:12 - [TEST_STEP][PASSED] - click(findTestObject("Page_ Town Square - FirstTeam Mattermost/a_Create a New Team (1)")): Object: 'Object Repository/Page_ Town Square - FirstTeam Mattermost/a_Create a New Team (1)' is clicked on

2019-12-22 01:25:13 - [MESSAGE][PASSED] - Object: 'Object Repository/Page_ Town Square - FirstTeam Mattermost/a_Create a New Team (1)' is clicked on

2019-12-22 01:25:13 - [TEST_STEP][PASSED] - setText(findTestObject("Page_ Town Square - FirstTeam Mattermost/input_Team Name_teamNameInput (1)"), "NewTeamTesting"): Text 'NewTeamTesting' is set on object 'Object Repository/Page_ Town Square - FirstTeam Mattermost/input_Team Name_teamNameInput (1)'

2019-12-22 01:25:13 - [MESSAGE][PASSED] - Text 'NewTeamTesting' is set on object 'Object Repository/Page_ Town Square - FirstTeam Mattermost/input_Team Name_teamNameInput (1)'

2019-12-22 01:25:13 - [TEST_STEP][PASSED] - click(findTestObject("Object Repository/Page_ Town Square - FirstTeam Mattermost/button_Next")): Object: 'Object Repository/Page_ Town Square - FirstTeam Mattermost/button_Next' is clicked on

2019-12-22 01:25:14 - [MESSAGE][PASSED] - Object: 'Object Repository/Page_ Town Square - FirstTeam Mattermost/button_Next' is clicked on

2019-12-22 01:25:14 - [TEST_STEP][PASSED] - click(findTestObject("Object Repository/Page_ Town Square - FirstTeam Mattermost/input_httpscs300testautomaticherokuappcom_t_44e657")): Object: 'Object Repository/Page_ Town Square - FirstTeam Mattermost/input_httpscs300testautomaticherokuappcom_t_44e657' is clicked on

2019-12-22 01:25:15 - [MESSAGE][PASSED] - Object: 'Object Repository/Page_ Town Square - FirstTeam Mattermost/input_httpscs300testautomaticherokuappcom_t_44e657' is clicked on

2019-12-22 01:25:15 - [TEST_STEP][PASSED] - setText(findTestObject("Object Repository/Page_ Town Square - FirstTeam Mattermost/input_httpscs300testautomaticherokuappcom_t_44e657"), "newteamtesting"): Text 'newteamtesting' is set on object 'Object Repository/Page_ Town Square - FirstTeam Mattermost/input_httpscs300testautomaticherokuappcom_t_44e657'

2019-12-22 01:25:15 - [MESSAGE][PASSED] - Text 'newteamtesting' is set on object 'Object Repository/Page_ Town Square - FirstTeam Mattermost/input_httpscs300testautomaticherokuappcom_t_44e657'

2019-12-22 01:25:15 - [TEST_STEP][PASSED] - click(findTestObject("Page_ Town Square - FirstTeam Mattermost/button_Finish (1)")): Object: 'Object Repository/Page_ Town Square - FirstTeam Mattermost/button_Finish (1)' is clicked on

2019-12-22 01:25:15 - [MESSAGE][PASSED] - Object: 'Object Repository/Page_ Town Square - FirstTeam Mattermost/button_Finish (1)' is clicked on

2019-12-22 01:25:15 - [TEST_STEP][PASSED] - closeBrowser(): Browser is closed

2019-12-22 01:25:17 - [MESSAGE][PASSED] - Browser is closed]]></system-out>
         <system-err><![CDATA[]]></system-err>
      </testcase>
      <testcase name="Test Cases/TestCase29LeaveTeam(NewTeamTesting)" time="23.402" classname="Test Cases/TestCase29LeaveTeam(NewTeamTesting)" status="PASSED">
         <system-out><![CDATA[2019-12-22 01:25:17 - [TEST_CASE][PASSED] - Test Cases/TestCase29LeaveTeam(NewTeamTesting): Test Cases/TestCase29LeaveTeam(NewTeamTesting)

2019-12-22 01:25:18 - [TEST_STEP][PASSED] - openBrowser(""): Browser is opened with url: ''

2019-12-22 01:25:18 - [MESSAGE][INFO] - Starting 'Firefox (headless)' driver

2019-12-22 01:25:22 - [MESSAGE][PASSED] - Browser is opened with url: ''

2019-12-22 01:25:22 - [TEST_STEP][PASSED] - navigateToUrl("https://cs300testautomatic.herokuapp.com/"): Navigate to 'https://cs300testautomatic.herokuapp.com/' successfully

2019-12-22 01:25:28 - [MESSAGE][PASSED] - Navigate to 'https://cs300testautomatic.herokuapp.com/' successfully

2019-12-22 01:25:28 - [TEST_STEP][PASSED] - setText(findTestObject("Page_Mattermost/input_All team communication in one place s_703ef5 (20)"), "giabeuu@gmail.com"): Text 'giabeuu@gmail.com' is set on object 'Object Repository/Page_Mattermost/input_All team communication in one place s_703ef5 (20)'

2019-12-22 01:25:32 - [MESSAGE][PASSED] - Text 'giabeuu@gmail.com' is set on object 'Object Repository/Page_Mattermost/input_All team communication in one place s_703ef5 (20)'

2019-12-22 01:25:32 - [TEST_STEP][PASSED] - setEncryptedText(findTestObject("Page_Mattermost/input_All team communication in one place s_2f2733 (20)"), "GoUae4B8Jrc="): Text ****** has been set on object 'Object Repository/Page_Mattermost/input_All team communication in one place s_2f2733 (20)'

2019-12-22 01:25:33 - [MESSAGE][PASSED] - Text ****** has been set on object 'Object Repository/Page_Mattermost/input_All team communication in one place s_2f2733 (20)'

2019-12-22 01:25:33 - [TEST_STEP][PASSED] - click(findTestObject("Page_Mattermost/button_Sign in (10)")): Object: 'Object Repository/Page_Mattermost/button_Sign in (10)' is clicked on

2019-12-22 01:25:33 - [MESSAGE][PASSED] - Object: 'Object Repository/Page_Mattermost/button_Sign in (10)' is clicked on

2019-12-22 01:25:33 - [TEST_STEP][PASSED] - click(findTestObject("Object Repository/Page_ Town Square - FirstTeam Mattermost/div_Ne")): Object: 'Object Repository/Page_ Town Square - FirstTeam Mattermost/div_Ne' is clicked on

2019-12-22 01:25:36 - [MESSAGE][PASSED] - Object: 'Object Repository/Page_ Town Square - FirstTeam Mattermost/div_Ne' is clicked on

2019-12-22 01:25:36 - [TEST_STEP][PASSED] - click(findTestObject("Object Repository/Page_ Town Square - NewTeamTesting Mattermost/svg")): Object: 'Object Repository/Page_ Town Square - NewTeamTesting Mattermost/svg' is clicked on

2019-12-22 01:25:37 - [MESSAGE][PASSED] - Object: 'Object Repository/Page_ Town Square - NewTeamTesting Mattermost/svg' is clicked on

2019-12-22 01:25:37 - [TEST_STEP][PASSED] - click(findTestObject("Object Repository/Page_ Town Square - NewTeamTesting Mattermost/button_Leave Team")): Object: 'Object Repository/Page_ Town Square - NewTeamTesting Mattermost/button_Leave Team' is clicked on

2019-12-22 01:25:38 - [MESSAGE][PASSED] - Object: 'Object Repository/Page_ Town Square - NewTeamTesting Mattermost/button_Leave Team' is clicked on

2019-12-22 01:25:38 - [TEST_STEP][PASSED] - click(findTestObject("Object Repository/Page_ Town Square - NewTeamTesting Mattermost/button_Yes")): Object: 'Object Repository/Page_ Town Square - NewTeamTesting Mattermost/button_Yes' is clicked on

2019-12-22 01:25:38 - [MESSAGE][PASSED] - Object: 'Object Repository/Page_ Town Square - NewTeamTesting Mattermost/button_Yes' is clicked on

2019-12-22 01:25:38 - [TEST_STEP][PASSED] - closeBrowser(): Browser is closed

2019-12-22 01:25:41 - [MESSAGE][PASSED] - Browser is closed]]></system-out>
         <system-err><![CDATA[]]></system-err>
      </testcase>
      <testcase name="Test Cases/TestCase30JoinAnotherTeam(NewTeamTesting)" time="22.58" classname="Test Cases/TestCase30JoinAnotherTeam(NewTeamTesting)" status="PASSED">
         <system-out><![CDATA[2019-12-22 01:25:41 - [TEST_CASE][PASSED] - Test Cases/TestCase30JoinAnotherTeam(NewTeamTesting): Test Cases/TestCase30JoinAnotherTeam(NewTeamTesting)

2019-12-22 01:25:41 - [TEST_STEP][PASSED] - openBrowser(""): Browser is opened with url: ''

2019-12-22 01:25:41 - [MESSAGE][INFO] - Starting 'Firefox (headless)' driver

2019-12-22 01:25:47 - [MESSAGE][PASSED] - Browser is opened with url: ''

2019-12-22 01:25:47 - [TEST_STEP][PASSED] - navigateToUrl("https://cs300testautomatic.herokuapp.com/"): Navigate to 'https://cs300testautomatic.herokuapp.com/' successfully

2019-12-22 01:25:52 - [MESSAGE][PASSED] - Navigate to 'https://cs300testautomatic.herokuapp.com/' successfully

2019-12-22 01:25:52 - [TEST_STEP][PASSED] - setText(findTestObject("Page_Mattermost/input_All team communication in one place s_703ef5 (21)"), "giabeuu@gmail.com"): Text 'giabeuu@gmail.com' is set on object 'Object Repository/Page_Mattermost/input_All team communication in one place s_703ef5 (21)'

2019-12-22 01:25:56 - [MESSAGE][PASSED] - Text 'giabeuu@gmail.com' is set on object 'Object Repository/Page_Mattermost/input_All team communication in one place s_703ef5 (21)'

2019-12-22 01:25:56 - [TEST_STEP][PASSED] - setEncryptedText(findTestObject("Page_Mattermost/input_All team communication in one place s_2f2733 (21)"), "GoUae4B8Jrc="): Text ****** has been set on object 'Object Repository/Page_Mattermost/input_All team communication in one place s_2f2733 (21)'

2019-12-22 01:25:56 - [MESSAGE][PASSED] - Text ****** has been set on object 'Object Repository/Page_Mattermost/input_All team communication in one place s_2f2733 (21)'

2019-12-22 01:25:56 - [TEST_STEP][PASSED] - click(findTestObject("Page_Mattermost/button_Sign in (11)")): Object: 'Object Repository/Page_Mattermost/button_Sign in (11)' is clicked on

2019-12-22 01:25:56 - [MESSAGE][PASSED] - Object: 'Object Repository/Page_Mattermost/button_Sign in (11)' is clicked on

2019-12-22 01:25:56 - [TEST_STEP][PASSED] - click(findTestObject("Page_ Town Square - FirstTeam Mattermost/svg (3)")): Object: 'Object Repository/Page_ Town Square - FirstTeam Mattermost/svg (3)' is clicked on

2019-12-22 01:25:59 - [MESSAGE][PASSED] - Object: 'Object Repository/Page_ Town Square - FirstTeam Mattermost/svg (3)' is clicked on

2019-12-22 01:25:59 - [TEST_STEP][PASSED] - click(findTestObject("Object Repository/Page_ Town Square - FirstTeam Mattermost/a_Join Another Team")): Object: 'Object Repository/Page_ Town Square - FirstTeam Mattermost/a_Join Another Team' is clicked on

2019-12-22 01:26:01 - [MESSAGE][PASSED] - Object: 'Object Repository/Page_ Town Square - FirstTeam Mattermost/a_Join Another Team' is clicked on

2019-12-22 01:26:01 - [TEST_STEP][PASSED] - click(findTestObject("Object Repository/Page_ Town Square - FirstTeam Mattermost/span_NewTeamTesting_fa fa-angle-right right_7ee06a")): Object: 'Object Repository/Page_ Town Square - FirstTeam Mattermost/span_NewTeamTesting_fa fa-angle-right right_7ee06a' is clicked on

2019-12-22 01:26:01 - [MESSAGE][PASSED] - Object: 'Object Repository/Page_ Town Square - FirstTeam Mattermost/span_NewTeamTesting_fa fa-angle-right right_7ee06a' is clicked on

2019-12-22 01:26:01 - [TEST_STEP][PASSED] - closeBrowser(): Browser is closed

2019-12-22 01:26:03 - [MESSAGE][PASSED] - Browser is closed]]></system-out>
         <system-err><![CDATA[]]></system-err>
      </testcase>
      <testcase name="Test Cases/TestCase31RemoveDirectMessage" time="53.903" classname="Test Cases/TestCase31RemoveDirectMessage" status="PASSED">
         <system-out><![CDATA[2019-12-22 01:26:03 - [TEST_CASE][PASSED] - Test Cases/TestCase31RemoveDirectMessage: Test Cases/TestCase31RemoveDirectMessage

2019-12-22 01:26:04 - [TEST_STEP][PASSED] - openBrowser(""): Browser is opened with url: ''

2019-12-22 01:26:04 - [MESSAGE][INFO] - Starting 'Firefox (headless)' driver

2019-12-22 01:26:09 - [MESSAGE][PASSED] - Browser is opened with url: ''

2019-12-22 01:26:10 - [TEST_STEP][PASSED] - navigateToUrl("https://cs300testautomatic.herokuapp.com/"): Navigate to 'https://cs300testautomatic.herokuapp.com/' successfully

2019-12-22 01:26:15 - [MESSAGE][PASSED] - Navigate to 'https://cs300testautomatic.herokuapp.com/' successfully

2019-12-22 01:26:15 - [TEST_STEP][PASSED] - setText(findTestObject("Page_Mattermost/input_All team communication in one place s_703ef5"), "dhieu@apcs.vn"): Text 'dhieu@apcs.vn' is set on object 'Object Repository/Page_Mattermost/input_All team communication in one place s_703ef5'

2019-12-22 01:26:19 - [MESSAGE][PASSED] - Text 'dhieu@apcs.vn' is set on object 'Object Repository/Page_Mattermost/input_All team communication in one place s_703ef5'

2019-12-22 01:26:19 - [TEST_STEP][PASSED] - setEncryptedText(findTestObject("Page_Mattermost/input_All team communication in one place s_2f2733"), "iGDxf8hSRT4="): Text ****** has been set on object 'Object Repository/Page_Mattermost/input_All team communication in one place s_2f2733'

2019-12-22 01:26:19 - [MESSAGE][PASSED] - Text ****** has been set on object 'Object Repository/Page_Mattermost/input_All team communication in one place s_2f2733'

2019-12-22 01:26:19 - [TEST_STEP][PASSED] - sendKeys(findTestObject("Page_Mattermost/input_All team communication in one place s_2f2733"), Keys.chord(ENTER)): Keys 'ENTER + ' sent to object: 'Object Repository/Page_Mattermost/input_All team communication in one place s_2f2733'

2019-12-22 01:26:19 - [MESSAGE][PASSED] - Keys 'ENTER + ' sent to object: 'Object Repository/Page_Mattermost/input_All team communication in one place s_2f2733'

2019-12-22 01:26:19 - [TEST_STEP][PASSED] - click(findTestObject("Page_ duy - FirstTeam Mattermost/span_")): Object: 'Object Repository/Page_ duy - FirstTeam Mattermost/span_' is clicked on

2019-12-22 01:26:23 - [MESSAGE][ERROR] - TypeError: rect is undefined
Build info: version: '3.141.59', revision: 'e82be7d358', time: '2018-11-14T08:25:53'
System info: host: 'DESKTOP-O368F3Q', ip: '192.168.0.107', os.name: 'Windows 10', os.arch: 'amd64', os.version: '10.0', java.version: '1.8.0_181'
Driver info: com.kms.katalon.core.webui.driver.firefox.CGeckoDriver
Capabilities {acceptInsecureCerts: true, browserName: firefox, browserVersion: 71.0, javascriptEnabled: true, moz:accessibilityChecks: false, moz:buildID: 20191202093317, moz:geckodriverVersion: 0.23.0, moz:headless: true, moz:processID: 12776, moz:profile: C:\Users\ASUS\AppData\Local..., moz:shutdownTimeout: 60000, moz:useNonSpecCompliantPointerOrigin: false, moz:webdriverClick: true, pageLoadStrategy: normal, platform: WINDOWS, platformName: WINDOWS, platformVersion: 10.0, proxy: Proxy(direct), rotatable: false, setWindowRect: true, strictFileInteractability: false, timeouts: {implicit: 0, pageLoad: 300000, script: 30000}, unhandledPromptBehavior: dismiss and notify}
Session ID: d5f0495f-2f00-442d-adf8-4079b8e8a9c1

2019-12-22 01:26:54 - [MESSAGE][ERROR] - TypeError: rect is undefined
Build info: version: '3.141.59', revision: 'e82be7d358', time: '2018-11-14T08:25:53'
System info: host: 'DESKTOP-O368F3Q', ip: '192.168.0.107', os.name: 'Windows 10', os.arch: 'amd64', os.version: '10.0', java.version: '1.8.0_181'
Driver info: com.kms.katalon.core.webui.driver.firefox.CGeckoDriver
Capabilities {acceptInsecureCerts: true, browserName: firefox, browserVersion: 71.0, javascriptEnabled: true, moz:accessibilityChecks: false, moz:buildID: 20191202093317, moz:geckodriverVersion: 0.23.0, moz:headless: true, moz:processID: 12776, moz:profile: C:\Users\ASUS\AppData\Local..., moz:shutdownTimeout: 60000, moz:useNonSpecCompliantPointerOrigin: false, moz:webdriverClick: true, pageLoadStrategy: normal, platform: WINDOWS, platformName: WINDOWS, platformVersion: 10.0, proxy: Proxy(direct), rotatable: false, setWindowRect: true, strictFileInteractability: false, timeouts: {implicit: 0, pageLoad: 300000, script: 30000}, unhandledPromptBehavior: dismiss and notify}
Session ID: d5f0495f-2f00-442d-adf8-4079b8e8a9c1

2019-12-22 01:26:54 - [MESSAGE][PASSED] - Object: 'Object Repository/Page_ duy - FirstTeam Mattermost/span_' is clicked on

2019-12-22 01:26:54 - [TEST_STEP][PASSED] - click(findTestObject("Object Repository/Page_ Town Square - FirstTeam Mattermost/span_Off-Topic")): Object: 'Object Repository/Page_ Town Square - FirstTeam Mattermost/span_Off-Topic' is clicked on

2019-12-22 01:26:54 - [MESSAGE][PASSED] - Object: 'Object Repository/Page_ Town Square - FirstTeam Mattermost/span_Off-Topic' is clicked on

2019-12-22 01:26:54 - [TEST_STEP][PASSED] - closeBrowser(): Browser is closed

2019-12-22 01:26:57 - [MESSAGE][PASSED] - Browser is closed]]></system-out>
         <system-err><![CDATA[]]></system-err>
      </testcase>
      <testcase name="Test Cases/TestCase32ArchiveChannel" time="55.857" classname="Test Cases/TestCase32ArchiveChannel" status="PASSED">
         <system-out><![CDATA[2019-12-22 01:26:57 - [TEST_CASE][PASSED] - Test Cases/TestCase32ArchiveChannel: Test Cases/TestCase32ArchiveChannel

2019-12-22 01:26:58 - [TEST_STEP][PASSED] - openBrowser(""): Browser is opened with url: ''

2019-12-22 01:26:58 - [MESSAGE][INFO] - Starting 'Firefox (headless)' driver

2019-12-22 01:27:03 - [MESSAGE][PASSED] - Browser is opened with url: ''

2019-12-22 01:27:03 - [TEST_STEP][PASSED] - navigateToUrl("https://cs300testautomatic.herokuapp.com/"): Navigate to 'https://cs300testautomatic.herokuapp.com/' successfully

2019-12-22 01:27:08 - [MESSAGE][PASSED] - Navigate to 'https://cs300testautomatic.herokuapp.com/' successfully

2019-12-22 01:27:08 - [TEST_STEP][PASSED] - setText(findTestObject("Page_Mattermost/input_All team communication in one place s_703ef5"), "dhieu@apcs.vn"): Text 'dhieu@apcs.vn' is set on object 'Object Repository/Page_Mattermost/input_All team communication in one place s_703ef5'

2019-12-22 01:27:13 - [MESSAGE][PASSED] - Text 'dhieu@apcs.vn' is set on object 'Object Repository/Page_Mattermost/input_All team communication in one place s_703ef5'

2019-12-22 01:27:13 - [TEST_STEP][PASSED] - setEncryptedText(findTestObject("Page_Mattermost/input_All team communication in one place s_2f2733"), "iGDxf8hSRT4="): Text ****** has been set on object 'Object Repository/Page_Mattermost/input_All team communication in one place s_2f2733'

2019-12-22 01:27:13 - [MESSAGE][PASSED] - Text ****** has been set on object 'Object Repository/Page_Mattermost/input_All team communication in one place s_2f2733'

2019-12-22 01:27:13 - [TEST_STEP][PASSED] - sendKeys(findTestObject("Page_Mattermost/input_All team communication in one place s_2f2733"), Keys.chord(ENTER)): Keys 'ENTER + ' sent to object: 'Object Repository/Page_Mattermost/input_All team communication in one place s_2f2733'

2019-12-22 01:27:13 - [MESSAGE][PASSED] - Keys 'ENTER + ' sent to object: 'Object Repository/Page_Mattermost/input_All team communication in one place s_2f2733'

2019-12-22 01:27:13 - [TEST_STEP][PASSED] - click(findTestObject("Page_Town Square - FirstTeam Mattermost/span_Channel1")): Object: 'Object Repository/Page_Town Square - FirstTeam Mattermost/span_Channel1' is clicked on

2019-12-22 01:27:45 - [MESSAGE][INFO] - Unable to find the element located by 'By.xpath: //a[@id='sidebarItem_channel1']/span[2]/span'. Please recheck the objects properties to make sure the desired element is located. 

2019-12-22 01:27:45 - [MESSAGE][INFO] - [SMART_XPATH] Auto-trying out other XPath values in the test object.

2019-12-22 01:27:45 - [MESSAGE][INFO] - [SMART_XPATH] FAILED XPATH: '//a[@id='sidebarItem_channel1']/span[2]/span'.

2019-12-22 01:27:45 - [MESSAGE][INFO] - [SMART_XPATH] WORKING XPATH: '(.//*[normalize-space(text()) and normalize-space(.)='+'])[2]/following::span[3]'.

2019-12-22 01:27:46 - [MESSAGE][INFO] - [SMART_XPATH] Screenshot: D:/Learning/School/2019-2020-HK1/CS300/CS300AutomaticWebTesting/Reports/smart_xpath/Object Repository/Page_Town Square - FirstTeam Mattermost/span_Channel1_neighbor_18.png

2019-12-22 01:27:46 - [MESSAGE][INFO] - [SMART_XPATH] WORKING XPATH: '(.//*[normalize-space(text()) and normalize-space(.)='PUBLIC CHANNELS'])[1]/following::span[4]'.

2019-12-22 01:27:46 - [MESSAGE][INFO] - [SMART_XPATH] Screenshot: D:/Learning/School/2019-2020-HK1/CS300/CS300AutomaticWebTesting/Reports/smart_xpath/Object Repository/Page_Town Square - FirstTeam Mattermost/span_Channel1_neighbor_19.png

2019-12-22 01:27:46 - [MESSAGE][INFO] - [SMART_XPATH] WORKING XPATH: '(.//*[normalize-space(text()) and normalize-space(.)='Off-Topic'])[1]/preceding::span[2]'.

2019-12-22 01:27:47 - [MESSAGE][INFO] - [SMART_XPATH] Screenshot: D:/Learning/School/2019-2020-HK1/CS300/CS300AutomaticWebTesting/Reports/smart_xpath/Object Repository/Page_Town Square - FirstTeam Mattermost/span_Channel1_neighbor_20.png

2019-12-22 01:27:47 - [MESSAGE][INFO] - [SMART_XPATH] WORKING XPATH: '(.//*[normalize-space(text()) and normalize-space(.)='Town Square'])[1]/preceding::span[5]'.

2019-12-22 01:27:47 - [MESSAGE][INFO] - [SMART_XPATH] Screenshot: D:/Learning/School/2019-2020-HK1/CS300/CS300AutomaticWebTesting/Reports/smart_xpath/Object Repository/Page_Town Square - FirstTeam Mattermost/span_Channel1_neighbor_21.png

2019-12-22 01:27:47 - [MESSAGE][INFO] - [SMART_XPATH] WORKING XPATH: '//*/text()[normalize-space(.)='Channel1']/parent::*'.

2019-12-22 01:27:47 - [MESSAGE][INFO] - [SMART_XPATH] Screenshot: D:/Learning/School/2019-2020-HK1/CS300/CS300AutomaticWebTesting/Reports/smart_xpath/Object Repository/Page_Town Square - FirstTeam Mattermost/span_Channel1_neighbor_22.png

2019-12-22 01:27:47 - [MESSAGE][INFO] - [SMART_XPATH] WORKING XPATH: '//span[2]/span'.

2019-12-22 01:27:48 - [MESSAGE][INFO] - [SMART_XPATH] Screenshot: D:/Learning/School/2019-2020-HK1/CS300/CS300AutomaticWebTesting/Reports/smart_xpath/Object Repository/Page_Town Square - FirstTeam Mattermost/span_Channel1_position.png

2019-12-22 01:27:48 - [MESSAGE][INFO] - [SMART_XPATH] FAILED XPATH: '(.//*[normalize-space(text()) and normalize-space(.)='Channel3'])[1]/preceding::span[2]'.

2019-12-22 01:27:48 - [MESSAGE][INFO] - [SMART_XPATH] WORKING XPATH: '(.//*[normalize-space(text()) and normalize-space(.)='Off-Topic'])[1]/preceding::span[5]'.

2019-12-22 01:27:48 - [MESSAGE][INFO] - [SMART_XPATH] Screenshot: D:/Learning/School/2019-2020-HK1/CS300/CS300AutomaticWebTesting/Reports/smart_xpath/Object Repository/Page_Town Square - FirstTeam Mattermost/span_Channel1_neighbor_23.png

2019-12-22 01:27:48 - [MESSAGE][ERROR] - [SMART_XPATH] D:\Learning\School\2019-2020-HK1\CS300\CS300AutomaticWebTesting\Reports\smart_xpath\waiting-for-approval.json (The system cannot find the file specified)

2019-12-22 01:27:48 - [MESSAGE][ERROR] - [SMART_XPATH] D:/Learning/School/2019-2020-HK1/CS300/CS300AutomaticWebTesting/Reports/smart_xpath/waiting-for-approval.json does not exist or is provided by Smart XPath Plugin!

2019-12-22 01:27:48 - [MESSAGE][INFO] - [SMART_XPATH] Selected Smart XPath: '(.//*[normalize-space(text()) and normalize-space(.)='+'])[2]/following::span[3]'.

2019-12-22 01:27:48 - [MESSAGE][INFO] - [SMART_XPATH] Continuing executing the test case!

2019-12-22 01:27:49 - [MESSAGE][PASSED] - Object: 'Object Repository/Page_Town Square - FirstTeam Mattermost/span_Channel1' is clicked on

2019-12-22 01:27:49 - [TEST_STEP][PASSED] - click(findTestObject("Page_Channel1 - FirstTeam Mattermost/span_Channel1_channelHeaderDropdownIcon")): Object: 'Object Repository/Page_Channel1 - FirstTeam Mattermost/span_Channel1_channelHeaderDropdownIcon' is clicked on

2019-12-22 01:27:50 - [MESSAGE][PASSED] - Object: 'Object Repository/Page_Channel1 - FirstTeam Mattermost/span_Channel1_channelHeaderDropdownIcon' is clicked on

2019-12-22 01:27:50 - [TEST_STEP][PASSED] - click(findTestObject("Object Repository/Page_Channel1 - FirstTeam Mattermost/button_Archive Channel")): Object: 'Object Repository/Page_Channel1 - FirstTeam Mattermost/button_Archive Channel' is clicked on

2019-12-22 01:27:50 - [MESSAGE][PASSED] - Object: 'Object Repository/Page_Channel1 - FirstTeam Mattermost/button_Archive Channel' is clicked on

2019-12-22 01:27:50 - [TEST_STEP][PASSED] - click(findTestObject("Object Repository/Page_Channel1 - FirstTeam Mattermost/span_Archive")): Object: 'Object Repository/Page_Channel1 - FirstTeam Mattermost/span_Archive' is clicked on

2019-12-22 01:27:51 - [MESSAGE][PASSED] - Object: 'Object Repository/Page_Channel1 - FirstTeam Mattermost/span_Archive' is clicked on

2019-12-22 01:27:51 - [TEST_STEP][PASSED] - closeBrowser(): Browser is closed

2019-12-22 01:27:53 - [MESSAGE][PASSED] - Browser is closed]]></system-out>
         <system-err><![CDATA[]]></system-err>
      </testcase>
      <testcase name="Test Cases/TestCase33ViewChannelInfo" time="23.358" classname="Test Cases/TestCase33ViewChannelInfo" status="PASSED">
         <system-out><![CDATA[2019-12-22 01:27:53 - [TEST_CASE][PASSED] - Test Cases/TestCase33ViewChannelInfo: Test Cases/TestCase33ViewChannelInfo

2019-12-22 01:27:53 - [TEST_STEP][PASSED] - openBrowser(""): Browser is opened with url: ''

2019-12-22 01:27:53 - [MESSAGE][INFO] - Starting 'Firefox (headless)' driver

2019-12-22 01:27:58 - [MESSAGE][PASSED] - Browser is opened with url: ''

2019-12-22 01:27:58 - [TEST_STEP][PASSED] - navigateToUrl("https://cs300testautomatic.herokuapp.com/"): Navigate to 'https://cs300testautomatic.herokuapp.com/' successfully

2019-12-22 01:28:03 - [MESSAGE][PASSED] - Navigate to 'https://cs300testautomatic.herokuapp.com/' successfully

2019-12-22 01:28:03 - [TEST_STEP][PASSED] - setText(findTestObject("Page_Mattermost/input_All team communication in one place s_703ef5"), "dhieu@apcs.vn"): Text 'dhieu@apcs.vn' is set on object 'Object Repository/Page_Mattermost/input_All team communication in one place s_703ef5'

2019-12-22 01:28:07 - [MESSAGE][PASSED] - Text 'dhieu@apcs.vn' is set on object 'Object Repository/Page_Mattermost/input_All team communication in one place s_703ef5'

2019-12-22 01:28:07 - [TEST_STEP][PASSED] - setEncryptedText(findTestObject("Page_Mattermost/input_All team communication in one place s_2f2733"), "iGDxf8hSRT4="): Text ****** has been set on object 'Object Repository/Page_Mattermost/input_All team communication in one place s_2f2733'

2019-12-22 01:28:07 - [MESSAGE][PASSED] - Text ****** has been set on object 'Object Repository/Page_Mattermost/input_All team communication in one place s_2f2733'

2019-12-22 01:28:07 - [TEST_STEP][PASSED] - sendKeys(findTestObject("Page_Mattermost/input_All team communication in one place s_2f2733"), Keys.chord(ENTER)): Keys 'ENTER + ' sent to object: 'Object Repository/Page_Mattermost/input_All team communication in one place s_2f2733'

2019-12-22 01:28:08 - [MESSAGE][PASSED] - Keys 'ENTER + ' sent to object: 'Object Repository/Page_Mattermost/input_All team communication in one place s_2f2733'

2019-12-22 01:28:08 - [TEST_STEP][PASSED] - click(findTestObject("Object Repository/Page_Town Square - FirstTeam Mattermost/button_Town Square")): Object: 'Object Repository/Page_Town Square - FirstTeam Mattermost/button_Town Square' is clicked on

2019-12-22 01:28:12 - [MESSAGE][PASSED] - Object: 'Object Repository/Page_Town Square - FirstTeam Mattermost/button_Town Square' is clicked on

2019-12-22 01:28:12 - [TEST_STEP][PASSED] - click(findTestObject("Object Repository/Page_Town Square - FirstTeam Mattermost/button_View Info")): Object: 'Object Repository/Page_Town Square - FirstTeam Mattermost/button_View Info' is clicked on

2019-12-22 01:28:13 - [MESSAGE][PASSED] - Object: 'Object Repository/Page_Town Square - FirstTeam Mattermost/button_View Info' is clicked on

2019-12-22 01:28:13 - [TEST_STEP][PASSED] - click(findTestObject("Object Repository/Page_Town Square - FirstTeam Mattermost/div_httpscs300testautomaticherokuappcomfirs_90a714")): Object: 'Object Repository/Page_Town Square - FirstTeam Mattermost/div_httpscs300testautomaticherokuappcomfirs_90a714' is clicked on

2019-12-22 01:28:13 - [MESSAGE][PASSED] - Object: 'Object Repository/Page_Town Square - FirstTeam Mattermost/div_httpscs300testautomaticherokuappcomfirs_90a714' is clicked on

2019-12-22 01:28:13 - [TEST_STEP][PASSED] - click(findTestObject("Object Repository/Page_Town Square - FirstTeam Mattermost/p_ZZZZZ")): Object: 'Object Repository/Page_Town Square - FirstTeam Mattermost/p_ZZZZZ' is clicked on

2019-12-22 01:28:14 - [MESSAGE][PASSED] - Object: 'Object Repository/Page_Town Square - FirstTeam Mattermost/p_ZZZZZ' is clicked on

2019-12-22 01:28:14 - [TEST_STEP][PASSED] - click(findTestObject("Object Repository/Page_Town Square - FirstTeam Mattermost/div_More")): Object: 'Object Repository/Page_Town Square - FirstTeam Mattermost/div_More' is clicked on

2019-12-22 01:28:14 - [MESSAGE][PASSED] - Object: 'Object Repository/Page_Town Square - FirstTeam Mattermost/div_More' is clicked on

2019-12-22 01:28:14 - [TEST_STEP][PASSED] - click(findTestObject("Page_Town Square - FirstTeam Mattermost/span_")): Object: 'Object Repository/Page_Town Square - FirstTeam Mattermost/span_' is clicked on

2019-12-22 01:28:15 - [MESSAGE][PASSED] - Object: 'Object Repository/Page_Town Square - FirstTeam Mattermost/span_' is clicked on

2019-12-22 01:28:15 - [TEST_STEP][PASSED] - closeBrowser(): Browser is closed

2019-12-22 01:28:16 - [MESSAGE][PASSED] - Browser is closed]]></system-out>
         <system-err><![CDATA[]]></system-err>
      </testcase>
      <testcase name="Test Cases/TestCase34MuteChannel" time="26.34" classname="Test Cases/TestCase34MuteChannel" status="PASSED">
         <system-out><![CDATA[2019-12-22 01:28:16 - [TEST_CASE][PASSED] - Test Cases/TestCase34MuteChannel: Test Cases/TestCase34MuteChannel

2019-12-22 01:28:17 - [TEST_STEP][PASSED] - openBrowser(""): Browser is opened with url: ''

2019-12-22 01:28:17 - [MESSAGE][INFO] - Starting 'Firefox (headless)' driver

2019-12-22 01:28:22 - [MESSAGE][PASSED] - Browser is opened with url: ''

2019-12-22 01:28:22 - [TEST_STEP][PASSED] - navigateToUrl("https://cs300testautomatic.herokuapp.com/"): Navigate to 'https://cs300testautomatic.herokuapp.com/' successfully

2019-12-22 01:28:28 - [MESSAGE][PASSED] - Navigate to 'https://cs300testautomatic.herokuapp.com/' successfully

2019-12-22 01:28:28 - [TEST_STEP][PASSED] - setText(findTestObject("Page_Mattermost/input_All team communication in one place s_703ef5"), "dhieu@apcs.vn"): Text 'dhieu@apcs.vn' is set on object 'Object Repository/Page_Mattermost/input_All team communication in one place s_703ef5'

2019-12-22 01:28:35 - [MESSAGE][PASSED] - Text 'dhieu@apcs.vn' is set on object 'Object Repository/Page_Mattermost/input_All team communication in one place s_703ef5'

2019-12-22 01:28:35 - [TEST_STEP][PASSED] - setEncryptedText(findTestObject("Page_Mattermost/input_All team communication in one place s_2f2733"), "iGDxf8hSRT4="): Text ****** has been set on object 'Object Repository/Page_Mattermost/input_All team communication in one place s_2f2733'

2019-12-22 01:28:35 - [MESSAGE][PASSED] - Text ****** has been set on object 'Object Repository/Page_Mattermost/input_All team communication in one place s_2f2733'

2019-12-22 01:28:35 - [TEST_STEP][PASSED] - sendKeys(findTestObject("Page_Mattermost/input_All team communication in one place s_2f2733"), Keys.chord(ENTER)): Keys 'ENTER + ' sent to object: 'Object Repository/Page_Mattermost/input_All team communication in one place s_2f2733'

2019-12-22 01:28:35 - [MESSAGE][PASSED] - Keys 'ENTER + ' sent to object: 'Object Repository/Page_Mattermost/input_All team communication in one place s_2f2733'

2019-12-22 01:28:35 - [TEST_STEP][PASSED] - click(findTestObject("Page_Town Square - FirstTeam Mattermost/button_Town Square")): Object: 'Object Repository/Page_Town Square - FirstTeam Mattermost/button_Town Square' is clicked on

2019-12-22 01:28:39 - [MESSAGE][PASSED] - Object: 'Object Repository/Page_Town Square - FirstTeam Mattermost/button_Town Square' is clicked on

2019-12-22 01:28:39 - [TEST_STEP][PASSED] - click(findTestObject("Object Repository/Page_Town Square - FirstTeam Mattermost/button_Mute Channel")): Object: 'Object Repository/Page_Town Square - FirstTeam Mattermost/button_Mute Channel' is clicked on

2019-12-22 01:28:41 - [MESSAGE][PASSED] - Object: 'Object Repository/Page_Town Square - FirstTeam Mattermost/button_Mute Channel' is clicked on

2019-12-22 01:28:41 - [TEST_STEP][PASSED] - closeBrowser(): Browser is closed

2019-12-22 01:28:43 - [MESSAGE][PASSED] - Browser is closed]]></system-out>
         <system-err><![CDATA[]]></system-err>
      </testcase>
      <testcase name="Test Cases/TestCase35UnmuteChannel" time="23.79" classname="Test Cases/TestCase35UnmuteChannel" status="PASSED">
         <system-out><![CDATA[2019-12-22 01:28:43 - [TEST_CASE][PASSED] - Test Cases/TestCase35UnmuteChannel: Test Cases/TestCase35UnmuteChannel

2019-12-22 01:28:43 - [TEST_STEP][PASSED] - openBrowser(""): Browser is opened with url: ''

2019-12-22 01:28:43 - [MESSAGE][INFO] - Starting 'Firefox (headless)' driver

2019-12-22 01:28:49 - [MESSAGE][PASSED] - Browser is opened with url: ''

2019-12-22 01:28:49 - [TEST_STEP][PASSED] - navigateToUrl("https://cs300testautomatic.herokuapp.com/"): Navigate to 'https://cs300testautomatic.herokuapp.com/' successfully

2019-12-22 01:28:54 - [MESSAGE][PASSED] - Navigate to 'https://cs300testautomatic.herokuapp.com/' successfully

2019-12-22 01:28:54 - [TEST_STEP][PASSED] - setText(findTestObject("Page_Mattermost/input_All team communication in one place s_703ef5"), "dhieu@apcs.vn"): Text 'dhieu@apcs.vn' is set on object 'Object Repository/Page_Mattermost/input_All team communication in one place s_703ef5'

2019-12-22 01:28:59 - [MESSAGE][PASSED] - Text 'dhieu@apcs.vn' is set on object 'Object Repository/Page_Mattermost/input_All team communication in one place s_703ef5'

2019-12-22 01:28:59 - [TEST_STEP][PASSED] - setEncryptedText(findTestObject("Page_Mattermost/input_All team communication in one place s_2f2733"), "iGDxf8hSRT4="): Text ****** has been set on object 'Object Repository/Page_Mattermost/input_All team communication in one place s_2f2733'

2019-12-22 01:28:59 - [MESSAGE][PASSED] - Text ****** has been set on object 'Object Repository/Page_Mattermost/input_All team communication in one place s_2f2733'

2019-12-22 01:28:59 - [TEST_STEP][PASSED] - sendKeys(findTestObject("Page_Mattermost/input_All team communication in one place s_2f2733"), Keys.chord(ENTER)): Keys 'ENTER + ' sent to object: 'Object Repository/Page_Mattermost/input_All team communication in one place s_2f2733'

2019-12-22 01:28:59 - [MESSAGE][PASSED] - Keys 'ENTER + ' sent to object: 'Object Repository/Page_Mattermost/input_All team communication in one place s_2f2733'

2019-12-22 01:28:59 - [TEST_STEP][PASSED] - click(findTestObject("Object Repository/Page_Town Square - FirstTeam Mattermost/span_Town Square_channelHeaderDropdownIcon")): Object: 'Object Repository/Page_Town Square - FirstTeam Mattermost/span_Town Square_channelHeaderDropdownIcon' is clicked on

2019-12-22 01:29:04 - [MESSAGE][PASSED] - Object: 'Object Repository/Page_Town Square - FirstTeam Mattermost/span_Town Square_channelHeaderDropdownIcon' is clicked on

2019-12-22 01:29:04 - [TEST_STEP][PASSED] - click(findTestObject("Object Repository/Page_Town Square - FirstTeam Mattermost/button_Unmute Channel")): Object: 'Object Repository/Page_Town Square - FirstTeam Mattermost/button_Unmute Channel' is clicked on

2019-12-22 01:29:04 - [MESSAGE][PASSED] - Object: 'Object Repository/Page_Town Square - FirstTeam Mattermost/button_Unmute Channel' is clicked on

2019-12-22 01:29:04 - [TEST_STEP][PASSED] - closeBrowser(): Browser is closed

2019-12-22 01:29:06 - [MESSAGE][PASSED] - Browser is closed]]></system-out>
         <system-err><![CDATA[]]></system-err>
      </testcase>
      <testcase name="Test Cases/TestCase36EditNotificationPreferencesChannel" time="157.642" classname="Test Cases/TestCase36EditNotificationPreferencesChannel" status="PASSED">
         <system-out><![CDATA[2019-12-22 01:29:07 - [TEST_CASE][PASSED] - Test Cases/TestCase36EditNotificationPreferencesChannel: Test Cases/TestCase36EditNotificationPreferencesChannel

2019-12-22 01:29:07 - [TEST_STEP][PASSED] - openBrowser(""): Browser is opened with url: ''

2019-12-22 01:29:07 - [MESSAGE][INFO] - Starting 'Firefox (headless)' driver

2019-12-22 01:29:12 - [MESSAGE][PASSED] - Browser is opened with url: ''

2019-12-22 01:29:12 - [TEST_STEP][PASSED] - navigateToUrl("https://cs300testautomatic.herokuapp.com/"): Navigate to 'https://cs300testautomatic.herokuapp.com/' successfully

2019-12-22 01:29:18 - [MESSAGE][PASSED] - Navigate to 'https://cs300testautomatic.herokuapp.com/' successfully

2019-12-22 01:29:18 - [TEST_STEP][PASSED] - setText(findTestObject("Page_Mattermost/input_All team communication in one place s_703ef5"), "dhieu@apcs.vn"): Text 'dhieu@apcs.vn' is set on object 'Object Repository/Page_Mattermost/input_All team communication in one place s_703ef5'

2019-12-22 01:29:22 - [MESSAGE][PASSED] - Text 'dhieu@apcs.vn' is set on object 'Object Repository/Page_Mattermost/input_All team communication in one place s_703ef5'

2019-12-22 01:29:22 - [TEST_STEP][PASSED] - setEncryptedText(findTestObject("Page_Mattermost/input_All team communication in one place s_2f2733"), "iGDxf8hSRT4="): Text ****** has been set on object 'Object Repository/Page_Mattermost/input_All team communication in one place s_2f2733'

2019-12-22 01:29:23 - [MESSAGE][PASSED] - Text ****** has been set on object 'Object Repository/Page_Mattermost/input_All team communication in one place s_2f2733'

2019-12-22 01:29:23 - [TEST_STEP][PASSED] - sendKeys(findTestObject("Page_Mattermost/input_All team communication in one place s_2f2733"), Keys.chord(ENTER)): Keys 'ENTER + ' sent to object: 'Object Repository/Page_Mattermost/input_All team communication in one place s_2f2733'

2019-12-22 01:29:23 - [MESSAGE][PASSED] - Keys 'ENTER + ' sent to object: 'Object Repository/Page_Mattermost/input_All team communication in one place s_2f2733'

2019-12-22 01:29:23 - [TEST_STEP][PASSED] - click(findTestObject("Object Repository/Page_Town Square - FirstTeam Mattermost/span_Off-Topic")): Object: 'Object Repository/Page_Town Square - FirstTeam Mattermost/span_Off-Topic' is clicked on

2019-12-22 01:29:26 - [MESSAGE][PASSED] - Object: 'Object Repository/Page_Town Square - FirstTeam Mattermost/span_Off-Topic' is clicked on

2019-12-22 01:29:26 - [TEST_STEP][PASSED] - click(findTestObject("Object Repository/Page_Off-Topic - FirstTeam Mattermost/span_Off-Topic_channelHeaderDropdownIcon")): Object: 'Object Repository/Page_Off-Topic - FirstTeam Mattermost/span_Off-Topic_channelHeaderDropdownIcon' is clicked on

2019-12-22 01:29:28 - [MESSAGE][PASSED] - Object: 'Object Repository/Page_Off-Topic - FirstTeam Mattermost/span_Off-Topic_channelHeaderDropdownIcon' is clicked on

2019-12-22 01:29:28 - [TEST_STEP][PASSED] - click(findTestObject("Object Repository/Page_Off-Topic - FirstTeam Mattermost/button_Notification Preferences")): Object: 'Object Repository/Page_Off-Topic - FirstTeam Mattermost/button_Notification Preferences' is clicked on

2019-12-22 01:29:29 - [MESSAGE][PASSED] - Object: 'Object Repository/Page_Off-Topic - FirstTeam Mattermost/button_Notification Preferences' is clicked on

2019-12-22 01:29:29 - [TEST_STEP][PASSED] - click(findTestObject("Object Repository/Page_Off-Topic - FirstTeam Mattermost/span_Edit")): Object: 'Object Repository/Page_Off-Topic - FirstTeam Mattermost/span_Edit' is clicked on

2019-12-22 01:29:30 - [MESSAGE][PASSED] - Object: 'Object Repository/Page_Off-Topic - FirstTeam Mattermost/span_Edit' is clicked on

2019-12-22 01:29:30 - [TEST_STEP][PASSED] - click(findTestObject("Object Repository/Page_Off-Topic - FirstTeam Mattermost/input_Mute channel_channelNotificationMute")): Object: 'Object Repository/Page_Off-Topic - FirstTeam Mattermost/input_Mute channel_channelNotificationMute' is clicked on

2019-12-22 01:29:30 - [MESSAGE][PASSED] - Object: 'Object Repository/Page_Off-Topic - FirstTeam Mattermost/input_Mute channel_channelNotificationMute' is clicked on

2019-12-22 01:29:30 - [TEST_STEP][PASSED] - click(findTestObject("Object Repository/Page_Off-Topic - FirstTeam Mattermost/span_Save")): Object: 'Object Repository/Page_Off-Topic - FirstTeam Mattermost/span_Save' is clicked on

2019-12-22 01:29:31 - [MESSAGE][PASSED] - Object: 'Object Repository/Page_Off-Topic - FirstTeam Mattermost/span_Save' is clicked on

2019-12-22 01:29:31 - [TEST_STEP][PASSED] - click(findTestObject("Object Repository/Page_Off-Topic - FirstTeam Mattermost/span_Edit")): Object: 'Object Repository/Page_Off-Topic - FirstTeam Mattermost/span_Edit' is clicked on

2019-12-22 01:29:31 - [MESSAGE][PASSED] - Object: 'Object Repository/Page_Off-Topic - FirstTeam Mattermost/span_Edit' is clicked on

2019-12-22 01:29:31 - [TEST_STEP][PASSED] - click(findTestObject("Object Repository/Page_Off-Topic - FirstTeam Mattermost/li_OnOffWhen enabled channel here and all w_65cb61")): Object: 'Object Repository/Page_Off-Topic - FirstTeam Mattermost/li_OnOffWhen enabled channel here and all w_65cb61' is clicked on

2019-12-22 01:30:02 - [MESSAGE][INFO] - Unable to find the element located by 'By.xpath: (.//*[normalize-space(text()) and normalize-space(.)='Ignore mentions for @channel, @here and @all'])[1]/following::li[1]'. Please recheck the objects properties to make sure the desired element is located. 

2019-12-22 01:30:02 - [MESSAGE][INFO] - [SMART_XPATH] Auto-trying out other XPath values in the test object.

2019-12-22 01:30:02 - [MESSAGE][INFO] - [SMART_XPATH] FAILED XPATH: '(.//*[normalize-space(text()) and normalize-space(.)='Ignore mentions for @channel, @here and @all'])[1]/following::li[1]'.

2019-12-22 01:30:02 - [MESSAGE][INFO] - [SMART_XPATH] FAILED XPATH: '(.//*[normalize-space(text()) and normalize-space(.)='Mute is enabled. Desktop, email and push notifications will not be sent for this channel.'])[1]/following::li[2]'.

2019-12-22 01:30:02 - [MESSAGE][INFO] - [SMART_XPATH] WORKING XPATH: '//div[2]/div/div/div/ul/li[2]'.

2019-12-22 01:30:03 - [MESSAGE][INFO] - [SMART_XPATH] Screenshot: D:/Learning/School/2019-2020-HK1/CS300/CS300AutomaticWebTesting/Reports/smart_xpath/Object Repository/Page_Off-Topic - FirstTeam Mattermost/li_OnOffWhen enabled channel here and all w_65cb61_position.png

2019-12-22 01:30:03 - [MESSAGE][ERROR] - [SMART_XPATH] D:\Learning\School\2019-2020-HK1\CS300\CS300AutomaticWebTesting\Reports\smart_xpath\waiting-for-approval.json (The system cannot find the file specified)

2019-12-22 01:30:03 - [MESSAGE][ERROR] - [SMART_XPATH] D:/Learning/School/2019-2020-HK1/CS300/CS300AutomaticWebTesting/Reports/smart_xpath/waiting-for-approval.json does not exist or is provided by Smart XPath Plugin!

2019-12-22 01:30:03 - [MESSAGE][INFO] - [SMART_XPATH] Selected Smart XPath: '//div[2]/div/div/div/ul/li[2]'.

2019-12-22 01:30:03 - [MESSAGE][INFO] - [SMART_XPATH] Continuing executing the test case!

2019-12-22 01:30:03 - [MESSAGE][PASSED] - Object: 'Object Repository/Page_Off-Topic - FirstTeam Mattermost/li_OnOffWhen enabled channel here and all w_65cb61' is clicked on

2019-12-22 01:30:03 - [TEST_STEP][PASSED] - click(findTestObject("Object Repository/Page_Off-Topic - FirstTeam Mattermost/label_On")): Object: 'Object Repository/Page_Off-Topic - FirstTeam Mattermost/label_On' is clicked on

2019-12-22 01:30:34 - [MESSAGE][INFO] - Unable to find the element located by 'By.xpath: (.//*[normalize-space(text()) and normalize-space(.)='Ignore mentions for @channel, @here and @all'])[1]/following::label[1]'. Please recheck the objects properties to make sure the desired element is located. 

2019-12-22 01:30:34 - [MESSAGE][INFO] - [SMART_XPATH] Auto-trying out other XPath values in the test object.

2019-12-22 01:30:34 - [MESSAGE][INFO] - [SMART_XPATH] FAILED XPATH: '(.//*[normalize-space(text()) and normalize-space(.)='Ignore mentions for @channel, @here and @all'])[1]/following::label[1]'.

2019-12-22 01:30:34 - [MESSAGE][INFO] - [SMART_XPATH] FAILED XPATH: '(.//*[normalize-space(text()) and normalize-space(.)='Mute is enabled. Desktop, email and push notifications will not be sent for this channel.'])[1]/following::label[1]'.

2019-12-22 01:30:34 - [MESSAGE][INFO] - [SMART_XPATH] WORKING XPATH: '(.//*[normalize-space(text()) and normalize-space(.)='Off'])[1]/preceding::label[1]'.

2019-12-22 01:30:35 - [MESSAGE][INFO] - [SMART_XPATH] Screenshot: D:/Learning/School/2019-2020-HK1/CS300/CS300AutomaticWebTesting/Reports/smart_xpath/Object Repository/Page_Off-Topic - FirstTeam Mattermost/label_On_neighbor_20.png

2019-12-22 01:30:35 - [MESSAGE][INFO] - [SMART_XPATH] WORKING XPATH: '//label'.

2019-12-22 01:30:35 - [MESSAGE][INFO] - [SMART_XPATH] Screenshot: D:/Learning/School/2019-2020-HK1/CS300/CS300AutomaticWebTesting/Reports/smart_xpath/Object Repository/Page_Off-Topic - FirstTeam Mattermost/label_On_position.png

2019-12-22 01:30:35 - [MESSAGE][ERROR] - [SMART_XPATH] D:\Learning\School\2019-2020-HK1\CS300\CS300AutomaticWebTesting\Reports\smart_xpath\waiting-for-approval.json (The system cannot find the file specified)

2019-12-22 01:30:35 - [MESSAGE][ERROR] - [SMART_XPATH] D:/Learning/School/2019-2020-HK1/CS300/CS300AutomaticWebTesting/Reports/smart_xpath/waiting-for-approval.json does not exist or is provided by Smart XPath Plugin!

2019-12-22 01:30:35 - [MESSAGE][INFO] - [SMART_XPATH] Selected Smart XPath: '(.//*[normalize-space(text()) and normalize-space(.)='Off'])[1]/preceding::label[1]'.

2019-12-22 01:30:35 - [MESSAGE][INFO] - [SMART_XPATH] Continuing executing the test case!

2019-12-22 01:30:35 - [MESSAGE][PASSED] - Object: 'Object Repository/Page_Off-Topic - FirstTeam Mattermost/label_On' is clicked on

2019-12-22 01:30:35 - [TEST_STEP][PASSED] - click(findTestObject("Object Repository/Page_Off-Topic - FirstTeam Mattermost/button_Save")): Object: 'Object Repository/Page_Off-Topic - FirstTeam Mattermost/button_Save' is clicked on

2019-12-22 01:30:36 - [MESSAGE][PASSED] - Object: 'Object Repository/Page_Off-Topic - FirstTeam Mattermost/button_Save' is clicked on

2019-12-22 01:30:36 - [TEST_STEP][PASSED] - click(findTestObject("Object Repository/Page_Off-Topic - FirstTeam Mattermost/button_Edit")): Object: 'Object Repository/Page_Off-Topic - FirstTeam Mattermost/button_Edit' is clicked on

2019-12-22 01:30:36 - [MESSAGE][PASSED] - Object: 'Object Repository/Page_Off-Topic - FirstTeam Mattermost/button_Edit' is clicked on

2019-12-22 01:30:36 - [TEST_STEP][PASSED] - click(findTestObject("Object Repository/Page_Off-Topic - FirstTeam Mattermost/li_OnOffMuting turns off desktop email and _95114b")): Object: 'Object Repository/Page_Off-Topic - FirstTeam Mattermost/li_OnOffMuting turns off desktop email and _95114b' is clicked on

2019-12-22 01:30:37 - [MESSAGE][PASSED] - Object: 'Object Repository/Page_Off-Topic - FirstTeam Mattermost/li_OnOffMuting turns off desktop email and _95114b' is clicked on

2019-12-22 01:30:37 - [TEST_STEP][PASSED] - click(findTestObject("Object Repository/Page_Off-Topic - FirstTeam Mattermost/span_Save")): Object: 'Object Repository/Page_Off-Topic - FirstTeam Mattermost/span_Save' is clicked on

2019-12-22 01:30:37 - [MESSAGE][PASSED] - Object: 'Object Repository/Page_Off-Topic - FirstTeam Mattermost/span_Save' is clicked on

2019-12-22 01:30:37 - [TEST_STEP][PASSED] - click(findTestObject("Object Repository/Page_Off-Topic - FirstTeam Mattermost/span_Edit")): Object: 'Object Repository/Page_Off-Topic - FirstTeam Mattermost/span_Edit' is clicked on

2019-12-22 01:30:37 - [MESSAGE][PASSED] - Object: 'Object Repository/Page_Off-Topic - FirstTeam Mattermost/span_Edit' is clicked on

2019-12-22 01:30:37 - [TEST_STEP][PASSED] - click(findTestObject("Object Repository/Page_Off-Topic - FirstTeam Mattermost/span_Edit")): Object: 'Object Repository/Page_Off-Topic - FirstTeam Mattermost/span_Edit' is clicked on

2019-12-22 01:31:08 - [MESSAGE][INFO] - Unable to find the element located by 'By.xpath: //button[@id='markUnreadEdit']/span'. Please recheck the objects properties to make sure the desired element is located. 

2019-12-22 01:31:08 - [MESSAGE][INFO] - [SMART_XPATH] Auto-trying out other XPath values in the test object.

2019-12-22 01:31:08 - [MESSAGE][INFO] - [SMART_XPATH] FAILED XPATH: '//button[@id='markUnreadEdit']/span'.

2019-12-22 01:31:08 - [MESSAGE][INFO] - [SMART_XPATH] WORKING XPATH: '(.//*[normalize-space(text()) and normalize-space(.)='Mute channel'])[1]/following::span[1]'.

2019-12-22 01:31:09 - [MESSAGE][INFO] - [SMART_XPATH] Screenshot: D:/Learning/School/2019-2020-HK1/CS300/CS300AutomaticWebTesting/Reports/smart_xpath/Object Repository/Page_Off-Topic - FirstTeam Mattermost/span_Edit_neighbor_21.png

2019-12-22 01:31:09 - [MESSAGE][INFO] - [SMART_XPATH] WORKING XPATH: '(.//*[normalize-space(text()) and normalize-space(.)='Off-Topic'])[4]/following::span[2]'.

2019-12-22 01:31:09 - [MESSAGE][INFO] - [SMART_XPATH] Screenshot: D:/Learning/School/2019-2020-HK1/CS300/CS300AutomaticWebTesting/Reports/smart_xpath/Object Repository/Page_Off-Topic - FirstTeam Mattermost/span_Edit_neighbor_22.png

2019-12-22 01:31:09 - [MESSAGE][INFO] - [SMART_XPATH] WORKING XPATH: '(.//*[normalize-space(text()) and normalize-space(.)='Off'])[1]/preceding::span[1]'.

2019-12-22 01:31:09 - [MESSAGE][INFO] - [SMART_XPATH] Screenshot: D:/Learning/School/2019-2020-HK1/CS300/CS300AutomaticWebTesting/Reports/smart_xpath/Object Repository/Page_Off-Topic - FirstTeam Mattermost/span_Edit_neighbor_23.png

2019-12-22 01:31:09 - [MESSAGE][INFO] - [SMART_XPATH] WORKING XPATH: '(.//*[normalize-space(text()) and normalize-space(.)='Ignore mentions for @channel, @here and @all'])[1]/preceding::span[2]'.

2019-12-22 01:31:09 - [MESSAGE][INFO] - [SMART_XPATH] Screenshot: D:/Learning/School/2019-2020-HK1/CS300/CS300AutomaticWebTesting/Reports/smart_xpath/Object Repository/Page_Off-Topic - FirstTeam Mattermost/span_Edit_neighbor_24.png

2019-12-22 01:31:09 - [MESSAGE][INFO] - [SMART_XPATH] WORKING XPATH: '//*/text()[normalize-space(.)='Edit']/parent::*'.

2019-12-22 01:31:09 - [MESSAGE][INFO] - [SMART_XPATH] Screenshot: D:/Learning/School/2019-2020-HK1/CS300/CS300AutomaticWebTesting/Reports/smart_xpath/Object Repository/Page_Off-Topic - FirstTeam Mattermost/span_Edit_neighbor_25.png

2019-12-22 01:31:09 - [MESSAGE][INFO] - [SMART_XPATH] WORKING XPATH: '//div/div[2]/button/span'.

2019-12-22 01:31:10 - [MESSAGE][ERROR] - [SMART_XPATH] Cannot save screenshot to: D:/Learning/School/2019-2020-HK1/CS300/CS300AutomaticWebTesting/Reports/smart_xpath, reason: y lies outside the raster

2019-12-22 01:31:10 - [MESSAGE][ERROR] - [SMART_XPATH] D:\Learning\School\2019-2020-HK1\CS300\CS300AutomaticWebTesting\Reports\smart_xpath\waiting-for-approval.json (The system cannot find the file specified)

2019-12-22 01:31:10 - [MESSAGE][ERROR] - [SMART_XPATH] D:/Learning/School/2019-2020-HK1/CS300/CS300AutomaticWebTesting/Reports/smart_xpath/waiting-for-approval.json does not exist or is provided by Smart XPath Plugin!

2019-12-22 01:31:10 - [MESSAGE][INFO] - [SMART_XPATH] Selected Smart XPath: '(.//*[normalize-space(text()) and normalize-space(.)='Mute channel'])[1]/following::span[1]'.

2019-12-22 01:31:10 - [MESSAGE][INFO] - [SMART_XPATH] Continuing executing the test case!

2019-12-22 01:31:10 - [MESSAGE][PASSED] - Object: 'Object Repository/Page_Off-Topic - FirstTeam Mattermost/span_Edit' is clicked on

2019-12-22 01:31:10 - [TEST_STEP][PASSED] - click(findTestObject("Object Repository/Page_Off-Topic - FirstTeam Mattermost/label_Never")): Object: 'Object Repository/Page_Off-Topic - FirstTeam Mattermost/label_Never' is clicked on

2019-12-22 01:31:41 - [MESSAGE][INFO] - Unable to find the element located by 'By.xpath: (.//*[normalize-space(text()) and normalize-space(.)='Only for mentions'])[1]/following::label[1]'. Please recheck the objects properties to make sure the desired element is located. 

2019-12-22 01:31:41 - [MESSAGE][INFO] - [SMART_XPATH] Auto-trying out other XPath values in the test object.

2019-12-22 01:31:41 - [MESSAGE][INFO] - [SMART_XPATH] FAILED XPATH: '(.//*[normalize-space(text()) and normalize-space(.)='Only for mentions'])[1]/following::label[1]'.

2019-12-22 01:31:41 - [MESSAGE][INFO] - [SMART_XPATH] FAILED XPATH: '(.//*[normalize-space(text()) and normalize-space(.)='For all activity'])[1]/following::label[2]'.

2019-12-22 01:31:41 - [MESSAGE][INFO] - [SMART_XPATH] WORKING XPATH: '(.//*[normalize-space(text()) and normalize-space(.)='Save'])[1]/preceding::label[1]'.

2019-12-22 01:31:41 - [MESSAGE][INFO] - [SMART_XPATH] Screenshot: D:/Learning/School/2019-2020-HK1/CS300/CS300AutomaticWebTesting/Reports/smart_xpath/Object Repository/Page_Off-Topic - FirstTeam Mattermost/label_Never_neighbor_22.png

2019-12-22 01:31:41 - [MESSAGE][INFO] - [SMART_XPATH] FAILED XPATH: '//div[4]/label'.

2019-12-22 01:31:41 - [MESSAGE][ERROR] - [SMART_XPATH] D:\Learning\School\2019-2020-HK1\CS300\CS300AutomaticWebTesting\Reports\smart_xpath\waiting-for-approval.json (The system cannot find the file specified)

2019-12-22 01:31:41 - [MESSAGE][ERROR] - [SMART_XPATH] D:/Learning/School/2019-2020-HK1/CS300/CS300AutomaticWebTesting/Reports/smart_xpath/waiting-for-approval.json does not exist or is provided by Smart XPath Plugin!

2019-12-22 01:31:41 - [MESSAGE][INFO] - [SMART_XPATH] Selected Smart XPath: '(.//*[normalize-space(text()) and normalize-space(.)='Save'])[1]/preceding::label[1]'.

2019-12-22 01:31:41 - [MESSAGE][INFO] - [SMART_XPATH] Continuing executing the test case!

2019-12-22 01:31:42 - [MESSAGE][PASSED] - Object: 'Object Repository/Page_Off-Topic - FirstTeam Mattermost/label_Never' is clicked on

2019-12-22 01:31:42 - [TEST_STEP][PASSED] - click(findTestObject("Object Repository/Page_Off-Topic - FirstTeam Mattermost/span_Save")): Object: 'Object Repository/Page_Off-Topic - FirstTeam Mattermost/span_Save' is clicked on

2019-12-22 01:31:42 - [MESSAGE][PASSED] - Object: 'Object Repository/Page_Off-Topic - FirstTeam Mattermost/span_Save' is clicked on

2019-12-22 01:31:42 - [TEST_STEP][PASSED] - click(findTestObject("Object Repository/Page_Off-Topic - FirstTeam Mattermost/span_")): Object: 'Object Repository/Page_Off-Topic - FirstTeam Mattermost/span_' is clicked on

2019-12-22 01:31:43 - [MESSAGE][PASSED] - Object: 'Object Repository/Page_Off-Topic - FirstTeam Mattermost/span_' is clicked on

2019-12-22 01:31:43 - [TEST_STEP][PASSED] - closeBrowser(): Browser is closed

2019-12-22 01:31:44 - [MESSAGE][PASSED] - Browser is closed]]></system-out>
         <system-err><![CDATA[]]></system-err>
      </testcase>
      <testcase name="Test Cases/TestCase37SearchMessage" time="23.802" classname="Test Cases/TestCase37SearchMessage" status="PASSED">
         <system-out><![CDATA[2019-12-22 01:31:44 - [TEST_CASE][PASSED] - Test Cases/TestCase37SearchMessage: Test Cases/TestCase37SearchMessage

2019-12-22 01:31:45 - [TEST_STEP][PASSED] - openBrowser(""): Browser is opened with url: ''

2019-12-22 01:31:45 - [MESSAGE][INFO] - Starting 'Firefox (headless)' driver

2019-12-22 01:31:50 - [MESSAGE][PASSED] - Browser is opened with url: ''

2019-12-22 01:31:50 - [TEST_STEP][PASSED] - navigateToUrl("https://cs300testautomatic.herokuapp.com/"): Navigate to 'https://cs300testautomatic.herokuapp.com/' successfully

2019-12-22 01:31:56 - [MESSAGE][PASSED] - Navigate to 'https://cs300testautomatic.herokuapp.com/' successfully

2019-12-22 01:31:56 - [TEST_STEP][PASSED] - setText(findTestObject("Page_Mattermost/input_All team communication in one place s_703ef5 (37)"), "dhieu@apcs.vn"): Text 'dhieu@apcs.vn' is set on object 'Object Repository/Page_Mattermost/input_All team communication in one place s_703ef5 (37)'

2019-12-22 01:32:01 - [MESSAGE][PASSED] - Text 'dhieu@apcs.vn' is set on object 'Object Repository/Page_Mattermost/input_All team communication in one place s_703ef5 (37)'

2019-12-22 01:32:01 - [TEST_STEP][PASSED] - setEncryptedText(findTestObject("Page_Mattermost/input_All team communication in one place s_2f2733 (37)"), "iGDxf8hSRT4="): Text ****** has been set on object 'Object Repository/Page_Mattermost/input_All team communication in one place s_2f2733 (37)'

2019-12-22 01:32:01 - [MESSAGE][PASSED] - Text ****** has been set on object 'Object Repository/Page_Mattermost/input_All team communication in one place s_2f2733 (37)'

2019-12-22 01:32:01 - [TEST_STEP][PASSED] - click(findTestObject("Page_Mattermost/button_Sign in (25)")): Object: 'Object Repository/Page_Mattermost/button_Sign in (25)' is clicked on

2019-12-22 01:32:01 - [MESSAGE][PASSED] - Object: 'Object Repository/Page_Mattermost/button_Sign in (25)' is clicked on

2019-12-22 01:32:01 - [TEST_STEP][PASSED] - click(findTestObject("Object Repository/Page_Town Square - SecondTeam Mattermost/div_Se")): Object: 'Object Repository/Page_Town Square - SecondTeam Mattermost/div_Se' is clicked on

2019-12-22 01:32:04 - [MESSAGE][PASSED] - Object: 'Object Repository/Page_Town Square - SecondTeam Mattermost/div_Se' is clicked on

2019-12-22 01:32:04 - [TEST_STEP][PASSED] - click(findTestObject("Object Repository/Page_Town Square - SecondTeam Mattermost/form_Search OptionsUse quotation marks to s_06ef4b")): Object: 'Object Repository/Page_Town Square - SecondTeam Mattermost/form_Search OptionsUse quotation marks to s_06ef4b' is clicked on

2019-12-22 01:32:04 - [MESSAGE][PASSED] - Object: 'Object Repository/Page_Town Square - SecondTeam Mattermost/form_Search OptionsUse quotation marks to s_06ef4b' is clicked on

2019-12-22 01:32:04 - [TEST_STEP][PASSED] - setText(findTestObject("Object Repository/Page_Town Square - SecondTeam Mattermost/input_Add a channel description_searchBox"), "i search chat"): Text 'i search chat' is set on object 'Object Repository/Page_Town Square - SecondTeam Mattermost/input_Add a channel description_searchBox'

2019-12-22 01:32:05 - [MESSAGE][PASSED] - Text 'i search chat' is set on object 'Object Repository/Page_Town Square - SecondTeam Mattermost/input_Add a channel description_searchBox'

2019-12-22 01:32:05 - [TEST_STEP][PASSED] - sendKeys(findTestObject("Object Repository/Page_Town Square - SecondTeam Mattermost/input_Add a channel description_searchBox"), Keys.chord(ENTER)): Keys 'ENTER + ' sent to object: 'Object Repository/Page_Town Square - SecondTeam Mattermost/input_Add a channel description_searchBox'

2019-12-22 01:32:05 - [MESSAGE][PASSED] - Keys 'ENTER + ' sent to object: 'Object Repository/Page_Town Square - SecondTeam Mattermost/input_Add a channel description_searchBox'

2019-12-22 01:32:05 - [TEST_STEP][PASSED] - click(findTestObject("Object Repository/Page_Town Square - SecondTeam Mattermost/i_Search Results_fa fa-sign-out")): Object: 'Object Repository/Page_Town Square - SecondTeam Mattermost/i_Search Results_fa fa-sign-out' is clicked on

2019-12-22 01:32:06 - [MESSAGE][PASSED] - Object: 'Object Repository/Page_Town Square - SecondTeam Mattermost/i_Search Results_fa fa-sign-out' is clicked on

2019-12-22 01:32:06 - [TEST_STEP][PASSED] - closeBrowser(): Browser is closed

2019-12-22 01:32:08 - [MESSAGE][PASSED] - Browser is closed]]></system-out>
         <system-err><![CDATA[]]></system-err>
      </testcase>
      <testcase name="Test Cases/TestCase38AddHeaderDirectMessage" time="82.337" classname="Test Cases/TestCase38AddHeaderDirectMessage" status="FAILED">
         <failure type="FAILED" message="Test Cases/TestCase38AddHeaderDirectMessage FAILED.
Reason:
com.kms.katalon.core.exception.StepFailedException: Unable to set text 'E' of object 'Object Repository/Page_duy giabeuu surveybot - FirstTeam Mattermost/textarea_Edit the Channel Header_edit_textbox'
	at com.kms.katalon.core.webui.keyword.internal.WebUIKeywordMain.stepFailed(WebUIKeywordMain.groovy:64)
	at com.kms.katalon.core.webui.keyword.internal.WebUIKeywordMain.runKeyword(WebUIKeywordMain.groovy:26)
	at com.kms.katalon.core.webui.keyword.builtin.SetTextKeyword.setText(SetTextKeyword.groovy:66)
	at com.kms.katalon.core.webui.keyword.builtin.SetTextKeyword.execute(SetTextKeyword.groovy:37)
	at com.kms.katalon.core.keyword.internal.KeywordExecutor.executeKeywordForPlatform(KeywordExecutor.groovy:72)
	at com.kms.katalon.core.webui.keyword.WebUiBuiltInKeywords.setText(WebUiBuiltInKeywords.groovy:950)
	at com.kms.katalon.core.webui.keyword.WebUiBuiltInKeywords$setText$1.call(Unknown Source)
	at TestCase38AddHeaderDirectMessage.run(TestCase38AddHeaderDirectMessage:33)
	at com.kms.katalon.core.main.ScriptEngine.run(ScriptEngine.java:194)
	at com.kms.katalon.core.main.ScriptEngine.runScriptAsRawText(ScriptEngine.java:119)
	at com.kms.katalon.core.main.TestCaseExecutor.runScript(TestCaseExecutor.java:337)
	at com.kms.katalon.core.main.TestCaseExecutor.doExecute(TestCaseExecutor.java:328)
	at com.kms.katalon.core.main.TestCaseExecutor.processExecutionPhase(TestCaseExecutor.java:307)
	at com.kms.katalon.core.main.TestCaseExecutor.accessMainPhase(TestCaseExecutor.java:299)
	at com.kms.katalon.core.main.TestCaseExecutor.execute(TestCaseExecutor.java:233)
	at com.kms.katalon.core.main.TestSuiteExecutor.accessTestCaseMainPhase(TestSuiteExecutor.java:169)
	at com.kms.katalon.core.main.TestSuiteExecutor.accessTestSuiteMainPhase(TestSuiteExecutor.java:142)
	at com.kms.katalon.core.main.TestSuiteExecutor.execute(TestSuiteExecutor.java:91)
	at com.kms.katalon.core.main.TestCaseMain.startTestSuite(TestCaseMain.java:157)
	at com.kms.katalon.core.main.TestCaseMain$startTestSuite$0.call(Unknown Source)
	at TempTestSuite1576951344125.run(TempTestSuite1576951344125.groovy:36)
Caused by: com.kms.katalon.core.webui.exception.WebElementNotFoundException: Web element with id: 'Object Repository/Page_duy giabeuu surveybot - FirstTeam Mattermost/textarea_Edit the Channel Header_edit_textbox' located by 'By.xpath: //textarea[@id='edit_textbox']' not found
	at com.kms.katalon.core.webui.common.WebUiCommonHelper.findWebElement(WebUiCommonHelper.java:1154)
	at com.kms.katalon.core.webui.keyword.internal.WebUIAbstractKeyword.findWebElement(WebUIAbstractKeyword.groovy:27)
	at com.kms.katalon.core.webui.keyword.internal.WebUIAbstractKeyword.findWebElement(WebUIAbstractKeyword.groovy:26)
	at com.kms.katalon.core.webui.keyword.builtin.SetTextKeyword$_setText_closure1.doCall(SetTextKeyword.groovy:51)
	at com.kms.katalon.core.webui.keyword.builtin.SetTextKeyword$_setText_closure1.call(SetTextKeyword.groovy)
	at com.kms.katalon.core.webui.keyword.internal.WebUIKeywordMain.runKeyword(WebUIKeywordMain.groovy:20)
	... 19 more
"/>
         <system-out><![CDATA[2019-12-22 01:32:08 - [TEST_CASE][FAILED] - Test Cases/TestCase38AddHeaderDirectMessage: Test Cases/TestCase38AddHeaderDirectMessage FAILED.
Reason:
com.kms.katalon.core.exception.StepFailedException: Unable to set text 'E' of object 'Object Repository/Page_duy giabeuu surveybot - FirstTeam Mattermost/textarea_Edit the Channel Header_edit_textbox'
	at com.kms.katalon.core.webui.keyword.internal.WebUIKeywordMain.stepFailed(WebUIKeywordMain.groovy:64)
	at com.kms.katalon.core.webui.keyword.internal.WebUIKeywordMain.runKeyword(WebUIKeywordMain.groovy:26)
	at com.kms.katalon.core.webui.keyword.builtin.SetTextKeyword.setText(SetTextKeyword.groovy:66)
	at com.kms.katalon.core.webui.keyword.builtin.SetTextKeyword.execute(SetTextKeyword.groovy:37)
	at com.kms.katalon.core.keyword.internal.KeywordExecutor.executeKeywordForPlatform(KeywordExecutor.groovy:72)
	at com.kms.katalon.core.webui.keyword.WebUiBuiltInKeywords.setText(WebUiBuiltInKeywords.groovy:950)
	at com.kms.katalon.core.webui.keyword.WebUiBuiltInKeywords$setText$1.call(Unknown Source)
	at TestCase38AddHeaderDirectMessage.run(TestCase38AddHeaderDirectMessage:33)
	at com.kms.katalon.core.main.ScriptEngine.run(ScriptEngine.java:194)
	at com.kms.katalon.core.main.ScriptEngine.runScriptAsRawText(ScriptEngine.java:119)
	at com.kms.katalon.core.main.TestCaseExecutor.runScript(TestCaseExecutor.java:337)
	at com.kms.katalon.core.main.TestCaseExecutor.doExecute(TestCaseExecutor.java:328)
	at com.kms.katalon.core.main.TestCaseExecutor.processExecutionPhase(TestCaseExecutor.java:307)
	at com.kms.katalon.core.main.TestCaseExecutor.accessMainPhase(TestCaseExecutor.java:299)
	at com.kms.katalon.core.main.TestCaseExecutor.execute(TestCaseExecutor.java:233)
	at com.kms.katalon.core.main.TestSuiteExecutor.accessTestCaseMainPhase(TestSuiteExecutor.java:169)
	at com.kms.katalon.core.main.TestSuiteExecutor.accessTestSuiteMainPhase(TestSuiteExecutor.java:142)
	at com.kms.katalon.core.main.TestSuiteExecutor.execute(TestSuiteExecutor.java:91)
	at com.kms.katalon.core.main.TestCaseMain.startTestSuite(TestCaseMain.java:157)
	at com.kms.katalon.core.main.TestCaseMain$startTestSuite$0.call(Unknown Source)
	at TempTestSuite1576951344125.run(TempTestSuite1576951344125.groovy:36)
Caused by: com.kms.katalon.core.webui.exception.WebElementNotFoundException: Web element with id: 'Object Repository/Page_duy giabeuu surveybot - FirstTeam Mattermost/textarea_Edit the Channel Header_edit_textbox' located by 'By.xpath: //textarea[@id='edit_textbox']' not found
	at com.kms.katalon.core.webui.common.WebUiCommonHelper.findWebElement(WebUiCommonHelper.java:1154)
	at com.kms.katalon.core.webui.keyword.internal.WebUIAbstractKeyword.findWebElement(WebUIAbstractKeyword.groovy:27)
	at com.kms.katalon.core.webui.keyword.internal.WebUIAbstractKeyword.findWebElement(WebUIAbstractKeyword.groovy:26)
	at com.kms.katalon.core.webui.keyword.builtin.SetTextKeyword$_setText_closure1.doCall(SetTextKeyword.groovy:51)
	at com.kms.katalon.core.webui.keyword.builtin.SetTextKeyword$_setText_closure1.call(SetTextKeyword.groovy)
	at com.kms.katalon.core.webui.keyword.internal.WebUIKeywordMain.runKeyword(WebUIKeywordMain.groovy:20)
	... 19 more


2019-12-22 01:32:08 - [TEST_STEP][PASSED] - openBrowser(""): Browser is opened with url: ''

2019-12-22 01:32:09 - [MESSAGE][INFO] - Starting 'Firefox (headless)' driver

2019-12-22 01:32:13 - [MESSAGE][PASSED] - Browser is opened with url: ''

2019-12-22 01:32:13 - [TEST_STEP][PASSED] - navigateToUrl("https://cs300testautomatic.herokuapp.com/"): Navigate to 'https://cs300testautomatic.herokuapp.com/' successfully

2019-12-22 01:32:17 - [MESSAGE][PASSED] - Navigate to 'https://cs300testautomatic.herokuapp.com/' successfully

2019-12-22 01:32:17 - [TEST_STEP][PASSED] - setText(findTestObject("Page_Mattermost/input_All team communication in one place s_703ef5"), "dhieu@apcs.vn"): Text 'dhieu@apcs.vn' is set on object 'Object Repository/Page_Mattermost/input_All team communication in one place s_703ef5'

2019-12-22 01:32:22 - [MESSAGE][PASSED] - Text 'dhieu@apcs.vn' is set on object 'Object Repository/Page_Mattermost/input_All team communication in one place s_703ef5'

2019-12-22 01:32:22 - [TEST_STEP][PASSED] - setEncryptedText(findTestObject("Page_Mattermost/input_All team communication in one place s_2f2733"), "iGDxf8hSRT4="): Text ****** has been set on object 'Object Repository/Page_Mattermost/input_All team communication in one place s_2f2733'

2019-12-22 01:32:22 - [MESSAGE][PASSED] - Text ****** has been set on object 'Object Repository/Page_Mattermost/input_All team communication in one place s_2f2733'

2019-12-22 01:32:22 - [TEST_STEP][PASSED] - sendKeys(findTestObject("Page_Mattermost/input_All team communication in one place s_2f2733"), Keys.chord(ENTER)): Keys 'ENTER + ' sent to object: 'Object Repository/Page_Mattermost/input_All team communication in one place s_2f2733'

2019-12-22 01:32:22 - [MESSAGE][PASSED] - Keys 'ENTER + ' sent to object: 'Object Repository/Page_Mattermost/input_All team communication in one place s_2f2733'

2019-12-22 01:32:22 - [TEST_STEP][PASSED] - click(findTestObject("Object Repository/Page_Town Square - FirstTeam Mattermost/span_duy giabeuu surveybot")): Object: 'Object Repository/Page_Town Square - FirstTeam Mattermost/span_duy giabeuu surveybot' is clicked on

2019-12-22 01:32:26 - [MESSAGE][PASSED] - Object: 'Object Repository/Page_Town Square - FirstTeam Mattermost/span_duy giabeuu surveybot' is clicked on

2019-12-22 01:32:26 - [TEST_STEP][PASSED] - click(findTestObject("Object Repository/Page_duy giabeuu surveybot - FirstTeam Mattermost/span_Add a channel description")): Object: 'Object Repository/Page_duy giabeuu surveybot - FirstTeam Mattermost/span_Add a channel description' is clicked on

2019-12-22 01:32:57 - [MESSAGE][INFO] - Unable to find the element located by 'By.xpath: //div[@id='channelHeaderDescription']/button/span'. Please recheck the objects properties to make sure the desired element is located. 

2019-12-22 01:32:57 - [MESSAGE][INFO] - [SMART_XPATH] Auto-trying out other XPath values in the test object.

2019-12-22 01:32:57 - [MESSAGE][INFO] - [SMART_XPATH] FAILED XPATH: '//div[@id='channelHeaderDescription']/button/span'.

2019-12-22 01:32:57 - [MESSAGE][INFO] - [SMART_XPATH] WORKING XPATH: '(.//*[normalize-space(text()) and normalize-space(.)='duy, giabeuu, surveybot'])[3]/following::span[2]'.

2019-12-22 01:32:58 - [MESSAGE][INFO] - [SMART_XPATH] Screenshot: D:/Learning/School/2019-2020-HK1/CS300/CS300AutomaticWebTesting/Reports/smart_xpath/Object Repository/Page_duy giabeuu surveybot - FirstTeam Mattermost/span_Add a channel description_neighbor_23.png

2019-12-22 01:32:58 - [MESSAGE][INFO] - [SMART_XPATH] WORKING XPATH: '(.//*[normalize-space(text()) and normalize-space(.)='Drop a file to upload it.'])[1]/following::span[3]'.

2019-12-22 01:32:58 - [MESSAGE][INFO] - [SMART_XPATH] Screenshot: D:/Learning/School/2019-2020-HK1/CS300/CS300AutomaticWebTesting/Reports/smart_xpath/Object Repository/Page_duy giabeuu surveybot - FirstTeam Mattermost/span_Add a channel description_neighbor_24.png

2019-12-22 01:32:58 - [MESSAGE][INFO] - [SMART_XPATH] WORKING XPATH: '(.//*[normalize-space(text()) and normalize-space(.)='Search Options'])[1]/preceding::span[6]'.

2019-12-22 01:32:58 - [MESSAGE][INFO] - [SMART_XPATH] Screenshot: D:/Learning/School/2019-2020-HK1/CS300/CS300AutomaticWebTesting/Reports/smart_xpath/Object Repository/Page_duy giabeuu surveybot - FirstTeam Mattermost/span_Add a channel description_neighbor_25.png

2019-12-22 01:32:58 - [MESSAGE][INFO] - [SMART_XPATH] FAILED XPATH: '//*/text()[normalize-space(.)='Add a channel description']/parent::*'.

2019-12-22 01:32:58 - [MESSAGE][INFO] - [SMART_XPATH] WORKING XPATH: '//div[2]/button/span'.

2019-12-22 01:32:58 - [MESSAGE][INFO] - [SMART_XPATH] Screenshot: D:/Learning/School/2019-2020-HK1/CS300/CS300AutomaticWebTesting/Reports/smart_xpath/Object Repository/Page_duy giabeuu surveybot - FirstTeam Mattermost/span_Add a channel description_position.png

2019-12-22 01:32:58 - [MESSAGE][ERROR] - [SMART_XPATH] D:\Learning\School\2019-2020-HK1\CS300\CS300AutomaticWebTesting\Reports\smart_xpath\waiting-for-approval.json (The system cannot find the file specified)

2019-12-22 01:32:58 - [MESSAGE][ERROR] - [SMART_XPATH] D:/Learning/School/2019-2020-HK1/CS300/CS300AutomaticWebTesting/Reports/smart_xpath/waiting-for-approval.json does not exist or is provided by Smart XPath Plugin!

2019-12-22 01:32:58 - [MESSAGE][INFO] - [SMART_XPATH] Selected Smart XPath: '(.//*[normalize-space(text()) and normalize-space(.)='duy, giabeuu, surveybot'])[3]/following::span[2]'.

2019-12-22 01:32:58 - [MESSAGE][INFO] - [SMART_XPATH] Continuing executing the test case!

2019-12-22 01:32:59 - [MESSAGE][PASSED] - Object: 'Object Repository/Page_duy giabeuu surveybot - FirstTeam Mattermost/span_Add a channel description' is clicked on

2019-12-22 01:32:59 - [TEST_STEP][FAILED] - setText(findTestObject("Object Repository/Page_duy giabeuu surveybot - FirstTeam Mattermost/textarea_Edit the Channel Header_edit_textbox"), "E"): Unable to set text 'E' of object 'Object Repository/Page_duy giabeuu surveybot - FirstTeam Mattermost/textarea_Edit the Channel Header_edit_textbox' (Root cause: com.kms.katalon.core.exception.StepFailedException: Unable to set text 'E' of object 'Object Repository/Page_duy giabeuu surveybot - FirstTeam Mattermost/textarea_Edit the Channel Header_edit_textbox'
	at com.kms.katalon.core.webui.keyword.internal.WebUIKeywordMain.stepFailed(WebUIKeywordMain.groovy:64)
	at com.kms.katalon.core.webui.keyword.internal.WebUIKeywordMain.runKeyword(WebUIKeywordMain.groovy:26)
	at com.kms.katalon.core.webui.keyword.builtin.SetTextKeyword.setText(SetTextKeyword.groovy:66)
	at com.kms.katalon.core.webui.keyword.builtin.SetTextKeyword.execute(SetTextKeyword.groovy:37)
	at com.kms.katalon.core.keyword.internal.KeywordExecutor.executeKeywordForPlatform(KeywordExecutor.groovy:72)
	at com.kms.katalon.core.webui.keyword.WebUiBuiltInKeywords.setText(WebUiBuiltInKeywords.groovy:950)
	at com.kms.katalon.core.webui.keyword.WebUiBuiltInKeywords$setText$1.call(Unknown Source)
	at TestCase38AddHeaderDirectMessage.run(TestCase38AddHeaderDirectMessage:33)
	at com.kms.katalon.core.main.ScriptEngine.run(ScriptEngine.java:194)
	at com.kms.katalon.core.main.ScriptEngine.runScriptAsRawText(ScriptEngine.java:119)
	at com.kms.katalon.core.main.TestCaseExecutor.runScript(TestCaseExecutor.java:337)
	at com.kms.katalon.core.main.TestCaseExecutor.doExecute(TestCaseExecutor.java:328)
	at com.kms.katalon.core.main.TestCaseExecutor.processExecutionPhase(TestCaseExecutor.java:307)
	at com.kms.katalon.core.main.TestCaseExecutor.accessMainPhase(TestCaseExecutor.java:299)
	at com.kms.katalon.core.main.TestCaseExecutor.execute(TestCaseExecutor.java:233)
	at com.kms.katalon.core.main.TestSuiteExecutor.accessTestCaseMainPhase(TestSuiteExecutor.java:169)
	at com.kms.katalon.core.main.TestSuiteExecutor.accessTestSuiteMainPhase(TestSuiteExecutor.java:142)
	at com.kms.katalon.core.main.TestSuiteExecutor.execute(TestSuiteExecutor.java:91)
	at com.kms.katalon.core.main.TestCaseMain.startTestSuite(TestCaseMain.java:157)
	at com.kms.katalon.core.main.TestCaseMain$startTestSuite$0.call(Unknown Source)
	at TempTestSuite1576951344125.run(TempTestSuite1576951344125.groovy:36)
Caused by: com.kms.katalon.core.webui.exception.WebElementNotFoundException: Web element with id: 'Object Repository/Page_duy giabeuu surveybot - FirstTeam Mattermost/textarea_Edit the Channel Header_edit_textbox' located by 'By.xpath: //textarea[@id='edit_textbox']' not found
	at com.kms.katalon.core.webui.common.WebUiCommonHelper.findWebElement(WebUiCommonHelper.java:1154)
	at com.kms.katalon.core.webui.keyword.internal.WebUIAbstractKeyword.findWebElement(WebUIAbstractKeyword.groovy:27)
	at com.kms.katalon.core.webui.keyword.internal.WebUIAbstractKeyword.findWebElement(WebUIAbstractKeyword.groovy:26)
	at com.kms.katalon.core.webui.keyword.builtin.SetTextKeyword$_setText_closure1.doCall(SetTextKeyword.groovy:51)
	at com.kms.katalon.core.webui.keyword.builtin.SetTextKeyword$_setText_closure1.call(SetTextKeyword.groovy)
	at com.kms.katalon.core.webui.keyword.internal.WebUIKeywordMain.runKeyword(WebUIKeywordMain.groovy:20)
	at com.kms.katalon.core.webui.keyword.builtin.SetTextKeyword.setText(SetTextKeyword.groovy:66)
	at com.kms.katalon.core.webui.keyword.builtin.SetTextKeyword.execute(SetTextKeyword.groovy:37)
	at com.kms.katalon.core.keyword.internal.KeywordExecutor.executeKeywordForPlatform(KeywordExecutor.groovy:72)
	at com.kms.katalon.core.webui.keyword.WebUiBuiltInKeywords.setText(WebUiBuiltInKeywords.groovy:950)
	at com.kms.katalon.core.webui.keyword.WebUiBuiltInKeywords$setText$1.call(Unknown Source)
	at Script1576918928660.run(Script1576918928660.groovy:33)
	... 13 more
)

2019-12-22 01:33:30 - [MESSAGE][INFO] - Unable to find the element located by 'By.xpath: //textarea[@id='edit_textbox']'. Please recheck the objects properties to make sure the desired element is located. 

2019-12-22 01:33:30 - [MESSAGE][INFO] - [SMART_XPATH] Auto-trying out other XPath values in the test object.

2019-12-22 01:33:30 - [MESSAGE][INFO] - [SMART_XPATH] FAILED XPATH: '//textarea[@id='edit_textbox']'.

2019-12-22 01:33:30 - [MESSAGE][INFO] - [SMART_XPATH] FAILED XPATH: '//div[2]/div/div/div/div/div[2]/textarea'.

2019-12-22 01:33:30 - [MESSAGE][INFO] - [SMART_XPATH] No working XPath is found.

2019-12-22 01:33:30 - [MESSAGE][FAILED] - Unable to set text 'E' of object 'Object Repository/Page_duy giabeuu surveybot - FirstTeam Mattermost/textarea_Edit the Channel Header_edit_textbox' (Root cause: com.kms.katalon.core.exception.StepFailedException: Unable to set text 'E' of object 'Object Repository/Page_duy giabeuu surveybot - FirstTeam Mattermost/textarea_Edit the Channel Header_edit_textbox'
	at com.kms.katalon.core.webui.keyword.internal.WebUIKeywordMain.stepFailed(WebUIKeywordMain.groovy:64)
	at com.kms.katalon.core.webui.keyword.internal.WebUIKeywordMain.runKeyword(WebUIKeywordMain.groovy:26)
	at com.kms.katalon.core.webui.keyword.builtin.SetTextKeyword.setText(SetTextKeyword.groovy:66)
	at com.kms.katalon.core.webui.keyword.builtin.SetTextKeyword.execute(SetTextKeyword.groovy:37)
	at com.kms.katalon.core.keyword.internal.KeywordExecutor.executeKeywordForPlatform(KeywordExecutor.groovy:72)
	at com.kms.katalon.core.webui.keyword.WebUiBuiltInKeywords.setText(WebUiBuiltInKeywords.groovy:950)
	at com.kms.katalon.core.webui.keyword.WebUiBuiltInKeywords$setText$1.call(Unknown Source)
	at TestCase38AddHeaderDirectMessage.run(TestCase38AddHeaderDirectMessage:33)
	at com.kms.katalon.core.main.ScriptEngine.run(ScriptEngine.java:194)
	at com.kms.katalon.core.main.ScriptEngine.runScriptAsRawText(ScriptEngine.java:119)
	at com.kms.katalon.core.main.TestCaseExecutor.runScript(TestCaseExecutor.java:337)
	at com.kms.katalon.core.main.TestCaseExecutor.doExecute(TestCaseExecutor.java:328)
	at com.kms.katalon.core.main.TestCaseExecutor.processExecutionPhase(TestCaseExecutor.java:307)
	at com.kms.katalon.core.main.TestCaseExecutor.accessMainPhase(TestCaseExecutor.java:299)
	at com.kms.katalon.core.main.TestCaseExecutor.execute(TestCaseExecutor.java:233)
	at com.kms.katalon.core.main.TestSuiteExecutor.accessTestCaseMainPhase(TestSuiteExecutor.java:169)
	at com.kms.katalon.core.main.TestSuiteExecutor.accessTestSuiteMainPhase(TestSuiteExecutor.java:142)
	at com.kms.katalon.core.main.TestSuiteExecutor.execute(TestSuiteExecutor.java:91)
	at com.kms.katalon.core.main.TestCaseMain.startTestSuite(TestCaseMain.java:157)
	at com.kms.katalon.core.main.TestCaseMain$startTestSuite$0.call(Unknown Source)
	at TempTestSuite1576951344125.run(TempTestSuite1576951344125.groovy:36)
Caused by: com.kms.katalon.core.webui.exception.WebElementNotFoundException: Web element with id: 'Object Repository/Page_duy giabeuu surveybot - FirstTeam Mattermost/textarea_Edit the Channel Header_edit_textbox' located by 'By.xpath: //textarea[@id='edit_textbox']' not found
	at com.kms.katalon.core.webui.common.WebUiCommonHelper.findWebElement(WebUiCommonHelper.java:1154)
	at com.kms.katalon.core.webui.keyword.internal.WebUIAbstractKeyword.findWebElement(WebUIAbstractKeyword.groovy:27)
	at com.kms.katalon.core.webui.keyword.internal.WebUIAbstractKeyword.findWebElement(WebUIAbstractKeyword.groovy:26)
	at com.kms.katalon.core.webui.keyword.builtin.SetTextKeyword$_setText_closure1.doCall(SetTextKeyword.groovy:51)
	at com.kms.katalon.core.webui.keyword.builtin.SetTextKeyword$_setText_closure1.call(SetTextKeyword.groovy)
	at com.kms.katalon.core.webui.keyword.internal.WebUIKeywordMain.runKeyword(WebUIKeywordMain.groovy:20)
	at com.kms.katalon.core.webui.keyword.builtin.SetTextKeyword.setText(SetTextKeyword.groovy:66)
	at com.kms.katalon.core.webui.keyword.builtin.SetTextKeyword.execute(SetTextKeyword.groovy:37)
	at com.kms.katalon.core.keyword.internal.KeywordExecutor.executeKeywordForPlatform(KeywordExecutor.groovy:72)
	at com.kms.katalon.core.webui.keyword.WebUiBuiltInKeywords.setText(WebUiBuiltInKeywords.groovy:950)
	at com.kms.katalon.core.webui.keyword.WebUiBuiltInKeywords$setText$1.call(Unknown Source)
	at Script1576918928660.run(Script1576918928660.groovy:33)
	... 13 more
)
[[ATTACHMENT|D:\\Learning\\School\\2019-2020-HK1\\CS300\\CS300AutomaticWebTesting\\Reports\\20191222_010224\\Run All Test Cases\\20191222_010224\\1576953210589.png]]]]></system-out>
         <system-err><![CDATA[2019-12-22 01:32:08 - [TEST_CASE][FAILED] - Test Cases/TestCase38AddHeaderDirectMessage: Test Cases/TestCase38AddHeaderDirectMessage FAILED.
Reason:
com.kms.katalon.core.exception.StepFailedException: Unable to set text 'E' of object 'Object Repository/Page_duy giabeuu surveybot - FirstTeam Mattermost/textarea_Edit the Channel Header_edit_textbox'
	at com.kms.katalon.core.webui.keyword.internal.WebUIKeywordMain.stepFailed(WebUIKeywordMain.groovy:64)
	at com.kms.katalon.core.webui.keyword.internal.WebUIKeywordMain.runKeyword(WebUIKeywordMain.groovy:26)
	at com.kms.katalon.core.webui.keyword.builtin.SetTextKeyword.setText(SetTextKeyword.groovy:66)
	at com.kms.katalon.core.webui.keyword.builtin.SetTextKeyword.execute(SetTextKeyword.groovy:37)
	at com.kms.katalon.core.keyword.internal.KeywordExecutor.executeKeywordForPlatform(KeywordExecutor.groovy:72)
	at com.kms.katalon.core.webui.keyword.WebUiBuiltInKeywords.setText(WebUiBuiltInKeywords.groovy:950)
	at com.kms.katalon.core.webui.keyword.WebUiBuiltInKeywords$setText$1.call(Unknown Source)
	at TestCase38AddHeaderDirectMessage.run(TestCase38AddHeaderDirectMessage:33)
	at com.kms.katalon.core.main.ScriptEngine.run(ScriptEngine.java:194)
	at com.kms.katalon.core.main.ScriptEngine.runScriptAsRawText(ScriptEngine.java:119)
	at com.kms.katalon.core.main.TestCaseExecutor.runScript(TestCaseExecutor.java:337)
	at com.kms.katalon.core.main.TestCaseExecutor.doExecute(TestCaseExecutor.java:328)
	at com.kms.katalon.core.main.TestCaseExecutor.processExecutionPhase(TestCaseExecutor.java:307)
	at com.kms.katalon.core.main.TestCaseExecutor.accessMainPhase(TestCaseExecutor.java:299)
	at com.kms.katalon.core.main.TestCaseExecutor.execute(TestCaseExecutor.java:233)
	at com.kms.katalon.core.main.TestSuiteExecutor.accessTestCaseMainPhase(TestSuiteExecutor.java:169)
	at com.kms.katalon.core.main.TestSuiteExecutor.accessTestSuiteMainPhase(TestSuiteExecutor.java:142)
	at com.kms.katalon.core.main.TestSuiteExecutor.execute(TestSuiteExecutor.java:91)
	at com.kms.katalon.core.main.TestCaseMain.startTestSuite(TestCaseMain.java:157)
	at com.kms.katalon.core.main.TestCaseMain$startTestSuite$0.call(Unknown Source)
	at TempTestSuite1576951344125.run(TempTestSuite1576951344125.groovy:36)
Caused by: com.kms.katalon.core.webui.exception.WebElementNotFoundException: Web element with id: 'Object Repository/Page_duy giabeuu surveybot - FirstTeam Mattermost/textarea_Edit the Channel Header_edit_textbox' located by 'By.xpath: //textarea[@id='edit_textbox']' not found
	at com.kms.katalon.core.webui.common.WebUiCommonHelper.findWebElement(WebUiCommonHelper.java:1154)
	at com.kms.katalon.core.webui.keyword.internal.WebUIAbstractKeyword.findWebElement(WebUIAbstractKeyword.groovy:27)
	at com.kms.katalon.core.webui.keyword.internal.WebUIAbstractKeyword.findWebElement(WebUIAbstractKeyword.groovy:26)
	at com.kms.katalon.core.webui.keyword.builtin.SetTextKeyword$_setText_closure1.doCall(SetTextKeyword.groovy:51)
	at com.kms.katalon.core.webui.keyword.builtin.SetTextKeyword$_setText_closure1.call(SetTextKeyword.groovy)
	at com.kms.katalon.core.webui.keyword.internal.WebUIKeywordMain.runKeyword(WebUIKeywordMain.groovy:20)
	... 19 more]]></system-err>
      </testcase>
      <testcase name="Test Cases/TestCase39EditHeaderDirectMessage" time="29.992" classname="Test Cases/TestCase39EditHeaderDirectMessage" status="PASSED">
         <system-out><![CDATA[2019-12-22 01:33:30 - [TEST_CASE][PASSED] - Test Cases/TestCase39EditHeaderDirectMessage: Test Cases/TestCase39EditHeaderDirectMessage

2019-12-22 01:33:31 - [TEST_STEP][PASSED] - openBrowser(""): Browser is opened with url: ''

2019-12-22 01:33:31 - [MESSAGE][WARNING] - A browser is already opened. Closing browser and opening a new one

2019-12-22 01:33:33 - [MESSAGE][INFO] - Starting 'Firefox (headless)' driver

2019-12-22 01:33:39 - [MESSAGE][PASSED] - Browser is opened with url: ''

2019-12-22 01:33:39 - [TEST_STEP][PASSED] - navigateToUrl("https://cs300testautomatic.herokuapp.com/"): Navigate to 'https://cs300testautomatic.herokuapp.com/' successfully

2019-12-22 01:33:46 - [MESSAGE][PASSED] - Navigate to 'https://cs300testautomatic.herokuapp.com/' successfully

2019-12-22 01:33:46 - [TEST_STEP][PASSED] - setText(findTestObject("Page_Mattermost/input_All team communication in one place s_703ef5"), "dhieu@apcs.vn"): Text 'dhieu@apcs.vn' is set on object 'Object Repository/Page_Mattermost/input_All team communication in one place s_703ef5'

2019-12-22 01:33:51 - [MESSAGE][PASSED] - Text 'dhieu@apcs.vn' is set on object 'Object Repository/Page_Mattermost/input_All team communication in one place s_703ef5'

2019-12-22 01:33:51 - [TEST_STEP][PASSED] - setEncryptedText(findTestObject("Page_Mattermost/input_All team communication in one place s_2f2733"), "iGDxf8hSRT4="): Text ****** has been set on object 'Object Repository/Page_Mattermost/input_All team communication in one place s_2f2733'

2019-12-22 01:33:51 - [MESSAGE][PASSED] - Text ****** has been set on object 'Object Repository/Page_Mattermost/input_All team communication in one place s_2f2733'

2019-12-22 01:33:51 - [TEST_STEP][PASSED] - sendKeys(findTestObject("Page_Mattermost/input_All team communication in one place s_2f2733"), Keys.chord(ENTER)): Keys 'ENTER + ' sent to object: 'Object Repository/Page_Mattermost/input_All team communication in one place s_2f2733'

2019-12-22 01:33:52 - [MESSAGE][PASSED] - Keys 'ENTER + ' sent to object: 'Object Repository/Page_Mattermost/input_All team communication in one place s_2f2733'

2019-12-22 01:33:52 - [TEST_STEP][PASSED] - click(findTestObject("Page_Town Square - FirstTeam Mattermost/span_duy giabeuu surveybot")): Object: 'Object Repository/Page_Town Square - FirstTeam Mattermost/span_duy giabeuu surveybot' is clicked on

2019-12-22 01:33:56 - [MESSAGE][PASSED] - Object: 'Object Repository/Page_Town Square - FirstTeam Mattermost/span_duy giabeuu surveybot' is clicked on

2019-12-22 01:33:56 - [TEST_STEP][PASSED] - click(findTestObject("Object Repository/Page_duy giabeuu surveybot - FirstTeam Mattermost/span_duy giabeuu surveybot_channelHeaderDro_428392")): Object: 'Object Repository/Page_duy giabeuu surveybot - FirstTeam Mattermost/span_duy giabeuu surveybot_channelHeaderDro_428392' is clicked on

2019-12-22 01:33:57 - [MESSAGE][PASSED] - Object: 'Object Repository/Page_duy giabeuu surveybot - FirstTeam Mattermost/span_duy giabeuu surveybot_channelHeaderDro_428392' is clicked on

2019-12-22 01:33:57 - [TEST_STEP][PASSED] - click(findTestObject("Object Repository/Page_duy giabeuu surveybot - FirstTeam Mattermost/button_Edit Channel Header")): Object: 'Object Repository/Page_duy giabeuu surveybot - FirstTeam Mattermost/button_Edit Channel Header' is clicked on

2019-12-22 01:33:57 - [MESSAGE][PASSED] - Object: 'Object Repository/Page_duy giabeuu surveybot - FirstTeam Mattermost/button_Edit Channel Header' is clicked on

2019-12-22 01:33:57 - [TEST_STEP][PASSED] - setText(findTestObject("Object Repository/Page_duy giabeuu surveybot - FirstTeam Mattermost/textarea_Edited"), "Edited "): Text 'Edited ' is set on object 'Object Repository/Page_duy giabeuu surveybot - FirstTeam Mattermost/textarea_Edited'

2019-12-22 01:33:57 - [MESSAGE][PASSED] - Text 'Edited ' is set on object 'Object Repository/Page_duy giabeuu surveybot - FirstTeam Mattermost/textarea_Edited'

2019-12-22 01:33:57 - [TEST_STEP][PASSED] - setText(findTestObject("Object Repository/Page_duy giabeuu surveybot - FirstTeam Mattermost/textarea_Edited_1"), "Edited a"): Text 'Edited a' is set on object 'Object Repository/Page_duy giabeuu surveybot - FirstTeam Mattermost/textarea_Edited_1'

2019-12-22 01:33:57 - [MESSAGE][PASSED] - Text 'Edited a' is set on object 'Object Repository/Page_duy giabeuu surveybot - FirstTeam Mattermost/textarea_Edited_1'

2019-12-22 01:33:57 - [TEST_STEP][PASSED] - setText(findTestObject("Object Repository/Page_duy giabeuu surveybot - FirstTeam Mattermost/textarea_Edited a"), "Edited ag"): Text 'Edited ag' is set on object 'Object Repository/Page_duy giabeuu surveybot - FirstTeam Mattermost/textarea_Edited a'

2019-12-22 01:33:58 - [MESSAGE][PASSED] - Text 'Edited ag' is set on object 'Object Repository/Page_duy giabeuu surveybot - FirstTeam Mattermost/textarea_Edited a'

2019-12-22 01:33:58 - [TEST_STEP][PASSED] - setText(findTestObject("Object Repository/Page_duy giabeuu surveybot - FirstTeam Mattermost/textarea_Edited ag"), "Edited aga"): Text 'Edited aga' is set on object 'Object Repository/Page_duy giabeuu surveybot - FirstTeam Mattermost/textarea_Edited ag'

2019-12-22 01:33:58 - [MESSAGE][PASSED] - Text 'Edited aga' is set on object 'Object Repository/Page_duy giabeuu surveybot - FirstTeam Mattermost/textarea_Edited ag'

2019-12-22 01:33:58 - [TEST_STEP][PASSED] - setText(findTestObject("Object Repository/Page_duy giabeuu surveybot - FirstTeam Mattermost/textarea_Edited aga"), "Edited agan"): Text 'Edited agan' is set on object 'Object Repository/Page_duy giabeuu surveybot - FirstTeam Mattermost/textarea_Edited aga'

2019-12-22 01:33:58 - [MESSAGE][PASSED] - Text 'Edited agan' is set on object 'Object Repository/Page_duy giabeuu surveybot - FirstTeam Mattermost/textarea_Edited aga'

2019-12-22 01:33:58 - [TEST_STEP][PASSED] - setText(findTestObject("Object Repository/Page_duy giabeuu surveybot - FirstTeam Mattermost/textarea_Edited agan"), "Edited again"): Text 'Edited again' is set on object 'Object Repository/Page_duy giabeuu surveybot - FirstTeam Mattermost/textarea_Edited agan'

2019-12-22 01:33:58 - [MESSAGE][PASSED] - Text 'Edited again' is set on object 'Object Repository/Page_duy giabeuu surveybot - FirstTeam Mattermost/textarea_Edited agan'

2019-12-22 01:33:58 - [TEST_STEP][PASSED] - click(findTestObject("Object Repository/Page_duy giabeuu surveybot - FirstTeam Mattermost/button_Save")): Object: 'Object Repository/Page_duy giabeuu surveybot - FirstTeam Mattermost/button_Save' is clicked on

2019-12-22 01:33:58 - [MESSAGE][PASSED] - Object: 'Object Repository/Page_duy giabeuu surveybot - FirstTeam Mattermost/button_Save' is clicked on

2019-12-22 01:33:58 - [TEST_STEP][PASSED] - closeBrowser(): Browser is closed

2019-12-22 01:34:00 - [MESSAGE][PASSED] - Browser is closed]]></system-out>
         <system-err><![CDATA[]]></system-err>
      </testcase>
      <testcase name="Test Cases/TestCase40DeletePostInChannel" time="56.669" classname="Test Cases/TestCase40DeletePostInChannel" status="FAILED">
         <failure type="FAILED" message="Test Cases/TestCase40DeletePostInChannel FAILED.
Reason:
com.kms.katalon.core.exception.StepFailedException: Unable to click on object 'Object Repository/Page_Off-Topic - FirstTeam Mattermost/button_hieu_CENTER_button_fswbyrxxdbbjufi8c_fa3789'
	at com.kms.katalon.core.webui.keyword.internal.WebUIKeywordMain.stepFailed(WebUIKeywordMain.groovy:64)
	at com.kms.katalon.core.webui.keyword.internal.WebUIKeywordMain.runKeyword(WebUIKeywordMain.groovy:26)
	at com.kms.katalon.core.webui.keyword.builtin.ClickKeyword.click(ClickKeyword.groovy:102)
	at com.kms.katalon.core.webui.keyword.builtin.ClickKeyword.execute(ClickKeyword.groovy:43)
	at com.kms.katalon.core.keyword.internal.KeywordExecutor.executeKeywordForPlatform(KeywordExecutor.groovy:72)
	at com.kms.katalon.core.webui.keyword.WebUiBuiltInKeywords.click(WebUiBuiltInKeywords.groovy:616)
	at com.kms.katalon.core.webui.keyword.WebUiBuiltInKeywords$click$3.call(Unknown Source)
	at TestCase40DeletePostInChannel.run(TestCase40DeletePostInChannel:31)
	at com.kms.katalon.core.main.ScriptEngine.run(ScriptEngine.java:194)
	at com.kms.katalon.core.main.ScriptEngine.runScriptAsRawText(ScriptEngine.java:119)
	at com.kms.katalon.core.main.TestCaseExecutor.runScript(TestCaseExecutor.java:337)
	at com.kms.katalon.core.main.TestCaseExecutor.doExecute(TestCaseExecutor.java:328)
	at com.kms.katalon.core.main.TestCaseExecutor.processExecutionPhase(TestCaseExecutor.java:307)
	at com.kms.katalon.core.main.TestCaseExecutor.accessMainPhase(TestCaseExecutor.java:299)
	at com.kms.katalon.core.main.TestCaseExecutor.execute(TestCaseExecutor.java:233)
	at com.kms.katalon.core.main.TestSuiteExecutor.accessTestCaseMainPhase(TestSuiteExecutor.java:169)
	at com.kms.katalon.core.main.TestSuiteExecutor.accessTestSuiteMainPhase(TestSuiteExecutor.java:142)
	at com.kms.katalon.core.main.TestSuiteExecutor.execute(TestSuiteExecutor.java:91)
	at com.kms.katalon.core.main.TestCaseMain.startTestSuite(TestCaseMain.java:157)
	at com.kms.katalon.core.main.TestCaseMain$startTestSuite$0.call(Unknown Source)
	at TempTestSuite1576951344125.run(TempTestSuite1576951344125.groovy:36)
Caused by: com.kms.katalon.core.webui.exception.WebElementNotFoundException: Web element with id: 'Object Repository/Page_Off-Topic - FirstTeam Mattermost/button_hieu_CENTER_button_fswbyrxxdbbjufi8c_fa3789' located by 'By.xpath: //button[@id='CENTER_button_fswbyrxxdbbjufi8c6pc96yuqa']' not found
	at com.kms.katalon.core.webui.common.WebUiCommonHelper.findWebElement(WebUiCommonHelper.java:1154)
	at com.kms.katalon.core.webui.keyword.internal.WebUIAbstractKeyword.findWebElement(WebUIAbstractKeyword.groovy:27)
	at com.kms.katalon.core.webui.keyword.internal.WebUIAbstractKeyword.findWebElement(WebUIAbstractKeyword.groovy:26)
	at com.kms.katalon.core.webui.keyword.builtin.ClickKeyword$_click_closure1.doCall(ClickKeyword.groovy:67)
	at com.kms.katalon.core.webui.keyword.builtin.ClickKeyword$_click_closure1.call(ClickKeyword.groovy)
	at com.kms.katalon.core.webui.keyword.internal.WebUIKeywordMain.runKeyword(WebUIKeywordMain.groovy:20)
	... 19 more
"/>
         <system-out><![CDATA[2019-12-22 01:34:00 - [TEST_CASE][FAILED] - Test Cases/TestCase40DeletePostInChannel: Test Cases/TestCase40DeletePostInChannel FAILED.
Reason:
com.kms.katalon.core.exception.StepFailedException: Unable to click on object 'Object Repository/Page_Off-Topic - FirstTeam Mattermost/button_hieu_CENTER_button_fswbyrxxdbbjufi8c_fa3789'
	at com.kms.katalon.core.webui.keyword.internal.WebUIKeywordMain.stepFailed(WebUIKeywordMain.groovy:64)
	at com.kms.katalon.core.webui.keyword.internal.WebUIKeywordMain.runKeyword(WebUIKeywordMain.groovy:26)
	at com.kms.katalon.core.webui.keyword.builtin.ClickKeyword.click(ClickKeyword.groovy:102)
	at com.kms.katalon.core.webui.keyword.builtin.ClickKeyword.execute(ClickKeyword.groovy:43)
	at com.kms.katalon.core.keyword.internal.KeywordExecutor.executeKeywordForPlatform(KeywordExecutor.groovy:72)
	at com.kms.katalon.core.webui.keyword.WebUiBuiltInKeywords.click(WebUiBuiltInKeywords.groovy:616)
	at com.kms.katalon.core.webui.keyword.WebUiBuiltInKeywords$click$3.call(Unknown Source)
	at TestCase40DeletePostInChannel.run(TestCase40DeletePostInChannel:31)
	at com.kms.katalon.core.main.ScriptEngine.run(ScriptEngine.java:194)
	at com.kms.katalon.core.main.ScriptEngine.runScriptAsRawText(ScriptEngine.java:119)
	at com.kms.katalon.core.main.TestCaseExecutor.runScript(TestCaseExecutor.java:337)
	at com.kms.katalon.core.main.TestCaseExecutor.doExecute(TestCaseExecutor.java:328)
	at com.kms.katalon.core.main.TestCaseExecutor.processExecutionPhase(TestCaseExecutor.java:307)
	at com.kms.katalon.core.main.TestCaseExecutor.accessMainPhase(TestCaseExecutor.java:299)
	at com.kms.katalon.core.main.TestCaseExecutor.execute(TestCaseExecutor.java:233)
	at com.kms.katalon.core.main.TestSuiteExecutor.accessTestCaseMainPhase(TestSuiteExecutor.java:169)
	at com.kms.katalon.core.main.TestSuiteExecutor.accessTestSuiteMainPhase(TestSuiteExecutor.java:142)
	at com.kms.katalon.core.main.TestSuiteExecutor.execute(TestSuiteExecutor.java:91)
	at com.kms.katalon.core.main.TestCaseMain.startTestSuite(TestCaseMain.java:157)
	at com.kms.katalon.core.main.TestCaseMain$startTestSuite$0.call(Unknown Source)
	at TempTestSuite1576951344125.run(TempTestSuite1576951344125.groovy:36)
Caused by: com.kms.katalon.core.webui.exception.WebElementNotFoundException: Web element with id: 'Object Repository/Page_Off-Topic - FirstTeam Mattermost/button_hieu_CENTER_button_fswbyrxxdbbjufi8c_fa3789' located by 'By.xpath: //button[@id='CENTER_button_fswbyrxxdbbjufi8c6pc96yuqa']' not found
	at com.kms.katalon.core.webui.common.WebUiCommonHelper.findWebElement(WebUiCommonHelper.java:1154)
	at com.kms.katalon.core.webui.keyword.internal.WebUIAbstractKeyword.findWebElement(WebUIAbstractKeyword.groovy:27)
	at com.kms.katalon.core.webui.keyword.internal.WebUIAbstractKeyword.findWebElement(WebUIAbstractKeyword.groovy:26)
	at com.kms.katalon.core.webui.keyword.builtin.ClickKeyword$_click_closure1.doCall(ClickKeyword.groovy:67)
	at com.kms.katalon.core.webui.keyword.builtin.ClickKeyword$_click_closure1.call(ClickKeyword.groovy)
	at com.kms.katalon.core.webui.keyword.internal.WebUIKeywordMain.runKeyword(WebUIKeywordMain.groovy:20)
	... 19 more


2019-12-22 01:34:01 - [TEST_STEP][PASSED] - openBrowser(""): Browser is opened with url: ''

2019-12-22 01:34:01 - [MESSAGE][INFO] - Starting 'Firefox (headless)' driver

2019-12-22 01:34:04 - [MESSAGE][PASSED] - Browser is opened with url: ''

2019-12-22 01:34:04 - [TEST_STEP][PASSED] - navigateToUrl("https://cs300testautomatic.herokuapp.com/"): Navigate to 'https://cs300testautomatic.herokuapp.com/' successfully

2019-12-22 01:34:17 - [MESSAGE][PASSED] - Navigate to 'https://cs300testautomatic.herokuapp.com/' successfully

2019-12-22 01:34:17 - [TEST_STEP][PASSED] - setText(findTestObject("Page_Mattermost/input_All team communication in one place s_703ef5"), "dhieu@apcs.vn"): Text 'dhieu@apcs.vn' is set on object 'Object Repository/Page_Mattermost/input_All team communication in one place s_703ef5'

2019-12-22 01:34:21 - [MESSAGE][PASSED] - Text 'dhieu@apcs.vn' is set on object 'Object Repository/Page_Mattermost/input_All team communication in one place s_703ef5'

2019-12-22 01:34:21 - [TEST_STEP][PASSED] - setEncryptedText(findTestObject("Page_Mattermost/input_All team communication in one place s_2f2733"), "iGDxf8hSRT4="): Text ****** has been set on object 'Object Repository/Page_Mattermost/input_All team communication in one place s_2f2733'

2019-12-22 01:34:21 - [MESSAGE][PASSED] - Text ****** has been set on object 'Object Repository/Page_Mattermost/input_All team communication in one place s_2f2733'

2019-12-22 01:34:21 - [TEST_STEP][PASSED] - sendKeys(findTestObject("Page_Mattermost/input_All team communication in one place s_2f2733"), Keys.chord(ENTER)): Keys 'ENTER + ' sent to object: 'Object Repository/Page_Mattermost/input_All team communication in one place s_2f2733'

2019-12-22 01:34:22 - [MESSAGE][PASSED] - Keys 'ENTER + ' sent to object: 'Object Repository/Page_Mattermost/input_All team communication in one place s_2f2733'

2019-12-22 01:34:22 - [TEST_STEP][PASSED] - click(findTestObject("Object Repository/Page_Town Square - FirstTeam Mattermost/a_Off-Topic")): Object: 'Object Repository/Page_Town Square - FirstTeam Mattermost/a_Off-Topic' is clicked on

2019-12-22 01:34:25 - [MESSAGE][PASSED] - Object: 'Object Repository/Page_Town Square - FirstTeam Mattermost/a_Off-Topic' is clicked on

2019-12-22 01:34:25 - [TEST_STEP][FAILED] - click(findTestObject("Object Repository/Page_Off-Topic - FirstTeam Mattermost/button_hieu_CENTER_button_fswbyrxxdbbjufi8c_fa3789")): Unable to click on object 'Object Repository/Page_Off-Topic - FirstTeam Mattermost/button_hieu_CENTER_button_fswbyrxxdbbjufi8c_fa3789' (Root cause: com.kms.katalon.core.exception.StepFailedException: Unable to click on object 'Object Repository/Page_Off-Topic - FirstTeam Mattermost/button_hieu_CENTER_button_fswbyrxxdbbjufi8c_fa3789'
	at com.kms.katalon.core.webui.keyword.internal.WebUIKeywordMain.stepFailed(WebUIKeywordMain.groovy:64)
	at com.kms.katalon.core.webui.keyword.internal.WebUIKeywordMain.runKeyword(WebUIKeywordMain.groovy:26)
	at com.kms.katalon.core.webui.keyword.builtin.ClickKeyword.click(ClickKeyword.groovy:102)
	at com.kms.katalon.core.webui.keyword.builtin.ClickKeyword.execute(ClickKeyword.groovy:43)
	at com.kms.katalon.core.keyword.internal.KeywordExecutor.executeKeywordForPlatform(KeywordExecutor.groovy:72)
	at com.kms.katalon.core.webui.keyword.WebUiBuiltInKeywords.click(WebUiBuiltInKeywords.groovy:616)
	at com.kms.katalon.core.webui.keyword.WebUiBuiltInKeywords$click$3.call(Unknown Source)
	at TestCase40DeletePostInChannel.run(TestCase40DeletePostInChannel:31)
	at com.kms.katalon.core.main.ScriptEngine.run(ScriptEngine.java:194)
	at com.kms.katalon.core.main.ScriptEngine.runScriptAsRawText(ScriptEngine.java:119)
	at com.kms.katalon.core.main.TestCaseExecutor.runScript(TestCaseExecutor.java:337)
	at com.kms.katalon.core.main.TestCaseExecutor.doExecute(TestCaseExecutor.java:328)
	at com.kms.katalon.core.main.TestCaseExecutor.processExecutionPhase(TestCaseExecutor.java:307)
	at com.kms.katalon.core.main.TestCaseExecutor.accessMainPhase(TestCaseExecutor.java:299)
	at com.kms.katalon.core.main.TestCaseExecutor.execute(TestCaseExecutor.java:233)
	at com.kms.katalon.core.main.TestSuiteExecutor.accessTestCaseMainPhase(TestSuiteExecutor.java:169)
	at com.kms.katalon.core.main.TestSuiteExecutor.accessTestSuiteMainPhase(TestSuiteExecutor.java:142)
	at com.kms.katalon.core.main.TestSuiteExecutor.execute(TestSuiteExecutor.java:91)
	at com.kms.katalon.core.main.TestCaseMain.startTestSuite(TestCaseMain.java:157)
	at com.kms.katalon.core.main.TestCaseMain$startTestSuite$0.call(Unknown Source)
	at TempTestSuite1576951344125.run(TempTestSuite1576951344125.groovy:36)
Caused by: com.kms.katalon.core.webui.exception.WebElementNotFoundException: Web element with id: 'Object Repository/Page_Off-Topic - FirstTeam Mattermost/button_hieu_CENTER_button_fswbyrxxdbbjufi8c_fa3789' located by 'By.xpath: //button[@id='CENTER_button_fswbyrxxdbbjufi8c6pc96yuqa']' not found
	at com.kms.katalon.core.webui.common.WebUiCommonHelper.findWebElement(WebUiCommonHelper.java:1154)
	at com.kms.katalon.core.webui.keyword.internal.WebUIAbstractKeyword.findWebElement(WebUIAbstractKeyword.groovy:27)
	at com.kms.katalon.core.webui.keyword.internal.WebUIAbstractKeyword.findWebElement(WebUIAbstractKeyword.groovy:26)
	at com.kms.katalon.core.webui.keyword.builtin.ClickKeyword$_click_closure1.doCall(ClickKeyword.groovy:67)
	at com.kms.katalon.core.webui.keyword.builtin.ClickKeyword$_click_closure1.call(ClickKeyword.groovy)
	at com.kms.katalon.core.webui.keyword.internal.WebUIKeywordMain.runKeyword(WebUIKeywordMain.groovy:20)
	at com.kms.katalon.core.webui.keyword.builtin.ClickKeyword.click(ClickKeyword.groovy:102)
	at com.kms.katalon.core.webui.keyword.builtin.ClickKeyword.execute(ClickKeyword.groovy:43)
	at com.kms.katalon.core.keyword.internal.KeywordExecutor.executeKeywordForPlatform(KeywordExecutor.groovy:72)
	at com.kms.katalon.core.webui.keyword.WebUiBuiltInKeywords.click(WebUiBuiltInKeywords.groovy:616)
	at com.kms.katalon.core.webui.keyword.WebUiBuiltInKeywords$click$3.call(Unknown Source)
	at Script1576918960336.run(Script1576918960336.groovy:31)
	... 13 more
)

2019-12-22 01:34:57 - [MESSAGE][INFO] - Unable to find the element located by 'By.xpath: //button[@id='CENTER_button_fswbyrxxdbbjufi8c6pc96yuqa']'. Please recheck the objects properties to make sure the desired element is located. 

2019-12-22 01:34:57 - [MESSAGE][INFO] - [SMART_XPATH] Auto-trying out other XPath values in the test object.

2019-12-22 01:34:57 - [MESSAGE][INFO] - [SMART_XPATH] FAILED XPATH: '//button[@id='CENTER_button_fswbyrxxdbbjufi8c6pc96yuqa']'.

2019-12-22 01:34:57 - [MESSAGE][INFO] - [SMART_XPATH] FAILED XPATH: '//div[@id='postContent']/div[2]/div/div[2]/div/div[2]/div/button'.

2019-12-22 01:34:57 - [MESSAGE][INFO] - [SMART_XPATH] FAILED XPATH: '//div[6]/div/div/div/div[2]/div/div[2]/div/div[2]/div/button'.

2019-12-22 01:34:57 - [MESSAGE][INFO] - [SMART_XPATH] No working XPath is found.

2019-12-22 01:34:57 - [MESSAGE][FAILED] - Unable to click on object 'Object Repository/Page_Off-Topic - FirstTeam Mattermost/button_hieu_CENTER_button_fswbyrxxdbbjufi8c_fa3789' (Root cause: com.kms.katalon.core.exception.StepFailedException: Unable to click on object 'Object Repository/Page_Off-Topic - FirstTeam Mattermost/button_hieu_CENTER_button_fswbyrxxdbbjufi8c_fa3789'
	at com.kms.katalon.core.webui.keyword.internal.WebUIKeywordMain.stepFailed(WebUIKeywordMain.groovy:64)
	at com.kms.katalon.core.webui.keyword.internal.WebUIKeywordMain.runKeyword(WebUIKeywordMain.groovy:26)
	at com.kms.katalon.core.webui.keyword.builtin.ClickKeyword.click(ClickKeyword.groovy:102)
	at com.kms.katalon.core.webui.keyword.builtin.ClickKeyword.execute(ClickKeyword.groovy:43)
	at com.kms.katalon.core.keyword.internal.KeywordExecutor.executeKeywordForPlatform(KeywordExecutor.groovy:72)
	at com.kms.katalon.core.webui.keyword.WebUiBuiltInKeywords.click(WebUiBuiltInKeywords.groovy:616)
	at com.kms.katalon.core.webui.keyword.WebUiBuiltInKeywords$click$3.call(Unknown Source)
	at TestCase40DeletePostInChannel.run(TestCase40DeletePostInChannel:31)
	at com.kms.katalon.core.main.ScriptEngine.run(ScriptEngine.java:194)
	at com.kms.katalon.core.main.ScriptEngine.runScriptAsRawText(ScriptEngine.java:119)
	at com.kms.katalon.core.main.TestCaseExecutor.runScript(TestCaseExecutor.java:337)
	at com.kms.katalon.core.main.TestCaseExecutor.doExecute(TestCaseExecutor.java:328)
	at com.kms.katalon.core.main.TestCaseExecutor.processExecutionPhase(TestCaseExecutor.java:307)
	at com.kms.katalon.core.main.TestCaseExecutor.accessMainPhase(TestCaseExecutor.java:299)
	at com.kms.katalon.core.main.TestCaseExecutor.execute(TestCaseExecutor.java:233)
	at com.kms.katalon.core.main.TestSuiteExecutor.accessTestCaseMainPhase(TestSuiteExecutor.java:169)
	at com.kms.katalon.core.main.TestSuiteExecutor.accessTestSuiteMainPhase(TestSuiteExecutor.java:142)
	at com.kms.katalon.core.main.TestSuiteExecutor.execute(TestSuiteExecutor.java:91)
	at com.kms.katalon.core.main.TestCaseMain.startTestSuite(TestCaseMain.java:157)
	at com.kms.katalon.core.main.TestCaseMain$startTestSuite$0.call(Unknown Source)
	at TempTestSuite1576951344125.run(TempTestSuite1576951344125.groovy:36)
Caused by: com.kms.katalon.core.webui.exception.WebElementNotFoundException: Web element with id: 'Object Repository/Page_Off-Topic - FirstTeam Mattermost/button_hieu_CENTER_button_fswbyrxxdbbjufi8c_fa3789' located by 'By.xpath: //button[@id='CENTER_button_fswbyrxxdbbjufi8c6pc96yuqa']' not found
	at com.kms.katalon.core.webui.common.WebUiCommonHelper.findWebElement(WebUiCommonHelper.java:1154)
	at com.kms.katalon.core.webui.keyword.internal.WebUIAbstractKeyword.findWebElement(WebUIAbstractKeyword.groovy:27)
	at com.kms.katalon.core.webui.keyword.internal.WebUIAbstractKeyword.findWebElement(WebUIAbstractKeyword.groovy:26)
	at com.kms.katalon.core.webui.keyword.builtin.ClickKeyword$_click_closure1.doCall(ClickKeyword.groovy:67)
	at com.kms.katalon.core.webui.keyword.builtin.ClickKeyword$_click_closure1.call(ClickKeyword.groovy)
	at com.kms.katalon.core.webui.keyword.internal.WebUIKeywordMain.runKeyword(WebUIKeywordMain.groovy:20)
	at com.kms.katalon.core.webui.keyword.builtin.ClickKeyword.click(ClickKeyword.groovy:102)
	at com.kms.katalon.core.webui.keyword.builtin.ClickKeyword.execute(ClickKeyword.groovy:43)
	at com.kms.katalon.core.keyword.internal.KeywordExecutor.executeKeywordForPlatform(KeywordExecutor.groovy:72)
	at com.kms.katalon.core.webui.keyword.WebUiBuiltInKeywords.click(WebUiBuiltInKeywords.groovy:616)
	at com.kms.katalon.core.webui.keyword.WebUiBuiltInKeywords$click$3.call(Unknown Source)
	at Script1576918960336.run(Script1576918960336.groovy:31)
	... 13 more
)
[[ATTACHMENT|D:\\Learning\\School\\2019-2020-HK1\\CS300\\CS300AutomaticWebTesting\\Reports\\20191222_010224\\Run All Test Cases\\20191222_010224\\1576953297230.png]]]]></system-out>
         <system-err><![CDATA[2019-12-22 01:34:00 - [TEST_CASE][FAILED] - Test Cases/TestCase40DeletePostInChannel: Test Cases/TestCase40DeletePostInChannel FAILED.
Reason:
com.kms.katalon.core.exception.StepFailedException: Unable to click on object 'Object Repository/Page_Off-Topic - FirstTeam Mattermost/button_hieu_CENTER_button_fswbyrxxdbbjufi8c_fa3789'
	at com.kms.katalon.core.webui.keyword.internal.WebUIKeywordMain.stepFailed(WebUIKeywordMain.groovy:64)
	at com.kms.katalon.core.webui.keyword.internal.WebUIKeywordMain.runKeyword(WebUIKeywordMain.groovy:26)
	at com.kms.katalon.core.webui.keyword.builtin.ClickKeyword.click(ClickKeyword.groovy:102)
	at com.kms.katalon.core.webui.keyword.builtin.ClickKeyword.execute(ClickKeyword.groovy:43)
	at com.kms.katalon.core.keyword.internal.KeywordExecutor.executeKeywordForPlatform(KeywordExecutor.groovy:72)
	at com.kms.katalon.core.webui.keyword.WebUiBuiltInKeywords.click(WebUiBuiltInKeywords.groovy:616)
	at com.kms.katalon.core.webui.keyword.WebUiBuiltInKeywords$click$3.call(Unknown Source)
	at TestCase40DeletePostInChannel.run(TestCase40DeletePostInChannel:31)
	at com.kms.katalon.core.main.ScriptEngine.run(ScriptEngine.java:194)
	at com.kms.katalon.core.main.ScriptEngine.runScriptAsRawText(ScriptEngine.java:119)
	at com.kms.katalon.core.main.TestCaseExecutor.runScript(TestCaseExecutor.java:337)
	at com.kms.katalon.core.main.TestCaseExecutor.doExecute(TestCaseExecutor.java:328)
	at com.kms.katalon.core.main.TestCaseExecutor.processExecutionPhase(TestCaseExecutor.java:307)
	at com.kms.katalon.core.main.TestCaseExecutor.accessMainPhase(TestCaseExecutor.java:299)
	at com.kms.katalon.core.main.TestCaseExecutor.execute(TestCaseExecutor.java:233)
	at com.kms.katalon.core.main.TestSuiteExecutor.accessTestCaseMainPhase(TestSuiteExecutor.java:169)
	at com.kms.katalon.core.main.TestSuiteExecutor.accessTestSuiteMainPhase(TestSuiteExecutor.java:142)
	at com.kms.katalon.core.main.TestSuiteExecutor.execute(TestSuiteExecutor.java:91)
	at com.kms.katalon.core.main.TestCaseMain.startTestSuite(TestCaseMain.java:157)
	at com.kms.katalon.core.main.TestCaseMain$startTestSuite$0.call(Unknown Source)
	at TempTestSuite1576951344125.run(TempTestSuite1576951344125.groovy:36)
Caused by: com.kms.katalon.core.webui.exception.WebElementNotFoundException: Web element with id: 'Object Repository/Page_Off-Topic - FirstTeam Mattermost/button_hieu_CENTER_button_fswbyrxxdbbjufi8c_fa3789' located by 'By.xpath: //button[@id='CENTER_button_fswbyrxxdbbjufi8c6pc96yuqa']' not found
	at com.kms.katalon.core.webui.common.WebUiCommonHelper.findWebElement(WebUiCommonHelper.java:1154)
	at com.kms.katalon.core.webui.keyword.internal.WebUIAbstractKeyword.findWebElement(WebUIAbstractKeyword.groovy:27)
	at com.kms.katalon.core.webui.keyword.internal.WebUIAbstractKeyword.findWebElement(WebUIAbstractKeyword.groovy:26)
	at com.kms.katalon.core.webui.keyword.builtin.ClickKeyword$_click_closure1.doCall(ClickKeyword.groovy:67)
	at com.kms.katalon.core.webui.keyword.builtin.ClickKeyword$_click_closure1.call(ClickKeyword.groovy)
	at com.kms.katalon.core.webui.keyword.internal.WebUIKeywordMain.runKeyword(WebUIKeywordMain.groovy:20)
	... 19 more]]></system-err>
      </testcase>
      <testcase name="Test Cases/TestCase41ReplyPostInChannel" time="54.143" classname="Test Cases/TestCase41ReplyPostInChannel" status="FAILED">
         <failure type="FAILED" message="Test Cases/TestCase41ReplyPostInChannel FAILED.
Reason:
com.kms.katalon.core.exception.StepFailedException: Unable to click on object 'Object Repository/Page_Off-Topic - FirstTeam Mattermost/button_hieu_CENTER_button_uz63gsxba7n9ubyrh_2a30c3'
	at com.kms.katalon.core.webui.keyword.internal.WebUIKeywordMain.stepFailed(WebUIKeywordMain.groovy:64)
	at com.kms.katalon.core.webui.keyword.internal.WebUIKeywordMain.runKeyword(WebUIKeywordMain.groovy:26)
	at com.kms.katalon.core.webui.keyword.builtin.ClickKeyword.click(ClickKeyword.groovy:102)
	at com.kms.katalon.core.webui.keyword.builtin.ClickKeyword.execute(ClickKeyword.groovy:43)
	at com.kms.katalon.core.keyword.internal.KeywordExecutor.executeKeywordForPlatform(KeywordExecutor.groovy:72)
	at com.kms.katalon.core.webui.keyword.WebUiBuiltInKeywords.click(WebUiBuiltInKeywords.groovy:616)
	at com.kms.katalon.core.webui.keyword.WebUiBuiltInKeywords$click$3.call(Unknown Source)
	at TestCase41ReplyPostInChannel.run(TestCase41ReplyPostInChannel:31)
	at com.kms.katalon.core.main.ScriptEngine.run(ScriptEngine.java:194)
	at com.kms.katalon.core.main.ScriptEngine.runScriptAsRawText(ScriptEngine.java:119)
	at com.kms.katalon.core.main.TestCaseExecutor.runScript(TestCaseExecutor.java:337)
	at com.kms.katalon.core.main.TestCaseExecutor.doExecute(TestCaseExecutor.java:328)
	at com.kms.katalon.core.main.TestCaseExecutor.processExecutionPhase(TestCaseExecutor.java:307)
	at com.kms.katalon.core.main.TestCaseExecutor.accessMainPhase(TestCaseExecutor.java:299)
	at com.kms.katalon.core.main.TestCaseExecutor.execute(TestCaseExecutor.java:233)
	at com.kms.katalon.core.main.TestSuiteExecutor.accessTestCaseMainPhase(TestSuiteExecutor.java:169)
	at com.kms.katalon.core.main.TestSuiteExecutor.accessTestSuiteMainPhase(TestSuiteExecutor.java:142)
	at com.kms.katalon.core.main.TestSuiteExecutor.execute(TestSuiteExecutor.java:91)
	at com.kms.katalon.core.main.TestCaseMain.startTestSuite(TestCaseMain.java:157)
	at com.kms.katalon.core.main.TestCaseMain$startTestSuite$0.call(Unknown Source)
	at TempTestSuite1576951344125.run(TempTestSuite1576951344125.groovy:36)
Caused by: com.kms.katalon.core.webui.exception.WebElementNotFoundException: Web element with id: 'Object Repository/Page_Off-Topic - FirstTeam Mattermost/button_hieu_CENTER_button_uz63gsxba7n9ubyrh_2a30c3' located by 'By.xpath: //button[@id='CENTER_button_uz63gsxba7n9ubyrhi5qkg7jie']' not found
	at com.kms.katalon.core.webui.common.WebUiCommonHelper.findWebElement(WebUiCommonHelper.java:1154)
	at com.kms.katalon.core.webui.keyword.internal.WebUIAbstractKeyword.findWebElement(WebUIAbstractKeyword.groovy:27)
	at com.kms.katalon.core.webui.keyword.internal.WebUIAbstractKeyword.findWebElement(WebUIAbstractKeyword.groovy:26)
	at com.kms.katalon.core.webui.keyword.builtin.ClickKeyword$_click_closure1.doCall(ClickKeyword.groovy:67)
	at com.kms.katalon.core.webui.keyword.builtin.ClickKeyword$_click_closure1.call(ClickKeyword.groovy)
	at com.kms.katalon.core.webui.keyword.internal.WebUIKeywordMain.runKeyword(WebUIKeywordMain.groovy:20)
	... 19 more
"/>
         <system-out><![CDATA[2019-12-22 01:34:57 - [TEST_CASE][FAILED] - Test Cases/TestCase41ReplyPostInChannel: Test Cases/TestCase41ReplyPostInChannel FAILED.
Reason:
com.kms.katalon.core.exception.StepFailedException: Unable to click on object 'Object Repository/Page_Off-Topic - FirstTeam Mattermost/button_hieu_CENTER_button_uz63gsxba7n9ubyrh_2a30c3'
	at com.kms.katalon.core.webui.keyword.internal.WebUIKeywordMain.stepFailed(WebUIKeywordMain.groovy:64)
	at com.kms.katalon.core.webui.keyword.internal.WebUIKeywordMain.runKeyword(WebUIKeywordMain.groovy:26)
	at com.kms.katalon.core.webui.keyword.builtin.ClickKeyword.click(ClickKeyword.groovy:102)
	at com.kms.katalon.core.webui.keyword.builtin.ClickKeyword.execute(ClickKeyword.groovy:43)
	at com.kms.katalon.core.keyword.internal.KeywordExecutor.executeKeywordForPlatform(KeywordExecutor.groovy:72)
	at com.kms.katalon.core.webui.keyword.WebUiBuiltInKeywords.click(WebUiBuiltInKeywords.groovy:616)
	at com.kms.katalon.core.webui.keyword.WebUiBuiltInKeywords$click$3.call(Unknown Source)
	at TestCase41ReplyPostInChannel.run(TestCase41ReplyPostInChannel:31)
	at com.kms.katalon.core.main.ScriptEngine.run(ScriptEngine.java:194)
	at com.kms.katalon.core.main.ScriptEngine.runScriptAsRawText(ScriptEngine.java:119)
	at com.kms.katalon.core.main.TestCaseExecutor.runScript(TestCaseExecutor.java:337)
	at com.kms.katalon.core.main.TestCaseExecutor.doExecute(TestCaseExecutor.java:328)
	at com.kms.katalon.core.main.TestCaseExecutor.processExecutionPhase(TestCaseExecutor.java:307)
	at com.kms.katalon.core.main.TestCaseExecutor.accessMainPhase(TestCaseExecutor.java:299)
	at com.kms.katalon.core.main.TestCaseExecutor.execute(TestCaseExecutor.java:233)
	at com.kms.katalon.core.main.TestSuiteExecutor.accessTestCaseMainPhase(TestSuiteExecutor.java:169)
	at com.kms.katalon.core.main.TestSuiteExecutor.accessTestSuiteMainPhase(TestSuiteExecutor.java:142)
	at com.kms.katalon.core.main.TestSuiteExecutor.execute(TestSuiteExecutor.java:91)
	at com.kms.katalon.core.main.TestCaseMain.startTestSuite(TestCaseMain.java:157)
	at com.kms.katalon.core.main.TestCaseMain$startTestSuite$0.call(Unknown Source)
	at TempTestSuite1576951344125.run(TempTestSuite1576951344125.groovy:36)
Caused by: com.kms.katalon.core.webui.exception.WebElementNotFoundException: Web element with id: 'Object Repository/Page_Off-Topic - FirstTeam Mattermost/button_hieu_CENTER_button_uz63gsxba7n9ubyrh_2a30c3' located by 'By.xpath: //button[@id='CENTER_button_uz63gsxba7n9ubyrhi5qkg7jie']' not found
	at com.kms.katalon.core.webui.common.WebUiCommonHelper.findWebElement(WebUiCommonHelper.java:1154)
	at com.kms.katalon.core.webui.keyword.internal.WebUIAbstractKeyword.findWebElement(WebUIAbstractKeyword.groovy:27)
	at com.kms.katalon.core.webui.keyword.internal.WebUIAbstractKeyword.findWebElement(WebUIAbstractKeyword.groovy:26)
	at com.kms.katalon.core.webui.keyword.builtin.ClickKeyword$_click_closure1.doCall(ClickKeyword.groovy:67)
	at com.kms.katalon.core.webui.keyword.builtin.ClickKeyword$_click_closure1.call(ClickKeyword.groovy)
	at com.kms.katalon.core.webui.keyword.internal.WebUIKeywordMain.runKeyword(WebUIKeywordMain.groovy:20)
	... 19 more


2019-12-22 01:34:58 - [TEST_STEP][PASSED] - openBrowser(""): Browser is opened with url: ''

2019-12-22 01:34:58 - [MESSAGE][WARNING] - A browser is already opened. Closing browser and opening a new one

2019-12-22 01:35:01 - [MESSAGE][INFO] - Starting 'Firefox (headless)' driver

2019-12-22 01:35:06 - [MESSAGE][PASSED] - Browser is opened with url: ''

2019-12-22 01:35:06 - [TEST_STEP][PASSED] - navigateToUrl("https://cs300testautomatic.herokuapp.com/"): Navigate to 'https://cs300testautomatic.herokuapp.com/' successfully

2019-12-22 01:35:11 - [MESSAGE][PASSED] - Navigate to 'https://cs300testautomatic.herokuapp.com/' successfully

2019-12-22 01:35:11 - [TEST_STEP][PASSED] - setText(findTestObject("Page_Mattermost/input_All team communication in one place s_703ef5"), "dhieu@apcs.vn"): Text 'dhieu@apcs.vn' is set on object 'Object Repository/Page_Mattermost/input_All team communication in one place s_703ef5'

2019-12-22 01:35:15 - [MESSAGE][PASSED] - Text 'dhieu@apcs.vn' is set on object 'Object Repository/Page_Mattermost/input_All team communication in one place s_703ef5'

2019-12-22 01:35:15 - [TEST_STEP][PASSED] - setEncryptedText(findTestObject("Page_Mattermost/input_All team communication in one place s_2f2733"), "iGDxf8hSRT4="): Text ****** has been set on object 'Object Repository/Page_Mattermost/input_All team communication in one place s_2f2733'

2019-12-22 01:35:15 - [MESSAGE][PASSED] - Text ****** has been set on object 'Object Repository/Page_Mattermost/input_All team communication in one place s_2f2733'

2019-12-22 01:35:15 - [TEST_STEP][PASSED] - sendKeys(findTestObject("Page_Mattermost/input_All team communication in one place s_2f2733"), Keys.chord(ENTER)): Keys 'ENTER + ' sent to object: 'Object Repository/Page_Mattermost/input_All team communication in one place s_2f2733'

2019-12-22 01:35:16 - [MESSAGE][PASSED] - Keys 'ENTER + ' sent to object: 'Object Repository/Page_Mattermost/input_All team communication in one place s_2f2733'

2019-12-22 01:35:16 - [TEST_STEP][PASSED] - click(findTestObject("Page_Town Square - FirstTeam Mattermost/a_Off-Topic")): Object: 'Object Repository/Page_Town Square - FirstTeam Mattermost/a_Off-Topic' is clicked on

2019-12-22 01:35:19 - [MESSAGE][PASSED] - Object: 'Object Repository/Page_Town Square - FirstTeam Mattermost/a_Off-Topic' is clicked on

2019-12-22 01:35:19 - [TEST_STEP][FAILED] - click(findTestObject("Object Repository/Page_Off-Topic - FirstTeam Mattermost/button_hieu_CENTER_button_uz63gsxba7n9ubyrh_2a30c3")): Unable to click on object 'Object Repository/Page_Off-Topic - FirstTeam Mattermost/button_hieu_CENTER_button_uz63gsxba7n9ubyrh_2a30c3' (Root cause: com.kms.katalon.core.exception.StepFailedException: Unable to click on object 'Object Repository/Page_Off-Topic - FirstTeam Mattermost/button_hieu_CENTER_button_uz63gsxba7n9ubyrh_2a30c3'
	at com.kms.katalon.core.webui.keyword.internal.WebUIKeywordMain.stepFailed(WebUIKeywordMain.groovy:64)
	at com.kms.katalon.core.webui.keyword.internal.WebUIKeywordMain.runKeyword(WebUIKeywordMain.groovy:26)
	at com.kms.katalon.core.webui.keyword.builtin.ClickKeyword.click(ClickKeyword.groovy:102)
	at com.kms.katalon.core.webui.keyword.builtin.ClickKeyword.execute(ClickKeyword.groovy:43)
	at com.kms.katalon.core.keyword.internal.KeywordExecutor.executeKeywordForPlatform(KeywordExecutor.groovy:72)
	at com.kms.katalon.core.webui.keyword.WebUiBuiltInKeywords.click(WebUiBuiltInKeywords.groovy:616)
	at com.kms.katalon.core.webui.keyword.WebUiBuiltInKeywords$click$3.call(Unknown Source)
	at TestCase41ReplyPostInChannel.run(TestCase41ReplyPostInChannel:31)
	at com.kms.katalon.core.main.ScriptEngine.run(ScriptEngine.java:194)
	at com.kms.katalon.core.main.ScriptEngine.runScriptAsRawText(ScriptEngine.java:119)
	at com.kms.katalon.core.main.TestCaseExecutor.runScript(TestCaseExecutor.java:337)
	at com.kms.katalon.core.main.TestCaseExecutor.doExecute(TestCaseExecutor.java:328)
	at com.kms.katalon.core.main.TestCaseExecutor.processExecutionPhase(TestCaseExecutor.java:307)
	at com.kms.katalon.core.main.TestCaseExecutor.accessMainPhase(TestCaseExecutor.java:299)
	at com.kms.katalon.core.main.TestCaseExecutor.execute(TestCaseExecutor.java:233)
	at com.kms.katalon.core.main.TestSuiteExecutor.accessTestCaseMainPhase(TestSuiteExecutor.java:169)
	at com.kms.katalon.core.main.TestSuiteExecutor.accessTestSuiteMainPhase(TestSuiteExecutor.java:142)
	at com.kms.katalon.core.main.TestSuiteExecutor.execute(TestSuiteExecutor.java:91)
	at com.kms.katalon.core.main.TestCaseMain.startTestSuite(TestCaseMain.java:157)
	at com.kms.katalon.core.main.TestCaseMain$startTestSuite$0.call(Unknown Source)
	at TempTestSuite1576951344125.run(TempTestSuite1576951344125.groovy:36)
Caused by: com.kms.katalon.core.webui.exception.WebElementNotFoundException: Web element with id: 'Object Repository/Page_Off-Topic - FirstTeam Mattermost/button_hieu_CENTER_button_uz63gsxba7n9ubyrh_2a30c3' located by 'By.xpath: //button[@id='CENTER_button_uz63gsxba7n9ubyrhi5qkg7jie']' not found
	at com.kms.katalon.core.webui.common.WebUiCommonHelper.findWebElement(WebUiCommonHelper.java:1154)
	at com.kms.katalon.core.webui.keyword.internal.WebUIAbstractKeyword.findWebElement(WebUIAbstractKeyword.groovy:27)
	at com.kms.katalon.core.webui.keyword.internal.WebUIAbstractKeyword.findWebElement(WebUIAbstractKeyword.groovy:26)
	at com.kms.katalon.core.webui.keyword.builtin.ClickKeyword$_click_closure1.doCall(ClickKeyword.groovy:67)
	at com.kms.katalon.core.webui.keyword.builtin.ClickKeyword$_click_closure1.call(ClickKeyword.groovy)
	at com.kms.katalon.core.webui.keyword.internal.WebUIKeywordMain.runKeyword(WebUIKeywordMain.groovy:20)
	at com.kms.katalon.core.webui.keyword.builtin.ClickKeyword.click(ClickKeyword.groovy:102)
	at com.kms.katalon.core.webui.keyword.builtin.ClickKeyword.execute(ClickKeyword.groovy:43)
	at com.kms.katalon.core.keyword.internal.KeywordExecutor.executeKeywordForPlatform(KeywordExecutor.groovy:72)
	at com.kms.katalon.core.webui.keyword.WebUiBuiltInKeywords.click(WebUiBuiltInKeywords.groovy:616)
	at com.kms.katalon.core.webui.keyword.WebUiBuiltInKeywords$click$3.call(Unknown Source)
	at Script1576918975306.run(Script1576918975306.groovy:31)
	... 13 more
)

2019-12-22 01:35:51 - [MESSAGE][INFO] - Unable to find the element located by 'By.xpath: //button[@id='CENTER_button_uz63gsxba7n9ubyrhi5qkg7jie']'. Please recheck the objects properties to make sure the desired element is located. 

2019-12-22 01:35:51 - [MESSAGE][INFO] - [SMART_XPATH] Auto-trying out other XPath values in the test object.

2019-12-22 01:35:51 - [MESSAGE][INFO] - [SMART_XPATH] FAILED XPATH: '//button[@id='CENTER_button_uz63gsxba7n9ubyrhi5qkg7jie']'.

2019-12-22 01:35:51 - [MESSAGE][INFO] - [SMART_XPATH] FAILED XPATH: '//div[@id='postContent']/div[2]/div/div[2]/div/div[2]/div/button'.

2019-12-22 01:35:51 - [MESSAGE][INFO] - [SMART_XPATH] FAILED XPATH: '//div[12]/div/div/div/div[2]/div/div[2]/div/div[2]/div/button'.

2019-12-22 01:35:51 - [MESSAGE][INFO] - [SMART_XPATH] No working XPath is found.

2019-12-22 01:35:51 - [MESSAGE][FAILED] - Unable to click on object 'Object Repository/Page_Off-Topic - FirstTeam Mattermost/button_hieu_CENTER_button_uz63gsxba7n9ubyrh_2a30c3' (Root cause: com.kms.katalon.core.exception.StepFailedException: Unable to click on object 'Object Repository/Page_Off-Topic - FirstTeam Mattermost/button_hieu_CENTER_button_uz63gsxba7n9ubyrh_2a30c3'
	at com.kms.katalon.core.webui.keyword.internal.WebUIKeywordMain.stepFailed(WebUIKeywordMain.groovy:64)
	at com.kms.katalon.core.webui.keyword.internal.WebUIKeywordMain.runKeyword(WebUIKeywordMain.groovy:26)
	at com.kms.katalon.core.webui.keyword.builtin.ClickKeyword.click(ClickKeyword.groovy:102)
	at com.kms.katalon.core.webui.keyword.builtin.ClickKeyword.execute(ClickKeyword.groovy:43)
	at com.kms.katalon.core.keyword.internal.KeywordExecutor.executeKeywordForPlatform(KeywordExecutor.groovy:72)
	at com.kms.katalon.core.webui.keyword.WebUiBuiltInKeywords.click(WebUiBuiltInKeywords.groovy:616)
	at com.kms.katalon.core.webui.keyword.WebUiBuiltInKeywords$click$3.call(Unknown Source)
	at TestCase41ReplyPostInChannel.run(TestCase41ReplyPostInChannel:31)
	at com.kms.katalon.core.main.ScriptEngine.run(ScriptEngine.java:194)
	at com.kms.katalon.core.main.ScriptEngine.runScriptAsRawText(ScriptEngine.java:119)
	at com.kms.katalon.core.main.TestCaseExecutor.runScript(TestCaseExecutor.java:337)
	at com.kms.katalon.core.main.TestCaseExecutor.doExecute(TestCaseExecutor.java:328)
	at com.kms.katalon.core.main.TestCaseExecutor.processExecutionPhase(TestCaseExecutor.java:307)
	at com.kms.katalon.core.main.TestCaseExecutor.accessMainPhase(TestCaseExecutor.java:299)
	at com.kms.katalon.core.main.TestCaseExecutor.execute(TestCaseExecutor.java:233)
	at com.kms.katalon.core.main.TestSuiteExecutor.accessTestCaseMainPhase(TestSuiteExecutor.java:169)
	at com.kms.katalon.core.main.TestSuiteExecutor.accessTestSuiteMainPhase(TestSuiteExecutor.java:142)
	at com.kms.katalon.core.main.TestSuiteExecutor.execute(TestSuiteExecutor.java:91)
	at com.kms.katalon.core.main.TestCaseMain.startTestSuite(TestCaseMain.java:157)
	at com.kms.katalon.core.main.TestCaseMain$startTestSuite$0.call(Unknown Source)
	at TempTestSuite1576951344125.run(TempTestSuite1576951344125.groovy:36)
Caused by: com.kms.katalon.core.webui.exception.WebElementNotFoundException: Web element with id: 'Object Repository/Page_Off-Topic - FirstTeam Mattermost/button_hieu_CENTER_button_uz63gsxba7n9ubyrh_2a30c3' located by 'By.xpath: //button[@id='CENTER_button_uz63gsxba7n9ubyrhi5qkg7jie']' not found
	at com.kms.katalon.core.webui.common.WebUiCommonHelper.findWebElement(WebUiCommonHelper.java:1154)
	at com.kms.katalon.core.webui.keyword.internal.WebUIAbstractKeyword.findWebElement(WebUIAbstractKeyword.groovy:27)
	at com.kms.katalon.core.webui.keyword.internal.WebUIAbstractKeyword.findWebElement(WebUIAbstractKeyword.groovy:26)
	at com.kms.katalon.core.webui.keyword.builtin.ClickKeyword$_click_closure1.doCall(ClickKeyword.groovy:67)
	at com.kms.katalon.core.webui.keyword.builtin.ClickKeyword$_click_closure1.call(ClickKeyword.groovy)
	at com.kms.katalon.core.webui.keyword.internal.WebUIKeywordMain.runKeyword(WebUIKeywordMain.groovy:20)
	at com.kms.katalon.core.webui.keyword.builtin.ClickKeyword.click(ClickKeyword.groovy:102)
	at com.kms.katalon.core.webui.keyword.builtin.ClickKeyword.execute(ClickKeyword.groovy:43)
	at com.kms.katalon.core.keyword.internal.KeywordExecutor.executeKeywordForPlatform(KeywordExecutor.groovy:72)
	at com.kms.katalon.core.webui.keyword.WebUiBuiltInKeywords.click(WebUiBuiltInKeywords.groovy:616)
	at com.kms.katalon.core.webui.keyword.WebUiBuiltInKeywords$click$3.call(Unknown Source)
	at Script1576918975306.run(Script1576918975306.groovy:31)
	... 13 more
)
[[ATTACHMENT|D:\\Learning\\School\\2019-2020-HK1\\CS300\\CS300AutomaticWebTesting\\Reports\\20191222_010224\\Run All Test Cases\\20191222_010224\\1576953351507.png]]]]></system-out>
         <system-err><![CDATA[2019-12-22 01:34:57 - [TEST_CASE][FAILED] - Test Cases/TestCase41ReplyPostInChannel: Test Cases/TestCase41ReplyPostInChannel FAILED.
Reason:
com.kms.katalon.core.exception.StepFailedException: Unable to click on object 'Object Repository/Page_Off-Topic - FirstTeam Mattermost/button_hieu_CENTER_button_uz63gsxba7n9ubyrh_2a30c3'
	at com.kms.katalon.core.webui.keyword.internal.WebUIKeywordMain.stepFailed(WebUIKeywordMain.groovy:64)
	at com.kms.katalon.core.webui.keyword.internal.WebUIKeywordMain.runKeyword(WebUIKeywordMain.groovy:26)
	at com.kms.katalon.core.webui.keyword.builtin.ClickKeyword.click(ClickKeyword.groovy:102)
	at com.kms.katalon.core.webui.keyword.builtin.ClickKeyword.execute(ClickKeyword.groovy:43)
	at com.kms.katalon.core.keyword.internal.KeywordExecutor.executeKeywordForPlatform(KeywordExecutor.groovy:72)
	at com.kms.katalon.core.webui.keyword.WebUiBuiltInKeywords.click(WebUiBuiltInKeywords.groovy:616)
	at com.kms.katalon.core.webui.keyword.WebUiBuiltInKeywords$click$3.call(Unknown Source)
	at TestCase41ReplyPostInChannel.run(TestCase41ReplyPostInChannel:31)
	at com.kms.katalon.core.main.ScriptEngine.run(ScriptEngine.java:194)
	at com.kms.katalon.core.main.ScriptEngine.runScriptAsRawText(ScriptEngine.java:119)
	at com.kms.katalon.core.main.TestCaseExecutor.runScript(TestCaseExecutor.java:337)
	at com.kms.katalon.core.main.TestCaseExecutor.doExecute(TestCaseExecutor.java:328)
	at com.kms.katalon.core.main.TestCaseExecutor.processExecutionPhase(TestCaseExecutor.java:307)
	at com.kms.katalon.core.main.TestCaseExecutor.accessMainPhase(TestCaseExecutor.java:299)
	at com.kms.katalon.core.main.TestCaseExecutor.execute(TestCaseExecutor.java:233)
	at com.kms.katalon.core.main.TestSuiteExecutor.accessTestCaseMainPhase(TestSuiteExecutor.java:169)
	at com.kms.katalon.core.main.TestSuiteExecutor.accessTestSuiteMainPhase(TestSuiteExecutor.java:142)
	at com.kms.katalon.core.main.TestSuiteExecutor.execute(TestSuiteExecutor.java:91)
	at com.kms.katalon.core.main.TestCaseMain.startTestSuite(TestCaseMain.java:157)
	at com.kms.katalon.core.main.TestCaseMain$startTestSuite$0.call(Unknown Source)
	at TempTestSuite1576951344125.run(TempTestSuite1576951344125.groovy:36)
Caused by: com.kms.katalon.core.webui.exception.WebElementNotFoundException: Web element with id: 'Object Repository/Page_Off-Topic - FirstTeam Mattermost/button_hieu_CENTER_button_uz63gsxba7n9ubyrh_2a30c3' located by 'By.xpath: //button[@id='CENTER_button_uz63gsxba7n9ubyrhi5qkg7jie']' not found
	at com.kms.katalon.core.webui.common.WebUiCommonHelper.findWebElement(WebUiCommonHelper.java:1154)
	at com.kms.katalon.core.webui.keyword.internal.WebUIAbstractKeyword.findWebElement(WebUIAbstractKeyword.groovy:27)
	at com.kms.katalon.core.webui.keyword.internal.WebUIAbstractKeyword.findWebElement(WebUIAbstractKeyword.groovy:26)
	at com.kms.katalon.core.webui.keyword.builtin.ClickKeyword$_click_closure1.doCall(ClickKeyword.groovy:67)
	at com.kms.katalon.core.webui.keyword.builtin.ClickKeyword$_click_closure1.call(ClickKeyword.groovy)
	at com.kms.katalon.core.webui.keyword.internal.WebUIKeywordMain.runKeyword(WebUIKeywordMain.groovy:20)
	... 19 more]]></system-err>
      </testcase>
      <testcase name="Test Cases/TestCase42UpdateStatusToOffline" time="98.332" classname="Test Cases/TestCase42UpdateStatusToOffline" status="PASSED">
         <system-out><![CDATA[2019-12-22 01:35:51 - [TEST_CASE][PASSED] - Test Cases/TestCase42UpdateStatusToOffline: Test Cases/TestCase42UpdateStatusToOffline

2019-12-22 01:35:52 - [TEST_STEP][PASSED] - openBrowser(""): Browser is opened with url: ''

2019-12-22 01:35:52 - [MESSAGE][WARNING] - A browser is already opened. Closing browser and opening a new one

2019-12-22 01:35:54 - [MESSAGE][INFO] - Starting 'Firefox (headless)' driver

2019-12-22 01:36:00 - [MESSAGE][PASSED] - Browser is opened with url: ''

2019-12-22 01:36:00 - [TEST_STEP][PASSED] - navigateToUrl("https://cs300testautomatic.herokuapp.com/"): Navigate to 'https://cs300testautomatic.herokuapp.com/' successfully

2019-12-22 01:36:10 - [MESSAGE][PASSED] - Navigate to 'https://cs300testautomatic.herokuapp.com/' successfully

2019-12-22 01:36:10 - [TEST_STEP][PASSED] - setText(findTestObject("Page_Mattermost/input_All team communication in one place s_703ef5 (27)"), "giabeuu@gmail.com"): Text 'giabeuu@gmail.com' is set on object 'Object Repository/Page_Mattermost/input_All team communication in one place s_703ef5 (27)'

2019-12-22 01:36:18 - [MESSAGE][PASSED] - Text 'giabeuu@gmail.com' is set on object 'Object Repository/Page_Mattermost/input_All team communication in one place s_703ef5 (27)'

2019-12-22 01:36:18 - [TEST_STEP][PASSED] - setEncryptedText(findTestObject("Page_Mattermost/input_All team communication in one place s_2f2733 (27)"), "GoUae4B8Jrc="): Text ****** has been set on object 'Object Repository/Page_Mattermost/input_All team communication in one place s_2f2733 (27)'

2019-12-22 01:36:18 - [MESSAGE][PASSED] - Text ****** has been set on object 'Object Repository/Page_Mattermost/input_All team communication in one place s_2f2733 (27)'

2019-12-22 01:36:18 - [TEST_STEP][PASSED] - click(findTestObject("Page_Mattermost/button_Sign in (16)")): Object: 'Object Repository/Page_Mattermost/button_Sign in (16)' is clicked on

2019-12-22 01:36:19 - [MESSAGE][PASSED] - Object: 'Object Repository/Page_Mattermost/button_Sign in (16)' is clicked on

2019-12-22 01:36:19 - [TEST_STEP][PASSED] - click(findTestObject("Object Repository/Page_ Town Square - FirstTeam Mattermost/span__status status-edit edit")): Object: 'Object Repository/Page_ Town Square - FirstTeam Mattermost/span__status status-edit edit' is clicked on

2019-12-22 01:36:25 - [MESSAGE][ERROR] - TypeError: rect is undefined
Build info: version: '3.141.59', revision: 'e82be7d358', time: '2018-11-14T08:25:53'
System info: host: 'DESKTOP-O368F3Q', ip: '192.168.0.107', os.name: 'Windows 10', os.arch: 'amd64', os.version: '10.0', java.version: '1.8.0_181'
Driver info: com.kms.katalon.core.webui.driver.firefox.CGeckoDriver
Capabilities {acceptInsecureCerts: true, browserName: firefox, browserVersion: 71.0, javascriptEnabled: true, moz:accessibilityChecks: false, moz:buildID: 20191202093317, moz:geckodriverVersion: 0.23.0, moz:headless: true, moz:processID: 20300, moz:profile: C:\Users\ASUS\AppData\Local..., moz:shutdownTimeout: 60000, moz:useNonSpecCompliantPointerOrigin: false, moz:webdriverClick: true, pageLoadStrategy: normal, platform: WINDOWS, platformName: WINDOWS, platformVersion: 10.0, proxy: Proxy(direct), rotatable: false, setWindowRect: true, strictFileInteractability: false, timeouts: {implicit: 0, pageLoad: 300000, script: 30000}, unhandledPromptBehavior: dismiss and notify}
Session ID: 162d080c-29dd-47d0-b9dd-0d927b56972f

2019-12-22 01:36:55 - [MESSAGE][ERROR] - TypeError: rect is undefined
Build info: version: '3.141.59', revision: 'e82be7d358', time: '2018-11-14T08:25:53'
System info: host: 'DESKTOP-O368F3Q', ip: '192.168.0.107', os.name: 'Windows 10', os.arch: 'amd64', os.version: '10.0', java.version: '1.8.0_181'
Driver info: com.kms.katalon.core.webui.driver.firefox.CGeckoDriver
Capabilities {acceptInsecureCerts: true, browserName: firefox, browserVersion: 71.0, javascriptEnabled: true, moz:accessibilityChecks: false, moz:buildID: 20191202093317, moz:geckodriverVersion: 0.23.0, moz:headless: true, moz:processID: 20300, moz:profile: C:\Users\ASUS\AppData\Local..., moz:shutdownTimeout: 60000, moz:useNonSpecCompliantPointerOrigin: false, moz:webdriverClick: true, pageLoadStrategy: normal, platform: WINDOWS, platformName: WINDOWS, platformVersion: 10.0, proxy: Proxy(direct), rotatable: false, setWindowRect: true, strictFileInteractability: false, timeouts: {implicit: 0, pageLoad: 300000, script: 30000}, unhandledPromptBehavior: dismiss and notify}
Session ID: 162d080c-29dd-47d0-b9dd-0d927b56972f

2019-12-22 01:36:55 - [MESSAGE][PASSED] - Object: 'Object Repository/Page_ Town Square - FirstTeam Mattermost/span__status status-edit edit' is clicked on

2019-12-22 01:36:55 - [TEST_STEP][PASSED] - click(findTestObject("Object Repository/Page_ Town Square - FirstTeam Mattermost/button_Offline")): Object: 'Object Repository/Page_ Town Square - FirstTeam Mattermost/button_Offline' is clicked on

2019-12-22 01:37:26 - [MESSAGE][INFO] - Unable to find the element located by 'By.xpath: //div[@id='lhsHeader']/div/div/ul/li[6]/button'. Please recheck the objects properties to make sure the desired element is located. 

2019-12-22 01:37:26 - [MESSAGE][INFO] - [SMART_XPATH] Auto-trying out other XPath values in the test object.

2019-12-22 01:37:26 - [MESSAGE][INFO] - [SMART_XPATH] FAILED XPATH: '//div[@id='lhsHeader']/div/div/ul/li[6]/button'.

2019-12-22 01:37:26 - [MESSAGE][INFO] - [SMART_XPATH] FAILED XPATH: '(.//*[normalize-space(text()) and normalize-space(.)='Disables Desktop and Push Notifications'])[1]/following::button[1]'.

2019-12-22 01:37:26 - [MESSAGE][INFO] - [SMART_XPATH] WORKING XPATH: '(.//*[normalize-space(text()) and normalize-space(.)='FirstTeam'])[2]/preceding::button[1]'.

2019-12-22 01:37:26 - [MESSAGE][INFO] - [SMART_XPATH] Screenshot: D:/Learning/School/2019-2020-HK1/CS300/CS300AutomaticWebTesting/Reports/smart_xpath/Object Repository/Page_ Town Square - FirstTeam Mattermost/button_Offline_neighbor_27.png

2019-12-22 01:37:26 - [MESSAGE][INFO] - [SMART_XPATH] WORKING XPATH: '(.//*[normalize-space(text()) and normalize-space(.)='@giabeuu'])[1]/preceding::button[1]'.

2019-12-22 01:37:27 - [MESSAGE][INFO] - [SMART_XPATH] Screenshot: D:/Learning/School/2019-2020-HK1/CS300/CS300AutomaticWebTesting/Reports/smart_xpath/Object Repository/Page_ Town Square - FirstTeam Mattermost/button_Offline_neighbor_28.png

2019-12-22 01:37:27 - [MESSAGE][INFO] - [SMART_XPATH] FAILED XPATH: '//*/text()[normalize-space(.)='Offline']/parent::*'.

2019-12-22 01:37:27 - [MESSAGE][INFO] - [SMART_XPATH] FAILED XPATH: '//li[6]/button'.

2019-12-22 01:37:27 - [MESSAGE][ERROR] - [SMART_XPATH] D:\Learning\School\2019-2020-HK1\CS300\CS300AutomaticWebTesting\Reports\smart_xpath\waiting-for-approval.json (The system cannot find the file specified)

2019-12-22 01:37:27 - [MESSAGE][ERROR] - [SMART_XPATH] D:/Learning/School/2019-2020-HK1/CS300/CS300AutomaticWebTesting/Reports/smart_xpath/waiting-for-approval.json does not exist or is provided by Smart XPath Plugin!

2019-12-22 01:37:27 - [MESSAGE][INFO] - [SMART_XPATH] Selected Smart XPath: '(.//*[normalize-space(text()) and normalize-space(.)='FirstTeam'])[2]/preceding::button[1]'.

2019-12-22 01:37:27 - [MESSAGE][INFO] - [SMART_XPATH] Continuing executing the test case!

2019-12-22 01:37:27 - [MESSAGE][PASSED] - Object: 'Object Repository/Page_ Town Square - FirstTeam Mattermost/button_Offline' is clicked on

2019-12-22 01:37:27 - [TEST_STEP][PASSED] - closeBrowser(): Browser is closed

2019-12-22 01:37:29 - [MESSAGE][PASSED] - Browser is closed]]></system-out>
         <system-err><![CDATA[]]></system-err>
      </testcase>
      <testcase name="Test Cases/TestCase43ShowPopupOfflineStatus" time="49.917" classname="Test Cases/TestCase43ShowPopupOfflineStatus" status="FAILED">
         <failure type="FAILED" message="Test Cases/TestCase43ShowPopupOfflineStatus FAILED.
Reason:
com.kms.katalon.core.exception.StepFailedException: Unable to click on object 'Object Repository/Page_ Town Square - FirstTeam Mattermost/span_Your status is set to Offline'
	at com.kms.katalon.core.webui.keyword.internal.WebUIKeywordMain.stepFailed(WebUIKeywordMain.groovy:64)
	at com.kms.katalon.core.webui.keyword.internal.WebUIKeywordMain.runKeyword(WebUIKeywordMain.groovy:26)
	at com.kms.katalon.core.webui.keyword.builtin.ClickKeyword.click(ClickKeyword.groovy:102)
	at com.kms.katalon.core.webui.keyword.builtin.ClickKeyword.execute(ClickKeyword.groovy:43)
	at com.kms.katalon.core.keyword.internal.KeywordExecutor.executeKeywordForPlatform(KeywordExecutor.groovy:72)
	at com.kms.katalon.core.webui.keyword.WebUiBuiltInKeywords.click(WebUiBuiltInKeywords.groovy:616)
	at com.kms.katalon.core.webui.keyword.WebUiBuiltInKeywords$click$3.call(Unknown Source)
	at TestCase43ShowPopupOfflineStatus.run(TestCase43ShowPopupOfflineStatus:29)
	at com.kms.katalon.core.main.ScriptEngine.run(ScriptEngine.java:194)
	at com.kms.katalon.core.main.ScriptEngine.runScriptAsRawText(ScriptEngine.java:119)
	at com.kms.katalon.core.main.TestCaseExecutor.runScript(TestCaseExecutor.java:337)
	at com.kms.katalon.core.main.TestCaseExecutor.doExecute(TestCaseExecutor.java:328)
	at com.kms.katalon.core.main.TestCaseExecutor.processExecutionPhase(TestCaseExecutor.java:307)
	at com.kms.katalon.core.main.TestCaseExecutor.accessMainPhase(TestCaseExecutor.java:299)
	at com.kms.katalon.core.main.TestCaseExecutor.execute(TestCaseExecutor.java:233)
	at com.kms.katalon.core.main.TestSuiteExecutor.accessTestCaseMainPhase(TestSuiteExecutor.java:169)
	at com.kms.katalon.core.main.TestSuiteExecutor.accessTestSuiteMainPhase(TestSuiteExecutor.java:142)
	at com.kms.katalon.core.main.TestSuiteExecutor.execute(TestSuiteExecutor.java:91)
	at com.kms.katalon.core.main.TestCaseMain.startTestSuite(TestCaseMain.java:157)
	at com.kms.katalon.core.main.TestCaseMain$startTestSuite$0.call(Unknown Source)
	at TempTestSuite1576951344125.run(TempTestSuite1576951344125.groovy:36)
Caused by: com.kms.katalon.core.webui.exception.WebElementNotFoundException: Web element with id: 'Object Repository/Page_ Town Square - FirstTeam Mattermost/span_Your status is set to Offline' located by 'By.xpath: //h1[@id='confirmModalLabel']/span' not found
	at com.kms.katalon.core.webui.common.WebUiCommonHelper.findWebElement(WebUiCommonHelper.java:1154)
	at com.kms.katalon.core.webui.keyword.internal.WebUIAbstractKeyword.findWebElement(WebUIAbstractKeyword.groovy:27)
	at com.kms.katalon.core.webui.keyword.internal.WebUIAbstractKeyword.findWebElement(WebUIAbstractKeyword.groovy:26)
	at com.kms.katalon.core.webui.keyword.builtin.ClickKeyword$_click_closure1.doCall(ClickKeyword.groovy:67)
	at com.kms.katalon.core.webui.keyword.builtin.ClickKeyword$_click_closure1.call(ClickKeyword.groovy)
	at com.kms.katalon.core.webui.keyword.internal.WebUIKeywordMain.runKeyword(WebUIKeywordMain.groovy:20)
	... 19 more
"/>
         <system-out><![CDATA[2019-12-22 01:37:29 - [TEST_CASE][FAILED] - Test Cases/TestCase43ShowPopupOfflineStatus: Test Cases/TestCase43ShowPopupOfflineStatus FAILED.
Reason:
com.kms.katalon.core.exception.StepFailedException: Unable to click on object 'Object Repository/Page_ Town Square - FirstTeam Mattermost/span_Your status is set to Offline'
	at com.kms.katalon.core.webui.keyword.internal.WebUIKeywordMain.stepFailed(WebUIKeywordMain.groovy:64)
	at com.kms.katalon.core.webui.keyword.internal.WebUIKeywordMain.runKeyword(WebUIKeywordMain.groovy:26)
	at com.kms.katalon.core.webui.keyword.builtin.ClickKeyword.click(ClickKeyword.groovy:102)
	at com.kms.katalon.core.webui.keyword.builtin.ClickKeyword.execute(ClickKeyword.groovy:43)
	at com.kms.katalon.core.keyword.internal.KeywordExecutor.executeKeywordForPlatform(KeywordExecutor.groovy:72)
	at com.kms.katalon.core.webui.keyword.WebUiBuiltInKeywords.click(WebUiBuiltInKeywords.groovy:616)
	at com.kms.katalon.core.webui.keyword.WebUiBuiltInKeywords$click$3.call(Unknown Source)
	at TestCase43ShowPopupOfflineStatus.run(TestCase43ShowPopupOfflineStatus:29)
	at com.kms.katalon.core.main.ScriptEngine.run(ScriptEngine.java:194)
	at com.kms.katalon.core.main.ScriptEngine.runScriptAsRawText(ScriptEngine.java:119)
	at com.kms.katalon.core.main.TestCaseExecutor.runScript(TestCaseExecutor.java:337)
	at com.kms.katalon.core.main.TestCaseExecutor.doExecute(TestCaseExecutor.java:328)
	at com.kms.katalon.core.main.TestCaseExecutor.processExecutionPhase(TestCaseExecutor.java:307)
	at com.kms.katalon.core.main.TestCaseExecutor.accessMainPhase(TestCaseExecutor.java:299)
	at com.kms.katalon.core.main.TestCaseExecutor.execute(TestCaseExecutor.java:233)
	at com.kms.katalon.core.main.TestSuiteExecutor.accessTestCaseMainPhase(TestSuiteExecutor.java:169)
	at com.kms.katalon.core.main.TestSuiteExecutor.accessTestSuiteMainPhase(TestSuiteExecutor.java:142)
	at com.kms.katalon.core.main.TestSuiteExecutor.execute(TestSuiteExecutor.java:91)
	at com.kms.katalon.core.main.TestCaseMain.startTestSuite(TestCaseMain.java:157)
	at com.kms.katalon.core.main.TestCaseMain$startTestSuite$0.call(Unknown Source)
	at TempTestSuite1576951344125.run(TempTestSuite1576951344125.groovy:36)
Caused by: com.kms.katalon.core.webui.exception.WebElementNotFoundException: Web element with id: 'Object Repository/Page_ Town Square - FirstTeam Mattermost/span_Your status is set to Offline' located by 'By.xpath: //h1[@id='confirmModalLabel']/span' not found
	at com.kms.katalon.core.webui.common.WebUiCommonHelper.findWebElement(WebUiCommonHelper.java:1154)
	at com.kms.katalon.core.webui.keyword.internal.WebUIAbstractKeyword.findWebElement(WebUIAbstractKeyword.groovy:27)
	at com.kms.katalon.core.webui.keyword.internal.WebUIAbstractKeyword.findWebElement(WebUIAbstractKeyword.groovy:26)
	at com.kms.katalon.core.webui.keyword.builtin.ClickKeyword$_click_closure1.doCall(ClickKeyword.groovy:67)
	at com.kms.katalon.core.webui.keyword.builtin.ClickKeyword$_click_closure1.call(ClickKeyword.groovy)
	at com.kms.katalon.core.webui.keyword.internal.WebUIKeywordMain.runKeyword(WebUIKeywordMain.groovy:20)
	... 19 more


2019-12-22 01:37:30 - [TEST_STEP][PASSED] - openBrowser(""): Browser is opened with url: ''

2019-12-22 01:37:30 - [MESSAGE][INFO] - Starting 'Firefox (headless)' driver

2019-12-22 01:37:36 - [MESSAGE][PASSED] - Browser is opened with url: ''

2019-12-22 01:37:36 - [TEST_STEP][PASSED] - navigateToUrl("https://cs300testautomatic.herokuapp.com/"): Navigate to 'https://cs300testautomatic.herokuapp.com/' successfully

2019-12-22 01:37:43 - [MESSAGE][PASSED] - Navigate to 'https://cs300testautomatic.herokuapp.com/' successfully

2019-12-22 01:37:43 - [TEST_STEP][PASSED] - setText(findTestObject("Page_Mattermost/input_All team communication in one place s_703ef5 (29)"), "giabeuu@gmail.com"): Text 'giabeuu@gmail.com' is set on object 'Object Repository/Page_Mattermost/input_All team communication in one place s_703ef5 (29)'

2019-12-22 01:37:47 - [MESSAGE][PASSED] - Text 'giabeuu@gmail.com' is set on object 'Object Repository/Page_Mattermost/input_All team communication in one place s_703ef5 (29)'

2019-12-22 01:37:47 - [TEST_STEP][PASSED] - setEncryptedText(findTestObject("Page_Mattermost/input_All team communication in one place s_2f2733 (29)"), "GoUae4B8Jrc="): Text ****** has been set on object 'Object Repository/Page_Mattermost/input_All team communication in one place s_2f2733 (29)'

2019-12-22 01:37:47 - [MESSAGE][PASSED] - Text ****** has been set on object 'Object Repository/Page_Mattermost/input_All team communication in one place s_2f2733 (29)'

2019-12-22 01:37:47 - [TEST_STEP][PASSED] - click(findTestObject("Page_Mattermost/button_Sign in (18)")): Object: 'Object Repository/Page_Mattermost/button_Sign in (18)' is clicked on

2019-12-22 01:37:48 - [MESSAGE][PASSED] - Object: 'Object Repository/Page_Mattermost/button_Sign in (18)' is clicked on

2019-12-22 01:37:48 - [TEST_STEP][FAILED] - click(findTestObject("Object Repository/Page_ Town Square - FirstTeam Mattermost/span_Your status is set to Offline")): Unable to click on object 'Object Repository/Page_ Town Square - FirstTeam Mattermost/span_Your status is set to Offline' (Root cause: com.kms.katalon.core.exception.StepFailedException: Unable to click on object 'Object Repository/Page_ Town Square - FirstTeam Mattermost/span_Your status is set to Offline'
	at com.kms.katalon.core.webui.keyword.internal.WebUIKeywordMain.stepFailed(WebUIKeywordMain.groovy:64)
	at com.kms.katalon.core.webui.keyword.internal.WebUIKeywordMain.runKeyword(WebUIKeywordMain.groovy:26)
	at com.kms.katalon.core.webui.keyword.builtin.ClickKeyword.click(ClickKeyword.groovy:102)
	at com.kms.katalon.core.webui.keyword.builtin.ClickKeyword.execute(ClickKeyword.groovy:43)
	at com.kms.katalon.core.keyword.internal.KeywordExecutor.executeKeywordForPlatform(KeywordExecutor.groovy:72)
	at com.kms.katalon.core.webui.keyword.WebUiBuiltInKeywords.click(WebUiBuiltInKeywords.groovy:616)
	at com.kms.katalon.core.webui.keyword.WebUiBuiltInKeywords$click$3.call(Unknown Source)
	at TestCase43ShowPopupOfflineStatus.run(TestCase43ShowPopupOfflineStatus:29)
	at com.kms.katalon.core.main.ScriptEngine.run(ScriptEngine.java:194)
	at com.kms.katalon.core.main.ScriptEngine.runScriptAsRawText(ScriptEngine.java:119)
	at com.kms.katalon.core.main.TestCaseExecutor.runScript(TestCaseExecutor.java:337)
	at com.kms.katalon.core.main.TestCaseExecutor.doExecute(TestCaseExecutor.java:328)
	at com.kms.katalon.core.main.TestCaseExecutor.processExecutionPhase(TestCaseExecutor.java:307)
	at com.kms.katalon.core.main.TestCaseExecutor.accessMainPhase(TestCaseExecutor.java:299)
	at com.kms.katalon.core.main.TestCaseExecutor.execute(TestCaseExecutor.java:233)
	at com.kms.katalon.core.main.TestSuiteExecutor.accessTestCaseMainPhase(TestSuiteExecutor.java:169)
	at com.kms.katalon.core.main.TestSuiteExecutor.accessTestSuiteMainPhase(TestSuiteExecutor.java:142)
	at com.kms.katalon.core.main.TestSuiteExecutor.execute(TestSuiteExecutor.java:91)
	at com.kms.katalon.core.main.TestCaseMain.startTestSuite(TestCaseMain.java:157)
	at com.kms.katalon.core.main.TestCaseMain$startTestSuite$0.call(Unknown Source)
	at TempTestSuite1576951344125.run(TempTestSuite1576951344125.groovy:36)
Caused by: com.kms.katalon.core.webui.exception.WebElementNotFoundException: Web element with id: 'Object Repository/Page_ Town Square - FirstTeam Mattermost/span_Your status is set to Offline' located by 'By.xpath: //h1[@id='confirmModalLabel']/span' not found
	at com.kms.katalon.core.webui.common.WebUiCommonHelper.findWebElement(WebUiCommonHelper.java:1154)
	at com.kms.katalon.core.webui.keyword.internal.WebUIAbstractKeyword.findWebElement(WebUIAbstractKeyword.groovy:27)
	at com.kms.katalon.core.webui.keyword.internal.WebUIAbstractKeyword.findWebElement(WebUIAbstractKeyword.groovy:26)
	at com.kms.katalon.core.webui.keyword.builtin.ClickKeyword$_click_closure1.doCall(ClickKeyword.groovy:67)
	at com.kms.katalon.core.webui.keyword.builtin.ClickKeyword$_click_closure1.call(ClickKeyword.groovy)
	at com.kms.katalon.core.webui.keyword.internal.WebUIKeywordMain.runKeyword(WebUIKeywordMain.groovy:20)
	at com.kms.katalon.core.webui.keyword.builtin.ClickKeyword.click(ClickKeyword.groovy:102)
	at com.kms.katalon.core.webui.keyword.builtin.ClickKeyword.execute(ClickKeyword.groovy:43)
	at com.kms.katalon.core.keyword.internal.KeywordExecutor.executeKeywordForPlatform(KeywordExecutor.groovy:72)
	at com.kms.katalon.core.webui.keyword.WebUiBuiltInKeywords.click(WebUiBuiltInKeywords.groovy:616)
	at com.kms.katalon.core.webui.keyword.WebUiBuiltInKeywords$click$3.call(Unknown Source)
	at Script1576920635329.run(Script1576920635329.groovy:29)
	... 13 more
)

2019-12-22 01:38:19 - [MESSAGE][INFO] - Unable to find the element located by 'By.xpath: //h1[@id='confirmModalLabel']/span'. Please recheck the objects properties to make sure the desired element is located. 

2019-12-22 01:38:19 - [MESSAGE][INFO] - [SMART_XPATH] Auto-trying out other XPath values in the test object.

2019-12-22 01:38:19 - [MESSAGE][INFO] - [SMART_XPATH] FAILED XPATH: '//h1[@id='confirmModalLabel']/span'.

2019-12-22 01:38:19 - [MESSAGE][INFO] - [SMART_XPATH] FAILED XPATH: '(.//*[normalize-space(text()) and normalize-space(.)=concat('id(', '"', 'confirmModalLabel', '"', ')/span[1]')])[1]/following::span[1]'.

2019-12-22 01:38:19 - [MESSAGE][INFO] - [SMART_XPATH] FAILED XPATH: '(.//*[normalize-space(text()) and normalize-space(.)='Help'])[1]/following::span[2]'.

2019-12-22 01:38:19 - [MESSAGE][INFO] - [SMART_XPATH] FAILED XPATH: '(.//*[normalize-space(text()) and normalize-space(.)=concat('Would you like to switch your status to ', '"', 'Online', '"', '?')])[1]/preceding::span[1]'.

2019-12-22 01:38:19 - [MESSAGE][INFO] - [SMART_XPATH] FAILED XPATH: '(.//*[normalize-space(text()) and normalize-space(.)='Do not ask me again'])[1]/preceding::span[2]'.

2019-12-22 01:38:19 - [MESSAGE][INFO] - [SMART_XPATH] FAILED XPATH: '//*/text()[normalize-space(.)='Your status is set to "Offline"']/parent::*'.

2019-12-22 01:38:19 - [MESSAGE][INFO] - [SMART_XPATH] FAILED XPATH: '//h1/span'.

2019-12-22 01:38:19 - [MESSAGE][INFO] - [SMART_XPATH] No working XPath is found.

2019-12-22 01:38:19 - [MESSAGE][FAILED] - Unable to click on object 'Object Repository/Page_ Town Square - FirstTeam Mattermost/span_Your status is set to Offline' (Root cause: com.kms.katalon.core.exception.StepFailedException: Unable to click on object 'Object Repository/Page_ Town Square - FirstTeam Mattermost/span_Your status is set to Offline'
	at com.kms.katalon.core.webui.keyword.internal.WebUIKeywordMain.stepFailed(WebUIKeywordMain.groovy:64)
	at com.kms.katalon.core.webui.keyword.internal.WebUIKeywordMain.runKeyword(WebUIKeywordMain.groovy:26)
	at com.kms.katalon.core.webui.keyword.builtin.ClickKeyword.click(ClickKeyword.groovy:102)
	at com.kms.katalon.core.webui.keyword.builtin.ClickKeyword.execute(ClickKeyword.groovy:43)
	at com.kms.katalon.core.keyword.internal.KeywordExecutor.executeKeywordForPlatform(KeywordExecutor.groovy:72)
	at com.kms.katalon.core.webui.keyword.WebUiBuiltInKeywords.click(WebUiBuiltInKeywords.groovy:616)
	at com.kms.katalon.core.webui.keyword.WebUiBuiltInKeywords$click$3.call(Unknown Source)
	at TestCase43ShowPopupOfflineStatus.run(TestCase43ShowPopupOfflineStatus:29)
	at com.kms.katalon.core.main.ScriptEngine.run(ScriptEngine.java:194)
	at com.kms.katalon.core.main.ScriptEngine.runScriptAsRawText(ScriptEngine.java:119)
	at com.kms.katalon.core.main.TestCaseExecutor.runScript(TestCaseExecutor.java:337)
	at com.kms.katalon.core.main.TestCaseExecutor.doExecute(TestCaseExecutor.java:328)
	at com.kms.katalon.core.main.TestCaseExecutor.processExecutionPhase(TestCaseExecutor.java:307)
	at com.kms.katalon.core.main.TestCaseExecutor.accessMainPhase(TestCaseExecutor.java:299)
	at com.kms.katalon.core.main.TestCaseExecutor.execute(TestCaseExecutor.java:233)
	at com.kms.katalon.core.main.TestSuiteExecutor.accessTestCaseMainPhase(TestSuiteExecutor.java:169)
	at com.kms.katalon.core.main.TestSuiteExecutor.accessTestSuiteMainPhase(TestSuiteExecutor.java:142)
	at com.kms.katalon.core.main.TestSuiteExecutor.execute(TestSuiteExecutor.java:91)
	at com.kms.katalon.core.main.TestCaseMain.startTestSuite(TestCaseMain.java:157)
	at com.kms.katalon.core.main.TestCaseMain$startTestSuite$0.call(Unknown Source)
	at TempTestSuite1576951344125.run(TempTestSuite1576951344125.groovy:36)
Caused by: com.kms.katalon.core.webui.exception.WebElementNotFoundException: Web element with id: 'Object Repository/Page_ Town Square - FirstTeam Mattermost/span_Your status is set to Offline' located by 'By.xpath: //h1[@id='confirmModalLabel']/span' not found
	at com.kms.katalon.core.webui.common.WebUiCommonHelper.findWebElement(WebUiCommonHelper.java:1154)
	at com.kms.katalon.core.webui.keyword.internal.WebUIAbstractKeyword.findWebElement(WebUIAbstractKeyword.groovy:27)
	at com.kms.katalon.core.webui.keyword.internal.WebUIAbstractKeyword.findWebElement(WebUIAbstractKeyword.groovy:26)
	at com.kms.katalon.core.webui.keyword.builtin.ClickKeyword$_click_closure1.doCall(ClickKeyword.groovy:67)
	at com.kms.katalon.core.webui.keyword.builtin.ClickKeyword$_click_closure1.call(ClickKeyword.groovy)
	at com.kms.katalon.core.webui.keyword.internal.WebUIKeywordMain.runKeyword(WebUIKeywordMain.groovy:20)
	at com.kms.katalon.core.webui.keyword.builtin.ClickKeyword.click(ClickKeyword.groovy:102)
	at com.kms.katalon.core.webui.keyword.builtin.ClickKeyword.execute(ClickKeyword.groovy:43)
	at com.kms.katalon.core.keyword.internal.KeywordExecutor.executeKeywordForPlatform(KeywordExecutor.groovy:72)
	at com.kms.katalon.core.webui.keyword.WebUiBuiltInKeywords.click(WebUiBuiltInKeywords.groovy:616)
	at com.kms.katalon.core.webui.keyword.WebUiBuiltInKeywords$click$3.call(Unknown Source)
	at Script1576920635329.run(Script1576920635329.groovy:29)
	... 13 more
)
[[ATTACHMENT|D:\\Learning\\School\\2019-2020-HK1\\CS300\\CS300AutomaticWebTesting\\Reports\\20191222_010224\\Run All Test Cases\\20191222_010224\\1576953499736.png]]]]></system-out>
         <system-err><![CDATA[2019-12-22 01:37:29 - [TEST_CASE][FAILED] - Test Cases/TestCase43ShowPopupOfflineStatus: Test Cases/TestCase43ShowPopupOfflineStatus FAILED.
Reason:
com.kms.katalon.core.exception.StepFailedException: Unable to click on object 'Object Repository/Page_ Town Square - FirstTeam Mattermost/span_Your status is set to Offline'
	at com.kms.katalon.core.webui.keyword.internal.WebUIKeywordMain.stepFailed(WebUIKeywordMain.groovy:64)
	at com.kms.katalon.core.webui.keyword.internal.WebUIKeywordMain.runKeyword(WebUIKeywordMain.groovy:26)
	at com.kms.katalon.core.webui.keyword.builtin.ClickKeyword.click(ClickKeyword.groovy:102)
	at com.kms.katalon.core.webui.keyword.builtin.ClickKeyword.execute(ClickKeyword.groovy:43)
	at com.kms.katalon.core.keyword.internal.KeywordExecutor.executeKeywordForPlatform(KeywordExecutor.groovy:72)
	at com.kms.katalon.core.webui.keyword.WebUiBuiltInKeywords.click(WebUiBuiltInKeywords.groovy:616)
	at com.kms.katalon.core.webui.keyword.WebUiBuiltInKeywords$click$3.call(Unknown Source)
	at TestCase43ShowPopupOfflineStatus.run(TestCase43ShowPopupOfflineStatus:29)
	at com.kms.katalon.core.main.ScriptEngine.run(ScriptEngine.java:194)
	at com.kms.katalon.core.main.ScriptEngine.runScriptAsRawText(ScriptEngine.java:119)
	at com.kms.katalon.core.main.TestCaseExecutor.runScript(TestCaseExecutor.java:337)
	at com.kms.katalon.core.main.TestCaseExecutor.doExecute(TestCaseExecutor.java:328)
	at com.kms.katalon.core.main.TestCaseExecutor.processExecutionPhase(TestCaseExecutor.java:307)
	at com.kms.katalon.core.main.TestCaseExecutor.accessMainPhase(TestCaseExecutor.java:299)
	at com.kms.katalon.core.main.TestCaseExecutor.execute(TestCaseExecutor.java:233)
	at com.kms.katalon.core.main.TestSuiteExecutor.accessTestCaseMainPhase(TestSuiteExecutor.java:169)
	at com.kms.katalon.core.main.TestSuiteExecutor.accessTestSuiteMainPhase(TestSuiteExecutor.java:142)
	at com.kms.katalon.core.main.TestSuiteExecutor.execute(TestSuiteExecutor.java:91)
	at com.kms.katalon.core.main.TestCaseMain.startTestSuite(TestCaseMain.java:157)
	at com.kms.katalon.core.main.TestCaseMain$startTestSuite$0.call(Unknown Source)
	at TempTestSuite1576951344125.run(TempTestSuite1576951344125.groovy:36)
Caused by: com.kms.katalon.core.webui.exception.WebElementNotFoundException: Web element with id: 'Object Repository/Page_ Town Square - FirstTeam Mattermost/span_Your status is set to Offline' located by 'By.xpath: //h1[@id='confirmModalLabel']/span' not found
	at com.kms.katalon.core.webui.common.WebUiCommonHelper.findWebElement(WebUiCommonHelper.java:1154)
	at com.kms.katalon.core.webui.keyword.internal.WebUIAbstractKeyword.findWebElement(WebUIAbstractKeyword.groovy:27)
	at com.kms.katalon.core.webui.keyword.internal.WebUIAbstractKeyword.findWebElement(WebUIAbstractKeyword.groovy:26)
	at com.kms.katalon.core.webui.keyword.builtin.ClickKeyword$_click_closure1.doCall(ClickKeyword.groovy:67)
	at com.kms.katalon.core.webui.keyword.builtin.ClickKeyword$_click_closure1.call(ClickKeyword.groovy)
	at com.kms.katalon.core.webui.keyword.internal.WebUIKeywordMain.runKeyword(WebUIKeywordMain.groovy:20)
	... 19 more]]></system-err>
      </testcase>
      <testcase name="Test Cases/TestCase44UpdateStatusToDoNotDisturb" time="84.018" classname="Test Cases/TestCase44UpdateStatusToDoNotDisturb" status="FAILED">
         <failure type="FAILED" message="Test Cases/TestCase44UpdateStatusToDoNotDisturb FAILED.
Reason:
com.kms.katalon.core.exception.StepFailedException: Unable to click on object 'Object Repository/Page_ Town Square - FirstTeam Mattermost/button_Do Not DisturbDisables Desktop and P_5af217'
	at com.kms.katalon.core.webui.keyword.internal.WebUIKeywordMain.stepFailed(WebUIKeywordMain.groovy:64)
	at com.kms.katalon.core.webui.keyword.internal.WebUIKeywordMain.runKeyword(WebUIKeywordMain.groovy:26)
	at com.kms.katalon.core.webui.keyword.builtin.ClickKeyword.click(ClickKeyword.groovy:102)
	at com.kms.katalon.core.webui.keyword.builtin.ClickKeyword.execute(ClickKeyword.groovy:43)
	at com.kms.katalon.core.keyword.internal.KeywordExecutor.executeKeywordForPlatform(KeywordExecutor.groovy:72)
	at com.kms.katalon.core.webui.keyword.WebUiBuiltInKeywords.click(WebUiBuiltInKeywords.groovy:616)
	at com.kms.katalon.core.webui.keyword.WebUiBuiltInKeywords$click$3.call(Unknown Source)
	at TestCase44UpdateStatusToDoNotDisturb.run(TestCase44UpdateStatusToDoNotDisturb:31)
	at com.kms.katalon.core.main.ScriptEngine.run(ScriptEngine.java:194)
	at com.kms.katalon.core.main.ScriptEngine.runScriptAsRawText(ScriptEngine.java:119)
	at com.kms.katalon.core.main.TestCaseExecutor.runScript(TestCaseExecutor.java:337)
	at com.kms.katalon.core.main.TestCaseExecutor.doExecute(TestCaseExecutor.java:328)
	at com.kms.katalon.core.main.TestCaseExecutor.processExecutionPhase(TestCaseExecutor.java:307)
	at com.kms.katalon.core.main.TestCaseExecutor.accessMainPhase(TestCaseExecutor.java:299)
	at com.kms.katalon.core.main.TestCaseExecutor.execute(TestCaseExecutor.java:233)
	at com.kms.katalon.core.main.TestSuiteExecutor.accessTestCaseMainPhase(TestSuiteExecutor.java:169)
	at com.kms.katalon.core.main.TestSuiteExecutor.accessTestSuiteMainPhase(TestSuiteExecutor.java:142)
	at com.kms.katalon.core.main.TestSuiteExecutor.execute(TestSuiteExecutor.java:91)
	at com.kms.katalon.core.main.TestCaseMain.startTestSuite(TestCaseMain.java:157)
	at com.kms.katalon.core.main.TestCaseMain$startTestSuite$0.call(Unknown Source)
	at TempTestSuite1576951344125.run(TempTestSuite1576951344125.groovy:36)
Caused by: com.kms.katalon.core.webui.exception.WebElementNotFoundException: Web element with id: 'Object Repository/Page_ Town Square - FirstTeam Mattermost/button_Do Not DisturbDisables Desktop and P_5af217' located by 'By.xpath: //div[@id='lhsHeader']/div/div/ul/li[5]/button' not found
	at com.kms.katalon.core.webui.common.WebUiCommonHelper.findWebElement(WebUiCommonHelper.java:1154)
	at com.kms.katalon.core.webui.keyword.internal.WebUIAbstractKeyword.findWebElement(WebUIAbstractKeyword.groovy:27)
	at com.kms.katalon.core.webui.keyword.internal.WebUIAbstractKeyword.findWebElement(WebUIAbstractKeyword.groovy:26)
	at com.kms.katalon.core.webui.keyword.builtin.ClickKeyword$_click_closure1.doCall(ClickKeyword.groovy:67)
	at com.kms.katalon.core.webui.keyword.builtin.ClickKeyword$_click_closure1.call(ClickKeyword.groovy)
	at com.kms.katalon.core.webui.keyword.internal.WebUIKeywordMain.runKeyword(WebUIKeywordMain.groovy:20)
	... 19 more
"/>
         <system-out><![CDATA[2019-12-22 01:38:19 - [TEST_CASE][FAILED] - Test Cases/TestCase44UpdateStatusToDoNotDisturb: Test Cases/TestCase44UpdateStatusToDoNotDisturb FAILED.
Reason:
com.kms.katalon.core.exception.StepFailedException: Unable to click on object 'Object Repository/Page_ Town Square - FirstTeam Mattermost/button_Do Not DisturbDisables Desktop and P_5af217'
	at com.kms.katalon.core.webui.keyword.internal.WebUIKeywordMain.stepFailed(WebUIKeywordMain.groovy:64)
	at com.kms.katalon.core.webui.keyword.internal.WebUIKeywordMain.runKeyword(WebUIKeywordMain.groovy:26)
	at com.kms.katalon.core.webui.keyword.builtin.ClickKeyword.click(ClickKeyword.groovy:102)
	at com.kms.katalon.core.webui.keyword.builtin.ClickKeyword.execute(ClickKeyword.groovy:43)
	at com.kms.katalon.core.keyword.internal.KeywordExecutor.executeKeywordForPlatform(KeywordExecutor.groovy:72)
	at com.kms.katalon.core.webui.keyword.WebUiBuiltInKeywords.click(WebUiBuiltInKeywords.groovy:616)
	at com.kms.katalon.core.webui.keyword.WebUiBuiltInKeywords$click$3.call(Unknown Source)
	at TestCase44UpdateStatusToDoNotDisturb.run(TestCase44UpdateStatusToDoNotDisturb:31)
	at com.kms.katalon.core.main.ScriptEngine.run(ScriptEngine.java:194)
	at com.kms.katalon.core.main.ScriptEngine.runScriptAsRawText(ScriptEngine.java:119)
	at com.kms.katalon.core.main.TestCaseExecutor.runScript(TestCaseExecutor.java:337)
	at com.kms.katalon.core.main.TestCaseExecutor.doExecute(TestCaseExecutor.java:328)
	at com.kms.katalon.core.main.TestCaseExecutor.processExecutionPhase(TestCaseExecutor.java:307)
	at com.kms.katalon.core.main.TestCaseExecutor.accessMainPhase(TestCaseExecutor.java:299)
	at com.kms.katalon.core.main.TestCaseExecutor.execute(TestCaseExecutor.java:233)
	at com.kms.katalon.core.main.TestSuiteExecutor.accessTestCaseMainPhase(TestSuiteExecutor.java:169)
	at com.kms.katalon.core.main.TestSuiteExecutor.accessTestSuiteMainPhase(TestSuiteExecutor.java:142)
	at com.kms.katalon.core.main.TestSuiteExecutor.execute(TestSuiteExecutor.java:91)
	at com.kms.katalon.core.main.TestCaseMain.startTestSuite(TestCaseMain.java:157)
	at com.kms.katalon.core.main.TestCaseMain$startTestSuite$0.call(Unknown Source)
	at TempTestSuite1576951344125.run(TempTestSuite1576951344125.groovy:36)
Caused by: com.kms.katalon.core.webui.exception.WebElementNotFoundException: Web element with id: 'Object Repository/Page_ Town Square - FirstTeam Mattermost/button_Do Not DisturbDisables Desktop and P_5af217' located by 'By.xpath: //div[@id='lhsHeader']/div/div/ul/li[5]/button' not found
	at com.kms.katalon.core.webui.common.WebUiCommonHelper.findWebElement(WebUiCommonHelper.java:1154)
	at com.kms.katalon.core.webui.keyword.internal.WebUIAbstractKeyword.findWebElement(WebUIAbstractKeyword.groovy:27)
	at com.kms.katalon.core.webui.keyword.internal.WebUIAbstractKeyword.findWebElement(WebUIAbstractKeyword.groovy:26)
	at com.kms.katalon.core.webui.keyword.builtin.ClickKeyword$_click_closure1.doCall(ClickKeyword.groovy:67)
	at com.kms.katalon.core.webui.keyword.builtin.ClickKeyword$_click_closure1.call(ClickKeyword.groovy)
	at com.kms.katalon.core.webui.keyword.internal.WebUIKeywordMain.runKeyword(WebUIKeywordMain.groovy:20)
	... 19 more


2019-12-22 01:38:20 - [TEST_STEP][PASSED] - openBrowser(""): Browser is opened with url: ''

2019-12-22 01:38:20 - [MESSAGE][WARNING] - A browser is already opened. Closing browser and opening a new one

2019-12-22 01:38:23 - [MESSAGE][INFO] - Starting 'Firefox (headless)' driver

2019-12-22 01:38:28 - [MESSAGE][PASSED] - Browser is opened with url: ''

2019-12-22 01:38:28 - [TEST_STEP][PASSED] - navigateToUrl("https://cs300testautomatic.herokuapp.com/"): Navigate to 'https://cs300testautomatic.herokuapp.com/' successfully

2019-12-22 01:38:33 - [MESSAGE][PASSED] - Navigate to 'https://cs300testautomatic.herokuapp.com/' successfully

2019-12-22 01:38:33 - [TEST_STEP][PASSED] - setText(findTestObject("Page_Mattermost/input_All team communication in one place s_703ef5 (30)"), "giabeuu@gmail.com"): Text 'giabeuu@gmail.com' is set on object 'Object Repository/Page_Mattermost/input_All team communication in one place s_703ef5 (30)'

2019-12-22 01:38:38 - [MESSAGE][PASSED] - Text 'giabeuu@gmail.com' is set on object 'Object Repository/Page_Mattermost/input_All team communication in one place s_703ef5 (30)'

2019-12-22 01:38:38 - [TEST_STEP][PASSED] - setEncryptedText(findTestObject("Page_Mattermost/input_All team communication in one place s_2f2733 (30)"), "GoUae4B8Jrc="): Text ****** has been set on object 'Object Repository/Page_Mattermost/input_All team communication in one place s_2f2733 (30)'

2019-12-22 01:38:38 - [MESSAGE][PASSED] - Text ****** has been set on object 'Object Repository/Page_Mattermost/input_All team communication in one place s_2f2733 (30)'

2019-12-22 01:38:38 - [TEST_STEP][PASSED] - click(findTestObject("Page_Mattermost/button_Sign in (19)")): Object: 'Object Repository/Page_Mattermost/button_Sign in (19)' is clicked on

2019-12-22 01:38:38 - [MESSAGE][PASSED] - Object: 'Object Repository/Page_Mattermost/button_Sign in (19)' is clicked on

2019-12-22 01:38:38 - [TEST_STEP][PASSED] - click(findTestObject("Page_ Town Square - FirstTeam Mattermost/span__status status-edit edit (1)")): Object: 'Object Repository/Page_ Town Square - FirstTeam Mattermost/span__status status-edit edit (1)' is clicked on

2019-12-22 01:38:41 - [MESSAGE][ERROR] - TypeError: rect is undefined
Build info: version: '3.141.59', revision: 'e82be7d358', time: '2018-11-14T08:25:53'
System info: host: 'DESKTOP-O368F3Q', ip: '192.168.0.107', os.name: 'Windows 10', os.arch: 'amd64', os.version: '10.0', java.version: '1.8.0_181'
Driver info: com.kms.katalon.core.webui.driver.firefox.CGeckoDriver
Capabilities {acceptInsecureCerts: true, browserName: firefox, browserVersion: 71.0, javascriptEnabled: true, moz:accessibilityChecks: false, moz:buildID: 20191202093317, moz:geckodriverVersion: 0.23.0, moz:headless: true, moz:processID: 6512, moz:profile: C:\Users\ASUS\AppData\Local..., moz:shutdownTimeout: 60000, moz:useNonSpecCompliantPointerOrigin: false, moz:webdriverClick: true, pageLoadStrategy: normal, platform: WINDOWS, platformName: WINDOWS, platformVersion: 10.0, proxy: Proxy(direct), rotatable: false, setWindowRect: true, strictFileInteractability: false, timeouts: {implicit: 0, pageLoad: 300000, script: 30000}, unhandledPromptBehavior: dismiss and notify}
Session ID: 230bfdc6-7f0c-44a3-895b-a72e684d7489

2019-12-22 01:39:11 - [MESSAGE][ERROR] - TypeError: rect is undefined
Build info: version: '3.141.59', revision: 'e82be7d358', time: '2018-11-14T08:25:53'
System info: host: 'DESKTOP-O368F3Q', ip: '192.168.0.107', os.name: 'Windows 10', os.arch: 'amd64', os.version: '10.0', java.version: '1.8.0_181'
Driver info: com.kms.katalon.core.webui.driver.firefox.CGeckoDriver
Capabilities {acceptInsecureCerts: true, browserName: firefox, browserVersion: 71.0, javascriptEnabled: true, moz:accessibilityChecks: false, moz:buildID: 20191202093317, moz:geckodriverVersion: 0.23.0, moz:headless: true, moz:processID: 6512, moz:profile: C:\Users\ASUS\AppData\Local..., moz:shutdownTimeout: 60000, moz:useNonSpecCompliantPointerOrigin: false, moz:webdriverClick: true, pageLoadStrategy: normal, platform: WINDOWS, platformName: WINDOWS, platformVersion: 10.0, proxy: Proxy(direct), rotatable: false, setWindowRect: true, strictFileInteractability: false, timeouts: {implicit: 0, pageLoad: 300000, script: 30000}, unhandledPromptBehavior: dismiss and notify}
Session ID: 230bfdc6-7f0c-44a3-895b-a72e684d7489

2019-12-22 01:39:11 - [MESSAGE][PASSED] - Object: 'Object Repository/Page_ Town Square - FirstTeam Mattermost/span__status status-edit edit (1)' is clicked on

2019-12-22 01:39:11 - [TEST_STEP][FAILED] - click(findTestObject("Object Repository/Page_ Town Square - FirstTeam Mattermost/button_Do Not DisturbDisables Desktop and P_5af217")): Unable to click on object 'Object Repository/Page_ Town Square - FirstTeam Mattermost/button_Do Not DisturbDisables Desktop and P_5af217' (Root cause: com.kms.katalon.core.exception.StepFailedException: Unable to click on object 'Object Repository/Page_ Town Square - FirstTeam Mattermost/button_Do Not DisturbDisables Desktop and P_5af217'
	at com.kms.katalon.core.webui.keyword.internal.WebUIKeywordMain.stepFailed(WebUIKeywordMain.groovy:64)
	at com.kms.katalon.core.webui.keyword.internal.WebUIKeywordMain.runKeyword(WebUIKeywordMain.groovy:26)
	at com.kms.katalon.core.webui.keyword.builtin.ClickKeyword.click(ClickKeyword.groovy:102)
	at com.kms.katalon.core.webui.keyword.builtin.ClickKeyword.execute(ClickKeyword.groovy:43)
	at com.kms.katalon.core.keyword.internal.KeywordExecutor.executeKeywordForPlatform(KeywordExecutor.groovy:72)
	at com.kms.katalon.core.webui.keyword.WebUiBuiltInKeywords.click(WebUiBuiltInKeywords.groovy:616)
	at com.kms.katalon.core.webui.keyword.WebUiBuiltInKeywords$click$3.call(Unknown Source)
	at TestCase44UpdateStatusToDoNotDisturb.run(TestCase44UpdateStatusToDoNotDisturb:31)
	at com.kms.katalon.core.main.ScriptEngine.run(ScriptEngine.java:194)
	at com.kms.katalon.core.main.ScriptEngine.runScriptAsRawText(ScriptEngine.java:119)
	at com.kms.katalon.core.main.TestCaseExecutor.runScript(TestCaseExecutor.java:337)
	at com.kms.katalon.core.main.TestCaseExecutor.doExecute(TestCaseExecutor.java:328)
	at com.kms.katalon.core.main.TestCaseExecutor.processExecutionPhase(TestCaseExecutor.java:307)
	at com.kms.katalon.core.main.TestCaseExecutor.accessMainPhase(TestCaseExecutor.java:299)
	at com.kms.katalon.core.main.TestCaseExecutor.execute(TestCaseExecutor.java:233)
	at com.kms.katalon.core.main.TestSuiteExecutor.accessTestCaseMainPhase(TestSuiteExecutor.java:169)
	at com.kms.katalon.core.main.TestSuiteExecutor.accessTestSuiteMainPhase(TestSuiteExecutor.java:142)
	at com.kms.katalon.core.main.TestSuiteExecutor.execute(TestSuiteExecutor.java:91)
	at com.kms.katalon.core.main.TestCaseMain.startTestSuite(TestCaseMain.java:157)
	at com.kms.katalon.core.main.TestCaseMain$startTestSuite$0.call(Unknown Source)
	at TempTestSuite1576951344125.run(TempTestSuite1576951344125.groovy:36)
Caused by: com.kms.katalon.core.webui.exception.WebElementNotFoundException: Web element with id: 'Object Repository/Page_ Town Square - FirstTeam Mattermost/button_Do Not DisturbDisables Desktop and P_5af217' located by 'By.xpath: //div[@id='lhsHeader']/div/div/ul/li[5]/button' not found
	at com.kms.katalon.core.webui.common.WebUiCommonHelper.findWebElement(WebUiCommonHelper.java:1154)
	at com.kms.katalon.core.webui.keyword.internal.WebUIAbstractKeyword.findWebElement(WebUIAbstractKeyword.groovy:27)
	at com.kms.katalon.core.webui.keyword.internal.WebUIAbstractKeyword.findWebElement(WebUIAbstractKeyword.groovy:26)
	at com.kms.katalon.core.webui.keyword.builtin.ClickKeyword$_click_closure1.doCall(ClickKeyword.groovy:67)
	at com.kms.katalon.core.webui.keyword.builtin.ClickKeyword$_click_closure1.call(ClickKeyword.groovy)
	at com.kms.katalon.core.webui.keyword.internal.WebUIKeywordMain.runKeyword(WebUIKeywordMain.groovy:20)
	at com.kms.katalon.core.webui.keyword.builtin.ClickKeyword.click(ClickKeyword.groovy:102)
	at com.kms.katalon.core.webui.keyword.builtin.ClickKeyword.execute(ClickKeyword.groovy:43)
	at com.kms.katalon.core.keyword.internal.KeywordExecutor.executeKeywordForPlatform(KeywordExecutor.groovy:72)
	at com.kms.katalon.core.webui.keyword.WebUiBuiltInKeywords.click(WebUiBuiltInKeywords.groovy:616)
	at com.kms.katalon.core.webui.keyword.WebUiBuiltInKeywords$click$3.call(Unknown Source)
	at Script1576920780920.run(Script1576920780920.groovy:31)
	... 13 more
)

2019-12-22 01:39:43 - [MESSAGE][INFO] - Unable to find the element located by 'By.xpath: //div[@id='lhsHeader']/div/div/ul/li[5]/button'. Please recheck the objects properties to make sure the desired element is located. 

2019-12-22 01:39:43 - [MESSAGE][INFO] - [SMART_XPATH] Auto-trying out other XPath values in the test object.

2019-12-22 01:39:43 - [MESSAGE][INFO] - [SMART_XPATH] FAILED XPATH: '//div[@id='lhsHeader']/div/div/ul/li[5]/button'.

2019-12-22 01:39:43 - [MESSAGE][INFO] - [SMART_XPATH] FAILED XPATH: '(.//*[normalize-space(text()) and normalize-space(.)='Away'])[1]/following::button[1]'.

2019-12-22 01:39:43 - [MESSAGE][INFO] - [SMART_XPATH] FAILED XPATH: '(.//*[normalize-space(text()) and normalize-space(.)='Online'])[1]/following::button[2]'.

2019-12-22 01:39:43 - [MESSAGE][INFO] - [SMART_XPATH] FAILED XPATH: '(.//*[normalize-space(text()) and normalize-space(.)='Offline'])[1]/preceding::button[1]'.

2019-12-22 01:39:43 - [MESSAGE][INFO] - [SMART_XPATH] FAILED XPATH: '//*/text()[normalize-space(.)='Do Not Disturb']/parent::*'.

2019-12-22 01:39:43 - [MESSAGE][INFO] - [SMART_XPATH] FAILED XPATH: '//li[5]/button'.

2019-12-22 01:39:43 - [MESSAGE][INFO] - [SMART_XPATH] No working XPath is found.

2019-12-22 01:39:43 - [MESSAGE][FAILED] - Unable to click on object 'Object Repository/Page_ Town Square - FirstTeam Mattermost/button_Do Not DisturbDisables Desktop and P_5af217' (Root cause: com.kms.katalon.core.exception.StepFailedException: Unable to click on object 'Object Repository/Page_ Town Square - FirstTeam Mattermost/button_Do Not DisturbDisables Desktop and P_5af217'
	at com.kms.katalon.core.webui.keyword.internal.WebUIKeywordMain.stepFailed(WebUIKeywordMain.groovy:64)
	at com.kms.katalon.core.webui.keyword.internal.WebUIKeywordMain.runKeyword(WebUIKeywordMain.groovy:26)
	at com.kms.katalon.core.webui.keyword.builtin.ClickKeyword.click(ClickKeyword.groovy:102)
	at com.kms.katalon.core.webui.keyword.builtin.ClickKeyword.execute(ClickKeyword.groovy:43)
	at com.kms.katalon.core.keyword.internal.KeywordExecutor.executeKeywordForPlatform(KeywordExecutor.groovy:72)
	at com.kms.katalon.core.webui.keyword.WebUiBuiltInKeywords.click(WebUiBuiltInKeywords.groovy:616)
	at com.kms.katalon.core.webui.keyword.WebUiBuiltInKeywords$click$3.call(Unknown Source)
	at TestCase44UpdateStatusToDoNotDisturb.run(TestCase44UpdateStatusToDoNotDisturb:31)
	at com.kms.katalon.core.main.ScriptEngine.run(ScriptEngine.java:194)
	at com.kms.katalon.core.main.ScriptEngine.runScriptAsRawText(ScriptEngine.java:119)
	at com.kms.katalon.core.main.TestCaseExecutor.runScript(TestCaseExecutor.java:337)
	at com.kms.katalon.core.main.TestCaseExecutor.doExecute(TestCaseExecutor.java:328)
	at com.kms.katalon.core.main.TestCaseExecutor.processExecutionPhase(TestCaseExecutor.java:307)
	at com.kms.katalon.core.main.TestCaseExecutor.accessMainPhase(TestCaseExecutor.java:299)
	at com.kms.katalon.core.main.TestCaseExecutor.execute(TestCaseExecutor.java:233)
	at com.kms.katalon.core.main.TestSuiteExecutor.accessTestCaseMainPhase(TestSuiteExecutor.java:169)
	at com.kms.katalon.core.main.TestSuiteExecutor.accessTestSuiteMainPhase(TestSuiteExecutor.java:142)
	at com.kms.katalon.core.main.TestSuiteExecutor.execute(TestSuiteExecutor.java:91)
	at com.kms.katalon.core.main.TestCaseMain.startTestSuite(TestCaseMain.java:157)
	at com.kms.katalon.core.main.TestCaseMain$startTestSuite$0.call(Unknown Source)
	at TempTestSuite1576951344125.run(TempTestSuite1576951344125.groovy:36)
Caused by: com.kms.katalon.core.webui.exception.WebElementNotFoundException: Web element with id: 'Object Repository/Page_ Town Square - FirstTeam Mattermost/button_Do Not DisturbDisables Desktop and P_5af217' located by 'By.xpath: //div[@id='lhsHeader']/div/div/ul/li[5]/button' not found
	at com.kms.katalon.core.webui.common.WebUiCommonHelper.findWebElement(WebUiCommonHelper.java:1154)
	at com.kms.katalon.core.webui.keyword.internal.WebUIAbstractKeyword.findWebElement(WebUIAbstractKeyword.groovy:27)
	at com.kms.katalon.core.webui.keyword.internal.WebUIAbstractKeyword.findWebElement(WebUIAbstractKeyword.groovy:26)
	at com.kms.katalon.core.webui.keyword.builtin.ClickKeyword$_click_closure1.doCall(ClickKeyword.groovy:67)
	at com.kms.katalon.core.webui.keyword.builtin.ClickKeyword$_click_closure1.call(ClickKeyword.groovy)
	at com.kms.katalon.core.webui.keyword.internal.WebUIKeywordMain.runKeyword(WebUIKeywordMain.groovy:20)
	at com.kms.katalon.core.webui.keyword.builtin.ClickKeyword.click(ClickKeyword.groovy:102)
	at com.kms.katalon.core.webui.keyword.builtin.ClickKeyword.execute(ClickKeyword.groovy:43)
	at com.kms.katalon.core.keyword.internal.KeywordExecutor.executeKeywordForPlatform(KeywordExecutor.groovy:72)
	at com.kms.katalon.core.webui.keyword.WebUiBuiltInKeywords.click(WebUiBuiltInKeywords.groovy:616)
	at com.kms.katalon.core.webui.keyword.WebUiBuiltInKeywords$click$3.call(Unknown Source)
	at Script1576920780920.run(Script1576920780920.groovy:31)
	... 13 more
)
[[ATTACHMENT|D:\\Learning\\School\\2019-2020-HK1\\CS300\\CS300AutomaticWebTesting\\Reports\\20191222_010224\\Run All Test Cases\\20191222_010224\\1576953583665.png]]]]></system-out>
         <system-err><![CDATA[2019-12-22 01:38:19 - [TEST_CASE][FAILED] - Test Cases/TestCase44UpdateStatusToDoNotDisturb: Test Cases/TestCase44UpdateStatusToDoNotDisturb FAILED.
Reason:
com.kms.katalon.core.exception.StepFailedException: Unable to click on object 'Object Repository/Page_ Town Square - FirstTeam Mattermost/button_Do Not DisturbDisables Desktop and P_5af217'
	at com.kms.katalon.core.webui.keyword.internal.WebUIKeywordMain.stepFailed(WebUIKeywordMain.groovy:64)
	at com.kms.katalon.core.webui.keyword.internal.WebUIKeywordMain.runKeyword(WebUIKeywordMain.groovy:26)
	at com.kms.katalon.core.webui.keyword.builtin.ClickKeyword.click(ClickKeyword.groovy:102)
	at com.kms.katalon.core.webui.keyword.builtin.ClickKeyword.execute(ClickKeyword.groovy:43)
	at com.kms.katalon.core.keyword.internal.KeywordExecutor.executeKeywordForPlatform(KeywordExecutor.groovy:72)
	at com.kms.katalon.core.webui.keyword.WebUiBuiltInKeywords.click(WebUiBuiltInKeywords.groovy:616)
	at com.kms.katalon.core.webui.keyword.WebUiBuiltInKeywords$click$3.call(Unknown Source)
	at TestCase44UpdateStatusToDoNotDisturb.run(TestCase44UpdateStatusToDoNotDisturb:31)
	at com.kms.katalon.core.main.ScriptEngine.run(ScriptEngine.java:194)
	at com.kms.katalon.core.main.ScriptEngine.runScriptAsRawText(ScriptEngine.java:119)
	at com.kms.katalon.core.main.TestCaseExecutor.runScript(TestCaseExecutor.java:337)
	at com.kms.katalon.core.main.TestCaseExecutor.doExecute(TestCaseExecutor.java:328)
	at com.kms.katalon.core.main.TestCaseExecutor.processExecutionPhase(TestCaseExecutor.java:307)
	at com.kms.katalon.core.main.TestCaseExecutor.accessMainPhase(TestCaseExecutor.java:299)
	at com.kms.katalon.core.main.TestCaseExecutor.execute(TestCaseExecutor.java:233)
	at com.kms.katalon.core.main.TestSuiteExecutor.accessTestCaseMainPhase(TestSuiteExecutor.java:169)
	at com.kms.katalon.core.main.TestSuiteExecutor.accessTestSuiteMainPhase(TestSuiteExecutor.java:142)
	at com.kms.katalon.core.main.TestSuiteExecutor.execute(TestSuiteExecutor.java:91)
	at com.kms.katalon.core.main.TestCaseMain.startTestSuite(TestCaseMain.java:157)
	at com.kms.katalon.core.main.TestCaseMain$startTestSuite$0.call(Unknown Source)
	at TempTestSuite1576951344125.run(TempTestSuite1576951344125.groovy:36)
Caused by: com.kms.katalon.core.webui.exception.WebElementNotFoundException: Web element with id: 'Object Repository/Page_ Town Square - FirstTeam Mattermost/button_Do Not DisturbDisables Desktop and P_5af217' located by 'By.xpath: //div[@id='lhsHeader']/div/div/ul/li[5]/button' not found
	at com.kms.katalon.core.webui.common.WebUiCommonHelper.findWebElement(WebUiCommonHelper.java:1154)
	at com.kms.katalon.core.webui.keyword.internal.WebUIAbstractKeyword.findWebElement(WebUIAbstractKeyword.groovy:27)
	at com.kms.katalon.core.webui.keyword.internal.WebUIAbstractKeyword.findWebElement(WebUIAbstractKeyword.groovy:26)
	at com.kms.katalon.core.webui.keyword.builtin.ClickKeyword$_click_closure1.doCall(ClickKeyword.groovy:67)
	at com.kms.katalon.core.webui.keyword.builtin.ClickKeyword$_click_closure1.call(ClickKeyword.groovy)
	at com.kms.katalon.core.webui.keyword.internal.WebUIKeywordMain.runKeyword(WebUIKeywordMain.groovy:20)
	... 19 more]]></system-err>
      </testcase>
      <testcase name="Test Cases/TestCase45ShowPopupDoNotDisturbStatus" time="52.681" classname="Test Cases/TestCase45ShowPopupDoNotDisturbStatus" status="FAILED">
         <failure type="FAILED" message="Test Cases/TestCase45ShowPopupDoNotDisturbStatus FAILED.
Reason:
com.kms.katalon.core.exception.StepFailedException: Unable to click on object 'Object Repository/Page_ Town Square - FirstTeam Mattermost/span_Your status is set to Do Not Disturb'
	at com.kms.katalon.core.webui.keyword.internal.WebUIKeywordMain.stepFailed(WebUIKeywordMain.groovy:64)
	at com.kms.katalon.core.webui.keyword.internal.WebUIKeywordMain.runKeyword(WebUIKeywordMain.groovy:26)
	at com.kms.katalon.core.webui.keyword.builtin.ClickKeyword.click(ClickKeyword.groovy:102)
	at com.kms.katalon.core.webui.keyword.builtin.ClickKeyword.execute(ClickKeyword.groovy:43)
	at com.kms.katalon.core.keyword.internal.KeywordExecutor.executeKeywordForPlatform(KeywordExecutor.groovy:72)
	at com.kms.katalon.core.webui.keyword.WebUiBuiltInKeywords.click(WebUiBuiltInKeywords.groovy:616)
	at com.kms.katalon.core.webui.keyword.WebUiBuiltInKeywords$click$3.call(Unknown Source)
	at TestCase45ShowPopupDoNotDisturbStatus.run(TestCase45ShowPopupDoNotDisturbStatus:29)
	at com.kms.katalon.core.main.ScriptEngine.run(ScriptEngine.java:194)
	at com.kms.katalon.core.main.ScriptEngine.runScriptAsRawText(ScriptEngine.java:119)
	at com.kms.katalon.core.main.TestCaseExecutor.runScript(TestCaseExecutor.java:337)
	at com.kms.katalon.core.main.TestCaseExecutor.doExecute(TestCaseExecutor.java:328)
	at com.kms.katalon.core.main.TestCaseExecutor.processExecutionPhase(TestCaseExecutor.java:307)
	at com.kms.katalon.core.main.TestCaseExecutor.accessMainPhase(TestCaseExecutor.java:299)
	at com.kms.katalon.core.main.TestCaseExecutor.execute(TestCaseExecutor.java:233)
	at com.kms.katalon.core.main.TestSuiteExecutor.accessTestCaseMainPhase(TestSuiteExecutor.java:169)
	at com.kms.katalon.core.main.TestSuiteExecutor.accessTestSuiteMainPhase(TestSuiteExecutor.java:142)
	at com.kms.katalon.core.main.TestSuiteExecutor.execute(TestSuiteExecutor.java:91)
	at com.kms.katalon.core.main.TestCaseMain.startTestSuite(TestCaseMain.java:157)
	at com.kms.katalon.core.main.TestCaseMain$startTestSuite$0.call(Unknown Source)
	at TempTestSuite1576951344125.run(TempTestSuite1576951344125.groovy:36)
Caused by: com.kms.katalon.core.webui.exception.WebElementNotFoundException: Web element with id: 'Object Repository/Page_ Town Square - FirstTeam Mattermost/span_Your status is set to Do Not Disturb' located by 'By.xpath: //h1[@id='confirmModalLabel']/span' not found
	at com.kms.katalon.core.webui.common.WebUiCommonHelper.findWebElement(WebUiCommonHelper.java:1154)
	at com.kms.katalon.core.webui.keyword.internal.WebUIAbstractKeyword.findWebElement(WebUIAbstractKeyword.groovy:27)
	at com.kms.katalon.core.webui.keyword.internal.WebUIAbstractKeyword.findWebElement(WebUIAbstractKeyword.groovy:26)
	at com.kms.katalon.core.webui.keyword.builtin.ClickKeyword$_click_closure1.doCall(ClickKeyword.groovy:67)
	at com.kms.katalon.core.webui.keyword.builtin.ClickKeyword$_click_closure1.call(ClickKeyword.groovy)
	at com.kms.katalon.core.webui.keyword.internal.WebUIKeywordMain.runKeyword(WebUIKeywordMain.groovy:20)
	... 19 more
"/>
         <system-out><![CDATA[2019-12-22 01:39:43 - [TEST_CASE][FAILED] - Test Cases/TestCase45ShowPopupDoNotDisturbStatus: Test Cases/TestCase45ShowPopupDoNotDisturbStatus FAILED.
Reason:
com.kms.katalon.core.exception.StepFailedException: Unable to click on object 'Object Repository/Page_ Town Square - FirstTeam Mattermost/span_Your status is set to Do Not Disturb'
	at com.kms.katalon.core.webui.keyword.internal.WebUIKeywordMain.stepFailed(WebUIKeywordMain.groovy:64)
	at com.kms.katalon.core.webui.keyword.internal.WebUIKeywordMain.runKeyword(WebUIKeywordMain.groovy:26)
	at com.kms.katalon.core.webui.keyword.builtin.ClickKeyword.click(ClickKeyword.groovy:102)
	at com.kms.katalon.core.webui.keyword.builtin.ClickKeyword.execute(ClickKeyword.groovy:43)
	at com.kms.katalon.core.keyword.internal.KeywordExecutor.executeKeywordForPlatform(KeywordExecutor.groovy:72)
	at com.kms.katalon.core.webui.keyword.WebUiBuiltInKeywords.click(WebUiBuiltInKeywords.groovy:616)
	at com.kms.katalon.core.webui.keyword.WebUiBuiltInKeywords$click$3.call(Unknown Source)
	at TestCase45ShowPopupDoNotDisturbStatus.run(TestCase45ShowPopupDoNotDisturbStatus:29)
	at com.kms.katalon.core.main.ScriptEngine.run(ScriptEngine.java:194)
	at com.kms.katalon.core.main.ScriptEngine.runScriptAsRawText(ScriptEngine.java:119)
	at com.kms.katalon.core.main.TestCaseExecutor.runScript(TestCaseExecutor.java:337)
	at com.kms.katalon.core.main.TestCaseExecutor.doExecute(TestCaseExecutor.java:328)
	at com.kms.katalon.core.main.TestCaseExecutor.processExecutionPhase(TestCaseExecutor.java:307)
	at com.kms.katalon.core.main.TestCaseExecutor.accessMainPhase(TestCaseExecutor.java:299)
	at com.kms.katalon.core.main.TestCaseExecutor.execute(TestCaseExecutor.java:233)
	at com.kms.katalon.core.main.TestSuiteExecutor.accessTestCaseMainPhase(TestSuiteExecutor.java:169)
	at com.kms.katalon.core.main.TestSuiteExecutor.accessTestSuiteMainPhase(TestSuiteExecutor.java:142)
	at com.kms.katalon.core.main.TestSuiteExecutor.execute(TestSuiteExecutor.java:91)
	at com.kms.katalon.core.main.TestCaseMain.startTestSuite(TestCaseMain.java:157)
	at com.kms.katalon.core.main.TestCaseMain$startTestSuite$0.call(Unknown Source)
	at TempTestSuite1576951344125.run(TempTestSuite1576951344125.groovy:36)
Caused by: com.kms.katalon.core.webui.exception.WebElementNotFoundException: Web element with id: 'Object Repository/Page_ Town Square - FirstTeam Mattermost/span_Your status is set to Do Not Disturb' located by 'By.xpath: //h1[@id='confirmModalLabel']/span' not found
	at com.kms.katalon.core.webui.common.WebUiCommonHelper.findWebElement(WebUiCommonHelper.java:1154)
	at com.kms.katalon.core.webui.keyword.internal.WebUIAbstractKeyword.findWebElement(WebUIAbstractKeyword.groovy:27)
	at com.kms.katalon.core.webui.keyword.internal.WebUIAbstractKeyword.findWebElement(WebUIAbstractKeyword.groovy:26)
	at com.kms.katalon.core.webui.keyword.builtin.ClickKeyword$_click_closure1.doCall(ClickKeyword.groovy:67)
	at com.kms.katalon.core.webui.keyword.builtin.ClickKeyword$_click_closure1.call(ClickKeyword.groovy)
	at com.kms.katalon.core.webui.keyword.internal.WebUIKeywordMain.runKeyword(WebUIKeywordMain.groovy:20)
	... 19 more


2019-12-22 01:39:44 - [TEST_STEP][PASSED] - openBrowser(""): Browser is opened with url: ''

2019-12-22 01:39:44 - [MESSAGE][WARNING] - A browser is already opened. Closing browser and opening a new one

2019-12-22 01:39:46 - [MESSAGE][INFO] - Starting 'Firefox (headless)' driver

2019-12-22 01:39:53 - [MESSAGE][PASSED] - Browser is opened with url: ''

2019-12-22 01:39:53 - [TEST_STEP][PASSED] - navigateToUrl("https://cs300testautomatic.herokuapp.com/"): Navigate to 'https://cs300testautomatic.herokuapp.com/' successfully

2019-12-22 01:39:59 - [MESSAGE][PASSED] - Navigate to 'https://cs300testautomatic.herokuapp.com/' successfully

2019-12-22 01:39:59 - [TEST_STEP][PASSED] - setText(findTestObject("Page_Mattermost/input_All team communication in one place s_703ef5 (31)"), "giabeuu@gmail.com"): Text 'giabeuu@gmail.com' is set on object 'Object Repository/Page_Mattermost/input_All team communication in one place s_703ef5 (31)'

2019-12-22 01:40:04 - [MESSAGE][PASSED] - Text 'giabeuu@gmail.com' is set on object 'Object Repository/Page_Mattermost/input_All team communication in one place s_703ef5 (31)'

2019-12-22 01:40:04 - [TEST_STEP][PASSED] - setEncryptedText(findTestObject("Page_Mattermost/input_All team communication in one place s_2f2733 (31)"), "GoUae4B8Jrc="): Text ****** has been set on object 'Object Repository/Page_Mattermost/input_All team communication in one place s_2f2733 (31)'

2019-12-22 01:40:04 - [MESSAGE][PASSED] - Text ****** has been set on object 'Object Repository/Page_Mattermost/input_All team communication in one place s_2f2733 (31)'

2019-12-22 01:40:04 - [TEST_STEP][PASSED] - click(findTestObject("Page_Mattermost/button_Sign in (20)")): Object: 'Object Repository/Page_Mattermost/button_Sign in (20)' is clicked on

2019-12-22 01:40:05 - [MESSAGE][PASSED] - Object: 'Object Repository/Page_Mattermost/button_Sign in (20)' is clicked on

2019-12-22 01:40:05 - [TEST_STEP][FAILED] - click(findTestObject("Object Repository/Page_ Town Square - FirstTeam Mattermost/span_Your status is set to Do Not Disturb")): Unable to click on object 'Object Repository/Page_ Town Square - FirstTeam Mattermost/span_Your status is set to Do Not Disturb' (Root cause: com.kms.katalon.core.exception.StepFailedException: Unable to click on object 'Object Repository/Page_ Town Square - FirstTeam Mattermost/span_Your status is set to Do Not Disturb'
	at com.kms.katalon.core.webui.keyword.internal.WebUIKeywordMain.stepFailed(WebUIKeywordMain.groovy:64)
	at com.kms.katalon.core.webui.keyword.internal.WebUIKeywordMain.runKeyword(WebUIKeywordMain.groovy:26)
	at com.kms.katalon.core.webui.keyword.builtin.ClickKeyword.click(ClickKeyword.groovy:102)
	at com.kms.katalon.core.webui.keyword.builtin.ClickKeyword.execute(ClickKeyword.groovy:43)
	at com.kms.katalon.core.keyword.internal.KeywordExecutor.executeKeywordForPlatform(KeywordExecutor.groovy:72)
	at com.kms.katalon.core.webui.keyword.WebUiBuiltInKeywords.click(WebUiBuiltInKeywords.groovy:616)
	at com.kms.katalon.core.webui.keyword.WebUiBuiltInKeywords$click$3.call(Unknown Source)
	at TestCase45ShowPopupDoNotDisturbStatus.run(TestCase45ShowPopupDoNotDisturbStatus:29)
	at com.kms.katalon.core.main.ScriptEngine.run(ScriptEngine.java:194)
	at com.kms.katalon.core.main.ScriptEngine.runScriptAsRawText(ScriptEngine.java:119)
	at com.kms.katalon.core.main.TestCaseExecutor.runScript(TestCaseExecutor.java:337)
	at com.kms.katalon.core.main.TestCaseExecutor.doExecute(TestCaseExecutor.java:328)
	at com.kms.katalon.core.main.TestCaseExecutor.processExecutionPhase(TestCaseExecutor.java:307)
	at com.kms.katalon.core.main.TestCaseExecutor.accessMainPhase(TestCaseExecutor.java:299)
	at com.kms.katalon.core.main.TestCaseExecutor.execute(TestCaseExecutor.java:233)
	at com.kms.katalon.core.main.TestSuiteExecutor.accessTestCaseMainPhase(TestSuiteExecutor.java:169)
	at com.kms.katalon.core.main.TestSuiteExecutor.accessTestSuiteMainPhase(TestSuiteExecutor.java:142)
	at com.kms.katalon.core.main.TestSuiteExecutor.execute(TestSuiteExecutor.java:91)
	at com.kms.katalon.core.main.TestCaseMain.startTestSuite(TestCaseMain.java:157)
	at com.kms.katalon.core.main.TestCaseMain$startTestSuite$0.call(Unknown Source)
	at TempTestSuite1576951344125.run(TempTestSuite1576951344125.groovy:36)
Caused by: com.kms.katalon.core.webui.exception.WebElementNotFoundException: Web element with id: 'Object Repository/Page_ Town Square - FirstTeam Mattermost/span_Your status is set to Do Not Disturb' located by 'By.xpath: //h1[@id='confirmModalLabel']/span' not found
	at com.kms.katalon.core.webui.common.WebUiCommonHelper.findWebElement(WebUiCommonHelper.java:1154)
	at com.kms.katalon.core.webui.keyword.internal.WebUIAbstractKeyword.findWebElement(WebUIAbstractKeyword.groovy:27)
	at com.kms.katalon.core.webui.keyword.internal.WebUIAbstractKeyword.findWebElement(WebUIAbstractKeyword.groovy:26)
	at com.kms.katalon.core.webui.keyword.builtin.ClickKeyword$_click_closure1.doCall(ClickKeyword.groovy:67)
	at com.kms.katalon.core.webui.keyword.builtin.ClickKeyword$_click_closure1.call(ClickKeyword.groovy)
	at com.kms.katalon.core.webui.keyword.internal.WebUIKeywordMain.runKeyword(WebUIKeywordMain.groovy:20)
	at com.kms.katalon.core.webui.keyword.builtin.ClickKeyword.click(ClickKeyword.groovy:102)
	at com.kms.katalon.core.webui.keyword.builtin.ClickKeyword.execute(ClickKeyword.groovy:43)
	at com.kms.katalon.core.keyword.internal.KeywordExecutor.executeKeywordForPlatform(KeywordExecutor.groovy:72)
	at com.kms.katalon.core.webui.keyword.WebUiBuiltInKeywords.click(WebUiBuiltInKeywords.groovy:616)
	at com.kms.katalon.core.webui.keyword.WebUiBuiltInKeywords$click$3.call(Unknown Source)
	at Script1576921170677.run(Script1576921170677.groovy:29)
	... 13 more
)

2019-12-22 01:40:36 - [MESSAGE][INFO] - Unable to find the element located by 'By.xpath: //h1[@id='confirmModalLabel']/span'. Please recheck the objects properties to make sure the desired element is located. 

2019-12-22 01:40:36 - [MESSAGE][INFO] - [SMART_XPATH] Auto-trying out other XPath values in the test object.

2019-12-22 01:40:36 - [MESSAGE][INFO] - [SMART_XPATH] FAILED XPATH: '//h1[@id='confirmModalLabel']/span'.

2019-12-22 01:40:36 - [MESSAGE][INFO] - [SMART_XPATH] FAILED XPATH: '(.//*[normalize-space(text()) and normalize-space(.)=concat('id(', '"', 'confirmModalLabel', '"', ')/span[1]')])[1]/following::span[1]'.

2019-12-22 01:40:36 - [MESSAGE][INFO] - [SMART_XPATH] FAILED XPATH: '(.//*[normalize-space(text()) and normalize-space(.)='Help'])[1]/following::span[2]'.

2019-12-22 01:40:36 - [MESSAGE][INFO] - [SMART_XPATH] FAILED XPATH: '(.//*[normalize-space(text()) and normalize-space(.)=concat('Would you like to switch your status to ', '"', 'Online', '"', '?')])[1]/preceding::span[1]'.

2019-12-22 01:40:36 - [MESSAGE][INFO] - [SMART_XPATH] FAILED XPATH: '(.//*[normalize-space(text()) and normalize-space(.)='Do not ask me again'])[1]/preceding::span[2]'.

2019-12-22 01:40:36 - [MESSAGE][INFO] - [SMART_XPATH] FAILED XPATH: '//*/text()[normalize-space(.)='Your status is set to "Do Not Disturb"']/parent::*'.

2019-12-22 01:40:36 - [MESSAGE][INFO] - [SMART_XPATH] FAILED XPATH: '//h1/span'.

2019-12-22 01:40:36 - [MESSAGE][INFO] - [SMART_XPATH] No working XPath is found.

2019-12-22 01:40:36 - [MESSAGE][FAILED] - Unable to click on object 'Object Repository/Page_ Town Square - FirstTeam Mattermost/span_Your status is set to Do Not Disturb' (Root cause: com.kms.katalon.core.exception.StepFailedException: Unable to click on object 'Object Repository/Page_ Town Square - FirstTeam Mattermost/span_Your status is set to Do Not Disturb'
	at com.kms.katalon.core.webui.keyword.internal.WebUIKeywordMain.stepFailed(WebUIKeywordMain.groovy:64)
	at com.kms.katalon.core.webui.keyword.internal.WebUIKeywordMain.runKeyword(WebUIKeywordMain.groovy:26)
	at com.kms.katalon.core.webui.keyword.builtin.ClickKeyword.click(ClickKeyword.groovy:102)
	at com.kms.katalon.core.webui.keyword.builtin.ClickKeyword.execute(ClickKeyword.groovy:43)
	at com.kms.katalon.core.keyword.internal.KeywordExecutor.executeKeywordForPlatform(KeywordExecutor.groovy:72)
	at com.kms.katalon.core.webui.keyword.WebUiBuiltInKeywords.click(WebUiBuiltInKeywords.groovy:616)
	at com.kms.katalon.core.webui.keyword.WebUiBuiltInKeywords$click$3.call(Unknown Source)
	at TestCase45ShowPopupDoNotDisturbStatus.run(TestCase45ShowPopupDoNotDisturbStatus:29)
	at com.kms.katalon.core.main.ScriptEngine.run(ScriptEngine.java:194)
	at com.kms.katalon.core.main.ScriptEngine.runScriptAsRawText(ScriptEngine.java:119)
	at com.kms.katalon.core.main.TestCaseExecutor.runScript(TestCaseExecutor.java:337)
	at com.kms.katalon.core.main.TestCaseExecutor.doExecute(TestCaseExecutor.java:328)
	at com.kms.katalon.core.main.TestCaseExecutor.processExecutionPhase(TestCaseExecutor.java:307)
	at com.kms.katalon.core.main.TestCaseExecutor.accessMainPhase(TestCaseExecutor.java:299)
	at com.kms.katalon.core.main.TestCaseExecutor.execute(TestCaseExecutor.java:233)
	at com.kms.katalon.core.main.TestSuiteExecutor.accessTestCaseMainPhase(TestSuiteExecutor.java:169)
	at com.kms.katalon.core.main.TestSuiteExecutor.accessTestSuiteMainPhase(TestSuiteExecutor.java:142)
	at com.kms.katalon.core.main.TestSuiteExecutor.execute(TestSuiteExecutor.java:91)
	at com.kms.katalon.core.main.TestCaseMain.startTestSuite(TestCaseMain.java:157)
	at com.kms.katalon.core.main.TestCaseMain$startTestSuite$0.call(Unknown Source)
	at TempTestSuite1576951344125.run(TempTestSuite1576951344125.groovy:36)
Caused by: com.kms.katalon.core.webui.exception.WebElementNotFoundException: Web element with id: 'Object Repository/Page_ Town Square - FirstTeam Mattermost/span_Your status is set to Do Not Disturb' located by 'By.xpath: //h1[@id='confirmModalLabel']/span' not found
	at com.kms.katalon.core.webui.common.WebUiCommonHelper.findWebElement(WebUiCommonHelper.java:1154)
	at com.kms.katalon.core.webui.keyword.internal.WebUIAbstractKeyword.findWebElement(WebUIAbstractKeyword.groovy:27)
	at com.kms.katalon.core.webui.keyword.internal.WebUIAbstractKeyword.findWebElement(WebUIAbstractKeyword.groovy:26)
	at com.kms.katalon.core.webui.keyword.builtin.ClickKeyword$_click_closure1.doCall(ClickKeyword.groovy:67)
	at com.kms.katalon.core.webui.keyword.builtin.ClickKeyword$_click_closure1.call(ClickKeyword.groovy)
	at com.kms.katalon.core.webui.keyword.internal.WebUIKeywordMain.runKeyword(WebUIKeywordMain.groovy:20)
	at com.kms.katalon.core.webui.keyword.builtin.ClickKeyword.click(ClickKeyword.groovy:102)
	at com.kms.katalon.core.webui.keyword.builtin.ClickKeyword.execute(ClickKeyword.groovy:43)
	at com.kms.katalon.core.keyword.internal.KeywordExecutor.executeKeywordForPlatform(KeywordExecutor.groovy:72)
	at com.kms.katalon.core.webui.keyword.WebUiBuiltInKeywords.click(WebUiBuiltInKeywords.groovy:616)
	at com.kms.katalon.core.webui.keyword.WebUiBuiltInKeywords$click$3.call(Unknown Source)
	at Script1576921170677.run(Script1576921170677.groovy:29)
	... 13 more
)
[[ATTACHMENT|D:\\Learning\\School\\2019-2020-HK1\\CS300\\CS300AutomaticWebTesting\\Reports\\20191222_010224\\Run All Test Cases\\20191222_010224\\1576953636490.png]]]]></system-out>
         <system-err><![CDATA[2019-12-22 01:39:43 - [TEST_CASE][FAILED] - Test Cases/TestCase45ShowPopupDoNotDisturbStatus: Test Cases/TestCase45ShowPopupDoNotDisturbStatus FAILED.
Reason:
com.kms.katalon.core.exception.StepFailedException: Unable to click on object 'Object Repository/Page_ Town Square - FirstTeam Mattermost/span_Your status is set to Do Not Disturb'
	at com.kms.katalon.core.webui.keyword.internal.WebUIKeywordMain.stepFailed(WebUIKeywordMain.groovy:64)
	at com.kms.katalon.core.webui.keyword.internal.WebUIKeywordMain.runKeyword(WebUIKeywordMain.groovy:26)
	at com.kms.katalon.core.webui.keyword.builtin.ClickKeyword.click(ClickKeyword.groovy:102)
	at com.kms.katalon.core.webui.keyword.builtin.ClickKeyword.execute(ClickKeyword.groovy:43)
	at com.kms.katalon.core.keyword.internal.KeywordExecutor.executeKeywordForPlatform(KeywordExecutor.groovy:72)
	at com.kms.katalon.core.webui.keyword.WebUiBuiltInKeywords.click(WebUiBuiltInKeywords.groovy:616)
	at com.kms.katalon.core.webui.keyword.WebUiBuiltInKeywords$click$3.call(Unknown Source)
	at TestCase45ShowPopupDoNotDisturbStatus.run(TestCase45ShowPopupDoNotDisturbStatus:29)
	at com.kms.katalon.core.main.ScriptEngine.run(ScriptEngine.java:194)
	at com.kms.katalon.core.main.ScriptEngine.runScriptAsRawText(ScriptEngine.java:119)
	at com.kms.katalon.core.main.TestCaseExecutor.runScript(TestCaseExecutor.java:337)
	at com.kms.katalon.core.main.TestCaseExecutor.doExecute(TestCaseExecutor.java:328)
	at com.kms.katalon.core.main.TestCaseExecutor.processExecutionPhase(TestCaseExecutor.java:307)
	at com.kms.katalon.core.main.TestCaseExecutor.accessMainPhase(TestCaseExecutor.java:299)
	at com.kms.katalon.core.main.TestCaseExecutor.execute(TestCaseExecutor.java:233)
	at com.kms.katalon.core.main.TestSuiteExecutor.accessTestCaseMainPhase(TestSuiteExecutor.java:169)
	at com.kms.katalon.core.main.TestSuiteExecutor.accessTestSuiteMainPhase(TestSuiteExecutor.java:142)
	at com.kms.katalon.core.main.TestSuiteExecutor.execute(TestSuiteExecutor.java:91)
	at com.kms.katalon.core.main.TestCaseMain.startTestSuite(TestCaseMain.java:157)
	at com.kms.katalon.core.main.TestCaseMain$startTestSuite$0.call(Unknown Source)
	at TempTestSuite1576951344125.run(TempTestSuite1576951344125.groovy:36)
Caused by: com.kms.katalon.core.webui.exception.WebElementNotFoundException: Web element with id: 'Object Repository/Page_ Town Square - FirstTeam Mattermost/span_Your status is set to Do Not Disturb' located by 'By.xpath: //h1[@id='confirmModalLabel']/span' not found
	at com.kms.katalon.core.webui.common.WebUiCommonHelper.findWebElement(WebUiCommonHelper.java:1154)
	at com.kms.katalon.core.webui.keyword.internal.WebUIAbstractKeyword.findWebElement(WebUIAbstractKeyword.groovy:27)
	at com.kms.katalon.core.webui.keyword.internal.WebUIAbstractKeyword.findWebElement(WebUIAbstractKeyword.groovy:26)
	at com.kms.katalon.core.webui.keyword.builtin.ClickKeyword$_click_closure1.doCall(ClickKeyword.groovy:67)
	at com.kms.katalon.core.webui.keyword.builtin.ClickKeyword$_click_closure1.call(ClickKeyword.groovy)
	at com.kms.katalon.core.webui.keyword.internal.WebUIKeywordMain.runKeyword(WebUIKeywordMain.groovy:20)
	... 19 more]]></system-err>
      </testcase>
      <testcase name="Test Cases/TestCase46UpdateStatusToAway" time="89.247" classname="Test Cases/TestCase46UpdateStatusToAway" status="PASSED">
         <system-out><![CDATA[2019-12-22 01:40:36 - [TEST_CASE][PASSED] - Test Cases/TestCase46UpdateStatusToAway: Test Cases/TestCase46UpdateStatusToAway

2019-12-22 01:40:36 - [TEST_STEP][PASSED] - openBrowser(""): Browser is opened with url: ''

2019-12-22 01:40:36 - [MESSAGE][WARNING] - A browser is already opened. Closing browser and opening a new one

2019-12-22 01:40:41 - [MESSAGE][INFO] - Starting 'Firefox (headless)' driver

2019-12-22 01:40:47 - [MESSAGE][PASSED] - Browser is opened with url: ''

2019-12-22 01:40:47 - [TEST_STEP][PASSED] - navigateToUrl("https://cs300testautomatic.herokuapp.com/"): Navigate to 'https://cs300testautomatic.herokuapp.com/' successfully

2019-12-22 01:40:52 - [MESSAGE][PASSED] - Navigate to 'https://cs300testautomatic.herokuapp.com/' successfully

2019-12-22 01:40:52 - [TEST_STEP][PASSED] - setText(findTestObject("Page_Mattermost/input_All team communication in one place s_703ef5 (32)"), "giabeuu@gmail.com"): Text 'giabeuu@gmail.com' is set on object 'Object Repository/Page_Mattermost/input_All team communication in one place s_703ef5 (32)'

2019-12-22 01:40:58 - [MESSAGE][PASSED] - Text 'giabeuu@gmail.com' is set on object 'Object Repository/Page_Mattermost/input_All team communication in one place s_703ef5 (32)'

2019-12-22 01:40:58 - [TEST_STEP][PASSED] - setEncryptedText(findTestObject("Page_Mattermost/input_All team communication in one place s_2f2733 (32)"), "GoUae4B8Jrc="): Text ****** has been set on object 'Object Repository/Page_Mattermost/input_All team communication in one place s_2f2733 (32)'

2019-12-22 01:40:58 - [MESSAGE][PASSED] - Text ****** has been set on object 'Object Repository/Page_Mattermost/input_All team communication in one place s_2f2733 (32)'

2019-12-22 01:40:58 - [TEST_STEP][PASSED] - click(findTestObject("Page_Mattermost/button_Sign in (21)")): Object: 'Object Repository/Page_Mattermost/button_Sign in (21)' is clicked on

2019-12-22 01:40:59 - [MESSAGE][PASSED] - Object: 'Object Repository/Page_Mattermost/button_Sign in (21)' is clicked on

2019-12-22 01:40:59 - [TEST_STEP][PASSED] - click(findTestObject("Page_ Town Square - FirstTeam Mattermost/span__status status-edit edit (2)")): Object: 'Object Repository/Page_ Town Square - FirstTeam Mattermost/span__status status-edit edit (2)' is clicked on

2019-12-22 01:41:01 - [MESSAGE][ERROR] - TypeError: rect is undefined
Build info: version: '3.141.59', revision: 'e82be7d358', time: '2018-11-14T08:25:53'
System info: host: 'DESKTOP-O368F3Q', ip: '192.168.0.107', os.name: 'Windows 10', os.arch: 'amd64', os.version: '10.0', java.version: '1.8.0_181'
Driver info: com.kms.katalon.core.webui.driver.firefox.CGeckoDriver
Capabilities {acceptInsecureCerts: true, browserName: firefox, browserVersion: 71.0, javascriptEnabled: true, moz:accessibilityChecks: false, moz:buildID: 20191202093317, moz:geckodriverVersion: 0.23.0, moz:headless: true, moz:processID: 19036, moz:profile: C:\Users\ASUS\AppData\Local..., moz:shutdownTimeout: 60000, moz:useNonSpecCompliantPointerOrigin: false, moz:webdriverClick: true, pageLoadStrategy: normal, platform: WINDOWS, platformName: WINDOWS, platformVersion: 10.0, proxy: Proxy(direct), rotatable: false, setWindowRect: true, strictFileInteractability: false, timeouts: {implicit: 0, pageLoad: 300000, script: 30000}, unhandledPromptBehavior: dismiss and notify}
Session ID: f2b88e52-c112-4d82-bb5d-86c5a28366cc

2019-12-22 01:41:31 - [MESSAGE][ERROR] - TypeError: rect is undefined
Build info: version: '3.141.59', revision: 'e82be7d358', time: '2018-11-14T08:25:53'
System info: host: 'DESKTOP-O368F3Q', ip: '192.168.0.107', os.name: 'Windows 10', os.arch: 'amd64', os.version: '10.0', java.version: '1.8.0_181'
Driver info: com.kms.katalon.core.webui.driver.firefox.CGeckoDriver
Capabilities {acceptInsecureCerts: true, browserName: firefox, browserVersion: 71.0, javascriptEnabled: true, moz:accessibilityChecks: false, moz:buildID: 20191202093317, moz:geckodriverVersion: 0.23.0, moz:headless: true, moz:processID: 19036, moz:profile: C:\Users\ASUS\AppData\Local..., moz:shutdownTimeout: 60000, moz:useNonSpecCompliantPointerOrigin: false, moz:webdriverClick: true, pageLoadStrategy: normal, platform: WINDOWS, platformName: WINDOWS, platformVersion: 10.0, proxy: Proxy(direct), rotatable: false, setWindowRect: true, strictFileInteractability: false, timeouts: {implicit: 0, pageLoad: 300000, script: 30000}, unhandledPromptBehavior: dismiss and notify}
Session ID: f2b88e52-c112-4d82-bb5d-86c5a28366cc

2019-12-22 01:41:31 - [MESSAGE][PASSED] - Object: 'Object Repository/Page_ Town Square - FirstTeam Mattermost/span__status status-edit edit (2)' is clicked on

2019-12-22 01:41:31 - [TEST_STEP][PASSED] - click(findTestObject("Object Repository/Page_ Town Square - FirstTeam Mattermost/button_Away")): Object: 'Object Repository/Page_ Town Square - FirstTeam Mattermost/button_Away' is clicked on

2019-12-22 01:42:02 - [MESSAGE][INFO] - Unable to find the element located by 'By.xpath: //div[@id='lhsHeader']/div/div/ul/li[4]/button'. Please recheck the objects properties to make sure the desired element is located. 

2019-12-22 01:42:02 - [MESSAGE][INFO] - [SMART_XPATH] Auto-trying out other XPath values in the test object.

2019-12-22 01:42:02 - [MESSAGE][INFO] - [SMART_XPATH] FAILED XPATH: '//div[@id='lhsHeader']/div/div/ul/li[4]/button'.

2019-12-22 01:42:02 - [MESSAGE][INFO] - [SMART_XPATH] FAILED XPATH: '(.//*[normalize-space(text()) and normalize-space(.)='Online'])[1]/following::button[1]'.

2019-12-22 01:42:02 - [MESSAGE][INFO] - [SMART_XPATH] WORKING XPATH: '(.//*[normalize-space(text()) and normalize-space(.)='+'])[1]/following::button[3]'.

2019-12-22 01:42:03 - [MESSAGE][INFO] - [SMART_XPATH] Screenshot: D:/Learning/School/2019-2020-HK1/CS300/CS300AutomaticWebTesting/Reports/smart_xpath/Object Repository/Page_ Town Square - FirstTeam Mattermost/button_Away_neighbor_31.png

2019-12-22 01:42:03 - [MESSAGE][INFO] - [SMART_XPATH] FAILED XPATH: '(.//*[normalize-space(text()) and normalize-space(.)='Disables Desktop and Push Notifications'])[1]/preceding::button[1]'.

2019-12-22 01:42:03 - [MESSAGE][INFO] - [SMART_XPATH] FAILED XPATH: '//*/text()[normalize-space(.)='Away']/parent::*'.

2019-12-22 01:42:03 - [MESSAGE][INFO] - [SMART_XPATH] FAILED XPATH: '//li[4]/button'.

2019-12-22 01:42:03 - [MESSAGE][ERROR] - [SMART_XPATH] D:\Learning\School\2019-2020-HK1\CS300\CS300AutomaticWebTesting\Reports\smart_xpath\waiting-for-approval.json (The system cannot find the file specified)

2019-12-22 01:42:03 - [MESSAGE][ERROR] - [SMART_XPATH] D:/Learning/School/2019-2020-HK1/CS300/CS300AutomaticWebTesting/Reports/smart_xpath/waiting-for-approval.json does not exist or is provided by Smart XPath Plugin!

2019-12-22 01:42:03 - [MESSAGE][INFO] - [SMART_XPATH] Selected Smart XPath: '(.//*[normalize-space(text()) and normalize-space(.)='+'])[1]/following::button[3]'.

2019-12-22 01:42:03 - [MESSAGE][INFO] - [SMART_XPATH] Continuing executing the test case!

2019-12-22 01:42:03 - [MESSAGE][PASSED] - Object: 'Object Repository/Page_ Town Square - FirstTeam Mattermost/button_Away' is clicked on

2019-12-22 01:42:03 - [TEST_STEP][PASSED] - closeBrowser(): Browser is closed

2019-12-22 01:42:05 - [MESSAGE][PASSED] - Browser is closed]]></system-out>
         <system-err><![CDATA[]]></system-err>
      </testcase>
      <testcase name="Test Cases/TestCase47ShowPopupAwayStatus" time="57.57" classname="Test Cases/TestCase47ShowPopupAwayStatus" status="FAILED">
         <failure type="FAILED" message="Test Cases/TestCase47ShowPopupAwayStatus FAILED.
Reason:
com.kms.katalon.core.exception.StepFailedException: Unable to click on object 'Object Repository/Page_ Town Square - FirstTeam Mattermost/span_Your status is set to Away'
	at com.kms.katalon.core.webui.keyword.internal.WebUIKeywordMain.stepFailed(WebUIKeywordMain.groovy:64)
	at com.kms.katalon.core.webui.keyword.internal.WebUIKeywordMain.runKeyword(WebUIKeywordMain.groovy:26)
	at com.kms.katalon.core.webui.keyword.builtin.ClickKeyword.click(ClickKeyword.groovy:102)
	at com.kms.katalon.core.webui.keyword.builtin.ClickKeyword.execute(ClickKeyword.groovy:43)
	at com.kms.katalon.core.keyword.internal.KeywordExecutor.executeKeywordForPlatform(KeywordExecutor.groovy:72)
	at com.kms.katalon.core.webui.keyword.WebUiBuiltInKeywords.click(WebUiBuiltInKeywords.groovy:616)
	at com.kms.katalon.core.webui.keyword.WebUiBuiltInKeywords$click$3.call(Unknown Source)
	at TestCase47ShowPopupAwayStatus.run(TestCase47ShowPopupAwayStatus:29)
	at com.kms.katalon.core.main.ScriptEngine.run(ScriptEngine.java:194)
	at com.kms.katalon.core.main.ScriptEngine.runScriptAsRawText(ScriptEngine.java:119)
	at com.kms.katalon.core.main.TestCaseExecutor.runScript(TestCaseExecutor.java:337)
	at com.kms.katalon.core.main.TestCaseExecutor.doExecute(TestCaseExecutor.java:328)
	at com.kms.katalon.core.main.TestCaseExecutor.processExecutionPhase(TestCaseExecutor.java:307)
	at com.kms.katalon.core.main.TestCaseExecutor.accessMainPhase(TestCaseExecutor.java:299)
	at com.kms.katalon.core.main.TestCaseExecutor.execute(TestCaseExecutor.java:233)
	at com.kms.katalon.core.main.TestSuiteExecutor.accessTestCaseMainPhase(TestSuiteExecutor.java:169)
	at com.kms.katalon.core.main.TestSuiteExecutor.accessTestSuiteMainPhase(TestSuiteExecutor.java:142)
	at com.kms.katalon.core.main.TestSuiteExecutor.execute(TestSuiteExecutor.java:91)
	at com.kms.katalon.core.main.TestCaseMain.startTestSuite(TestCaseMain.java:157)
	at com.kms.katalon.core.main.TestCaseMain$startTestSuite$0.call(Unknown Source)
	at TempTestSuite1576951344125.run(TempTestSuite1576951344125.groovy:36)
Caused by: com.kms.katalon.core.webui.exception.WebElementNotFoundException: Web element with id: 'Object Repository/Page_ Town Square - FirstTeam Mattermost/span_Your status is set to Away' located by 'By.xpath: //h1[@id='confirmModalLabel']/span' not found
	at com.kms.katalon.core.webui.common.WebUiCommonHelper.findWebElement(WebUiCommonHelper.java:1154)
	at com.kms.katalon.core.webui.keyword.internal.WebUIAbstractKeyword.findWebElement(WebUIAbstractKeyword.groovy:27)
	at com.kms.katalon.core.webui.keyword.internal.WebUIAbstractKeyword.findWebElement(WebUIAbstractKeyword.groovy:26)
	at com.kms.katalon.core.webui.keyword.builtin.ClickKeyword$_click_closure1.doCall(ClickKeyword.groovy:67)
	at com.kms.katalon.core.webui.keyword.builtin.ClickKeyword$_click_closure1.call(ClickKeyword.groovy)
	at com.kms.katalon.core.webui.keyword.internal.WebUIKeywordMain.runKeyword(WebUIKeywordMain.groovy:20)
	... 19 more
"/>
         <system-out><![CDATA[2019-12-22 01:42:05 - [TEST_CASE][FAILED] - Test Cases/TestCase47ShowPopupAwayStatus: Test Cases/TestCase47ShowPopupAwayStatus FAILED.
Reason:
com.kms.katalon.core.exception.StepFailedException: Unable to click on object 'Object Repository/Page_ Town Square - FirstTeam Mattermost/span_Your status is set to Away'
	at com.kms.katalon.core.webui.keyword.internal.WebUIKeywordMain.stepFailed(WebUIKeywordMain.groovy:64)
	at com.kms.katalon.core.webui.keyword.internal.WebUIKeywordMain.runKeyword(WebUIKeywordMain.groovy:26)
	at com.kms.katalon.core.webui.keyword.builtin.ClickKeyword.click(ClickKeyword.groovy:102)
	at com.kms.katalon.core.webui.keyword.builtin.ClickKeyword.execute(ClickKeyword.groovy:43)
	at com.kms.katalon.core.keyword.internal.KeywordExecutor.executeKeywordForPlatform(KeywordExecutor.groovy:72)
	at com.kms.katalon.core.webui.keyword.WebUiBuiltInKeywords.click(WebUiBuiltInKeywords.groovy:616)
	at com.kms.katalon.core.webui.keyword.WebUiBuiltInKeywords$click$3.call(Unknown Source)
	at TestCase47ShowPopupAwayStatus.run(TestCase47ShowPopupAwayStatus:29)
	at com.kms.katalon.core.main.ScriptEngine.run(ScriptEngine.java:194)
	at com.kms.katalon.core.main.ScriptEngine.runScriptAsRawText(ScriptEngine.java:119)
	at com.kms.katalon.core.main.TestCaseExecutor.runScript(TestCaseExecutor.java:337)
	at com.kms.katalon.core.main.TestCaseExecutor.doExecute(TestCaseExecutor.java:328)
	at com.kms.katalon.core.main.TestCaseExecutor.processExecutionPhase(TestCaseExecutor.java:307)
	at com.kms.katalon.core.main.TestCaseExecutor.accessMainPhase(TestCaseExecutor.java:299)
	at com.kms.katalon.core.main.TestCaseExecutor.execute(TestCaseExecutor.java:233)
	at com.kms.katalon.core.main.TestSuiteExecutor.accessTestCaseMainPhase(TestSuiteExecutor.java:169)
	at com.kms.katalon.core.main.TestSuiteExecutor.accessTestSuiteMainPhase(TestSuiteExecutor.java:142)
	at com.kms.katalon.core.main.TestSuiteExecutor.execute(TestSuiteExecutor.java:91)
	at com.kms.katalon.core.main.TestCaseMain.startTestSuite(TestCaseMain.java:157)
	at com.kms.katalon.core.main.TestCaseMain$startTestSuite$0.call(Unknown Source)
	at TempTestSuite1576951344125.run(TempTestSuite1576951344125.groovy:36)
Caused by: com.kms.katalon.core.webui.exception.WebElementNotFoundException: Web element with id: 'Object Repository/Page_ Town Square - FirstTeam Mattermost/span_Your status is set to Away' located by 'By.xpath: //h1[@id='confirmModalLabel']/span' not found
	at com.kms.katalon.core.webui.common.WebUiCommonHelper.findWebElement(WebUiCommonHelper.java:1154)
	at com.kms.katalon.core.webui.keyword.internal.WebUIAbstractKeyword.findWebElement(WebUIAbstractKeyword.groovy:27)
	at com.kms.katalon.core.webui.keyword.internal.WebUIAbstractKeyword.findWebElement(WebUIAbstractKeyword.groovy:26)
	at com.kms.katalon.core.webui.keyword.builtin.ClickKeyword$_click_closure1.doCall(ClickKeyword.groovy:67)
	at com.kms.katalon.core.webui.keyword.builtin.ClickKeyword$_click_closure1.call(ClickKeyword.groovy)
	at com.kms.katalon.core.webui.keyword.internal.WebUIKeywordMain.runKeyword(WebUIKeywordMain.groovy:20)
	... 19 more


2019-12-22 01:42:06 - [TEST_STEP][PASSED] - openBrowser(""): Browser is opened with url: ''

2019-12-22 01:42:06 - [MESSAGE][INFO] - Starting 'Firefox (headless)' driver

2019-12-22 01:42:11 - [MESSAGE][PASSED] - Browser is opened with url: ''

2019-12-22 01:42:11 - [TEST_STEP][PASSED] - navigateToUrl("https://cs300testautomatic.herokuapp.com/"): Navigate to 'https://cs300testautomatic.herokuapp.com/' successfully

2019-12-22 01:42:22 - [MESSAGE][PASSED] - Navigate to 'https://cs300testautomatic.herokuapp.com/' successfully

2019-12-22 01:42:22 - [TEST_STEP][PASSED] - setText(findTestObject("Page_Mattermost/input_All team communication in one place s_703ef5 (33)"), "giabeuu@gmail.com"): Text 'giabeuu@gmail.com' is set on object 'Object Repository/Page_Mattermost/input_All team communication in one place s_703ef5 (33)'

2019-12-22 01:42:30 - [MESSAGE][PASSED] - Text 'giabeuu@gmail.com' is set on object 'Object Repository/Page_Mattermost/input_All team communication in one place s_703ef5 (33)'

2019-12-22 01:42:30 - [TEST_STEP][PASSED] - setEncryptedText(findTestObject("Page_Mattermost/input_All team communication in one place s_2f2733 (33)"), "GoUae4B8Jrc="): Text ****** has been set on object 'Object Repository/Page_Mattermost/input_All team communication in one place s_2f2733 (33)'

2019-12-22 01:42:31 - [MESSAGE][PASSED] - Text ****** has been set on object 'Object Repository/Page_Mattermost/input_All team communication in one place s_2f2733 (33)'

2019-12-22 01:42:31 - [TEST_STEP][PASSED] - click(findTestObject("Page_Mattermost/button_Sign in (22)")): Object: 'Object Repository/Page_Mattermost/button_Sign in (22)' is clicked on

2019-12-22 01:42:31 - [MESSAGE][PASSED] - Object: 'Object Repository/Page_Mattermost/button_Sign in (22)' is clicked on

2019-12-22 01:42:31 - [TEST_STEP][FAILED] - click(findTestObject("Object Repository/Page_ Town Square - FirstTeam Mattermost/span_Your status is set to Away")): Unable to click on object 'Object Repository/Page_ Town Square - FirstTeam Mattermost/span_Your status is set to Away' (Root cause: com.kms.katalon.core.exception.StepFailedException: Unable to click on object 'Object Repository/Page_ Town Square - FirstTeam Mattermost/span_Your status is set to Away'
	at com.kms.katalon.core.webui.keyword.internal.WebUIKeywordMain.stepFailed(WebUIKeywordMain.groovy:64)
	at com.kms.katalon.core.webui.keyword.internal.WebUIKeywordMain.runKeyword(WebUIKeywordMain.groovy:26)
	at com.kms.katalon.core.webui.keyword.builtin.ClickKeyword.click(ClickKeyword.groovy:102)
	at com.kms.katalon.core.webui.keyword.builtin.ClickKeyword.execute(ClickKeyword.groovy:43)
	at com.kms.katalon.core.keyword.internal.KeywordExecutor.executeKeywordForPlatform(KeywordExecutor.groovy:72)
	at com.kms.katalon.core.webui.keyword.WebUiBuiltInKeywords.click(WebUiBuiltInKeywords.groovy:616)
	at com.kms.katalon.core.webui.keyword.WebUiBuiltInKeywords$click$3.call(Unknown Source)
	at TestCase47ShowPopupAwayStatus.run(TestCase47ShowPopupAwayStatus:29)
	at com.kms.katalon.core.main.ScriptEngine.run(ScriptEngine.java:194)
	at com.kms.katalon.core.main.ScriptEngine.runScriptAsRawText(ScriptEngine.java:119)
	at com.kms.katalon.core.main.TestCaseExecutor.runScript(TestCaseExecutor.java:337)
	at com.kms.katalon.core.main.TestCaseExecutor.doExecute(TestCaseExecutor.java:328)
	at com.kms.katalon.core.main.TestCaseExecutor.processExecutionPhase(TestCaseExecutor.java:307)
	at com.kms.katalon.core.main.TestCaseExecutor.accessMainPhase(TestCaseExecutor.java:299)
	at com.kms.katalon.core.main.TestCaseExecutor.execute(TestCaseExecutor.java:233)
	at com.kms.katalon.core.main.TestSuiteExecutor.accessTestCaseMainPhase(TestSuiteExecutor.java:169)
	at com.kms.katalon.core.main.TestSuiteExecutor.accessTestSuiteMainPhase(TestSuiteExecutor.java:142)
	at com.kms.katalon.core.main.TestSuiteExecutor.execute(TestSuiteExecutor.java:91)
	at com.kms.katalon.core.main.TestCaseMain.startTestSuite(TestCaseMain.java:157)
	at com.kms.katalon.core.main.TestCaseMain$startTestSuite$0.call(Unknown Source)
	at TempTestSuite1576951344125.run(TempTestSuite1576951344125.groovy:36)
Caused by: com.kms.katalon.core.webui.exception.WebElementNotFoundException: Web element with id: 'Object Repository/Page_ Town Square - FirstTeam Mattermost/span_Your status is set to Away' located by 'By.xpath: //h1[@id='confirmModalLabel']/span' not found
	at com.kms.katalon.core.webui.common.WebUiCommonHelper.findWebElement(WebUiCommonHelper.java:1154)
	at com.kms.katalon.core.webui.keyword.internal.WebUIAbstractKeyword.findWebElement(WebUIAbstractKeyword.groovy:27)
	at com.kms.katalon.core.webui.keyword.internal.WebUIAbstractKeyword.findWebElement(WebUIAbstractKeyword.groovy:26)
	at com.kms.katalon.core.webui.keyword.builtin.ClickKeyword$_click_closure1.doCall(ClickKeyword.groovy:67)
	at com.kms.katalon.core.webui.keyword.builtin.ClickKeyword$_click_closure1.call(ClickKeyword.groovy)
	at com.kms.katalon.core.webui.keyword.internal.WebUIKeywordMain.runKeyword(WebUIKeywordMain.groovy:20)
	at com.kms.katalon.core.webui.keyword.builtin.ClickKeyword.click(ClickKeyword.groovy:102)
	at com.kms.katalon.core.webui.keyword.builtin.ClickKeyword.execute(ClickKeyword.groovy:43)
	at com.kms.katalon.core.keyword.internal.KeywordExecutor.executeKeywordForPlatform(KeywordExecutor.groovy:72)
	at com.kms.katalon.core.webui.keyword.WebUiBuiltInKeywords.click(WebUiBuiltInKeywords.groovy:616)
	at com.kms.katalon.core.webui.keyword.WebUiBuiltInKeywords$click$3.call(Unknown Source)
	at Script1576921350643.run(Script1576921350643.groovy:29)
	... 13 more
)

2019-12-22 01:43:03 - [MESSAGE][INFO] - Unable to find the element located by 'By.xpath: //h1[@id='confirmModalLabel']/span'. Please recheck the objects properties to make sure the desired element is located. 

2019-12-22 01:43:03 - [MESSAGE][INFO] - [SMART_XPATH] Auto-trying out other XPath values in the test object.

2019-12-22 01:43:03 - [MESSAGE][INFO] - [SMART_XPATH] FAILED XPATH: '//h1[@id='confirmModalLabel']/span'.

2019-12-22 01:43:03 - [MESSAGE][INFO] - [SMART_XPATH] FAILED XPATH: '(.//*[normalize-space(text()) and normalize-space(.)=concat('id(', '"', 'confirmModalLabel', '"', ')/span[1]')])[1]/following::span[1]'.

2019-12-22 01:43:03 - [MESSAGE][INFO] - [SMART_XPATH] FAILED XPATH: '(.//*[normalize-space(text()) and normalize-space(.)='Help'])[1]/following::span[2]'.

2019-12-22 01:43:03 - [MESSAGE][INFO] - [SMART_XPATH] FAILED XPATH: '(.//*[normalize-space(text()) and normalize-space(.)=concat('Would you like to switch your status to ', '"', 'Online', '"', '?')])[1]/preceding::span[1]'.

2019-12-22 01:43:03 - [MESSAGE][INFO] - [SMART_XPATH] FAILED XPATH: '(.//*[normalize-space(text()) and normalize-space(.)='Do not ask me again'])[1]/preceding::span[2]'.

2019-12-22 01:43:03 - [MESSAGE][INFO] - [SMART_XPATH] FAILED XPATH: '//*/text()[normalize-space(.)='Your status is set to "Away"']/parent::*'.

2019-12-22 01:43:03 - [MESSAGE][INFO] - [SMART_XPATH] FAILED XPATH: '//h1/span'.

2019-12-22 01:43:03 - [MESSAGE][INFO] - [SMART_XPATH] No working XPath is found.

2019-12-22 01:43:03 - [MESSAGE][FAILED] - Unable to click on object 'Object Repository/Page_ Town Square - FirstTeam Mattermost/span_Your status is set to Away' (Root cause: com.kms.katalon.core.exception.StepFailedException: Unable to click on object 'Object Repository/Page_ Town Square - FirstTeam Mattermost/span_Your status is set to Away'
	at com.kms.katalon.core.webui.keyword.internal.WebUIKeywordMain.stepFailed(WebUIKeywordMain.groovy:64)
	at com.kms.katalon.core.webui.keyword.internal.WebUIKeywordMain.runKeyword(WebUIKeywordMain.groovy:26)
	at com.kms.katalon.core.webui.keyword.builtin.ClickKeyword.click(ClickKeyword.groovy:102)
	at com.kms.katalon.core.webui.keyword.builtin.ClickKeyword.execute(ClickKeyword.groovy:43)
	at com.kms.katalon.core.keyword.internal.KeywordExecutor.executeKeywordForPlatform(KeywordExecutor.groovy:72)
	at com.kms.katalon.core.webui.keyword.WebUiBuiltInKeywords.click(WebUiBuiltInKeywords.groovy:616)
	at com.kms.katalon.core.webui.keyword.WebUiBuiltInKeywords$click$3.call(Unknown Source)
	at TestCase47ShowPopupAwayStatus.run(TestCase47ShowPopupAwayStatus:29)
	at com.kms.katalon.core.main.ScriptEngine.run(ScriptEngine.java:194)
	at com.kms.katalon.core.main.ScriptEngine.runScriptAsRawText(ScriptEngine.java:119)
	at com.kms.katalon.core.main.TestCaseExecutor.runScript(TestCaseExecutor.java:337)
	at com.kms.katalon.core.main.TestCaseExecutor.doExecute(TestCaseExecutor.java:328)
	at com.kms.katalon.core.main.TestCaseExecutor.processExecutionPhase(TestCaseExecutor.java:307)
	at com.kms.katalon.core.main.TestCaseExecutor.accessMainPhase(TestCaseExecutor.java:299)
	at com.kms.katalon.core.main.TestCaseExecutor.execute(TestCaseExecutor.java:233)
	at com.kms.katalon.core.main.TestSuiteExecutor.accessTestCaseMainPhase(TestSuiteExecutor.java:169)
	at com.kms.katalon.core.main.TestSuiteExecutor.accessTestSuiteMainPhase(TestSuiteExecutor.java:142)
	at com.kms.katalon.core.main.TestSuiteExecutor.execute(TestSuiteExecutor.java:91)
	at com.kms.katalon.core.main.TestCaseMain.startTestSuite(TestCaseMain.java:157)
	at com.kms.katalon.core.main.TestCaseMain$startTestSuite$0.call(Unknown Source)
	at TempTestSuite1576951344125.run(TempTestSuite1576951344125.groovy:36)
Caused by: com.kms.katalon.core.webui.exception.WebElementNotFoundException: Web element with id: 'Object Repository/Page_ Town Square - FirstTeam Mattermost/span_Your status is set to Away' located by 'By.xpath: //h1[@id='confirmModalLabel']/span' not found
	at com.kms.katalon.core.webui.common.WebUiCommonHelper.findWebElement(WebUiCommonHelper.java:1154)
	at com.kms.katalon.core.webui.keyword.internal.WebUIAbstractKeyword.findWebElement(WebUIAbstractKeyword.groovy:27)
	at com.kms.katalon.core.webui.keyword.internal.WebUIAbstractKeyword.findWebElement(WebUIAbstractKeyword.groovy:26)
	at com.kms.katalon.core.webui.keyword.builtin.ClickKeyword$_click_closure1.doCall(ClickKeyword.groovy:67)
	at com.kms.katalon.core.webui.keyword.builtin.ClickKeyword$_click_closure1.call(ClickKeyword.groovy)
	at com.kms.katalon.core.webui.keyword.internal.WebUIKeywordMain.runKeyword(WebUIKeywordMain.groovy:20)
	at com.kms.katalon.core.webui.keyword.builtin.ClickKeyword.click(ClickKeyword.groovy:102)
	at com.kms.katalon.core.webui.keyword.builtin.ClickKeyword.execute(ClickKeyword.groovy:43)
	at com.kms.katalon.core.keyword.internal.KeywordExecutor.executeKeywordForPlatform(KeywordExecutor.groovy:72)
	at com.kms.katalon.core.webui.keyword.WebUiBuiltInKeywords.click(WebUiBuiltInKeywords.groovy:616)
	at com.kms.katalon.core.webui.keyword.WebUiBuiltInKeywords$click$3.call(Unknown Source)
	at Script1576921350643.run(Script1576921350643.groovy:29)
	... 13 more
)
[[ATTACHMENT|D:\\Learning\\School\\2019-2020-HK1\\CS300\\CS300AutomaticWebTesting\\Reports\\20191222_010224\\Run All Test Cases\\20191222_010224\\1576953783286.png]]]]></system-out>
         <system-err><![CDATA[2019-12-22 01:42:05 - [TEST_CASE][FAILED] - Test Cases/TestCase47ShowPopupAwayStatus: Test Cases/TestCase47ShowPopupAwayStatus FAILED.
Reason:
com.kms.katalon.core.exception.StepFailedException: Unable to click on object 'Object Repository/Page_ Town Square - FirstTeam Mattermost/span_Your status is set to Away'
	at com.kms.katalon.core.webui.keyword.internal.WebUIKeywordMain.stepFailed(WebUIKeywordMain.groovy:64)
	at com.kms.katalon.core.webui.keyword.internal.WebUIKeywordMain.runKeyword(WebUIKeywordMain.groovy:26)
	at com.kms.katalon.core.webui.keyword.builtin.ClickKeyword.click(ClickKeyword.groovy:102)
	at com.kms.katalon.core.webui.keyword.builtin.ClickKeyword.execute(ClickKeyword.groovy:43)
	at com.kms.katalon.core.keyword.internal.KeywordExecutor.executeKeywordForPlatform(KeywordExecutor.groovy:72)
	at com.kms.katalon.core.webui.keyword.WebUiBuiltInKeywords.click(WebUiBuiltInKeywords.groovy:616)
	at com.kms.katalon.core.webui.keyword.WebUiBuiltInKeywords$click$3.call(Unknown Source)
	at TestCase47ShowPopupAwayStatus.run(TestCase47ShowPopupAwayStatus:29)
	at com.kms.katalon.core.main.ScriptEngine.run(ScriptEngine.java:194)
	at com.kms.katalon.core.main.ScriptEngine.runScriptAsRawText(ScriptEngine.java:119)
	at com.kms.katalon.core.main.TestCaseExecutor.runScript(TestCaseExecutor.java:337)
	at com.kms.katalon.core.main.TestCaseExecutor.doExecute(TestCaseExecutor.java:328)
	at com.kms.katalon.core.main.TestCaseExecutor.processExecutionPhase(TestCaseExecutor.java:307)
	at com.kms.katalon.core.main.TestCaseExecutor.accessMainPhase(TestCaseExecutor.java:299)
	at com.kms.katalon.core.main.TestCaseExecutor.execute(TestCaseExecutor.java:233)
	at com.kms.katalon.core.main.TestSuiteExecutor.accessTestCaseMainPhase(TestSuiteExecutor.java:169)
	at com.kms.katalon.core.main.TestSuiteExecutor.accessTestSuiteMainPhase(TestSuiteExecutor.java:142)
	at com.kms.katalon.core.main.TestSuiteExecutor.execute(TestSuiteExecutor.java:91)
	at com.kms.katalon.core.main.TestCaseMain.startTestSuite(TestCaseMain.java:157)
	at com.kms.katalon.core.main.TestCaseMain$startTestSuite$0.call(Unknown Source)
	at TempTestSuite1576951344125.run(TempTestSuite1576951344125.groovy:36)
Caused by: com.kms.katalon.core.webui.exception.WebElementNotFoundException: Web element with id: 'Object Repository/Page_ Town Square - FirstTeam Mattermost/span_Your status is set to Away' located by 'By.xpath: //h1[@id='confirmModalLabel']/span' not found
	at com.kms.katalon.core.webui.common.WebUiCommonHelper.findWebElement(WebUiCommonHelper.java:1154)
	at com.kms.katalon.core.webui.keyword.internal.WebUIAbstractKeyword.findWebElement(WebUIAbstractKeyword.groovy:27)
	at com.kms.katalon.core.webui.keyword.internal.WebUIAbstractKeyword.findWebElement(WebUIAbstractKeyword.groovy:26)
	at com.kms.katalon.core.webui.keyword.builtin.ClickKeyword$_click_closure1.doCall(ClickKeyword.groovy:67)
	at com.kms.katalon.core.webui.keyword.builtin.ClickKeyword$_click_closure1.call(ClickKeyword.groovy)
	at com.kms.katalon.core.webui.keyword.internal.WebUIKeywordMain.runKeyword(WebUIKeywordMain.groovy:20)
	... 19 more]]></system-err>
      </testcase>
      <testcase name="Test Cases/TestCase48AdminConsole" time="56.525" classname="Test Cases/TestCase48AdminConsole" status="PASSED">
         <system-out><![CDATA[2019-12-22 01:43:03 - [TEST_CASE][PASSED] - Test Cases/TestCase48AdminConsole: Test Cases/TestCase48AdminConsole

2019-12-22 01:43:03 - [TEST_STEP][PASSED] - openBrowser(""): Browser is opened with url: ''

2019-12-22 01:43:03 - [MESSAGE][WARNING] - A browser is already opened. Closing browser and opening a new one

2019-12-22 01:43:06 - [MESSAGE][INFO] - Starting 'Firefox (headless)' driver

2019-12-22 01:43:12 - [MESSAGE][PASSED] - Browser is opened with url: ''

2019-12-22 01:43:12 - [TEST_STEP][PASSED] - navigateToUrl("https://cs300testautomatic.herokuapp.com/"): Navigate to 'https://cs300testautomatic.herokuapp.com/' successfully

2019-12-22 01:43:17 - [MESSAGE][PASSED] - Navigate to 'https://cs300testautomatic.herokuapp.com/' successfully

2019-12-22 01:43:17 - [TEST_STEP][PASSED] - setText(findTestObject("Page_Mattermost/input_All team communication in one place s_703ef5 (34)"), "giabeuu@gmail.com"): Text 'giabeuu@gmail.com' is set on object 'Object Repository/Page_Mattermost/input_All team communication in one place s_703ef5 (34)'

2019-12-22 01:43:21 - [MESSAGE][PASSED] - Text 'giabeuu@gmail.com' is set on object 'Object Repository/Page_Mattermost/input_All team communication in one place s_703ef5 (34)'

2019-12-22 01:43:21 - [TEST_STEP][PASSED] - setEncryptedText(findTestObject("Page_Mattermost/input_All team communication in one place s_2f2733 (34)"), "GoUae4B8Jrc="): Text ****** has been set on object 'Object Repository/Page_Mattermost/input_All team communication in one place s_2f2733 (34)'

2019-12-22 01:43:21 - [MESSAGE][PASSED] - Text ****** has been set on object 'Object Repository/Page_Mattermost/input_All team communication in one place s_2f2733 (34)'

2019-12-22 01:43:21 - [TEST_STEP][PASSED] - click(findTestObject("Page_Mattermost/button_Sign in (23)")): Object: 'Object Repository/Page_Mattermost/button_Sign in (23)' is clicked on

2019-12-22 01:43:21 - [MESSAGE][PASSED] - Object: 'Object Repository/Page_Mattermost/button_Sign in (23)' is clicked on

2019-12-22 01:43:21 - [TEST_STEP][PASSED] - click(findTestObject("Page_ Town Square - FirstTeam Mattermost/div_Fi (12)")): Object: 'Object Repository/Page_ Town Square - FirstTeam Mattermost/div_Fi (12)' is clicked on

2019-12-22 01:43:53 - [MESSAGE][INFO] - Unable to find the element located by 'By.xpath: //a[@id='firstteamTeamButton']/div/div/div'. Please recheck the objects properties to make sure the desired element is located. 

2019-12-22 01:43:53 - [MESSAGE][INFO] - [SMART_XPATH] Auto-trying out other XPath values in the test object.

2019-12-22 01:43:53 - [MESSAGE][INFO] - [SMART_XPATH] FAILED XPATH: '//a[@id='firstteamTeamButton']/div/div/div'.

2019-12-22 01:43:53 - [MESSAGE][INFO] - [SMART_XPATH] WORKING XPATH: '(.//*[normalize-space(text()) and normalize-space(.)='FirstTeam'])[1]/following::div[9]'.

2019-12-22 01:43:53 - [MESSAGE][INFO] - [SMART_XPATH] Screenshot: D:/Learning/School/2019-2020-HK1/CS300/CS300AutomaticWebTesting/Reports/smart_xpath/Object Repository/Page_ Town Square - FirstTeam Mattermost/div_Fi (12)_neighbor_33.png

2019-12-22 01:43:53 - [MESSAGE][INFO] - [SMART_XPATH] FAILED XPATH: '(.//*[normalize-space(text()) and normalize-space(.)='Fi'])[2]/preceding::div[1]'.

2019-12-22 01:43:53 - [MESSAGE][INFO] - [SMART_XPATH] WORKING XPATH: '(.//*[normalize-space(text()) and normalize-space(.)='Ne'])[1]/preceding::div[5]'.

2019-12-22 01:43:53 - [MESSAGE][ERROR] - [SMART_XPATH] Cannot save screenshot to: D:/Learning/School/2019-2020-HK1/CS300/CS300AutomaticWebTesting/Reports/smart_xpath, reason: negative or zero width

2019-12-22 01:43:53 - [MESSAGE][INFO] - [SMART_XPATH] WORKING XPATH: '//*/text()[normalize-space(.)='Fi']/parent::*'.

2019-12-22 01:43:53 - [MESSAGE][INFO] - [SMART_XPATH] Screenshot: D:/Learning/School/2019-2020-HK1/CS300/CS300AutomaticWebTesting/Reports/smart_xpath/Object Repository/Page_ Town Square - FirstTeam Mattermost/div_Fi (12)_neighbor_35.png

2019-12-22 01:43:53 - [MESSAGE][INFO] - [SMART_XPATH] WORKING XPATH: '//a/div/div/div'.

2019-12-22 01:43:54 - [MESSAGE][INFO] - [SMART_XPATH] Screenshot: D:/Learning/School/2019-2020-HK1/CS300/CS300AutomaticWebTesting/Reports/smart_xpath/Object Repository/Page_ Town Square - FirstTeam Mattermost/div_Fi (12)_position.png

2019-12-22 01:43:54 - [MESSAGE][ERROR] - [SMART_XPATH] D:\Learning\School\2019-2020-HK1\CS300\CS300AutomaticWebTesting\Reports\smart_xpath\waiting-for-approval.json (The system cannot find the file specified)

2019-12-22 01:43:54 - [MESSAGE][ERROR] - [SMART_XPATH] D:/Learning/School/2019-2020-HK1/CS300/CS300AutomaticWebTesting/Reports/smart_xpath/waiting-for-approval.json does not exist or is provided by Smart XPath Plugin!

2019-12-22 01:43:54 - [MESSAGE][INFO] - [SMART_XPATH] Selected Smart XPath: '(.//*[normalize-space(text()) and normalize-space(.)='FirstTeam'])[1]/following::div[9]'.

2019-12-22 01:43:54 - [MESSAGE][INFO] - [SMART_XPATH] Continuing executing the test case!

2019-12-22 01:43:54 - [MESSAGE][PASSED] - Object: 'Object Repository/Page_ Town Square - FirstTeam Mattermost/div_Fi (12)' is clicked on

2019-12-22 01:43:54 - [TEST_STEP][PASSED] - click(findTestObject("Page_ Town Square - FirstTeam Mattermost/button_giabeuu_style--none sidebar-header-d_0f4080 (1)")): Object: 'Object Repository/Page_ Town Square - FirstTeam Mattermost/button_giabeuu_style--none sidebar-header-d_0f4080 (1)' is clicked on

2019-12-22 01:43:54 - [MESSAGE][PASSED] - Object: 'Object Repository/Page_ Town Square - FirstTeam Mattermost/button_giabeuu_style--none sidebar-header-d_0f4080 (1)' is clicked on

2019-12-22 01:43:54 - [TEST_STEP][PASSED] - click(findTestObject("Object Repository/Page_ Town Square - FirstTeam Mattermost/a_System Console")): Object: 'Object Repository/Page_ Town Square - FirstTeam Mattermost/a_System Console' is clicked on

2019-12-22 01:43:55 - [MESSAGE][PASSED] - Object: 'Object Repository/Page_ Town Square - FirstTeam Mattermost/a_System Console' is clicked on

2019-12-22 01:43:55 - [TEST_STEP][PASSED] - click(findTestObject("Object Repository/Page_System Console - Mattermost/span_System Console")): Object: 'Object Repository/Page_System Console - Mattermost/span_System Console' is clicked on

2019-12-22 01:43:58 - [MESSAGE][PASSED] - Object: 'Object Repository/Page_System Console - Mattermost/span_System Console' is clicked on

2019-12-22 01:43:58 - [TEST_STEP][PASSED] - closeBrowser(): Browser is closed

2019-12-22 01:43:59 - [MESSAGE][PASSED] - Browser is closed]]></system-out>
         <system-err><![CDATA[]]></system-err>
      </testcase>
      <testcase name="Test Cases/TestCase50ChangeUserPass" time="27.397" classname="Test Cases/TestCase50ChangeUserPass" status="PASSED">
         <system-out><![CDATA[2019-12-22 01:43:59 - [TEST_CASE][PASSED] - Test Cases/TestCase50ChangeUserPass: Test Cases/TestCase50ChangeUserPass

2019-12-22 01:44:00 - [TEST_STEP][PASSED] - openBrowser(""): Browser is opened with url: ''

2019-12-22 01:44:00 - [MESSAGE][INFO] - Starting 'Firefox (headless)' driver

2019-12-22 01:44:06 - [MESSAGE][PASSED] - Browser is opened with url: ''

2019-12-22 01:44:06 - [TEST_STEP][PASSED] - navigateToUrl("https://cs300testautomatic.herokuapp.com/"): Navigate to 'https://cs300testautomatic.herokuapp.com/' successfully

2019-12-22 01:44:12 - [MESSAGE][PASSED] - Navigate to 'https://cs300testautomatic.herokuapp.com/' successfully

2019-12-22 01:44:12 - [TEST_STEP][PASSED] - setText(findTestObject("Page_Mattermost/input_All team communication in one place s_703ef5 (38)"), "dhieu@apcs.vn"): Text 'dhieu@apcs.vn' is set on object 'Object Repository/Page_Mattermost/input_All team communication in one place s_703ef5 (38)'

2019-12-22 01:44:16 - [MESSAGE][PASSED] - Text 'dhieu@apcs.vn' is set on object 'Object Repository/Page_Mattermost/input_All team communication in one place s_703ef5 (38)'

2019-12-22 01:44:16 - [TEST_STEP][PASSED] - setEncryptedText(findTestObject("Page_Mattermost/input_All team communication in one place s_2f2733 (38)"), "iGDxf8hSRT4="): Text ****** has been set on object 'Object Repository/Page_Mattermost/input_All team communication in one place s_2f2733 (38)'

2019-12-22 01:44:17 - [MESSAGE][PASSED] - Text ****** has been set on object 'Object Repository/Page_Mattermost/input_All team communication in one place s_2f2733 (38)'

2019-12-22 01:44:17 - [TEST_STEP][PASSED] - click(findTestObject("Page_Mattermost/span_Sign in (8)")): Object: 'Object Repository/Page_Mattermost/span_Sign in (8)' is clicked on

2019-12-22 01:44:17 - [MESSAGE][PASSED] - Object: 'Object Repository/Page_Mattermost/span_Sign in (8)' is clicked on

2019-12-22 01:44:17 - [TEST_STEP][PASSED] - click(findTestObject("Object Repository/Page_Town Square - FirstTeam Mattermost/button_hieu_style--none sidebar-header-drop_de94de")): Object: 'Object Repository/Page_Town Square - FirstTeam Mattermost/button_hieu_style--none sidebar-header-drop_de94de' is clicked on

2019-12-22 01:44:20 - [MESSAGE][PASSED] - Object: 'Object Repository/Page_Town Square - FirstTeam Mattermost/button_hieu_style--none sidebar-header-drop_de94de' is clicked on

2019-12-22 01:44:20 - [TEST_STEP][PASSED] - click(findTestObject("Page_Town Square - FirstTeam Mattermost/button_Account Settings (1)")): Object: 'Object Repository/Page_Town Square - FirstTeam Mattermost/button_Account Settings (1)' is clicked on

2019-12-22 01:44:21 - [MESSAGE][PASSED] - Object: 'Object Repository/Page_Town Square - FirstTeam Mattermost/button_Account Settings (1)' is clicked on

2019-12-22 01:44:21 - [TEST_STEP][PASSED] - click(findTestObject("Object Repository/Page_Town Square - FirstTeam Mattermost/button_Security")): Object: 'Object Repository/Page_Town Square - FirstTeam Mattermost/button_Security' is clicked on

2019-12-22 01:44:22 - [MESSAGE][PASSED] - Object: 'Object Repository/Page_Town Square - FirstTeam Mattermost/button_Security' is clicked on

2019-12-22 01:44:22 - [TEST_STEP][PASSED] - click(findTestObject("Page_Town Square - FirstTeam Mattermost/button_Edit (1)")): Object: 'Object Repository/Page_Town Square - FirstTeam Mattermost/button_Edit (1)' is clicked on

2019-12-22 01:44:23 - [MESSAGE][PASSED] - Object: 'Object Repository/Page_Town Square - FirstTeam Mattermost/button_Edit (1)' is clicked on

2019-12-22 01:44:23 - [TEST_STEP][PASSED] - setEncryptedText(findTestObject("Object Repository/Page_Town Square - FirstTeam Mattermost/input_Current Password_currentPassword"), "iGDxf8hSRT4="): Text ****** has been set on object 'Object Repository/Page_Town Square - FirstTeam Mattermost/input_Current Password_currentPassword'

2019-12-22 01:44:23 - [MESSAGE][PASSED] - Text ****** has been set on object 'Object Repository/Page_Town Square - FirstTeam Mattermost/input_Current Password_currentPassword'

2019-12-22 01:44:23 - [TEST_STEP][PASSED] - setEncryptedText(findTestObject("Object Repository/Page_Town Square - FirstTeam Mattermost/input_New Password_newPassword"), "iGDxf8hSRT4="): Text ****** has been set on object 'Object Repository/Page_Town Square - FirstTeam Mattermost/input_New Password_newPassword'

2019-12-22 01:44:23 - [MESSAGE][PASSED] - Text ****** has been set on object 'Object Repository/Page_Town Square - FirstTeam Mattermost/input_New Password_newPassword'

2019-12-22 01:44:23 - [TEST_STEP][PASSED] - setEncryptedText(findTestObject("Object Repository/Page_Town Square - FirstTeam Mattermost/input_Retype New Password_confirmPassword"), "iGDxf8hSRT4="): Text ****** has been set on object 'Object Repository/Page_Town Square - FirstTeam Mattermost/input_Retype New Password_confirmPassword'

2019-12-22 01:44:24 - [MESSAGE][PASSED] - Text ****** has been set on object 'Object Repository/Page_Town Square - FirstTeam Mattermost/input_Retype New Password_confirmPassword'

2019-12-22 01:44:24 - [TEST_STEP][PASSED] - click(findTestObject("Page_Town Square - FirstTeam Mattermost/button_Save (1)")): Object: 'Object Repository/Page_Town Square - FirstTeam Mattermost/button_Save (1)' is clicked on

2019-12-22 01:44:24 - [MESSAGE][PASSED] - Object: 'Object Repository/Page_Town Square - FirstTeam Mattermost/button_Save (1)' is clicked on

2019-12-22 01:44:24 - [TEST_STEP][PASSED] - click(findTestObject("Page_Town Square - FirstTeam Mattermost/button_Close (1)")): Object: 'Object Repository/Page_Town Square - FirstTeam Mattermost/button_Close (1)' is clicked on

2019-12-22 01:44:25 - [MESSAGE][PASSED] - Object: 'Object Repository/Page_Town Square - FirstTeam Mattermost/button_Close (1)' is clicked on

2019-12-22 01:44:25 - [TEST_STEP][PASSED] - closeBrowser(): Browser is closed

2019-12-22 01:44:27 - [MESSAGE][PASSED] - Browser is closed]]></system-out>
         <system-err><![CDATA[]]></system-err>
      </testcase>
      <system-out><![CDATA[2019-12-22 01:02:27 - [TEST_SUITE][FAILED] - Run All Test Cases: Test Cases/TestCase17RemoveMemberFromChannel FAILED.
Reason:
com.kms.katalon.core.exception.StepFailedException: Unable to click on object 'Object Repository/Page_ChannelAddMember - FirstTeam Mattermost/button_Channel MembergiabeuuRemove Member'
	at com.kms.katalon.core.webui.keyword.internal.WebUIKeywordMain.stepFailed(WebUIKeywordMain.groovy:64)
	at com.kms.katalon.core.webui.keyword.internal.WebUIKeywordMain.runKeyword(WebUIKeywordMain.groovy:26)
	at com.kms.katalon.core.webui.keyword.builtin.ClickKeyword.click(ClickKeyword.groovy:102)
	at com.kms.katalon.core.webui.keyword.builtin.ClickKeyword.execute(ClickKeyword.groovy:43)
	at com.kms.katalon.core.keyword.internal.KeywordExecutor.executeKeywordForPlatform(KeywordExecutor.groovy:72)
	at com.kms.katalon.core.webui.keyword.WebUiBuiltInKeywords.click(WebUiBuiltInKeywords.groovy:616)
	at com.kms.katalon.core.webui.keyword.WebUiBuiltInKeywords$click$3.call(Unknown Source)
	at TestCase17RemoveMemberFromChannel.run(TestCase17RemoveMemberFromChannel:37)
	at com.kms.katalon.core.main.ScriptEngine.run(ScriptEngine.java:194)
	at com.kms.katalon.core.main.ScriptEngine.runScriptAsRawText(ScriptEngine.java:119)
	at com.kms.katalon.core.main.TestCaseExecutor.runScript(TestCaseExecutor.java:337)
	at com.kms.katalon.core.main.TestCaseExecutor.doExecute(TestCaseExecutor.java:328)
	at com.kms.katalon.core.main.TestCaseExecutor.processExecutionPhase(TestCaseExecutor.java:307)
	at com.kms.katalon.core.main.TestCaseExecutor.accessMainPhase(TestCaseExecutor.java:299)
	at com.kms.katalon.core.main.TestCaseExecutor.execute(TestCaseExecutor.java:233)
	at com.kms.katalon.core.main.TestSuiteExecutor.accessTestCaseMainPhase(TestSuiteExecutor.java:169)
	at com.kms.katalon.core.main.TestSuiteExecutor.accessTestSuiteMainPhase(TestSuiteExecutor.java:142)
	at com.kms.katalon.core.main.TestSuiteExecutor.execute(TestSuiteExecutor.java:91)
	at com.kms.katalon.core.main.TestCaseMain.startTestSuite(TestCaseMain.java:157)
	at com.kms.katalon.core.main.TestCaseMain$startTestSuite$0.call(Unknown Source)
	at TempTestSuite1576951344125.run(TempTestSuite1576951344125.groovy:36)
Caused by: com.kms.katalon.core.webui.exception.WebElementNotFoundException: Web element with id: 'Object Repository/Page_ChannelAddMember - FirstTeam Mattermost/button_Channel MembergiabeuuRemove Member' located by 'By.xpath: //button[@id='removeMember']' not found
	at com.kms.katalon.core.webui.common.WebUiCommonHelper.findWebElement(WebUiCommonHelper.java:1154)
	at com.kms.katalon.core.webui.keyword.internal.WebUIAbstractKeyword.findWebElement(WebUIAbstractKeyword.groovy:27)
	at com.kms.katalon.core.webui.keyword.internal.WebUIAbstractKeyword.findWebElement(WebUIAbstractKeyword.groovy:26)
	at com.kms.katalon.core.webui.keyword.builtin.ClickKeyword$_click_closure1.doCall(ClickKeyword.groovy:67)
	at com.kms.katalon.core.webui.keyword.builtin.ClickKeyword$_click_closure1.call(ClickKeyword.groovy)
	at com.kms.katalon.core.webui.keyword.internal.WebUIKeywordMain.runKeyword(WebUIKeywordMain.groovy:20)
	... 19 more]]></system-out>
      <system-err><![CDATA[2019-12-22 01:02:27 - [TEST_SUITE][FAILED] - Run All Test Cases: Test Cases/TestCase17RemoveMemberFromChannel FAILED.
Reason:
com.kms.katalon.core.exception.StepFailedException: Unable to click on object 'Object Repository/Page_ChannelAddMember - FirstTeam Mattermost/button_Channel MembergiabeuuRemove Member'
	at com.kms.katalon.core.webui.keyword.internal.WebUIKeywordMain.stepFailed(WebUIKeywordMain.groovy:64)
	at com.kms.katalon.core.webui.keyword.internal.WebUIKeywordMain.runKeyword(WebUIKeywordMain.groovy:26)
	at com.kms.katalon.core.webui.keyword.builtin.ClickKeyword.click(ClickKeyword.groovy:102)
	at com.kms.katalon.core.webui.keyword.builtin.ClickKeyword.execute(ClickKeyword.groovy:43)
	at com.kms.katalon.core.keyword.internal.KeywordExecutor.executeKeywordForPlatform(KeywordExecutor.groovy:72)
	at com.kms.katalon.core.webui.keyword.WebUiBuiltInKeywords.click(WebUiBuiltInKeywords.groovy:616)
	at com.kms.katalon.core.webui.keyword.WebUiBuiltInKeywords$click$3.call(Unknown Source)
	at TestCase17RemoveMemberFromChannel.run(TestCase17RemoveMemberFromChannel:37)
	at com.kms.katalon.core.main.ScriptEngine.run(ScriptEngine.java:194)
	at com.kms.katalon.core.main.ScriptEngine.runScriptAsRawText(ScriptEngine.java:119)
	at com.kms.katalon.core.main.TestCaseExecutor.runScript(TestCaseExecutor.java:337)
	at com.kms.katalon.core.main.TestCaseExecutor.doExecute(TestCaseExecutor.java:328)
	at com.kms.katalon.core.main.TestCaseExecutor.processExecutionPhase(TestCaseExecutor.java:307)
	at com.kms.katalon.core.main.TestCaseExecutor.accessMainPhase(TestCaseExecutor.java:299)
	at com.kms.katalon.core.main.TestCaseExecutor.execute(TestCaseExecutor.java:233)
	at com.kms.katalon.core.main.TestSuiteExecutor.accessTestCaseMainPhase(TestSuiteExecutor.java:169)
	at com.kms.katalon.core.main.TestSuiteExecutor.accessTestSuiteMainPhase(TestSuiteExecutor.java:142)
	at com.kms.katalon.core.main.TestSuiteExecutor.execute(TestSuiteExecutor.java:91)
	at com.kms.katalon.core.main.TestCaseMain.startTestSuite(TestCaseMain.java:157)
	at com.kms.katalon.core.main.TestCaseMain$startTestSuite$0.call(Unknown Source)
	at TempTestSuite1576951344125.run(TempTestSuite1576951344125.groovy:36)
Caused by: com.kms.katalon.core.webui.exception.WebElementNotFoundException: Web element with id: 'Object Repository/Page_ChannelAddMember - FirstTeam Mattermost/button_Channel MembergiabeuuRemove Member' located by 'By.xpath: //button[@id='removeMember']' not found
	at com.kms.katalon.core.webui.common.WebUiCommonHelper.findWebElement(WebUiCommonHelper.java:1154)
	at com.kms.katalon.core.webui.keyword.internal.WebUIAbstractKeyword.findWebElement(WebUIAbstractKeyword.groovy:27)
	at com.kms.katalon.core.webui.keyword.internal.WebUIAbstractKeyword.findWebElement(WebUIAbstractKeyword.groovy:26)
	at com.kms.katalon.core.webui.keyword.builtin.ClickKeyword$_click_closure1.doCall(ClickKeyword.groovy:67)
	at com.kms.katalon.core.webui.keyword.builtin.ClickKeyword$_click_closure1.call(ClickKeyword.groovy)
	at com.kms.katalon.core.webui.keyword.internal.WebUIKeywordMain.runKeyword(WebUIKeywordMain.groovy:20)
	... 19 more]]></system-err>
   </testsuite>
</testsuites>
