<?xml version="1.0" encoding="UTF-8"?>
<testsuites name="Run All Test Cases" time="2784.929" tests="56" failures="12" errors="0">
   <testsuite name="Run All Test Cases" tests="56" failures="12" errors="0" time="2784.929" timestamp="2019-12-22 02:05:07" hostname="ASUS - DESKTOP-O368F3Q" id="Test Suites/Run All Test Cases">
      <properties>
         <property name="deviceName" value=""/>
         <property name="devicePlatform" value=""/>
         <property name="logFolder" value="D:\\Learning\\School\\2019-2020-HK1\\CS300\\CS300AutomaticWebTesting\\Reports\\20191222_020503\\Run All Test Cases\\20191222_020503"/>
         <property name="logFiles" value="D:\\Learning\\School\\2019-2020-HK1\\CS300\\CS300AutomaticWebTesting\\Reports\\20191222_020503\\Run All Test Cases\\20191222_020503\\execution0.log"/>
         <property name="attachments" value="D:\\Learning\\School\\2019-2020-HK1\\CS300\\CS300AutomaticWebTesting\\Reports\\20191222_020503\\Run All Test Cases\\20191222_020503\\1576955582723.png, D:\\Learning\\School\\2019-2020-HK1\\CS300\\CS300AutomaticWebTesting\\Reports\\20191222_020503\\Run All Test Cases\\20191222_020503\\1576956092187.png, D:\\Learning\\School\\2019-2020-HK1\\CS300\\CS300AutomaticWebTesting\\Reports\\20191222_020503\\Run All Test Cases\\20191222_020503\\1576956145424.png, D:\\Learning\\School\\2019-2020-HK1\\CS300\\CS300AutomaticWebTesting\\Reports\\20191222_020503\\Run All Test Cases\\20191222_020503\\1576956261210.png, D:\\Learning\\School\\2019-2020-HK1\\CS300\\CS300AutomaticWebTesting\\Reports\\20191222_020503\\Run All Test Cases\\20191222_020503\\1576956814535.png, D:\\Learning\\School\\2019-2020-HK1\\CS300\\CS300AutomaticWebTesting\\Reports\\20191222_020503\\Run All Test Cases\\20191222_020503\\1576957235666.png, D:\\Learning\\School\\2019-2020-HK1\\CS300\\CS300AutomaticWebTesting\\Reports\\20191222_020503\\Run All Test Cases\\20191222_020503\\1576957344219.png, D:\\Learning\\School\\2019-2020-HK1\\CS300\\CS300AutomaticWebTesting\\Reports\\20191222_020503\\Run All Test Cases\\20191222_020503\\1576957425362.png, D:\\Learning\\School\\2019-2020-HK1\\CS300\\CS300AutomaticWebTesting\\Reports\\20191222_020503\\Run All Test Cases\\20191222_020503\\1576957559698.png, D:\\Learning\\School\\2019-2020-HK1\\CS300\\CS300AutomaticWebTesting\\Reports\\20191222_020503\\Run All Test Cases\\20191222_020503\\1576957638449.png, D:\\Learning\\School\\2019-2020-HK1\\CS300\\CS300AutomaticWebTesting\\Reports\\20191222_020503\\Run All Test Cases\\20191222_020503\\1576957686869.png, D:\\Learning\\School\\2019-2020-HK1\\CS300\\CS300AutomaticWebTesting\\Reports\\20191222_020503\\Run All Test Cases\\20191222_020503\\1576957817857.png"/>
         <property name="hostName" value="ASUS - DESKTOP-O368F3Q"/>
         <property name="os" value="Windows 10 64bit"/>
         <property name="katalonVersion" value="7.1.2.1"/>
         <property name="browser" value="Firefox 71.0"/>
         <property name="hostAddress" value="192.168.0.107"/>
         <property name="sessionId" value="28dfb719-3691-47b2-8e72-20e397085d03"/>
         <property name="seleniumVersion" value="3.141.59"/>
         <property name="proxyInformation" value="ProxyInformation{proxyOption=NO_PROXY, proxyServerType=HTTP, password=, proxyServerAddress=, proxyServerPort=0, executionList=}"/>
         <property name="platform" value="Windows 10"/>
      </properties>
      <testcase name="Test Cases/TestCase01LoginSuccessfully" time="17.861" classname="Test Cases/TestCase01LoginSuccessfully" status="PASSED">
         <system-out><![CDATA[2019-12-22 02:05:07 - [TEST_CASE][PASSED] - Test Cases/TestCase01LoginSuccessfully: Test Cases/TestCase01LoginSuccessfully

2019-12-22 02:05:08 - [TEST_STEP][PASSED] - openBrowser(""): Browser is opened with url: ''

2019-12-22 02:05:08 - [MESSAGE][INFO] - Starting 'Firefox (headless)' driver

2019-12-22 02:05:09 - [MESSAGE][INFO] - Action delay is set to 0 seconds

2019-12-22 02:05:14 - [MESSAGE][PASSED] - Browser is opened with url: ''

2019-12-22 02:05:14 - [TEST_STEP][PASSED] - navigateToUrl("https://cs300testautomatic.herokuapp.com/"): Navigate to 'https://cs300testautomatic.herokuapp.com/' successfully

2019-12-22 02:05:20 - [MESSAGE][PASSED] - Navigate to 'https://cs300testautomatic.herokuapp.com/' successfully

2019-12-22 02:05:20 - [TEST_STEP][PASSED] - setText(findTestObject("Page_Mattermost/input_All team communication in one place s_703ef5"), "giabeuu@gmail.com"): Text 'giabeuu@gmail.com' is set on object 'Object Repository/Page_Mattermost/input_All team communication in one place s_703ef5'

2019-12-22 02:05:24 - [MESSAGE][PASSED] - Text 'giabeuu@gmail.com' is set on object 'Object Repository/Page_Mattermost/input_All team communication in one place s_703ef5'

2019-12-22 02:05:24 - [TEST_STEP][PASSED] - setEncryptedText(findTestObject("Page_Mattermost/input_All team communication in one place s_2f2733"), "GoUae4B8Jrc="): Text ****** has been set on object 'Object Repository/Page_Mattermost/input_All team communication in one place s_2f2733'

2019-12-22 02:05:25 - [MESSAGE][PASSED] - Text ****** has been set on object 'Object Repository/Page_Mattermost/input_All team communication in one place s_2f2733'

2019-12-22 02:05:25 - [TEST_STEP][PASSED] - click(findTestObject("Page_Mattermost/span_Sign in")): Object: 'Object Repository/Page_Mattermost/span_Sign in' is clicked on

2019-12-22 02:05:25 - [MESSAGE][PASSED] - Object: 'Object Repository/Page_Mattermost/span_Sign in' is clicked on]]></system-out>
         <system-err><![CDATA[]]></system-err>
      </testcase>
      <testcase name="Test Cases/TestCase02LogoutSuccessfully" time="18.15" classname="Test Cases/TestCase02LogoutSuccessfully" status="PASSED">
         <system-out><![CDATA[2019-12-22 02:05:25 - [TEST_CASE][PASSED] - Test Cases/TestCase02LogoutSuccessfully: Test Cases/TestCase02LogoutSuccessfully

2019-12-22 02:05:25 - [TEST_STEP][PASSED] - openBrowser(""): Browser is opened with url: ''

2019-12-22 02:05:25 - [MESSAGE][WARNING] - A browser is already opened. Closing browser and opening a new one

2019-12-22 02:05:27 - [MESSAGE][INFO] - Starting 'Firefox (headless)' driver

2019-12-22 02:05:30 - [MESSAGE][PASSED] - Browser is opened with url: ''

2019-12-22 02:05:30 - [TEST_STEP][PASSED] - navigateToUrl("https://cs300testautomatic.herokuapp.com/"): Navigate to 'https://cs300testautomatic.herokuapp.com/' successfully

2019-12-22 02:05:34 - [MESSAGE][PASSED] - Navigate to 'https://cs300testautomatic.herokuapp.com/' successfully

2019-12-22 02:05:34 - [TEST_STEP][PASSED] - setText(findTestObject("Page_Mattermost/input_All team communication in one place s_703ef5"), "giabeuu@gmail.com"): Text 'giabeuu@gmail.com' is set on object 'Object Repository/Page_Mattermost/input_All team communication in one place s_703ef5'

2019-12-22 02:05:38 - [MESSAGE][PASSED] - Text 'giabeuu@gmail.com' is set on object 'Object Repository/Page_Mattermost/input_All team communication in one place s_703ef5'

2019-12-22 02:05:38 - [TEST_STEP][PASSED] - setEncryptedText(findTestObject("Page_Mattermost/input_All team communication in one place s_2f2733"), "GoUae4B8Jrc="): Text ****** has been set on object 'Object Repository/Page_Mattermost/input_All team communication in one place s_2f2733'

2019-12-22 02:05:38 - [MESSAGE][PASSED] - Text ****** has been set on object 'Object Repository/Page_Mattermost/input_All team communication in one place s_2f2733'

2019-12-22 02:05:38 - [TEST_STEP][PASSED] - click(findTestObject("Object Repository/Page_Mattermost/button_Sign in")): Object: 'Object Repository/Page_Mattermost/button_Sign in' is clicked on

2019-12-22 02:05:39 - [MESSAGE][PASSED] - Object: 'Object Repository/Page_Mattermost/button_Sign in' is clicked on

2019-12-22 02:05:39 - [TEST_STEP][PASSED] - click(findTestObject("Object Repository/Page_Town Square - Hello Mattermost/span")): Object: 'Object Repository/Page_Town Square - Hello Mattermost/span' is clicked on

2019-12-22 02:05:41 - [MESSAGE][PASSED] - Object: 'Object Repository/Page_Town Square - Hello Mattermost/span' is clicked on

2019-12-22 02:05:41 - [TEST_STEP][PASSED] - click(findTestObject("Object Repository/Page_Town Square - Hello Mattermost/button_Logout")): Object: 'Object Repository/Page_Town Square - Hello Mattermost/button_Logout' is clicked on

2019-12-22 02:05:42 - [MESSAGE][PASSED] - Object: 'Object Repository/Page_Town Square - Hello Mattermost/button_Logout' is clicked on

2019-12-22 02:05:42 - [TEST_STEP][PASSED] - closeBrowser(): Browser is closed

2019-12-22 02:05:43 - [MESSAGE][PASSED] - Browser is closed]]></system-out>
         <system-err><![CDATA[]]></system-err>
      </testcase>
      <testcase name="Test Cases/TestCase03LoginWrongPass" time="14.936" classname="Test Cases/TestCase03LoginWrongPass" status="PASSED">
         <system-out><![CDATA[2019-12-22 02:05:43 - [TEST_CASE][PASSED] - Test Cases/TestCase03LoginWrongPass: Test Cases/TestCase03LoginWrongPass

2019-12-22 02:05:44 - [TEST_STEP][PASSED] - openBrowser(""): Browser is opened with url: ''

2019-12-22 02:05:44 - [MESSAGE][INFO] - Starting 'Firefox (headless)' driver

2019-12-22 02:05:48 - [MESSAGE][PASSED] - Browser is opened with url: ''

2019-12-22 02:05:48 - [TEST_STEP][PASSED] - navigateToUrl("https://cs300testautomatic.herokuapp.com/"): Navigate to 'https://cs300testautomatic.herokuapp.com/' successfully

2019-12-22 02:05:52 - [MESSAGE][PASSED] - Navigate to 'https://cs300testautomatic.herokuapp.com/' successfully

2019-12-22 02:05:52 - [TEST_STEP][PASSED] - setText(findTestObject("Page_Mattermost/input_All team communication in one place s_703ef5"), "giabeuu@gmail.com"): Text 'giabeuu@gmail.com' is set on object 'Object Repository/Page_Mattermost/input_All team communication in one place s_703ef5'

2019-12-22 02:05:56 - [MESSAGE][PASSED] - Text 'giabeuu@gmail.com' is set on object 'Object Repository/Page_Mattermost/input_All team communication in one place s_703ef5'

2019-12-22 02:05:56 - [TEST_STEP][PASSED] - setEncryptedText(findTestObject("Page_Mattermost/input_All team communication in one place s_2f2733"), "4nvbrPglk7k="): Text ****** has been set on object 'Object Repository/Page_Mattermost/input_All team communication in one place s_2f2733'

2019-12-22 02:05:56 - [MESSAGE][PASSED] - Text ****** has been set on object 'Object Repository/Page_Mattermost/input_All team communication in one place s_2f2733'

2019-12-22 02:05:56 - [TEST_STEP][PASSED] - click(findTestObject("Page_Mattermost/span_Sign in")): Object: 'Object Repository/Page_Mattermost/span_Sign in' is clicked on

2019-12-22 02:05:56 - [MESSAGE][PASSED] - Object: 'Object Repository/Page_Mattermost/span_Sign in' is clicked on

2019-12-22 02:05:56 - [TEST_STEP][PASSED] - click(findTestObject("Object Repository/Page_Mattermost/label_Enter a valid email or username andor_ef8acb")): Object: 'Object Repository/Page_Mattermost/label_Enter a valid email or username andor_ef8acb' is clicked on

2019-12-22 02:05:57 - [MESSAGE][PASSED] - Object: 'Object Repository/Page_Mattermost/label_Enter a valid email or username andor_ef8acb' is clicked on

2019-12-22 02:05:57 - [TEST_STEP][PASSED] - closeBrowser(): Browser is closed

2019-12-22 02:05:58 - [MESSAGE][PASSED] - Browser is closed]]></system-out>
         <system-err><![CDATA[]]></system-err>
      </testcase>
      <testcase name="Test Cases/TestCase04CreateNewTeam" time="20.032" classname="Test Cases/TestCase04CreateNewTeam" status="PASSED">
         <system-out><![CDATA[2019-12-22 02:05:58 - [TEST_CASE][PASSED] - Test Cases/TestCase04CreateNewTeam: Test Cases/TestCase04CreateNewTeam

2019-12-22 02:05:59 - [TEST_STEP][PASSED] - openBrowser(""): Browser is opened with url: ''

2019-12-22 02:05:59 - [MESSAGE][INFO] - Starting 'Firefox (headless)' driver

2019-12-22 02:06:03 - [MESSAGE][PASSED] - Browser is opened with url: ''

2019-12-22 02:06:03 - [TEST_STEP][PASSED] - navigateToUrl("https://cs300testautomatic.herokuapp.com/"): Navigate to 'https://cs300testautomatic.herokuapp.com/' successfully

2019-12-22 02:06:07 - [MESSAGE][PASSED] - Navigate to 'https://cs300testautomatic.herokuapp.com/' successfully

2019-12-22 02:06:07 - [TEST_STEP][PASSED] - setText(findTestObject("Page_Mattermost/input_All team communication in one place s_703ef5"), "giabeuu@gmail.com"): Text 'giabeuu@gmail.com' is set on object 'Object Repository/Page_Mattermost/input_All team communication in one place s_703ef5'

2019-12-22 02:06:12 - [MESSAGE][PASSED] - Text 'giabeuu@gmail.com' is set on object 'Object Repository/Page_Mattermost/input_All team communication in one place s_703ef5'

2019-12-22 02:06:12 - [TEST_STEP][PASSED] - setEncryptedText(findTestObject("Page_Mattermost/input_All team communication in one place s_2f2733"), "GoUae4B8Jrc="): Text ****** has been set on object 'Object Repository/Page_Mattermost/input_All team communication in one place s_2f2733'

2019-12-22 02:06:12 - [MESSAGE][PASSED] - Text ****** has been set on object 'Object Repository/Page_Mattermost/input_All team communication in one place s_2f2733'

2019-12-22 02:06:12 - [TEST_STEP][PASSED] - click(findTestObject("Page_Mattermost/span_Sign in")): Object: 'Object Repository/Page_Mattermost/span_Sign in' is clicked on

2019-12-22 02:06:12 - [MESSAGE][PASSED] - Object: 'Object Repository/Page_Mattermost/span_Sign in' is clicked on

2019-12-22 02:06:12 - [TEST_STEP][PASSED] - click(findTestObject("Page_ Town Square - FirstTeam Mattermost/button_giabeuu_style--none sidebar-header-d_0f4080")): Object: 'Object Repository/Page_ Town Square - FirstTeam Mattermost/button_giabeuu_style--none sidebar-header-d_0f4080' is clicked on

2019-12-22 02:06:14 - [MESSAGE][PASSED] - Object: 'Object Repository/Page_ Town Square - FirstTeam Mattermost/button_giabeuu_style--none sidebar-header-d_0f4080' is clicked on

2019-12-22 02:06:14 - [TEST_STEP][PASSED] - click(findTestObject("Page_ Town Square - FirstTeam Mattermost/a_Create a New Team")): Object: 'Object Repository/Page_ Town Square - FirstTeam Mattermost/a_Create a New Team' is clicked on

2019-12-22 02:06:16 - [MESSAGE][PASSED] - Object: 'Object Repository/Page_ Town Square - FirstTeam Mattermost/a_Create a New Team' is clicked on

2019-12-22 02:06:16 - [TEST_STEP][PASSED] - setText(findTestObject("Page_ Town Square - FirstTeam Mattermost/input_Team Name_teamNameInput"), "MyTeam1"): Text 'MyTeam1' is set on object 'Object Repository/Page_ Town Square - FirstTeam Mattermost/input_Team Name_teamNameInput'

2019-12-22 02:06:16 - [MESSAGE][PASSED] - Text 'MyTeam1' is set on object 'Object Repository/Page_ Town Square - FirstTeam Mattermost/input_Team Name_teamNameInput'

2019-12-22 02:06:16 - [TEST_STEP][PASSED] - sendKeys(findTestObject("Page_ Town Square - FirstTeam Mattermost/input_Team Name_teamNameInput"), Keys.chord(ENTER)): Keys 'ENTER + ' sent to object: 'Object Repository/Page_ Town Square - FirstTeam Mattermost/input_Team Name_teamNameInput'

2019-12-22 02:06:16 - [MESSAGE][PASSED] - Keys 'ENTER + ' sent to object: 'Object Repository/Page_ Town Square - FirstTeam Mattermost/input_Team Name_teamNameInput'

2019-12-22 02:06:16 - [TEST_STEP][PASSED] - click(findTestObject("Object Repository/Page_ Town Square - FirstTeam Mattermost/button_Finish")): Object: 'Object Repository/Page_ Town Square - FirstTeam Mattermost/button_Finish' is clicked on

2019-12-22 02:06:16 - [MESSAGE][PASSED] - Object: 'Object Repository/Page_ Town Square - FirstTeam Mattermost/button_Finish' is clicked on

2019-12-22 02:06:16 - [TEST_STEP][PASSED] - closeBrowser(): Browser is closed

2019-12-22 02:06:18 - [MESSAGE][PASSED] - Browser is closed]]></system-out>
         <system-err><![CDATA[]]></system-err>
      </testcase>
      <testcase name="Test Cases/TestCase05ChatSomeThingOnMainChannel" time="20.178" classname="Test Cases/TestCase05ChatSomeThingOnMainChannel" status="PASSED">
         <system-out><![CDATA[2019-12-22 02:06:18 - [TEST_CASE][PASSED] - Test Cases/TestCase05ChatSomeThingOnMainChannel: Test Cases/TestCase05ChatSomeThingOnMainChannel

2019-12-22 02:06:19 - [TEST_STEP][PASSED] - callTestCase(findTestCase("TestCase01LoginSuccessfully"), [:], STOP_ON_FAILURE): Call Test Case 'Test Cases/TestCase01LoginSuccessfully' successfully

2019-12-22 02:06:19 - [TEST_CASE][PASSED] - Test Cases/TestCase01LoginSuccessfully: Test Cases/TestCase01LoginSuccessfully

2019-12-22 02:06:19 - [TEST_STEP][PASSED] - openBrowser(""): Browser is opened with url: ''

2019-12-22 02:06:19 - [MESSAGE][INFO] - Starting 'Firefox (headless)' driver

2019-12-22 02:06:23 - [MESSAGE][PASSED] - Browser is opened with url: ''

2019-12-22 02:06:23 - [TEST_STEP][PASSED] - navigateToUrl("https://cs300testautomatic.herokuapp.com/"): Navigate to 'https://cs300testautomatic.herokuapp.com/' successfully

2019-12-22 02:06:27 - [MESSAGE][PASSED] - Navigate to 'https://cs300testautomatic.herokuapp.com/' successfully

2019-12-22 02:06:27 - [TEST_STEP][PASSED] - setText(findTestObject("Page_Mattermost/input_All team communication in one place s_703ef5"), "giabeuu@gmail.com"): Text 'giabeuu@gmail.com' is set on object 'Object Repository/Page_Mattermost/input_All team communication in one place s_703ef5'

2019-12-22 02:06:31 - [MESSAGE][PASSED] - Text 'giabeuu@gmail.com' is set on object 'Object Repository/Page_Mattermost/input_All team communication in one place s_703ef5'

2019-12-22 02:06:31 - [TEST_STEP][PASSED] - setEncryptedText(findTestObject("Page_Mattermost/input_All team communication in one place s_2f2733"), "GoUae4B8Jrc="): Text ****** has been set on object 'Object Repository/Page_Mattermost/input_All team communication in one place s_2f2733'

2019-12-22 02:06:32 - [MESSAGE][PASSED] - Text ****** has been set on object 'Object Repository/Page_Mattermost/input_All team communication in one place s_2f2733'

2019-12-22 02:06:32 - [TEST_STEP][PASSED] - click(findTestObject("Page_Mattermost/span_Sign in")): Object: 'Object Repository/Page_Mattermost/span_Sign in' is clicked on

2019-12-22 02:06:32 - [MESSAGE][PASSED] - Object: 'Object Repository/Page_Mattermost/span_Sign in' is clicked on

2019-12-22 02:06:32 - [MESSAGE][INFO] - =================== Smart XPath Report =======================

2019-12-22 02:06:32 - [MESSAGE][INFO] - Refer to the link below to preview and approve auto healing on broken test objects.

2019-12-22 02:06:32 - [MESSAGE][INFO] - https://docs.katalon.com/katalon-studio/docs/auto-healing-smart-xpath.html

2019-12-22 02:06:32 - [MESSAGE][INFO] - ===============================================================

2019-12-22 02:06:32 - [MESSAGE][PASSED] - Call Test Case 'Test Cases/TestCase01LoginSuccessfully' successfully

2019-12-22 02:06:32 - [TEST_STEP][PASSED] - setText(findTestObject("Object Repository/Page_Town Square - FirstTeam Mattermost/textarea_Write to Town Square_post_textbox"), "I"): Text 'I' is set on object 'Object Repository/Page_Town Square - FirstTeam Mattermost/textarea_Write to Town Square_post_textbox'

2019-12-22 02:06:34 - [MESSAGE][PASSED] - Text 'I' is set on object 'Object Repository/Page_Town Square - FirstTeam Mattermost/textarea_Write to Town Square_post_textbox'

2019-12-22 02:06:34 - [TEST_STEP][PASSED] - setText(findTestObject("Object Repository/Page_Town Square - FirstTeam Mattermost/textarea_I"), "I "): Text 'I ' is set on object 'Object Repository/Page_Town Square - FirstTeam Mattermost/textarea_I'

2019-12-22 02:06:34 - [MESSAGE][PASSED] - Text 'I ' is set on object 'Object Repository/Page_Town Square - FirstTeam Mattermost/textarea_I'

2019-12-22 02:06:34 - [TEST_STEP][PASSED] - setText(findTestObject("Object Repository/Page_Town Square - FirstTeam Mattermost/textarea_I_1"), "I c"): Text 'I c' is set on object 'Object Repository/Page_Town Square - FirstTeam Mattermost/textarea_I_1'

2019-12-22 02:06:35 - [MESSAGE][PASSED] - Text 'I c' is set on object 'Object Repository/Page_Town Square - FirstTeam Mattermost/textarea_I_1'

2019-12-22 02:06:35 - [TEST_STEP][PASSED] - setText(findTestObject("Object Repository/Page_Town Square - FirstTeam Mattermost/textarea_I c"), "I ch"): Text 'I ch' is set on object 'Object Repository/Page_Town Square - FirstTeam Mattermost/textarea_I c'

2019-12-22 02:06:35 - [MESSAGE][PASSED] - Text 'I ch' is set on object 'Object Repository/Page_Town Square - FirstTeam Mattermost/textarea_I c'

2019-12-22 02:06:35 - [TEST_STEP][PASSED] - setText(findTestObject("Object Repository/Page_Town Square - FirstTeam Mattermost/textarea_I ch"), "I cha"): Text 'I cha' is set on object 'Object Repository/Page_Town Square - FirstTeam Mattermost/textarea_I ch'

2019-12-22 02:06:35 - [MESSAGE][PASSED] - Text 'I cha' is set on object 'Object Repository/Page_Town Square - FirstTeam Mattermost/textarea_I ch'

2019-12-22 02:06:35 - [TEST_STEP][PASSED] - setText(findTestObject("Object Repository/Page_Town Square - FirstTeam Mattermost/textarea_I cha"), "I chat"): Text 'I chat' is set on object 'Object Repository/Page_Town Square - FirstTeam Mattermost/textarea_I cha'

2019-12-22 02:06:35 - [MESSAGE][PASSED] - Text 'I chat' is set on object 'Object Repository/Page_Town Square - FirstTeam Mattermost/textarea_I cha'

2019-12-22 02:06:35 - [TEST_STEP][PASSED] - setText(findTestObject("Object Repository/Page_Town Square - FirstTeam Mattermost/textarea_I chat"), "I chat "): Text 'I chat ' is set on object 'Object Repository/Page_Town Square - FirstTeam Mattermost/textarea_I chat'

2019-12-22 02:06:35 - [MESSAGE][PASSED] - Text 'I chat ' is set on object 'Object Repository/Page_Town Square - FirstTeam Mattermost/textarea_I chat'

2019-12-22 02:06:35 - [TEST_STEP][PASSED] - setText(findTestObject("Object Repository/Page_Town Square - FirstTeam Mattermost/textarea_I chat_1"), "I chat s"): Text 'I chat s' is set on object 'Object Repository/Page_Town Square - FirstTeam Mattermost/textarea_I chat_1'

2019-12-22 02:06:35 - [MESSAGE][PASSED] - Text 'I chat s' is set on object 'Object Repository/Page_Town Square - FirstTeam Mattermost/textarea_I chat_1'

2019-12-22 02:06:35 - [TEST_STEP][PASSED] - setText(findTestObject("Object Repository/Page_Town Square - FirstTeam Mattermost/textarea_I chat s"), "I chat so"): Text 'I chat so' is set on object 'Object Repository/Page_Town Square - FirstTeam Mattermost/textarea_I chat s'

2019-12-22 02:06:36 - [MESSAGE][PASSED] - Text 'I chat so' is set on object 'Object Repository/Page_Town Square - FirstTeam Mattermost/textarea_I chat s'

2019-12-22 02:06:36 - [TEST_STEP][PASSED] - setText(findTestObject("Object Repository/Page_Town Square - FirstTeam Mattermost/textarea_I chat so"), "I chat som"): Text 'I chat som' is set on object 'Object Repository/Page_Town Square - FirstTeam Mattermost/textarea_I chat so'

2019-12-22 02:06:36 - [MESSAGE][PASSED] - Text 'I chat som' is set on object 'Object Repository/Page_Town Square - FirstTeam Mattermost/textarea_I chat so'

2019-12-22 02:06:36 - [TEST_STEP][PASSED] - setText(findTestObject("Object Repository/Page_Town Square - FirstTeam Mattermost/textarea_I chat som"), "I chat some"): Text 'I chat some' is set on object 'Object Repository/Page_Town Square - FirstTeam Mattermost/textarea_I chat som'

2019-12-22 02:06:36 - [MESSAGE][PASSED] - Text 'I chat some' is set on object 'Object Repository/Page_Town Square - FirstTeam Mattermost/textarea_I chat som'

2019-12-22 02:06:36 - [TEST_STEP][PASSED] - setText(findTestObject("Object Repository/Page_Town Square - FirstTeam Mattermost/textarea_I chat some"), "I chat somet"): Text 'I chat somet' is set on object 'Object Repository/Page_Town Square - FirstTeam Mattermost/textarea_I chat some'

2019-12-22 02:06:36 - [MESSAGE][PASSED] - Text 'I chat somet' is set on object 'Object Repository/Page_Town Square - FirstTeam Mattermost/textarea_I chat some'

2019-12-22 02:06:36 - [TEST_STEP][PASSED] - setText(findTestObject("Object Repository/Page_Town Square - FirstTeam Mattermost/textarea_I chat somet"), "I chat someth"): Text 'I chat someth' is set on object 'Object Repository/Page_Town Square - FirstTeam Mattermost/textarea_I chat somet'

2019-12-22 02:06:37 - [MESSAGE][PASSED] - Text 'I chat someth' is set on object 'Object Repository/Page_Town Square - FirstTeam Mattermost/textarea_I chat somet'

2019-12-22 02:06:37 - [TEST_STEP][PASSED] - setText(findTestObject("Object Repository/Page_Town Square - FirstTeam Mattermost/textarea_I chat someth"), "I chat somethi"): Text 'I chat somethi' is set on object 'Object Repository/Page_Town Square - FirstTeam Mattermost/textarea_I chat someth'

2019-12-22 02:06:37 - [MESSAGE][PASSED] - Text 'I chat somethi' is set on object 'Object Repository/Page_Town Square - FirstTeam Mattermost/textarea_I chat someth'

2019-12-22 02:06:37 - [TEST_STEP][PASSED] - setText(findTestObject("Object Repository/Page_Town Square - FirstTeam Mattermost/textarea_I chat somethi"), "I chat somethin"): Text 'I chat somethin' is set on object 'Object Repository/Page_Town Square - FirstTeam Mattermost/textarea_I chat somethi'

2019-12-22 02:06:37 - [MESSAGE][PASSED] - Text 'I chat somethin' is set on object 'Object Repository/Page_Town Square - FirstTeam Mattermost/textarea_I chat somethi'

2019-12-22 02:06:37 - [TEST_STEP][PASSED] - setText(findTestObject("Object Repository/Page_Town Square - FirstTeam Mattermost/textarea_I chat somethin"), "I chat something"): Text 'I chat something' is set on object 'Object Repository/Page_Town Square - FirstTeam Mattermost/textarea_I chat somethin'

2019-12-22 02:06:37 - [MESSAGE][PASSED] - Text 'I chat something' is set on object 'Object Repository/Page_Town Square - FirstTeam Mattermost/textarea_I chat somethin'

2019-12-22 02:06:37 - [TEST_STEP][PASSED] - closeBrowser(): Browser is closed

2019-12-22 02:06:38 - [MESSAGE][PASSED] - Browser is closed]]></system-out>
         <system-err><![CDATA[]]></system-err>
      </testcase>
      <testcase name="Test Cases/TestCase06CreateDirectMessage" time="17.897" classname="Test Cases/TestCase06CreateDirectMessage" status="PASSED">
         <system-out><![CDATA[2019-12-22 02:06:38 - [TEST_CASE][PASSED] - Test Cases/TestCase06CreateDirectMessage: Test Cases/TestCase06CreateDirectMessage

2019-12-22 02:06:39 - [TEST_STEP][PASSED] - openBrowser(""): Browser is opened with url: ''

2019-12-22 02:06:39 - [MESSAGE][INFO] - Starting 'Firefox (headless)' driver

2019-12-22 02:06:42 - [MESSAGE][PASSED] - Browser is opened with url: ''

2019-12-22 02:06:42 - [TEST_STEP][PASSED] - navigateToUrl("https://cs300testautomatic.herokuapp.com/"): Navigate to 'https://cs300testautomatic.herokuapp.com/' successfully

2019-12-22 02:06:47 - [MESSAGE][PASSED] - Navigate to 'https://cs300testautomatic.herokuapp.com/' successfully

2019-12-22 02:06:47 - [TEST_STEP][PASSED] - setText(findTestObject("Page_Mattermost/input_All team communication in one place s_703ef5 (35)"), "dhieu@apcs.vn"): Text 'dhieu@apcs.vn' is set on object 'Object Repository/Page_Mattermost/input_All team communication in one place s_703ef5 (35)'

2019-12-22 02:06:51 - [MESSAGE][PASSED] - Text 'dhieu@apcs.vn' is set on object 'Object Repository/Page_Mattermost/input_All team communication in one place s_703ef5 (35)'

2019-12-22 02:06:51 - [TEST_STEP][PASSED] - setEncryptedText(findTestObject("Page_Mattermost/input_All team communication in one place s_2f2733 (35)"), "iGDxf8hSRT4="): Text ****** has been set on object 'Object Repository/Page_Mattermost/input_All team communication in one place s_2f2733 (35)'

2019-12-22 02:06:51 - [MESSAGE][PASSED] - Text ****** has been set on object 'Object Repository/Page_Mattermost/input_All team communication in one place s_2f2733 (35)'

2019-12-22 02:06:51 - [TEST_STEP][PASSED] - click(findTestObject("Page_Mattermost/span_Sign in (7)")): Object: 'Object Repository/Page_Mattermost/span_Sign in (7)' is clicked on

2019-12-22 02:06:51 - [MESSAGE][PASSED] - Object: 'Object Repository/Page_Mattermost/span_Sign in (7)' is clicked on

2019-12-22 02:06:51 - [TEST_STEP][PASSED] - click(findTestObject("Page_Town Square - FirstTeam Mattermost/span_ (3)")): Object: 'Object Repository/Page_Town Square - FirstTeam Mattermost/span_ (3)' is clicked on

2019-12-22 02:06:53 - [MESSAGE][PASSED] - Object: 'Object Repository/Page_Town Square - FirstTeam Mattermost/span_ (3)' is clicked on

2019-12-22 02:06:53 - [TEST_STEP][PASSED] - click(findTestObject("Object Repository/Page_Town Square - FirstTeam Mattermost/div_pbduyapcsvn_more-modal__actions--round")): Object: 'Object Repository/Page_Town Square - FirstTeam Mattermost/div_pbduyapcsvn_more-modal__actions--round' is clicked on

2019-12-22 02:06:55 - [MESSAGE][PASSED] - Object: 'Object Repository/Page_Town Square - FirstTeam Mattermost/div_pbduyapcsvn_more-modal__actions--round' is clicked on

2019-12-22 02:06:55 - [TEST_STEP][PASSED] - click(findTestObject("Page_Town Square - FirstTeam Mattermost/button_Go (1)")): Object: 'Object Repository/Page_Town Square - FirstTeam Mattermost/button_Go (1)' is clicked on

2019-12-22 02:06:55 - [MESSAGE][PASSED] - Object: 'Object Repository/Page_Town Square - FirstTeam Mattermost/button_Go (1)' is clicked on

2019-12-22 02:06:55 - [TEST_STEP][PASSED] - closeBrowser(): Browser is closed

2019-12-22 02:06:56 - [MESSAGE][PASSED] - Browser is closed]]></system-out>
         <system-err><![CDATA[]]></system-err>
      </testcase>
      <testcase name="Test Cases/TestCase07ChatSomeThingOnDirectMessage" time="19.195" classname="Test Cases/TestCase07ChatSomeThingOnDirectMessage" status="PASSED">
         <system-out><![CDATA[2019-12-22 02:06:56 - [TEST_CASE][PASSED] - Test Cases/TestCase07ChatSomeThingOnDirectMessage: Test Cases/TestCase07ChatSomeThingOnDirectMessage

2019-12-22 02:06:57 - [TEST_STEP][PASSED] - openBrowser(""): Browser is opened with url: ''

2019-12-22 02:06:57 - [MESSAGE][INFO] - Starting 'Firefox (headless)' driver

2019-12-22 02:07:00 - [MESSAGE][PASSED] - Browser is opened with url: ''

2019-12-22 02:07:00 - [TEST_STEP][PASSED] - navigateToUrl("https://cs300testautomatic.herokuapp.com/"): Navigate to 'https://cs300testautomatic.herokuapp.com/' successfully

2019-12-22 02:07:04 - [MESSAGE][PASSED] - Navigate to 'https://cs300testautomatic.herokuapp.com/' successfully

2019-12-22 02:07:04 - [TEST_STEP][PASSED] - setText(findTestObject("Page_Mattermost/input_All team communication in one place s_703ef5"), "dhieu@apcs.vn"): Text 'dhieu@apcs.vn' is set on object 'Object Repository/Page_Mattermost/input_All team communication in one place s_703ef5'

2019-12-22 02:07:08 - [MESSAGE][PASSED] - Text 'dhieu@apcs.vn' is set on object 'Object Repository/Page_Mattermost/input_All team communication in one place s_703ef5'

2019-12-22 02:07:08 - [TEST_STEP][PASSED] - setEncryptedText(findTestObject("Page_Mattermost/input_All team communication in one place s_2f2733"), "iGDxf8hSRT4="): Text ****** has been set on object 'Object Repository/Page_Mattermost/input_All team communication in one place s_2f2733'

2019-12-22 02:07:08 - [MESSAGE][PASSED] - Text ****** has been set on object 'Object Repository/Page_Mattermost/input_All team communication in one place s_2f2733'

2019-12-22 02:07:08 - [TEST_STEP][PASSED] - sendKeys(findTestObject("Page_Mattermost/input_All team communication in one place s_2f2733"), Keys.chord(ENTER)): Keys 'ENTER + ' sent to object: 'Object Repository/Page_Mattermost/input_All team communication in one place s_2f2733'

2019-12-22 02:07:08 - [MESSAGE][PASSED] - Keys 'ENTER + ' sent to object: 'Object Repository/Page_Mattermost/input_All team communication in one place s_2f2733'

2019-12-22 02:07:08 - [TEST_STEP][PASSED] - click(findTestObject("Object Repository/Page_Town Square - FirstTeam Mattermost/span_duy")): Object: 'Object Repository/Page_Town Square - FirstTeam Mattermost/span_duy' is clicked on

2019-12-22 02:07:11 - [MESSAGE][PASSED] - Object: 'Object Repository/Page_Town Square - FirstTeam Mattermost/span_duy' is clicked on

2019-12-22 02:07:11 - [TEST_STEP][PASSED] - setText(findTestObject("Object Repository/Page_duy - FirstTeam Mattermost/textarea_Write to duy_post_textbox"), "C"): Text 'C' is set on object 'Object Repository/Page_duy - FirstTeam Mattermost/textarea_Write to duy_post_textbox'

2019-12-22 02:07:11 - [MESSAGE][PASSED] - Text 'C' is set on object 'Object Repository/Page_duy - FirstTeam Mattermost/textarea_Write to duy_post_textbox'

2019-12-22 02:07:11 - [TEST_STEP][PASSED] - setText(findTestObject("Object Repository/Page_duy - FirstTeam Mattermost/textarea_C"), "Ch"): Text 'Ch' is set on object 'Object Repository/Page_duy - FirstTeam Mattermost/textarea_C'

2019-12-22 02:07:11 - [MESSAGE][PASSED] - Text 'Ch' is set on object 'Object Repository/Page_duy - FirstTeam Mattermost/textarea_C'

2019-12-22 02:07:11 - [TEST_STEP][PASSED] - setText(findTestObject("Object Repository/Page_duy - FirstTeam Mattermost/textarea_Ch"), "Cha"): Text 'Cha' is set on object 'Object Repository/Page_duy - FirstTeam Mattermost/textarea_Ch'

2019-12-22 02:07:11 - [MESSAGE][PASSED] - Text 'Cha' is set on object 'Object Repository/Page_duy - FirstTeam Mattermost/textarea_Ch'

2019-12-22 02:07:11 - [TEST_STEP][PASSED] - setText(findTestObject("Object Repository/Page_duy - FirstTeam Mattermost/textarea_Cha"), "Chat"): Text 'Chat' is set on object 'Object Repository/Page_duy - FirstTeam Mattermost/textarea_Cha'

2019-12-22 02:07:12 - [MESSAGE][PASSED] - Text 'Chat' is set on object 'Object Repository/Page_duy - FirstTeam Mattermost/textarea_Cha'

2019-12-22 02:07:12 - [TEST_STEP][PASSED] - setText(findTestObject("Object Repository/Page_duy - FirstTeam Mattermost/textarea_Chat"), "Chat "): Text 'Chat ' is set on object 'Object Repository/Page_duy - FirstTeam Mattermost/textarea_Chat'

2019-12-22 02:07:12 - [MESSAGE][PASSED] - Text 'Chat ' is set on object 'Object Repository/Page_duy - FirstTeam Mattermost/textarea_Chat'

2019-12-22 02:07:12 - [TEST_STEP][PASSED] - setText(findTestObject("Object Repository/Page_duy - FirstTeam Mattermost/textarea_Chat_1"), "Chat s"): Text 'Chat s' is set on object 'Object Repository/Page_duy - FirstTeam Mattermost/textarea_Chat_1'

2019-12-22 02:07:12 - [MESSAGE][PASSED] - Text 'Chat s' is set on object 'Object Repository/Page_duy - FirstTeam Mattermost/textarea_Chat_1'

2019-12-22 02:07:12 - [TEST_STEP][PASSED] - setText(findTestObject("Object Repository/Page_duy - FirstTeam Mattermost/textarea_Chat s"), "Chat so"): Text 'Chat so' is set on object 'Object Repository/Page_duy - FirstTeam Mattermost/textarea_Chat s'

2019-12-22 02:07:12 - [MESSAGE][PASSED] - Text 'Chat so' is set on object 'Object Repository/Page_duy - FirstTeam Mattermost/textarea_Chat s'

2019-12-22 02:07:12 - [TEST_STEP][PASSED] - setText(findTestObject("Object Repository/Page_duy - FirstTeam Mattermost/textarea_Chat so"), "Chat som"): Text 'Chat som' is set on object 'Object Repository/Page_duy - FirstTeam Mattermost/textarea_Chat so'

2019-12-22 02:07:12 - [MESSAGE][PASSED] - Text 'Chat som' is set on object 'Object Repository/Page_duy - FirstTeam Mattermost/textarea_Chat so'

2019-12-22 02:07:12 - [TEST_STEP][PASSED] - setText(findTestObject("Object Repository/Page_duy - FirstTeam Mattermost/textarea_Chat som"), "Chat some"): Text 'Chat some' is set on object 'Object Repository/Page_duy - FirstTeam Mattermost/textarea_Chat som'

2019-12-22 02:07:13 - [MESSAGE][PASSED] - Text 'Chat some' is set on object 'Object Repository/Page_duy - FirstTeam Mattermost/textarea_Chat som'

2019-12-22 02:07:13 - [TEST_STEP][PASSED] - setText(findTestObject("Object Repository/Page_duy - FirstTeam Mattermost/textarea_Chat some"), "Chat some "): Text 'Chat some ' is set on object 'Object Repository/Page_duy - FirstTeam Mattermost/textarea_Chat some'

2019-12-22 02:07:13 - [MESSAGE][PASSED] - Text 'Chat some ' is set on object 'Object Repository/Page_duy - FirstTeam Mattermost/textarea_Chat some'

2019-12-22 02:07:13 - [TEST_STEP][PASSED] - setText(findTestObject("Object Repository/Page_duy - FirstTeam Mattermost/textarea_Chat some_1"), "Chat some  "): Text 'Chat some  ' is set on object 'Object Repository/Page_duy - FirstTeam Mattermost/textarea_Chat some_1'

2019-12-22 02:07:13 - [MESSAGE][PASSED] - Text 'Chat some  ' is set on object 'Object Repository/Page_duy - FirstTeam Mattermost/textarea_Chat some_1'

2019-12-22 02:07:13 - [TEST_STEP][PASSED] - setText(findTestObject("Object Repository/Page_duy - FirstTeam Mattermost/textarea_Chat some (1)"), "Chat some "): Text 'Chat some ' is set on object 'Object Repository/Page_duy - FirstTeam Mattermost/textarea_Chat some (1)'

2019-12-22 02:07:13 - [MESSAGE][PASSED] - Text 'Chat some ' is set on object 'Object Repository/Page_duy - FirstTeam Mattermost/textarea_Chat some (1)'

2019-12-22 02:07:13 - [TEST_STEP][PASSED] - setText(findTestObject("Object Repository/Page_duy - FirstTeam Mattermost/textarea_Chat some_1"), "Chat some"): Text 'Chat some' is set on object 'Object Repository/Page_duy - FirstTeam Mattermost/textarea_Chat some_1'

2019-12-22 02:07:13 - [MESSAGE][PASSED] - Text 'Chat some' is set on object 'Object Repository/Page_duy - FirstTeam Mattermost/textarea_Chat some_1'

2019-12-22 02:07:13 - [TEST_STEP][PASSED] - setText(findTestObject("Object Repository/Page_duy - FirstTeam Mattermost/textarea_Chat some"), "Chat somet"): Text 'Chat somet' is set on object 'Object Repository/Page_duy - FirstTeam Mattermost/textarea_Chat some'

2019-12-22 02:07:14 - [MESSAGE][PASSED] - Text 'Chat somet' is set on object 'Object Repository/Page_duy - FirstTeam Mattermost/textarea_Chat some'

2019-12-22 02:07:14 - [TEST_STEP][PASSED] - setText(findTestObject("Object Repository/Page_duy - FirstTeam Mattermost/textarea_Chat somet"), "Chat someth"): Text 'Chat someth' is set on object 'Object Repository/Page_duy - FirstTeam Mattermost/textarea_Chat somet'

2019-12-22 02:07:14 - [MESSAGE][PASSED] - Text 'Chat someth' is set on object 'Object Repository/Page_duy - FirstTeam Mattermost/textarea_Chat somet'

2019-12-22 02:07:14 - [TEST_STEP][PASSED] - setText(findTestObject("Object Repository/Page_duy - FirstTeam Mattermost/textarea_Chat someth"), "Chat somethi"): Text 'Chat somethi' is set on object 'Object Repository/Page_duy - FirstTeam Mattermost/textarea_Chat someth'

2019-12-22 02:07:14 - [MESSAGE][PASSED] - Text 'Chat somethi' is set on object 'Object Repository/Page_duy - FirstTeam Mattermost/textarea_Chat someth'

2019-12-22 02:07:14 - [TEST_STEP][PASSED] - setText(findTestObject("Object Repository/Page_duy - FirstTeam Mattermost/textarea_Chat somethi"), "Chat somethin"): Text 'Chat somethin' is set on object 'Object Repository/Page_duy - FirstTeam Mattermost/textarea_Chat somethi'

2019-12-22 02:07:14 - [MESSAGE][PASSED] - Text 'Chat somethin' is set on object 'Object Repository/Page_duy - FirstTeam Mattermost/textarea_Chat somethi'

2019-12-22 02:07:14 - [TEST_STEP][PASSED] - setText(findTestObject("Object Repository/Page_duy - FirstTeam Mattermost/textarea_Chat somethin"), "Chat something"): Text 'Chat something' is set on object 'Object Repository/Page_duy - FirstTeam Mattermost/textarea_Chat somethin'

2019-12-22 02:07:14 - [MESSAGE][PASSED] - Text 'Chat something' is set on object 'Object Repository/Page_duy - FirstTeam Mattermost/textarea_Chat somethin'

2019-12-22 02:07:14 - [TEST_STEP][PASSED] - closeBrowser(): Browser is closed

2019-12-22 02:07:16 - [MESSAGE][PASSED] - Browser is closed]]></system-out>
         <system-err><![CDATA[]]></system-err>
      </testcase>
      <testcase name="Test Cases/TestCase08TeamSettingsAddMembersToTeam" time="16.987" classname="Test Cases/TestCase08TeamSettingsAddMembersToTeam" status="PASSED">
         <system-out><![CDATA[2019-12-22 02:07:16 - [TEST_CASE][PASSED] - Test Cases/TestCase08TeamSettingsAddMembersToTeam: Test Cases/TestCase08TeamSettingsAddMembersToTeam

2019-12-22 02:07:16 - [TEST_STEP][PASSED] - openBrowser(""): Browser is opened with url: ''

2019-12-22 02:07:16 - [MESSAGE][INFO] - Starting 'Firefox (headless)' driver

2019-12-22 02:07:19 - [MESSAGE][PASSED] - Browser is opened with url: ''

2019-12-22 02:07:19 - [TEST_STEP][PASSED] - navigateToUrl("https://cs300testautomatic.herokuapp.com/"): Navigate to 'https://cs300testautomatic.herokuapp.com/' successfully

2019-12-22 02:07:24 - [MESSAGE][PASSED] - Navigate to 'https://cs300testautomatic.herokuapp.com/' successfully

2019-12-22 02:07:24 - [TEST_STEP][PASSED] - setText(findTestObject("Page_Mattermost/input_All team communication in one place s_703ef5 (6)"), "giabeuu@gmail.com"): Text 'giabeuu@gmail.com' is set on object 'Object Repository/Page_Mattermost/input_All team communication in one place s_703ef5 (6)'

2019-12-22 02:07:27 - [MESSAGE][PASSED] - Text 'giabeuu@gmail.com' is set on object 'Object Repository/Page_Mattermost/input_All team communication in one place s_703ef5 (6)'

2019-12-22 02:07:27 - [TEST_STEP][PASSED] - setEncryptedText(findTestObject("Page_Mattermost/input_All team communication in one place s_2f2733 (6)"), "GoUae4B8Jrc="): Text ****** has been set on object 'Object Repository/Page_Mattermost/input_All team communication in one place s_2f2733 (6)'

2019-12-22 02:07:27 - [MESSAGE][PASSED] - Text ****** has been set on object 'Object Repository/Page_Mattermost/input_All team communication in one place s_2f2733 (6)'

2019-12-22 02:07:27 - [TEST_STEP][PASSED] - click(findTestObject("Page_Mattermost/span_Sign in (4)")): Object: 'Object Repository/Page_Mattermost/span_Sign in (4)' is clicked on

2019-12-22 02:07:28 - [MESSAGE][PASSED] - Object: 'Object Repository/Page_Mattermost/span_Sign in (4)' is clicked on

2019-12-22 02:07:28 - [TEST_STEP][PASSED] - click(findTestObject("Page_(1)  Town Square - FirstTeam Mattermost/button_giabeuu_style--none sidebar-header-d_0f4080 (1)")): Object: 'Object Repository/Page_(1)  Town Square - FirstTeam Mattermost/button_giabeuu_style--none sidebar-header-d_0f4080 (1)' is clicked on

2019-12-22 02:07:30 - [MESSAGE][PASSED] - Object: 'Object Repository/Page_(1)  Town Square - FirstTeam Mattermost/button_giabeuu_style--none sidebar-header-d_0f4080 (1)' is clicked on

2019-12-22 02:07:30 - [TEST_STEP][PASSED] - click(findTestObject("Object Repository/Page_(1)  Town Square - FirstTeam Mattermost/button_Add Members to Team")): Object: 'Object Repository/Page_(1)  Town Square - FirstTeam Mattermost/button_Add Members to Team' is clicked on

2019-12-22 02:07:31 - [MESSAGE][PASSED] - Object: 'Object Repository/Page_(1)  Town Square - FirstTeam Mattermost/button_Add Members to Team' is clicked on

2019-12-22 02:07:31 - [TEST_STEP][PASSED] - click(findTestObject("Object Repository/Page_(1)  Town Square - FirstTeam Mattermost/div_duy - Pham Duy (Due)")): Object: 'Object Repository/Page_(1)  Town Square - FirstTeam Mattermost/div_duy - Pham Duy (Due)' is clicked on

2019-12-22 02:07:31 - [MESSAGE][PASSED] - Object: 'Object Repository/Page_(1)  Town Square - FirstTeam Mattermost/div_duy - Pham Duy (Due)' is clicked on

2019-12-22 02:07:31 - [TEST_STEP][PASSED] - click(findTestObject("Object Repository/Page_(1)  Town Square - FirstTeam Mattermost/button_Add")): Object: 'Object Repository/Page_(1)  Town Square - FirstTeam Mattermost/button_Add' is clicked on

2019-12-22 02:07:31 - [MESSAGE][PASSED] - Object: 'Object Repository/Page_(1)  Town Square - FirstTeam Mattermost/button_Add' is clicked on

2019-12-22 02:07:31 - [TEST_STEP][PASSED] - closeBrowser(): Browser is closed

2019-12-22 02:07:33 - [MESSAGE][PASSED] - Browser is closed]]></system-out>
         <system-err><![CDATA[]]></system-err>
      </testcase>
      <testcase name="Test Cases/TestCase09TeamSettingsRemoveMembersFromTeam" time="21.533" classname="Test Cases/TestCase09TeamSettingsRemoveMembersFromTeam" status="PASSED">
         <system-out><![CDATA[2019-12-22 02:07:33 - [TEST_CASE][PASSED] - Test Cases/TestCase09TeamSettingsRemoveMembersFromTeam: Test Cases/TestCase09TeamSettingsRemoveMembersFromTeam

2019-12-22 02:07:33 - [TEST_STEP][PASSED] - openBrowser(""): Browser is opened with url: ''

2019-12-22 02:07:33 - [MESSAGE][INFO] - Starting 'Firefox (headless)' driver

2019-12-22 02:07:36 - [MESSAGE][PASSED] - Browser is opened with url: ''

2019-12-22 02:07:36 - [TEST_STEP][PASSED] - navigateToUrl("https://cs300testautomatic.herokuapp.com/"): Navigate to 'https://cs300testautomatic.herokuapp.com/' successfully

2019-12-22 02:07:43 - [MESSAGE][PASSED] - Navigate to 'https://cs300testautomatic.herokuapp.com/' successfully

2019-12-22 02:07:43 - [TEST_STEP][PASSED] - setText(findTestObject("Page_Mattermost/input_All team communication in one place s_703ef5 (5)"), "giabeuu@gmail.com"): Text 'giabeuu@gmail.com' is set on object 'Object Repository/Page_Mattermost/input_All team communication in one place s_703ef5 (5)'

2019-12-22 02:07:48 - [MESSAGE][PASSED] - Text 'giabeuu@gmail.com' is set on object 'Object Repository/Page_Mattermost/input_All team communication in one place s_703ef5 (5)'

2019-12-22 02:07:48 - [TEST_STEP][PASSED] - setEncryptedText(findTestObject("Page_Mattermost/input_All team communication in one place s_2f2733 (5)"), "GoUae4B8Jrc="): Text ****** has been set on object 'Object Repository/Page_Mattermost/input_All team communication in one place s_2f2733 (5)'

2019-12-22 02:07:48 - [MESSAGE][PASSED] - Text ****** has been set on object 'Object Repository/Page_Mattermost/input_All team communication in one place s_2f2733 (5)'

2019-12-22 02:07:48 - [TEST_STEP][PASSED] - click(findTestObject("Page_Mattermost/span_Sign in (3)")): Object: 'Object Repository/Page_Mattermost/span_Sign in (3)' is clicked on

2019-12-22 02:07:48 - [MESSAGE][PASSED] - Object: 'Object Repository/Page_Mattermost/span_Sign in (3)' is clicked on

2019-12-22 02:07:48 - [TEST_STEP][PASSED] - click(findTestObject("Object Repository/Page_(1)  Town Square - FirstTeam Mattermost/button_giabeuu_style--none sidebar-header-d_0f4080")): Object: 'Object Repository/Page_(1)  Town Square - FirstTeam Mattermost/button_giabeuu_style--none sidebar-header-d_0f4080' is clicked on

2019-12-22 02:07:51 - [MESSAGE][PASSED] - Object: 'Object Repository/Page_(1)  Town Square - FirstTeam Mattermost/button_giabeuu_style--none sidebar-header-d_0f4080' is clicked on

2019-12-22 02:07:51 - [TEST_STEP][PASSED] - click(findTestObject("Object Repository/Page_(1)  Town Square - FirstTeam Mattermost/button_Manage Members")): Object: 'Object Repository/Page_(1)  Town Square - FirstTeam Mattermost/button_Manage Members' is clicked on

2019-12-22 02:07:52 - [MESSAGE][PASSED] - Object: 'Object Repository/Page_(1)  Town Square - FirstTeam Mattermost/button_Manage Members' is clicked on

2019-12-22 02:07:52 - [TEST_STEP][PASSED] - click(findTestObject("Object Repository/Page_(1)  Town Square - FirstTeam Mattermost/div_duy - Pham Duy (Due)pbduyapcsvnSystem Admin")): Object: 'Object Repository/Page_(1)  Town Square - FirstTeam Mattermost/div_duy - Pham Duy (Due)pbduyapcsvnSystem Admin' is clicked on

2019-12-22 02:07:52 - [MESSAGE][PASSED] - Object: 'Object Repository/Page_(1)  Town Square - FirstTeam Mattermost/div_duy - Pham Duy (Due)pbduyapcsvnSystem Admin' is clicked on

2019-12-22 02:07:52 - [TEST_STEP][PASSED] - click(findTestObject("Object Repository/Page_(1)  Town Square - FirstTeam Mattermost/span_System Admin")): Object: 'Object Repository/Page_(1)  Town Square - FirstTeam Mattermost/span_System Admin' is clicked on

2019-12-22 02:07:52 - [MESSAGE][PASSED] - Object: 'Object Repository/Page_(1)  Town Square - FirstTeam Mattermost/span_System Admin' is clicked on

2019-12-22 02:07:52 - [TEST_STEP][PASSED] - click(findTestObject("Object Repository/Page_(1)  Town Square - FirstTeam Mattermost/button_Remove From Team")): Object: 'Object Repository/Page_(1)  Town Square - FirstTeam Mattermost/button_Remove From Team' is clicked on

2019-12-22 02:07:53 - [MESSAGE][PASSED] - Object: 'Object Repository/Page_(1)  Town Square - FirstTeam Mattermost/button_Remove From Team' is clicked on

2019-12-22 02:07:53 - [TEST_STEP][PASSED] - click(findTestObject("Object Repository/Page_(1)  Town Square - FirstTeam Mattermost/button_Close")): Object: 'Object Repository/Page_(1)  Town Square - FirstTeam Mattermost/button_Close' is clicked on

2019-12-22 02:07:53 - [MESSAGE][PASSED] - Object: 'Object Repository/Page_(1)  Town Square - FirstTeam Mattermost/button_Close' is clicked on

2019-12-22 02:07:53 - [TEST_STEP][PASSED] - closeBrowser(): Browser is closed

2019-12-22 02:07:54 - [MESSAGE][PASSED] - Browser is closed]]></system-out>
         <system-err><![CDATA[]]></system-err>
      </testcase>
      <testcase name="Test Cases/TestCase10TeamSettingsTeamName" time="19.207" classname="Test Cases/TestCase10TeamSettingsTeamName" status="PASSED">
         <system-out><![CDATA[2019-12-22 02:07:54 - [TEST_CASE][PASSED] - Test Cases/TestCase10TeamSettingsTeamName: Test Cases/TestCase10TeamSettingsTeamName

2019-12-22 02:07:54 - [TEST_STEP][PASSED] - callTestCase(findTestCase("TestCase01LoginSuccessfully"), [:], STOP_ON_FAILURE): Call Test Case 'Test Cases/TestCase01LoginSuccessfully' successfully

2019-12-22 02:07:54 - [TEST_CASE][PASSED] - Test Cases/TestCase01LoginSuccessfully: Test Cases/TestCase01LoginSuccessfully

2019-12-22 02:07:54 - [TEST_STEP][PASSED] - openBrowser(""): Browser is opened with url: ''

2019-12-22 02:07:54 - [MESSAGE][INFO] - Starting 'Firefox (headless)' driver

2019-12-22 02:07:58 - [MESSAGE][PASSED] - Browser is opened with url: ''

2019-12-22 02:07:58 - [TEST_STEP][PASSED] - navigateToUrl("https://cs300testautomatic.herokuapp.com/"): Navigate to 'https://cs300testautomatic.herokuapp.com/' successfully

2019-12-22 02:08:03 - [MESSAGE][PASSED] - Navigate to 'https://cs300testautomatic.herokuapp.com/' successfully

2019-12-22 02:08:03 - [TEST_STEP][PASSED] - setText(findTestObject("Page_Mattermost/input_All team communication in one place s_703ef5"), "giabeuu@gmail.com"): Text 'giabeuu@gmail.com' is set on object 'Object Repository/Page_Mattermost/input_All team communication in one place s_703ef5'

2019-12-22 02:08:07 - [MESSAGE][PASSED] - Text 'giabeuu@gmail.com' is set on object 'Object Repository/Page_Mattermost/input_All team communication in one place s_703ef5'

2019-12-22 02:08:07 - [TEST_STEP][PASSED] - setEncryptedText(findTestObject("Page_Mattermost/input_All team communication in one place s_2f2733"), "GoUae4B8Jrc="): Text ****** has been set on object 'Object Repository/Page_Mattermost/input_All team communication in one place s_2f2733'

2019-12-22 02:08:07 - [MESSAGE][PASSED] - Text ****** has been set on object 'Object Repository/Page_Mattermost/input_All team communication in one place s_2f2733'

2019-12-22 02:08:07 - [TEST_STEP][PASSED] - click(findTestObject("Page_Mattermost/span_Sign in")): Object: 'Object Repository/Page_Mattermost/span_Sign in' is clicked on

2019-12-22 02:08:08 - [MESSAGE][PASSED] - Object: 'Object Repository/Page_Mattermost/span_Sign in' is clicked on

2019-12-22 02:08:08 - [MESSAGE][INFO] - =================== Smart XPath Report =======================

2019-12-22 02:08:08 - [MESSAGE][INFO] - Refer to the link below to preview and approve auto healing on broken test objects.

2019-12-22 02:08:08 - [MESSAGE][INFO] - https://docs.katalon.com/katalon-studio/docs/auto-healing-smart-xpath.html

2019-12-22 02:08:08 - [MESSAGE][INFO] - ===============================================================

2019-12-22 02:08:08 - [MESSAGE][PASSED] - Call Test Case 'Test Cases/TestCase01LoginSuccessfully' successfully

2019-12-22 02:08:08 - [TEST_STEP][PASSED] - click(findTestObject("Object Repository/Page_ Town Square - FirstTeam Mattermost/div_He")): Object: 'Object Repository/Page_ Town Square - FirstTeam Mattermost/div_He' is clicked on

2019-12-22 02:08:10 - [MESSAGE][PASSED] - Object: 'Object Repository/Page_ Town Square - FirstTeam Mattermost/div_He' is clicked on

2019-12-22 02:08:10 - [TEST_STEP][PASSED] - click(findTestObject("Object Repository/Page_ Town Square - Hello Mattermost/svg")): Object: 'Object Repository/Page_ Town Square - Hello Mattermost/svg' is clicked on

2019-12-22 02:08:10 - [MESSAGE][PASSED] - Object: 'Object Repository/Page_ Town Square - Hello Mattermost/svg' is clicked on

2019-12-22 02:08:10 - [TEST_STEP][PASSED] - click(findTestObject("Object Repository/Page_ Town Square - Hello Mattermost/button_Team Settings")): Object: 'Object Repository/Page_ Town Square - Hello Mattermost/button_Team Settings' is clicked on

2019-12-22 02:08:11 - [MESSAGE][PASSED] - Object: 'Object Repository/Page_ Town Square - Hello Mattermost/button_Team Settings' is clicked on

2019-12-22 02:08:11 - [TEST_STEP][PASSED] - click(findTestObject("Object Repository/Page_ Town Square - Hello Mattermost/button_Edit")): Object: 'Object Repository/Page_ Town Square - Hello Mattermost/button_Edit' is clicked on

2019-12-22 02:08:11 - [MESSAGE][PASSED] - Object: 'Object Repository/Page_ Town Square - Hello Mattermost/button_Edit' is clicked on

2019-12-22 02:08:11 - [TEST_STEP][PASSED] - setText(findTestObject("Object Repository/Page_ Town Square - Hello Mattermost/input_Team Name_teamName"), "SecondTeam"): Text 'SecondTeam' is set on object 'Object Repository/Page_ Town Square - Hello Mattermost/input_Team Name_teamName'

2019-12-22 02:08:11 - [MESSAGE][PASSED] - Text 'SecondTeam' is set on object 'Object Repository/Page_ Town Square - Hello Mattermost/input_Team Name_teamName'

2019-12-22 02:08:11 - [TEST_STEP][PASSED] - click(findTestObject("Object Repository/Page_ Town Square - Hello Mattermost/button_Save")): Object: 'Object Repository/Page_ Town Square - Hello Mattermost/button_Save' is clicked on

2019-12-22 02:08:12 - [MESSAGE][PASSED] - Object: 'Object Repository/Page_ Town Square - Hello Mattermost/button_Save' is clicked on

2019-12-22 02:08:12 - [TEST_STEP][PASSED] - click(findTestObject("Object Repository/Page_ Town Square - SecondTeam Mattermost/button_Close")): Object: 'Object Repository/Page_ Town Square - SecondTeam Mattermost/button_Close' is clicked on

2019-12-22 02:08:12 - [MESSAGE][PASSED] - Object: 'Object Repository/Page_ Town Square - SecondTeam Mattermost/button_Close' is clicked on

2019-12-22 02:08:12 - [TEST_STEP][PASSED] - closeBrowser(): Browser is closed

2019-12-22 02:08:13 - [MESSAGE][PASSED] - Browser is closed]]></system-out>
         <system-err><![CDATA[]]></system-err>
      </testcase>
      <testcase name="Test Cases/TestCase11AccountSettingsEditUsername" time="59.979" classname="Test Cases/TestCase11AccountSettingsEditUsername" status="PASSED">
         <system-out><![CDATA[2019-12-22 02:08:13 - [TEST_CASE][PASSED] - Test Cases/TestCase11AccountSettingsEditUsername: Test Cases/TestCase11AccountSettingsEditUsername

2019-12-22 02:08:14 - [TEST_STEP][PASSED] - callTestCase(findTestCase("TestCase01LoginSuccessfully"), [:], STOP_ON_FAILURE): Call Test Case 'Test Cases/TestCase01LoginSuccessfully' successfully

2019-12-22 02:08:14 - [TEST_CASE][PASSED] - Test Cases/TestCase01LoginSuccessfully: Test Cases/TestCase01LoginSuccessfully

2019-12-22 02:08:14 - [TEST_STEP][PASSED] - openBrowser(""): Browser is opened with url: ''

2019-12-22 02:08:14 - [MESSAGE][INFO] - Starting 'Firefox (headless)' driver

2019-12-22 02:08:17 - [MESSAGE][PASSED] - Browser is opened with url: ''

2019-12-22 02:08:17 - [TEST_STEP][PASSED] - navigateToUrl("https://cs300testautomatic.herokuapp.com/"): Navigate to 'https://cs300testautomatic.herokuapp.com/' successfully

2019-12-22 02:08:51 - [MESSAGE][PASSED] - Navigate to 'https://cs300testautomatic.herokuapp.com/' successfully

2019-12-22 02:08:51 - [TEST_STEP][PASSED] - setText(findTestObject("Page_Mattermost/input_All team communication in one place s_703ef5"), "giabeuu@gmail.com"): Text 'giabeuu@gmail.com' is set on object 'Object Repository/Page_Mattermost/input_All team communication in one place s_703ef5'

2019-12-22 02:09:04 - [MESSAGE][PASSED] - Text 'giabeuu@gmail.com' is set on object 'Object Repository/Page_Mattermost/input_All team communication in one place s_703ef5'

2019-12-22 02:09:04 - [TEST_STEP][PASSED] - setEncryptedText(findTestObject("Page_Mattermost/input_All team communication in one place s_2f2733"), "GoUae4B8Jrc="): Text ****** has been set on object 'Object Repository/Page_Mattermost/input_All team communication in one place s_2f2733'

2019-12-22 02:09:04 - [MESSAGE][PASSED] - Text ****** has been set on object 'Object Repository/Page_Mattermost/input_All team communication in one place s_2f2733'

2019-12-22 02:09:04 - [TEST_STEP][PASSED] - click(findTestObject("Page_Mattermost/span_Sign in")): Object: 'Object Repository/Page_Mattermost/span_Sign in' is clicked on

2019-12-22 02:09:04 - [MESSAGE][PASSED] - Object: 'Object Repository/Page_Mattermost/span_Sign in' is clicked on

2019-12-22 02:09:04 - [MESSAGE][INFO] - =================== Smart XPath Report =======================

2019-12-22 02:09:04 - [MESSAGE][INFO] - Refer to the link below to preview and approve auto healing on broken test objects.

2019-12-22 02:09:04 - [MESSAGE][INFO] - https://docs.katalon.com/katalon-studio/docs/auto-healing-smart-xpath.html

2019-12-22 02:09:04 - [MESSAGE][INFO] - ===============================================================

2019-12-22 02:09:04 - [MESSAGE][PASSED] - Call Test Case 'Test Cases/TestCase01LoginSuccessfully' successfully

2019-12-22 02:09:04 - [TEST_STEP][PASSED] - click(findTestObject("Page_Town Square - FirstTeam Mattermost/button_gia_style--none sidebar-header-dropd_2c8852")): Object: 'Object Repository/Page_Town Square - FirstTeam Mattermost/button_gia_style--none sidebar-header-dropd_2c8852' is clicked on

2019-12-22 02:09:11 - [MESSAGE][PASSED] - Object: 'Object Repository/Page_Town Square - FirstTeam Mattermost/button_gia_style--none sidebar-header-dropd_2c8852' is clicked on

2019-12-22 02:09:11 - [TEST_STEP][PASSED] - click(findTestObject("Page_Town Square - FirstTeam Mattermost/button_Account Settings")): Object: 'Object Repository/Page_Town Square - FirstTeam Mattermost/button_Account Settings' is clicked on

2019-12-22 02:09:12 - [MESSAGE][PASSED] - Object: 'Object Repository/Page_Town Square - FirstTeam Mattermost/button_Account Settings' is clicked on

2019-12-22 02:09:12 - [TEST_STEP][PASSED] - click(findTestObject("Page_Town Square - FirstTeam Mattermost/button_General")): Object: 'Object Repository/Page_Town Square - FirstTeam Mattermost/button_General' is clicked on

2019-12-22 02:09:12 - [MESSAGE][PASSED] - Object: 'Object Repository/Page_Town Square - FirstTeam Mattermost/button_General' is clicked on

2019-12-22 02:09:12 - [TEST_STEP][PASSED] - click(findTestObject("Page_Town Square - FirstTeam Mattermost/button_Edit")): Object: 'Object Repository/Page_Town Square - FirstTeam Mattermost/button_Edit' is clicked on

2019-12-22 02:09:13 - [MESSAGE][PASSED] - Object: 'Object Repository/Page_Town Square - FirstTeam Mattermost/button_Edit' is clicked on

2019-12-22 02:09:13 - [TEST_STEP][PASSED] - setText(findTestObject("Object Repository/Page_Town Square - FirstTeam Mattermost/input_Username_username"), "giabeuu"): Text 'giabeuu' is set on object 'Object Repository/Page_Town Square - FirstTeam Mattermost/input_Username_username'

2019-12-22 02:09:13 - [MESSAGE][PASSED] - Text 'giabeuu' is set on object 'Object Repository/Page_Town Square - FirstTeam Mattermost/input_Username_username'

2019-12-22 02:09:13 - [TEST_STEP][PASSED] - click(findTestObject("Page_Town Square - FirstTeam Mattermost/button_Save")): Object: 'Object Repository/Page_Town Square - FirstTeam Mattermost/button_Save' is clicked on

2019-12-22 02:09:13 - [MESSAGE][PASSED] - Object: 'Object Repository/Page_Town Square - FirstTeam Mattermost/button_Save' is clicked on

2019-12-22 02:09:13 - [TEST_STEP][PASSED] - click(findTestObject("Page_Town Square - FirstTeam Mattermost/button_Close")): Object: 'Object Repository/Page_Town Square - FirstTeam Mattermost/button_Close' is clicked on

2019-12-22 02:09:13 - [MESSAGE][PASSED] - Object: 'Object Repository/Page_Town Square - FirstTeam Mattermost/button_Close' is clicked on]]></system-out>
         <system-err><![CDATA[]]></system-err>
      </testcase>
      <testcase name="Test Cases/TestCase12AccountSettingsEditUsername(illegal)" time="24.323" classname="Test Cases/TestCase12AccountSettingsEditUsername(illegal)" status="PASSED">
         <system-out><![CDATA[2019-12-22 02:09:13 - [TEST_CASE][PASSED] - Test Cases/TestCase12AccountSettingsEditUsername(illegal): Test Cases/TestCase12AccountSettingsEditUsername(illegal)

2019-12-22 02:09:14 - [TEST_STEP][PASSED] - callTestCase(findTestCase("TestCase01LoginSuccessfully"), [:], STOP_ON_FAILURE): Call Test Case 'Test Cases/TestCase01LoginSuccessfully' successfully

2019-12-22 02:09:14 - [TEST_CASE][PASSED] - Test Cases/TestCase01LoginSuccessfully: Test Cases/TestCase01LoginSuccessfully

2019-12-22 02:09:14 - [TEST_STEP][PASSED] - openBrowser(""): Browser is opened with url: ''

2019-12-22 02:09:14 - [MESSAGE][WARNING] - A browser is already opened. Closing browser and opening a new one

2019-12-22 02:09:15 - [MESSAGE][INFO] - Starting 'Firefox (headless)' driver

2019-12-22 02:09:18 - [MESSAGE][PASSED] - Browser is opened with url: ''

2019-12-22 02:09:18 - [TEST_STEP][PASSED] - navigateToUrl("https://cs300testautomatic.herokuapp.com/"): Navigate to 'https://cs300testautomatic.herokuapp.com/' successfully

2019-12-22 02:09:24 - [MESSAGE][PASSED] - Navigate to 'https://cs300testautomatic.herokuapp.com/' successfully

2019-12-22 02:09:24 - [TEST_STEP][PASSED] - setText(findTestObject("Page_Mattermost/input_All team communication in one place s_703ef5"), "giabeuu@gmail.com"): Text 'giabeuu@gmail.com' is set on object 'Object Repository/Page_Mattermost/input_All team communication in one place s_703ef5'

2019-12-22 02:09:32 - [MESSAGE][PASSED] - Text 'giabeuu@gmail.com' is set on object 'Object Repository/Page_Mattermost/input_All team communication in one place s_703ef5'

2019-12-22 02:09:32 - [TEST_STEP][PASSED] - setEncryptedText(findTestObject("Page_Mattermost/input_All team communication in one place s_2f2733"), "GoUae4B8Jrc="): Text ****** has been set on object 'Object Repository/Page_Mattermost/input_All team communication in one place s_2f2733'

2019-12-22 02:09:32 - [MESSAGE][PASSED] - Text ****** has been set on object 'Object Repository/Page_Mattermost/input_All team communication in one place s_2f2733'

2019-12-22 02:09:32 - [TEST_STEP][PASSED] - click(findTestObject("Page_Mattermost/span_Sign in")): Object: 'Object Repository/Page_Mattermost/span_Sign in' is clicked on

2019-12-22 02:09:33 - [MESSAGE][PASSED] - Object: 'Object Repository/Page_Mattermost/span_Sign in' is clicked on

2019-12-22 02:09:33 - [MESSAGE][INFO] - =================== Smart XPath Report =======================

2019-12-22 02:09:33 - [MESSAGE][INFO] - Refer to the link below to preview and approve auto healing on broken test objects.

2019-12-22 02:09:33 - [MESSAGE][INFO] - https://docs.katalon.com/katalon-studio/docs/auto-healing-smart-xpath.html

2019-12-22 02:09:33 - [MESSAGE][INFO] - ===============================================================

2019-12-22 02:09:33 - [MESSAGE][PASSED] - Call Test Case 'Test Cases/TestCase01LoginSuccessfully' successfully

2019-12-22 02:09:33 - [TEST_STEP][PASSED] - click(findTestObject("Page_Town Square - FirstTeam Mattermost/button_gia_style--none sidebar-header-dropd_2c8852")): Object: 'Object Repository/Page_Town Square - FirstTeam Mattermost/button_gia_style--none sidebar-header-dropd_2c8852' is clicked on

2019-12-22 02:09:35 - [MESSAGE][PASSED] - Object: 'Object Repository/Page_Town Square - FirstTeam Mattermost/button_gia_style--none sidebar-header-dropd_2c8852' is clicked on

2019-12-22 02:09:35 - [TEST_STEP][PASSED] - click(findTestObject("Page_Town Square - FirstTeam Mattermost/button_Account Settings")): Object: 'Object Repository/Page_Town Square - FirstTeam Mattermost/button_Account Settings' is clicked on

2019-12-22 02:09:36 - [MESSAGE][PASSED] - Object: 'Object Repository/Page_Town Square - FirstTeam Mattermost/button_Account Settings' is clicked on

2019-12-22 02:09:36 - [TEST_STEP][PASSED] - click(findTestObject("Page_Town Square - FirstTeam Mattermost/button_General")): Object: 'Object Repository/Page_Town Square - FirstTeam Mattermost/button_General' is clicked on

2019-12-22 02:09:36 - [MESSAGE][PASSED] - Object: 'Object Repository/Page_Town Square - FirstTeam Mattermost/button_General' is clicked on

2019-12-22 02:09:36 - [TEST_STEP][PASSED] - click(findTestObject("Page_Town Square - FirstTeam Mattermost/button_Edit")): Object: 'Object Repository/Page_Town Square - FirstTeam Mattermost/button_Edit' is clicked on

2019-12-22 02:09:37 - [MESSAGE][PASSED] - Object: 'Object Repository/Page_Town Square - FirstTeam Mattermost/button_Edit' is clicked on

2019-12-22 02:09:37 - [TEST_STEP][PASSED] - setText(findTestObject("Object Repository/Page_Town Square - FirstTeam Mattermost/input_Username_username"), "-giabeuu"): Text '-giabeuu' is set on object 'Object Repository/Page_Town Square - FirstTeam Mattermost/input_Username_username'

2019-12-22 02:09:37 - [MESSAGE][PASSED] - Text '-giabeuu' is set on object 'Object Repository/Page_Town Square - FirstTeam Mattermost/input_Username_username'

2019-12-22 02:09:37 - [TEST_STEP][PASSED] - click(findTestObject("Page_Town Square - FirstTeam Mattermost/button_Save")): Object: 'Object Repository/Page_Town Square - FirstTeam Mattermost/button_Save' is clicked on

2019-12-22 02:09:38 - [MESSAGE][PASSED] - Object: 'Object Repository/Page_Town Square - FirstTeam Mattermost/button_Save' is clicked on]]></system-out>
         <system-err><![CDATA[]]></system-err>
      </testcase>
      <testcase name="Test Cases/TestCase13AccountSettingsFullName" time="23.694" classname="Test Cases/TestCase13AccountSettingsFullName" status="PASSED">
         <system-out><![CDATA[2019-12-22 02:09:38 - [TEST_CASE][PASSED] - Test Cases/TestCase13AccountSettingsFullName: Test Cases/TestCase13AccountSettingsFullName

2019-12-22 02:09:38 - [TEST_STEP][PASSED] - callTestCase(findTestCase("TestCase01LoginSuccessfully"), [:], STOP_ON_FAILURE): Call Test Case 'Test Cases/TestCase01LoginSuccessfully' successfully

2019-12-22 02:09:38 - [TEST_CASE][PASSED] - Test Cases/TestCase01LoginSuccessfully: Test Cases/TestCase01LoginSuccessfully

2019-12-22 02:09:38 - [TEST_STEP][PASSED] - openBrowser(""): Browser is opened with url: ''

2019-12-22 02:09:38 - [MESSAGE][WARNING] - A browser is already opened. Closing browser and opening a new one

2019-12-22 02:09:39 - [MESSAGE][INFO] - Starting 'Firefox (headless)' driver

2019-12-22 02:09:43 - [MESSAGE][PASSED] - Browser is opened with url: ''

2019-12-22 02:09:43 - [TEST_STEP][PASSED] - navigateToUrl("https://cs300testautomatic.herokuapp.com/"): Navigate to 'https://cs300testautomatic.herokuapp.com/' successfully

2019-12-22 02:09:50 - [MESSAGE][PASSED] - Navigate to 'https://cs300testautomatic.herokuapp.com/' successfully

2019-12-22 02:09:50 - [TEST_STEP][PASSED] - setText(findTestObject("Page_Mattermost/input_All team communication in one place s_703ef5"), "giabeuu@gmail.com"): Text 'giabeuu@gmail.com' is set on object 'Object Repository/Page_Mattermost/input_All team communication in one place s_703ef5'

2019-12-22 02:09:54 - [MESSAGE][PASSED] - Text 'giabeuu@gmail.com' is set on object 'Object Repository/Page_Mattermost/input_All team communication in one place s_703ef5'

2019-12-22 02:09:54 - [TEST_STEP][PASSED] - setEncryptedText(findTestObject("Page_Mattermost/input_All team communication in one place s_2f2733"), "GoUae4B8Jrc="): Text ****** has been set on object 'Object Repository/Page_Mattermost/input_All team communication in one place s_2f2733'

2019-12-22 02:09:54 - [MESSAGE][PASSED] - Text ****** has been set on object 'Object Repository/Page_Mattermost/input_All team communication in one place s_2f2733'

2019-12-22 02:09:54 - [TEST_STEP][PASSED] - click(findTestObject("Page_Mattermost/span_Sign in")): Object: 'Object Repository/Page_Mattermost/span_Sign in' is clicked on

2019-12-22 02:09:55 - [MESSAGE][PASSED] - Object: 'Object Repository/Page_Mattermost/span_Sign in' is clicked on

2019-12-22 02:09:55 - [MESSAGE][INFO] - =================== Smart XPath Report =======================

2019-12-22 02:09:55 - [MESSAGE][INFO] - Refer to the link below to preview and approve auto healing on broken test objects.

2019-12-22 02:09:55 - [MESSAGE][INFO] - https://docs.katalon.com/katalon-studio/docs/auto-healing-smart-xpath.html

2019-12-22 02:09:55 - [MESSAGE][INFO] - ===============================================================

2019-12-22 02:09:55 - [MESSAGE][PASSED] - Call Test Case 'Test Cases/TestCase01LoginSuccessfully' successfully

2019-12-22 02:09:55 - [TEST_STEP][PASSED] - click(findTestObject("Object Repository/Page_ Town Square - MyTeam Mattermost/svg")): Object: 'Object Repository/Page_ Town Square - MyTeam Mattermost/svg' is clicked on

2019-12-22 02:09:58 - [MESSAGE][PASSED] - Object: 'Object Repository/Page_ Town Square - MyTeam Mattermost/svg' is clicked on

2019-12-22 02:09:58 - [TEST_STEP][PASSED] - click(findTestObject("Object Repository/Page_ Town Square - MyTeam Mattermost/button_Account Settings")): Object: 'Object Repository/Page_ Town Square - MyTeam Mattermost/button_Account Settings' is clicked on

2019-12-22 02:09:58 - [MESSAGE][PASSED] - Object: 'Object Repository/Page_ Town Square - MyTeam Mattermost/button_Account Settings' is clicked on

2019-12-22 02:09:58 - [TEST_STEP][PASSED] - click(findTestObject("Object Repository/Page_ Town Square - MyTeam Mattermost/span_Edit")): Object: 'Object Repository/Page_ Town Square - MyTeam Mattermost/span_Edit' is clicked on

2019-12-22 02:10:00 - [MESSAGE][PASSED] - Object: 'Object Repository/Page_ Town Square - MyTeam Mattermost/span_Edit' is clicked on

2019-12-22 02:10:00 - [TEST_STEP][PASSED] - setText(findTestObject("Object Repository/Page_ Town Square - MyTeam Mattermost/input_First Name_firstName"), "Nguyen"): Text 'Nguyen' is set on object 'Object Repository/Page_ Town Square - MyTeam Mattermost/input_First Name_firstName'

2019-12-22 02:10:00 - [MESSAGE][PASSED] - Text 'Nguyen' is set on object 'Object Repository/Page_ Town Square - MyTeam Mattermost/input_First Name_firstName'

2019-12-22 02:10:00 - [TEST_STEP][PASSED] - setText(findTestObject("Object Repository/Page_ Town Square - MyTeam Mattermost/input_Last Name_lastName"), "Gia"): Text 'Gia' is set on object 'Object Repository/Page_ Town Square - MyTeam Mattermost/input_Last Name_lastName'

2019-12-22 02:10:00 - [MESSAGE][PASSED] - Text 'Gia' is set on object 'Object Repository/Page_ Town Square - MyTeam Mattermost/input_Last Name_lastName'

2019-12-22 02:10:00 - [TEST_STEP][PASSED] - click(findTestObject("Object Repository/Page_ Town Square - MyTeam Mattermost/span_Save")): Object: 'Object Repository/Page_ Town Square - MyTeam Mattermost/span_Save' is clicked on

2019-12-22 02:10:00 - [MESSAGE][PASSED] - Object: 'Object Repository/Page_ Town Square - MyTeam Mattermost/span_Save' is clicked on

2019-12-22 02:10:00 - [TEST_STEP][PASSED] - closeBrowser(): Browser is closed

2019-12-22 02:10:01 - [MESSAGE][PASSED] - Browser is closed]]></system-out>
         <system-err><![CDATA[]]></system-err>
      </testcase>
      <testcase name="Test Cases/TestCase14AccountSettingsNickname" time="35.771" classname="Test Cases/TestCase14AccountSettingsNickname" status="PASSED">
         <system-out><![CDATA[2019-12-22 02:10:01 - [TEST_CASE][PASSED] - Test Cases/TestCase14AccountSettingsNickname: Test Cases/TestCase14AccountSettingsNickname

2019-12-22 02:10:02 - [TEST_STEP][PASSED] - callTestCase(findTestCase("TestCase01LoginSuccessfully"), [:], STOP_ON_FAILURE): Call Test Case 'Test Cases/TestCase01LoginSuccessfully' successfully

2019-12-22 02:10:02 - [TEST_CASE][PASSED] - Test Cases/TestCase01LoginSuccessfully: Test Cases/TestCase01LoginSuccessfully

2019-12-22 02:10:02 - [TEST_STEP][PASSED] - openBrowser(""): Browser is opened with url: ''

2019-12-22 02:10:02 - [MESSAGE][INFO] - Starting 'Firefox (headless)' driver

2019-12-22 02:10:05 - [MESSAGE][PASSED] - Browser is opened with url: ''

2019-12-22 02:10:05 - [TEST_STEP][PASSED] - navigateToUrl("https://cs300testautomatic.herokuapp.com/"): Navigate to 'https://cs300testautomatic.herokuapp.com/' successfully

2019-12-22 02:10:13 - [MESSAGE][PASSED] - Navigate to 'https://cs300testautomatic.herokuapp.com/' successfully

2019-12-22 02:10:13 - [TEST_STEP][PASSED] - setText(findTestObject("Page_Mattermost/input_All team communication in one place s_703ef5"), "giabeuu@gmail.com"): Text 'giabeuu@gmail.com' is set on object 'Object Repository/Page_Mattermost/input_All team communication in one place s_703ef5'

2019-12-22 02:10:28 - [MESSAGE][PASSED] - Text 'giabeuu@gmail.com' is set on object 'Object Repository/Page_Mattermost/input_All team communication in one place s_703ef5'

2019-12-22 02:10:28 - [TEST_STEP][PASSED] - setEncryptedText(findTestObject("Page_Mattermost/input_All team communication in one place s_2f2733"), "GoUae4B8Jrc="): Text ****** has been set on object 'Object Repository/Page_Mattermost/input_All team communication in one place s_2f2733'

2019-12-22 02:10:29 - [MESSAGE][PASSED] - Text ****** has been set on object 'Object Repository/Page_Mattermost/input_All team communication in one place s_2f2733'

2019-12-22 02:10:29 - [TEST_STEP][PASSED] - click(findTestObject("Page_Mattermost/span_Sign in")): Object: 'Object Repository/Page_Mattermost/span_Sign in' is clicked on

2019-12-22 02:10:29 - [MESSAGE][PASSED] - Object: 'Object Repository/Page_Mattermost/span_Sign in' is clicked on

2019-12-22 02:10:29 - [MESSAGE][INFO] - =================== Smart XPath Report =======================

2019-12-22 02:10:29 - [MESSAGE][INFO] - Refer to the link below to preview and approve auto healing on broken test objects.

2019-12-22 02:10:29 - [MESSAGE][INFO] - https://docs.katalon.com/katalon-studio/docs/auto-healing-smart-xpath.html

2019-12-22 02:10:29 - [MESSAGE][INFO] - ===============================================================

2019-12-22 02:10:29 - [MESSAGE][PASSED] - Call Test Case 'Test Cases/TestCase01LoginSuccessfully' successfully

2019-12-22 02:10:29 - [TEST_STEP][PASSED] - click(findTestObject("Object Repository/Page_ Town Square - FirstTeam Mattermost/span")): Object: 'Object Repository/Page_ Town Square - FirstTeam Mattermost/span' is clicked on

2019-12-22 02:10:33 - [MESSAGE][PASSED] - Object: 'Object Repository/Page_ Town Square - FirstTeam Mattermost/span' is clicked on

2019-12-22 02:10:33 - [TEST_STEP][PASSED] - click(findTestObject("Object Repository/Page_ Town Square - FirstTeam Mattermost/button_Account Settings")): Object: 'Object Repository/Page_ Town Square - FirstTeam Mattermost/button_Account Settings' is clicked on

2019-12-22 02:10:33 - [MESSAGE][PASSED] - Object: 'Object Repository/Page_ Town Square - FirstTeam Mattermost/button_Account Settings' is clicked on

2019-12-22 02:10:33 - [TEST_STEP][PASSED] - click(findTestObject("Object Repository/Page_ Town Square - FirstTeam Mattermost/button_Edit")): Object: 'Object Repository/Page_ Town Square - FirstTeam Mattermost/button_Edit' is clicked on

2019-12-22 02:10:35 - [MESSAGE][PASSED] - Object: 'Object Repository/Page_ Town Square - FirstTeam Mattermost/button_Edit' is clicked on

2019-12-22 02:10:35 - [TEST_STEP][PASSED] - setText(findTestObject("Object Repository/Page_ Town Square - FirstTeam Mattermost/input_Nickname_nickname"), "GiaGia"): Text 'GiaGia' is set on object 'Object Repository/Page_ Town Square - FirstTeam Mattermost/input_Nickname_nickname'

2019-12-22 02:10:35 - [MESSAGE][PASSED] - Text 'GiaGia' is set on object 'Object Repository/Page_ Town Square - FirstTeam Mattermost/input_Nickname_nickname'

2019-12-22 02:10:35 - [TEST_STEP][PASSED] - click(findTestObject("Object Repository/Page_ Town Square - FirstTeam Mattermost/button_Save")): Object: 'Object Repository/Page_ Town Square - FirstTeam Mattermost/button_Save' is clicked on

2019-12-22 02:10:35 - [MESSAGE][PASSED] - Object: 'Object Repository/Page_ Town Square - FirstTeam Mattermost/button_Save' is clicked on

2019-12-22 02:10:35 - [TEST_STEP][PASSED] - click(findTestObject("Object Repository/Page_ Town Square - FirstTeam Mattermost/button_Close")): Object: 'Object Repository/Page_ Town Square - FirstTeam Mattermost/button_Close' is clicked on

2019-12-22 02:10:36 - [MESSAGE][PASSED] - Object: 'Object Repository/Page_ Town Square - FirstTeam Mattermost/button_Close' is clicked on

2019-12-22 02:10:36 - [TEST_STEP][PASSED] - closeBrowser(): Browser is closed

2019-12-22 02:10:37 - [MESSAGE][PASSED] - Browser is closed]]></system-out>
         <system-err><![CDATA[]]></system-err>
      </testcase>
      <testcase name="Test Cases/TestCase15GetInviteLink" time="46.278" classname="Test Cases/TestCase15GetInviteLink" status="PASSED">
         <system-out><![CDATA[2019-12-22 02:10:37 - [TEST_CASE][PASSED] - Test Cases/TestCase15GetInviteLink: Test Cases/TestCase15GetInviteLink

2019-12-22 02:10:37 - [TEST_STEP][PASSED] - openBrowser(""): Browser is opened with url: ''

2019-12-22 02:10:37 - [MESSAGE][INFO] - Starting 'Firefox (headless)' driver

2019-12-22 02:10:41 - [MESSAGE][PASSED] - Browser is opened with url: ''

2019-12-22 02:10:41 - [TEST_STEP][PASSED] - navigateToUrl("https://cs300testautomatic.herokuapp.com/"): Navigate to 'https://cs300testautomatic.herokuapp.com/' successfully

2019-12-22 02:10:45 - [MESSAGE][PASSED] - Navigate to 'https://cs300testautomatic.herokuapp.com/' successfully

2019-12-22 02:10:45 - [TEST_STEP][PASSED] - setText(findTestObject("Page_Mattermost/input_All team communication in one place s_703ef5"), "giabeuu@gmail.com"): Text 'giabeuu@gmail.com' is set on object 'Object Repository/Page_Mattermost/input_All team communication in one place s_703ef5'

2019-12-22 02:10:48 - [MESSAGE][PASSED] - Text 'giabeuu@gmail.com' is set on object 'Object Repository/Page_Mattermost/input_All team communication in one place s_703ef5'

2019-12-22 02:10:48 - [TEST_STEP][PASSED] - setEncryptedText(findTestObject("Page_Mattermost/input_All team communication in one place s_2f2733"), "GoUae4B8Jrc="): Text ****** has been set on object 'Object Repository/Page_Mattermost/input_All team communication in one place s_2f2733'

2019-12-22 02:10:49 - [MESSAGE][PASSED] - Text ****** has been set on object 'Object Repository/Page_Mattermost/input_All team communication in one place s_2f2733'

2019-12-22 02:10:49 - [TEST_STEP][PASSED] - sendKeys(findTestObject("Page_Mattermost/input_All team communication in one place s_2f2733"), Keys.chord(ENTER)): Keys 'ENTER + ' sent to object: 'Object Repository/Page_Mattermost/input_All team communication in one place s_2f2733'

2019-12-22 02:10:49 - [MESSAGE][PASSED] - Keys 'ENTER + ' sent to object: 'Object Repository/Page_Mattermost/input_All team communication in one place s_2f2733'

2019-12-22 02:10:49 - [TEST_STEP][PASSED] - click(findTestObject("Object Repository/Page_ Town Square - FirstTeam Mattermost/div_Fi")): Object: 'Object Repository/Page_ Town Square - FirstTeam Mattermost/div_Fi' is clicked on

2019-12-22 02:11:20 - [MESSAGE][INFO] - Unable to find the element located by 'By.xpath: //a[@id='firstteamTeamButton']/div/div/div'. Please recheck the objects properties to make sure the desired element is located. 

2019-12-22 02:11:20 - [MESSAGE][INFO] - [SMART_XPATH] Auto-trying out other XPath values in the test object.

2019-12-22 02:11:20 - [MESSAGE][INFO] - [SMART_XPATH] FAILED XPATH: '//a[@id='firstteamTeamButton']/div/div/div'.

2019-12-22 02:11:20 - [MESSAGE][INFO] - [SMART_XPATH] WORKING XPATH: '(.//*[normalize-space(text()) and normalize-space(.)='FirstTeam'])[1]/following::div[9]'.

2019-12-22 02:11:20 - [MESSAGE][INFO] - [SMART_XPATH] Screenshot: D:/Learning/School/2019-2020-HK1/CS300/CS300AutomaticWebTesting/Reports/smart_xpath/Object Repository/Page_ Town Square - FirstTeam Mattermost/div_Fi_neighbor_0.png

2019-12-22 02:11:20 - [MESSAGE][INFO] - [SMART_XPATH] WORKING XPATH: '(.//*[normalize-space(text()) and normalize-space(.)='Se'])[1]/preceding::div[1]'.

2019-12-22 02:11:20 - [MESSAGE][INFO] - [SMART_XPATH] Screenshot: D:/Learning/School/2019-2020-HK1/CS300/CS300AutomaticWebTesting/Reports/smart_xpath/Object Repository/Page_ Town Square - FirstTeam Mattermost/div_Fi_neighbor_1.png

2019-12-22 02:11:20 - [MESSAGE][INFO] - [SMART_XPATH] WORKING XPATH: '(.//*[normalize-space(text()) and normalize-space(.)='+'])[1]/preceding::div[5]'.

2019-12-22 02:11:20 - [MESSAGE][INFO] - [SMART_XPATH] Screenshot: D:/Learning/School/2019-2020-HK1/CS300/CS300AutomaticWebTesting/Reports/smart_xpath/Object Repository/Page_ Town Square - FirstTeam Mattermost/div_Fi_neighbor_2.png

2019-12-22 02:11:20 - [MESSAGE][INFO] - [SMART_XPATH] WORKING XPATH: '//*/text()[normalize-space(.)='Fi']/parent::*'.

2019-12-22 02:11:21 - [MESSAGE][INFO] - [SMART_XPATH] Screenshot: D:/Learning/School/2019-2020-HK1/CS300/CS300AutomaticWebTesting/Reports/smart_xpath/Object Repository/Page_ Town Square - FirstTeam Mattermost/div_Fi_neighbor_3.png

2019-12-22 02:11:21 - [MESSAGE][INFO] - [SMART_XPATH] WORKING XPATH: '//a/div/div/div'.

2019-12-22 02:11:21 - [MESSAGE][INFO] - [SMART_XPATH] Screenshot: D:/Learning/School/2019-2020-HK1/CS300/CS300AutomaticWebTesting/Reports/smart_xpath/Object Repository/Page_ Town Square - FirstTeam Mattermost/div_Fi_position.png

2019-12-22 02:11:21 - [MESSAGE][ERROR] - [SMART_XPATH] D:\Learning\School\2019-2020-HK1\CS300\CS300AutomaticWebTesting\Reports\smart_xpath\waiting-for-approval.json (The system cannot find the file specified)

2019-12-22 02:11:21 - [MESSAGE][ERROR] - [SMART_XPATH] D:/Learning/School/2019-2020-HK1/CS300/CS300AutomaticWebTesting/Reports/smart_xpath/waiting-for-approval.json does not exist or is provided by Smart XPath Plugin!

2019-12-22 02:11:21 - [MESSAGE][INFO] - [SMART_XPATH] Selected Smart XPath: '(.//*[normalize-space(text()) and normalize-space(.)='FirstTeam'])[1]/following::div[9]'.

2019-12-22 02:11:21 - [MESSAGE][INFO] - [SMART_XPATH] Continuing executing the test case!

2019-12-22 02:11:21 - [MESSAGE][PASSED] - Object: 'Object Repository/Page_ Town Square - FirstTeam Mattermost/div_Fi' is clicked on

2019-12-22 02:11:21 - [TEST_STEP][PASSED] - click(findTestObject("Page_ Town Square - FirstTeam Mattermost/svg")): Object: 'Object Repository/Page_ Town Square - FirstTeam Mattermost/svg' is clicked on

2019-12-22 02:11:21 - [MESSAGE][PASSED] - Object: 'Object Repository/Page_ Town Square - FirstTeam Mattermost/svg' is clicked on

2019-12-22 02:11:21 - [TEST_STEP][PASSED] - click(findTestObject("Object Repository/Page_ Town Square - FirstTeam Mattermost/button_Get Team Invite Link")): Object: 'Object Repository/Page_ Town Square - FirstTeam Mattermost/button_Get Team Invite Link' is clicked on

2019-12-22 02:11:22 - [MESSAGE][PASSED] - Object: 'Object Repository/Page_ Town Square - FirstTeam Mattermost/button_Get Team Invite Link' is clicked on

2019-12-22 02:11:22 - [TEST_STEP][PASSED] - click(findTestObject("Object Repository/Page_ Town Square - FirstTeam Mattermost/button_Copy Link")): Object: 'Object Repository/Page_ Town Square - FirstTeam Mattermost/button_Copy Link' is clicked on

2019-12-22 02:11:22 - [MESSAGE][PASSED] - Object: 'Object Repository/Page_ Town Square - FirstTeam Mattermost/button_Copy Link' is clicked on

2019-12-22 02:11:22 - [TEST_STEP][PASSED] - click(findTestObject("Object Repository/Page_ Town Square - FirstTeam Mattermost/span_Close")): Object: 'Object Repository/Page_ Town Square - FirstTeam Mattermost/span_Close' is clicked on

2019-12-22 02:11:22 - [MESSAGE][PASSED] - Object: 'Object Repository/Page_ Town Square - FirstTeam Mattermost/span_Close' is clicked on

2019-12-22 02:11:22 - [TEST_STEP][PASSED] - closeBrowser(): Browser is closed

2019-12-22 02:11:23 - [MESSAGE][PASSED] - Browser is closed]]></system-out>
         <system-err><![CDATA[]]></system-err>
      </testcase>
      <testcase name="Test Cases/TestCase16AddMembersToChannel" time="50.175" classname="Test Cases/TestCase16AddMembersToChannel" status="PASSED">
         <system-out><![CDATA[2019-12-22 02:11:23 - [TEST_CASE][PASSED] - Test Cases/TestCase16AddMembersToChannel: Test Cases/TestCase16AddMembersToChannel

2019-12-22 02:11:24 - [TEST_STEP][PASSED] - openBrowser(""): Browser is opened with url: ''

2019-12-22 02:11:24 - [MESSAGE][INFO] - Starting 'Firefox (headless)' driver

2019-12-22 02:11:27 - [MESSAGE][PASSED] - Browser is opened with url: ''

2019-12-22 02:11:27 - [TEST_STEP][PASSED] - navigateToUrl("https://cs300testautomatic.herokuapp.com/"): Navigate to 'https://cs300testautomatic.herokuapp.com/' successfully

2019-12-22 02:11:31 - [MESSAGE][PASSED] - Navigate to 'https://cs300testautomatic.herokuapp.com/' successfully

2019-12-22 02:11:31 - [TEST_STEP][PASSED] - setText(findTestObject("Page_Mattermost/input_All team communication in one place s_703ef5 (24)"), "dhieu@apcs.vn"): Text 'dhieu@apcs.vn' is set on object 'Object Repository/Page_Mattermost/input_All team communication in one place s_703ef5 (24)'

2019-12-22 02:11:36 - [MESSAGE][PASSED] - Text 'dhieu@apcs.vn' is set on object 'Object Repository/Page_Mattermost/input_All team communication in one place s_703ef5 (24)'

2019-12-22 02:11:36 - [TEST_STEP][PASSED] - setEncryptedText(findTestObject("Page_Mattermost/input_All team communication in one place s_2f2733 (24)"), "iGDxf8hSRT4="): Text ****** has been set on object 'Object Repository/Page_Mattermost/input_All team communication in one place s_2f2733 (24)'

2019-12-22 02:11:36 - [MESSAGE][PASSED] - Text ****** has been set on object 'Object Repository/Page_Mattermost/input_All team communication in one place s_2f2733 (24)'

2019-12-22 02:11:36 - [TEST_STEP][PASSED] - click(findTestObject("Page_Mattermost/button_Sign in (13)")): Object: 'Object Repository/Page_Mattermost/button_Sign in (13)' is clicked on

2019-12-22 02:11:37 - [MESSAGE][PASSED] - Object: 'Object Repository/Page_Mattermost/button_Sign in (13)' is clicked on

2019-12-22 02:11:37 - [TEST_STEP][PASSED] - click(findTestObject("Object Repository/Page_Town Square - FirstTeam Mattermost/div_Fi")): Object: 'Object Repository/Page_Town Square - FirstTeam Mattermost/div_Fi' is clicked on

2019-12-22 02:11:39 - [MESSAGE][PASSED] - Object: 'Object Repository/Page_Town Square - FirstTeam Mattermost/div_Fi' is clicked on

2019-12-22 02:11:39 - [TEST_STEP][PASSED] - click(findTestObject("Object Repository/Page_Town Square - FirstTeam Mattermost/a_ChannelAddMember")): Object: 'Object Repository/Page_Town Square - FirstTeam Mattermost/a_ChannelAddMember' is clicked on

2019-12-22 02:11:40 - [MESSAGE][PASSED] - Object: 'Object Repository/Page_Town Square - FirstTeam Mattermost/a_ChannelAddMember' is clicked on

2019-12-22 02:11:40 - [TEST_STEP][PASSED] - click(findTestObject("Object Repository/Page_ChannelAddMember - FirstTeam Mattermost/span_ChannelAddMember_channelHeaderDropdownIcon")): Object: 'Object Repository/Page_ChannelAddMember - FirstTeam Mattermost/span_ChannelAddMember_channelHeaderDropdownIcon' is clicked on

2019-12-22 02:11:40 - [MESSAGE][PASSED] - Object: 'Object Repository/Page_ChannelAddMember - FirstTeam Mattermost/span_ChannelAddMember_channelHeaderDropdownIcon' is clicked on

2019-12-22 02:11:40 - [TEST_STEP][PASSED] - click(findTestObject("Object Repository/Page_ChannelAddMember - FirstTeam Mattermost/button_Add Members")): Object: 'Object Repository/Page_ChannelAddMember - FirstTeam Mattermost/button_Add Members' is clicked on

2019-12-22 02:11:41 - [MESSAGE][PASSED] - Object: 'Object Repository/Page_ChannelAddMember - FirstTeam Mattermost/button_Add Members' is clicked on

2019-12-22 02:11:41 - [TEST_STEP][PASSED] - click(findTestObject("Object Repository/Page_ChannelAddMember - FirstTeam Mattermost/div_Nguyen Gia (GiaGia)_more-modal__actions--round")): Object: 'Object Repository/Page_ChannelAddMember - FirstTeam Mattermost/div_Nguyen Gia (GiaGia)_more-modal__actions--round' is clicked on

2019-12-22 02:12:11 - [MESSAGE][INFO] - Unable to find the element located by 'By.xpath: (.//*[normalize-space(text()) and normalize-space(.)='Nguyen Gia (GiaGia)'])[1]/following::div[2]'. Please recheck the objects properties to make sure the desired element is located. 

2019-12-22 02:12:11 - [MESSAGE][INFO] - [SMART_XPATH] Auto-trying out other XPath values in the test object.

2019-12-22 02:12:11 - [MESSAGE][INFO] - [SMART_XPATH] FAILED XPATH: '(.//*[normalize-space(text()) and normalize-space(.)='Nguyen Gia (GiaGia)'])[1]/following::div[2]'.

2019-12-22 02:12:11 - [MESSAGE][INFO] - [SMART_XPATH] WORKING XPATH: '(.//*[normalize-space(text()) and normalize-space(.)='@mymymy'])[1]/preceding::div[1]'.

2019-12-22 02:12:12 - [MESSAGE][INFO] - [SMART_XPATH] Screenshot: D:/Learning/School/2019-2020-HK1/CS300/CS300AutomaticWebTesting/Reports/smart_xpath/Object Repository/Page_ChannelAddMember - FirstTeam Mattermost/div_Nguyen Gia (GiaGia)_more-modal__actions--round_neighbor_1.png

2019-12-22 02:12:12 - [MESSAGE][INFO] - [SMART_XPATH] WORKING XPATH: '//div[2]/div/div/div[2]/div/div[2]/div/div[2]/div/div[2]/div'.

2019-12-22 02:12:12 - [MESSAGE][INFO] - [SMART_XPATH] Screenshot: D:/Learning/School/2019-2020-HK1/CS300/CS300AutomaticWebTesting/Reports/smart_xpath/Object Repository/Page_ChannelAddMember - FirstTeam Mattermost/div_Nguyen Gia (GiaGia)_more-modal__actions--round_position.png

2019-12-22 02:12:12 - [MESSAGE][ERROR] - [SMART_XPATH] D:\Learning\School\2019-2020-HK1\CS300\CS300AutomaticWebTesting\Reports\smart_xpath\waiting-for-approval.json (The system cannot find the file specified)

2019-12-22 02:12:12 - [MESSAGE][ERROR] - [SMART_XPATH] D:/Learning/School/2019-2020-HK1/CS300/CS300AutomaticWebTesting/Reports/smart_xpath/waiting-for-approval.json does not exist or is provided by Smart XPath Plugin!

2019-12-22 02:12:12 - [MESSAGE][INFO] - [SMART_XPATH] Selected Smart XPath: '(.//*[normalize-space(text()) and normalize-space(.)='@mymymy'])[1]/preceding::div[1]'.

2019-12-22 02:12:12 - [MESSAGE][INFO] - [SMART_XPATH] Continuing executing the test case!

2019-12-22 02:12:12 - [MESSAGE][PASSED] - Object: 'Object Repository/Page_ChannelAddMember - FirstTeam Mattermost/div_Nguyen Gia (GiaGia)_more-modal__actions--round' is clicked on

2019-12-22 02:12:12 - [TEST_STEP][PASSED] - click(findTestObject("Object Repository/Page_ChannelAddMember - FirstTeam Mattermost/button_Add")): Object: 'Object Repository/Page_ChannelAddMember - FirstTeam Mattermost/button_Add' is clicked on

2019-12-22 02:12:13 - [MESSAGE][PASSED] - Object: 'Object Repository/Page_ChannelAddMember - FirstTeam Mattermost/button_Add' is clicked on

2019-12-22 02:12:13 - [TEST_STEP][PASSED] - closeBrowser(): Browser is closed

2019-12-22 02:12:14 - [MESSAGE][PASSED] - Browser is closed]]></system-out>
         <system-err><![CDATA[]]></system-err>
      </testcase>
      <testcase name="Test Cases/TestCase17RemoveMemberFromChannel" time="48.677" classname="Test Cases/TestCase17RemoveMemberFromChannel" status="FAILED">
         <failure type="FAILED" message="Test Cases/TestCase17RemoveMemberFromChannel FAILED.
Reason:
com.kms.katalon.core.exception.StepFailedException: Unable to click on object 'Object Repository/Page_ChannelAddMember - FirstTeam Mattermost/button_Channel MembergiabeuuRemove Member'
	at com.kms.katalon.core.webui.keyword.internal.WebUIKeywordMain.stepFailed(WebUIKeywordMain.groovy:64)
	at com.kms.katalon.core.webui.keyword.internal.WebUIKeywordMain.runKeyword(WebUIKeywordMain.groovy:26)
	at com.kms.katalon.core.webui.keyword.builtin.ClickKeyword.click(ClickKeyword.groovy:102)
	at com.kms.katalon.core.webui.keyword.builtin.ClickKeyword.execute(ClickKeyword.groovy:43)
	at com.kms.katalon.core.keyword.internal.KeywordExecutor.executeKeywordForPlatform(KeywordExecutor.groovy:72)
	at com.kms.katalon.core.webui.keyword.WebUiBuiltInKeywords.click(WebUiBuiltInKeywords.groovy:616)
	at com.kms.katalon.core.webui.keyword.WebUiBuiltInKeywords$click$3.call(Unknown Source)
	at TestCase17RemoveMemberFromChannel.run(TestCase17RemoveMemberFromChannel:37)
	at com.kms.katalon.core.main.ScriptEngine.run(ScriptEngine.java:194)
	at com.kms.katalon.core.main.ScriptEngine.runScriptAsRawText(ScriptEngine.java:119)
	at com.kms.katalon.core.main.TestCaseExecutor.runScript(TestCaseExecutor.java:337)
	at com.kms.katalon.core.main.TestCaseExecutor.doExecute(TestCaseExecutor.java:328)
	at com.kms.katalon.core.main.TestCaseExecutor.processExecutionPhase(TestCaseExecutor.java:307)
	at com.kms.katalon.core.main.TestCaseExecutor.accessMainPhase(TestCaseExecutor.java:299)
	at com.kms.katalon.core.main.TestCaseExecutor.execute(TestCaseExecutor.java:233)
	at com.kms.katalon.core.main.TestSuiteExecutor.accessTestCaseMainPhase(TestSuiteExecutor.java:169)
	at com.kms.katalon.core.main.TestSuiteExecutor.accessTestSuiteMainPhase(TestSuiteExecutor.java:142)
	at com.kms.katalon.core.main.TestSuiteExecutor.execute(TestSuiteExecutor.java:91)
	at com.kms.katalon.core.main.TestCaseMain.startTestSuite(TestCaseMain.java:157)
	at com.kms.katalon.core.main.TestCaseMain$startTestSuite$0.call(Unknown Source)
	at TempTestSuite1576955103733.run(TempTestSuite1576955103733.groovy:36)
Caused by: com.kms.katalon.core.webui.exception.WebElementNotFoundException: Web element with id: 'Object Repository/Page_ChannelAddMember - FirstTeam Mattermost/button_Channel MembergiabeuuRemove Member' located by 'By.xpath: //button[@id='removeMember']' not found
	at com.kms.katalon.core.webui.common.WebUiCommonHelper.findWebElement(WebUiCommonHelper.java:1154)
	at com.kms.katalon.core.webui.keyword.internal.WebUIAbstractKeyword.findWebElement(WebUIAbstractKeyword.groovy:27)
	at com.kms.katalon.core.webui.keyword.internal.WebUIAbstractKeyword.findWebElement(WebUIAbstractKeyword.groovy:26)
	at com.kms.katalon.core.webui.keyword.builtin.ClickKeyword$_click_closure1.doCall(ClickKeyword.groovy:67)
	at com.kms.katalon.core.webui.keyword.builtin.ClickKeyword$_click_closure1.call(ClickKeyword.groovy)
	at com.kms.katalon.core.webui.keyword.internal.WebUIKeywordMain.runKeyword(WebUIKeywordMain.groovy:20)
	... 19 more
"/>
         <system-out><![CDATA[2019-12-22 02:12:14 - [TEST_CASE][FAILED] - Test Cases/TestCase17RemoveMemberFromChannel: Test Cases/TestCase17RemoveMemberFromChannel FAILED.
Reason:
com.kms.katalon.core.exception.StepFailedException: Unable to click on object 'Object Repository/Page_ChannelAddMember - FirstTeam Mattermost/button_Channel MembergiabeuuRemove Member'
	at com.kms.katalon.core.webui.keyword.internal.WebUIKeywordMain.stepFailed(WebUIKeywordMain.groovy:64)
	at com.kms.katalon.core.webui.keyword.internal.WebUIKeywordMain.runKeyword(WebUIKeywordMain.groovy:26)
	at com.kms.katalon.core.webui.keyword.builtin.ClickKeyword.click(ClickKeyword.groovy:102)
	at com.kms.katalon.core.webui.keyword.builtin.ClickKeyword.execute(ClickKeyword.groovy:43)
	at com.kms.katalon.core.keyword.internal.KeywordExecutor.executeKeywordForPlatform(KeywordExecutor.groovy:72)
	at com.kms.katalon.core.webui.keyword.WebUiBuiltInKeywords.click(WebUiBuiltInKeywords.groovy:616)
	at com.kms.katalon.core.webui.keyword.WebUiBuiltInKeywords$click$3.call(Unknown Source)
	at TestCase17RemoveMemberFromChannel.run(TestCase17RemoveMemberFromChannel:37)
	at com.kms.katalon.core.main.ScriptEngine.run(ScriptEngine.java:194)
	at com.kms.katalon.core.main.ScriptEngine.runScriptAsRawText(ScriptEngine.java:119)
	at com.kms.katalon.core.main.TestCaseExecutor.runScript(TestCaseExecutor.java:337)
	at com.kms.katalon.core.main.TestCaseExecutor.doExecute(TestCaseExecutor.java:328)
	at com.kms.katalon.core.main.TestCaseExecutor.processExecutionPhase(TestCaseExecutor.java:307)
	at com.kms.katalon.core.main.TestCaseExecutor.accessMainPhase(TestCaseExecutor.java:299)
	at com.kms.katalon.core.main.TestCaseExecutor.execute(TestCaseExecutor.java:233)
	at com.kms.katalon.core.main.TestSuiteExecutor.accessTestCaseMainPhase(TestSuiteExecutor.java:169)
	at com.kms.katalon.core.main.TestSuiteExecutor.accessTestSuiteMainPhase(TestSuiteExecutor.java:142)
	at com.kms.katalon.core.main.TestSuiteExecutor.execute(TestSuiteExecutor.java:91)
	at com.kms.katalon.core.main.TestCaseMain.startTestSuite(TestCaseMain.java:157)
	at com.kms.katalon.core.main.TestCaseMain$startTestSuite$0.call(Unknown Source)
	at TempTestSuite1576955103733.run(TempTestSuite1576955103733.groovy:36)
Caused by: com.kms.katalon.core.webui.exception.WebElementNotFoundException: Web element with id: 'Object Repository/Page_ChannelAddMember - FirstTeam Mattermost/button_Channel MembergiabeuuRemove Member' located by 'By.xpath: //button[@id='removeMember']' not found
	at com.kms.katalon.core.webui.common.WebUiCommonHelper.findWebElement(WebUiCommonHelper.java:1154)
	at com.kms.katalon.core.webui.keyword.internal.WebUIAbstractKeyword.findWebElement(WebUIAbstractKeyword.groovy:27)
	at com.kms.katalon.core.webui.keyword.internal.WebUIAbstractKeyword.findWebElement(WebUIAbstractKeyword.groovy:26)
	at com.kms.katalon.core.webui.keyword.builtin.ClickKeyword$_click_closure1.doCall(ClickKeyword.groovy:67)
	at com.kms.katalon.core.webui.keyword.builtin.ClickKeyword$_click_closure1.call(ClickKeyword.groovy)
	at com.kms.katalon.core.webui.keyword.internal.WebUIKeywordMain.runKeyword(WebUIKeywordMain.groovy:20)
	... 19 more


2019-12-22 02:12:14 - [TEST_STEP][PASSED] - openBrowser(""): Browser is opened with url: ''

2019-12-22 02:12:14 - [MESSAGE][INFO] - Starting 'Firefox (headless)' driver

2019-12-22 02:12:18 - [MESSAGE][PASSED] - Browser is opened with url: ''

2019-12-22 02:12:18 - [TEST_STEP][PASSED] - navigateToUrl("https://cs300testautomatic.herokuapp.com/"): Navigate to 'https://cs300testautomatic.herokuapp.com/' successfully

2019-12-22 02:12:22 - [MESSAGE][PASSED] - Navigate to 'https://cs300testautomatic.herokuapp.com/' successfully

2019-12-22 02:12:22 - [TEST_STEP][PASSED] - setText(findTestObject("Page_Mattermost/input_All team communication in one place s_703ef5 (25)"), "dhieu@apcs.vn"): Text 'dhieu@apcs.vn' is set on object 'Object Repository/Page_Mattermost/input_All team communication in one place s_703ef5 (25)'

2019-12-22 02:12:27 - [MESSAGE][PASSED] - Text 'dhieu@apcs.vn' is set on object 'Object Repository/Page_Mattermost/input_All team communication in one place s_703ef5 (25)'

2019-12-22 02:12:27 - [TEST_STEP][PASSED] - setEncryptedText(findTestObject("Page_Mattermost/input_All team communication in one place s_2f2733 (25)"), "iGDxf8hSRT4="): Text ****** has been set on object 'Object Repository/Page_Mattermost/input_All team communication in one place s_2f2733 (25)'

2019-12-22 02:12:27 - [MESSAGE][PASSED] - Text ****** has been set on object 'Object Repository/Page_Mattermost/input_All team communication in one place s_2f2733 (25)'

2019-12-22 02:12:27 - [TEST_STEP][PASSED] - click(findTestObject("Page_Mattermost/button_Sign in (14)")): Object: 'Object Repository/Page_Mattermost/button_Sign in (14)' is clicked on

2019-12-22 02:12:27 - [MESSAGE][PASSED] - Object: 'Object Repository/Page_Mattermost/button_Sign in (14)' is clicked on

2019-12-22 02:12:27 - [TEST_STEP][PASSED] - click(findTestObject("Page_Town Square - FirstTeam Mattermost/div_Fi (1)")): Object: 'Object Repository/Page_Town Square - FirstTeam Mattermost/div_Fi (1)' is clicked on

2019-12-22 02:12:30 - [MESSAGE][PASSED] - Object: 'Object Repository/Page_Town Square - FirstTeam Mattermost/div_Fi (1)' is clicked on

2019-12-22 02:12:30 - [TEST_STEP][PASSED] - click(findTestObject("Page_Town Square - FirstTeam Mattermost/a_ChannelAddMember (1)")): Object: 'Object Repository/Page_Town Square - FirstTeam Mattermost/a_ChannelAddMember (1)' is clicked on

2019-12-22 02:12:31 - [MESSAGE][PASSED] - Object: 'Object Repository/Page_Town Square - FirstTeam Mattermost/a_ChannelAddMember (1)' is clicked on

2019-12-22 02:12:31 - [TEST_STEP][PASSED] - click(findTestObject("Page_ChannelAddMember - FirstTeam Mattermost/span_ChannelAddMember_channelHeaderDropdownIcon (1)")): Object: 'Object Repository/Page_ChannelAddMember - FirstTeam Mattermost/span_ChannelAddMember_channelHeaderDropdownIcon (1)' is clicked on

2019-12-22 02:12:31 - [MESSAGE][PASSED] - Object: 'Object Repository/Page_ChannelAddMember - FirstTeam Mattermost/span_ChannelAddMember_channelHeaderDropdownIcon (1)' is clicked on

2019-12-22 02:12:31 - [TEST_STEP][PASSED] - click(findTestObject("Object Repository/Page_ChannelAddMember - FirstTeam Mattermost/button_Manage Members")): Object: 'Object Repository/Page_ChannelAddMember - FirstTeam Mattermost/button_Manage Members' is clicked on

2019-12-22 02:12:31 - [MESSAGE][PASSED] - Object: 'Object Repository/Page_ChannelAddMember - FirstTeam Mattermost/button_Manage Members' is clicked on

2019-12-22 02:12:31 - [TEST_STEP][FAILED] - click(findTestObject("Object Repository/Page_ChannelAddMember - FirstTeam Mattermost/button_Channel MembergiabeuuRemove Member")): Unable to click on object 'Object Repository/Page_ChannelAddMember - FirstTeam Mattermost/button_Channel MembergiabeuuRemove Member' (Root cause: com.kms.katalon.core.exception.StepFailedException: Unable to click on object 'Object Repository/Page_ChannelAddMember - FirstTeam Mattermost/button_Channel MembergiabeuuRemove Member'
	at com.kms.katalon.core.webui.keyword.internal.WebUIKeywordMain.stepFailed(WebUIKeywordMain.groovy:64)
	at com.kms.katalon.core.webui.keyword.internal.WebUIKeywordMain.runKeyword(WebUIKeywordMain.groovy:26)
	at com.kms.katalon.core.webui.keyword.builtin.ClickKeyword.click(ClickKeyword.groovy:102)
	at com.kms.katalon.core.webui.keyword.builtin.ClickKeyword.execute(ClickKeyword.groovy:43)
	at com.kms.katalon.core.keyword.internal.KeywordExecutor.executeKeywordForPlatform(KeywordExecutor.groovy:72)
	at com.kms.katalon.core.webui.keyword.WebUiBuiltInKeywords.click(WebUiBuiltInKeywords.groovy:616)
	at com.kms.katalon.core.webui.keyword.WebUiBuiltInKeywords$click$3.call(Unknown Source)
	at TestCase17RemoveMemberFromChannel.run(TestCase17RemoveMemberFromChannel:37)
	at com.kms.katalon.core.main.ScriptEngine.run(ScriptEngine.java:194)
	at com.kms.katalon.core.main.ScriptEngine.runScriptAsRawText(ScriptEngine.java:119)
	at com.kms.katalon.core.main.TestCaseExecutor.runScript(TestCaseExecutor.java:337)
	at com.kms.katalon.core.main.TestCaseExecutor.doExecute(TestCaseExecutor.java:328)
	at com.kms.katalon.core.main.TestCaseExecutor.processExecutionPhase(TestCaseExecutor.java:307)
	at com.kms.katalon.core.main.TestCaseExecutor.accessMainPhase(TestCaseExecutor.java:299)
	at com.kms.katalon.core.main.TestCaseExecutor.execute(TestCaseExecutor.java:233)
	at com.kms.katalon.core.main.TestSuiteExecutor.accessTestCaseMainPhase(TestSuiteExecutor.java:169)
	at com.kms.katalon.core.main.TestSuiteExecutor.accessTestSuiteMainPhase(TestSuiteExecutor.java:142)
	at com.kms.katalon.core.main.TestSuiteExecutor.execute(TestSuiteExecutor.java:91)
	at com.kms.katalon.core.main.TestCaseMain.startTestSuite(TestCaseMain.java:157)
	at com.kms.katalon.core.main.TestCaseMain$startTestSuite$0.call(Unknown Source)
	at TempTestSuite1576955103733.run(TempTestSuite1576955103733.groovy:36)
Caused by: com.kms.katalon.core.webui.exception.WebElementNotFoundException: Web element with id: 'Object Repository/Page_ChannelAddMember - FirstTeam Mattermost/button_Channel MembergiabeuuRemove Member' located by 'By.xpath: //button[@id='removeMember']' not found
	at com.kms.katalon.core.webui.common.WebUiCommonHelper.findWebElement(WebUiCommonHelper.java:1154)
	at com.kms.katalon.core.webui.keyword.internal.WebUIAbstractKeyword.findWebElement(WebUIAbstractKeyword.groovy:27)
	at com.kms.katalon.core.webui.keyword.internal.WebUIAbstractKeyword.findWebElement(WebUIAbstractKeyword.groovy:26)
	at com.kms.katalon.core.webui.keyword.builtin.ClickKeyword$_click_closure1.doCall(ClickKeyword.groovy:67)
	at com.kms.katalon.core.webui.keyword.builtin.ClickKeyword$_click_closure1.call(ClickKeyword.groovy)
	at com.kms.katalon.core.webui.keyword.internal.WebUIKeywordMain.runKeyword(WebUIKeywordMain.groovy:20)
	at com.kms.katalon.core.webui.keyword.builtin.ClickKeyword.click(ClickKeyword.groovy:102)
	at com.kms.katalon.core.webui.keyword.builtin.ClickKeyword.execute(ClickKeyword.groovy:43)
	at com.kms.katalon.core.keyword.internal.KeywordExecutor.executeKeywordForPlatform(KeywordExecutor.groovy:72)
	at com.kms.katalon.core.webui.keyword.WebUiBuiltInKeywords.click(WebUiBuiltInKeywords.groovy:616)
	at com.kms.katalon.core.webui.keyword.WebUiBuiltInKeywords$click$3.call(Unknown Source)
	at Script1576918576978.run(Script1576918576978.groovy:37)
	... 13 more
)

2019-12-22 02:13:02 - [MESSAGE][INFO] - Unable to find the element located by 'By.xpath: //button[@id='removeMember']'. Please recheck the objects properties to make sure the desired element is located. 

2019-12-22 02:13:02 - [MESSAGE][INFO] - [SMART_XPATH] Auto-trying out other XPath values in the test object.

2019-12-22 02:13:02 - [MESSAGE][INFO] - [SMART_XPATH] FAILED XPATH: '//button[@id='removeMember']'.

2019-12-22 02:13:02 - [MESSAGE][INFO] - [SMART_XPATH] FAILED XPATH: '(.//*[normalize-space(text()) and normalize-space(.)='giabeuu@gmail.com'])[1]/following::button[1]'.

2019-12-22 02:13:02 - [MESSAGE][INFO] - [SMART_XPATH] FAILED XPATH: '(.//*[normalize-space(text()) and normalize-space(.)='Nguyen Gia (GiaGia)'])[1]/following::button[1]'.

2019-12-22 02:13:02 - [MESSAGE][INFO] - [SMART_XPATH] FAILED XPATH: '//div[2]/div/div/div[2]/button'.

2019-12-22 02:13:02 - [MESSAGE][INFO] - [SMART_XPATH] No working XPath is found.

2019-12-22 02:13:02 - [MESSAGE][FAILED] - Unable to click on object 'Object Repository/Page_ChannelAddMember - FirstTeam Mattermost/button_Channel MembergiabeuuRemove Member' (Root cause: com.kms.katalon.core.exception.StepFailedException: Unable to click on object 'Object Repository/Page_ChannelAddMember - FirstTeam Mattermost/button_Channel MembergiabeuuRemove Member'
	at com.kms.katalon.core.webui.keyword.internal.WebUIKeywordMain.stepFailed(WebUIKeywordMain.groovy:64)
	at com.kms.katalon.core.webui.keyword.internal.WebUIKeywordMain.runKeyword(WebUIKeywordMain.groovy:26)
	at com.kms.katalon.core.webui.keyword.builtin.ClickKeyword.click(ClickKeyword.groovy:102)
	at com.kms.katalon.core.webui.keyword.builtin.ClickKeyword.execute(ClickKeyword.groovy:43)
	at com.kms.katalon.core.keyword.internal.KeywordExecutor.executeKeywordForPlatform(KeywordExecutor.groovy:72)
	at com.kms.katalon.core.webui.keyword.WebUiBuiltInKeywords.click(WebUiBuiltInKeywords.groovy:616)
	at com.kms.katalon.core.webui.keyword.WebUiBuiltInKeywords$click$3.call(Unknown Source)
	at TestCase17RemoveMemberFromChannel.run(TestCase17RemoveMemberFromChannel:37)
	at com.kms.katalon.core.main.ScriptEngine.run(ScriptEngine.java:194)
	at com.kms.katalon.core.main.ScriptEngine.runScriptAsRawText(ScriptEngine.java:119)
	at com.kms.katalon.core.main.TestCaseExecutor.runScript(TestCaseExecutor.java:337)
	at com.kms.katalon.core.main.TestCaseExecutor.doExecute(TestCaseExecutor.java:328)
	at com.kms.katalon.core.main.TestCaseExecutor.processExecutionPhase(TestCaseExecutor.java:307)
	at com.kms.katalon.core.main.TestCaseExecutor.accessMainPhase(TestCaseExecutor.java:299)
	at com.kms.katalon.core.main.TestCaseExecutor.execute(TestCaseExecutor.java:233)
	at com.kms.katalon.core.main.TestSuiteExecutor.accessTestCaseMainPhase(TestSuiteExecutor.java:169)
	at com.kms.katalon.core.main.TestSuiteExecutor.accessTestSuiteMainPhase(TestSuiteExecutor.java:142)
	at com.kms.katalon.core.main.TestSuiteExecutor.execute(TestSuiteExecutor.java:91)
	at com.kms.katalon.core.main.TestCaseMain.startTestSuite(TestCaseMain.java:157)
	at com.kms.katalon.core.main.TestCaseMain$startTestSuite$0.call(Unknown Source)
	at TempTestSuite1576955103733.run(TempTestSuite1576955103733.groovy:36)
Caused by: com.kms.katalon.core.webui.exception.WebElementNotFoundException: Web element with id: 'Object Repository/Page_ChannelAddMember - FirstTeam Mattermost/button_Channel MembergiabeuuRemove Member' located by 'By.xpath: //button[@id='removeMember']' not found
	at com.kms.katalon.core.webui.common.WebUiCommonHelper.findWebElement(WebUiCommonHelper.java:1154)
	at com.kms.katalon.core.webui.keyword.internal.WebUIAbstractKeyword.findWebElement(WebUIAbstractKeyword.groovy:27)
	at com.kms.katalon.core.webui.keyword.internal.WebUIAbstractKeyword.findWebElement(WebUIAbstractKeyword.groovy:26)
	at com.kms.katalon.core.webui.keyword.builtin.ClickKeyword$_click_closure1.doCall(ClickKeyword.groovy:67)
	at com.kms.katalon.core.webui.keyword.builtin.ClickKeyword$_click_closure1.call(ClickKeyword.groovy)
	at com.kms.katalon.core.webui.keyword.internal.WebUIKeywordMain.runKeyword(WebUIKeywordMain.groovy:20)
	at com.kms.katalon.core.webui.keyword.builtin.ClickKeyword.click(ClickKeyword.groovy:102)
	at com.kms.katalon.core.webui.keyword.builtin.ClickKeyword.execute(ClickKeyword.groovy:43)
	at com.kms.katalon.core.keyword.internal.KeywordExecutor.executeKeywordForPlatform(KeywordExecutor.groovy:72)
	at com.kms.katalon.core.webui.keyword.WebUiBuiltInKeywords.click(WebUiBuiltInKeywords.groovy:616)
	at com.kms.katalon.core.webui.keyword.WebUiBuiltInKeywords$click$3.call(Unknown Source)
	at Script1576918576978.run(Script1576918576978.groovy:37)
	... 13 more
)
[[ATTACHMENT|D:\\Learning\\School\\2019-2020-HK1\\CS300\\CS300AutomaticWebTesting\\Reports\\20191222_020503\\Run All Test Cases\\20191222_020503\\1576955582723.png]]]]></system-out>
         <system-err><![CDATA[2019-12-22 02:12:14 - [TEST_CASE][FAILED] - Test Cases/TestCase17RemoveMemberFromChannel: Test Cases/TestCase17RemoveMemberFromChannel FAILED.
Reason:
com.kms.katalon.core.exception.StepFailedException: Unable to click on object 'Object Repository/Page_ChannelAddMember - FirstTeam Mattermost/button_Channel MembergiabeuuRemove Member'
	at com.kms.katalon.core.webui.keyword.internal.WebUIKeywordMain.stepFailed(WebUIKeywordMain.groovy:64)
	at com.kms.katalon.core.webui.keyword.internal.WebUIKeywordMain.runKeyword(WebUIKeywordMain.groovy:26)
	at com.kms.katalon.core.webui.keyword.builtin.ClickKeyword.click(ClickKeyword.groovy:102)
	at com.kms.katalon.core.webui.keyword.builtin.ClickKeyword.execute(ClickKeyword.groovy:43)
	at com.kms.katalon.core.keyword.internal.KeywordExecutor.executeKeywordForPlatform(KeywordExecutor.groovy:72)
	at com.kms.katalon.core.webui.keyword.WebUiBuiltInKeywords.click(WebUiBuiltInKeywords.groovy:616)
	at com.kms.katalon.core.webui.keyword.WebUiBuiltInKeywords$click$3.call(Unknown Source)
	at TestCase17RemoveMemberFromChannel.run(TestCase17RemoveMemberFromChannel:37)
	at com.kms.katalon.core.main.ScriptEngine.run(ScriptEngine.java:194)
	at com.kms.katalon.core.main.ScriptEngine.runScriptAsRawText(ScriptEngine.java:119)
	at com.kms.katalon.core.main.TestCaseExecutor.runScript(TestCaseExecutor.java:337)
	at com.kms.katalon.core.main.TestCaseExecutor.doExecute(TestCaseExecutor.java:328)
	at com.kms.katalon.core.main.TestCaseExecutor.processExecutionPhase(TestCaseExecutor.java:307)
	at com.kms.katalon.core.main.TestCaseExecutor.accessMainPhase(TestCaseExecutor.java:299)
	at com.kms.katalon.core.main.TestCaseExecutor.execute(TestCaseExecutor.java:233)
	at com.kms.katalon.core.main.TestSuiteExecutor.accessTestCaseMainPhase(TestSuiteExecutor.java:169)
	at com.kms.katalon.core.main.TestSuiteExecutor.accessTestSuiteMainPhase(TestSuiteExecutor.java:142)
	at com.kms.katalon.core.main.TestSuiteExecutor.execute(TestSuiteExecutor.java:91)
	at com.kms.katalon.core.main.TestCaseMain.startTestSuite(TestCaseMain.java:157)
	at com.kms.katalon.core.main.TestCaseMain$startTestSuite$0.call(Unknown Source)
	at TempTestSuite1576955103733.run(TempTestSuite1576955103733.groovy:36)
Caused by: com.kms.katalon.core.webui.exception.WebElementNotFoundException: Web element with id: 'Object Repository/Page_ChannelAddMember - FirstTeam Mattermost/button_Channel MembergiabeuuRemove Member' located by 'By.xpath: //button[@id='removeMember']' not found
	at com.kms.katalon.core.webui.common.WebUiCommonHelper.findWebElement(WebUiCommonHelper.java:1154)
	at com.kms.katalon.core.webui.keyword.internal.WebUIAbstractKeyword.findWebElement(WebUIAbstractKeyword.groovy:27)
	at com.kms.katalon.core.webui.keyword.internal.WebUIAbstractKeyword.findWebElement(WebUIAbstractKeyword.groovy:26)
	at com.kms.katalon.core.webui.keyword.builtin.ClickKeyword$_click_closure1.doCall(ClickKeyword.groovy:67)
	at com.kms.katalon.core.webui.keyword.builtin.ClickKeyword$_click_closure1.call(ClickKeyword.groovy)
	at com.kms.katalon.core.webui.keyword.internal.WebUIKeywordMain.runKeyword(WebUIKeywordMain.groovy:20)
	... 19 more]]></system-err>
      </testcase>
      <testcase name="Test Cases/TestCase18CreatePrivateChannel" time="19.46" classname="Test Cases/TestCase18CreatePrivateChannel" status="PASSED">
         <system-out><![CDATA[2019-12-22 02:13:02 - [TEST_CASE][PASSED] - Test Cases/TestCase18CreatePrivateChannel: Test Cases/TestCase18CreatePrivateChannel

2019-12-22 02:13:03 - [TEST_STEP][PASSED] - openBrowser(""): Browser is opened with url: ''

2019-12-22 02:13:03 - [MESSAGE][WARNING] - A browser is already opened. Closing browser and opening a new one

2019-12-22 02:13:04 - [MESSAGE][INFO] - Starting 'Firefox (headless)' driver

2019-12-22 02:13:07 - [MESSAGE][PASSED] - Browser is opened with url: ''

2019-12-22 02:13:07 - [TEST_STEP][PASSED] - navigateToUrl("https://cs300testautomatic.herokuapp.com/"): Navigate to 'https://cs300testautomatic.herokuapp.com/' successfully

2019-12-22 02:13:12 - [MESSAGE][PASSED] - Navigate to 'https://cs300testautomatic.herokuapp.com/' successfully

2019-12-22 02:13:12 - [TEST_STEP][PASSED] - setText(findTestObject("Page_Mattermost/input_All team communication in one place s_703ef5 (3)"), "dhieu@apcs.vn"): Text 'dhieu@apcs.vn' is set on object 'Object Repository/Page_Mattermost/input_All team communication in one place s_703ef5 (3)'

2019-12-22 02:13:16 - [MESSAGE][PASSED] - Text 'dhieu@apcs.vn' is set on object 'Object Repository/Page_Mattermost/input_All team communication in one place s_703ef5 (3)'

2019-12-22 02:13:16 - [TEST_STEP][PASSED] - setEncryptedText(findTestObject("Page_Mattermost/input_All team communication in one place s_2f2733 (3)"), "iGDxf8hSRT4="): Text ****** has been set on object 'Object Repository/Page_Mattermost/input_All team communication in one place s_2f2733 (3)'

2019-12-22 02:13:16 - [MESSAGE][PASSED] - Text ****** has been set on object 'Object Repository/Page_Mattermost/input_All team communication in one place s_2f2733 (3)'

2019-12-22 02:13:16 - [TEST_STEP][PASSED] - click(findTestObject("Page_Mattermost/span_Sign in (1)")): Object: 'Object Repository/Page_Mattermost/span_Sign in (1)' is clicked on

2019-12-22 02:13:17 - [MESSAGE][PASSED] - Object: 'Object Repository/Page_Mattermost/span_Sign in (1)' is clicked on

2019-12-22 02:13:17 - [TEST_STEP][PASSED] - click(findTestObject("Page_Town Square - FirstTeam Mattermost/span_ (1)")): Object: 'Object Repository/Page_Town Square - FirstTeam Mattermost/span_ (1)' is clicked on

2019-12-22 02:13:20 - [MESSAGE][PASSED] - Object: 'Object Repository/Page_Town Square - FirstTeam Mattermost/span_ (1)' is clicked on

2019-12-22 02:13:20 - [TEST_STEP][PASSED] - setText(findTestObject("Page_Town Square - FirstTeam Mattermost/input_Name_newChannelName (1)"), "privateChannel"): Text 'privateChannel' is set on object 'Object Repository/Page_Town Square - FirstTeam Mattermost/input_Name_newChannelName (1)'

2019-12-22 02:13:20 - [MESSAGE][PASSED] - Text 'privateChannel' is set on object 'Object Repository/Page_Town Square - FirstTeam Mattermost/input_Name_newChannelName (1)'

2019-12-22 02:13:20 - [TEST_STEP][PASSED] - click(findTestObject("Page_Town Square - FirstTeam Mattermost/span_Create New Channel (1)")): Object: 'Object Repository/Page_Town Square - FirstTeam Mattermost/span_Create New Channel (1)' is clicked on

2019-12-22 02:13:21 - [MESSAGE][PASSED] - Object: 'Object Repository/Page_Town Square - FirstTeam Mattermost/span_Create New Channel (1)' is clicked on

2019-12-22 02:13:21 - [TEST_STEP][PASSED] - closeBrowser(): Browser is closed

2019-12-22 02:13:22 - [MESSAGE][PASSED] - Browser is closed]]></system-out>
         <system-err><![CDATA[]]></system-err>
      </testcase>
      <testcase name="Test Cases/TestCase19CreatePublicChannel" time="51.025" classname="Test Cases/TestCase19CreatePublicChannel" status="PASSED">
         <system-out><![CDATA[2019-12-22 02:13:22 - [TEST_CASE][PASSED] - Test Cases/TestCase19CreatePublicChannel: Test Cases/TestCase19CreatePublicChannel

2019-12-22 02:13:22 - [TEST_STEP][PASSED] - openBrowser(""): Browser is opened with url: ''

2019-12-22 02:13:22 - [MESSAGE][INFO] - Starting 'Firefox (headless)' driver

2019-12-22 02:13:25 - [MESSAGE][PASSED] - Browser is opened with url: ''

2019-12-22 02:13:25 - [TEST_STEP][PASSED] - navigateToUrl("https://cs300testautomatic.herokuapp.com/"): Navigate to 'https://cs300testautomatic.herokuapp.com/' successfully

2019-12-22 02:13:31 - [MESSAGE][PASSED] - Navigate to 'https://cs300testautomatic.herokuapp.com/' successfully

2019-12-22 02:13:31 - [TEST_STEP][PASSED] - setText(findTestObject("Page_Mattermost/input_All team communication in one place s_703ef5 (4)"), "dhieu@apcs.vn"): Text 'dhieu@apcs.vn' is set on object 'Object Repository/Page_Mattermost/input_All team communication in one place s_703ef5 (4)'

2019-12-22 02:13:35 - [MESSAGE][PASSED] - Text 'dhieu@apcs.vn' is set on object 'Object Repository/Page_Mattermost/input_All team communication in one place s_703ef5 (4)'

2019-12-22 02:13:35 - [TEST_STEP][PASSED] - setEncryptedText(findTestObject("Page_Mattermost/input_All team communication in one place s_2f2733 (4)"), "iGDxf8hSRT4="): Text ****** has been set on object 'Object Repository/Page_Mattermost/input_All team communication in one place s_2f2733 (4)'

2019-12-22 02:13:35 - [MESSAGE][PASSED] - Text ****** has been set on object 'Object Repository/Page_Mattermost/input_All team communication in one place s_2f2733 (4)'

2019-12-22 02:13:35 - [TEST_STEP][PASSED] - click(findTestObject("Page_Mattermost/span_Sign in (2)")): Object: 'Object Repository/Page_Mattermost/span_Sign in (2)' is clicked on

2019-12-22 02:13:35 - [MESSAGE][PASSED] - Object: 'Object Repository/Page_Mattermost/span_Sign in (2)' is clicked on

2019-12-22 02:13:35 - [TEST_STEP][PASSED] - click(findTestObject("Page_Town Square - FirstTeam Mattermost/span_ (2)")): Object: 'Object Repository/Page_Town Square - FirstTeam Mattermost/span_ (2)' is clicked on

2019-12-22 02:13:39 - [MESSAGE][PASSED] - Object: 'Object Repository/Page_Town Square - FirstTeam Mattermost/span_ (2)' is clicked on

2019-12-22 02:13:39 - [TEST_STEP][PASSED] - click(findTestObject("Page_Town Square - FirstTeam Mattermost/input_Type_channelType (1)")): Object: 'Object Repository/Page_Town Square - FirstTeam Mattermost/input_Type_channelType (1)' is clicked on

2019-12-22 02:13:39 - [MESSAGE][PASSED] - Object: 'Object Repository/Page_Town Square - FirstTeam Mattermost/input_Type_channelType (1)' is clicked on

2019-12-22 02:13:39 - [TEST_STEP][PASSED] - setText(findTestObject("Page_Town Square - FirstTeam Mattermost/input_Name_newChannelName"), "publicChannel"): Text 'publicChannel' is set on object 'Object Repository/Page_Town Square - FirstTeam Mattermost/input_Name_newChannelName'

2019-12-22 02:13:40 - [MESSAGE][PASSED] - Text 'publicChannel' is set on object 'Object Repository/Page_Town Square - FirstTeam Mattermost/input_Name_newChannelName'

2019-12-22 02:13:40 - [TEST_STEP][PASSED] - click(findTestObject("Page_Town Square - FirstTeam Mattermost/span_Edit (1)")): Object: 'Object Repository/Page_Town Square - FirstTeam Mattermost/span_Edit (1)' is clicked on

2019-12-22 02:13:40 - [MESSAGE][PASSED] - Object: 'Object Repository/Page_Town Square - FirstTeam Mattermost/span_Edit (1)' is clicked on

2019-12-22 02:13:40 - [TEST_STEP][PASSED] - click(findTestObject("Page_Town Square - FirstTeam Mattermost/span_Change Channel URL (1)")): Object: 'Object Repository/Page_Town Square - FirstTeam Mattermost/span_Change Channel URL (1)' is clicked on

2019-12-22 02:13:40 - [MESSAGE][PASSED] - Object: 'Object Repository/Page_Town Square - FirstTeam Mattermost/span_Change Channel URL (1)' is clicked on

2019-12-22 02:13:40 - [TEST_STEP][PASSED] - click(findTestObject("Page_Town Square - FirstTeam Mattermost/span_Create New Channel (2)")): Object: 'Object Repository/Page_Town Square - FirstTeam Mattermost/span_Create New Channel (2)' is clicked on

2019-12-22 02:14:11 - [MESSAGE][INFO] - Unable to find the element located by 'By.xpath: //button[@id='submitNewChannel']/span'. Please recheck the objects properties to make sure the desired element is located. 

2019-12-22 02:14:11 - [MESSAGE][INFO] - [SMART_XPATH] Auto-trying out other XPath values in the test object.

2019-12-22 02:14:11 - [MESSAGE][INFO] - [SMART_XPATH] FAILED XPATH: '//button[@id='submitNewChannel']/span'.

2019-12-22 02:14:11 - [MESSAGE][INFO] - [SMART_XPATH] FAILED XPATH: '(.//*[normalize-space(text()) and normalize-space(.)='Cancel'])[1]/following::span[1]'.

2019-12-22 02:14:11 - [MESSAGE][INFO] - [SMART_XPATH] FAILED XPATH: '(.//*[normalize-space(text()) and normalize-space(.)='(optional)'])[2]/following::span[3]'.

2019-12-22 02:14:11 - [MESSAGE][INFO] - [SMART_XPATH] FAILED XPATH: '//*/text()[normalize-space(.)='Create New Channel']/parent::*'.

2019-12-22 02:14:11 - [MESSAGE][INFO] - [SMART_XPATH] WORKING XPATH: '//div[2]/button[2]/span'.

2019-12-22 02:14:11 - [MESSAGE][INFO] - [SMART_XPATH] Screenshot: D:/Learning/School/2019-2020-HK1/CS300/CS300AutomaticWebTesting/Reports/smart_xpath/Object Repository/Page_Town Square - FirstTeam Mattermost/span_Create New Channel (2)_position.png

2019-12-22 02:14:11 - [MESSAGE][ERROR] - [SMART_XPATH] D:\Learning\School\2019-2020-HK1\CS300\CS300AutomaticWebTesting\Reports\smart_xpath\waiting-for-approval.json (The system cannot find the file specified)

2019-12-22 02:14:11 - [MESSAGE][ERROR] - [SMART_XPATH] D:/Learning/School/2019-2020-HK1/CS300/CS300AutomaticWebTesting/Reports/smart_xpath/waiting-for-approval.json does not exist or is provided by Smart XPath Plugin!

2019-12-22 02:14:11 - [MESSAGE][INFO] - [SMART_XPATH] Selected Smart XPath: '//div[2]/button[2]/span'.

2019-12-22 02:14:11 - [MESSAGE][INFO] - [SMART_XPATH] Continuing executing the test case!

2019-12-22 02:14:12 - [MESSAGE][PASSED] - Object: 'Object Repository/Page_Town Square - FirstTeam Mattermost/span_Create New Channel (2)' is clicked on

2019-12-22 02:14:12 - [TEST_STEP][PASSED] - closeBrowser(): Browser is closed

2019-12-22 02:14:13 - [MESSAGE][PASSED] - Browser is closed]]></system-out>
         <system-err><![CDATA[]]></system-err>
      </testcase>
      <testcase name="Test Cases/TestCase20LeaveChannel" time="48.064" classname="Test Cases/TestCase20LeaveChannel" status="PASSED">
         <system-out><![CDATA[2019-12-22 02:14:13 - [TEST_CASE][PASSED] - Test Cases/TestCase20LeaveChannel: Test Cases/TestCase20LeaveChannel

2019-12-22 02:14:13 - [TEST_STEP][PASSED] - openBrowser(""): Browser is opened with url: ''

2019-12-22 02:14:13 - [MESSAGE][INFO] - Starting 'Firefox (headless)' driver

2019-12-22 02:14:16 - [MESSAGE][PASSED] - Browser is opened with url: ''

2019-12-22 02:14:16 - [TEST_STEP][PASSED] - navigateToUrl("https://cs300testautomatic.herokuapp.com/"): Navigate to 'https://cs300testautomatic.herokuapp.com/' successfully

2019-12-22 02:14:21 - [MESSAGE][PASSED] - Navigate to 'https://cs300testautomatic.herokuapp.com/' successfully

2019-12-22 02:14:21 - [TEST_STEP][PASSED] - setText(findTestObject("Page_Mattermost/input_All team communication in one place s_703ef5"), "dhieu@apcs.vn"): Text 'dhieu@apcs.vn' is set on object 'Object Repository/Page_Mattermost/input_All team communication in one place s_703ef5'

2019-12-22 02:14:25 - [MESSAGE][PASSED] - Text 'dhieu@apcs.vn' is set on object 'Object Repository/Page_Mattermost/input_All team communication in one place s_703ef5'

2019-12-22 02:14:25 - [TEST_STEP][PASSED] - setEncryptedText(findTestObject("Page_Mattermost/input_All team communication in one place s_2f2733"), "iGDxf8hSRT4="): Text ****** has been set on object 'Object Repository/Page_Mattermost/input_All team communication in one place s_2f2733'

2019-12-22 02:14:25 - [MESSAGE][PASSED] - Text ****** has been set on object 'Object Repository/Page_Mattermost/input_All team communication in one place s_2f2733'

2019-12-22 02:14:25 - [TEST_STEP][PASSED] - click(findTestObject("Page_Mattermost/span_Sign in")): Object: 'Object Repository/Page_Mattermost/span_Sign in' is clicked on

2019-12-22 02:14:26 - [MESSAGE][PASSED] - Object: 'Object Repository/Page_Mattermost/span_Sign in' is clicked on

2019-12-22 02:14:26 - [TEST_STEP][PASSED] - click(findTestObject("Object Repository/Page_Town Square - FirstTeam Mattermost/span_Channel3")): Object: 'Object Repository/Page_Town Square - FirstTeam Mattermost/span_Channel3' is clicked on

2019-12-22 02:14:57 - [MESSAGE][INFO] - Unable to find the element located by 'By.xpath: //a[@id='sidebarItem_channel3url']/span[2]/span'. Please recheck the objects properties to make sure the desired element is located. 

2019-12-22 02:14:57 - [MESSAGE][INFO] - [SMART_XPATH] Auto-trying out other XPath values in the test object.

2019-12-22 02:14:57 - [MESSAGE][INFO] - [SMART_XPATH] FAILED XPATH: '//a[@id='sidebarItem_channel3url']/span[2]/span'.

2019-12-22 02:14:57 - [MESSAGE][INFO] - [SMART_XPATH] WORKING XPATH: '(.//*[normalize-space(text()) and normalize-space(.)='+'])[2]/following::span[3]'.

2019-12-22 02:14:57 - [MESSAGE][INFO] - [SMART_XPATH] Screenshot: D:/Learning/School/2019-2020-HK1/CS300/CS300AutomaticWebTesting/Reports/smart_xpath/Object Repository/Page_Town Square - FirstTeam Mattermost/span_Channel3_neighbor_4.png

2019-12-22 02:14:57 - [MESSAGE][INFO] - [SMART_XPATH] WORKING XPATH: '(.//*[normalize-space(text()) and normalize-space(.)='PUBLIC CHANNELS'])[1]/following::span[4]'.

2019-12-22 02:14:57 - [MESSAGE][INFO] - [SMART_XPATH] Screenshot: D:/Learning/School/2019-2020-HK1/CS300/CS300AutomaticWebTesting/Reports/smart_xpath/Object Repository/Page_Town Square - FirstTeam Mattermost/span_Channel3_neighbor_5.png

2019-12-22 02:14:57 - [MESSAGE][INFO] - [SMART_XPATH] WORKING XPATH: '(.//*[normalize-space(text()) and normalize-space(.)='Off-Topic'])[1]/preceding::span[2]'.

2019-12-22 02:14:58 - [MESSAGE][INFO] - [SMART_XPATH] Screenshot: D:/Learning/School/2019-2020-HK1/CS300/CS300AutomaticWebTesting/Reports/smart_xpath/Object Repository/Page_Town Square - FirstTeam Mattermost/span_Channel3_neighbor_6.png

2019-12-22 02:14:58 - [MESSAGE][INFO] - [SMART_XPATH] WORKING XPATH: '(.//*[normalize-space(text()) and normalize-space(.)='Town Square'])[1]/preceding::span[5]'.

2019-12-22 02:14:58 - [MESSAGE][INFO] - [SMART_XPATH] Screenshot: D:/Learning/School/2019-2020-HK1/CS300/CS300AutomaticWebTesting/Reports/smart_xpath/Object Repository/Page_Town Square - FirstTeam Mattermost/span_Channel3_neighbor_7.png

2019-12-22 02:14:58 - [MESSAGE][INFO] - [SMART_XPATH] FAILED XPATH: '//*/text()[normalize-space(.)='Channel3']/parent::*'.

2019-12-22 02:14:58 - [MESSAGE][INFO] - [SMART_XPATH] WORKING XPATH: '//span[2]/span'.

2019-12-22 02:14:58 - [MESSAGE][INFO] - [SMART_XPATH] Screenshot: D:/Learning/School/2019-2020-HK1/CS300/CS300AutomaticWebTesting/Reports/smart_xpath/Object Repository/Page_Town Square - FirstTeam Mattermost/span_Channel3_position.png

2019-12-22 02:14:58 - [MESSAGE][ERROR] - [SMART_XPATH] D:\Learning\School\2019-2020-HK1\CS300\CS300AutomaticWebTesting\Reports\smart_xpath\waiting-for-approval.json (The system cannot find the file specified)

2019-12-22 02:14:58 - [MESSAGE][ERROR] - [SMART_XPATH] D:/Learning/School/2019-2020-HK1/CS300/CS300AutomaticWebTesting/Reports/smart_xpath/waiting-for-approval.json does not exist or is provided by Smart XPath Plugin!

2019-12-22 02:14:58 - [MESSAGE][INFO] - [SMART_XPATH] Selected Smart XPath: '(.//*[normalize-space(text()) and normalize-space(.)='+'])[2]/following::span[3]'.

2019-12-22 02:14:58 - [MESSAGE][INFO] - [SMART_XPATH] Continuing executing the test case!

2019-12-22 02:14:58 - [MESSAGE][PASSED] - Object: 'Object Repository/Page_Town Square - FirstTeam Mattermost/span_Channel3' is clicked on

2019-12-22 02:14:58 - [TEST_STEP][PASSED] - click(findTestObject("Object Repository/Page_Channel3 - FirstTeam Mattermost/span_Channel3_channelHeaderDropdownIcon")): Object: 'Object Repository/Page_Channel3 - FirstTeam Mattermost/span_Channel3_channelHeaderDropdownIcon' is clicked on

2019-12-22 02:14:59 - [MESSAGE][PASSED] - Object: 'Object Repository/Page_Channel3 - FirstTeam Mattermost/span_Channel3_channelHeaderDropdownIcon' is clicked on

2019-12-22 02:14:59 - [TEST_STEP][PASSED] - click(findTestObject("Object Repository/Page_Channel3 - FirstTeam Mattermost/button_Leave Channel")): Object: 'Object Repository/Page_Channel3 - FirstTeam Mattermost/button_Leave Channel' is clicked on

2019-12-22 02:15:00 - [MESSAGE][PASSED] - Object: 'Object Repository/Page_Channel3 - FirstTeam Mattermost/button_Leave Channel' is clicked on

2019-12-22 02:15:00 - [TEST_STEP][PASSED] - closeBrowser(): Browser is closed

2019-12-22 02:15:01 - [MESSAGE][PASSED] - Browser is closed]]></system-out>
         <system-err><![CDATA[]]></system-err>
      </testcase>
      <testcase name="Test Cases/TestCase20RegisterNewAccount" time="47.801" classname="Test Cases/TestCase20RegisterNewAccount" status="PASSED">
         <system-out><![CDATA[2019-12-22 02:15:01 - [TEST_CASE][PASSED] - Test Cases/TestCase20RegisterNewAccount: Test Cases/TestCase20RegisterNewAccount

2019-12-22 02:15:01 - [TEST_STEP][PASSED] - openBrowser(""): Browser is opened with url: ''

2019-12-22 02:15:01 - [MESSAGE][INFO] - Starting 'Firefox (headless)' driver

2019-12-22 02:15:04 - [MESSAGE][PASSED] - Browser is opened with url: ''

2019-12-22 02:15:04 - [TEST_STEP][PASSED] - navigateToUrl("https://cs300testautomatic.herokuapp.com/"): Navigate to 'https://cs300testautomatic.herokuapp.com/' successfully

2019-12-22 02:15:10 - [MESSAGE][PASSED] - Navigate to 'https://cs300testautomatic.herokuapp.com/' successfully

2019-12-22 02:15:10 - [TEST_STEP][PASSED] - click(findTestObject("Page_Mattermost/span_Create one now (2)")): Object: 'Object Repository/Page_Mattermost/span_Create one now (2)' is clicked on

2019-12-22 02:15:15 - [MESSAGE][PASSED] - Object: 'Object Repository/Page_Mattermost/span_Create one now (2)' is clicked on

2019-12-22 02:15:15 - [TEST_STEP][PASSED] - setText(findTestObject("Page_Mattermost/input_Choose your username_name (2)"), "mymymymymymymym"): Text 'mymymymymymymym' is set on object 'Object Repository/Page_Mattermost/input_Choose your username_name (2)'

2019-12-22 02:15:16 - [MESSAGE][PASSED] - Text 'mymymymymymymym' is set on object 'Object Repository/Page_Mattermost/input_Choose your username_name (2)'

2019-12-22 02:15:16 - [TEST_STEP][PASSED] - setText(findTestObject("Page_Mattermost/input_concat(What  s your email address)_email (2)"), "mymymy@mymymy.com"): Text 'mymymy@mymymy.com' is set on object 'Object Repository/Page_Mattermost/input_concat(What  s your email address)_email (2)'

2019-12-22 02:15:47 - [MESSAGE][INFO] - Unable to find the element located by 'By.xpath: '. Please recheck the objects properties to make sure the desired element is located. 

2019-12-22 02:15:47 - [MESSAGE][INFO] - [SMART_XPATH] Auto-trying out other XPath values in the test object.

2019-12-22 02:15:47 - [MESSAGE][INFO] - [SMART_XPATH] WORKING XPATH: '//input[@id='email']'.

2019-12-22 02:15:47 - [MESSAGE][INFO] - [SMART_XPATH] Screenshot: D:/Learning/School/2019-2020-HK1/CS300/CS300AutomaticWebTesting/Reports/smart_xpath/Object Repository/Page_Mattermost/input_concat(What  s your email address)_email (2)_attributes.png

2019-12-22 02:15:47 - [MESSAGE][INFO] - [SMART_XPATH] WORKING XPATH: '//input'.

2019-12-22 02:15:47 - [MESSAGE][INFO] - [SMART_XPATH] Screenshot: D:/Learning/School/2019-2020-HK1/CS300/CS300AutomaticWebTesting/Reports/smart_xpath/Object Repository/Page_Mattermost/input_concat(What  s your email address)_email (2)_position.png

2019-12-22 02:15:47 - [MESSAGE][ERROR] - [SMART_XPATH] D:\Learning\School\2019-2020-HK1\CS300\CS300AutomaticWebTesting\Reports\smart_xpath\waiting-for-approval.json (The system cannot find the file specified)

2019-12-22 02:15:47 - [MESSAGE][ERROR] - [SMART_XPATH] D:/Learning/School/2019-2020-HK1/CS300/CS300AutomaticWebTesting/Reports/smart_xpath/waiting-for-approval.json does not exist or is provided by Smart XPath Plugin!

2019-12-22 02:15:47 - [MESSAGE][INFO] - [SMART_XPATH] Selected Smart XPath: '//input[@id='email']'.

2019-12-22 02:15:47 - [MESSAGE][INFO] - [SMART_XPATH] Continuing executing the test case!

2019-12-22 02:15:47 - [MESSAGE][PASSED] - Text 'mymymy@mymymy.com' is set on object 'Object Repository/Page_Mattermost/input_concat(What  s your email address)_email (2)'

2019-12-22 02:15:47 - [TEST_STEP][PASSED] - setEncryptedText(findTestObject("Page_Mattermost/input_Choose your password_password (2)"), "iGDxf8hSRT4="): Text ****** has been set on object 'Object Repository/Page_Mattermost/input_Choose your password_password (2)'

2019-12-22 02:15:47 - [MESSAGE][PASSED] - Text ****** has been set on object 'Object Repository/Page_Mattermost/input_Choose your password_password (2)'

2019-12-22 02:15:47 - [TEST_STEP][PASSED] - click(findTestObject("Page_Mattermost/button_Create Account (1)")): Object: 'Object Repository/Page_Mattermost/button_Create Account (1)' is clicked on

2019-12-22 02:15:48 - [MESSAGE][PASSED] - Object: 'Object Repository/Page_Mattermost/button_Create Account (1)' is clicked on

2019-12-22 02:15:48 - [TEST_STEP][PASSED] - closeBrowser(): Browser is closed

2019-12-22 02:15:49 - [MESSAGE][PASSED] - Browser is closed]]></system-out>
         <system-err><![CDATA[]]></system-err>
      </testcase>
      <testcase name="Test Cases/TestCase20RegisterNewAccount" time="44.789" classname="Test Cases/TestCase20RegisterNewAccount" status="PASSED">
         <system-out><![CDATA[2019-12-22 02:15:49 - [TEST_CASE][PASSED] - Test Cases/TestCase20RegisterNewAccount: Test Cases/TestCase20RegisterNewAccount

2019-12-22 02:15:49 - [TEST_STEP][PASSED] - openBrowser(""): Browser is opened with url: ''

2019-12-22 02:15:49 - [MESSAGE][INFO] - Starting 'Firefox (headless)' driver

2019-12-22 02:15:52 - [MESSAGE][PASSED] - Browser is opened with url: ''

2019-12-22 02:15:52 - [TEST_STEP][PASSED] - navigateToUrl("https://cs300testautomatic.herokuapp.com/"): Navigate to 'https://cs300testautomatic.herokuapp.com/' successfully

2019-12-22 02:15:56 - [MESSAGE][PASSED] - Navigate to 'https://cs300testautomatic.herokuapp.com/' successfully

2019-12-22 02:15:56 - [TEST_STEP][PASSED] - click(findTestObject("Page_Mattermost/span_Create one now (2)")): Object: 'Object Repository/Page_Mattermost/span_Create one now (2)' is clicked on

2019-12-22 02:16:00 - [MESSAGE][PASSED] - Object: 'Object Repository/Page_Mattermost/span_Create one now (2)' is clicked on

2019-12-22 02:16:00 - [TEST_STEP][PASSED] - setText(findTestObject("Page_Mattermost/input_Choose your username_name (2)"), "mymymymymymymym"): Text 'mymymymymymymym' is set on object 'Object Repository/Page_Mattermost/input_Choose your username_name (2)'

2019-12-22 02:16:01 - [MESSAGE][PASSED] - Text 'mymymymymymymym' is set on object 'Object Repository/Page_Mattermost/input_Choose your username_name (2)'

2019-12-22 02:16:01 - [TEST_STEP][PASSED] - setText(findTestObject("Page_Mattermost/input_concat(What  s your email address)_email (2)"), "mymymy@mymymy.com"): Text 'mymymy@mymymy.com' is set on object 'Object Repository/Page_Mattermost/input_concat(What  s your email address)_email (2)'

2019-12-22 02:16:32 - [MESSAGE][INFO] - Unable to find the element located by 'By.xpath: '. Please recheck the objects properties to make sure the desired element is located. 

2019-12-22 02:16:32 - [MESSAGE][INFO] - [SMART_XPATH] Auto-trying out other XPath values in the test object.

2019-12-22 02:16:32 - [MESSAGE][INFO] - [SMART_XPATH] WORKING XPATH: '//input[@id='email']'.

2019-12-22 02:16:32 - [MESSAGE][INFO] - [SMART_XPATH] Screenshot: D:/Learning/School/2019-2020-HK1/CS300/CS300AutomaticWebTesting/Reports/smart_xpath/Object Repository/Page_Mattermost/input_concat(What  s your email address)_email (2)_attributes.png

2019-12-22 02:16:32 - [MESSAGE][INFO] - [SMART_XPATH] WORKING XPATH: '//input'.

2019-12-22 02:16:32 - [MESSAGE][INFO] - [SMART_XPATH] Screenshot: D:/Learning/School/2019-2020-HK1/CS300/CS300AutomaticWebTesting/Reports/smart_xpath/Object Repository/Page_Mattermost/input_concat(What  s your email address)_email (2)_position.png

2019-12-22 02:16:32 - [MESSAGE][ERROR] - [SMART_XPATH] D:\Learning\School\2019-2020-HK1\CS300\CS300AutomaticWebTesting\Reports\smart_xpath\waiting-for-approval.json (The system cannot find the file specified)

2019-12-22 02:16:32 - [MESSAGE][ERROR] - [SMART_XPATH] D:/Learning/School/2019-2020-HK1/CS300/CS300AutomaticWebTesting/Reports/smart_xpath/waiting-for-approval.json does not exist or is provided by Smart XPath Plugin!

2019-12-22 02:16:32 - [MESSAGE][INFO] - [SMART_XPATH] Selected Smart XPath: '//input[@id='email']'.

2019-12-22 02:16:32 - [MESSAGE][INFO] - [SMART_XPATH] Continuing executing the test case!

2019-12-22 02:16:32 - [MESSAGE][PASSED] - Text 'mymymy@mymymy.com' is set on object 'Object Repository/Page_Mattermost/input_concat(What  s your email address)_email (2)'

2019-12-22 02:16:32 - [TEST_STEP][PASSED] - setEncryptedText(findTestObject("Page_Mattermost/input_Choose your password_password (2)"), "iGDxf8hSRT4="): Text ****** has been set on object 'Object Repository/Page_Mattermost/input_Choose your password_password (2)'

2019-12-22 02:16:32 - [MESSAGE][PASSED] - Text ****** has been set on object 'Object Repository/Page_Mattermost/input_Choose your password_password (2)'

2019-12-22 02:16:32 - [TEST_STEP][PASSED] - click(findTestObject("Page_Mattermost/button_Create Account (1)")): Object: 'Object Repository/Page_Mattermost/button_Create Account (1)' is clicked on

2019-12-22 02:16:32 - [MESSAGE][PASSED] - Object: 'Object Repository/Page_Mattermost/button_Create Account (1)' is clicked on

2019-12-22 02:16:32 - [TEST_STEP][PASSED] - closeBrowser(): Browser is closed

2019-12-22 02:16:34 - [MESSAGE][PASSED] - Browser is closed]]></system-out>
         <system-err><![CDATA[]]></system-err>
      </testcase>
      <testcase name="Test Cases/TestCase20RegisterNewAccount" time="46.471" classname="Test Cases/TestCase20RegisterNewAccount" status="PASSED">
         <system-out><![CDATA[2019-12-22 02:16:34 - [TEST_CASE][PASSED] - Test Cases/TestCase20RegisterNewAccount: Test Cases/TestCase20RegisterNewAccount

2019-12-22 02:16:34 - [TEST_STEP][PASSED] - openBrowser(""): Browser is opened with url: ''

2019-12-22 02:16:34 - [MESSAGE][INFO] - Starting 'Firefox (headless)' driver

2019-12-22 02:16:37 - [MESSAGE][PASSED] - Browser is opened with url: ''

2019-12-22 02:16:37 - [TEST_STEP][PASSED] - navigateToUrl("https://cs300testautomatic.herokuapp.com/"): Navigate to 'https://cs300testautomatic.herokuapp.com/' successfully

2019-12-22 02:16:41 - [MESSAGE][PASSED] - Navigate to 'https://cs300testautomatic.herokuapp.com/' successfully

2019-12-22 02:16:41 - [TEST_STEP][PASSED] - click(findTestObject("Page_Mattermost/span_Create one now (2)")): Object: 'Object Repository/Page_Mattermost/span_Create one now (2)' is clicked on

2019-12-22 02:16:47 - [MESSAGE][PASSED] - Object: 'Object Repository/Page_Mattermost/span_Create one now (2)' is clicked on

2019-12-22 02:16:47 - [TEST_STEP][PASSED] - setText(findTestObject("Page_Mattermost/input_Choose your username_name (2)"), "mymymymymymymym"): Text 'mymymymymymymym' is set on object 'Object Repository/Page_Mattermost/input_Choose your username_name (2)'

2019-12-22 02:16:47 - [MESSAGE][PASSED] - Text 'mymymymymymymym' is set on object 'Object Repository/Page_Mattermost/input_Choose your username_name (2)'

2019-12-22 02:16:47 - [TEST_STEP][PASSED] - setText(findTestObject("Page_Mattermost/input_concat(What  s your email address)_email (2)"), "mymymy@mymymy.com"): Text 'mymymy@mymymy.com' is set on object 'Object Repository/Page_Mattermost/input_concat(What  s your email address)_email (2)'

2019-12-22 02:17:18 - [MESSAGE][INFO] - Unable to find the element located by 'By.xpath: '. Please recheck the objects properties to make sure the desired element is located. 

2019-12-22 02:17:18 - [MESSAGE][INFO] - [SMART_XPATH] Auto-trying out other XPath values in the test object.

2019-12-22 02:17:18 - [MESSAGE][INFO] - [SMART_XPATH] WORKING XPATH: '//input[@id='email']'.

2019-12-22 02:17:18 - [MESSAGE][INFO] - [SMART_XPATH] Screenshot: D:/Learning/School/2019-2020-HK1/CS300/CS300AutomaticWebTesting/Reports/smart_xpath/Object Repository/Page_Mattermost/input_concat(What  s your email address)_email (2)_attributes.png

2019-12-22 02:17:18 - [MESSAGE][INFO] - [SMART_XPATH] WORKING XPATH: '//input'.

2019-12-22 02:17:18 - [MESSAGE][INFO] - [SMART_XPATH] Screenshot: D:/Learning/School/2019-2020-HK1/CS300/CS300AutomaticWebTesting/Reports/smart_xpath/Object Repository/Page_Mattermost/input_concat(What  s your email address)_email (2)_position.png

2019-12-22 02:17:18 - [MESSAGE][ERROR] - [SMART_XPATH] D:\Learning\School\2019-2020-HK1\CS300\CS300AutomaticWebTesting\Reports\smart_xpath\waiting-for-approval.json (The system cannot find the file specified)

2019-12-22 02:17:18 - [MESSAGE][ERROR] - [SMART_XPATH] D:/Learning/School/2019-2020-HK1/CS300/CS300AutomaticWebTesting/Reports/smart_xpath/waiting-for-approval.json does not exist or is provided by Smart XPath Plugin!

2019-12-22 02:17:18 - [MESSAGE][INFO] - [SMART_XPATH] Selected Smart XPath: '//input[@id='email']'.

2019-12-22 02:17:18 - [MESSAGE][INFO] - [SMART_XPATH] Continuing executing the test case!

2019-12-22 02:17:18 - [MESSAGE][PASSED] - Text 'mymymy@mymymy.com' is set on object 'Object Repository/Page_Mattermost/input_concat(What  s your email address)_email (2)'

2019-12-22 02:17:18 - [TEST_STEP][PASSED] - setEncryptedText(findTestObject("Page_Mattermost/input_Choose your password_password (2)"), "iGDxf8hSRT4="): Text ****** has been set on object 'Object Repository/Page_Mattermost/input_Choose your password_password (2)'

2019-12-22 02:17:18 - [MESSAGE][PASSED] - Text ****** has been set on object 'Object Repository/Page_Mattermost/input_Choose your password_password (2)'

2019-12-22 02:17:18 - [TEST_STEP][PASSED] - click(findTestObject("Page_Mattermost/button_Create Account (1)")): Object: 'Object Repository/Page_Mattermost/button_Create Account (1)' is clicked on

2019-12-22 02:17:19 - [MESSAGE][PASSED] - Object: 'Object Repository/Page_Mattermost/button_Create Account (1)' is clicked on

2019-12-22 02:17:19 - [TEST_STEP][PASSED] - closeBrowser(): Browser is closed

2019-12-22 02:17:20 - [MESSAGE][PASSED] - Browser is closed]]></system-out>
         <system-err><![CDATA[]]></system-err>
      </testcase>
      <testcase name="Test Cases/TestCase20RegisterNewAccount" time="48.018" classname="Test Cases/TestCase20RegisterNewAccount" status="PASSED">
         <system-out><![CDATA[2019-12-22 02:17:20 - [TEST_CASE][PASSED] - Test Cases/TestCase20RegisterNewAccount: Test Cases/TestCase20RegisterNewAccount

2019-12-22 02:17:20 - [TEST_STEP][PASSED] - openBrowser(""): Browser is opened with url: ''

2019-12-22 02:17:20 - [MESSAGE][INFO] - Starting 'Firefox (headless)' driver

2019-12-22 02:17:24 - [MESSAGE][PASSED] - Browser is opened with url: ''

2019-12-22 02:17:24 - [TEST_STEP][PASSED] - navigateToUrl("https://cs300testautomatic.herokuapp.com/"): Navigate to 'https://cs300testautomatic.herokuapp.com/' successfully

2019-12-22 02:17:29 - [MESSAGE][PASSED] - Navigate to 'https://cs300testautomatic.herokuapp.com/' successfully

2019-12-22 02:17:29 - [TEST_STEP][PASSED] - click(findTestObject("Page_Mattermost/span_Create one now (2)")): Object: 'Object Repository/Page_Mattermost/span_Create one now (2)' is clicked on

2019-12-22 02:17:35 - [MESSAGE][PASSED] - Object: 'Object Repository/Page_Mattermost/span_Create one now (2)' is clicked on

2019-12-22 02:17:35 - [TEST_STEP][PASSED] - setText(findTestObject("Page_Mattermost/input_Choose your username_name (2)"), "mymymymymymymym"): Text 'mymymymymymymym' is set on object 'Object Repository/Page_Mattermost/input_Choose your username_name (2)'

2019-12-22 02:17:35 - [MESSAGE][PASSED] - Text 'mymymymymymymym' is set on object 'Object Repository/Page_Mattermost/input_Choose your username_name (2)'

2019-12-22 02:17:35 - [TEST_STEP][PASSED] - setText(findTestObject("Page_Mattermost/input_concat(What  s your email address)_email (2)"), "mymymy@mymymy.com"): Text 'mymymy@mymymy.com' is set on object 'Object Repository/Page_Mattermost/input_concat(What  s your email address)_email (2)'

2019-12-22 02:18:06 - [MESSAGE][INFO] - Unable to find the element located by 'By.xpath: '. Please recheck the objects properties to make sure the desired element is located. 

2019-12-22 02:18:06 - [MESSAGE][INFO] - [SMART_XPATH] Auto-trying out other XPath values in the test object.

2019-12-22 02:18:06 - [MESSAGE][INFO] - [SMART_XPATH] WORKING XPATH: '//input[@id='email']'.

2019-12-22 02:18:06 - [MESSAGE][INFO] - [SMART_XPATH] Screenshot: D:/Learning/School/2019-2020-HK1/CS300/CS300AutomaticWebTesting/Reports/smart_xpath/Object Repository/Page_Mattermost/input_concat(What  s your email address)_email (2)_attributes.png

2019-12-22 02:18:06 - [MESSAGE][INFO] - [SMART_XPATH] WORKING XPATH: '//input'.

2019-12-22 02:18:06 - [MESSAGE][INFO] - [SMART_XPATH] Screenshot: D:/Learning/School/2019-2020-HK1/CS300/CS300AutomaticWebTesting/Reports/smart_xpath/Object Repository/Page_Mattermost/input_concat(What  s your email address)_email (2)_position.png

2019-12-22 02:18:06 - [MESSAGE][ERROR] - [SMART_XPATH] D:\Learning\School\2019-2020-HK1\CS300\CS300AutomaticWebTesting\Reports\smart_xpath\waiting-for-approval.json (The system cannot find the file specified)

2019-12-22 02:18:06 - [MESSAGE][ERROR] - [SMART_XPATH] D:/Learning/School/2019-2020-HK1/CS300/CS300AutomaticWebTesting/Reports/smart_xpath/waiting-for-approval.json does not exist or is provided by Smart XPath Plugin!

2019-12-22 02:18:06 - [MESSAGE][INFO] - [SMART_XPATH] Selected Smart XPath: '//input[@id='email']'.

2019-12-22 02:18:06 - [MESSAGE][INFO] - [SMART_XPATH] Continuing executing the test case!

2019-12-22 02:18:07 - [MESSAGE][PASSED] - Text 'mymymy@mymymy.com' is set on object 'Object Repository/Page_Mattermost/input_concat(What  s your email address)_email (2)'

2019-12-22 02:18:07 - [TEST_STEP][PASSED] - setEncryptedText(findTestObject("Page_Mattermost/input_Choose your password_password (2)"), "iGDxf8hSRT4="): Text ****** has been set on object 'Object Repository/Page_Mattermost/input_Choose your password_password (2)'

2019-12-22 02:18:07 - [MESSAGE][PASSED] - Text ****** has been set on object 'Object Repository/Page_Mattermost/input_Choose your password_password (2)'

2019-12-22 02:18:07 - [TEST_STEP][PASSED] - click(findTestObject("Page_Mattermost/button_Create Account (1)")): Object: 'Object Repository/Page_Mattermost/button_Create Account (1)' is clicked on

2019-12-22 02:18:07 - [MESSAGE][PASSED] - Object: 'Object Repository/Page_Mattermost/button_Create Account (1)' is clicked on

2019-12-22 02:18:07 - [TEST_STEP][PASSED] - closeBrowser(): Browser is closed

2019-12-22 02:18:08 - [MESSAGE][PASSED] - Browser is closed]]></system-out>
         <system-err><![CDATA[]]></system-err>
      </testcase>
      <testcase name="Test Cases/TestCase20RegisterNewAccount" time="47.468" classname="Test Cases/TestCase20RegisterNewAccount" status="PASSED">
         <system-out><![CDATA[2019-12-22 02:18:08 - [TEST_CASE][PASSED] - Test Cases/TestCase20RegisterNewAccount: Test Cases/TestCase20RegisterNewAccount

2019-12-22 02:18:08 - [TEST_STEP][PASSED] - openBrowser(""): Browser is opened with url: ''

2019-12-22 02:18:08 - [MESSAGE][INFO] - Starting 'Firefox (headless)' driver

2019-12-22 02:18:12 - [MESSAGE][PASSED] - Browser is opened with url: ''

2019-12-22 02:18:12 - [TEST_STEP][PASSED] - navigateToUrl("https://cs300testautomatic.herokuapp.com/"): Navigate to 'https://cs300testautomatic.herokuapp.com/' successfully

2019-12-22 02:18:16 - [MESSAGE][PASSED] - Navigate to 'https://cs300testautomatic.herokuapp.com/' successfully

2019-12-22 02:18:16 - [TEST_STEP][PASSED] - click(findTestObject("Page_Mattermost/span_Create one now (2)")): Object: 'Object Repository/Page_Mattermost/span_Create one now (2)' is clicked on

2019-12-22 02:18:22 - [MESSAGE][PASSED] - Object: 'Object Repository/Page_Mattermost/span_Create one now (2)' is clicked on

2019-12-22 02:18:22 - [TEST_STEP][PASSED] - setText(findTestObject("Page_Mattermost/input_Choose your username_name (2)"), "mymymymymymymym"): Text 'mymymymymymymym' is set on object 'Object Repository/Page_Mattermost/input_Choose your username_name (2)'

2019-12-22 02:18:23 - [MESSAGE][PASSED] - Text 'mymymymymymymym' is set on object 'Object Repository/Page_Mattermost/input_Choose your username_name (2)'

2019-12-22 02:18:23 - [TEST_STEP][PASSED] - setText(findTestObject("Page_Mattermost/input_concat(What  s your email address)_email (2)"), "mymymy@mymymy.com"): Text 'mymymy@mymymy.com' is set on object 'Object Repository/Page_Mattermost/input_concat(What  s your email address)_email (2)'

2019-12-22 02:18:54 - [MESSAGE][INFO] - Unable to find the element located by 'By.xpath: '. Please recheck the objects properties to make sure the desired element is located. 

2019-12-22 02:18:54 - [MESSAGE][INFO] - [SMART_XPATH] Auto-trying out other XPath values in the test object.

2019-12-22 02:18:54 - [MESSAGE][INFO] - [SMART_XPATH] WORKING XPATH: '//input[@id='email']'.

2019-12-22 02:18:54 - [MESSAGE][INFO] - [SMART_XPATH] Screenshot: D:/Learning/School/2019-2020-HK1/CS300/CS300AutomaticWebTesting/Reports/smart_xpath/Object Repository/Page_Mattermost/input_concat(What  s your email address)_email (2)_attributes.png

2019-12-22 02:18:54 - [MESSAGE][INFO] - [SMART_XPATH] WORKING XPATH: '//input'.

2019-12-22 02:18:54 - [MESSAGE][INFO] - [SMART_XPATH] Screenshot: D:/Learning/School/2019-2020-HK1/CS300/CS300AutomaticWebTesting/Reports/smart_xpath/Object Repository/Page_Mattermost/input_concat(What  s your email address)_email (2)_position.png

2019-12-22 02:18:54 - [MESSAGE][ERROR] - [SMART_XPATH] D:\Learning\School\2019-2020-HK1\CS300\CS300AutomaticWebTesting\Reports\smart_xpath\waiting-for-approval.json (The system cannot find the file specified)

2019-12-22 02:18:54 - [MESSAGE][ERROR] - [SMART_XPATH] D:/Learning/School/2019-2020-HK1/CS300/CS300AutomaticWebTesting/Reports/smart_xpath/waiting-for-approval.json does not exist or is provided by Smart XPath Plugin!

2019-12-22 02:18:54 - [MESSAGE][INFO] - [SMART_XPATH] Selected Smart XPath: '//input[@id='email']'.

2019-12-22 02:18:54 - [MESSAGE][INFO] - [SMART_XPATH] Continuing executing the test case!

2019-12-22 02:18:54 - [MESSAGE][PASSED] - Text 'mymymy@mymymy.com' is set on object 'Object Repository/Page_Mattermost/input_concat(What  s your email address)_email (2)'

2019-12-22 02:18:54 - [TEST_STEP][PASSED] - setEncryptedText(findTestObject("Page_Mattermost/input_Choose your password_password (2)"), "iGDxf8hSRT4="): Text ****** has been set on object 'Object Repository/Page_Mattermost/input_Choose your password_password (2)'

2019-12-22 02:18:54 - [MESSAGE][PASSED] - Text ****** has been set on object 'Object Repository/Page_Mattermost/input_Choose your password_password (2)'

2019-12-22 02:18:54 - [TEST_STEP][PASSED] - click(findTestObject("Page_Mattermost/button_Create Account (1)")): Object: 'Object Repository/Page_Mattermost/button_Create Account (1)' is clicked on

2019-12-22 02:18:54 - [MESSAGE][PASSED] - Object: 'Object Repository/Page_Mattermost/button_Create Account (1)' is clicked on

2019-12-22 02:18:54 - [TEST_STEP][PASSED] - closeBrowser(): Browser is closed

2019-12-22 02:18:56 - [MESSAGE][PASSED] - Browser is closed]]></system-out>
         <system-err><![CDATA[]]></system-err>
      </testcase>
      <testcase name="Test Cases/TestCase20RegisterNewAccount" time="46.428" classname="Test Cases/TestCase20RegisterNewAccount" status="PASSED">
         <system-out><![CDATA[2019-12-22 02:18:56 - [TEST_CASE][PASSED] - Test Cases/TestCase20RegisterNewAccount: Test Cases/TestCase20RegisterNewAccount

2019-12-22 02:18:56 - [TEST_STEP][PASSED] - openBrowser(""): Browser is opened with url: ''

2019-12-22 02:18:56 - [MESSAGE][INFO] - Starting 'Firefox (headless)' driver

2019-12-22 02:18:59 - [MESSAGE][PASSED] - Browser is opened with url: ''

2019-12-22 02:18:59 - [TEST_STEP][PASSED] - navigateToUrl("https://cs300testautomatic.herokuapp.com/"): Navigate to 'https://cs300testautomatic.herokuapp.com/' successfully

2019-12-22 02:19:04 - [MESSAGE][PASSED] - Navigate to 'https://cs300testautomatic.herokuapp.com/' successfully

2019-12-22 02:19:04 - [TEST_STEP][PASSED] - click(findTestObject("Page_Mattermost/span_Create one now (2)")): Object: 'Object Repository/Page_Mattermost/span_Create one now (2)' is clicked on

2019-12-22 02:19:09 - [MESSAGE][PASSED] - Object: 'Object Repository/Page_Mattermost/span_Create one now (2)' is clicked on

2019-12-22 02:19:09 - [TEST_STEP][PASSED] - setText(findTestObject("Page_Mattermost/input_Choose your username_name (2)"), "mymymymymymymym"): Text 'mymymymymymymym' is set on object 'Object Repository/Page_Mattermost/input_Choose your username_name (2)'

2019-12-22 02:19:10 - [MESSAGE][PASSED] - Text 'mymymymymymymym' is set on object 'Object Repository/Page_Mattermost/input_Choose your username_name (2)'

2019-12-22 02:19:10 - [TEST_STEP][PASSED] - setText(findTestObject("Page_Mattermost/input_concat(What  s your email address)_email (2)"), "mymymy@mymymy.com"): Text 'mymymy@mymymy.com' is set on object 'Object Repository/Page_Mattermost/input_concat(What  s your email address)_email (2)'

2019-12-22 02:19:40 - [MESSAGE][INFO] - Unable to find the element located by 'By.xpath: '. Please recheck the objects properties to make sure the desired element is located. 

2019-12-22 02:19:40 - [MESSAGE][INFO] - [SMART_XPATH] Auto-trying out other XPath values in the test object.

2019-12-22 02:19:40 - [MESSAGE][INFO] - [SMART_XPATH] WORKING XPATH: '//input[@id='email']'.

2019-12-22 02:19:40 - [MESSAGE][INFO] - [SMART_XPATH] Screenshot: D:/Learning/School/2019-2020-HK1/CS300/CS300AutomaticWebTesting/Reports/smart_xpath/Object Repository/Page_Mattermost/input_concat(What  s your email address)_email (2)_attributes.png

2019-12-22 02:19:40 - [MESSAGE][INFO] - [SMART_XPATH] WORKING XPATH: '//input'.

2019-12-22 02:19:40 - [MESSAGE][INFO] - [SMART_XPATH] Screenshot: D:/Learning/School/2019-2020-HK1/CS300/CS300AutomaticWebTesting/Reports/smart_xpath/Object Repository/Page_Mattermost/input_concat(What  s your email address)_email (2)_position.png

2019-12-22 02:19:40 - [MESSAGE][ERROR] - [SMART_XPATH] D:\Learning\School\2019-2020-HK1\CS300\CS300AutomaticWebTesting\Reports\smart_xpath\waiting-for-approval.json (The system cannot find the file specified)

2019-12-22 02:19:40 - [MESSAGE][ERROR] - [SMART_XPATH] D:/Learning/School/2019-2020-HK1/CS300/CS300AutomaticWebTesting/Reports/smart_xpath/waiting-for-approval.json does not exist or is provided by Smart XPath Plugin!

2019-12-22 02:19:40 - [MESSAGE][INFO] - [SMART_XPATH] Selected Smart XPath: '//input[@id='email']'.

2019-12-22 02:19:40 - [MESSAGE][INFO] - [SMART_XPATH] Continuing executing the test case!

2019-12-22 02:19:41 - [MESSAGE][PASSED] - Text 'mymymy@mymymy.com' is set on object 'Object Repository/Page_Mattermost/input_concat(What  s your email address)_email (2)'

2019-12-22 02:19:41 - [TEST_STEP][PASSED] - setEncryptedText(findTestObject("Page_Mattermost/input_Choose your password_password (2)"), "iGDxf8hSRT4="): Text ****** has been set on object 'Object Repository/Page_Mattermost/input_Choose your password_password (2)'

2019-12-22 02:19:41 - [MESSAGE][PASSED] - Text ****** has been set on object 'Object Repository/Page_Mattermost/input_Choose your password_password (2)'

2019-12-22 02:19:41 - [TEST_STEP][PASSED] - click(findTestObject("Page_Mattermost/button_Create Account (1)")): Object: 'Object Repository/Page_Mattermost/button_Create Account (1)' is clicked on

2019-12-22 02:19:41 - [MESSAGE][PASSED] - Object: 'Object Repository/Page_Mattermost/button_Create Account (1)' is clicked on

2019-12-22 02:19:41 - [TEST_STEP][PASSED] - closeBrowser(): Browser is closed

2019-12-22 02:19:42 - [MESSAGE][PASSED] - Browser is closed]]></system-out>
         <system-err><![CDATA[]]></system-err>
      </testcase>
      <testcase name="Test Cases/TestCase20RegisterNewAccount" time="47.68" classname="Test Cases/TestCase20RegisterNewAccount" status="PASSED">
         <system-out><![CDATA[2019-12-22 02:19:42 - [TEST_CASE][PASSED] - Test Cases/TestCase20RegisterNewAccount: Test Cases/TestCase20RegisterNewAccount

2019-12-22 02:19:42 - [TEST_STEP][PASSED] - openBrowser(""): Browser is opened with url: ''

2019-12-22 02:19:42 - [MESSAGE][INFO] - Starting 'Firefox (headless)' driver

2019-12-22 02:19:47 - [MESSAGE][PASSED] - Browser is opened with url: ''

2019-12-22 02:19:47 - [TEST_STEP][PASSED] - navigateToUrl("https://cs300testautomatic.herokuapp.com/"): Navigate to 'https://cs300testautomatic.herokuapp.com/' successfully

2019-12-22 02:19:52 - [MESSAGE][PASSED] - Navigate to 'https://cs300testautomatic.herokuapp.com/' successfully

2019-12-22 02:19:52 - [TEST_STEP][PASSED] - click(findTestObject("Page_Mattermost/span_Create one now (2)")): Object: 'Object Repository/Page_Mattermost/span_Create one now (2)' is clicked on

2019-12-22 02:19:57 - [MESSAGE][PASSED] - Object: 'Object Repository/Page_Mattermost/span_Create one now (2)' is clicked on

2019-12-22 02:19:57 - [TEST_STEP][PASSED] - setText(findTestObject("Page_Mattermost/input_Choose your username_name (2)"), "mymymymymymymym"): Text 'mymymymymymymym' is set on object 'Object Repository/Page_Mattermost/input_Choose your username_name (2)'

2019-12-22 02:19:57 - [MESSAGE][PASSED] - Text 'mymymymymymymym' is set on object 'Object Repository/Page_Mattermost/input_Choose your username_name (2)'

2019-12-22 02:19:57 - [TEST_STEP][PASSED] - setText(findTestObject("Page_Mattermost/input_concat(What  s your email address)_email (2)"), "mymymy@mymymy.com"): Text 'mymymy@mymymy.com' is set on object 'Object Repository/Page_Mattermost/input_concat(What  s your email address)_email (2)'

2019-12-22 02:20:28 - [MESSAGE][INFO] - Unable to find the element located by 'By.xpath: '. Please recheck the objects properties to make sure the desired element is located. 

2019-12-22 02:20:28 - [MESSAGE][INFO] - [SMART_XPATH] Auto-trying out other XPath values in the test object.

2019-12-22 02:20:28 - [MESSAGE][INFO] - [SMART_XPATH] WORKING XPATH: '//input[@id='email']'.

2019-12-22 02:20:28 - [MESSAGE][INFO] - [SMART_XPATH] Screenshot: D:/Learning/School/2019-2020-HK1/CS300/CS300AutomaticWebTesting/Reports/smart_xpath/Object Repository/Page_Mattermost/input_concat(What  s your email address)_email (2)_attributes.png

2019-12-22 02:20:28 - [MESSAGE][INFO] - [SMART_XPATH] WORKING XPATH: '//input'.

2019-12-22 02:20:28 - [MESSAGE][INFO] - [SMART_XPATH] Screenshot: D:/Learning/School/2019-2020-HK1/CS300/CS300AutomaticWebTesting/Reports/smart_xpath/Object Repository/Page_Mattermost/input_concat(What  s your email address)_email (2)_position.png

2019-12-22 02:20:28 - [MESSAGE][ERROR] - [SMART_XPATH] D:\Learning\School\2019-2020-HK1\CS300\CS300AutomaticWebTesting\Reports\smart_xpath\waiting-for-approval.json (The system cannot find the file specified)

2019-12-22 02:20:28 - [MESSAGE][ERROR] - [SMART_XPATH] D:/Learning/School/2019-2020-HK1/CS300/CS300AutomaticWebTesting/Reports/smart_xpath/waiting-for-approval.json does not exist or is provided by Smart XPath Plugin!

2019-12-22 02:20:28 - [MESSAGE][INFO] - [SMART_XPATH] Selected Smart XPath: '//input[@id='email']'.

2019-12-22 02:20:28 - [MESSAGE][INFO] - [SMART_XPATH] Continuing executing the test case!

2019-12-22 02:20:28 - [MESSAGE][PASSED] - Text 'mymymy@mymymy.com' is set on object 'Object Repository/Page_Mattermost/input_concat(What  s your email address)_email (2)'

2019-12-22 02:20:28 - [TEST_STEP][PASSED] - setEncryptedText(findTestObject("Page_Mattermost/input_Choose your password_password (2)"), "iGDxf8hSRT4="): Text ****** has been set on object 'Object Repository/Page_Mattermost/input_Choose your password_password (2)'

2019-12-22 02:20:28 - [MESSAGE][PASSED] - Text ****** has been set on object 'Object Repository/Page_Mattermost/input_Choose your password_password (2)'

2019-12-22 02:20:28 - [TEST_STEP][PASSED] - click(findTestObject("Page_Mattermost/button_Create Account (1)")): Object: 'Object Repository/Page_Mattermost/button_Create Account (1)' is clicked on

2019-12-22 02:20:29 - [MESSAGE][PASSED] - Object: 'Object Repository/Page_Mattermost/button_Create Account (1)' is clicked on

2019-12-22 02:20:29 - [TEST_STEP][PASSED] - closeBrowser(): Browser is closed

2019-12-22 02:20:30 - [MESSAGE][PASSED] - Browser is closed]]></system-out>
         <system-err><![CDATA[]]></system-err>
      </testcase>
      <testcase name="Test Cases/TestCase21ForgotPass" time="15.978" classname="Test Cases/TestCase21ForgotPass" status="PASSED">
         <system-out><![CDATA[2019-12-22 02:20:30 - [TEST_CASE][PASSED] - Test Cases/TestCase21ForgotPass: Test Cases/TestCase21ForgotPass

2019-12-22 02:20:30 - [TEST_STEP][PASSED] - openBrowser(""): Browser is opened with url: ''

2019-12-22 02:20:30 - [MESSAGE][INFO] - Starting 'Firefox (headless)' driver

2019-12-22 02:20:33 - [MESSAGE][PASSED] - Browser is opened with url: ''

2019-12-22 02:20:33 - [TEST_STEP][PASSED] - navigateToUrl("https://cs300testautomatic.herokuapp.com/"): Navigate to 'https://cs300testautomatic.herokuapp.com/' successfully

2019-12-22 02:20:38 - [MESSAGE][PASSED] - Navigate to 'https://cs300testautomatic.herokuapp.com/' successfully

2019-12-22 02:20:38 - [TEST_STEP][PASSED] - click(findTestObject("Object Repository/Page_Mattermost/span_I forgot my password")): Object: 'Object Repository/Page_Mattermost/span_I forgot my password' is clicked on

2019-12-22 02:20:43 - [MESSAGE][PASSED] - Object: 'Object Repository/Page_Mattermost/span_I forgot my password' is clicked on

2019-12-22 02:20:43 - [TEST_STEP][PASSED] - setText(findTestObject("Object Repository/Page_Mattermost/input_To reset your password enter the emai_5f6d79"), "test@test.com"): Text 'test@test.com' is set on object 'Object Repository/Page_Mattermost/input_To reset your password enter the emai_5f6d79'

2019-12-22 02:20:44 - [MESSAGE][PASSED] - Text 'test@test.com' is set on object 'Object Repository/Page_Mattermost/input_To reset your password enter the emai_5f6d79'

2019-12-22 02:20:44 - [TEST_STEP][PASSED] - sendKeys(findTestObject("Object Repository/Page_Mattermost/input_To reset your password enter the emai_5f6d79"), Keys.chord(ENTER)): Keys 'ENTER + ' sent to object: 'Object Repository/Page_Mattermost/input_To reset your password enter the emai_5f6d79'

2019-12-22 02:20:44 - [MESSAGE][PASSED] - Keys 'ENTER + ' sent to object: 'Object Repository/Page_Mattermost/input_To reset your password enter the emai_5f6d79'

2019-12-22 02:20:44 - [TEST_STEP][PASSED] - click(findTestObject("Object Repository/Page_Mattermost/span_Please check your inbox")): Object: 'Object Repository/Page_Mattermost/span_Please check your inbox' is clicked on

2019-12-22 02:20:45 - [MESSAGE][PASSED] - Object: 'Object Repository/Page_Mattermost/span_Please check your inbox' is clicked on

2019-12-22 02:20:45 - [TEST_STEP][PASSED] - closeBrowser(): Browser is closed

2019-12-22 02:20:46 - [MESSAGE][PASSED] - Browser is closed]]></system-out>
         <system-err><![CDATA[]]></system-err>
      </testcase>
      <testcase name="Test Cases/TestCase22PinPost" time="46.018" classname="Test Cases/TestCase22PinPost" status="FAILED">
         <failure type="FAILED" message="Test Cases/TestCase22PinPost FAILED.
Reason:
com.kms.katalon.core.exception.StepFailedException: Unable to click on object 'Object Repository/Page_ ChannelsTest - FirstTeam Mattermost/button_giabeuu_CENTER_button_8b3y5ekuc7rw9k_023a4c'
	at com.kms.katalon.core.webui.keyword.internal.WebUIKeywordMain.stepFailed(WebUIKeywordMain.groovy:64)
	at com.kms.katalon.core.webui.keyword.internal.WebUIKeywordMain.runKeyword(WebUIKeywordMain.groovy:26)
	at com.kms.katalon.core.webui.keyword.builtin.ClickKeyword.click(ClickKeyword.groovy:102)
	at com.kms.katalon.core.webui.keyword.builtin.ClickKeyword.execute(ClickKeyword.groovy:43)
	at com.kms.katalon.core.keyword.internal.KeywordExecutor.executeKeywordForPlatform(KeywordExecutor.groovy:72)
	at com.kms.katalon.core.webui.keyword.WebUiBuiltInKeywords.click(WebUiBuiltInKeywords.groovy:616)
	at com.kms.katalon.core.webui.keyword.WebUiBuiltInKeywords$click$3.call(Unknown Source)
	at TestCase22PinPost.run(TestCase22PinPost:31)
	at com.kms.katalon.core.main.ScriptEngine.run(ScriptEngine.java:194)
	at com.kms.katalon.core.main.ScriptEngine.runScriptAsRawText(ScriptEngine.java:119)
	at com.kms.katalon.core.main.TestCaseExecutor.runScript(TestCaseExecutor.java:337)
	at com.kms.katalon.core.main.TestCaseExecutor.doExecute(TestCaseExecutor.java:328)
	at com.kms.katalon.core.main.TestCaseExecutor.processExecutionPhase(TestCaseExecutor.java:307)
	at com.kms.katalon.core.main.TestCaseExecutor.accessMainPhase(TestCaseExecutor.java:299)
	at com.kms.katalon.core.main.TestCaseExecutor.execute(TestCaseExecutor.java:233)
	at com.kms.katalon.core.main.TestSuiteExecutor.accessTestCaseMainPhase(TestSuiteExecutor.java:169)
	at com.kms.katalon.core.main.TestSuiteExecutor.accessTestSuiteMainPhase(TestSuiteExecutor.java:142)
	at com.kms.katalon.core.main.TestSuiteExecutor.execute(TestSuiteExecutor.java:91)
	at com.kms.katalon.core.main.TestCaseMain.startTestSuite(TestCaseMain.java:157)
	at com.kms.katalon.core.main.TestCaseMain$startTestSuite$0.call(Unknown Source)
	at TempTestSuite1576955103733.run(TempTestSuite1576955103733.groovy:36)
Caused by: com.kms.katalon.core.webui.exception.WebElementNotFoundException: Web element with id: 'Object Repository/Page_ ChannelsTest - FirstTeam Mattermost/button_giabeuu_CENTER_button_8b3y5ekuc7rw9k_023a4c' located by 'By.xpath: //button[@id='CENTER_button_8b3y5ekuc7rw9kh6zrrdqxyg7w']' not found
	at com.kms.katalon.core.webui.common.WebUiCommonHelper.findWebElement(WebUiCommonHelper.java:1154)
	at com.kms.katalon.core.webui.keyword.internal.WebUIAbstractKeyword.findWebElement(WebUIAbstractKeyword.groovy:27)
	at com.kms.katalon.core.webui.keyword.internal.WebUIAbstractKeyword.findWebElement(WebUIAbstractKeyword.groovy:26)
	at com.kms.katalon.core.webui.keyword.builtin.ClickKeyword$_click_closure1.doCall(ClickKeyword.groovy:67)
	at com.kms.katalon.core.webui.keyword.builtin.ClickKeyword$_click_closure1.call(ClickKeyword.groovy)
	at com.kms.katalon.core.webui.keyword.internal.WebUIKeywordMain.runKeyword(WebUIKeywordMain.groovy:20)
	... 19 more
"/>
         <system-out><![CDATA[2019-12-22 02:20:46 - [TEST_CASE][FAILED] - Test Cases/TestCase22PinPost: Test Cases/TestCase22PinPost FAILED.
Reason:
com.kms.katalon.core.exception.StepFailedException: Unable to click on object 'Object Repository/Page_ ChannelsTest - FirstTeam Mattermost/button_giabeuu_CENTER_button_8b3y5ekuc7rw9k_023a4c'
	at com.kms.katalon.core.webui.keyword.internal.WebUIKeywordMain.stepFailed(WebUIKeywordMain.groovy:64)
	at com.kms.katalon.core.webui.keyword.internal.WebUIKeywordMain.runKeyword(WebUIKeywordMain.groovy:26)
	at com.kms.katalon.core.webui.keyword.builtin.ClickKeyword.click(ClickKeyword.groovy:102)
	at com.kms.katalon.core.webui.keyword.builtin.ClickKeyword.execute(ClickKeyword.groovy:43)
	at com.kms.katalon.core.keyword.internal.KeywordExecutor.executeKeywordForPlatform(KeywordExecutor.groovy:72)
	at com.kms.katalon.core.webui.keyword.WebUiBuiltInKeywords.click(WebUiBuiltInKeywords.groovy:616)
	at com.kms.katalon.core.webui.keyword.WebUiBuiltInKeywords$click$3.call(Unknown Source)
	at TestCase22PinPost.run(TestCase22PinPost:31)
	at com.kms.katalon.core.main.ScriptEngine.run(ScriptEngine.java:194)
	at com.kms.katalon.core.main.ScriptEngine.runScriptAsRawText(ScriptEngine.java:119)
	at com.kms.katalon.core.main.TestCaseExecutor.runScript(TestCaseExecutor.java:337)
	at com.kms.katalon.core.main.TestCaseExecutor.doExecute(TestCaseExecutor.java:328)
	at com.kms.katalon.core.main.TestCaseExecutor.processExecutionPhase(TestCaseExecutor.java:307)
	at com.kms.katalon.core.main.TestCaseExecutor.accessMainPhase(TestCaseExecutor.java:299)
	at com.kms.katalon.core.main.TestCaseExecutor.execute(TestCaseExecutor.java:233)
	at com.kms.katalon.core.main.TestSuiteExecutor.accessTestCaseMainPhase(TestSuiteExecutor.java:169)
	at com.kms.katalon.core.main.TestSuiteExecutor.accessTestSuiteMainPhase(TestSuiteExecutor.java:142)
	at com.kms.katalon.core.main.TestSuiteExecutor.execute(TestSuiteExecutor.java:91)
	at com.kms.katalon.core.main.TestCaseMain.startTestSuite(TestCaseMain.java:157)
	at com.kms.katalon.core.main.TestCaseMain$startTestSuite$0.call(Unknown Source)
	at TempTestSuite1576955103733.run(TempTestSuite1576955103733.groovy:36)
Caused by: com.kms.katalon.core.webui.exception.WebElementNotFoundException: Web element with id: 'Object Repository/Page_ ChannelsTest - FirstTeam Mattermost/button_giabeuu_CENTER_button_8b3y5ekuc7rw9k_023a4c' located by 'By.xpath: //button[@id='CENTER_button_8b3y5ekuc7rw9kh6zrrdqxyg7w']' not found
	at com.kms.katalon.core.webui.common.WebUiCommonHelper.findWebElement(WebUiCommonHelper.java:1154)
	at com.kms.katalon.core.webui.keyword.internal.WebUIAbstractKeyword.findWebElement(WebUIAbstractKeyword.groovy:27)
	at com.kms.katalon.core.webui.keyword.internal.WebUIAbstractKeyword.findWebElement(WebUIAbstractKeyword.groovy:26)
	at com.kms.katalon.core.webui.keyword.builtin.ClickKeyword$_click_closure1.doCall(ClickKeyword.groovy:67)
	at com.kms.katalon.core.webui.keyword.builtin.ClickKeyword$_click_closure1.call(ClickKeyword.groovy)
	at com.kms.katalon.core.webui.keyword.internal.WebUIKeywordMain.runKeyword(WebUIKeywordMain.groovy:20)
	... 19 more


2019-12-22 02:20:46 - [TEST_STEP][PASSED] - openBrowser(""): Browser is opened with url: ''

2019-12-22 02:20:46 - [MESSAGE][INFO] - Starting 'Firefox (headless)' driver

2019-12-22 02:20:49 - [MESSAGE][PASSED] - Browser is opened with url: ''

2019-12-22 02:20:49 - [TEST_STEP][PASSED] - navigateToUrl("https://cs300testautomatic.herokuapp.com/"): Navigate to 'https://cs300testautomatic.herokuapp.com/' successfully

2019-12-22 02:20:54 - [MESSAGE][PASSED] - Navigate to 'https://cs300testautomatic.herokuapp.com/' successfully

2019-12-22 02:20:54 - [TEST_STEP][PASSED] - setText(findTestObject("Page_Mattermost/input_All team communication in one place s_703ef5 (22)"), "giabeuu@gmail.com"): Text 'giabeuu@gmail.com' is set on object 'Object Repository/Page_Mattermost/input_All team communication in one place s_703ef5 (22)'

2019-12-22 02:20:58 - [MESSAGE][PASSED] - Text 'giabeuu@gmail.com' is set on object 'Object Repository/Page_Mattermost/input_All team communication in one place s_703ef5 (22)'

2019-12-22 02:20:58 - [TEST_STEP][PASSED] - setEncryptedText(findTestObject("Page_Mattermost/input_All team communication in one place s_2f2733 (22)"), "GoUae4B8Jrc="): Text ****** has been set on object 'Object Repository/Page_Mattermost/input_All team communication in one place s_2f2733 (22)'

2019-12-22 02:20:58 - [MESSAGE][PASSED] - Text ****** has been set on object 'Object Repository/Page_Mattermost/input_All team communication in one place s_2f2733 (22)'

2019-12-22 02:20:58 - [TEST_STEP][PASSED] - sendKeys(findTestObject("Page_Mattermost/input_All team communication in one place s_2f2733 (22)"), Keys.chord(ENTER)): Keys 'ENTER + ' sent to object: 'Object Repository/Page_Mattermost/input_All team communication in one place s_2f2733 (22)'

2019-12-22 02:20:58 - [MESSAGE][PASSED] - Keys 'ENTER + ' sent to object: 'Object Repository/Page_Mattermost/input_All team communication in one place s_2f2733 (22)'

2019-12-22 02:20:58 - [TEST_STEP][PASSED] - click(findTestObject("Object Repository/Page_ Town Square - FirstTeam Mattermost/span_ChannelsTest")): Object: 'Object Repository/Page_ Town Square - FirstTeam Mattermost/span_ChannelsTest' is clicked on

2019-12-22 02:21:01 - [MESSAGE][PASSED] - Object: 'Object Repository/Page_ Town Square - FirstTeam Mattermost/span_ChannelsTest' is clicked on

2019-12-22 02:21:01 - [TEST_STEP][FAILED] - click(findTestObject("Object Repository/Page_ ChannelsTest - FirstTeam Mattermost/button_giabeuu_CENTER_button_8b3y5ekuc7rw9k_023a4c")): Unable to click on object 'Object Repository/Page_ ChannelsTest - FirstTeam Mattermost/button_giabeuu_CENTER_button_8b3y5ekuc7rw9k_023a4c' (Root cause: com.kms.katalon.core.exception.StepFailedException: Unable to click on object 'Object Repository/Page_ ChannelsTest - FirstTeam Mattermost/button_giabeuu_CENTER_button_8b3y5ekuc7rw9k_023a4c'
	at com.kms.katalon.core.webui.keyword.internal.WebUIKeywordMain.stepFailed(WebUIKeywordMain.groovy:64)
	at com.kms.katalon.core.webui.keyword.internal.WebUIKeywordMain.runKeyword(WebUIKeywordMain.groovy:26)
	at com.kms.katalon.core.webui.keyword.builtin.ClickKeyword.click(ClickKeyword.groovy:102)
	at com.kms.katalon.core.webui.keyword.builtin.ClickKeyword.execute(ClickKeyword.groovy:43)
	at com.kms.katalon.core.keyword.internal.KeywordExecutor.executeKeywordForPlatform(KeywordExecutor.groovy:72)
	at com.kms.katalon.core.webui.keyword.WebUiBuiltInKeywords.click(WebUiBuiltInKeywords.groovy:616)
	at com.kms.katalon.core.webui.keyword.WebUiBuiltInKeywords$click$3.call(Unknown Source)
	at TestCase22PinPost.run(TestCase22PinPost:31)
	at com.kms.katalon.core.main.ScriptEngine.run(ScriptEngine.java:194)
	at com.kms.katalon.core.main.ScriptEngine.runScriptAsRawText(ScriptEngine.java:119)
	at com.kms.katalon.core.main.TestCaseExecutor.runScript(TestCaseExecutor.java:337)
	at com.kms.katalon.core.main.TestCaseExecutor.doExecute(TestCaseExecutor.java:328)
	at com.kms.katalon.core.main.TestCaseExecutor.processExecutionPhase(TestCaseExecutor.java:307)
	at com.kms.katalon.core.main.TestCaseExecutor.accessMainPhase(TestCaseExecutor.java:299)
	at com.kms.katalon.core.main.TestCaseExecutor.execute(TestCaseExecutor.java:233)
	at com.kms.katalon.core.main.TestSuiteExecutor.accessTestCaseMainPhase(TestSuiteExecutor.java:169)
	at com.kms.katalon.core.main.TestSuiteExecutor.accessTestSuiteMainPhase(TestSuiteExecutor.java:142)
	at com.kms.katalon.core.main.TestSuiteExecutor.execute(TestSuiteExecutor.java:91)
	at com.kms.katalon.core.main.TestCaseMain.startTestSuite(TestCaseMain.java:157)
	at com.kms.katalon.core.main.TestCaseMain$startTestSuite$0.call(Unknown Source)
	at TempTestSuite1576955103733.run(TempTestSuite1576955103733.groovy:36)
Caused by: com.kms.katalon.core.webui.exception.WebElementNotFoundException: Web element with id: 'Object Repository/Page_ ChannelsTest - FirstTeam Mattermost/button_giabeuu_CENTER_button_8b3y5ekuc7rw9k_023a4c' located by 'By.xpath: //button[@id='CENTER_button_8b3y5ekuc7rw9kh6zrrdqxyg7w']' not found
	at com.kms.katalon.core.webui.common.WebUiCommonHelper.findWebElement(WebUiCommonHelper.java:1154)
	at com.kms.katalon.core.webui.keyword.internal.WebUIAbstractKeyword.findWebElement(WebUIAbstractKeyword.groovy:27)
	at com.kms.katalon.core.webui.keyword.internal.WebUIAbstractKeyword.findWebElement(WebUIAbstractKeyword.groovy:26)
	at com.kms.katalon.core.webui.keyword.builtin.ClickKeyword$_click_closure1.doCall(ClickKeyword.groovy:67)
	at com.kms.katalon.core.webui.keyword.builtin.ClickKeyword$_click_closure1.call(ClickKeyword.groovy)
	at com.kms.katalon.core.webui.keyword.internal.WebUIKeywordMain.runKeyword(WebUIKeywordMain.groovy:20)
	at com.kms.katalon.core.webui.keyword.builtin.ClickKeyword.click(ClickKeyword.groovy:102)
	at com.kms.katalon.core.webui.keyword.builtin.ClickKeyword.execute(ClickKeyword.groovy:43)
	at com.kms.katalon.core.keyword.internal.KeywordExecutor.executeKeywordForPlatform(KeywordExecutor.groovy:72)
	at com.kms.katalon.core.webui.keyword.WebUiBuiltInKeywords.click(WebUiBuiltInKeywords.groovy:616)
	at com.kms.katalon.core.webui.keyword.WebUiBuiltInKeywords$click$3.call(Unknown Source)
	at Script1576863264311.run(Script1576863264311.groovy:31)
	... 13 more
)

2019-12-22 02:21:32 - [MESSAGE][INFO] - Unable to find the element located by 'By.xpath: //button[@id='CENTER_button_8b3y5ekuc7rw9kh6zrrdqxyg7w']'. Please recheck the objects properties to make sure the desired element is located. 

2019-12-22 02:21:32 - [MESSAGE][INFO] - [SMART_XPATH] Auto-trying out other XPath values in the test object.

2019-12-22 02:21:32 - [MESSAGE][INFO] - [SMART_XPATH] FAILED XPATH: '//button[@id='CENTER_button_8b3y5ekuc7rw9kh6zrrdqxyg7w']'.

2019-12-22 02:21:32 - [MESSAGE][INFO] - [SMART_XPATH] FAILED XPATH: '//div[@id='postContent']/div[2]/div/div[2]/div/div[2]/div/button'.

2019-12-22 02:21:32 - [MESSAGE][INFO] - [SMART_XPATH] FAILED XPATH: '//div[4]/div/div/div/div[2]/div/div[2]/div/div[2]/div/button'.

2019-12-22 02:21:32 - [MESSAGE][INFO] - [SMART_XPATH] No working XPath is found.

2019-12-22 02:21:32 - [MESSAGE][FAILED] - Unable to click on object 'Object Repository/Page_ ChannelsTest - FirstTeam Mattermost/button_giabeuu_CENTER_button_8b3y5ekuc7rw9k_023a4c' (Root cause: com.kms.katalon.core.exception.StepFailedException: Unable to click on object 'Object Repository/Page_ ChannelsTest - FirstTeam Mattermost/button_giabeuu_CENTER_button_8b3y5ekuc7rw9k_023a4c'
	at com.kms.katalon.core.webui.keyword.internal.WebUIKeywordMain.stepFailed(WebUIKeywordMain.groovy:64)
	at com.kms.katalon.core.webui.keyword.internal.WebUIKeywordMain.runKeyword(WebUIKeywordMain.groovy:26)
	at com.kms.katalon.core.webui.keyword.builtin.ClickKeyword.click(ClickKeyword.groovy:102)
	at com.kms.katalon.core.webui.keyword.builtin.ClickKeyword.execute(ClickKeyword.groovy:43)
	at com.kms.katalon.core.keyword.internal.KeywordExecutor.executeKeywordForPlatform(KeywordExecutor.groovy:72)
	at com.kms.katalon.core.webui.keyword.WebUiBuiltInKeywords.click(WebUiBuiltInKeywords.groovy:616)
	at com.kms.katalon.core.webui.keyword.WebUiBuiltInKeywords$click$3.call(Unknown Source)
	at TestCase22PinPost.run(TestCase22PinPost:31)
	at com.kms.katalon.core.main.ScriptEngine.run(ScriptEngine.java:194)
	at com.kms.katalon.core.main.ScriptEngine.runScriptAsRawText(ScriptEngine.java:119)
	at com.kms.katalon.core.main.TestCaseExecutor.runScript(TestCaseExecutor.java:337)
	at com.kms.katalon.core.main.TestCaseExecutor.doExecute(TestCaseExecutor.java:328)
	at com.kms.katalon.core.main.TestCaseExecutor.processExecutionPhase(TestCaseExecutor.java:307)
	at com.kms.katalon.core.main.TestCaseExecutor.accessMainPhase(TestCaseExecutor.java:299)
	at com.kms.katalon.core.main.TestCaseExecutor.execute(TestCaseExecutor.java:233)
	at com.kms.katalon.core.main.TestSuiteExecutor.accessTestCaseMainPhase(TestSuiteExecutor.java:169)
	at com.kms.katalon.core.main.TestSuiteExecutor.accessTestSuiteMainPhase(TestSuiteExecutor.java:142)
	at com.kms.katalon.core.main.TestSuiteExecutor.execute(TestSuiteExecutor.java:91)
	at com.kms.katalon.core.main.TestCaseMain.startTestSuite(TestCaseMain.java:157)
	at com.kms.katalon.core.main.TestCaseMain$startTestSuite$0.call(Unknown Source)
	at TempTestSuite1576955103733.run(TempTestSuite1576955103733.groovy:36)
Caused by: com.kms.katalon.core.webui.exception.WebElementNotFoundException: Web element with id: 'Object Repository/Page_ ChannelsTest - FirstTeam Mattermost/button_giabeuu_CENTER_button_8b3y5ekuc7rw9k_023a4c' located by 'By.xpath: //button[@id='CENTER_button_8b3y5ekuc7rw9kh6zrrdqxyg7w']' not found
	at com.kms.katalon.core.webui.common.WebUiCommonHelper.findWebElement(WebUiCommonHelper.java:1154)
	at com.kms.katalon.core.webui.keyword.internal.WebUIAbstractKeyword.findWebElement(WebUIAbstractKeyword.groovy:27)
	at com.kms.katalon.core.webui.keyword.internal.WebUIAbstractKeyword.findWebElement(WebUIAbstractKeyword.groovy:26)
	at com.kms.katalon.core.webui.keyword.builtin.ClickKeyword$_click_closure1.doCall(ClickKeyword.groovy:67)
	at com.kms.katalon.core.webui.keyword.builtin.ClickKeyword$_click_closure1.call(ClickKeyword.groovy)
	at com.kms.katalon.core.webui.keyword.internal.WebUIKeywordMain.runKeyword(WebUIKeywordMain.groovy:20)
	at com.kms.katalon.core.webui.keyword.builtin.ClickKeyword.click(ClickKeyword.groovy:102)
	at com.kms.katalon.core.webui.keyword.builtin.ClickKeyword.execute(ClickKeyword.groovy:43)
	at com.kms.katalon.core.keyword.internal.KeywordExecutor.executeKeywordForPlatform(KeywordExecutor.groovy:72)
	at com.kms.katalon.core.webui.keyword.WebUiBuiltInKeywords.click(WebUiBuiltInKeywords.groovy:616)
	at com.kms.katalon.core.webui.keyword.WebUiBuiltInKeywords$click$3.call(Unknown Source)
	at Script1576863264311.run(Script1576863264311.groovy:31)
	... 13 more
)
[[ATTACHMENT|D:\\Learning\\School\\2019-2020-HK1\\CS300\\CS300AutomaticWebTesting\\Reports\\20191222_020503\\Run All Test Cases\\20191222_020503\\1576956092187.png]]]]></system-out>
         <system-err><![CDATA[2019-12-22 02:20:46 - [TEST_CASE][FAILED] - Test Cases/TestCase22PinPost: Test Cases/TestCase22PinPost FAILED.
Reason:
com.kms.katalon.core.exception.StepFailedException: Unable to click on object 'Object Repository/Page_ ChannelsTest - FirstTeam Mattermost/button_giabeuu_CENTER_button_8b3y5ekuc7rw9k_023a4c'
	at com.kms.katalon.core.webui.keyword.internal.WebUIKeywordMain.stepFailed(WebUIKeywordMain.groovy:64)
	at com.kms.katalon.core.webui.keyword.internal.WebUIKeywordMain.runKeyword(WebUIKeywordMain.groovy:26)
	at com.kms.katalon.core.webui.keyword.builtin.ClickKeyword.click(ClickKeyword.groovy:102)
	at com.kms.katalon.core.webui.keyword.builtin.ClickKeyword.execute(ClickKeyword.groovy:43)
	at com.kms.katalon.core.keyword.internal.KeywordExecutor.executeKeywordForPlatform(KeywordExecutor.groovy:72)
	at com.kms.katalon.core.webui.keyword.WebUiBuiltInKeywords.click(WebUiBuiltInKeywords.groovy:616)
	at com.kms.katalon.core.webui.keyword.WebUiBuiltInKeywords$click$3.call(Unknown Source)
	at TestCase22PinPost.run(TestCase22PinPost:31)
	at com.kms.katalon.core.main.ScriptEngine.run(ScriptEngine.java:194)
	at com.kms.katalon.core.main.ScriptEngine.runScriptAsRawText(ScriptEngine.java:119)
	at com.kms.katalon.core.main.TestCaseExecutor.runScript(TestCaseExecutor.java:337)
	at com.kms.katalon.core.main.TestCaseExecutor.doExecute(TestCaseExecutor.java:328)
	at com.kms.katalon.core.main.TestCaseExecutor.processExecutionPhase(TestCaseExecutor.java:307)
	at com.kms.katalon.core.main.TestCaseExecutor.accessMainPhase(TestCaseExecutor.java:299)
	at com.kms.katalon.core.main.TestCaseExecutor.execute(TestCaseExecutor.java:233)
	at com.kms.katalon.core.main.TestSuiteExecutor.accessTestCaseMainPhase(TestSuiteExecutor.java:169)
	at com.kms.katalon.core.main.TestSuiteExecutor.accessTestSuiteMainPhase(TestSuiteExecutor.java:142)
	at com.kms.katalon.core.main.TestSuiteExecutor.execute(TestSuiteExecutor.java:91)
	at com.kms.katalon.core.main.TestCaseMain.startTestSuite(TestCaseMain.java:157)
	at com.kms.katalon.core.main.TestCaseMain$startTestSuite$0.call(Unknown Source)
	at TempTestSuite1576955103733.run(TempTestSuite1576955103733.groovy:36)
Caused by: com.kms.katalon.core.webui.exception.WebElementNotFoundException: Web element with id: 'Object Repository/Page_ ChannelsTest - FirstTeam Mattermost/button_giabeuu_CENTER_button_8b3y5ekuc7rw9k_023a4c' located by 'By.xpath: //button[@id='CENTER_button_8b3y5ekuc7rw9kh6zrrdqxyg7w']' not found
	at com.kms.katalon.core.webui.common.WebUiCommonHelper.findWebElement(WebUiCommonHelper.java:1154)
	at com.kms.katalon.core.webui.keyword.internal.WebUIAbstractKeyword.findWebElement(WebUIAbstractKeyword.groovy:27)
	at com.kms.katalon.core.webui.keyword.internal.WebUIAbstractKeyword.findWebElement(WebUIAbstractKeyword.groovy:26)
	at com.kms.katalon.core.webui.keyword.builtin.ClickKeyword$_click_closure1.doCall(ClickKeyword.groovy:67)
	at com.kms.katalon.core.webui.keyword.builtin.ClickKeyword$_click_closure1.call(ClickKeyword.groovy)
	at com.kms.katalon.core.webui.keyword.internal.WebUIKeywordMain.runKeyword(WebUIKeywordMain.groovy:20)
	... 19 more]]></system-err>
      </testcase>
      <testcase name="Test Cases/TestCase23Un-PinPost" time="53.224" classname="Test Cases/TestCase23Un-PinPost" status="FAILED">
         <failure type="FAILED" message="Test Cases/TestCase23Un-PinPost FAILED.
Reason:
com.kms.katalon.core.exception.StepFailedException: Unable to click on object 'Object Repository/Page_ ChannelsTest - FirstTeam Mattermost/button_Pinned_SEARCH_button_8b3y5ekuc7rw9kh_b6bb8d'
	at com.kms.katalon.core.webui.keyword.internal.WebUIKeywordMain.stepFailed(WebUIKeywordMain.groovy:64)
	at com.kms.katalon.core.webui.keyword.internal.WebUIKeywordMain.runKeyword(WebUIKeywordMain.groovy:26)
	at com.kms.katalon.core.webui.keyword.builtin.ClickKeyword.click(ClickKeyword.groovy:102)
	at com.kms.katalon.core.webui.keyword.builtin.ClickKeyword.execute(ClickKeyword.groovy:43)
	at com.kms.katalon.core.keyword.internal.KeywordExecutor.executeKeywordForPlatform(KeywordExecutor.groovy:72)
	at com.kms.katalon.core.webui.keyword.WebUiBuiltInKeywords.click(WebUiBuiltInKeywords.groovy:616)
	at com.kms.katalon.core.webui.keyword.WebUiBuiltInKeywords$click$3.call(Unknown Source)
	at TestCase23Un-PinPost.run(TestCase23Un-PinPost:33)
	at com.kms.katalon.core.main.ScriptEngine.run(ScriptEngine.java:194)
	at com.kms.katalon.core.main.ScriptEngine.runScriptAsRawText(ScriptEngine.java:119)
	at com.kms.katalon.core.main.TestCaseExecutor.runScript(TestCaseExecutor.java:337)
	at com.kms.katalon.core.main.TestCaseExecutor.doExecute(TestCaseExecutor.java:328)
	at com.kms.katalon.core.main.TestCaseExecutor.processExecutionPhase(TestCaseExecutor.java:307)
	at com.kms.katalon.core.main.TestCaseExecutor.accessMainPhase(TestCaseExecutor.java:299)
	at com.kms.katalon.core.main.TestCaseExecutor.execute(TestCaseExecutor.java:233)
	at com.kms.katalon.core.main.TestSuiteExecutor.accessTestCaseMainPhase(TestSuiteExecutor.java:169)
	at com.kms.katalon.core.main.TestSuiteExecutor.accessTestSuiteMainPhase(TestSuiteExecutor.java:142)
	at com.kms.katalon.core.main.TestSuiteExecutor.execute(TestSuiteExecutor.java:91)
	at com.kms.katalon.core.main.TestCaseMain.startTestSuite(TestCaseMain.java:157)
	at com.kms.katalon.core.main.TestCaseMain$startTestSuite$0.call(Unknown Source)
	at TempTestSuite1576955103733.run(TempTestSuite1576955103733.groovy:36)
Caused by: com.kms.katalon.core.webui.exception.WebElementNotFoundException: Web element with id: 'Object Repository/Page_ ChannelsTest - FirstTeam Mattermost/button_Pinned_SEARCH_button_8b3y5ekuc7rw9kh_b6bb8d' located by 'By.xpath: //button[@id='SEARCH_button_8b3y5ekuc7rw9kh6zrrdqxyg7w']' not found
	at com.kms.katalon.core.webui.common.WebUiCommonHelper.findWebElement(WebUiCommonHelper.java:1154)
	at com.kms.katalon.core.webui.keyword.internal.WebUIAbstractKeyword.findWebElement(WebUIAbstractKeyword.groovy:27)
	at com.kms.katalon.core.webui.keyword.internal.WebUIAbstractKeyword.findWebElement(WebUIAbstractKeyword.groovy:26)
	at com.kms.katalon.core.webui.keyword.builtin.ClickKeyword$_click_closure1.doCall(ClickKeyword.groovy:67)
	at com.kms.katalon.core.webui.keyword.builtin.ClickKeyword$_click_closure1.call(ClickKeyword.groovy)
	at com.kms.katalon.core.webui.keyword.internal.WebUIKeywordMain.runKeyword(WebUIKeywordMain.groovy:20)
	... 19 more
"/>
         <system-out><![CDATA[2019-12-22 02:21:32 - [TEST_CASE][FAILED] - Test Cases/TestCase23Un-PinPost: Test Cases/TestCase23Un-PinPost FAILED.
Reason:
com.kms.katalon.core.exception.StepFailedException: Unable to click on object 'Object Repository/Page_ ChannelsTest - FirstTeam Mattermost/button_Pinned_SEARCH_button_8b3y5ekuc7rw9kh_b6bb8d'
	at com.kms.katalon.core.webui.keyword.internal.WebUIKeywordMain.stepFailed(WebUIKeywordMain.groovy:64)
	at com.kms.katalon.core.webui.keyword.internal.WebUIKeywordMain.runKeyword(WebUIKeywordMain.groovy:26)
	at com.kms.katalon.core.webui.keyword.builtin.ClickKeyword.click(ClickKeyword.groovy:102)
	at com.kms.katalon.core.webui.keyword.builtin.ClickKeyword.execute(ClickKeyword.groovy:43)
	at com.kms.katalon.core.keyword.internal.KeywordExecutor.executeKeywordForPlatform(KeywordExecutor.groovy:72)
	at com.kms.katalon.core.webui.keyword.WebUiBuiltInKeywords.click(WebUiBuiltInKeywords.groovy:616)
	at com.kms.katalon.core.webui.keyword.WebUiBuiltInKeywords$click$3.call(Unknown Source)
	at TestCase23Un-PinPost.run(TestCase23Un-PinPost:33)
	at com.kms.katalon.core.main.ScriptEngine.run(ScriptEngine.java:194)
	at com.kms.katalon.core.main.ScriptEngine.runScriptAsRawText(ScriptEngine.java:119)
	at com.kms.katalon.core.main.TestCaseExecutor.runScript(TestCaseExecutor.java:337)
	at com.kms.katalon.core.main.TestCaseExecutor.doExecute(TestCaseExecutor.java:328)
	at com.kms.katalon.core.main.TestCaseExecutor.processExecutionPhase(TestCaseExecutor.java:307)
	at com.kms.katalon.core.main.TestCaseExecutor.accessMainPhase(TestCaseExecutor.java:299)
	at com.kms.katalon.core.main.TestCaseExecutor.execute(TestCaseExecutor.java:233)
	at com.kms.katalon.core.main.TestSuiteExecutor.accessTestCaseMainPhase(TestSuiteExecutor.java:169)
	at com.kms.katalon.core.main.TestSuiteExecutor.accessTestSuiteMainPhase(TestSuiteExecutor.java:142)
	at com.kms.katalon.core.main.TestSuiteExecutor.execute(TestSuiteExecutor.java:91)
	at com.kms.katalon.core.main.TestCaseMain.startTestSuite(TestCaseMain.java:157)
	at com.kms.katalon.core.main.TestCaseMain$startTestSuite$0.call(Unknown Source)
	at TempTestSuite1576955103733.run(TempTestSuite1576955103733.groovy:36)
Caused by: com.kms.katalon.core.webui.exception.WebElementNotFoundException: Web element with id: 'Object Repository/Page_ ChannelsTest - FirstTeam Mattermost/button_Pinned_SEARCH_button_8b3y5ekuc7rw9kh_b6bb8d' located by 'By.xpath: //button[@id='SEARCH_button_8b3y5ekuc7rw9kh6zrrdqxyg7w']' not found
	at com.kms.katalon.core.webui.common.WebUiCommonHelper.findWebElement(WebUiCommonHelper.java:1154)
	at com.kms.katalon.core.webui.keyword.internal.WebUIAbstractKeyword.findWebElement(WebUIAbstractKeyword.groovy:27)
	at com.kms.katalon.core.webui.keyword.internal.WebUIAbstractKeyword.findWebElement(WebUIAbstractKeyword.groovy:26)
	at com.kms.katalon.core.webui.keyword.builtin.ClickKeyword$_click_closure1.doCall(ClickKeyword.groovy:67)
	at com.kms.katalon.core.webui.keyword.builtin.ClickKeyword$_click_closure1.call(ClickKeyword.groovy)
	at com.kms.katalon.core.webui.keyword.internal.WebUIKeywordMain.runKeyword(WebUIKeywordMain.groovy:20)
	... 19 more


2019-12-22 02:21:32 - [TEST_STEP][PASSED] - openBrowser(""): Browser is opened with url: ''

2019-12-22 02:21:32 - [MESSAGE][WARNING] - A browser is already opened. Closing browser and opening a new one

2019-12-22 02:21:33 - [MESSAGE][INFO] - Starting 'Firefox (headless)' driver

2019-12-22 02:21:37 - [MESSAGE][PASSED] - Browser is opened with url: ''

2019-12-22 02:21:37 - [TEST_STEP][PASSED] - navigateToUrl("https://cs300testautomatic.herokuapp.com/"): Navigate to 'https://cs300testautomatic.herokuapp.com/' successfully

2019-12-22 02:21:42 - [MESSAGE][PASSED] - Navigate to 'https://cs300testautomatic.herokuapp.com/' successfully

2019-12-22 02:21:42 - [TEST_STEP][PASSED] - setText(findTestObject("Page_Mattermost/input_All team communication in one place s_703ef5 (23)"), "giabeuu@gmail.com"): Text 'giabeuu@gmail.com' is set on object 'Object Repository/Page_Mattermost/input_All team communication in one place s_703ef5 (23)'

2019-12-22 02:21:49 - [MESSAGE][PASSED] - Text 'giabeuu@gmail.com' is set on object 'Object Repository/Page_Mattermost/input_All team communication in one place s_703ef5 (23)'

2019-12-22 02:21:49 - [TEST_STEP][PASSED] - setEncryptedText(findTestObject("Page_Mattermost/input_All team communication in one place s_2f2733 (23)"), "GoUae4B8Jrc="): Text ****** has been set on object 'Object Repository/Page_Mattermost/input_All team communication in one place s_2f2733 (23)'

2019-12-22 02:21:49 - [MESSAGE][PASSED] - Text ****** has been set on object 'Object Repository/Page_Mattermost/input_All team communication in one place s_2f2733 (23)'

2019-12-22 02:21:49 - [TEST_STEP][PASSED] - click(findTestObject("Page_Mattermost/button_Sign in (12)")): Object: 'Object Repository/Page_Mattermost/button_Sign in (12)' is clicked on

2019-12-22 02:21:50 - [MESSAGE][PASSED] - Object: 'Object Repository/Page_Mattermost/button_Sign in (12)' is clicked on

2019-12-22 02:21:50 - [TEST_STEP][PASSED] - click(findTestObject("Object Repository/Page_ Town Square - FirstTeam Mattermost/a_ChannelsTest")): Object: 'Object Repository/Page_ Town Square - FirstTeam Mattermost/a_ChannelsTest' is clicked on

2019-12-22 02:21:53 - [MESSAGE][PASSED] - Object: 'Object Repository/Page_ Town Square - FirstTeam Mattermost/a_ChannelsTest' is clicked on

2019-12-22 02:21:53 - [TEST_STEP][PASSED] - click(findTestObject("Object Repository/Page_ ChannelsTest - FirstTeam Mattermost/button_ChannelsTest_channelHeaderPinButton")): Object: 'Object Repository/Page_ ChannelsTest - FirstTeam Mattermost/button_ChannelsTest_channelHeaderPinButton' is clicked on

2019-12-22 02:21:54 - [MESSAGE][PASSED] - Object: 'Object Repository/Page_ ChannelsTest - FirstTeam Mattermost/button_ChannelsTest_channelHeaderPinButton' is clicked on

2019-12-22 02:21:54 - [TEST_STEP][FAILED] - click(findTestObject("Object Repository/Page_ ChannelsTest - FirstTeam Mattermost/button_Pinned_SEARCH_button_8b3y5ekuc7rw9kh_b6bb8d")): Unable to click on object 'Object Repository/Page_ ChannelsTest - FirstTeam Mattermost/button_Pinned_SEARCH_button_8b3y5ekuc7rw9kh_b6bb8d' (Root cause: com.kms.katalon.core.exception.StepFailedException: Unable to click on object 'Object Repository/Page_ ChannelsTest - FirstTeam Mattermost/button_Pinned_SEARCH_button_8b3y5ekuc7rw9kh_b6bb8d'
	at com.kms.katalon.core.webui.keyword.internal.WebUIKeywordMain.stepFailed(WebUIKeywordMain.groovy:64)
	at com.kms.katalon.core.webui.keyword.internal.WebUIKeywordMain.runKeyword(WebUIKeywordMain.groovy:26)
	at com.kms.katalon.core.webui.keyword.builtin.ClickKeyword.click(ClickKeyword.groovy:102)
	at com.kms.katalon.core.webui.keyword.builtin.ClickKeyword.execute(ClickKeyword.groovy:43)
	at com.kms.katalon.core.keyword.internal.KeywordExecutor.executeKeywordForPlatform(KeywordExecutor.groovy:72)
	at com.kms.katalon.core.webui.keyword.WebUiBuiltInKeywords.click(WebUiBuiltInKeywords.groovy:616)
	at com.kms.katalon.core.webui.keyword.WebUiBuiltInKeywords$click$3.call(Unknown Source)
	at TestCase23Un-PinPost.run(TestCase23Un-PinPost:33)
	at com.kms.katalon.core.main.ScriptEngine.run(ScriptEngine.java:194)
	at com.kms.katalon.core.main.ScriptEngine.runScriptAsRawText(ScriptEngine.java:119)
	at com.kms.katalon.core.main.TestCaseExecutor.runScript(TestCaseExecutor.java:337)
	at com.kms.katalon.core.main.TestCaseExecutor.doExecute(TestCaseExecutor.java:328)
	at com.kms.katalon.core.main.TestCaseExecutor.processExecutionPhase(TestCaseExecutor.java:307)
	at com.kms.katalon.core.main.TestCaseExecutor.accessMainPhase(TestCaseExecutor.java:299)
	at com.kms.katalon.core.main.TestCaseExecutor.execute(TestCaseExecutor.java:233)
	at com.kms.katalon.core.main.TestSuiteExecutor.accessTestCaseMainPhase(TestSuiteExecutor.java:169)
	at com.kms.katalon.core.main.TestSuiteExecutor.accessTestSuiteMainPhase(TestSuiteExecutor.java:142)
	at com.kms.katalon.core.main.TestSuiteExecutor.execute(TestSuiteExecutor.java:91)
	at com.kms.katalon.core.main.TestCaseMain.startTestSuite(TestCaseMain.java:157)
	at com.kms.katalon.core.main.TestCaseMain$startTestSuite$0.call(Unknown Source)
	at TempTestSuite1576955103733.run(TempTestSuite1576955103733.groovy:36)
Caused by: com.kms.katalon.core.webui.exception.WebElementNotFoundException: Web element with id: 'Object Repository/Page_ ChannelsTest - FirstTeam Mattermost/button_Pinned_SEARCH_button_8b3y5ekuc7rw9kh_b6bb8d' located by 'By.xpath: //button[@id='SEARCH_button_8b3y5ekuc7rw9kh6zrrdqxyg7w']' not found
	at com.kms.katalon.core.webui.common.WebUiCommonHelper.findWebElement(WebUiCommonHelper.java:1154)
	at com.kms.katalon.core.webui.keyword.internal.WebUIAbstractKeyword.findWebElement(WebUIAbstractKeyword.groovy:27)
	at com.kms.katalon.core.webui.keyword.internal.WebUIAbstractKeyword.findWebElement(WebUIAbstractKeyword.groovy:26)
	at com.kms.katalon.core.webui.keyword.builtin.ClickKeyword$_click_closure1.doCall(ClickKeyword.groovy:67)
	at com.kms.katalon.core.webui.keyword.builtin.ClickKeyword$_click_closure1.call(ClickKeyword.groovy)
	at com.kms.katalon.core.webui.keyword.internal.WebUIKeywordMain.runKeyword(WebUIKeywordMain.groovy:20)
	at com.kms.katalon.core.webui.keyword.builtin.ClickKeyword.click(ClickKeyword.groovy:102)
	at com.kms.katalon.core.webui.keyword.builtin.ClickKeyword.execute(ClickKeyword.groovy:43)
	at com.kms.katalon.core.keyword.internal.KeywordExecutor.executeKeywordForPlatform(KeywordExecutor.groovy:72)
	at com.kms.katalon.core.webui.keyword.WebUiBuiltInKeywords.click(WebUiBuiltInKeywords.groovy:616)
	at com.kms.katalon.core.webui.keyword.WebUiBuiltInKeywords$click$3.call(Unknown Source)
	at Script1576863258391.run(Script1576863258391.groovy:33)
	... 13 more
)

2019-12-22 02:22:25 - [MESSAGE][INFO] - Unable to find the element located by 'By.xpath: //button[@id='SEARCH_button_8b3y5ekuc7rw9kh6zrrdqxyg7w']'. Please recheck the objects properties to make sure the desired element is located. 

2019-12-22 02:22:25 - [MESSAGE][INFO] - [SMART_XPATH] Auto-trying out other XPath values in the test object.

2019-12-22 02:22:25 - [MESSAGE][INFO] - [SMART_XPATH] FAILED XPATH: '//button[@id='SEARCH_button_8b3y5ekuc7rw9kh6zrrdqxyg7w']'.

2019-12-22 02:22:25 - [MESSAGE][INFO] - [SMART_XPATH] FAILED XPATH: '//div[@id='search-items-container']/div/div[2]/div[2]/div[2]/div/div[3]/div/button'.

2019-12-22 02:22:25 - [MESSAGE][INFO] - [SMART_XPATH] FAILED XPATH: '//div[3]/div/button'.

2019-12-22 02:22:25 - [MESSAGE][INFO] - [SMART_XPATH] No working XPath is found.

2019-12-22 02:22:25 - [MESSAGE][FAILED] - Unable to click on object 'Object Repository/Page_ ChannelsTest - FirstTeam Mattermost/button_Pinned_SEARCH_button_8b3y5ekuc7rw9kh_b6bb8d' (Root cause: com.kms.katalon.core.exception.StepFailedException: Unable to click on object 'Object Repository/Page_ ChannelsTest - FirstTeam Mattermost/button_Pinned_SEARCH_button_8b3y5ekuc7rw9kh_b6bb8d'
	at com.kms.katalon.core.webui.keyword.internal.WebUIKeywordMain.stepFailed(WebUIKeywordMain.groovy:64)
	at com.kms.katalon.core.webui.keyword.internal.WebUIKeywordMain.runKeyword(WebUIKeywordMain.groovy:26)
	at com.kms.katalon.core.webui.keyword.builtin.ClickKeyword.click(ClickKeyword.groovy:102)
	at com.kms.katalon.core.webui.keyword.builtin.ClickKeyword.execute(ClickKeyword.groovy:43)
	at com.kms.katalon.core.keyword.internal.KeywordExecutor.executeKeywordForPlatform(KeywordExecutor.groovy:72)
	at com.kms.katalon.core.webui.keyword.WebUiBuiltInKeywords.click(WebUiBuiltInKeywords.groovy:616)
	at com.kms.katalon.core.webui.keyword.WebUiBuiltInKeywords$click$3.call(Unknown Source)
	at TestCase23Un-PinPost.run(TestCase23Un-PinPost:33)
	at com.kms.katalon.core.main.ScriptEngine.run(ScriptEngine.java:194)
	at com.kms.katalon.core.main.ScriptEngine.runScriptAsRawText(ScriptEngine.java:119)
	at com.kms.katalon.core.main.TestCaseExecutor.runScript(TestCaseExecutor.java:337)
	at com.kms.katalon.core.main.TestCaseExecutor.doExecute(TestCaseExecutor.java:328)
	at com.kms.katalon.core.main.TestCaseExecutor.processExecutionPhase(TestCaseExecutor.java:307)
	at com.kms.katalon.core.main.TestCaseExecutor.accessMainPhase(TestCaseExecutor.java:299)
	at com.kms.katalon.core.main.TestCaseExecutor.execute(TestCaseExecutor.java:233)
	at com.kms.katalon.core.main.TestSuiteExecutor.accessTestCaseMainPhase(TestSuiteExecutor.java:169)
	at com.kms.katalon.core.main.TestSuiteExecutor.accessTestSuiteMainPhase(TestSuiteExecutor.java:142)
	at com.kms.katalon.core.main.TestSuiteExecutor.execute(TestSuiteExecutor.java:91)
	at com.kms.katalon.core.main.TestCaseMain.startTestSuite(TestCaseMain.java:157)
	at com.kms.katalon.core.main.TestCaseMain$startTestSuite$0.call(Unknown Source)
	at TempTestSuite1576955103733.run(TempTestSuite1576955103733.groovy:36)
Caused by: com.kms.katalon.core.webui.exception.WebElementNotFoundException: Web element with id: 'Object Repository/Page_ ChannelsTest - FirstTeam Mattermost/button_Pinned_SEARCH_button_8b3y5ekuc7rw9kh_b6bb8d' located by 'By.xpath: //button[@id='SEARCH_button_8b3y5ekuc7rw9kh6zrrdqxyg7w']' not found
	at com.kms.katalon.core.webui.common.WebUiCommonHelper.findWebElement(WebUiCommonHelper.java:1154)
	at com.kms.katalon.core.webui.keyword.internal.WebUIAbstractKeyword.findWebElement(WebUIAbstractKeyword.groovy:27)
	at com.kms.katalon.core.webui.keyword.internal.WebUIAbstractKeyword.findWebElement(WebUIAbstractKeyword.groovy:26)
	at com.kms.katalon.core.webui.keyword.builtin.ClickKeyword$_click_closure1.doCall(ClickKeyword.groovy:67)
	at com.kms.katalon.core.webui.keyword.builtin.ClickKeyword$_click_closure1.call(ClickKeyword.groovy)
	at com.kms.katalon.core.webui.keyword.internal.WebUIKeywordMain.runKeyword(WebUIKeywordMain.groovy:20)
	at com.kms.katalon.core.webui.keyword.builtin.ClickKeyword.click(ClickKeyword.groovy:102)
	at com.kms.katalon.core.webui.keyword.builtin.ClickKeyword.execute(ClickKeyword.groovy:43)
	at com.kms.katalon.core.keyword.internal.KeywordExecutor.executeKeywordForPlatform(KeywordExecutor.groovy:72)
	at com.kms.katalon.core.webui.keyword.WebUiBuiltInKeywords.click(WebUiBuiltInKeywords.groovy:616)
	at com.kms.katalon.core.webui.keyword.WebUiBuiltInKeywords$click$3.call(Unknown Source)
	at Script1576863258391.run(Script1576863258391.groovy:33)
	... 13 more
)
[[ATTACHMENT|D:\\Learning\\School\\2019-2020-HK1\\CS300\\CS300AutomaticWebTesting\\Reports\\20191222_020503\\Run All Test Cases\\20191222_020503\\1576956145424.png]]]]></system-out>
         <system-err><![CDATA[2019-12-22 02:21:32 - [TEST_CASE][FAILED] - Test Cases/TestCase23Un-PinPost: Test Cases/TestCase23Un-PinPost FAILED.
Reason:
com.kms.katalon.core.exception.StepFailedException: Unable to click on object 'Object Repository/Page_ ChannelsTest - FirstTeam Mattermost/button_Pinned_SEARCH_button_8b3y5ekuc7rw9kh_b6bb8d'
	at com.kms.katalon.core.webui.keyword.internal.WebUIKeywordMain.stepFailed(WebUIKeywordMain.groovy:64)
	at com.kms.katalon.core.webui.keyword.internal.WebUIKeywordMain.runKeyword(WebUIKeywordMain.groovy:26)
	at com.kms.katalon.core.webui.keyword.builtin.ClickKeyword.click(ClickKeyword.groovy:102)
	at com.kms.katalon.core.webui.keyword.builtin.ClickKeyword.execute(ClickKeyword.groovy:43)
	at com.kms.katalon.core.keyword.internal.KeywordExecutor.executeKeywordForPlatform(KeywordExecutor.groovy:72)
	at com.kms.katalon.core.webui.keyword.WebUiBuiltInKeywords.click(WebUiBuiltInKeywords.groovy:616)
	at com.kms.katalon.core.webui.keyword.WebUiBuiltInKeywords$click$3.call(Unknown Source)
	at TestCase23Un-PinPost.run(TestCase23Un-PinPost:33)
	at com.kms.katalon.core.main.ScriptEngine.run(ScriptEngine.java:194)
	at com.kms.katalon.core.main.ScriptEngine.runScriptAsRawText(ScriptEngine.java:119)
	at com.kms.katalon.core.main.TestCaseExecutor.runScript(TestCaseExecutor.java:337)
	at com.kms.katalon.core.main.TestCaseExecutor.doExecute(TestCaseExecutor.java:328)
	at com.kms.katalon.core.main.TestCaseExecutor.processExecutionPhase(TestCaseExecutor.java:307)
	at com.kms.katalon.core.main.TestCaseExecutor.accessMainPhase(TestCaseExecutor.java:299)
	at com.kms.katalon.core.main.TestCaseExecutor.execute(TestCaseExecutor.java:233)
	at com.kms.katalon.core.main.TestSuiteExecutor.accessTestCaseMainPhase(TestSuiteExecutor.java:169)
	at com.kms.katalon.core.main.TestSuiteExecutor.accessTestSuiteMainPhase(TestSuiteExecutor.java:142)
	at com.kms.katalon.core.main.TestSuiteExecutor.execute(TestSuiteExecutor.java:91)
	at com.kms.katalon.core.main.TestCaseMain.startTestSuite(TestCaseMain.java:157)
	at com.kms.katalon.core.main.TestCaseMain$startTestSuite$0.call(Unknown Source)
	at TempTestSuite1576955103733.run(TempTestSuite1576955103733.groovy:36)
Caused by: com.kms.katalon.core.webui.exception.WebElementNotFoundException: Web element with id: 'Object Repository/Page_ ChannelsTest - FirstTeam Mattermost/button_Pinned_SEARCH_button_8b3y5ekuc7rw9kh_b6bb8d' located by 'By.xpath: //button[@id='SEARCH_button_8b3y5ekuc7rw9kh6zrrdqxyg7w']' not found
	at com.kms.katalon.core.webui.common.WebUiCommonHelper.findWebElement(WebUiCommonHelper.java:1154)
	at com.kms.katalon.core.webui.keyword.internal.WebUIAbstractKeyword.findWebElement(WebUIAbstractKeyword.groovy:27)
	at com.kms.katalon.core.webui.keyword.internal.WebUIAbstractKeyword.findWebElement(WebUIAbstractKeyword.groovy:26)
	at com.kms.katalon.core.webui.keyword.builtin.ClickKeyword$_click_closure1.doCall(ClickKeyword.groovy:67)
	at com.kms.katalon.core.webui.keyword.builtin.ClickKeyword$_click_closure1.call(ClickKeyword.groovy)
	at com.kms.katalon.core.webui.keyword.internal.WebUIKeywordMain.runKeyword(WebUIKeywordMain.groovy:20)
	... 19 more]]></system-err>
      </testcase>
      <testcase name="Test Cases/TestCase24AddNewHeaderOnOff-TopicChannel" time="115.824" classname="Test Cases/TestCase24AddNewHeaderOnOff-TopicChannel" status="FAILED">
         <failure type="FAILED" message="Test Cases/TestCase24AddNewHeaderOnOff-TopicChannel FAILED.
Reason:
com.kms.katalon.core.exception.StepFailedException: Unable to set text 'T' of object 'Object Repository/Page_ Off-Topic - FirstTeam Mattermost/textarea_Edit the Channel Header_edit_textbox'
	at com.kms.katalon.core.webui.keyword.internal.WebUIKeywordMain.stepFailed(WebUIKeywordMain.groovy:64)
	at com.kms.katalon.core.webui.keyword.internal.WebUIKeywordMain.runKeyword(WebUIKeywordMain.groovy:26)
	at com.kms.katalon.core.webui.keyword.builtin.SetTextKeyword.setText(SetTextKeyword.groovy:66)
	at com.kms.katalon.core.webui.keyword.builtin.SetTextKeyword.execute(SetTextKeyword.groovy:37)
	at com.kms.katalon.core.keyword.internal.KeywordExecutor.executeKeywordForPlatform(KeywordExecutor.groovy:72)
	at com.kms.katalon.core.webui.keyword.WebUiBuiltInKeywords.setText(WebUiBuiltInKeywords.groovy:950)
	at com.kms.katalon.core.webui.keyword.WebUiBuiltInKeywords$setText$1.call(Unknown Source)
	at TestCase24AddNewHeaderOnOff-TopicChannel.run(TestCase24AddNewHeaderOnOff-TopicChannel:35)
	at com.kms.katalon.core.main.ScriptEngine.run(ScriptEngine.java:194)
	at com.kms.katalon.core.main.ScriptEngine.runScriptAsRawText(ScriptEngine.java:119)
	at com.kms.katalon.core.main.TestCaseExecutor.runScript(TestCaseExecutor.java:337)
	at com.kms.katalon.core.main.TestCaseExecutor.doExecute(TestCaseExecutor.java:328)
	at com.kms.katalon.core.main.TestCaseExecutor.processExecutionPhase(TestCaseExecutor.java:307)
	at com.kms.katalon.core.main.TestCaseExecutor.accessMainPhase(TestCaseExecutor.java:299)
	at com.kms.katalon.core.main.TestCaseExecutor.execute(TestCaseExecutor.java:233)
	at com.kms.katalon.core.main.TestSuiteExecutor.accessTestCaseMainPhase(TestSuiteExecutor.java:169)
	at com.kms.katalon.core.main.TestSuiteExecutor.accessTestSuiteMainPhase(TestSuiteExecutor.java:142)
	at com.kms.katalon.core.main.TestSuiteExecutor.execute(TestSuiteExecutor.java:91)
	at com.kms.katalon.core.main.TestCaseMain.startTestSuite(TestCaseMain.java:157)
	at com.kms.katalon.core.main.TestCaseMain$startTestSuite$0.call(Unknown Source)
	at TempTestSuite1576955103733.run(TempTestSuite1576955103733.groovy:36)
Caused by: com.kms.katalon.core.webui.exception.WebElementNotFoundException: Web element with id: 'Object Repository/Page_ Off-Topic - FirstTeam Mattermost/textarea_Edit the Channel Header_edit_textbox' located by 'By.xpath: //textarea[@id='edit_textbox']' not found
	at com.kms.katalon.core.webui.common.WebUiCommonHelper.findWebElement(WebUiCommonHelper.java:1154)
	at com.kms.katalon.core.webui.keyword.internal.WebUIAbstractKeyword.findWebElement(WebUIAbstractKeyword.groovy:27)
	at com.kms.katalon.core.webui.keyword.internal.WebUIAbstractKeyword.findWebElement(WebUIAbstractKeyword.groovy:26)
	at com.kms.katalon.core.webui.keyword.builtin.SetTextKeyword$_setText_closure1.doCall(SetTextKeyword.groovy:51)
	at com.kms.katalon.core.webui.keyword.builtin.SetTextKeyword$_setText_closure1.call(SetTextKeyword.groovy)
	at com.kms.katalon.core.webui.keyword.internal.WebUIKeywordMain.runKeyword(WebUIKeywordMain.groovy:20)
	... 19 more
"/>
         <system-out><![CDATA[2019-12-22 02:22:25 - [TEST_CASE][FAILED] - Test Cases/TestCase24AddNewHeaderOnOff-TopicChannel: Test Cases/TestCase24AddNewHeaderOnOff-TopicChannel FAILED.
Reason:
com.kms.katalon.core.exception.StepFailedException: Unable to set text 'T' of object 'Object Repository/Page_ Off-Topic - FirstTeam Mattermost/textarea_Edit the Channel Header_edit_textbox'
	at com.kms.katalon.core.webui.keyword.internal.WebUIKeywordMain.stepFailed(WebUIKeywordMain.groovy:64)
	at com.kms.katalon.core.webui.keyword.internal.WebUIKeywordMain.runKeyword(WebUIKeywordMain.groovy:26)
	at com.kms.katalon.core.webui.keyword.builtin.SetTextKeyword.setText(SetTextKeyword.groovy:66)
	at com.kms.katalon.core.webui.keyword.builtin.SetTextKeyword.execute(SetTextKeyword.groovy:37)
	at com.kms.katalon.core.keyword.internal.KeywordExecutor.executeKeywordForPlatform(KeywordExecutor.groovy:72)
	at com.kms.katalon.core.webui.keyword.WebUiBuiltInKeywords.setText(WebUiBuiltInKeywords.groovy:950)
	at com.kms.katalon.core.webui.keyword.WebUiBuiltInKeywords$setText$1.call(Unknown Source)
	at TestCase24AddNewHeaderOnOff-TopicChannel.run(TestCase24AddNewHeaderOnOff-TopicChannel:35)
	at com.kms.katalon.core.main.ScriptEngine.run(ScriptEngine.java:194)
	at com.kms.katalon.core.main.ScriptEngine.runScriptAsRawText(ScriptEngine.java:119)
	at com.kms.katalon.core.main.TestCaseExecutor.runScript(TestCaseExecutor.java:337)
	at com.kms.katalon.core.main.TestCaseExecutor.doExecute(TestCaseExecutor.java:328)
	at com.kms.katalon.core.main.TestCaseExecutor.processExecutionPhase(TestCaseExecutor.java:307)
	at com.kms.katalon.core.main.TestCaseExecutor.accessMainPhase(TestCaseExecutor.java:299)
	at com.kms.katalon.core.main.TestCaseExecutor.execute(TestCaseExecutor.java:233)
	at com.kms.katalon.core.main.TestSuiteExecutor.accessTestCaseMainPhase(TestSuiteExecutor.java:169)
	at com.kms.katalon.core.main.TestSuiteExecutor.accessTestSuiteMainPhase(TestSuiteExecutor.java:142)
	at com.kms.katalon.core.main.TestSuiteExecutor.execute(TestSuiteExecutor.java:91)
	at com.kms.katalon.core.main.TestCaseMain.startTestSuite(TestCaseMain.java:157)
	at com.kms.katalon.core.main.TestCaseMain$startTestSuite$0.call(Unknown Source)
	at TempTestSuite1576955103733.run(TempTestSuite1576955103733.groovy:36)
Caused by: com.kms.katalon.core.webui.exception.WebElementNotFoundException: Web element with id: 'Object Repository/Page_ Off-Topic - FirstTeam Mattermost/textarea_Edit the Channel Header_edit_textbox' located by 'By.xpath: //textarea[@id='edit_textbox']' not found
	at com.kms.katalon.core.webui.common.WebUiCommonHelper.findWebElement(WebUiCommonHelper.java:1154)
	at com.kms.katalon.core.webui.keyword.internal.WebUIAbstractKeyword.findWebElement(WebUIAbstractKeyword.groovy:27)
	at com.kms.katalon.core.webui.keyword.internal.WebUIAbstractKeyword.findWebElement(WebUIAbstractKeyword.groovy:26)
	at com.kms.katalon.core.webui.keyword.builtin.SetTextKeyword$_setText_closure1.doCall(SetTextKeyword.groovy:51)
	at com.kms.katalon.core.webui.keyword.builtin.SetTextKeyword$_setText_closure1.call(SetTextKeyword.groovy)
	at com.kms.katalon.core.webui.keyword.internal.WebUIKeywordMain.runKeyword(WebUIKeywordMain.groovy:20)
	... 19 more


2019-12-22 02:22:25 - [TEST_STEP][PASSED] - openBrowser(""): Browser is opened with url: ''

2019-12-22 02:22:25 - [MESSAGE][WARNING] - A browser is already opened. Closing browser and opening a new one

2019-12-22 02:22:26 - [MESSAGE][INFO] - Starting 'Firefox (headless)' driver

2019-12-22 02:22:30 - [MESSAGE][PASSED] - Browser is opened with url: ''

2019-12-22 02:22:30 - [TEST_STEP][PASSED] - navigateToUrl("https://cs300testautomatic.herokuapp.com/"): Navigate to 'https://cs300testautomatic.herokuapp.com/' successfully

2019-12-22 02:22:40 - [MESSAGE][PASSED] - Navigate to 'https://cs300testautomatic.herokuapp.com/' successfully

2019-12-22 02:22:40 - [TEST_STEP][PASSED] - setText(findTestObject("Page_Mattermost/input_All team communication in one place s_703ef5 (14)"), "giabeuu@gmail.com"): Text 'giabeuu@gmail.com' is set on object 'Object Repository/Page_Mattermost/input_All team communication in one place s_703ef5 (14)'

2019-12-22 02:22:45 - [MESSAGE][PASSED] - Text 'giabeuu@gmail.com' is set on object 'Object Repository/Page_Mattermost/input_All team communication in one place s_703ef5 (14)'

2019-12-22 02:22:45 - [TEST_STEP][PASSED] - setEncryptedText(findTestObject("Page_Mattermost/input_All team communication in one place s_2f2733 (14)"), "GoUae4B8Jrc="): Text ****** has been set on object 'Object Repository/Page_Mattermost/input_All team communication in one place s_2f2733 (14)'

2019-12-22 02:22:45 - [MESSAGE][PASSED] - Text ****** has been set on object 'Object Repository/Page_Mattermost/input_All team communication in one place s_2f2733 (14)'

2019-12-22 02:22:45 - [TEST_STEP][PASSED] - click(findTestObject("Page_Mattermost/button_Sign in (4)")): Object: 'Object Repository/Page_Mattermost/button_Sign in (4)' is clicked on

2019-12-22 02:22:46 - [MESSAGE][PASSED] - Object: 'Object Repository/Page_Mattermost/button_Sign in (4)' is clicked on

2019-12-22 02:22:46 - [TEST_STEP][PASSED] - click(findTestObject("Page_ Town Square - FirstTeam Mattermost/div_Fi (6)")): Object: 'Object Repository/Page_ Town Square - FirstTeam Mattermost/div_Fi (6)' is clicked on

2019-12-22 02:23:17 - [MESSAGE][INFO] - Unable to find the element located by 'By.xpath: //a[@id='firstteamTeamButton']/div/div/div'. Please recheck the objects properties to make sure the desired element is located. 

2019-12-22 02:23:17 - [MESSAGE][INFO] - [SMART_XPATH] Auto-trying out other XPath values in the test object.

2019-12-22 02:23:17 - [MESSAGE][INFO] - [SMART_XPATH] FAILED XPATH: '//a[@id='firstteamTeamButton']/div/div/div'.

2019-12-22 02:23:17 - [MESSAGE][INFO] - [SMART_XPATH] WORKING XPATH: '(.//*[normalize-space(text()) and normalize-space(.)='FirstTeam'])[1]/following::div[9]'.

2019-12-22 02:23:17 - [MESSAGE][INFO] - [SMART_XPATH] Screenshot: D:/Learning/School/2019-2020-HK1/CS300/CS300AutomaticWebTesting/Reports/smart_xpath/Object Repository/Page_ Town Square - FirstTeam Mattermost/div_Fi (6)_neighbor_14.png

2019-12-22 02:23:17 - [MESSAGE][INFO] - [SMART_XPATH] FAILED XPATH: '(.//*[normalize-space(text()) and normalize-space(.)='Fi'])[2]/preceding::div[1]'.

2019-12-22 02:23:17 - [MESSAGE][INFO] - [SMART_XPATH] WORKING XPATH: '(.//*[normalize-space(text()) and normalize-space(.)='Se'])[1]/preceding::div[5]'.

2019-12-22 02:23:17 - [MESSAGE][INFO] - [SMART_XPATH] Screenshot: D:/Learning/School/2019-2020-HK1/CS300/CS300AutomaticWebTesting/Reports/smart_xpath/Object Repository/Page_ Town Square - FirstTeam Mattermost/div_Fi (6)_neighbor_15.png

2019-12-22 02:23:17 - [MESSAGE][INFO] - [SMART_XPATH] WORKING XPATH: '//*/text()[normalize-space(.)='Fi']/parent::*'.

2019-12-22 02:23:17 - [MESSAGE][INFO] - [SMART_XPATH] Screenshot: D:/Learning/School/2019-2020-HK1/CS300/CS300AutomaticWebTesting/Reports/smart_xpath/Object Repository/Page_ Town Square - FirstTeam Mattermost/div_Fi (6)_neighbor_16.png

2019-12-22 02:23:17 - [MESSAGE][INFO] - [SMART_XPATH] WORKING XPATH: '//a/div/div/div'.

2019-12-22 02:23:17 - [MESSAGE][INFO] - [SMART_XPATH] Screenshot: D:/Learning/School/2019-2020-HK1/CS300/CS300AutomaticWebTesting/Reports/smart_xpath/Object Repository/Page_ Town Square - FirstTeam Mattermost/div_Fi (6)_position.png

2019-12-22 02:23:17 - [MESSAGE][ERROR] - [SMART_XPATH] D:\Learning\School\2019-2020-HK1\CS300\CS300AutomaticWebTesting\Reports\smart_xpath\waiting-for-approval.json (The system cannot find the file specified)

2019-12-22 02:23:17 - [MESSAGE][ERROR] - [SMART_XPATH] D:/Learning/School/2019-2020-HK1/CS300/CS300AutomaticWebTesting/Reports/smart_xpath/waiting-for-approval.json does not exist or is provided by Smart XPath Plugin!

2019-12-22 02:23:17 - [MESSAGE][INFO] - [SMART_XPATH] Selected Smart XPath: '(.//*[normalize-space(text()) and normalize-space(.)='FirstTeam'])[1]/following::div[9]'.

2019-12-22 02:23:17 - [MESSAGE][INFO] - [SMART_XPATH] Continuing executing the test case!

2019-12-22 02:23:17 - [MESSAGE][PASSED] - Object: 'Object Repository/Page_ Town Square - FirstTeam Mattermost/div_Fi (6)' is clicked on

2019-12-22 02:23:17 - [TEST_STEP][PASSED] - click(findTestObject("Object Repository/Page_ Town Square - FirstTeam Mattermost/span_Off-Topic")): Object: 'Object Repository/Page_ Town Square - FirstTeam Mattermost/span_Off-Topic' is clicked on

2019-12-22 02:23:18 - [MESSAGE][PASSED] - Object: 'Object Repository/Page_ Town Square - FirstTeam Mattermost/span_Off-Topic' is clicked on

2019-12-22 02:23:18 - [TEST_STEP][PASSED] - click(findTestObject("Object Repository/Page_ Off-Topic - FirstTeam Mattermost/span_Add a channel description")): Object: 'Object Repository/Page_ Off-Topic - FirstTeam Mattermost/span_Add a channel description' is clicked on

2019-12-22 02:23:49 - [MESSAGE][INFO] - Unable to find the element located by 'By.xpath: //div[@id='channelHeaderDescription']/button/span'. Please recheck the objects properties to make sure the desired element is located. 

2019-12-22 02:23:49 - [MESSAGE][INFO] - [SMART_XPATH] Auto-trying out other XPath values in the test object.

2019-12-22 02:23:49 - [MESSAGE][INFO] - [SMART_XPATH] FAILED XPATH: '//div[@id='channelHeaderDescription']/button/span'.

2019-12-22 02:23:49 - [MESSAGE][INFO] - [SMART_XPATH] WORKING XPATH: '(.//*[normalize-space(text()) and normalize-space(.)='Off-Topic'])[3]/following::span[2]'.

2019-12-22 02:23:49 - [MESSAGE][INFO] - [SMART_XPATH] Screenshot: D:/Learning/School/2019-2020-HK1/CS300/CS300AutomaticWebTesting/Reports/smart_xpath/Object Repository/Page_ Off-Topic - FirstTeam Mattermost/span_Add a channel description_neighbor_15.png

2019-12-22 02:23:49 - [MESSAGE][INFO] - [SMART_XPATH] WORKING XPATH: '(.//*[normalize-space(text()) and normalize-space(.)='Drop a file to upload it.'])[1]/following::span[3]'.

2019-12-22 02:23:49 - [MESSAGE][INFO] - [SMART_XPATH] Screenshot: D:/Learning/School/2019-2020-HK1/CS300/CS300AutomaticWebTesting/Reports/smart_xpath/Object Repository/Page_ Off-Topic - FirstTeam Mattermost/span_Add a channel description_neighbor_16.png

2019-12-22 02:23:49 - [MESSAGE][INFO] - [SMART_XPATH] WORKING XPATH: '(.//*[normalize-space(text()) and normalize-space(.)='Search Options'])[1]/preceding::span[6]'.

2019-12-22 02:23:49 - [MESSAGE][INFO] - [SMART_XPATH] Screenshot: D:/Learning/School/2019-2020-HK1/CS300/CS300AutomaticWebTesting/Reports/smart_xpath/Object Repository/Page_ Off-Topic - FirstTeam Mattermost/span_Add a channel description_neighbor_17.png

2019-12-22 02:23:49 - [MESSAGE][INFO] - [SMART_XPATH] FAILED XPATH: '//*/text()[normalize-space(.)='Add a channel description']/parent::*'.

2019-12-22 02:23:49 - [MESSAGE][INFO] - [SMART_XPATH] WORKING XPATH: '//div[2]/button/span'.

2019-12-22 02:23:50 - [MESSAGE][INFO] - [SMART_XPATH] Screenshot: D:/Learning/School/2019-2020-HK1/CS300/CS300AutomaticWebTesting/Reports/smart_xpath/Object Repository/Page_ Off-Topic - FirstTeam Mattermost/span_Add a channel description_position.png

2019-12-22 02:23:50 - [MESSAGE][ERROR] - [SMART_XPATH] D:\Learning\School\2019-2020-HK1\CS300\CS300AutomaticWebTesting\Reports\smart_xpath\waiting-for-approval.json (The system cannot find the file specified)

2019-12-22 02:23:50 - [MESSAGE][ERROR] - [SMART_XPATH] D:/Learning/School/2019-2020-HK1/CS300/CS300AutomaticWebTesting/Reports/smart_xpath/waiting-for-approval.json does not exist or is provided by Smart XPath Plugin!

2019-12-22 02:23:50 - [MESSAGE][INFO] - [SMART_XPATH] Selected Smart XPath: '(.//*[normalize-space(text()) and normalize-space(.)='Off-Topic'])[3]/following::span[2]'.

2019-12-22 02:23:50 - [MESSAGE][INFO] - [SMART_XPATH] Continuing executing the test case!

2019-12-22 02:23:50 - [MESSAGE][PASSED] - Object: 'Object Repository/Page_ Off-Topic - FirstTeam Mattermost/span_Add a channel description' is clicked on

2019-12-22 02:23:50 - [TEST_STEP][FAILED] - setText(findTestObject("Object Repository/Page_ Off-Topic - FirstTeam Mattermost/textarea_Edit the Channel Header_edit_textbox"), "T"): Unable to set text 'T' of object 'Object Repository/Page_ Off-Topic - FirstTeam Mattermost/textarea_Edit the Channel Header_edit_textbox' (Root cause: com.kms.katalon.core.exception.StepFailedException: Unable to set text 'T' of object 'Object Repository/Page_ Off-Topic - FirstTeam Mattermost/textarea_Edit the Channel Header_edit_textbox'
	at com.kms.katalon.core.webui.keyword.internal.WebUIKeywordMain.stepFailed(WebUIKeywordMain.groovy:64)
	at com.kms.katalon.core.webui.keyword.internal.WebUIKeywordMain.runKeyword(WebUIKeywordMain.groovy:26)
	at com.kms.katalon.core.webui.keyword.builtin.SetTextKeyword.setText(SetTextKeyword.groovy:66)
	at com.kms.katalon.core.webui.keyword.builtin.SetTextKeyword.execute(SetTextKeyword.groovy:37)
	at com.kms.katalon.core.keyword.internal.KeywordExecutor.executeKeywordForPlatform(KeywordExecutor.groovy:72)
	at com.kms.katalon.core.webui.keyword.WebUiBuiltInKeywords.setText(WebUiBuiltInKeywords.groovy:950)
	at com.kms.katalon.core.webui.keyword.WebUiBuiltInKeywords$setText$1.call(Unknown Source)
	at TestCase24AddNewHeaderOnOff-TopicChannel.run(TestCase24AddNewHeaderOnOff-TopicChannel:35)
	at com.kms.katalon.core.main.ScriptEngine.run(ScriptEngine.java:194)
	at com.kms.katalon.core.main.ScriptEngine.runScriptAsRawText(ScriptEngine.java:119)
	at com.kms.katalon.core.main.TestCaseExecutor.runScript(TestCaseExecutor.java:337)
	at com.kms.katalon.core.main.TestCaseExecutor.doExecute(TestCaseExecutor.java:328)
	at com.kms.katalon.core.main.TestCaseExecutor.processExecutionPhase(TestCaseExecutor.java:307)
	at com.kms.katalon.core.main.TestCaseExecutor.accessMainPhase(TestCaseExecutor.java:299)
	at com.kms.katalon.core.main.TestCaseExecutor.execute(TestCaseExecutor.java:233)
	at com.kms.katalon.core.main.TestSuiteExecutor.accessTestCaseMainPhase(TestSuiteExecutor.java:169)
	at com.kms.katalon.core.main.TestSuiteExecutor.accessTestSuiteMainPhase(TestSuiteExecutor.java:142)
	at com.kms.katalon.core.main.TestSuiteExecutor.execute(TestSuiteExecutor.java:91)
	at com.kms.katalon.core.main.TestCaseMain.startTestSuite(TestCaseMain.java:157)
	at com.kms.katalon.core.main.TestCaseMain$startTestSuite$0.call(Unknown Source)
	at TempTestSuite1576955103733.run(TempTestSuite1576955103733.groovy:36)
Caused by: com.kms.katalon.core.webui.exception.WebElementNotFoundException: Web element with id: 'Object Repository/Page_ Off-Topic - FirstTeam Mattermost/textarea_Edit the Channel Header_edit_textbox' located by 'By.xpath: //textarea[@id='edit_textbox']' not found
	at com.kms.katalon.core.webui.common.WebUiCommonHelper.findWebElement(WebUiCommonHelper.java:1154)
	at com.kms.katalon.core.webui.keyword.internal.WebUIAbstractKeyword.findWebElement(WebUIAbstractKeyword.groovy:27)
	at com.kms.katalon.core.webui.keyword.internal.WebUIAbstractKeyword.findWebElement(WebUIAbstractKeyword.groovy:26)
	at com.kms.katalon.core.webui.keyword.builtin.SetTextKeyword$_setText_closure1.doCall(SetTextKeyword.groovy:51)
	at com.kms.katalon.core.webui.keyword.builtin.SetTextKeyword$_setText_closure1.call(SetTextKeyword.groovy)
	at com.kms.katalon.core.webui.keyword.internal.WebUIKeywordMain.runKeyword(WebUIKeywordMain.groovy:20)
	at com.kms.katalon.core.webui.keyword.builtin.SetTextKeyword.setText(SetTextKeyword.groovy:66)
	at com.kms.katalon.core.webui.keyword.builtin.SetTextKeyword.execute(SetTextKeyword.groovy:37)
	at com.kms.katalon.core.keyword.internal.KeywordExecutor.executeKeywordForPlatform(KeywordExecutor.groovy:72)
	at com.kms.katalon.core.webui.keyword.WebUiBuiltInKeywords.setText(WebUiBuiltInKeywords.groovy:950)
	at com.kms.katalon.core.webui.keyword.WebUiBuiltInKeywords$setText$1.call(Unknown Source)
	at Script1576857885488.run(Script1576857885488.groovy:35)
	... 13 more
)

2019-12-22 02:24:21 - [MESSAGE][INFO] - Unable to find the element located by 'By.xpath: //textarea[@id='edit_textbox']'. Please recheck the objects properties to make sure the desired element is located. 

2019-12-22 02:24:21 - [MESSAGE][INFO] - [SMART_XPATH] Auto-trying out other XPath values in the test object.

2019-12-22 02:24:21 - [MESSAGE][INFO] - [SMART_XPATH] FAILED XPATH: '//textarea[@id='edit_textbox']'.

2019-12-22 02:24:21 - [MESSAGE][INFO] - [SMART_XPATH] FAILED XPATH: '//div[2]/div/div/div/div/div[2]/textarea'.

2019-12-22 02:24:21 - [MESSAGE][INFO] - [SMART_XPATH] No working XPath is found.

2019-12-22 02:24:21 - [MESSAGE][FAILED] - Unable to set text 'T' of object 'Object Repository/Page_ Off-Topic - FirstTeam Mattermost/textarea_Edit the Channel Header_edit_textbox' (Root cause: com.kms.katalon.core.exception.StepFailedException: Unable to set text 'T' of object 'Object Repository/Page_ Off-Topic - FirstTeam Mattermost/textarea_Edit the Channel Header_edit_textbox'
	at com.kms.katalon.core.webui.keyword.internal.WebUIKeywordMain.stepFailed(WebUIKeywordMain.groovy:64)
	at com.kms.katalon.core.webui.keyword.internal.WebUIKeywordMain.runKeyword(WebUIKeywordMain.groovy:26)
	at com.kms.katalon.core.webui.keyword.builtin.SetTextKeyword.setText(SetTextKeyword.groovy:66)
	at com.kms.katalon.core.webui.keyword.builtin.SetTextKeyword.execute(SetTextKeyword.groovy:37)
	at com.kms.katalon.core.keyword.internal.KeywordExecutor.executeKeywordForPlatform(KeywordExecutor.groovy:72)
	at com.kms.katalon.core.webui.keyword.WebUiBuiltInKeywords.setText(WebUiBuiltInKeywords.groovy:950)
	at com.kms.katalon.core.webui.keyword.WebUiBuiltInKeywords$setText$1.call(Unknown Source)
	at TestCase24AddNewHeaderOnOff-TopicChannel.run(TestCase24AddNewHeaderOnOff-TopicChannel:35)
	at com.kms.katalon.core.main.ScriptEngine.run(ScriptEngine.java:194)
	at com.kms.katalon.core.main.ScriptEngine.runScriptAsRawText(ScriptEngine.java:119)
	at com.kms.katalon.core.main.TestCaseExecutor.runScript(TestCaseExecutor.java:337)
	at com.kms.katalon.core.main.TestCaseExecutor.doExecute(TestCaseExecutor.java:328)
	at com.kms.katalon.core.main.TestCaseExecutor.processExecutionPhase(TestCaseExecutor.java:307)
	at com.kms.katalon.core.main.TestCaseExecutor.accessMainPhase(TestCaseExecutor.java:299)
	at com.kms.katalon.core.main.TestCaseExecutor.execute(TestCaseExecutor.java:233)
	at com.kms.katalon.core.main.TestSuiteExecutor.accessTestCaseMainPhase(TestSuiteExecutor.java:169)
	at com.kms.katalon.core.main.TestSuiteExecutor.accessTestSuiteMainPhase(TestSuiteExecutor.java:142)
	at com.kms.katalon.core.main.TestSuiteExecutor.execute(TestSuiteExecutor.java:91)
	at com.kms.katalon.core.main.TestCaseMain.startTestSuite(TestCaseMain.java:157)
	at com.kms.katalon.core.main.TestCaseMain$startTestSuite$0.call(Unknown Source)
	at TempTestSuite1576955103733.run(TempTestSuite1576955103733.groovy:36)
Caused by: com.kms.katalon.core.webui.exception.WebElementNotFoundException: Web element with id: 'Object Repository/Page_ Off-Topic - FirstTeam Mattermost/textarea_Edit the Channel Header_edit_textbox' located by 'By.xpath: //textarea[@id='edit_textbox']' not found
	at com.kms.katalon.core.webui.common.WebUiCommonHelper.findWebElement(WebUiCommonHelper.java:1154)
	at com.kms.katalon.core.webui.keyword.internal.WebUIAbstractKeyword.findWebElement(WebUIAbstractKeyword.groovy:27)
	at com.kms.katalon.core.webui.keyword.internal.WebUIAbstractKeyword.findWebElement(WebUIAbstractKeyword.groovy:26)
	at com.kms.katalon.core.webui.keyword.builtin.SetTextKeyword$_setText_closure1.doCall(SetTextKeyword.groovy:51)
	at com.kms.katalon.core.webui.keyword.builtin.SetTextKeyword$_setText_closure1.call(SetTextKeyword.groovy)
	at com.kms.katalon.core.webui.keyword.internal.WebUIKeywordMain.runKeyword(WebUIKeywordMain.groovy:20)
	at com.kms.katalon.core.webui.keyword.builtin.SetTextKeyword.setText(SetTextKeyword.groovy:66)
	at com.kms.katalon.core.webui.keyword.builtin.SetTextKeyword.execute(SetTextKeyword.groovy:37)
	at com.kms.katalon.core.keyword.internal.KeywordExecutor.executeKeywordForPlatform(KeywordExecutor.groovy:72)
	at com.kms.katalon.core.webui.keyword.WebUiBuiltInKeywords.setText(WebUiBuiltInKeywords.groovy:950)
	at com.kms.katalon.core.webui.keyword.WebUiBuiltInKeywords$setText$1.call(Unknown Source)
	at Script1576857885488.run(Script1576857885488.groovy:35)
	... 13 more
)
[[ATTACHMENT|D:\\Learning\\School\\2019-2020-HK1\\CS300\\CS300AutomaticWebTesting\\Reports\\20191222_020503\\Run All Test Cases\\20191222_020503\\1576956261210.png]]]]></system-out>
         <system-err><![CDATA[2019-12-22 02:22:25 - [TEST_CASE][FAILED] - Test Cases/TestCase24AddNewHeaderOnOff-TopicChannel: Test Cases/TestCase24AddNewHeaderOnOff-TopicChannel FAILED.
Reason:
com.kms.katalon.core.exception.StepFailedException: Unable to set text 'T' of object 'Object Repository/Page_ Off-Topic - FirstTeam Mattermost/textarea_Edit the Channel Header_edit_textbox'
	at com.kms.katalon.core.webui.keyword.internal.WebUIKeywordMain.stepFailed(WebUIKeywordMain.groovy:64)
	at com.kms.katalon.core.webui.keyword.internal.WebUIKeywordMain.runKeyword(WebUIKeywordMain.groovy:26)
	at com.kms.katalon.core.webui.keyword.builtin.SetTextKeyword.setText(SetTextKeyword.groovy:66)
	at com.kms.katalon.core.webui.keyword.builtin.SetTextKeyword.execute(SetTextKeyword.groovy:37)
	at com.kms.katalon.core.keyword.internal.KeywordExecutor.executeKeywordForPlatform(KeywordExecutor.groovy:72)
	at com.kms.katalon.core.webui.keyword.WebUiBuiltInKeywords.setText(WebUiBuiltInKeywords.groovy:950)
	at com.kms.katalon.core.webui.keyword.WebUiBuiltInKeywords$setText$1.call(Unknown Source)
	at TestCase24AddNewHeaderOnOff-TopicChannel.run(TestCase24AddNewHeaderOnOff-TopicChannel:35)
	at com.kms.katalon.core.main.ScriptEngine.run(ScriptEngine.java:194)
	at com.kms.katalon.core.main.ScriptEngine.runScriptAsRawText(ScriptEngine.java:119)
	at com.kms.katalon.core.main.TestCaseExecutor.runScript(TestCaseExecutor.java:337)
	at com.kms.katalon.core.main.TestCaseExecutor.doExecute(TestCaseExecutor.java:328)
	at com.kms.katalon.core.main.TestCaseExecutor.processExecutionPhase(TestCaseExecutor.java:307)
	at com.kms.katalon.core.main.TestCaseExecutor.accessMainPhase(TestCaseExecutor.java:299)
	at com.kms.katalon.core.main.TestCaseExecutor.execute(TestCaseExecutor.java:233)
	at com.kms.katalon.core.main.TestSuiteExecutor.accessTestCaseMainPhase(TestSuiteExecutor.java:169)
	at com.kms.katalon.core.main.TestSuiteExecutor.accessTestSuiteMainPhase(TestSuiteExecutor.java:142)
	at com.kms.katalon.core.main.TestSuiteExecutor.execute(TestSuiteExecutor.java:91)
	at com.kms.katalon.core.main.TestCaseMain.startTestSuite(TestCaseMain.java:157)
	at com.kms.katalon.core.main.TestCaseMain$startTestSuite$0.call(Unknown Source)
	at TempTestSuite1576955103733.run(TempTestSuite1576955103733.groovy:36)
Caused by: com.kms.katalon.core.webui.exception.WebElementNotFoundException: Web element with id: 'Object Repository/Page_ Off-Topic - FirstTeam Mattermost/textarea_Edit the Channel Header_edit_textbox' located by 'By.xpath: //textarea[@id='edit_textbox']' not found
	at com.kms.katalon.core.webui.common.WebUiCommonHelper.findWebElement(WebUiCommonHelper.java:1154)
	at com.kms.katalon.core.webui.keyword.internal.WebUIAbstractKeyword.findWebElement(WebUIAbstractKeyword.groovy:27)
	at com.kms.katalon.core.webui.keyword.internal.WebUIAbstractKeyword.findWebElement(WebUIAbstractKeyword.groovy:26)
	at com.kms.katalon.core.webui.keyword.builtin.SetTextKeyword$_setText_closure1.doCall(SetTextKeyword.groovy:51)
	at com.kms.katalon.core.webui.keyword.builtin.SetTextKeyword$_setText_closure1.call(SetTextKeyword.groovy)
	at com.kms.katalon.core.webui.keyword.internal.WebUIKeywordMain.runKeyword(WebUIKeywordMain.groovy:20)
	... 19 more]]></system-err>
      </testcase>
      <testcase name="Test Cases/TestCase25EditHeaderOnOff-TopicChannel" time="52.553" classname="Test Cases/TestCase25EditHeaderOnOff-TopicChannel" status="PASSED">
         <system-out><![CDATA[2019-12-22 02:24:21 - [TEST_CASE][PASSED] - Test Cases/TestCase25EditHeaderOnOff-TopicChannel: Test Cases/TestCase25EditHeaderOnOff-TopicChannel

2019-12-22 02:24:21 - [TEST_STEP][PASSED] - openBrowser(""): Browser is opened with url: ''

2019-12-22 02:24:21 - [MESSAGE][WARNING] - A browser is already opened. Closing browser and opening a new one

2019-12-22 02:24:23 - [MESSAGE][INFO] - Starting 'Firefox (headless)' driver

2019-12-22 02:24:26 - [MESSAGE][PASSED] - Browser is opened with url: ''

2019-12-22 02:24:26 - [TEST_STEP][PASSED] - navigateToUrl("https://cs300testautomatic.herokuapp.com/"): Navigate to 'https://cs300testautomatic.herokuapp.com/' successfully

2019-12-22 02:24:31 - [MESSAGE][PASSED] - Navigate to 'https://cs300testautomatic.herokuapp.com/' successfully

2019-12-22 02:24:31 - [TEST_STEP][PASSED] - setText(findTestObject("Page_Mattermost/input_All team communication in one place s_703ef5 (16)"), "giabeuu@gmail.com"): Text 'giabeuu@gmail.com' is set on object 'Object Repository/Page_Mattermost/input_All team communication in one place s_703ef5 (16)'

2019-12-22 02:24:36 - [MESSAGE][PASSED] - Text 'giabeuu@gmail.com' is set on object 'Object Repository/Page_Mattermost/input_All team communication in one place s_703ef5 (16)'

2019-12-22 02:24:36 - [TEST_STEP][PASSED] - setEncryptedText(findTestObject("Page_Mattermost/input_All team communication in one place s_2f2733 (16)"), "GoUae4B8Jrc="): Text ****** has been set on object 'Object Repository/Page_Mattermost/input_All team communication in one place s_2f2733 (16)'

2019-12-22 02:24:36 - [MESSAGE][PASSED] - Text ****** has been set on object 'Object Repository/Page_Mattermost/input_All team communication in one place s_2f2733 (16)'

2019-12-22 02:24:36 - [TEST_STEP][PASSED] - click(findTestObject("Page_Mattermost/button_Sign in (6)")): Object: 'Object Repository/Page_Mattermost/button_Sign in (6)' is clicked on

2019-12-22 02:24:36 - [MESSAGE][PASSED] - Object: 'Object Repository/Page_Mattermost/button_Sign in (6)' is clicked on

2019-12-22 02:24:36 - [TEST_STEP][PASSED] - click(findTestObject("Page_ Town Square - FirstTeam Mattermost/div_Fi (8)")): Object: 'Object Repository/Page_ Town Square - FirstTeam Mattermost/div_Fi (8)' is clicked on

2019-12-22 02:25:07 - [MESSAGE][INFO] - Unable to find the element located by 'By.xpath: //a[@id='firstteamTeamButton']/div/div/div'. Please recheck the objects properties to make sure the desired element is located. 

2019-12-22 02:25:07 - [MESSAGE][INFO] - [SMART_XPATH] Auto-trying out other XPath values in the test object.

2019-12-22 02:25:07 - [MESSAGE][INFO] - [SMART_XPATH] FAILED XPATH: '//a[@id='firstteamTeamButton']/div/div/div'.

2019-12-22 02:25:07 - [MESSAGE][INFO] - [SMART_XPATH] WORKING XPATH: '(.//*[normalize-space(text()) and normalize-space(.)='FirstTeam'])[1]/following::div[9]'.

2019-12-22 02:25:07 - [MESSAGE][INFO] - [SMART_XPATH] Screenshot: D:/Learning/School/2019-2020-HK1/CS300/CS300AutomaticWebTesting/Reports/smart_xpath/Object Repository/Page_ Town Square - FirstTeam Mattermost/div_Fi (8)_neighbor_17.png

2019-12-22 02:25:07 - [MESSAGE][INFO] - [SMART_XPATH] FAILED XPATH: '(.//*[normalize-space(text()) and normalize-space(.)='Fi'])[2]/preceding::div[1]'.

2019-12-22 02:25:07 - [MESSAGE][INFO] - [SMART_XPATH] WORKING XPATH: '(.//*[normalize-space(text()) and normalize-space(.)='Se'])[1]/preceding::div[5]'.

2019-12-22 02:25:08 - [MESSAGE][INFO] - [SMART_XPATH] Screenshot: D:/Learning/School/2019-2020-HK1/CS300/CS300AutomaticWebTesting/Reports/smart_xpath/Object Repository/Page_ Town Square - FirstTeam Mattermost/div_Fi (8)_neighbor_18.png

2019-12-22 02:25:08 - [MESSAGE][INFO] - [SMART_XPATH] WORKING XPATH: '//*/text()[normalize-space(.)='Fi']/parent::*'.

2019-12-22 02:25:08 - [MESSAGE][INFO] - [SMART_XPATH] Screenshot: D:/Learning/School/2019-2020-HK1/CS300/CS300AutomaticWebTesting/Reports/smart_xpath/Object Repository/Page_ Town Square - FirstTeam Mattermost/div_Fi (8)_neighbor_19.png

2019-12-22 02:25:08 - [MESSAGE][INFO] - [SMART_XPATH] WORKING XPATH: '//a/div/div/div'.

2019-12-22 02:25:08 - [MESSAGE][INFO] - [SMART_XPATH] Screenshot: D:/Learning/School/2019-2020-HK1/CS300/CS300AutomaticWebTesting/Reports/smart_xpath/Object Repository/Page_ Town Square - FirstTeam Mattermost/div_Fi (8)_position.png

2019-12-22 02:25:08 - [MESSAGE][ERROR] - [SMART_XPATH] D:\Learning\School\2019-2020-HK1\CS300\CS300AutomaticWebTesting\Reports\smart_xpath\waiting-for-approval.json (The system cannot find the file specified)

2019-12-22 02:25:08 - [MESSAGE][ERROR] - [SMART_XPATH] D:/Learning/School/2019-2020-HK1/CS300/CS300AutomaticWebTesting/Reports/smart_xpath/waiting-for-approval.json does not exist or is provided by Smart XPath Plugin!

2019-12-22 02:25:08 - [MESSAGE][INFO] - [SMART_XPATH] Selected Smart XPath: '(.//*[normalize-space(text()) and normalize-space(.)='FirstTeam'])[1]/following::div[9]'.

2019-12-22 02:25:08 - [MESSAGE][INFO] - [SMART_XPATH] Continuing executing the test case!

2019-12-22 02:25:08 - [MESSAGE][PASSED] - Object: 'Object Repository/Page_ Town Square - FirstTeam Mattermost/div_Fi (8)' is clicked on

2019-12-22 02:25:08 - [TEST_STEP][PASSED] - click(findTestObject("Page_ Town Square - FirstTeam Mattermost/span_Off-Topic (2)")): Object: 'Object Repository/Page_ Town Square - FirstTeam Mattermost/span_Off-Topic (2)' is clicked on

2019-12-22 02:25:09 - [MESSAGE][PASSED] - Object: 'Object Repository/Page_ Town Square - FirstTeam Mattermost/span_Off-Topic (2)' is clicked on

2019-12-22 02:25:09 - [TEST_STEP][PASSED] - click(findTestObject("Page_ Off-Topic - FirstTeam Mattermost/span_Off-Topic_channelHeaderDropdownIcon (1)")): Object: 'Object Repository/Page_ Off-Topic - FirstTeam Mattermost/span_Off-Topic_channelHeaderDropdownIcon (1)' is clicked on

2019-12-22 02:25:09 - [MESSAGE][PASSED] - Object: 'Object Repository/Page_ Off-Topic - FirstTeam Mattermost/span_Off-Topic_channelHeaderDropdownIcon (1)' is clicked on

2019-12-22 02:25:09 - [TEST_STEP][PASSED] - click(findTestObject("Page_ Off-Topic - FirstTeam Mattermost/button_Edit Channel Header (1)")): Object: 'Object Repository/Page_ Off-Topic - FirstTeam Mattermost/button_Edit Channel Header (1)' is clicked on

2019-12-22 02:25:10 - [MESSAGE][PASSED] - Object: 'Object Repository/Page_ Off-Topic - FirstTeam Mattermost/button_Edit Channel Header (1)' is clicked on

2019-12-22 02:25:10 - [TEST_STEP][PASSED] - setText(findTestObject("Object Repository/Page_ Off-Topic - FirstTeam Mattermost/textarea_Edited Header"), "E"): Text 'E' is set on object 'Object Repository/Page_ Off-Topic - FirstTeam Mattermost/textarea_Edited Header'

2019-12-22 02:25:10 - [MESSAGE][PASSED] - Text 'E' is set on object 'Object Repository/Page_ Off-Topic - FirstTeam Mattermost/textarea_Edited Header'

2019-12-22 02:25:10 - [TEST_STEP][PASSED] - setText(findTestObject("Page_ Off-Topic - FirstTeam Mattermost/textarea_E (1)"), "Ed"): Text 'Ed' is set on object 'Object Repository/Page_ Off-Topic - FirstTeam Mattermost/textarea_E (1)'

2019-12-22 02:25:10 - [MESSAGE][PASSED] - Text 'Ed' is set on object 'Object Repository/Page_ Off-Topic - FirstTeam Mattermost/textarea_E (1)'

2019-12-22 02:25:10 - [TEST_STEP][PASSED] - setText(findTestObject("Page_ Off-Topic - FirstTeam Mattermost/textarea_Ed (1)"), "Edi"): Text 'Edi' is set on object 'Object Repository/Page_ Off-Topic - FirstTeam Mattermost/textarea_Ed (1)'

2019-12-22 02:25:10 - [MESSAGE][PASSED] - Text 'Edi' is set on object 'Object Repository/Page_ Off-Topic - FirstTeam Mattermost/textarea_Ed (1)'

2019-12-22 02:25:10 - [TEST_STEP][PASSED] - setText(findTestObject("Page_ Off-Topic - FirstTeam Mattermost/textarea_Edi (1)"), "Edit"): Text 'Edit' is set on object 'Object Repository/Page_ Off-Topic - FirstTeam Mattermost/textarea_Edi (1)'

2019-12-22 02:25:10 - [MESSAGE][PASSED] - Text 'Edit' is set on object 'Object Repository/Page_ Off-Topic - FirstTeam Mattermost/textarea_Edi (1)'

2019-12-22 02:25:10 - [TEST_STEP][PASSED] - setText(findTestObject("Page_ Off-Topic - FirstTeam Mattermost/textarea_Edit (1)"), "Edite"): Text 'Edite' is set on object 'Object Repository/Page_ Off-Topic - FirstTeam Mattermost/textarea_Edit (1)'

2019-12-22 02:25:10 - [MESSAGE][PASSED] - Text 'Edite' is set on object 'Object Repository/Page_ Off-Topic - FirstTeam Mattermost/textarea_Edit (1)'

2019-12-22 02:25:10 - [TEST_STEP][PASSED] - setText(findTestObject("Page_ Off-Topic - FirstTeam Mattermost/textarea_Edite (1)"), "Edited"): Text 'Edited' is set on object 'Object Repository/Page_ Off-Topic - FirstTeam Mattermost/textarea_Edite (1)'

2019-12-22 02:25:11 - [MESSAGE][PASSED] - Text 'Edited' is set on object 'Object Repository/Page_ Off-Topic - FirstTeam Mattermost/textarea_Edite (1)'

2019-12-22 02:25:11 - [TEST_STEP][PASSED] - setText(findTestObject("Page_ Off-Topic - FirstTeam Mattermost/textarea_Edited (1)"), "Edited "): Text 'Edited ' is set on object 'Object Repository/Page_ Off-Topic - FirstTeam Mattermost/textarea_Edited (1)'

2019-12-22 02:25:11 - [MESSAGE][PASSED] - Text 'Edited ' is set on object 'Object Repository/Page_ Off-Topic - FirstTeam Mattermost/textarea_Edited (1)'

2019-12-22 02:25:11 - [TEST_STEP][PASSED] - setText(findTestObject("Page_ Off-Topic - FirstTeam Mattermost/textarea_Edited_1 (1)"), "Edited H"): Text 'Edited H' is set on object 'Object Repository/Page_ Off-Topic - FirstTeam Mattermost/textarea_Edited_1 (1)'

2019-12-22 02:25:11 - [MESSAGE][PASSED] - Text 'Edited H' is set on object 'Object Repository/Page_ Off-Topic - FirstTeam Mattermost/textarea_Edited_1 (1)'

2019-12-22 02:25:11 - [TEST_STEP][PASSED] - setText(findTestObject("Page_ Off-Topic - FirstTeam Mattermost/textarea_Edited H (1)"), "Edited He"): Text 'Edited He' is set on object 'Object Repository/Page_ Off-Topic - FirstTeam Mattermost/textarea_Edited H (1)'

2019-12-22 02:25:11 - [MESSAGE][PASSED] - Text 'Edited He' is set on object 'Object Repository/Page_ Off-Topic - FirstTeam Mattermost/textarea_Edited H (1)'

2019-12-22 02:25:11 - [TEST_STEP][PASSED] - setText(findTestObject("Page_ Off-Topic - FirstTeam Mattermost/textarea_Edited He (1)"), "Edited Hea"): Text 'Edited Hea' is set on object 'Object Repository/Page_ Off-Topic - FirstTeam Mattermost/textarea_Edited He (1)'

2019-12-22 02:25:11 - [MESSAGE][PASSED] - Text 'Edited Hea' is set on object 'Object Repository/Page_ Off-Topic - FirstTeam Mattermost/textarea_Edited He (1)'

2019-12-22 02:25:11 - [TEST_STEP][PASSED] - setText(findTestObject("Page_ Off-Topic - FirstTeam Mattermost/textarea_Edited Hea (1)"), "Edited Head"): Text 'Edited Head' is set on object 'Object Repository/Page_ Off-Topic - FirstTeam Mattermost/textarea_Edited Hea (1)'

2019-12-22 02:25:11 - [MESSAGE][PASSED] - Text 'Edited Head' is set on object 'Object Repository/Page_ Off-Topic - FirstTeam Mattermost/textarea_Edited Hea (1)'

2019-12-22 02:25:11 - [TEST_STEP][PASSED] - setText(findTestObject("Page_ Off-Topic - FirstTeam Mattermost/textarea_Edited Head (1)"), "Edited Heade"): Text 'Edited Heade' is set on object 'Object Repository/Page_ Off-Topic - FirstTeam Mattermost/textarea_Edited Head (1)'

2019-12-22 02:25:12 - [MESSAGE][PASSED] - Text 'Edited Heade' is set on object 'Object Repository/Page_ Off-Topic - FirstTeam Mattermost/textarea_Edited Head (1)'

2019-12-22 02:25:12 - [TEST_STEP][PASSED] - setText(findTestObject("Page_ Off-Topic - FirstTeam Mattermost/textarea_Edited Heade (1)"), "Edited Header"): Text 'Edited Header' is set on object 'Object Repository/Page_ Off-Topic - FirstTeam Mattermost/textarea_Edited Heade (1)'

2019-12-22 02:25:12 - [MESSAGE][PASSED] - Text 'Edited Header' is set on object 'Object Repository/Page_ Off-Topic - FirstTeam Mattermost/textarea_Edited Heade (1)'

2019-12-22 02:25:12 - [TEST_STEP][PASSED] - click(findTestObject("Page_ Off-Topic - FirstTeam Mattermost/button_Save (2)")): Object: 'Object Repository/Page_ Off-Topic - FirstTeam Mattermost/button_Save (2)' is clicked on

2019-12-22 02:25:12 - [MESSAGE][PASSED] - Object: 'Object Repository/Page_ Off-Topic - FirstTeam Mattermost/button_Save (2)' is clicked on

2019-12-22 02:25:12 - [TEST_STEP][PASSED] - closeBrowser(): Browser is closed

2019-12-22 02:25:13 - [MESSAGE][PASSED] - Browser is closed]]></system-out>
         <system-err><![CDATA[]]></system-err>
      </testcase>
      <testcase name="Test Cases/TestCase26RemoveHeaderOnOff-TopicChannel" time="49.642" classname="Test Cases/TestCase26RemoveHeaderOnOff-TopicChannel" status="PASSED">
         <system-out><![CDATA[2019-12-22 02:25:13 - [TEST_CASE][PASSED] - Test Cases/TestCase26RemoveHeaderOnOff-TopicChannel: Test Cases/TestCase26RemoveHeaderOnOff-TopicChannel

2019-12-22 02:25:14 - [TEST_STEP][PASSED] - openBrowser(""): Browser is opened with url: ''

2019-12-22 02:25:14 - [MESSAGE][INFO] - Starting 'Firefox (headless)' driver

2019-12-22 02:25:17 - [MESSAGE][PASSED] - Browser is opened with url: ''

2019-12-22 02:25:17 - [TEST_STEP][PASSED] - navigateToUrl("https://cs300testautomatic.herokuapp.com/"): Navigate to 'https://cs300testautomatic.herokuapp.com/' successfully

2019-12-22 02:25:22 - [MESSAGE][PASSED] - Navigate to 'https://cs300testautomatic.herokuapp.com/' successfully

2019-12-22 02:25:22 - [TEST_STEP][PASSED] - setText(findTestObject("Page_Mattermost/input_All team communication in one place s_703ef5 (26)"), "giabeuu@gmail.com"): Text 'giabeuu@gmail.com' is set on object 'Object Repository/Page_Mattermost/input_All team communication in one place s_703ef5 (26)'

2019-12-22 02:25:27 - [MESSAGE][PASSED] - Text 'giabeuu@gmail.com' is set on object 'Object Repository/Page_Mattermost/input_All team communication in one place s_703ef5 (26)'

2019-12-22 02:25:27 - [TEST_STEP][PASSED] - setEncryptedText(findTestObject("Page_Mattermost/input_All team communication in one place s_2f2733 (26)"), "GoUae4B8Jrc="): Text ****** has been set on object 'Object Repository/Page_Mattermost/input_All team communication in one place s_2f2733 (26)'

2019-12-22 02:25:27 - [MESSAGE][PASSED] - Text ****** has been set on object 'Object Repository/Page_Mattermost/input_All team communication in one place s_2f2733 (26)'

2019-12-22 02:25:27 - [TEST_STEP][PASSED] - click(findTestObject("Page_Mattermost/button_Sign in (15)")): Object: 'Object Repository/Page_Mattermost/button_Sign in (15)' is clicked on

2019-12-22 02:25:28 - [MESSAGE][PASSED] - Object: 'Object Repository/Page_Mattermost/button_Sign in (15)' is clicked on

2019-12-22 02:25:28 - [TEST_STEP][PASSED] - click(findTestObject("Page_ Town Square - FirstTeam Mattermost/div_Fi (11)")): Object: 'Object Repository/Page_ Town Square - FirstTeam Mattermost/div_Fi (11)' is clicked on

2019-12-22 02:25:59 - [MESSAGE][INFO] - Unable to find the element located by 'By.xpath: //a[@id='firstteamTeamButton']/div'. Please recheck the objects properties to make sure the desired element is located. 

2019-12-22 02:25:59 - [MESSAGE][INFO] - [SMART_XPATH] Auto-trying out other XPath values in the test object.

2019-12-22 02:25:59 - [MESSAGE][INFO] - [SMART_XPATH] FAILED XPATH: '//a[@id='firstteamTeamButton']/div'.

2019-12-22 02:25:59 - [MESSAGE][INFO] - [SMART_XPATH] WORKING XPATH: '(.//*[normalize-space(text()) and normalize-space(.)='FirstTeam'])[1]/following::div[7]'.

2019-12-22 02:25:59 - [MESSAGE][INFO] - [SMART_XPATH] Screenshot: D:/Learning/School/2019-2020-HK1/CS300/CS300AutomaticWebTesting/Reports/smart_xpath/Object Repository/Page_ Town Square - FirstTeam Mattermost/div_Fi (11)_neighbor_18.png

2019-12-22 02:25:59 - [MESSAGE][INFO] - [SMART_XPATH] FAILED XPATH: '(.//*[normalize-space(text()) and normalize-space(.)='Fi'])[2]/preceding::div[3]'.

2019-12-22 02:25:59 - [MESSAGE][INFO] - [SMART_XPATH] WORKING XPATH: '//a/div'.

2019-12-22 02:25:59 - [MESSAGE][INFO] - [SMART_XPATH] Screenshot: D:/Learning/School/2019-2020-HK1/CS300/CS300AutomaticWebTesting/Reports/smart_xpath/Object Repository/Page_ Town Square - FirstTeam Mattermost/div_Fi (11)_position.png

2019-12-22 02:25:59 - [MESSAGE][ERROR] - [SMART_XPATH] D:\Learning\School\2019-2020-HK1\CS300\CS300AutomaticWebTesting\Reports\smart_xpath\waiting-for-approval.json (The system cannot find the file specified)

2019-12-22 02:25:59 - [MESSAGE][ERROR] - [SMART_XPATH] D:/Learning/School/2019-2020-HK1/CS300/CS300AutomaticWebTesting/Reports/smart_xpath/waiting-for-approval.json does not exist or is provided by Smart XPath Plugin!

2019-12-22 02:25:59 - [MESSAGE][INFO] - [SMART_XPATH] Selected Smart XPath: '(.//*[normalize-space(text()) and normalize-space(.)='FirstTeam'])[1]/following::div[7]'.

2019-12-22 02:25:59 - [MESSAGE][INFO] - [SMART_XPATH] Continuing executing the test case!

2019-12-22 02:25:59 - [MESSAGE][PASSED] - Object: 'Object Repository/Page_ Town Square - FirstTeam Mattermost/div_Fi (11)' is clicked on

2019-12-22 02:25:59 - [TEST_STEP][PASSED] - click(findTestObject("Object Repository/Page_ Town Square - FirstTeam Mattermost/a_Off-Topic")): Object: 'Object Repository/Page_ Town Square - FirstTeam Mattermost/a_Off-Topic' is clicked on

2019-12-22 02:26:00 - [MESSAGE][PASSED] - Object: 'Object Repository/Page_ Town Square - FirstTeam Mattermost/a_Off-Topic' is clicked on

2019-12-22 02:26:00 - [TEST_STEP][PASSED] - click(findTestObject("Page_ Off-Topic - FirstTeam Mattermost/span_Off-Topic_channelHeaderDropdownIcon (2)")): Object: 'Object Repository/Page_ Off-Topic - FirstTeam Mattermost/span_Off-Topic_channelHeaderDropdownIcon (2)' is clicked on

2019-12-22 02:26:01 - [MESSAGE][PASSED] - Object: 'Object Repository/Page_ Off-Topic - FirstTeam Mattermost/span_Off-Topic_channelHeaderDropdownIcon (2)' is clicked on

2019-12-22 02:26:01 - [TEST_STEP][PASSED] - click(findTestObject("Page_ Off-Topic - FirstTeam Mattermost/button_Edit Channel Header (2)")): Object: 'Object Repository/Page_ Off-Topic - FirstTeam Mattermost/button_Edit Channel Header (2)' is clicked on

2019-12-22 02:26:01 - [MESSAGE][PASSED] - Object: 'Object Repository/Page_ Off-Topic - FirstTeam Mattermost/button_Edit Channel Header (2)' is clicked on

2019-12-22 02:26:01 - [TEST_STEP][PASSED] - setText(findTestObject("Page_ Off-Topic - FirstTeam Mattermost/textarea_Edited Header (1)"), ""): Text '' is set on object 'Object Repository/Page_ Off-Topic - FirstTeam Mattermost/textarea_Edited Header (1)'

2019-12-22 02:26:01 - [MESSAGE][PASSED] - Text '' is set on object 'Object Repository/Page_ Off-Topic - FirstTeam Mattermost/textarea_Edited Header (1)'

2019-12-22 02:26:01 - [TEST_STEP][PASSED] - click(findTestObject("Page_ Off-Topic - FirstTeam Mattermost/button_Save (3)")): Object: 'Object Repository/Page_ Off-Topic - FirstTeam Mattermost/button_Save (3)' is clicked on

2019-12-22 02:26:01 - [MESSAGE][PASSED] - Object: 'Object Repository/Page_ Off-Topic - FirstTeam Mattermost/button_Save (3)' is clicked on

2019-12-22 02:26:01 - [TEST_STEP][PASSED] - closeBrowser(): Browser is closed

2019-12-22 02:26:03 - [MESSAGE][PASSED] - Browser is closed]]></system-out>
         <system-err><![CDATA[]]></system-err>
      </testcase>
      <testcase name="Test Cases/TestCase27Add(Remove)Off-TopicChannelTo(From)Favorites" time="48.754" classname="Test Cases/TestCase27Add(Remove)Off-TopicChannelTo(From)Favorites" status="PASSED">
         <system-out><![CDATA[2019-12-22 02:26:03 - [TEST_CASE][PASSED] - Test Cases/TestCase27Add(Remove)Off-TopicChannelTo(From)Favorites: Test Cases/TestCase27Add(Remove)Off-TopicChannelTo(From)Favorites

2019-12-22 02:26:03 - [TEST_STEP][PASSED] - openBrowser(""): Browser is opened with url: ''

2019-12-22 02:26:03 - [MESSAGE][INFO] - Starting 'Firefox (headless)' driver

2019-12-22 02:26:07 - [MESSAGE][PASSED] - Browser is opened with url: ''

2019-12-22 02:26:07 - [TEST_STEP][PASSED] - navigateToUrl("https://cs300testautomatic.herokuapp.com/"): Navigate to 'https://cs300testautomatic.herokuapp.com/' successfully

2019-12-22 02:26:11 - [MESSAGE][PASSED] - Navigate to 'https://cs300testautomatic.herokuapp.com/' successfully

2019-12-22 02:26:11 - [TEST_STEP][PASSED] - setText(findTestObject("Page_Mattermost/input_All team communication in one place s_703ef5 (18)"), "giabeuu@gmail.com"): Text 'giabeuu@gmail.com' is set on object 'Object Repository/Page_Mattermost/input_All team communication in one place s_703ef5 (18)'

2019-12-22 02:26:17 - [MESSAGE][PASSED] - Text 'giabeuu@gmail.com' is set on object 'Object Repository/Page_Mattermost/input_All team communication in one place s_703ef5 (18)'

2019-12-22 02:26:17 - [TEST_STEP][PASSED] - setEncryptedText(findTestObject("Page_Mattermost/input_All team communication in one place s_2f2733 (18)"), "GoUae4B8Jrc="): Text ****** has been set on object 'Object Repository/Page_Mattermost/input_All team communication in one place s_2f2733 (18)'

2019-12-22 02:26:17 - [MESSAGE][PASSED] - Text ****** has been set on object 'Object Repository/Page_Mattermost/input_All team communication in one place s_2f2733 (18)'

2019-12-22 02:26:17 - [TEST_STEP][PASSED] - click(findTestObject("Page_Mattermost/button_Sign in (8)")): Object: 'Object Repository/Page_Mattermost/button_Sign in (8)' is clicked on

2019-12-22 02:26:17 - [MESSAGE][PASSED] - Object: 'Object Repository/Page_Mattermost/button_Sign in (8)' is clicked on

2019-12-22 02:26:17 - [TEST_STEP][PASSED] - click(findTestObject("Page_ Town Square - FirstTeam Mattermost/div_Fi (10)")): Object: 'Object Repository/Page_ Town Square - FirstTeam Mattermost/div_Fi (10)' is clicked on

2019-12-22 02:26:48 - [MESSAGE][INFO] - Unable to find the element located by 'By.xpath: //a[@id='firstteamTeamButton']/div/div/div'. Please recheck the objects properties to make sure the desired element is located. 

2019-12-22 02:26:48 - [MESSAGE][INFO] - [SMART_XPATH] Auto-trying out other XPath values in the test object.

2019-12-22 02:26:48 - [MESSAGE][INFO] - [SMART_XPATH] FAILED XPATH: '//a[@id='firstteamTeamButton']/div/div/div'.

2019-12-22 02:26:48 - [MESSAGE][INFO] - [SMART_XPATH] WORKING XPATH: '(.//*[normalize-space(text()) and normalize-space(.)='FirstTeam'])[1]/following::div[9]'.

2019-12-22 02:26:48 - [MESSAGE][INFO] - [SMART_XPATH] Screenshot: D:/Learning/School/2019-2020-HK1/CS300/CS300AutomaticWebTesting/Reports/smart_xpath/Object Repository/Page_ Town Square - FirstTeam Mattermost/div_Fi (10)_neighbor_19.png

2019-12-22 02:26:48 - [MESSAGE][INFO] - [SMART_XPATH] FAILED XPATH: '(.//*[normalize-space(text()) and normalize-space(.)='Fi'])[2]/preceding::div[1]'.

2019-12-22 02:26:48 - [MESSAGE][INFO] - [SMART_XPATH] WORKING XPATH: '(.//*[normalize-space(text()) and normalize-space(.)='Se'])[1]/preceding::div[5]'.

2019-12-22 02:26:49 - [MESSAGE][INFO] - [SMART_XPATH] Screenshot: D:/Learning/School/2019-2020-HK1/CS300/CS300AutomaticWebTesting/Reports/smart_xpath/Object Repository/Page_ Town Square - FirstTeam Mattermost/div_Fi (10)_neighbor_20.png

2019-12-22 02:26:49 - [MESSAGE][INFO] - [SMART_XPATH] WORKING XPATH: '//*/text()[normalize-space(.)='Fi']/parent::*'.

2019-12-22 02:26:49 - [MESSAGE][INFO] - [SMART_XPATH] Screenshot: D:/Learning/School/2019-2020-HK1/CS300/CS300AutomaticWebTesting/Reports/smart_xpath/Object Repository/Page_ Town Square - FirstTeam Mattermost/div_Fi (10)_neighbor_21.png

2019-12-22 02:26:49 - [MESSAGE][INFO] - [SMART_XPATH] WORKING XPATH: '//a/div/div/div'.

2019-12-22 02:26:49 - [MESSAGE][INFO] - [SMART_XPATH] Screenshot: D:/Learning/School/2019-2020-HK1/CS300/CS300AutomaticWebTesting/Reports/smart_xpath/Object Repository/Page_ Town Square - FirstTeam Mattermost/div_Fi (10)_position.png

2019-12-22 02:26:49 - [MESSAGE][ERROR] - [SMART_XPATH] D:\Learning\School\2019-2020-HK1\CS300\CS300AutomaticWebTesting\Reports\smart_xpath\waiting-for-approval.json (The system cannot find the file specified)

2019-12-22 02:26:49 - [MESSAGE][ERROR] - [SMART_XPATH] D:/Learning/School/2019-2020-HK1/CS300/CS300AutomaticWebTesting/Reports/smart_xpath/waiting-for-approval.json does not exist or is provided by Smart XPath Plugin!

2019-12-22 02:26:49 - [MESSAGE][INFO] - [SMART_XPATH] Selected Smart XPath: '(.//*[normalize-space(text()) and normalize-space(.)='FirstTeam'])[1]/following::div[9]'.

2019-12-22 02:26:49 - [MESSAGE][INFO] - [SMART_XPATH] Continuing executing the test case!

2019-12-22 02:26:49 - [MESSAGE][PASSED] - Object: 'Object Repository/Page_ Town Square - FirstTeam Mattermost/div_Fi (10)' is clicked on

2019-12-22 02:26:49 - [TEST_STEP][PASSED] - click(findTestObject("Page_ Town Square - FirstTeam Mattermost/span_Off-Topic (4)")): Object: 'Object Repository/Page_ Town Square - FirstTeam Mattermost/span_Off-Topic (4)' is clicked on

2019-12-22 02:26:50 - [MESSAGE][PASSED] - Object: 'Object Repository/Page_ Town Square - FirstTeam Mattermost/span_Off-Topic (4)' is clicked on

2019-12-22 02:26:50 - [TEST_STEP][PASSED] - click(findTestObject("Object Repository/Page_ Off-Topic - FirstTeam Mattermost/i_Drop a file to upload it_icon fa fa-star")): Object: 'Object Repository/Page_ Off-Topic - FirstTeam Mattermost/i_Drop a file to upload it_icon fa fa-star' is clicked on

2019-12-22 02:26:51 - [MESSAGE][PASSED] - Object: 'Object Repository/Page_ Off-Topic - FirstTeam Mattermost/i_Drop a file to upload it_icon fa fa-star' is clicked on

2019-12-22 02:26:51 - [TEST_STEP][PASSED] - closeBrowser(): Browser is closed

2019-12-22 02:26:52 - [MESSAGE][PASSED] - Browser is closed]]></system-out>
         <system-err><![CDATA[]]></system-err>
      </testcase>
      <testcase name="Test Cases/TestCase28CreateMoreTeam(NewTeamTesting)" time="184.012" classname="Test Cases/TestCase28CreateMoreTeam(NewTeamTesting)" status="PASSED">
         <system-out><![CDATA[2019-12-22 02:26:52 - [TEST_CASE][PASSED] - Test Cases/TestCase28CreateMoreTeam(NewTeamTesting): Test Cases/TestCase28CreateMoreTeam(NewTeamTesting)

2019-12-22 02:26:52 - [TEST_STEP][PASSED] - openBrowser(""): Browser is opened with url: ''

2019-12-22 02:26:52 - [MESSAGE][INFO] - Starting 'Firefox (headless)' driver

2019-12-22 02:26:55 - [MESSAGE][PASSED] - Browser is opened with url: ''

2019-12-22 02:26:55 - [TEST_STEP][PASSED] - navigateToUrl("https://cs300testautomatic.herokuapp.com/"): Navigate to 'https://cs300testautomatic.herokuapp.com/' successfully

2019-12-22 02:27:05 - [MESSAGE][PASSED] - Navigate to 'https://cs300testautomatic.herokuapp.com/' successfully

2019-12-22 02:27:05 - [TEST_STEP][PASSED] - setText(findTestObject("Page_Mattermost/input_All team communication in one place s_703ef5 (19)"), "giabeuu@gmail.com"): Text 'giabeuu@gmail.com' is set on object 'Object Repository/Page_Mattermost/input_All team communication in one place s_703ef5 (19)'

2019-12-22 02:27:12 - [MESSAGE][PASSED] - Text 'giabeuu@gmail.com' is set on object 'Object Repository/Page_Mattermost/input_All team communication in one place s_703ef5 (19)'

2019-12-22 02:27:12 - [TEST_STEP][PASSED] - setEncryptedText(findTestObject("Page_Mattermost/input_All team communication in one place s_2f2733 (19)"), "GoUae4B8Jrc="): Text ****** has been set on object 'Object Repository/Page_Mattermost/input_All team communication in one place s_2f2733 (19)'

2019-12-22 02:27:12 - [MESSAGE][PASSED] - Text ****** has been set on object 'Object Repository/Page_Mattermost/input_All team communication in one place s_2f2733 (19)'

2019-12-22 02:27:12 - [TEST_STEP][PASSED] - click(findTestObject("Page_Mattermost/button_Sign in (9)")): Object: 'Object Repository/Page_Mattermost/button_Sign in (9)' is clicked on

2019-12-22 02:27:13 - [MESSAGE][PASSED] - Object: 'Object Repository/Page_Mattermost/button_Sign in (9)' is clicked on

2019-12-22 02:27:13 - [TEST_STEP][PASSED] - click(findTestObject("Page_ Town Square - FirstTeam Mattermost/svg (2)")): Object: 'Object Repository/Page_ Town Square - FirstTeam Mattermost/svg (2)' is clicked on

2019-12-22 02:27:17 - [MESSAGE][PASSED] - Object: 'Object Repository/Page_ Town Square - FirstTeam Mattermost/svg (2)' is clicked on

2019-12-22 02:27:17 - [TEST_STEP][PASSED] - click(findTestObject("Page_ Town Square - FirstTeam Mattermost/a_Create a New Team (1)")): Object: 'Object Repository/Page_ Town Square - FirstTeam Mattermost/a_Create a New Team (1)' is clicked on

2019-12-22 02:27:18 - [MESSAGE][PASSED] - Object: 'Object Repository/Page_ Town Square - FirstTeam Mattermost/a_Create a New Team (1)' is clicked on

2019-12-22 02:27:18 - [TEST_STEP][PASSED] - setText(findTestObject("Page_ Town Square - FirstTeam Mattermost/input_Team Name_teamNameInput (1)"), "NewTeamTesting"): Text 'NewTeamTesting' is set on object 'Object Repository/Page_ Town Square - FirstTeam Mattermost/input_Team Name_teamNameInput (1)'

2019-12-22 02:27:49 - [MESSAGE][INFO] - Unable to find the element located by 'By.xpath: //input[@id='teamNameInput']'. Please recheck the objects properties to make sure the desired element is located. 

2019-12-22 02:27:49 - [MESSAGE][INFO] - [SMART_XPATH] Auto-trying out other XPath values in the test object.

2019-12-22 02:27:49 - [MESSAGE][INFO] - [SMART_XPATH] FAILED XPATH: '//input[@id='teamNameInput']'.

2019-12-22 02:27:49 - [MESSAGE][INFO] - [SMART_XPATH] FAILED XPATH: '//div[@id='root']/div/div/div/div[3]/div/div/div/form/div/div/div/input'.

2019-12-22 02:27:49 - [MESSAGE][INFO] - [SMART_XPATH] WORKING XPATH: '//input'.

2019-12-22 02:27:49 - [MESSAGE][INFO] - [SMART_XPATH] Screenshot: D:/Learning/School/2019-2020-HK1/CS300/CS300AutomaticWebTesting/Reports/smart_xpath/Object Repository/Page_ Town Square - FirstTeam Mattermost/input_Team Name_teamNameInput (1)_position.png

2019-12-22 02:27:49 - [MESSAGE][ERROR] - [SMART_XPATH] D:\Learning\School\2019-2020-HK1\CS300\CS300AutomaticWebTesting\Reports\smart_xpath\waiting-for-approval.json (The system cannot find the file specified)

2019-12-22 02:27:49 - [MESSAGE][ERROR] - [SMART_XPATH] D:/Learning/School/2019-2020-HK1/CS300/CS300AutomaticWebTesting/Reports/smart_xpath/waiting-for-approval.json does not exist or is provided by Smart XPath Plugin!

2019-12-22 02:27:49 - [MESSAGE][INFO] - [SMART_XPATH] Selected Smart XPath: '//input'.

2019-12-22 02:27:49 - [MESSAGE][INFO] - [SMART_XPATH] Continuing executing the test case!

2019-12-22 02:27:50 - [MESSAGE][PASSED] - Text 'NewTeamTesting' is set on object 'Object Repository/Page_ Town Square - FirstTeam Mattermost/input_Team Name_teamNameInput (1)'

2019-12-22 02:27:50 - [TEST_STEP][PASSED] - click(findTestObject("Object Repository/Page_ Town Square - FirstTeam Mattermost/button_Next")): Object: 'Object Repository/Page_ Town Square - FirstTeam Mattermost/button_Next' is clicked on

2019-12-22 02:28:21 - [MESSAGE][INFO] - Unable to find the element located by 'By.xpath: //button[@id='teamNameNextButton']'. Please recheck the objects properties to make sure the desired element is located. 

2019-12-22 02:28:21 - [MESSAGE][INFO] - [SMART_XPATH] Auto-trying out other XPath values in the test object.

2019-12-22 02:28:21 - [MESSAGE][INFO] - [SMART_XPATH] FAILED XPATH: '//button[@id='teamNameNextButton']'.

2019-12-22 02:28:21 - [MESSAGE][INFO] - [SMART_XPATH] FAILED XPATH: '//div[@id='root']/div/div/div/div[3]/div/div/div/form/button'.

2019-12-22 02:28:21 - [MESSAGE][INFO] - [SMART_XPATH] FAILED XPATH: '(.//*[normalize-space(text()) and normalize-space(.)='Name your team in any language. Your team name shows in menus and headings.'])[1]/following::button[1]'.

2019-12-22 02:28:21 - [MESSAGE][INFO] - [SMART_XPATH] FAILED XPATH: '(.//*[normalize-space(text()) and normalize-space(.)='Team Name'])[1]/following::button[1]'.

2019-12-22 02:28:21 - [MESSAGE][INFO] - [SMART_XPATH] FAILED XPATH: '(.//*[normalize-space(text()) and normalize-space(.)='Mattermost'])[2]/preceding::button[1]'.

2019-12-22 02:28:21 - [MESSAGE][INFO] - [SMART_XPATH] WORKING XPATH: '//button'.

2019-12-22 02:28:21 - [MESSAGE][INFO] - [SMART_XPATH] Screenshot: D:/Learning/School/2019-2020-HK1/CS300/CS300AutomaticWebTesting/Reports/smart_xpath/Object Repository/Page_ Town Square - FirstTeam Mattermost/button_Next_position.png

2019-12-22 02:28:21 - [MESSAGE][ERROR] - [SMART_XPATH] D:\Learning\School\2019-2020-HK1\CS300\CS300AutomaticWebTesting\Reports\smart_xpath\waiting-for-approval.json (The system cannot find the file specified)

2019-12-22 02:28:21 - [MESSAGE][ERROR] - [SMART_XPATH] D:/Learning/School/2019-2020-HK1/CS300/CS300AutomaticWebTesting/Reports/smart_xpath/waiting-for-approval.json does not exist or is provided by Smart XPath Plugin!

2019-12-22 02:28:21 - [MESSAGE][INFO] - [SMART_XPATH] Selected Smart XPath: '//button'.

2019-12-22 02:28:21 - [MESSAGE][INFO] - [SMART_XPATH] Continuing executing the test case!

2019-12-22 02:28:21 - [MESSAGE][PASSED] - Object: 'Object Repository/Page_ Town Square - FirstTeam Mattermost/button_Next' is clicked on

2019-12-22 02:28:21 - [TEST_STEP][PASSED] - click(findTestObject("Object Repository/Page_ Town Square - FirstTeam Mattermost/input_httpscs300testautomaticherokuappcom_t_44e657")): Object: 'Object Repository/Page_ Town Square - FirstTeam Mattermost/input_httpscs300testautomaticherokuappcom_t_44e657' is clicked on

2019-12-22 02:28:52 - [MESSAGE][INFO] - Unable to find the element located by 'By.xpath: //input[@id='teamURLInput']'. Please recheck the objects properties to make sure the desired element is located. 

2019-12-22 02:28:52 - [MESSAGE][INFO] - [SMART_XPATH] Auto-trying out other XPath values in the test object.

2019-12-22 02:28:52 - [MESSAGE][INFO] - [SMART_XPATH] FAILED XPATH: '//input[@id='teamURLInput']'.

2019-12-22 02:28:52 - [MESSAGE][INFO] - [SMART_XPATH] FAILED XPATH: '//div[@id='root']/div/div/div/div[3]/div/div/div/form/div/div/div/div/input'.

2019-12-22 02:28:52 - [MESSAGE][INFO] - [SMART_XPATH] WORKING XPATH: '//input'.

2019-12-22 02:28:52 - [MESSAGE][INFO] - [SMART_XPATH] Screenshot: D:/Learning/School/2019-2020-HK1/CS300/CS300AutomaticWebTesting/Reports/smart_xpath/Object Repository/Page_ Town Square - FirstTeam Mattermost/input_httpscs300testautomaticherokuappcom_t_44e657_position.png

2019-12-22 02:28:52 - [MESSAGE][ERROR] - [SMART_XPATH] D:\Learning\School\2019-2020-HK1\CS300\CS300AutomaticWebTesting\Reports\smart_xpath\waiting-for-approval.json (The system cannot find the file specified)

2019-12-22 02:28:52 - [MESSAGE][ERROR] - [SMART_XPATH] D:/Learning/School/2019-2020-HK1/CS300/CS300AutomaticWebTesting/Reports/smart_xpath/waiting-for-approval.json does not exist or is provided by Smart XPath Plugin!

2019-12-22 02:28:52 - [MESSAGE][INFO] - [SMART_XPATH] Selected Smart XPath: '//input'.

2019-12-22 02:28:52 - [MESSAGE][INFO] - [SMART_XPATH] Continuing executing the test case!

2019-12-22 02:28:52 - [MESSAGE][PASSED] - Object: 'Object Repository/Page_ Town Square - FirstTeam Mattermost/input_httpscs300testautomaticherokuappcom_t_44e657' is clicked on

2019-12-22 02:28:52 - [TEST_STEP][PASSED] - setText(findTestObject("Object Repository/Page_ Town Square - FirstTeam Mattermost/input_httpscs300testautomaticherokuappcom_t_44e657"), "newteamtesting"): Text 'newteamtesting' is set on object 'Object Repository/Page_ Town Square - FirstTeam Mattermost/input_httpscs300testautomaticherokuappcom_t_44e657'

2019-12-22 02:29:23 - [MESSAGE][INFO] - Unable to find the element located by 'By.xpath: //input[@id='teamURLInput']'. Please recheck the objects properties to make sure the desired element is located. 

2019-12-22 02:29:23 - [MESSAGE][INFO] - [SMART_XPATH] Auto-trying out other XPath values in the test object.

2019-12-22 02:29:23 - [MESSAGE][INFO] - [SMART_XPATH] FAILED XPATH: '//input[@id='teamURLInput']'.

2019-12-22 02:29:23 - [MESSAGE][INFO] - [SMART_XPATH] FAILED XPATH: '//div[@id='root']/div/div/div/div[3]/div/div/div/form/div/div/div/div/input'.

2019-12-22 02:29:23 - [MESSAGE][INFO] - [SMART_XPATH] WORKING XPATH: '//input'.

2019-12-22 02:29:23 - [MESSAGE][INFO] - [SMART_XPATH] Screenshot: D:/Learning/School/2019-2020-HK1/CS300/CS300AutomaticWebTesting/Reports/smart_xpath/Object Repository/Page_ Town Square - FirstTeam Mattermost/input_httpscs300testautomaticherokuappcom_t_44e657_position.png

2019-12-22 02:29:23 - [MESSAGE][ERROR] - [SMART_XPATH] D:\Learning\School\2019-2020-HK1\CS300\CS300AutomaticWebTesting\Reports\smart_xpath\waiting-for-approval.json (The system cannot find the file specified)

2019-12-22 02:29:23 - [MESSAGE][ERROR] - [SMART_XPATH] D:/Learning/School/2019-2020-HK1/CS300/CS300AutomaticWebTesting/Reports/smart_xpath/waiting-for-approval.json does not exist or is provided by Smart XPath Plugin!

2019-12-22 02:29:23 - [MESSAGE][INFO] - [SMART_XPATH] Selected Smart XPath: '//input'.

2019-12-22 02:29:23 - [MESSAGE][INFO] - [SMART_XPATH] Continuing executing the test case!

2019-12-22 02:29:24 - [MESSAGE][PASSED] - Text 'newteamtesting' is set on object 'Object Repository/Page_ Town Square - FirstTeam Mattermost/input_httpscs300testautomaticherokuappcom_t_44e657'

2019-12-22 02:29:24 - [TEST_STEP][PASSED] - click(findTestObject("Page_ Town Square - FirstTeam Mattermost/button_Finish (1)")): Object: 'Object Repository/Page_ Town Square - FirstTeam Mattermost/button_Finish (1)' is clicked on

2019-12-22 02:29:55 - [MESSAGE][INFO] - Unable to find the element located by 'By.xpath: //button[@id='teamURLFinishButton']'. Please recheck the objects properties to make sure the desired element is located. 

2019-12-22 02:29:55 - [MESSAGE][INFO] - [SMART_XPATH] Auto-trying out other XPath values in the test object.

2019-12-22 02:29:55 - [MESSAGE][INFO] - [SMART_XPATH] FAILED XPATH: '//button[@id='teamURLFinishButton']'.

2019-12-22 02:29:55 - [MESSAGE][INFO] - [SMART_XPATH] FAILED XPATH: '//div[@id='root']/div/div/div/div[3]/div/div/div/form/div[2]/button'.

2019-12-22 02:29:55 - [MESSAGE][INFO] - [SMART_XPATH] FAILED XPATH: '(.//*[normalize-space(text()) and normalize-space(.)=concat('Must start with a letter and can', "'", 't end in a dash')])[1]/following::button[1]'.

2019-12-22 02:29:55 - [MESSAGE][INFO] - [SMART_XPATH] FAILED XPATH: '(.//*[normalize-space(text()) and normalize-space(.)='Use lowercase letters, numbers and dashes'])[1]/following::button[1]'.

2019-12-22 02:29:55 - [MESSAGE][INFO] - [SMART_XPATH] FAILED XPATH: '(.//*[normalize-space(text()) and normalize-space(.)='Back to previous step'])[1]/preceding::button[1]'.

2019-12-22 02:29:55 - [MESSAGE][INFO] - [SMART_XPATH] WORKING XPATH: '//button'.

2019-12-22 02:29:55 - [MESSAGE][INFO] - [SMART_XPATH] Screenshot: D:/Learning/School/2019-2020-HK1/CS300/CS300AutomaticWebTesting/Reports/smart_xpath/Object Repository/Page_ Town Square - FirstTeam Mattermost/button_Finish (1)_position.png

2019-12-22 02:29:55 - [MESSAGE][ERROR] - [SMART_XPATH] D:\Learning\School\2019-2020-HK1\CS300\CS300AutomaticWebTesting\Reports\smart_xpath\waiting-for-approval.json (The system cannot find the file specified)

2019-12-22 02:29:55 - [MESSAGE][ERROR] - [SMART_XPATH] D:/Learning/School/2019-2020-HK1/CS300/CS300AutomaticWebTesting/Reports/smart_xpath/waiting-for-approval.json does not exist or is provided by Smart XPath Plugin!

2019-12-22 02:29:55 - [MESSAGE][INFO] - [SMART_XPATH] Selected Smart XPath: '//button'.

2019-12-22 02:29:55 - [MESSAGE][INFO] - [SMART_XPATH] Continuing executing the test case!

2019-12-22 02:29:55 - [MESSAGE][PASSED] - Object: 'Object Repository/Page_ Town Square - FirstTeam Mattermost/button_Finish (1)' is clicked on

2019-12-22 02:29:55 - [TEST_STEP][PASSED] - closeBrowser(): Browser is closed

2019-12-22 02:29:56 - [MESSAGE][PASSED] - Browser is closed]]></system-out>
         <system-err><![CDATA[]]></system-err>
      </testcase>
      <testcase name="Test Cases/TestCase29LeaveTeam(NewTeamTesting)" time="17.038" classname="Test Cases/TestCase29LeaveTeam(NewTeamTesting)" status="PASSED">
         <system-out><![CDATA[2019-12-22 02:29:56 - [TEST_CASE][PASSED] - Test Cases/TestCase29LeaveTeam(NewTeamTesting): Test Cases/TestCase29LeaveTeam(NewTeamTesting)

2019-12-22 02:29:56 - [TEST_STEP][PASSED] - openBrowser(""): Browser is opened with url: ''

2019-12-22 02:29:56 - [MESSAGE][INFO] - Starting 'Firefox (headless)' driver

2019-12-22 02:29:59 - [MESSAGE][PASSED] - Browser is opened with url: ''

2019-12-22 02:29:59 - [TEST_STEP][PASSED] - navigateToUrl("https://cs300testautomatic.herokuapp.com/"): Navigate to 'https://cs300testautomatic.herokuapp.com/' successfully

2019-12-22 02:30:04 - [MESSAGE][PASSED] - Navigate to 'https://cs300testautomatic.herokuapp.com/' successfully

2019-12-22 02:30:04 - [TEST_STEP][PASSED] - setText(findTestObject("Page_Mattermost/input_All team communication in one place s_703ef5 (20)"), "giabeuu@gmail.com"): Text 'giabeuu@gmail.com' is set on object 'Object Repository/Page_Mattermost/input_All team communication in one place s_703ef5 (20)'

2019-12-22 02:30:07 - [MESSAGE][PASSED] - Text 'giabeuu@gmail.com' is set on object 'Object Repository/Page_Mattermost/input_All team communication in one place s_703ef5 (20)'

2019-12-22 02:30:07 - [TEST_STEP][PASSED] - setEncryptedText(findTestObject("Page_Mattermost/input_All team communication in one place s_2f2733 (20)"), "GoUae4B8Jrc="): Text ****** has been set on object 'Object Repository/Page_Mattermost/input_All team communication in one place s_2f2733 (20)'

2019-12-22 02:30:07 - [MESSAGE][PASSED] - Text ****** has been set on object 'Object Repository/Page_Mattermost/input_All team communication in one place s_2f2733 (20)'

2019-12-22 02:30:07 - [TEST_STEP][PASSED] - click(findTestObject("Page_Mattermost/button_Sign in (10)")): Object: 'Object Repository/Page_Mattermost/button_Sign in (10)' is clicked on

2019-12-22 02:30:08 - [MESSAGE][PASSED] - Object: 'Object Repository/Page_Mattermost/button_Sign in (10)' is clicked on

2019-12-22 02:30:08 - [TEST_STEP][PASSED] - click(findTestObject("Object Repository/Page_ Town Square - FirstTeam Mattermost/div_Ne")): Object: 'Object Repository/Page_ Town Square - FirstTeam Mattermost/div_Ne' is clicked on

2019-12-22 02:30:10 - [MESSAGE][PASSED] - Object: 'Object Repository/Page_ Town Square - FirstTeam Mattermost/div_Ne' is clicked on

2019-12-22 02:30:10 - [TEST_STEP][PASSED] - click(findTestObject("Object Repository/Page_ Town Square - NewTeamTesting Mattermost/svg")): Object: 'Object Repository/Page_ Town Square - NewTeamTesting Mattermost/svg' is clicked on

2019-12-22 02:30:11 - [MESSAGE][PASSED] - Object: 'Object Repository/Page_ Town Square - NewTeamTesting Mattermost/svg' is clicked on

2019-12-22 02:30:11 - [TEST_STEP][PASSED] - click(findTestObject("Object Repository/Page_ Town Square - NewTeamTesting Mattermost/button_Leave Team")): Object: 'Object Repository/Page_ Town Square - NewTeamTesting Mattermost/button_Leave Team' is clicked on

2019-12-22 02:30:11 - [MESSAGE][PASSED] - Object: 'Object Repository/Page_ Town Square - NewTeamTesting Mattermost/button_Leave Team' is clicked on

2019-12-22 02:30:11 - [TEST_STEP][PASSED] - click(findTestObject("Object Repository/Page_ Town Square - NewTeamTesting Mattermost/button_Yes")): Object: 'Object Repository/Page_ Town Square - NewTeamTesting Mattermost/button_Yes' is clicked on

2019-12-22 02:30:11 - [MESSAGE][PASSED] - Object: 'Object Repository/Page_ Town Square - NewTeamTesting Mattermost/button_Yes' is clicked on

2019-12-22 02:30:11 - [TEST_STEP][PASSED] - closeBrowser(): Browser is closed

2019-12-22 02:30:13 - [MESSAGE][PASSED] - Browser is closed]]></system-out>
         <system-err><![CDATA[]]></system-err>
      </testcase>
      <testcase name="Test Cases/TestCase30JoinAnotherTeam(NewTeamTesting)" time="18.707" classname="Test Cases/TestCase30JoinAnotherTeam(NewTeamTesting)" status="PASSED">
         <system-out><![CDATA[2019-12-22 02:30:13 - [TEST_CASE][PASSED] - Test Cases/TestCase30JoinAnotherTeam(NewTeamTesting): Test Cases/TestCase30JoinAnotherTeam(NewTeamTesting)

2019-12-22 02:30:13 - [TEST_STEP][PASSED] - openBrowser(""): Browser is opened with url: ''

2019-12-22 02:30:13 - [MESSAGE][INFO] - Starting 'Firefox (headless)' driver

2019-12-22 02:30:17 - [MESSAGE][PASSED] - Browser is opened with url: ''

2019-12-22 02:30:17 - [TEST_STEP][PASSED] - navigateToUrl("https://cs300testautomatic.herokuapp.com/"): Navigate to 'https://cs300testautomatic.herokuapp.com/' successfully

2019-12-22 02:30:22 - [MESSAGE][PASSED] - Navigate to 'https://cs300testautomatic.herokuapp.com/' successfully

2019-12-22 02:30:22 - [TEST_STEP][PASSED] - setText(findTestObject("Page_Mattermost/input_All team communication in one place s_703ef5 (21)"), "giabeuu@gmail.com"): Text 'giabeuu@gmail.com' is set on object 'Object Repository/Page_Mattermost/input_All team communication in one place s_703ef5 (21)'

2019-12-22 02:30:26 - [MESSAGE][PASSED] - Text 'giabeuu@gmail.com' is set on object 'Object Repository/Page_Mattermost/input_All team communication in one place s_703ef5 (21)'

2019-12-22 02:30:26 - [TEST_STEP][PASSED] - setEncryptedText(findTestObject("Page_Mattermost/input_All team communication in one place s_2f2733 (21)"), "GoUae4B8Jrc="): Text ****** has been set on object 'Object Repository/Page_Mattermost/input_All team communication in one place s_2f2733 (21)'

2019-12-22 02:30:26 - [MESSAGE][PASSED] - Text ****** has been set on object 'Object Repository/Page_Mattermost/input_All team communication in one place s_2f2733 (21)'

2019-12-22 02:30:26 - [TEST_STEP][PASSED] - click(findTestObject("Page_Mattermost/button_Sign in (11)")): Object: 'Object Repository/Page_Mattermost/button_Sign in (11)' is clicked on

2019-12-22 02:30:27 - [MESSAGE][PASSED] - Object: 'Object Repository/Page_Mattermost/button_Sign in (11)' is clicked on

2019-12-22 02:30:27 - [TEST_STEP][PASSED] - click(findTestObject("Page_ Town Square - FirstTeam Mattermost/svg (3)")): Object: 'Object Repository/Page_ Town Square - FirstTeam Mattermost/svg (3)' is clicked on

2019-12-22 02:30:29 - [MESSAGE][PASSED] - Object: 'Object Repository/Page_ Town Square - FirstTeam Mattermost/svg (3)' is clicked on

2019-12-22 02:30:29 - [TEST_STEP][PASSED] - click(findTestObject("Object Repository/Page_ Town Square - FirstTeam Mattermost/a_Join Another Team")): Object: 'Object Repository/Page_ Town Square - FirstTeam Mattermost/a_Join Another Team' is clicked on

2019-12-22 02:30:30 - [MESSAGE][PASSED] - Object: 'Object Repository/Page_ Town Square - FirstTeam Mattermost/a_Join Another Team' is clicked on

2019-12-22 02:30:30 - [TEST_STEP][PASSED] - click(findTestObject("Object Repository/Page_ Town Square - FirstTeam Mattermost/span_NewTeamTesting_fa fa-angle-right right_7ee06a")): Object: 'Object Repository/Page_ Town Square - FirstTeam Mattermost/span_NewTeamTesting_fa fa-angle-right right_7ee06a' is clicked on

2019-12-22 02:30:30 - [MESSAGE][PASSED] - Object: 'Object Repository/Page_ Town Square - FirstTeam Mattermost/span_NewTeamTesting_fa fa-angle-right right_7ee06a' is clicked on

2019-12-22 02:30:30 - [TEST_STEP][PASSED] - closeBrowser(): Browser is closed

2019-12-22 02:30:32 - [MESSAGE][PASSED] - Browser is closed]]></system-out>
         <system-err><![CDATA[]]></system-err>
      </testcase>
      <testcase name="Test Cases/TestCase31RemoveDirectMessage" time="76.996" classname="Test Cases/TestCase31RemoveDirectMessage" status="PASSED">
         <system-out><![CDATA[2019-12-22 02:30:32 - [TEST_CASE][PASSED] - Test Cases/TestCase31RemoveDirectMessage: Test Cases/TestCase31RemoveDirectMessage

2019-12-22 02:30:32 - [TEST_STEP][PASSED] - openBrowser(""): Browser is opened with url: ''

2019-12-22 02:30:32 - [MESSAGE][INFO] - Starting 'Firefox (headless)' driver

2019-12-22 02:30:35 - [MESSAGE][PASSED] - Browser is opened with url: ''

2019-12-22 02:30:35 - [TEST_STEP][PASSED] - navigateToUrl("https://cs300testautomatic.herokuapp.com/"): Navigate to 'https://cs300testautomatic.herokuapp.com/' successfully

2019-12-22 02:30:39 - [MESSAGE][PASSED] - Navigate to 'https://cs300testautomatic.herokuapp.com/' successfully

2019-12-22 02:30:39 - [TEST_STEP][PASSED] - setText(findTestObject("Page_Mattermost/input_All team communication in one place s_703ef5"), "dhieu@apcs.vn"): Text 'dhieu@apcs.vn' is set on object 'Object Repository/Page_Mattermost/input_All team communication in one place s_703ef5'

2019-12-22 02:30:43 - [MESSAGE][PASSED] - Text 'dhieu@apcs.vn' is set on object 'Object Repository/Page_Mattermost/input_All team communication in one place s_703ef5'

2019-12-22 02:30:43 - [TEST_STEP][PASSED] - setEncryptedText(findTestObject("Page_Mattermost/input_All team communication in one place s_2f2733"), "iGDxf8hSRT4="): Text ****** has been set on object 'Object Repository/Page_Mattermost/input_All team communication in one place s_2f2733'

2019-12-22 02:30:43 - [MESSAGE][PASSED] - Text ****** has been set on object 'Object Repository/Page_Mattermost/input_All team communication in one place s_2f2733'

2019-12-22 02:30:43 - [TEST_STEP][PASSED] - sendKeys(findTestObject("Page_Mattermost/input_All team communication in one place s_2f2733"), Keys.chord(ENTER)): Keys 'ENTER + ' sent to object: 'Object Repository/Page_Mattermost/input_All team communication in one place s_2f2733'

2019-12-22 02:30:43 - [MESSAGE][PASSED] - Keys 'ENTER + ' sent to object: 'Object Repository/Page_Mattermost/input_All team communication in one place s_2f2733'

2019-12-22 02:30:43 - [TEST_STEP][PASSED] - click(findTestObject("Page_ duy - FirstTeam Mattermost/span_")): Object: 'Object Repository/Page_ duy - FirstTeam Mattermost/span_' is clicked on

2019-12-22 02:30:45 - [MESSAGE][ERROR] - TypeError: rect is undefined
Build info: version: '3.141.59', revision: 'e82be7d358', time: '2018-11-14T08:25:53'
System info: host: 'DESKTOP-O368F3Q', ip: '192.168.0.107', os.name: 'Windows 10', os.arch: 'amd64', os.version: '10.0', java.version: '1.8.0_181'
Driver info: com.kms.katalon.core.webui.driver.firefox.CGeckoDriver
Capabilities {acceptInsecureCerts: true, browserName: firefox, browserVersion: 71.0, javascriptEnabled: true, moz:accessibilityChecks: false, moz:buildID: 20191202093317, moz:geckodriverVersion: 0.23.0, moz:headless: true, moz:processID: 2248, moz:profile: C:\Users\ASUS\AppData\Local..., moz:shutdownTimeout: 60000, moz:useNonSpecCompliantPointerOrigin: false, moz:webdriverClick: true, pageLoadStrategy: normal, platform: WINDOWS, platformName: WINDOWS, platformVersion: 10.0, proxy: Proxy(direct), rotatable: false, setWindowRect: true, strictFileInteractability: false, timeouts: {implicit: 0, pageLoad: 300000, script: 30000}, unhandledPromptBehavior: dismiss and notify}
Session ID: 77fabdbe-3fa3-4112-ba1f-9ae348a0ab9a

2019-12-22 02:31:16 - [MESSAGE][ERROR] - TypeError: rect is undefined
Build info: version: '3.141.59', revision: 'e82be7d358', time: '2018-11-14T08:25:53'
System info: host: 'DESKTOP-O368F3Q', ip: '192.168.0.107', os.name: 'Windows 10', os.arch: 'amd64', os.version: '10.0', java.version: '1.8.0_181'
Driver info: com.kms.katalon.core.webui.driver.firefox.CGeckoDriver
Capabilities {acceptInsecureCerts: true, browserName: firefox, browserVersion: 71.0, javascriptEnabled: true, moz:accessibilityChecks: false, moz:buildID: 20191202093317, moz:geckodriverVersion: 0.23.0, moz:headless: true, moz:processID: 2248, moz:profile: C:\Users\ASUS\AppData\Local..., moz:shutdownTimeout: 60000, moz:useNonSpecCompliantPointerOrigin: false, moz:webdriverClick: true, pageLoadStrategy: normal, platform: WINDOWS, platformName: WINDOWS, platformVersion: 10.0, proxy: Proxy(direct), rotatable: false, setWindowRect: true, strictFileInteractability: false, timeouts: {implicit: 0, pageLoad: 300000, script: 30000}, unhandledPromptBehavior: dismiss and notify}
Session ID: 77fabdbe-3fa3-4112-ba1f-9ae348a0ab9a

2019-12-22 02:31:16 - [MESSAGE][PASSED] - Object: 'Object Repository/Page_ duy - FirstTeam Mattermost/span_' is clicked on

2019-12-22 02:31:16 - [TEST_STEP][PASSED] - click(findTestObject("Object Repository/Page_ Town Square - FirstTeam Mattermost/span_Off-Topic")): Object: 'Object Repository/Page_ Town Square - FirstTeam Mattermost/span_Off-Topic' is clicked on

2019-12-22 02:31:47 - [MESSAGE][INFO] - Unable to find the element located by 'By.xpath: //a[@id='sidebarItem_off-topic']/span[2]/span'. Please recheck the objects properties to make sure the desired element is located. 

2019-12-22 02:31:47 - [MESSAGE][INFO] - [SMART_XPATH] Auto-trying out other XPath values in the test object.

2019-12-22 02:31:47 - [MESSAGE][INFO] - [SMART_XPATH] FAILED XPATH: '//a[@id='sidebarItem_off-topic']/span[2]/span'.

2019-12-22 02:31:47 - [MESSAGE][INFO] - [SMART_XPATH] WORKING XPATH: '(.//*[normalize-space(text()) and normalize-space(.)='+'])[2]/following::span[3]'.

2019-12-22 02:31:47 - [MESSAGE][INFO] - [SMART_XPATH] Screenshot: D:/Learning/School/2019-2020-HK1/CS300/CS300AutomaticWebTesting/Reports/smart_xpath/Object Repository/Page_ Town Square - FirstTeam Mattermost/span_Off-Topic_neighbor_25.png

2019-12-22 02:31:47 - [MESSAGE][INFO] - [SMART_XPATH] WORKING XPATH: '(.//*[normalize-space(text()) and normalize-space(.)='PUBLIC CHANNELS'])[1]/following::span[4]'.

2019-12-22 02:31:47 - [MESSAGE][INFO] - [SMART_XPATH] Screenshot: D:/Learning/School/2019-2020-HK1/CS300/CS300AutomaticWebTesting/Reports/smart_xpath/Object Repository/Page_ Town Square - FirstTeam Mattermost/span_Off-Topic_neighbor_26.png

2019-12-22 02:31:47 - [MESSAGE][INFO] - [SMART_XPATH] WORKING XPATH: '(.//*[normalize-space(text()) and normalize-space(.)='Town Square'])[1]/preceding::span[2]'.

2019-12-22 02:31:47 - [MESSAGE][INFO] - [SMART_XPATH] Screenshot: D:/Learning/School/2019-2020-HK1/CS300/CS300AutomaticWebTesting/Reports/smart_xpath/Object Repository/Page_ Town Square - FirstTeam Mattermost/span_Off-Topic_neighbor_27.png

2019-12-22 02:31:47 - [MESSAGE][INFO] - [SMART_XPATH] WORKING XPATH: '(.//*[normalize-space(text()) and normalize-space(.)='More...'])[1]/preceding::span[4]'.

2019-12-22 02:31:47 - [MESSAGE][INFO] - [SMART_XPATH] Screenshot: D:/Learning/School/2019-2020-HK1/CS300/CS300AutomaticWebTesting/Reports/smart_xpath/Object Repository/Page_ Town Square - FirstTeam Mattermost/span_Off-Topic_neighbor_28.png

2019-12-22 02:31:47 - [MESSAGE][INFO] - [SMART_XPATH] FAILED XPATH: '//*/text()[normalize-space(.)='Off-Topic']/parent::*'.

2019-12-22 02:31:47 - [MESSAGE][INFO] - [SMART_XPATH] WORKING XPATH: '//span[2]/span'.

2019-12-22 02:31:47 - [MESSAGE][INFO] - [SMART_XPATH] Screenshot: D:/Learning/School/2019-2020-HK1/CS300/CS300AutomaticWebTesting/Reports/smart_xpath/Object Repository/Page_ Town Square - FirstTeam Mattermost/span_Off-Topic_position.png

2019-12-22 02:31:47 - [MESSAGE][ERROR] - [SMART_XPATH] D:\Learning\School\2019-2020-HK1\CS300\CS300AutomaticWebTesting\Reports\smart_xpath\waiting-for-approval.json (The system cannot find the file specified)

2019-12-22 02:31:47 - [MESSAGE][ERROR] - [SMART_XPATH] D:/Learning/School/2019-2020-HK1/CS300/CS300AutomaticWebTesting/Reports/smart_xpath/waiting-for-approval.json does not exist or is provided by Smart XPath Plugin!

2019-12-22 02:31:47 - [MESSAGE][INFO] - [SMART_XPATH] Selected Smart XPath: '(.//*[normalize-space(text()) and normalize-space(.)='+'])[2]/following::span[3]'.

2019-12-22 02:31:47 - [MESSAGE][INFO] - [SMART_XPATH] Continuing executing the test case!

2019-12-22 02:31:48 - [MESSAGE][PASSED] - Object: 'Object Repository/Page_ Town Square - FirstTeam Mattermost/span_Off-Topic' is clicked on

2019-12-22 02:31:48 - [TEST_STEP][PASSED] - closeBrowser(): Browser is closed

2019-12-22 02:31:49 - [MESSAGE][PASSED] - Browser is closed]]></system-out>
         <system-err><![CDATA[]]></system-err>
      </testcase>
      <testcase name="Test Cases/TestCase32ArchiveChannel" time="105.491" classname="Test Cases/TestCase32ArchiveChannel" status="FAILED">
         <failure type="FAILED" message="Test Cases/TestCase32ArchiveChannel FAILED.
Reason:
com.kms.katalon.core.exception.StepFailedException: Unable to click on object 'Object Repository/Page_Channel1 - FirstTeam Mattermost/span_Archive'
	at com.kms.katalon.core.webui.keyword.internal.WebUIKeywordMain.stepFailed(WebUIKeywordMain.groovy:64)
	at com.kms.katalon.core.webui.keyword.internal.WebUIKeywordMain.runKeyword(WebUIKeywordMain.groovy:26)
	at com.kms.katalon.core.webui.keyword.builtin.ClickKeyword.click(ClickKeyword.groovy:102)
	at com.kms.katalon.core.webui.keyword.builtin.ClickKeyword.execute(ClickKeyword.groovy:43)
	at com.kms.katalon.core.keyword.internal.KeywordExecutor.executeKeywordForPlatform(KeywordExecutor.groovy:72)
	at com.kms.katalon.core.webui.keyword.WebUiBuiltInKeywords.click(WebUiBuiltInKeywords.groovy:616)
	at com.kms.katalon.core.webui.keyword.WebUiBuiltInKeywords$click$3.call(Unknown Source)
	at TestCase32ArchiveChannel.run(TestCase32ArchiveChannel:35)
	at com.kms.katalon.core.main.ScriptEngine.run(ScriptEngine.java:194)
	at com.kms.katalon.core.main.ScriptEngine.runScriptAsRawText(ScriptEngine.java:119)
	at com.kms.katalon.core.main.TestCaseExecutor.runScript(TestCaseExecutor.java:337)
	at com.kms.katalon.core.main.TestCaseExecutor.doExecute(TestCaseExecutor.java:328)
	at com.kms.katalon.core.main.TestCaseExecutor.processExecutionPhase(TestCaseExecutor.java:307)
	at com.kms.katalon.core.main.TestCaseExecutor.accessMainPhase(TestCaseExecutor.java:299)
	at com.kms.katalon.core.main.TestCaseExecutor.execute(TestCaseExecutor.java:233)
	at com.kms.katalon.core.main.TestSuiteExecutor.accessTestCaseMainPhase(TestSuiteExecutor.java:169)
	at com.kms.katalon.core.main.TestSuiteExecutor.accessTestSuiteMainPhase(TestSuiteExecutor.java:142)
	at com.kms.katalon.core.main.TestSuiteExecutor.execute(TestSuiteExecutor.java:91)
	at com.kms.katalon.core.main.TestCaseMain.startTestSuite(TestCaseMain.java:157)
	at com.kms.katalon.core.main.TestCaseMain$startTestSuite$0.call(Unknown Source)
	at TempTestSuite1576955103733.run(TempTestSuite1576955103733.groovy:36)
Caused by: com.kms.katalon.core.webui.exception.WebElementNotFoundException: Web element with id: 'Object Repository/Page_Channel1 - FirstTeam Mattermost/span_Archive' located by 'By.xpath: (.//*[normalize-space(text()) and normalize-space(.)='Cancel'])[1]/following::span[1]' not found
	at com.kms.katalon.core.webui.common.WebUiCommonHelper.findWebElement(WebUiCommonHelper.java:1154)
	at com.kms.katalon.core.webui.keyword.internal.WebUIAbstractKeyword.findWebElement(WebUIAbstractKeyword.groovy:27)
	at com.kms.katalon.core.webui.keyword.internal.WebUIAbstractKeyword.findWebElement(WebUIAbstractKeyword.groovy:26)
	at com.kms.katalon.core.webui.keyword.builtin.ClickKeyword$_click_closure1.doCall(ClickKeyword.groovy:67)
	at com.kms.katalon.core.webui.keyword.builtin.ClickKeyword$_click_closure1.call(ClickKeyword.groovy)
	at com.kms.katalon.core.webui.keyword.internal.WebUIKeywordMain.runKeyword(WebUIKeywordMain.groovy:20)
	... 19 more
"/>
         <system-out><![CDATA[2019-12-22 02:31:49 - [TEST_CASE][FAILED] - Test Cases/TestCase32ArchiveChannel: Test Cases/TestCase32ArchiveChannel FAILED.
Reason:
com.kms.katalon.core.exception.StepFailedException: Unable to click on object 'Object Repository/Page_Channel1 - FirstTeam Mattermost/span_Archive'
	at com.kms.katalon.core.webui.keyword.internal.WebUIKeywordMain.stepFailed(WebUIKeywordMain.groovy:64)
	at com.kms.katalon.core.webui.keyword.internal.WebUIKeywordMain.runKeyword(WebUIKeywordMain.groovy:26)
	at com.kms.katalon.core.webui.keyword.builtin.ClickKeyword.click(ClickKeyword.groovy:102)
	at com.kms.katalon.core.webui.keyword.builtin.ClickKeyword.execute(ClickKeyword.groovy:43)
	at com.kms.katalon.core.keyword.internal.KeywordExecutor.executeKeywordForPlatform(KeywordExecutor.groovy:72)
	at com.kms.katalon.core.webui.keyword.WebUiBuiltInKeywords.click(WebUiBuiltInKeywords.groovy:616)
	at com.kms.katalon.core.webui.keyword.WebUiBuiltInKeywords$click$3.call(Unknown Source)
	at TestCase32ArchiveChannel.run(TestCase32ArchiveChannel:35)
	at com.kms.katalon.core.main.ScriptEngine.run(ScriptEngine.java:194)
	at com.kms.katalon.core.main.ScriptEngine.runScriptAsRawText(ScriptEngine.java:119)
	at com.kms.katalon.core.main.TestCaseExecutor.runScript(TestCaseExecutor.java:337)
	at com.kms.katalon.core.main.TestCaseExecutor.doExecute(TestCaseExecutor.java:328)
	at com.kms.katalon.core.main.TestCaseExecutor.processExecutionPhase(TestCaseExecutor.java:307)
	at com.kms.katalon.core.main.TestCaseExecutor.accessMainPhase(TestCaseExecutor.java:299)
	at com.kms.katalon.core.main.TestCaseExecutor.execute(TestCaseExecutor.java:233)
	at com.kms.katalon.core.main.TestSuiteExecutor.accessTestCaseMainPhase(TestSuiteExecutor.java:169)
	at com.kms.katalon.core.main.TestSuiteExecutor.accessTestSuiteMainPhase(TestSuiteExecutor.java:142)
	at com.kms.katalon.core.main.TestSuiteExecutor.execute(TestSuiteExecutor.java:91)
	at com.kms.katalon.core.main.TestCaseMain.startTestSuite(TestCaseMain.java:157)
	at com.kms.katalon.core.main.TestCaseMain$startTestSuite$0.call(Unknown Source)
	at TempTestSuite1576955103733.run(TempTestSuite1576955103733.groovy:36)
Caused by: com.kms.katalon.core.webui.exception.WebElementNotFoundException: Web element with id: 'Object Repository/Page_Channel1 - FirstTeam Mattermost/span_Archive' located by 'By.xpath: (.//*[normalize-space(text()) and normalize-space(.)='Cancel'])[1]/following::span[1]' not found
	at com.kms.katalon.core.webui.common.WebUiCommonHelper.findWebElement(WebUiCommonHelper.java:1154)
	at com.kms.katalon.core.webui.keyword.internal.WebUIAbstractKeyword.findWebElement(WebUIAbstractKeyword.groovy:27)
	at com.kms.katalon.core.webui.keyword.internal.WebUIAbstractKeyword.findWebElement(WebUIAbstractKeyword.groovy:26)
	at com.kms.katalon.core.webui.keyword.builtin.ClickKeyword$_click_closure1.doCall(ClickKeyword.groovy:67)
	at com.kms.katalon.core.webui.keyword.builtin.ClickKeyword$_click_closure1.call(ClickKeyword.groovy)
	at com.kms.katalon.core.webui.keyword.internal.WebUIKeywordMain.runKeyword(WebUIKeywordMain.groovy:20)
	... 19 more


2019-12-22 02:31:49 - [TEST_STEP][PASSED] - openBrowser(""): Browser is opened with url: ''

2019-12-22 02:31:49 - [MESSAGE][INFO] - Starting 'Firefox (headless)' driver

2019-12-22 02:31:52 - [MESSAGE][PASSED] - Browser is opened with url: ''

2019-12-22 02:31:52 - [TEST_STEP][PASSED] - navigateToUrl("https://cs300testautomatic.herokuapp.com/"): Navigate to 'https://cs300testautomatic.herokuapp.com/' successfully

2019-12-22 02:31:56 - [MESSAGE][PASSED] - Navigate to 'https://cs300testautomatic.herokuapp.com/' successfully

2019-12-22 02:31:56 - [TEST_STEP][PASSED] - setText(findTestObject("Page_Mattermost/input_All team communication in one place s_703ef5"), "dhieu@apcs.vn"): Text 'dhieu@apcs.vn' is set on object 'Object Repository/Page_Mattermost/input_All team communication in one place s_703ef5'

2019-12-22 02:31:59 - [MESSAGE][PASSED] - Text 'dhieu@apcs.vn' is set on object 'Object Repository/Page_Mattermost/input_All team communication in one place s_703ef5'

2019-12-22 02:31:59 - [TEST_STEP][PASSED] - setEncryptedText(findTestObject("Page_Mattermost/input_All team communication in one place s_2f2733"), "iGDxf8hSRT4="): Text ****** has been set on object 'Object Repository/Page_Mattermost/input_All team communication in one place s_2f2733'

2019-12-22 02:31:59 - [MESSAGE][PASSED] - Text ****** has been set on object 'Object Repository/Page_Mattermost/input_All team communication in one place s_2f2733'

2019-12-22 02:31:59 - [TEST_STEP][PASSED] - sendKeys(findTestObject("Page_Mattermost/input_All team communication in one place s_2f2733"), Keys.chord(ENTER)): Keys 'ENTER + ' sent to object: 'Object Repository/Page_Mattermost/input_All team communication in one place s_2f2733'

2019-12-22 02:31:59 - [MESSAGE][PASSED] - Keys 'ENTER + ' sent to object: 'Object Repository/Page_Mattermost/input_All team communication in one place s_2f2733'

2019-12-22 02:31:59 - [TEST_STEP][PASSED] - click(findTestObject("Page_Town Square - FirstTeam Mattermost/span_Channel1")): Object: 'Object Repository/Page_Town Square - FirstTeam Mattermost/span_Channel1' is clicked on

2019-12-22 02:32:30 - [MESSAGE][INFO] - Unable to find the element located by 'By.xpath: //a[@id='sidebarItem_channel1']/span[2]/span'. Please recheck the objects properties to make sure the desired element is located. 

2019-12-22 02:32:30 - [MESSAGE][INFO] - [SMART_XPATH] Auto-trying out other XPath values in the test object.

2019-12-22 02:32:30 - [MESSAGE][INFO] - [SMART_XPATH] FAILED XPATH: '//a[@id='sidebarItem_channel1']/span[2]/span'.

2019-12-22 02:32:30 - [MESSAGE][INFO] - [SMART_XPATH] WORKING XPATH: '(.//*[normalize-space(text()) and normalize-space(.)='+'])[2]/following::span[3]'.

2019-12-22 02:32:30 - [MESSAGE][INFO] - [SMART_XPATH] Screenshot: D:/Learning/School/2019-2020-HK1/CS300/CS300AutomaticWebTesting/Reports/smart_xpath/Object Repository/Page_Town Square - FirstTeam Mattermost/span_Channel1_neighbor_26.png

2019-12-22 02:32:30 - [MESSAGE][INFO] - [SMART_XPATH] WORKING XPATH: '(.//*[normalize-space(text()) and normalize-space(.)='PUBLIC CHANNELS'])[1]/following::span[4]'.

2019-12-22 02:32:31 - [MESSAGE][INFO] - [SMART_XPATH] Screenshot: D:/Learning/School/2019-2020-HK1/CS300/CS300AutomaticWebTesting/Reports/smart_xpath/Object Repository/Page_Town Square - FirstTeam Mattermost/span_Channel1_neighbor_27.png

2019-12-22 02:32:31 - [MESSAGE][INFO] - [SMART_XPATH] FAILED XPATH: '(.//*[normalize-space(text()) and normalize-space(.)='Off-Topic'])[1]/preceding::span[2]'.

2019-12-22 02:32:31 - [MESSAGE][INFO] - [SMART_XPATH] WORKING XPATH: '(.//*[normalize-space(text()) and normalize-space(.)='Town Square'])[1]/preceding::span[5]'.

2019-12-22 02:32:31 - [MESSAGE][ERROR] - [SMART_XPATH] Cannot save screenshot to: D:/Learning/School/2019-2020-HK1/CS300/CS300AutomaticWebTesting/Reports/smart_xpath, reason: negative or zero width

2019-12-22 02:32:31 - [MESSAGE][INFO] - [SMART_XPATH] FAILED XPATH: '//*/text()[normalize-space(.)='Channel1']/parent::*'.

2019-12-22 02:32:31 - [MESSAGE][INFO] - [SMART_XPATH] WORKING XPATH: '//span[2]/span'.

2019-12-22 02:32:31 - [MESSAGE][INFO] - [SMART_XPATH] Screenshot: D:/Learning/School/2019-2020-HK1/CS300/CS300AutomaticWebTesting/Reports/smart_xpath/Object Repository/Page_Town Square - FirstTeam Mattermost/span_Channel1_position.png

2019-12-22 02:32:31 - [MESSAGE][INFO] - [SMART_XPATH] FAILED XPATH: '(.//*[normalize-space(text()) and normalize-space(.)='Channel3'])[1]/preceding::span[2]'.

2019-12-22 02:32:31 - [MESSAGE][INFO] - [SMART_XPATH] FAILED XPATH: '(.//*[normalize-space(text()) and normalize-space(.)='Off-Topic'])[1]/preceding::span[5]'.

2019-12-22 02:32:31 - [MESSAGE][ERROR] - [SMART_XPATH] D:\Learning\School\2019-2020-HK1\CS300\CS300AutomaticWebTesting\Reports\smart_xpath\waiting-for-approval.json (The system cannot find the file specified)

2019-12-22 02:32:31 - [MESSAGE][ERROR] - [SMART_XPATH] D:/Learning/School/2019-2020-HK1/CS300/CS300AutomaticWebTesting/Reports/smart_xpath/waiting-for-approval.json does not exist or is provided by Smart XPath Plugin!

2019-12-22 02:32:31 - [MESSAGE][INFO] - [SMART_XPATH] Selected Smart XPath: '(.//*[normalize-space(text()) and normalize-space(.)='+'])[2]/following::span[3]'.

2019-12-22 02:32:31 - [MESSAGE][INFO] - [SMART_XPATH] Continuing executing the test case!

2019-12-22 02:32:31 - [MESSAGE][PASSED] - Object: 'Object Repository/Page_Town Square - FirstTeam Mattermost/span_Channel1' is clicked on

2019-12-22 02:32:31 - [TEST_STEP][PASSED] - click(findTestObject("Page_Channel1 - FirstTeam Mattermost/span_Channel1_channelHeaderDropdownIcon")): Object: 'Object Repository/Page_Channel1 - FirstTeam Mattermost/span_Channel1_channelHeaderDropdownIcon' is clicked on

2019-12-22 02:32:31 - [MESSAGE][PASSED] - Object: 'Object Repository/Page_Channel1 - FirstTeam Mattermost/span_Channel1_channelHeaderDropdownIcon' is clicked on

2019-12-22 02:32:31 - [TEST_STEP][PASSED] - click(findTestObject("Object Repository/Page_Channel1 - FirstTeam Mattermost/button_Archive Channel")): Object: 'Object Repository/Page_Channel1 - FirstTeam Mattermost/button_Archive Channel' is clicked on

2019-12-22 02:33:02 - [MESSAGE][INFO] - Unable to find the element located by 'By.xpath: //li[@id='channelArchiveChannel']/button'. Please recheck the objects properties to make sure the desired element is located. 

2019-12-22 02:33:02 - [MESSAGE][INFO] - [SMART_XPATH] Auto-trying out other XPath values in the test object.

2019-12-22 02:33:02 - [MESSAGE][INFO] - [SMART_XPATH] FAILED XPATH: '//li[@id='channelArchiveChannel']/button'.

2019-12-22 02:33:02 - [MESSAGE][INFO] - [SMART_XPATH] WORKING XPATH: '(.//*[normalize-space(text()) and normalize-space(.)='Rename Channel'])[1]/following::button[1]'.

2019-12-22 02:33:03 - [MESSAGE][INFO] - [SMART_XPATH] Screenshot: D:/Learning/School/2019-2020-HK1/CS300/CS300AutomaticWebTesting/Reports/smart_xpath/Object Repository/Page_Channel1 - FirstTeam Mattermost/button_Archive Channel_neighbor_27.png

2019-12-22 02:33:03 - [MESSAGE][INFO] - [SMART_XPATH] WORKING XPATH: '(.//*[normalize-space(text()) and normalize-space(.)='Edit Channel Purpose'])[1]/following::button[2]'.

2019-12-22 02:33:03 - [MESSAGE][INFO] - [SMART_XPATH] Screenshot: D:/Learning/School/2019-2020-HK1/CS300/CS300AutomaticWebTesting/Reports/smart_xpath/Object Repository/Page_Channel1 - FirstTeam Mattermost/button_Archive Channel_neighbor_28.png

2019-12-22 02:33:03 - [MESSAGE][INFO] - [SMART_XPATH] FAILED XPATH: '(.//*[normalize-space(text()) and normalize-space(.)='Leave Channel'])[1]/preceding::button[1]'.

2019-12-22 02:33:03 - [MESSAGE][INFO] - [SMART_XPATH] WORKING XPATH: '(.//*[normalize-space(text()) and normalize-space(.)='Search Options'])[1]/preceding::button[4]'.

2019-12-22 02:33:03 - [MESSAGE][INFO] - [SMART_XPATH] Screenshot: D:/Learning/School/2019-2020-HK1/CS300/CS300AutomaticWebTesting/Reports/smart_xpath/Object Repository/Page_Channel1 - FirstTeam Mattermost/button_Archive Channel_neighbor_29.png

2019-12-22 02:33:03 - [MESSAGE][INFO] - [SMART_XPATH] FAILED XPATH: '//*/text()[normalize-space(.)='Archive Channel']/parent::*'.

2019-12-22 02:33:03 - [MESSAGE][INFO] - [SMART_XPATH] FAILED XPATH: '//li[12]/button'.

2019-12-22 02:33:03 - [MESSAGE][ERROR] - [SMART_XPATH] D:\Learning\School\2019-2020-HK1\CS300\CS300AutomaticWebTesting\Reports\smart_xpath\waiting-for-approval.json (The system cannot find the file specified)

2019-12-22 02:33:03 - [MESSAGE][ERROR] - [SMART_XPATH] D:/Learning/School/2019-2020-HK1/CS300/CS300AutomaticWebTesting/Reports/smart_xpath/waiting-for-approval.json does not exist or is provided by Smart XPath Plugin!

2019-12-22 02:33:03 - [MESSAGE][INFO] - [SMART_XPATH] Selected Smart XPath: '(.//*[normalize-space(text()) and normalize-space(.)='Rename Channel'])[1]/following::button[1]'.

2019-12-22 02:33:03 - [MESSAGE][INFO] - [SMART_XPATH] Continuing executing the test case!

2019-12-22 02:33:03 - [MESSAGE][PASSED] - Object: 'Object Repository/Page_Channel1 - FirstTeam Mattermost/button_Archive Channel' is clicked on

2019-12-22 02:33:03 - [TEST_STEP][FAILED] - click(findTestObject("Object Repository/Page_Channel1 - FirstTeam Mattermost/span_Archive")): Unable to click on object 'Object Repository/Page_Channel1 - FirstTeam Mattermost/span_Archive' (Root cause: com.kms.katalon.core.exception.StepFailedException: Unable to click on object 'Object Repository/Page_Channel1 - FirstTeam Mattermost/span_Archive'
	at com.kms.katalon.core.webui.keyword.internal.WebUIKeywordMain.stepFailed(WebUIKeywordMain.groovy:64)
	at com.kms.katalon.core.webui.keyword.internal.WebUIKeywordMain.runKeyword(WebUIKeywordMain.groovy:26)
	at com.kms.katalon.core.webui.keyword.builtin.ClickKeyword.click(ClickKeyword.groovy:102)
	at com.kms.katalon.core.webui.keyword.builtin.ClickKeyword.execute(ClickKeyword.groovy:43)
	at com.kms.katalon.core.keyword.internal.KeywordExecutor.executeKeywordForPlatform(KeywordExecutor.groovy:72)
	at com.kms.katalon.core.webui.keyword.WebUiBuiltInKeywords.click(WebUiBuiltInKeywords.groovy:616)
	at com.kms.katalon.core.webui.keyword.WebUiBuiltInKeywords$click$3.call(Unknown Source)
	at TestCase32ArchiveChannel.run(TestCase32ArchiveChannel:35)
	at com.kms.katalon.core.main.ScriptEngine.run(ScriptEngine.java:194)
	at com.kms.katalon.core.main.ScriptEngine.runScriptAsRawText(ScriptEngine.java:119)
	at com.kms.katalon.core.main.TestCaseExecutor.runScript(TestCaseExecutor.java:337)
	at com.kms.katalon.core.main.TestCaseExecutor.doExecute(TestCaseExecutor.java:328)
	at com.kms.katalon.core.main.TestCaseExecutor.processExecutionPhase(TestCaseExecutor.java:307)
	at com.kms.katalon.core.main.TestCaseExecutor.accessMainPhase(TestCaseExecutor.java:299)
	at com.kms.katalon.core.main.TestCaseExecutor.execute(TestCaseExecutor.java:233)
	at com.kms.katalon.core.main.TestSuiteExecutor.accessTestCaseMainPhase(TestSuiteExecutor.java:169)
	at com.kms.katalon.core.main.TestSuiteExecutor.accessTestSuiteMainPhase(TestSuiteExecutor.java:142)
	at com.kms.katalon.core.main.TestSuiteExecutor.execute(TestSuiteExecutor.java:91)
	at com.kms.katalon.core.main.TestCaseMain.startTestSuite(TestCaseMain.java:157)
	at com.kms.katalon.core.main.TestCaseMain$startTestSuite$0.call(Unknown Source)
	at TempTestSuite1576955103733.run(TempTestSuite1576955103733.groovy:36)
Caused by: com.kms.katalon.core.webui.exception.WebElementNotFoundException: Web element with id: 'Object Repository/Page_Channel1 - FirstTeam Mattermost/span_Archive' located by 'By.xpath: (.//*[normalize-space(text()) and normalize-space(.)='Cancel'])[1]/following::span[1]' not found
	at com.kms.katalon.core.webui.common.WebUiCommonHelper.findWebElement(WebUiCommonHelper.java:1154)
	at com.kms.katalon.core.webui.keyword.internal.WebUIAbstractKeyword.findWebElement(WebUIAbstractKeyword.groovy:27)
	at com.kms.katalon.core.webui.keyword.internal.WebUIAbstractKeyword.findWebElement(WebUIAbstractKeyword.groovy:26)
	at com.kms.katalon.core.webui.keyword.builtin.ClickKeyword$_click_closure1.doCall(ClickKeyword.groovy:67)
	at com.kms.katalon.core.webui.keyword.builtin.ClickKeyword$_click_closure1.call(ClickKeyword.groovy)
	at com.kms.katalon.core.webui.keyword.internal.WebUIKeywordMain.runKeyword(WebUIKeywordMain.groovy:20)
	at com.kms.katalon.core.webui.keyword.builtin.ClickKeyword.click(ClickKeyword.groovy:102)
	at com.kms.katalon.core.webui.keyword.builtin.ClickKeyword.execute(ClickKeyword.groovy:43)
	at com.kms.katalon.core.keyword.internal.KeywordExecutor.executeKeywordForPlatform(KeywordExecutor.groovy:72)
	at com.kms.katalon.core.webui.keyword.WebUiBuiltInKeywords.click(WebUiBuiltInKeywords.groovy:616)
	at com.kms.katalon.core.webui.keyword.WebUiBuiltInKeywords$click$3.call(Unknown Source)
	at Script1576918828779.run(Script1576918828779.groovy:35)
	... 13 more
)

2019-12-22 02:33:34 - [MESSAGE][INFO] - Unable to find the element located by 'By.xpath: (.//*[normalize-space(text()) and normalize-space(.)='Cancel'])[1]/following::span[1]'. Please recheck the objects properties to make sure the desired element is located. 

2019-12-22 02:33:34 - [MESSAGE][INFO] - [SMART_XPATH] Auto-trying out other XPath values in the test object.

2019-12-22 02:33:34 - [MESSAGE][INFO] - [SMART_XPATH] FAILED XPATH: '(.//*[normalize-space(text()) and normalize-space(.)='Cancel'])[1]/following::span[1]'.

2019-12-22 02:33:34 - [MESSAGE][INFO] - [SMART_XPATH] FAILED XPATH: '(.//*[normalize-space(text()) and normalize-space(.)='Channel1'])[4]/following::span[2]'.

2019-12-22 02:33:34 - [MESSAGE][INFO] - [SMART_XPATH] FAILED XPATH: '//*/text()[normalize-space(.)='Archive']/parent::*'.

2019-12-22 02:33:34 - [MESSAGE][INFO] - [SMART_XPATH] FAILED XPATH: '//div[3]/button[2]/span'.

2019-12-22 02:33:34 - [MESSAGE][INFO] - [SMART_XPATH] No working XPath is found.

2019-12-22 02:33:34 - [MESSAGE][FAILED] - Unable to click on object 'Object Repository/Page_Channel1 - FirstTeam Mattermost/span_Archive' (Root cause: com.kms.katalon.core.exception.StepFailedException: Unable to click on object 'Object Repository/Page_Channel1 - FirstTeam Mattermost/span_Archive'
	at com.kms.katalon.core.webui.keyword.internal.WebUIKeywordMain.stepFailed(WebUIKeywordMain.groovy:64)
	at com.kms.katalon.core.webui.keyword.internal.WebUIKeywordMain.runKeyword(WebUIKeywordMain.groovy:26)
	at com.kms.katalon.core.webui.keyword.builtin.ClickKeyword.click(ClickKeyword.groovy:102)
	at com.kms.katalon.core.webui.keyword.builtin.ClickKeyword.execute(ClickKeyword.groovy:43)
	at com.kms.katalon.core.keyword.internal.KeywordExecutor.executeKeywordForPlatform(KeywordExecutor.groovy:72)
	at com.kms.katalon.core.webui.keyword.WebUiBuiltInKeywords.click(WebUiBuiltInKeywords.groovy:616)
	at com.kms.katalon.core.webui.keyword.WebUiBuiltInKeywords$click$3.call(Unknown Source)
	at TestCase32ArchiveChannel.run(TestCase32ArchiveChannel:35)
	at com.kms.katalon.core.main.ScriptEngine.run(ScriptEngine.java:194)
	at com.kms.katalon.core.main.ScriptEngine.runScriptAsRawText(ScriptEngine.java:119)
	at com.kms.katalon.core.main.TestCaseExecutor.runScript(TestCaseExecutor.java:337)
	at com.kms.katalon.core.main.TestCaseExecutor.doExecute(TestCaseExecutor.java:328)
	at com.kms.katalon.core.main.TestCaseExecutor.processExecutionPhase(TestCaseExecutor.java:307)
	at com.kms.katalon.core.main.TestCaseExecutor.accessMainPhase(TestCaseExecutor.java:299)
	at com.kms.katalon.core.main.TestCaseExecutor.execute(TestCaseExecutor.java:233)
	at com.kms.katalon.core.main.TestSuiteExecutor.accessTestCaseMainPhase(TestSuiteExecutor.java:169)
	at com.kms.katalon.core.main.TestSuiteExecutor.accessTestSuiteMainPhase(TestSuiteExecutor.java:142)
	at com.kms.katalon.core.main.TestSuiteExecutor.execute(TestSuiteExecutor.java:91)
	at com.kms.katalon.core.main.TestCaseMain.startTestSuite(TestCaseMain.java:157)
	at com.kms.katalon.core.main.TestCaseMain$startTestSuite$0.call(Unknown Source)
	at TempTestSuite1576955103733.run(TempTestSuite1576955103733.groovy:36)
Caused by: com.kms.katalon.core.webui.exception.WebElementNotFoundException: Web element with id: 'Object Repository/Page_Channel1 - FirstTeam Mattermost/span_Archive' located by 'By.xpath: (.//*[normalize-space(text()) and normalize-space(.)='Cancel'])[1]/following::span[1]' not found
	at com.kms.katalon.core.webui.common.WebUiCommonHelper.findWebElement(WebUiCommonHelper.java:1154)
	at com.kms.katalon.core.webui.keyword.internal.WebUIAbstractKeyword.findWebElement(WebUIAbstractKeyword.groovy:27)
	at com.kms.katalon.core.webui.keyword.internal.WebUIAbstractKeyword.findWebElement(WebUIAbstractKeyword.groovy:26)
	at com.kms.katalon.core.webui.keyword.builtin.ClickKeyword$_click_closure1.doCall(ClickKeyword.groovy:67)
	at com.kms.katalon.core.webui.keyword.builtin.ClickKeyword$_click_closure1.call(ClickKeyword.groovy)
	at com.kms.katalon.core.webui.keyword.internal.WebUIKeywordMain.runKeyword(WebUIKeywordMain.groovy:20)
	at com.kms.katalon.core.webui.keyword.builtin.ClickKeyword.click(ClickKeyword.groovy:102)
	at com.kms.katalon.core.webui.keyword.builtin.ClickKeyword.execute(ClickKeyword.groovy:43)
	at com.kms.katalon.core.keyword.internal.KeywordExecutor.executeKeywordForPlatform(KeywordExecutor.groovy:72)
	at com.kms.katalon.core.webui.keyword.WebUiBuiltInKeywords.click(WebUiBuiltInKeywords.groovy:616)
	at com.kms.katalon.core.webui.keyword.WebUiBuiltInKeywords$click$3.call(Unknown Source)
	at Script1576918828779.run(Script1576918828779.groovy:35)
	... 13 more
)
[[ATTACHMENT|D:\\Learning\\School\\2019-2020-HK1\\CS300\\CS300AutomaticWebTesting\\Reports\\20191222_020503\\Run All Test Cases\\20191222_020503\\1576956814535.png]]]]></system-out>
         <system-err><![CDATA[2019-12-22 02:31:49 - [TEST_CASE][FAILED] - Test Cases/TestCase32ArchiveChannel: Test Cases/TestCase32ArchiveChannel FAILED.
Reason:
com.kms.katalon.core.exception.StepFailedException: Unable to click on object 'Object Repository/Page_Channel1 - FirstTeam Mattermost/span_Archive'
	at com.kms.katalon.core.webui.keyword.internal.WebUIKeywordMain.stepFailed(WebUIKeywordMain.groovy:64)
	at com.kms.katalon.core.webui.keyword.internal.WebUIKeywordMain.runKeyword(WebUIKeywordMain.groovy:26)
	at com.kms.katalon.core.webui.keyword.builtin.ClickKeyword.click(ClickKeyword.groovy:102)
	at com.kms.katalon.core.webui.keyword.builtin.ClickKeyword.execute(ClickKeyword.groovy:43)
	at com.kms.katalon.core.keyword.internal.KeywordExecutor.executeKeywordForPlatform(KeywordExecutor.groovy:72)
	at com.kms.katalon.core.webui.keyword.WebUiBuiltInKeywords.click(WebUiBuiltInKeywords.groovy:616)
	at com.kms.katalon.core.webui.keyword.WebUiBuiltInKeywords$click$3.call(Unknown Source)
	at TestCase32ArchiveChannel.run(TestCase32ArchiveChannel:35)
	at com.kms.katalon.core.main.ScriptEngine.run(ScriptEngine.java:194)
	at com.kms.katalon.core.main.ScriptEngine.runScriptAsRawText(ScriptEngine.java:119)
	at com.kms.katalon.core.main.TestCaseExecutor.runScript(TestCaseExecutor.java:337)
	at com.kms.katalon.core.main.TestCaseExecutor.doExecute(TestCaseExecutor.java:328)
	at com.kms.katalon.core.main.TestCaseExecutor.processExecutionPhase(TestCaseExecutor.java:307)
	at com.kms.katalon.core.main.TestCaseExecutor.accessMainPhase(TestCaseExecutor.java:299)
	at com.kms.katalon.core.main.TestCaseExecutor.execute(TestCaseExecutor.java:233)
	at com.kms.katalon.core.main.TestSuiteExecutor.accessTestCaseMainPhase(TestSuiteExecutor.java:169)
	at com.kms.katalon.core.main.TestSuiteExecutor.accessTestSuiteMainPhase(TestSuiteExecutor.java:142)
	at com.kms.katalon.core.main.TestSuiteExecutor.execute(TestSuiteExecutor.java:91)
	at com.kms.katalon.core.main.TestCaseMain.startTestSuite(TestCaseMain.java:157)
	at com.kms.katalon.core.main.TestCaseMain$startTestSuite$0.call(Unknown Source)
	at TempTestSuite1576955103733.run(TempTestSuite1576955103733.groovy:36)
Caused by: com.kms.katalon.core.webui.exception.WebElementNotFoundException: Web element with id: 'Object Repository/Page_Channel1 - FirstTeam Mattermost/span_Archive' located by 'By.xpath: (.//*[normalize-space(text()) and normalize-space(.)='Cancel'])[1]/following::span[1]' not found
	at com.kms.katalon.core.webui.common.WebUiCommonHelper.findWebElement(WebUiCommonHelper.java:1154)
	at com.kms.katalon.core.webui.keyword.internal.WebUIAbstractKeyword.findWebElement(WebUIAbstractKeyword.groovy:27)
	at com.kms.katalon.core.webui.keyword.internal.WebUIAbstractKeyword.findWebElement(WebUIAbstractKeyword.groovy:26)
	at com.kms.katalon.core.webui.keyword.builtin.ClickKeyword$_click_closure1.doCall(ClickKeyword.groovy:67)
	at com.kms.katalon.core.webui.keyword.builtin.ClickKeyword$_click_closure1.call(ClickKeyword.groovy)
	at com.kms.katalon.core.webui.keyword.internal.WebUIKeywordMain.runKeyword(WebUIKeywordMain.groovy:20)
	... 19 more]]></system-err>
      </testcase>
      <testcase name="Test Cases/TestCase33ViewChannelInfo" time="41.413" classname="Test Cases/TestCase33ViewChannelInfo" status="PASSED">
         <system-out><![CDATA[2019-12-22 02:33:34 - [TEST_CASE][PASSED] - Test Cases/TestCase33ViewChannelInfo: Test Cases/TestCase33ViewChannelInfo

2019-12-22 02:33:34 - [TEST_STEP][PASSED] - openBrowser(""): Browser is opened with url: ''

2019-12-22 02:33:34 - [MESSAGE][WARNING] - A browser is already opened. Closing browser and opening a new one

2019-12-22 02:33:36 - [MESSAGE][INFO] - Starting 'Firefox (headless)' driver

2019-12-22 02:33:40 - [MESSAGE][PASSED] - Browser is opened with url: ''

2019-12-22 02:33:40 - [TEST_STEP][PASSED] - navigateToUrl("https://cs300testautomatic.herokuapp.com/"): Navigate to 'https://cs300testautomatic.herokuapp.com/' successfully

2019-12-22 02:33:46 - [MESSAGE][PASSED] - Navigate to 'https://cs300testautomatic.herokuapp.com/' successfully

2019-12-22 02:33:46 - [TEST_STEP][PASSED] - setText(findTestObject("Page_Mattermost/input_All team communication in one place s_703ef5"), "dhieu@apcs.vn"): Text 'dhieu@apcs.vn' is set on object 'Object Repository/Page_Mattermost/input_All team communication in one place s_703ef5'

2019-12-22 02:34:07 - [MESSAGE][PASSED] - Text 'dhieu@apcs.vn' is set on object 'Object Repository/Page_Mattermost/input_All team communication in one place s_703ef5'

2019-12-22 02:34:07 - [TEST_STEP][PASSED] - setEncryptedText(findTestObject("Page_Mattermost/input_All team communication in one place s_2f2733"), "iGDxf8hSRT4="): Text ****** has been set on object 'Object Repository/Page_Mattermost/input_All team communication in one place s_2f2733'

2019-12-22 02:34:08 - [MESSAGE][PASSED] - Text ****** has been set on object 'Object Repository/Page_Mattermost/input_All team communication in one place s_2f2733'

2019-12-22 02:34:08 - [TEST_STEP][PASSED] - sendKeys(findTestObject("Page_Mattermost/input_All team communication in one place s_2f2733"), Keys.chord(ENTER)): Keys 'ENTER + ' sent to object: 'Object Repository/Page_Mattermost/input_All team communication in one place s_2f2733'

2019-12-22 02:34:08 - [MESSAGE][PASSED] - Keys 'ENTER + ' sent to object: 'Object Repository/Page_Mattermost/input_All team communication in one place s_2f2733'

2019-12-22 02:34:08 - [TEST_STEP][PASSED] - click(findTestObject("Object Repository/Page_Town Square - FirstTeam Mattermost/button_Town Square")): Object: 'Object Repository/Page_Town Square - FirstTeam Mattermost/button_Town Square' is clicked on

2019-12-22 02:34:13 - [MESSAGE][PASSED] - Object: 'Object Repository/Page_Town Square - FirstTeam Mattermost/button_Town Square' is clicked on

2019-12-22 02:34:13 - [TEST_STEP][PASSED] - click(findTestObject("Object Repository/Page_Town Square - FirstTeam Mattermost/button_View Info")): Object: 'Object Repository/Page_Town Square - FirstTeam Mattermost/button_View Info' is clicked on

2019-12-22 02:34:13 - [MESSAGE][PASSED] - Object: 'Object Repository/Page_Town Square - FirstTeam Mattermost/button_View Info' is clicked on

2019-12-22 02:34:13 - [TEST_STEP][PASSED] - click(findTestObject("Object Repository/Page_Town Square - FirstTeam Mattermost/div_httpscs300testautomaticherokuappcomfirs_90a714")): Object: 'Object Repository/Page_Town Square - FirstTeam Mattermost/div_httpscs300testautomaticherokuappcomfirs_90a714' is clicked on

2019-12-22 02:34:13 - [MESSAGE][PASSED] - Object: 'Object Repository/Page_Town Square - FirstTeam Mattermost/div_httpscs300testautomaticherokuappcomfirs_90a714' is clicked on

2019-12-22 02:34:13 - [TEST_STEP][PASSED] - click(findTestObject("Object Repository/Page_Town Square - FirstTeam Mattermost/p_ZZZZZ")): Object: 'Object Repository/Page_Town Square - FirstTeam Mattermost/p_ZZZZZ' is clicked on

2019-12-22 02:34:14 - [MESSAGE][PASSED] - Object: 'Object Repository/Page_Town Square - FirstTeam Mattermost/p_ZZZZZ' is clicked on

2019-12-22 02:34:14 - [TEST_STEP][PASSED] - click(findTestObject("Object Repository/Page_Town Square - FirstTeam Mattermost/div_More")): Object: 'Object Repository/Page_Town Square - FirstTeam Mattermost/div_More' is clicked on

2019-12-22 02:34:14 - [MESSAGE][PASSED] - Object: 'Object Repository/Page_Town Square - FirstTeam Mattermost/div_More' is clicked on

2019-12-22 02:34:14 - [TEST_STEP][PASSED] - click(findTestObject("Page_Town Square - FirstTeam Mattermost/span_")): Object: 'Object Repository/Page_Town Square - FirstTeam Mattermost/span_' is clicked on

2019-12-22 02:34:14 - [MESSAGE][PASSED] - Object: 'Object Repository/Page_Town Square - FirstTeam Mattermost/span_' is clicked on

2019-12-22 02:34:14 - [TEST_STEP][PASSED] - closeBrowser(): Browser is closed

2019-12-22 02:34:16 - [MESSAGE][PASSED] - Browser is closed]]></system-out>
         <system-err><![CDATA[]]></system-err>
      </testcase>
      <testcase name="Test Cases/TestCase34MuteChannel" time="18.667" classname="Test Cases/TestCase34MuteChannel" status="PASSED">
         <system-out><![CDATA[2019-12-22 02:34:16 - [TEST_CASE][PASSED] - Test Cases/TestCase34MuteChannel: Test Cases/TestCase34MuteChannel

2019-12-22 02:34:16 - [TEST_STEP][PASSED] - openBrowser(""): Browser is opened with url: ''

2019-12-22 02:34:16 - [MESSAGE][INFO] - Starting 'Firefox (headless)' driver

2019-12-22 02:34:19 - [MESSAGE][PASSED] - Browser is opened with url: ''

2019-12-22 02:34:19 - [TEST_STEP][PASSED] - navigateToUrl("https://cs300testautomatic.herokuapp.com/"): Navigate to 'https://cs300testautomatic.herokuapp.com/' successfully

2019-12-22 02:34:26 - [MESSAGE][PASSED] - Navigate to 'https://cs300testautomatic.herokuapp.com/' successfully

2019-12-22 02:34:26 - [TEST_STEP][PASSED] - setText(findTestObject("Page_Mattermost/input_All team communication in one place s_703ef5"), "dhieu@apcs.vn"): Text 'dhieu@apcs.vn' is set on object 'Object Repository/Page_Mattermost/input_All team communication in one place s_703ef5'

2019-12-22 02:34:30 - [MESSAGE][PASSED] - Text 'dhieu@apcs.vn' is set on object 'Object Repository/Page_Mattermost/input_All team communication in one place s_703ef5'

2019-12-22 02:34:30 - [TEST_STEP][PASSED] - setEncryptedText(findTestObject("Page_Mattermost/input_All team communication in one place s_2f2733"), "iGDxf8hSRT4="): Text ****** has been set on object 'Object Repository/Page_Mattermost/input_All team communication in one place s_2f2733'

2019-12-22 02:34:30 - [MESSAGE][PASSED] - Text ****** has been set on object 'Object Repository/Page_Mattermost/input_All team communication in one place s_2f2733'

2019-12-22 02:34:30 - [TEST_STEP][PASSED] - sendKeys(findTestObject("Page_Mattermost/input_All team communication in one place s_2f2733"), Keys.chord(ENTER)): Keys 'ENTER + ' sent to object: 'Object Repository/Page_Mattermost/input_All team communication in one place s_2f2733'

2019-12-22 02:34:30 - [MESSAGE][PASSED] - Keys 'ENTER + ' sent to object: 'Object Repository/Page_Mattermost/input_All team communication in one place s_2f2733'

2019-12-22 02:34:30 - [TEST_STEP][PASSED] - click(findTestObject("Page_Town Square - FirstTeam Mattermost/button_Town Square")): Object: 'Object Repository/Page_Town Square - FirstTeam Mattermost/button_Town Square' is clicked on

2019-12-22 02:34:33 - [MESSAGE][PASSED] - Object: 'Object Repository/Page_Town Square - FirstTeam Mattermost/button_Town Square' is clicked on

2019-12-22 02:34:33 - [TEST_STEP][PASSED] - click(findTestObject("Object Repository/Page_Town Square - FirstTeam Mattermost/button_Mute Channel")): Object: 'Object Repository/Page_Town Square - FirstTeam Mattermost/button_Mute Channel' is clicked on

2019-12-22 02:34:33 - [MESSAGE][PASSED] - Object: 'Object Repository/Page_Town Square - FirstTeam Mattermost/button_Mute Channel' is clicked on

2019-12-22 02:34:33 - [TEST_STEP][PASSED] - closeBrowser(): Browser is closed

2019-12-22 02:34:34 - [MESSAGE][PASSED] - Browser is closed]]></system-out>
         <system-err><![CDATA[]]></system-err>
      </testcase>
      <testcase name="Test Cases/TestCase35UnmuteChannel" time="20.15" classname="Test Cases/TestCase35UnmuteChannel" status="PASSED">
         <system-out><![CDATA[2019-12-22 02:34:34 - [TEST_CASE][PASSED] - Test Cases/TestCase35UnmuteChannel: Test Cases/TestCase35UnmuteChannel

2019-12-22 02:34:34 - [TEST_STEP][PASSED] - openBrowser(""): Browser is opened with url: ''

2019-12-22 02:34:34 - [MESSAGE][INFO] - Starting 'Firefox (headless)' driver

2019-12-22 02:34:37 - [MESSAGE][PASSED] - Browser is opened with url: ''

2019-12-22 02:34:37 - [TEST_STEP][PASSED] - navigateToUrl("https://cs300testautomatic.herokuapp.com/"): Navigate to 'https://cs300testautomatic.herokuapp.com/' successfully

2019-12-22 02:34:42 - [MESSAGE][PASSED] - Navigate to 'https://cs300testautomatic.herokuapp.com/' successfully

2019-12-22 02:34:42 - [TEST_STEP][PASSED] - setText(findTestObject("Page_Mattermost/input_All team communication in one place s_703ef5"), "dhieu@apcs.vn"): Text 'dhieu@apcs.vn' is set on object 'Object Repository/Page_Mattermost/input_All team communication in one place s_703ef5'

2019-12-22 02:34:50 - [MESSAGE][PASSED] - Text 'dhieu@apcs.vn' is set on object 'Object Repository/Page_Mattermost/input_All team communication in one place s_703ef5'

2019-12-22 02:34:50 - [TEST_STEP][PASSED] - setEncryptedText(findTestObject("Page_Mattermost/input_All team communication in one place s_2f2733"), "iGDxf8hSRT4="): Text ****** has been set on object 'Object Repository/Page_Mattermost/input_All team communication in one place s_2f2733'

2019-12-22 02:34:50 - [MESSAGE][PASSED] - Text ****** has been set on object 'Object Repository/Page_Mattermost/input_All team communication in one place s_2f2733'

2019-12-22 02:34:50 - [TEST_STEP][PASSED] - sendKeys(findTestObject("Page_Mattermost/input_All team communication in one place s_2f2733"), Keys.chord(ENTER)): Keys 'ENTER + ' sent to object: 'Object Repository/Page_Mattermost/input_All team communication in one place s_2f2733'

2019-12-22 02:34:50 - [MESSAGE][PASSED] - Keys 'ENTER + ' sent to object: 'Object Repository/Page_Mattermost/input_All team communication in one place s_2f2733'

2019-12-22 02:34:50 - [TEST_STEP][PASSED] - click(findTestObject("Object Repository/Page_Town Square - FirstTeam Mattermost/span_Town Square_channelHeaderDropdownIcon")): Object: 'Object Repository/Page_Town Square - FirstTeam Mattermost/span_Town Square_channelHeaderDropdownIcon' is clicked on

2019-12-22 02:34:53 - [MESSAGE][PASSED] - Object: 'Object Repository/Page_Town Square - FirstTeam Mattermost/span_Town Square_channelHeaderDropdownIcon' is clicked on

2019-12-22 02:34:53 - [TEST_STEP][PASSED] - click(findTestObject("Object Repository/Page_Town Square - FirstTeam Mattermost/button_Unmute Channel")): Object: 'Object Repository/Page_Town Square - FirstTeam Mattermost/button_Unmute Channel' is clicked on

2019-12-22 02:34:53 - [MESSAGE][PASSED] - Object: 'Object Repository/Page_Town Square - FirstTeam Mattermost/button_Unmute Channel' is clicked on

2019-12-22 02:34:53 - [TEST_STEP][PASSED] - closeBrowser(): Browser is closed

2019-12-22 02:34:54 - [MESSAGE][PASSED] - Browser is closed]]></system-out>
         <system-err><![CDATA[]]></system-err>
      </testcase>
      <testcase name="Test Cases/TestCase36EditNotificationPreferencesChannel" time="173.814" classname="Test Cases/TestCase36EditNotificationPreferencesChannel" status="PASSED">
         <system-out><![CDATA[2019-12-22 02:34:54 - [TEST_CASE][PASSED] - Test Cases/TestCase36EditNotificationPreferencesChannel: Test Cases/TestCase36EditNotificationPreferencesChannel

2019-12-22 02:34:54 - [TEST_STEP][PASSED] - openBrowser(""): Browser is opened with url: ''

2019-12-22 02:34:54 - [MESSAGE][INFO] - Starting 'Firefox (headless)' driver

2019-12-22 02:34:57 - [MESSAGE][PASSED] - Browser is opened with url: ''

2019-12-22 02:34:57 - [TEST_STEP][PASSED] - navigateToUrl("https://cs300testautomatic.herokuapp.com/"): Navigate to 'https://cs300testautomatic.herokuapp.com/' successfully

2019-12-22 02:35:02 - [MESSAGE][PASSED] - Navigate to 'https://cs300testautomatic.herokuapp.com/' successfully

2019-12-22 02:35:02 - [TEST_STEP][PASSED] - setText(findTestObject("Page_Mattermost/input_All team communication in one place s_703ef5"), "dhieu@apcs.vn"): Text 'dhieu@apcs.vn' is set on object 'Object Repository/Page_Mattermost/input_All team communication in one place s_703ef5'

2019-12-22 02:35:05 - [MESSAGE][PASSED] - Text 'dhieu@apcs.vn' is set on object 'Object Repository/Page_Mattermost/input_All team communication in one place s_703ef5'

2019-12-22 02:35:05 - [TEST_STEP][PASSED] - setEncryptedText(findTestObject("Page_Mattermost/input_All team communication in one place s_2f2733"), "iGDxf8hSRT4="): Text ****** has been set on object 'Object Repository/Page_Mattermost/input_All team communication in one place s_2f2733'

2019-12-22 02:35:05 - [MESSAGE][PASSED] - Text ****** has been set on object 'Object Repository/Page_Mattermost/input_All team communication in one place s_2f2733'

2019-12-22 02:35:05 - [TEST_STEP][PASSED] - sendKeys(findTestObject("Page_Mattermost/input_All team communication in one place s_2f2733"), Keys.chord(ENTER)): Keys 'ENTER + ' sent to object: 'Object Repository/Page_Mattermost/input_All team communication in one place s_2f2733'

2019-12-22 02:35:05 - [MESSAGE][PASSED] - Keys 'ENTER + ' sent to object: 'Object Repository/Page_Mattermost/input_All team communication in one place s_2f2733'

2019-12-22 02:35:05 - [TEST_STEP][PASSED] - click(findTestObject("Object Repository/Page_Town Square - FirstTeam Mattermost/span_Off-Topic")): Object: 'Object Repository/Page_Town Square - FirstTeam Mattermost/span_Off-Topic' is clicked on

2019-12-22 02:35:36 - [MESSAGE][INFO] - Unable to find the element located by 'By.xpath: //a[@id='sidebarItem_off-topic']/span[2]/span'. Please recheck the objects properties to make sure the desired element is located. 

2019-12-22 02:35:36 - [MESSAGE][INFO] - [SMART_XPATH] Auto-trying out other XPath values in the test object.

2019-12-22 02:35:36 - [MESSAGE][INFO] - [SMART_XPATH] FAILED XPATH: '//a[@id='sidebarItem_off-topic']/span[2]/span'.

2019-12-22 02:35:36 - [MESSAGE][INFO] - [SMART_XPATH] WORKING XPATH: '(.//*[normalize-space(text()) and normalize-space(.)='+'])[2]/following::span[3]'.

2019-12-22 02:35:36 - [MESSAGE][INFO] - [SMART_XPATH] Screenshot: D:/Learning/School/2019-2020-HK1/CS300/CS300AutomaticWebTesting/Reports/smart_xpath/Object Repository/Page_Town Square - FirstTeam Mattermost/span_Off-Topic_neighbor_29.png

2019-12-22 02:35:36 - [MESSAGE][INFO] - [SMART_XPATH] WORKING XPATH: '(.//*[normalize-space(text()) and normalize-space(.)='PUBLIC CHANNELS'])[1]/following::span[4]'.

2019-12-22 02:35:36 - [MESSAGE][INFO] - [SMART_XPATH] Screenshot: D:/Learning/School/2019-2020-HK1/CS300/CS300AutomaticWebTesting/Reports/smart_xpath/Object Repository/Page_Town Square - FirstTeam Mattermost/span_Off-Topic_neighbor_30.png

2019-12-22 02:35:36 - [MESSAGE][INFO] - [SMART_XPATH] WORKING XPATH: '(.//*[normalize-space(text()) and normalize-space(.)='Town Square'])[1]/preceding::span[2]'.

2019-12-22 02:35:36 - [MESSAGE][INFO] - [SMART_XPATH] Screenshot: D:/Learning/School/2019-2020-HK1/CS300/CS300AutomaticWebTesting/Reports/smart_xpath/Object Repository/Page_Town Square - FirstTeam Mattermost/span_Off-Topic_neighbor_31.png

2019-12-22 02:35:36 - [MESSAGE][INFO] - [SMART_XPATH] WORKING XPATH: '(.//*[normalize-space(text()) and normalize-space(.)='More...'])[1]/preceding::span[4]'.

2019-12-22 02:35:36 - [MESSAGE][INFO] - [SMART_XPATH] Screenshot: D:/Learning/School/2019-2020-HK1/CS300/CS300AutomaticWebTesting/Reports/smart_xpath/Object Repository/Page_Town Square - FirstTeam Mattermost/span_Off-Topic_neighbor_32.png

2019-12-22 02:35:36 - [MESSAGE][INFO] - [SMART_XPATH] FAILED XPATH: '//*/text()[normalize-space(.)='Off-Topic']/parent::*'.

2019-12-22 02:35:36 - [MESSAGE][INFO] - [SMART_XPATH] WORKING XPATH: '//span[2]/span'.

2019-12-22 02:35:37 - [MESSAGE][INFO] - [SMART_XPATH] Screenshot: D:/Learning/School/2019-2020-HK1/CS300/CS300AutomaticWebTesting/Reports/smart_xpath/Object Repository/Page_Town Square - FirstTeam Mattermost/span_Off-Topic_position.png

2019-12-22 02:35:37 - [MESSAGE][ERROR] - [SMART_XPATH] D:\Learning\School\2019-2020-HK1\CS300\CS300AutomaticWebTesting\Reports\smart_xpath\waiting-for-approval.json (The system cannot find the file specified)

2019-12-22 02:35:37 - [MESSAGE][ERROR] - [SMART_XPATH] D:/Learning/School/2019-2020-HK1/CS300/CS300AutomaticWebTesting/Reports/smart_xpath/waiting-for-approval.json does not exist or is provided by Smart XPath Plugin!

2019-12-22 02:35:37 - [MESSAGE][INFO] - [SMART_XPATH] Selected Smart XPath: '(.//*[normalize-space(text()) and normalize-space(.)='+'])[2]/following::span[3]'.

2019-12-22 02:35:37 - [MESSAGE][INFO] - [SMART_XPATH] Continuing executing the test case!

2019-12-22 02:35:37 - [MESSAGE][PASSED] - Object: 'Object Repository/Page_Town Square - FirstTeam Mattermost/span_Off-Topic' is clicked on

2019-12-22 02:35:37 - [TEST_STEP][PASSED] - click(findTestObject("Object Repository/Page_Off-Topic - FirstTeam Mattermost/span_Off-Topic_channelHeaderDropdownIcon")): Object: 'Object Repository/Page_Off-Topic - FirstTeam Mattermost/span_Off-Topic_channelHeaderDropdownIcon' is clicked on

2019-12-22 02:35:37 - [MESSAGE][PASSED] - Object: 'Object Repository/Page_Off-Topic - FirstTeam Mattermost/span_Off-Topic_channelHeaderDropdownIcon' is clicked on

2019-12-22 02:35:37 - [TEST_STEP][PASSED] - click(findTestObject("Object Repository/Page_Off-Topic - FirstTeam Mattermost/button_Notification Preferences")): Object: 'Object Repository/Page_Off-Topic - FirstTeam Mattermost/button_Notification Preferences' is clicked on

2019-12-22 02:35:37 - [MESSAGE][PASSED] - Object: 'Object Repository/Page_Off-Topic - FirstTeam Mattermost/button_Notification Preferences' is clicked on

2019-12-22 02:35:37 - [TEST_STEP][PASSED] - click(findTestObject("Object Repository/Page_Off-Topic - FirstTeam Mattermost/span_Edit")): Object: 'Object Repository/Page_Off-Topic - FirstTeam Mattermost/span_Edit' is clicked on

2019-12-22 02:35:38 - [MESSAGE][PASSED] - Object: 'Object Repository/Page_Off-Topic - FirstTeam Mattermost/span_Edit' is clicked on

2019-12-22 02:35:38 - [TEST_STEP][PASSED] - click(findTestObject("Object Repository/Page_Off-Topic - FirstTeam Mattermost/input_Mute channel_channelNotificationMute")): Object: 'Object Repository/Page_Off-Topic - FirstTeam Mattermost/input_Mute channel_channelNotificationMute' is clicked on

2019-12-22 02:35:38 - [MESSAGE][PASSED] - Object: 'Object Repository/Page_Off-Topic - FirstTeam Mattermost/input_Mute channel_channelNotificationMute' is clicked on

2019-12-22 02:35:38 - [TEST_STEP][PASSED] - click(findTestObject("Object Repository/Page_Off-Topic - FirstTeam Mattermost/span_Save")): Object: 'Object Repository/Page_Off-Topic - FirstTeam Mattermost/span_Save' is clicked on

2019-12-22 02:35:38 - [MESSAGE][PASSED] - Object: 'Object Repository/Page_Off-Topic - FirstTeam Mattermost/span_Save' is clicked on

2019-12-22 02:35:38 - [TEST_STEP][PASSED] - click(findTestObject("Object Repository/Page_Off-Topic - FirstTeam Mattermost/span_Edit")): Object: 'Object Repository/Page_Off-Topic - FirstTeam Mattermost/span_Edit' is clicked on

2019-12-22 02:35:39 - [MESSAGE][PASSED] - Object: 'Object Repository/Page_Off-Topic - FirstTeam Mattermost/span_Edit' is clicked on

2019-12-22 02:35:39 - [TEST_STEP][PASSED] - click(findTestObject("Object Repository/Page_Off-Topic - FirstTeam Mattermost/li_OnOffWhen enabled channel here and all w_65cb61")): Object: 'Object Repository/Page_Off-Topic - FirstTeam Mattermost/li_OnOffWhen enabled channel here and all w_65cb61' is clicked on

2019-12-22 02:36:10 - [MESSAGE][INFO] - Unable to find the element located by 'By.xpath: (.//*[normalize-space(text()) and normalize-space(.)='Ignore mentions for @channel, @here and @all'])[1]/following::li[1]'. Please recheck the objects properties to make sure the desired element is located. 

2019-12-22 02:36:10 - [MESSAGE][INFO] - [SMART_XPATH] Auto-trying out other XPath values in the test object.

2019-12-22 02:36:10 - [MESSAGE][INFO] - [SMART_XPATH] FAILED XPATH: '(.//*[normalize-space(text()) and normalize-space(.)='Ignore mentions for @channel, @here and @all'])[1]/following::li[1]'.

2019-12-22 02:36:10 - [MESSAGE][INFO] - [SMART_XPATH] FAILED XPATH: '(.//*[normalize-space(text()) and normalize-space(.)='Mute is enabled. Desktop, email and push notifications will not be sent for this channel.'])[1]/following::li[2]'.

2019-12-22 02:36:10 - [MESSAGE][INFO] - [SMART_XPATH] WORKING XPATH: '//div[2]/div/div/div/ul/li[2]'.

2019-12-22 02:36:10 - [MESSAGE][INFO] - [SMART_XPATH] Screenshot: D:/Learning/School/2019-2020-HK1/CS300/CS300AutomaticWebTesting/Reports/smart_xpath/Object Repository/Page_Off-Topic - FirstTeam Mattermost/li_OnOffWhen enabled channel here and all w_65cb61_position.png

2019-12-22 02:36:10 - [MESSAGE][ERROR] - [SMART_XPATH] D:\Learning\School\2019-2020-HK1\CS300\CS300AutomaticWebTesting\Reports\smart_xpath\waiting-for-approval.json (The system cannot find the file specified)

2019-12-22 02:36:10 - [MESSAGE][ERROR] - [SMART_XPATH] D:/Learning/School/2019-2020-HK1/CS300/CS300AutomaticWebTesting/Reports/smart_xpath/waiting-for-approval.json does not exist or is provided by Smart XPath Plugin!

2019-12-22 02:36:10 - [MESSAGE][INFO] - [SMART_XPATH] Selected Smart XPath: '//div[2]/div/div/div/ul/li[2]'.

2019-12-22 02:36:10 - [MESSAGE][INFO] - [SMART_XPATH] Continuing executing the test case!

2019-12-22 02:36:11 - [MESSAGE][PASSED] - Object: 'Object Repository/Page_Off-Topic - FirstTeam Mattermost/li_OnOffWhen enabled channel here and all w_65cb61' is clicked on

2019-12-22 02:36:11 - [TEST_STEP][PASSED] - click(findTestObject("Object Repository/Page_Off-Topic - FirstTeam Mattermost/label_On")): Object: 'Object Repository/Page_Off-Topic - FirstTeam Mattermost/label_On' is clicked on

2019-12-22 02:36:42 - [MESSAGE][INFO] - Unable to find the element located by 'By.xpath: (.//*[normalize-space(text()) and normalize-space(.)='Ignore mentions for @channel, @here and @all'])[1]/following::label[1]'. Please recheck the objects properties to make sure the desired element is located. 

2019-12-22 02:36:42 - [MESSAGE][INFO] - [SMART_XPATH] Auto-trying out other XPath values in the test object.

2019-12-22 02:36:42 - [MESSAGE][INFO] - [SMART_XPATH] FAILED XPATH: '(.//*[normalize-space(text()) and normalize-space(.)='Ignore mentions for @channel, @here and @all'])[1]/following::label[1]'.

2019-12-22 02:36:42 - [MESSAGE][INFO] - [SMART_XPATH] FAILED XPATH: '(.//*[normalize-space(text()) and normalize-space(.)='Mute is enabled. Desktop, email and push notifications will not be sent for this channel.'])[1]/following::label[1]'.

2019-12-22 02:36:42 - [MESSAGE][INFO] - [SMART_XPATH] WORKING XPATH: '(.//*[normalize-space(text()) and normalize-space(.)='Off'])[1]/preceding::label[1]'.

2019-12-22 02:36:42 - [MESSAGE][INFO] - [SMART_XPATH] Screenshot: D:/Learning/School/2019-2020-HK1/CS300/CS300AutomaticWebTesting/Reports/smart_xpath/Object Repository/Page_Off-Topic - FirstTeam Mattermost/label_On_neighbor_31.png

2019-12-22 02:36:42 - [MESSAGE][INFO] - [SMART_XPATH] WORKING XPATH: '//label'.

2019-12-22 02:36:42 - [MESSAGE][INFO] - [SMART_XPATH] Screenshot: D:/Learning/School/2019-2020-HK1/CS300/CS300AutomaticWebTesting/Reports/smart_xpath/Object Repository/Page_Off-Topic - FirstTeam Mattermost/label_On_position.png

2019-12-22 02:36:42 - [MESSAGE][ERROR] - [SMART_XPATH] D:\Learning\School\2019-2020-HK1\CS300\CS300AutomaticWebTesting\Reports\smart_xpath\waiting-for-approval.json (The system cannot find the file specified)

2019-12-22 02:36:42 - [MESSAGE][ERROR] - [SMART_XPATH] D:/Learning/School/2019-2020-HK1/CS300/CS300AutomaticWebTesting/Reports/smart_xpath/waiting-for-approval.json does not exist or is provided by Smart XPath Plugin!

2019-12-22 02:36:42 - [MESSAGE][INFO] - [SMART_XPATH] Selected Smart XPath: '(.//*[normalize-space(text()) and normalize-space(.)='Off'])[1]/preceding::label[1]'.

2019-12-22 02:36:42 - [MESSAGE][INFO] - [SMART_XPATH] Continuing executing the test case!

2019-12-22 02:36:42 - [MESSAGE][PASSED] - Object: 'Object Repository/Page_Off-Topic - FirstTeam Mattermost/label_On' is clicked on

2019-12-22 02:36:42 - [TEST_STEP][PASSED] - click(findTestObject("Object Repository/Page_Off-Topic - FirstTeam Mattermost/button_Save")): Object: 'Object Repository/Page_Off-Topic - FirstTeam Mattermost/button_Save' is clicked on

2019-12-22 02:36:42 - [MESSAGE][PASSED] - Object: 'Object Repository/Page_Off-Topic - FirstTeam Mattermost/button_Save' is clicked on

2019-12-22 02:36:42 - [TEST_STEP][PASSED] - click(findTestObject("Object Repository/Page_Off-Topic - FirstTeam Mattermost/button_Edit")): Object: 'Object Repository/Page_Off-Topic - FirstTeam Mattermost/button_Edit' is clicked on

2019-12-22 02:36:43 - [MESSAGE][PASSED] - Object: 'Object Repository/Page_Off-Topic - FirstTeam Mattermost/button_Edit' is clicked on

2019-12-22 02:36:43 - [TEST_STEP][PASSED] - click(findTestObject("Object Repository/Page_Off-Topic - FirstTeam Mattermost/li_OnOffMuting turns off desktop email and _95114b")): Object: 'Object Repository/Page_Off-Topic - FirstTeam Mattermost/li_OnOffMuting turns off desktop email and _95114b' is clicked on

2019-12-22 02:36:43 - [MESSAGE][PASSED] - Object: 'Object Repository/Page_Off-Topic - FirstTeam Mattermost/li_OnOffMuting turns off desktop email and _95114b' is clicked on

2019-12-22 02:36:43 - [TEST_STEP][PASSED] - click(findTestObject("Object Repository/Page_Off-Topic - FirstTeam Mattermost/span_Save")): Object: 'Object Repository/Page_Off-Topic - FirstTeam Mattermost/span_Save' is clicked on

2019-12-22 02:36:43 - [MESSAGE][PASSED] - Object: 'Object Repository/Page_Off-Topic - FirstTeam Mattermost/span_Save' is clicked on

2019-12-22 02:36:43 - [TEST_STEP][PASSED] - click(findTestObject("Object Repository/Page_Off-Topic - FirstTeam Mattermost/span_Edit")): Object: 'Object Repository/Page_Off-Topic - FirstTeam Mattermost/span_Edit' is clicked on

2019-12-22 02:36:44 - [MESSAGE][PASSED] - Object: 'Object Repository/Page_Off-Topic - FirstTeam Mattermost/span_Edit' is clicked on

2019-12-22 02:36:44 - [TEST_STEP][PASSED] - click(findTestObject("Object Repository/Page_Off-Topic - FirstTeam Mattermost/span_Edit")): Object: 'Object Repository/Page_Off-Topic - FirstTeam Mattermost/span_Edit' is clicked on

2019-12-22 02:37:14 - [MESSAGE][INFO] - Unable to find the element located by 'By.xpath: //button[@id='markUnreadEdit']/span'. Please recheck the objects properties to make sure the desired element is located. 

2019-12-22 02:37:14 - [MESSAGE][INFO] - [SMART_XPATH] Auto-trying out other XPath values in the test object.

2019-12-22 02:37:14 - [MESSAGE][INFO] - [SMART_XPATH] FAILED XPATH: '//button[@id='markUnreadEdit']/span'.

2019-12-22 02:37:14 - [MESSAGE][INFO] - [SMART_XPATH] WORKING XPATH: '(.//*[normalize-space(text()) and normalize-space(.)='Mute channel'])[1]/following::span[1]'.

2019-12-22 02:37:15 - [MESSAGE][INFO] - [SMART_XPATH] Screenshot: D:/Learning/School/2019-2020-HK1/CS300/CS300AutomaticWebTesting/Reports/smart_xpath/Object Repository/Page_Off-Topic - FirstTeam Mattermost/span_Edit_neighbor_32.png

2019-12-22 02:37:15 - [MESSAGE][INFO] - [SMART_XPATH] FAILED XPATH: '(.//*[normalize-space(text()) and normalize-space(.)='Off-Topic'])[4]/following::span[2]'.

2019-12-22 02:37:15 - [MESSAGE][INFO] - [SMART_XPATH] WORKING XPATH: '(.//*[normalize-space(text()) and normalize-space(.)='Off'])[1]/preceding::span[1]'.

2019-12-22 02:37:15 - [MESSAGE][INFO] - [SMART_XPATH] Screenshot: D:/Learning/School/2019-2020-HK1/CS300/CS300AutomaticWebTesting/Reports/smart_xpath/Object Repository/Page_Off-Topic - FirstTeam Mattermost/span_Edit_neighbor_33.png

2019-12-22 02:37:15 - [MESSAGE][INFO] - [SMART_XPATH] WORKING XPATH: '(.//*[normalize-space(text()) and normalize-space(.)='Ignore mentions for @channel, @here and @all'])[1]/preceding::span[2]'.

2019-12-22 02:37:15 - [MESSAGE][INFO] - [SMART_XPATH] Screenshot: D:/Learning/School/2019-2020-HK1/CS300/CS300AutomaticWebTesting/Reports/smart_xpath/Object Repository/Page_Off-Topic - FirstTeam Mattermost/span_Edit_neighbor_34.png

2019-12-22 02:37:15 - [MESSAGE][INFO] - [SMART_XPATH] WORKING XPATH: '//*/text()[normalize-space(.)='Edit']/parent::*'.

2019-12-22 02:37:15 - [MESSAGE][INFO] - [SMART_XPATH] Screenshot: D:/Learning/School/2019-2020-HK1/CS300/CS300AutomaticWebTesting/Reports/smart_xpath/Object Repository/Page_Off-Topic - FirstTeam Mattermost/span_Edit_neighbor_35.png

2019-12-22 02:37:15 - [MESSAGE][INFO] - [SMART_XPATH] WORKING XPATH: '//div/div[2]/button/span'.

2019-12-22 02:37:15 - [MESSAGE][INFO] - [SMART_XPATH] Screenshot: D:/Learning/School/2019-2020-HK1/CS300/CS300AutomaticWebTesting/Reports/smart_xpath/Object Repository/Page_Off-Topic - FirstTeam Mattermost/span_Edit_position.png

2019-12-22 02:37:15 - [MESSAGE][ERROR] - [SMART_XPATH] D:\Learning\School\2019-2020-HK1\CS300\CS300AutomaticWebTesting\Reports\smart_xpath\waiting-for-approval.json (The system cannot find the file specified)

2019-12-22 02:37:15 - [MESSAGE][ERROR] - [SMART_XPATH] D:/Learning/School/2019-2020-HK1/CS300/CS300AutomaticWebTesting/Reports/smart_xpath/waiting-for-approval.json does not exist or is provided by Smart XPath Plugin!

2019-12-22 02:37:15 - [MESSAGE][INFO] - [SMART_XPATH] Selected Smart XPath: '(.//*[normalize-space(text()) and normalize-space(.)='Mute channel'])[1]/following::span[1]'.

2019-12-22 02:37:15 - [MESSAGE][INFO] - [SMART_XPATH] Continuing executing the test case!

2019-12-22 02:37:15 - [MESSAGE][PASSED] - Object: 'Object Repository/Page_Off-Topic - FirstTeam Mattermost/span_Edit' is clicked on

2019-12-22 02:37:15 - [TEST_STEP][PASSED] - click(findTestObject("Object Repository/Page_Off-Topic - FirstTeam Mattermost/label_Never")): Object: 'Object Repository/Page_Off-Topic - FirstTeam Mattermost/label_Never' is clicked on

2019-12-22 02:37:46 - [MESSAGE][INFO] - Unable to find the element located by 'By.xpath: (.//*[normalize-space(text()) and normalize-space(.)='Only for mentions'])[1]/following::label[1]'. Please recheck the objects properties to make sure the desired element is located. 

2019-12-22 02:37:46 - [MESSAGE][INFO] - [SMART_XPATH] Auto-trying out other XPath values in the test object.

2019-12-22 02:37:46 - [MESSAGE][INFO] - [SMART_XPATH] FAILED XPATH: '(.//*[normalize-space(text()) and normalize-space(.)='Only for mentions'])[1]/following::label[1]'.

2019-12-22 02:37:46 - [MESSAGE][INFO] - [SMART_XPATH] FAILED XPATH: '(.//*[normalize-space(text()) and normalize-space(.)='For all activity'])[1]/following::label[2]'.

2019-12-22 02:37:46 - [MESSAGE][INFO] - [SMART_XPATH] WORKING XPATH: '(.//*[normalize-space(text()) and normalize-space(.)='Save'])[1]/preceding::label[1]'.

2019-12-22 02:37:47 - [MESSAGE][INFO] - [SMART_XPATH] Screenshot: D:/Learning/School/2019-2020-HK1/CS300/CS300AutomaticWebTesting/Reports/smart_xpath/Object Repository/Page_Off-Topic - FirstTeam Mattermost/label_Never_neighbor_33.png

2019-12-22 02:37:47 - [MESSAGE][INFO] - [SMART_XPATH] FAILED XPATH: '//div[4]/label'.

2019-12-22 02:37:47 - [MESSAGE][ERROR] - [SMART_XPATH] D:\Learning\School\2019-2020-HK1\CS300\CS300AutomaticWebTesting\Reports\smart_xpath\waiting-for-approval.json (The system cannot find the file specified)

2019-12-22 02:37:47 - [MESSAGE][ERROR] - [SMART_XPATH] D:/Learning/School/2019-2020-HK1/CS300/CS300AutomaticWebTesting/Reports/smart_xpath/waiting-for-approval.json does not exist or is provided by Smart XPath Plugin!

2019-12-22 02:37:47 - [MESSAGE][INFO] - [SMART_XPATH] Selected Smart XPath: '(.//*[normalize-space(text()) and normalize-space(.)='Save'])[1]/preceding::label[1]'.

2019-12-22 02:37:47 - [MESSAGE][INFO] - [SMART_XPATH] Continuing executing the test case!

2019-12-22 02:37:47 - [MESSAGE][PASSED] - Object: 'Object Repository/Page_Off-Topic - FirstTeam Mattermost/label_Never' is clicked on

2019-12-22 02:37:47 - [TEST_STEP][PASSED] - click(findTestObject("Object Repository/Page_Off-Topic - FirstTeam Mattermost/span_Save")): Object: 'Object Repository/Page_Off-Topic - FirstTeam Mattermost/span_Save' is clicked on

2019-12-22 02:37:47 - [MESSAGE][PASSED] - Object: 'Object Repository/Page_Off-Topic - FirstTeam Mattermost/span_Save' is clicked on

2019-12-22 02:37:47 - [TEST_STEP][PASSED] - click(findTestObject("Object Repository/Page_Off-Topic - FirstTeam Mattermost/span_")): Object: 'Object Repository/Page_Off-Topic - FirstTeam Mattermost/span_' is clicked on

2019-12-22 02:37:48 - [MESSAGE][PASSED] - Object: 'Object Repository/Page_Off-Topic - FirstTeam Mattermost/span_' is clicked on

2019-12-22 02:37:48 - [TEST_STEP][PASSED] - closeBrowser(): Browser is closed

2019-12-22 02:37:48 - [MESSAGE][PASSED] - Browser is closed]]></system-out>
         <system-err><![CDATA[]]></system-err>
      </testcase>
      <testcase name="Test Cases/TestCase37SearchMessage" time="16.095" classname="Test Cases/TestCase37SearchMessage" status="PASSED">
         <system-out><![CDATA[2019-12-22 02:37:48 - [TEST_CASE][PASSED] - Test Cases/TestCase37SearchMessage: Test Cases/TestCase37SearchMessage

2019-12-22 02:37:48 - [TEST_STEP][PASSED] - openBrowser(""): Browser is opened with url: ''

2019-12-22 02:37:48 - [MESSAGE][INFO] - Starting 'Firefox (headless)' driver

2019-12-22 02:37:52 - [MESSAGE][PASSED] - Browser is opened with url: ''

2019-12-22 02:37:52 - [TEST_STEP][PASSED] - navigateToUrl("https://cs300testautomatic.herokuapp.com/"): Navigate to 'https://cs300testautomatic.herokuapp.com/' successfully

2019-12-22 02:37:56 - [MESSAGE][PASSED] - Navigate to 'https://cs300testautomatic.herokuapp.com/' successfully

2019-12-22 02:37:56 - [TEST_STEP][PASSED] - setText(findTestObject("Page_Mattermost/input_All team communication in one place s_703ef5 (37)"), "dhieu@apcs.vn"): Text 'dhieu@apcs.vn' is set on object 'Object Repository/Page_Mattermost/input_All team communication in one place s_703ef5 (37)'

2019-12-22 02:38:00 - [MESSAGE][PASSED] - Text 'dhieu@apcs.vn' is set on object 'Object Repository/Page_Mattermost/input_All team communication in one place s_703ef5 (37)'

2019-12-22 02:38:00 - [TEST_STEP][PASSED] - setEncryptedText(findTestObject("Page_Mattermost/input_All team communication in one place s_2f2733 (37)"), "iGDxf8hSRT4="): Text ****** has been set on object 'Object Repository/Page_Mattermost/input_All team communication in one place s_2f2733 (37)'

2019-12-22 02:38:00 - [MESSAGE][PASSED] - Text ****** has been set on object 'Object Repository/Page_Mattermost/input_All team communication in one place s_2f2733 (37)'

2019-12-22 02:38:00 - [TEST_STEP][PASSED] - click(findTestObject("Page_Mattermost/button_Sign in (25)")): Object: 'Object Repository/Page_Mattermost/button_Sign in (25)' is clicked on

2019-12-22 02:38:00 - [MESSAGE][PASSED] - Object: 'Object Repository/Page_Mattermost/button_Sign in (25)' is clicked on

2019-12-22 02:38:00 - [TEST_STEP][PASSED] - click(findTestObject("Object Repository/Page_Town Square - SecondTeam Mattermost/div_Se")): Object: 'Object Repository/Page_Town Square - SecondTeam Mattermost/div_Se' is clicked on

2019-12-22 02:38:02 - [MESSAGE][PASSED] - Object: 'Object Repository/Page_Town Square - SecondTeam Mattermost/div_Se' is clicked on

2019-12-22 02:38:02 - [TEST_STEP][PASSED] - click(findTestObject("Object Repository/Page_Town Square - SecondTeam Mattermost/form_Search OptionsUse quotation marks to s_06ef4b")): Object: 'Object Repository/Page_Town Square - SecondTeam Mattermost/form_Search OptionsUse quotation marks to s_06ef4b' is clicked on

2019-12-22 02:38:03 - [MESSAGE][PASSED] - Object: 'Object Repository/Page_Town Square - SecondTeam Mattermost/form_Search OptionsUse quotation marks to s_06ef4b' is clicked on

2019-12-22 02:38:03 - [TEST_STEP][PASSED] - setText(findTestObject("Object Repository/Page_Town Square - SecondTeam Mattermost/input_Add a channel description_searchBox"), "i search chat"): Text 'i search chat' is set on object 'Object Repository/Page_Town Square - SecondTeam Mattermost/input_Add a channel description_searchBox'

2019-12-22 02:38:03 - [MESSAGE][PASSED] - Text 'i search chat' is set on object 'Object Repository/Page_Town Square - SecondTeam Mattermost/input_Add a channel description_searchBox'

2019-12-22 02:38:03 - [TEST_STEP][PASSED] - sendKeys(findTestObject("Object Repository/Page_Town Square - SecondTeam Mattermost/input_Add a channel description_searchBox"), Keys.chord(ENTER)): Keys 'ENTER + ' sent to object: 'Object Repository/Page_Town Square - SecondTeam Mattermost/input_Add a channel description_searchBox'

2019-12-22 02:38:03 - [MESSAGE][PASSED] - Keys 'ENTER + ' sent to object: 'Object Repository/Page_Town Square - SecondTeam Mattermost/input_Add a channel description_searchBox'

2019-12-22 02:38:03 - [TEST_STEP][PASSED] - click(findTestObject("Object Repository/Page_Town Square - SecondTeam Mattermost/i_Search Results_fa fa-sign-out")): Object: 'Object Repository/Page_Town Square - SecondTeam Mattermost/i_Search Results_fa fa-sign-out' is clicked on

2019-12-22 02:38:03 - [MESSAGE][PASSED] - Object: 'Object Repository/Page_Town Square - SecondTeam Mattermost/i_Search Results_fa fa-sign-out' is clicked on

2019-12-22 02:38:03 - [TEST_STEP][PASSED] - closeBrowser(): Browser is closed

2019-12-22 02:38:04 - [MESSAGE][PASSED] - Browser is closed]]></system-out>
         <system-err><![CDATA[]]></system-err>
      </testcase>
      <testcase name="Test Cases/TestCase38AddHeaderDirectMessage" time="150.975" classname="Test Cases/TestCase38AddHeaderDirectMessage" status="FAILED">
         <failure type="FAILED" message="Test Cases/TestCase38AddHeaderDirectMessage FAILED.
Reason:
com.kms.katalon.core.exception.StepFailedException: Unable to set text 'E' of object 'Object Repository/Page_duy giabeuu surveybot - FirstTeam Mattermost/textarea_Edit the Channel Header_edit_textbox'
	at com.kms.katalon.core.webui.keyword.internal.WebUIKeywordMain.stepFailed(WebUIKeywordMain.groovy:64)
	at com.kms.katalon.core.webui.keyword.internal.WebUIKeywordMain.runKeyword(WebUIKeywordMain.groovy:26)
	at com.kms.katalon.core.webui.keyword.builtin.SetTextKeyword.setText(SetTextKeyword.groovy:66)
	at com.kms.katalon.core.webui.keyword.builtin.SetTextKeyword.execute(SetTextKeyword.groovy:37)
	at com.kms.katalon.core.keyword.internal.KeywordExecutor.executeKeywordForPlatform(KeywordExecutor.groovy:72)
	at com.kms.katalon.core.webui.keyword.WebUiBuiltInKeywords.setText(WebUiBuiltInKeywords.groovy:950)
	at com.kms.katalon.core.webui.keyword.WebUiBuiltInKeywords$setText$1.call(Unknown Source)
	at TestCase38AddHeaderDirectMessage.run(TestCase38AddHeaderDirectMessage:33)
	at com.kms.katalon.core.main.ScriptEngine.run(ScriptEngine.java:194)
	at com.kms.katalon.core.main.ScriptEngine.runScriptAsRawText(ScriptEngine.java:119)
	at com.kms.katalon.core.main.TestCaseExecutor.runScript(TestCaseExecutor.java:337)
	at com.kms.katalon.core.main.TestCaseExecutor.doExecute(TestCaseExecutor.java:328)
	at com.kms.katalon.core.main.TestCaseExecutor.processExecutionPhase(TestCaseExecutor.java:307)
	at com.kms.katalon.core.main.TestCaseExecutor.accessMainPhase(TestCaseExecutor.java:299)
	at com.kms.katalon.core.main.TestCaseExecutor.execute(TestCaseExecutor.java:233)
	at com.kms.katalon.core.main.TestSuiteExecutor.accessTestCaseMainPhase(TestSuiteExecutor.java:169)
	at com.kms.katalon.core.main.TestSuiteExecutor.accessTestSuiteMainPhase(TestSuiteExecutor.java:142)
	at com.kms.katalon.core.main.TestSuiteExecutor.execute(TestSuiteExecutor.java:91)
	at com.kms.katalon.core.main.TestCaseMain.startTestSuite(TestCaseMain.java:157)
	at com.kms.katalon.core.main.TestCaseMain$startTestSuite$0.call(Unknown Source)
	at TempTestSuite1576955103733.run(TempTestSuite1576955103733.groovy:36)
Caused by: com.kms.katalon.core.webui.exception.WebElementNotFoundException: Web element with id: 'Object Repository/Page_duy giabeuu surveybot - FirstTeam Mattermost/textarea_Edit the Channel Header_edit_textbox' located by 'By.xpath: //textarea[@id='edit_textbox']' not found
	at com.kms.katalon.core.webui.common.WebUiCommonHelper.findWebElement(WebUiCommonHelper.java:1154)
	at com.kms.katalon.core.webui.keyword.internal.WebUIAbstractKeyword.findWebElement(WebUIAbstractKeyword.groovy:27)
	at com.kms.katalon.core.webui.keyword.internal.WebUIAbstractKeyword.findWebElement(WebUIAbstractKeyword.groovy:26)
	at com.kms.katalon.core.webui.keyword.builtin.SetTextKeyword$_setText_closure1.doCall(SetTextKeyword.groovy:51)
	at com.kms.katalon.core.webui.keyword.builtin.SetTextKeyword$_setText_closure1.call(SetTextKeyword.groovy)
	at com.kms.katalon.core.webui.keyword.internal.WebUIKeywordMain.runKeyword(WebUIKeywordMain.groovy:20)
	... 19 more
"/>
         <system-out><![CDATA[2019-12-22 02:38:04 - [TEST_CASE][FAILED] - Test Cases/TestCase38AddHeaderDirectMessage: Test Cases/TestCase38AddHeaderDirectMessage FAILED.
Reason:
com.kms.katalon.core.exception.StepFailedException: Unable to set text 'E' of object 'Object Repository/Page_duy giabeuu surveybot - FirstTeam Mattermost/textarea_Edit the Channel Header_edit_textbox'
	at com.kms.katalon.core.webui.keyword.internal.WebUIKeywordMain.stepFailed(WebUIKeywordMain.groovy:64)
	at com.kms.katalon.core.webui.keyword.internal.WebUIKeywordMain.runKeyword(WebUIKeywordMain.groovy:26)
	at com.kms.katalon.core.webui.keyword.builtin.SetTextKeyword.setText(SetTextKeyword.groovy:66)
	at com.kms.katalon.core.webui.keyword.builtin.SetTextKeyword.execute(SetTextKeyword.groovy:37)
	at com.kms.katalon.core.keyword.internal.KeywordExecutor.executeKeywordForPlatform(KeywordExecutor.groovy:72)
	at com.kms.katalon.core.webui.keyword.WebUiBuiltInKeywords.setText(WebUiBuiltInKeywords.groovy:950)
	at com.kms.katalon.core.webui.keyword.WebUiBuiltInKeywords$setText$1.call(Unknown Source)
	at TestCase38AddHeaderDirectMessage.run(TestCase38AddHeaderDirectMessage:33)
	at com.kms.katalon.core.main.ScriptEngine.run(ScriptEngine.java:194)
	at com.kms.katalon.core.main.ScriptEngine.runScriptAsRawText(ScriptEngine.java:119)
	at com.kms.katalon.core.main.TestCaseExecutor.runScript(TestCaseExecutor.java:337)
	at com.kms.katalon.core.main.TestCaseExecutor.doExecute(TestCaseExecutor.java:328)
	at com.kms.katalon.core.main.TestCaseExecutor.processExecutionPhase(TestCaseExecutor.java:307)
	at com.kms.katalon.core.main.TestCaseExecutor.accessMainPhase(TestCaseExecutor.java:299)
	at com.kms.katalon.core.main.TestCaseExecutor.execute(TestCaseExecutor.java:233)
	at com.kms.katalon.core.main.TestSuiteExecutor.accessTestCaseMainPhase(TestSuiteExecutor.java:169)
	at com.kms.katalon.core.main.TestSuiteExecutor.accessTestSuiteMainPhase(TestSuiteExecutor.java:142)
	at com.kms.katalon.core.main.TestSuiteExecutor.execute(TestSuiteExecutor.java:91)
	at com.kms.katalon.core.main.TestCaseMain.startTestSuite(TestCaseMain.java:157)
	at com.kms.katalon.core.main.TestCaseMain$startTestSuite$0.call(Unknown Source)
	at TempTestSuite1576955103733.run(TempTestSuite1576955103733.groovy:36)
Caused by: com.kms.katalon.core.webui.exception.WebElementNotFoundException: Web element with id: 'Object Repository/Page_duy giabeuu surveybot - FirstTeam Mattermost/textarea_Edit the Channel Header_edit_textbox' located by 'By.xpath: //textarea[@id='edit_textbox']' not found
	at com.kms.katalon.core.webui.common.WebUiCommonHelper.findWebElement(WebUiCommonHelper.java:1154)
	at com.kms.katalon.core.webui.keyword.internal.WebUIAbstractKeyword.findWebElement(WebUIAbstractKeyword.groovy:27)
	at com.kms.katalon.core.webui.keyword.internal.WebUIAbstractKeyword.findWebElement(WebUIAbstractKeyword.groovy:26)
	at com.kms.katalon.core.webui.keyword.builtin.SetTextKeyword$_setText_closure1.doCall(SetTextKeyword.groovy:51)
	at com.kms.katalon.core.webui.keyword.builtin.SetTextKeyword$_setText_closure1.call(SetTextKeyword.groovy)
	at com.kms.katalon.core.webui.keyword.internal.WebUIKeywordMain.runKeyword(WebUIKeywordMain.groovy:20)
	... 19 more


2019-12-22 02:38:04 - [TEST_STEP][PASSED] - openBrowser(""): Browser is opened with url: ''

2019-12-22 02:38:04 - [MESSAGE][INFO] - Starting 'Firefox (headless)' driver

2019-12-22 02:38:08 - [MESSAGE][PASSED] - Browser is opened with url: ''

2019-12-22 02:38:08 - [TEST_STEP][PASSED] - navigateToUrl("https://cs300testautomatic.herokuapp.com/"): Navigate to 'https://cs300testautomatic.herokuapp.com/' successfully

2019-12-22 02:39:23 - [MESSAGE][PASSED] - Navigate to 'https://cs300testautomatic.herokuapp.com/' successfully

2019-12-22 02:39:23 - [TEST_STEP][PASSED] - setText(findTestObject("Page_Mattermost/input_All team communication in one place s_703ef5"), "dhieu@apcs.vn"): Text 'dhieu@apcs.vn' is set on object 'Object Repository/Page_Mattermost/input_All team communication in one place s_703ef5'

2019-12-22 02:39:29 - [MESSAGE][PASSED] - Text 'dhieu@apcs.vn' is set on object 'Object Repository/Page_Mattermost/input_All team communication in one place s_703ef5'

2019-12-22 02:39:29 - [TEST_STEP][PASSED] - setEncryptedText(findTestObject("Page_Mattermost/input_All team communication in one place s_2f2733"), "iGDxf8hSRT4="): Text ****** has been set on object 'Object Repository/Page_Mattermost/input_All team communication in one place s_2f2733'

2019-12-22 02:39:29 - [MESSAGE][PASSED] - Text ****** has been set on object 'Object Repository/Page_Mattermost/input_All team communication in one place s_2f2733'

2019-12-22 02:39:29 - [TEST_STEP][PASSED] - sendKeys(findTestObject("Page_Mattermost/input_All team communication in one place s_2f2733"), Keys.chord(ENTER)): Keys 'ENTER + ' sent to object: 'Object Repository/Page_Mattermost/input_All team communication in one place s_2f2733'

2019-12-22 02:39:29 - [MESSAGE][PASSED] - Keys 'ENTER + ' sent to object: 'Object Repository/Page_Mattermost/input_All team communication in one place s_2f2733'

2019-12-22 02:39:29 - [TEST_STEP][PASSED] - click(findTestObject("Object Repository/Page_Town Square - FirstTeam Mattermost/span_duy giabeuu surveybot")): Object: 'Object Repository/Page_Town Square - FirstTeam Mattermost/span_duy giabeuu surveybot' is clicked on

2019-12-22 02:39:32 - [MESSAGE][PASSED] - Object: 'Object Repository/Page_Town Square - FirstTeam Mattermost/span_duy giabeuu surveybot' is clicked on

2019-12-22 02:39:32 - [TEST_STEP][PASSED] - click(findTestObject("Object Repository/Page_duy giabeuu surveybot - FirstTeam Mattermost/span_Add a channel description")): Object: 'Object Repository/Page_duy giabeuu surveybot - FirstTeam Mattermost/span_Add a channel description' is clicked on

2019-12-22 02:40:03 - [MESSAGE][INFO] - Unable to find the element located by 'By.xpath: //div[@id='channelHeaderDescription']/button/span'. Please recheck the objects properties to make sure the desired element is located. 

2019-12-22 02:40:03 - [MESSAGE][INFO] - [SMART_XPATH] Auto-trying out other XPath values in the test object.

2019-12-22 02:40:03 - [MESSAGE][INFO] - [SMART_XPATH] FAILED XPATH: '//div[@id='channelHeaderDescription']/button/span'.

2019-12-22 02:40:03 - [MESSAGE][INFO] - [SMART_XPATH] WORKING XPATH: '(.//*[normalize-space(text()) and normalize-space(.)='duy, giabeuu, surveybot'])[3]/following::span[2]'.

2019-12-22 02:40:03 - [MESSAGE][INFO] - [SMART_XPATH] Screenshot: D:/Learning/School/2019-2020-HK1/CS300/CS300AutomaticWebTesting/Reports/smart_xpath/Object Repository/Page_duy giabeuu surveybot - FirstTeam Mattermost/span_Add a channel description_neighbor_34.png

2019-12-22 02:40:03 - [MESSAGE][INFO] - [SMART_XPATH] WORKING XPATH: '(.//*[normalize-space(text()) and normalize-space(.)='Drop a file to upload it.'])[1]/following::span[3]'.

2019-12-22 02:40:04 - [MESSAGE][INFO] - [SMART_XPATH] Screenshot: D:/Learning/School/2019-2020-HK1/CS300/CS300AutomaticWebTesting/Reports/smart_xpath/Object Repository/Page_duy giabeuu surveybot - FirstTeam Mattermost/span_Add a channel description_neighbor_35.png

2019-12-22 02:40:04 - [MESSAGE][INFO] - [SMART_XPATH] WORKING XPATH: '(.//*[normalize-space(text()) and normalize-space(.)='Search Options'])[1]/preceding::span[6]'.

2019-12-22 02:40:04 - [MESSAGE][INFO] - [SMART_XPATH] Screenshot: D:/Learning/School/2019-2020-HK1/CS300/CS300AutomaticWebTesting/Reports/smart_xpath/Object Repository/Page_duy giabeuu surveybot - FirstTeam Mattermost/span_Add a channel description_neighbor_36.png

2019-12-22 02:40:04 - [MESSAGE][INFO] - [SMART_XPATH] FAILED XPATH: '//*/text()[normalize-space(.)='Add a channel description']/parent::*'.

2019-12-22 02:40:04 - [MESSAGE][INFO] - [SMART_XPATH] WORKING XPATH: '//div[2]/button/span'.

2019-12-22 02:40:04 - [MESSAGE][INFO] - [SMART_XPATH] Screenshot: D:/Learning/School/2019-2020-HK1/CS300/CS300AutomaticWebTesting/Reports/smart_xpath/Object Repository/Page_duy giabeuu surveybot - FirstTeam Mattermost/span_Add a channel description_position.png

2019-12-22 02:40:04 - [MESSAGE][ERROR] - [SMART_XPATH] D:\Learning\School\2019-2020-HK1\CS300\CS300AutomaticWebTesting\Reports\smart_xpath\waiting-for-approval.json (The system cannot find the file specified)

2019-12-22 02:40:04 - [MESSAGE][ERROR] - [SMART_XPATH] D:/Learning/School/2019-2020-HK1/CS300/CS300AutomaticWebTesting/Reports/smart_xpath/waiting-for-approval.json does not exist or is provided by Smart XPath Plugin!

2019-12-22 02:40:04 - [MESSAGE][INFO] - [SMART_XPATH] Selected Smart XPath: '(.//*[normalize-space(text()) and normalize-space(.)='duy, giabeuu, surveybot'])[3]/following::span[2]'.

2019-12-22 02:40:04 - [MESSAGE][INFO] - [SMART_XPATH] Continuing executing the test case!

2019-12-22 02:40:04 - [MESSAGE][PASSED] - Object: 'Object Repository/Page_duy giabeuu surveybot - FirstTeam Mattermost/span_Add a channel description' is clicked on

2019-12-22 02:40:04 - [TEST_STEP][FAILED] - setText(findTestObject("Object Repository/Page_duy giabeuu surveybot - FirstTeam Mattermost/textarea_Edit the Channel Header_edit_textbox"), "E"): Unable to set text 'E' of object 'Object Repository/Page_duy giabeuu surveybot - FirstTeam Mattermost/textarea_Edit the Channel Header_edit_textbox' (Root cause: com.kms.katalon.core.exception.StepFailedException: Unable to set text 'E' of object 'Object Repository/Page_duy giabeuu surveybot - FirstTeam Mattermost/textarea_Edit the Channel Header_edit_textbox'
	at com.kms.katalon.core.webui.keyword.internal.WebUIKeywordMain.stepFailed(WebUIKeywordMain.groovy:64)
	at com.kms.katalon.core.webui.keyword.internal.WebUIKeywordMain.runKeyword(WebUIKeywordMain.groovy:26)
	at com.kms.katalon.core.webui.keyword.builtin.SetTextKeyword.setText(SetTextKeyword.groovy:66)
	at com.kms.katalon.core.webui.keyword.builtin.SetTextKeyword.execute(SetTextKeyword.groovy:37)
	at com.kms.katalon.core.keyword.internal.KeywordExecutor.executeKeywordForPlatform(KeywordExecutor.groovy:72)
	at com.kms.katalon.core.webui.keyword.WebUiBuiltInKeywords.setText(WebUiBuiltInKeywords.groovy:950)
	at com.kms.katalon.core.webui.keyword.WebUiBuiltInKeywords$setText$1.call(Unknown Source)
	at TestCase38AddHeaderDirectMessage.run(TestCase38AddHeaderDirectMessage:33)
	at com.kms.katalon.core.main.ScriptEngine.run(ScriptEngine.java:194)
	at com.kms.katalon.core.main.ScriptEngine.runScriptAsRawText(ScriptEngine.java:119)
	at com.kms.katalon.core.main.TestCaseExecutor.runScript(TestCaseExecutor.java:337)
	at com.kms.katalon.core.main.TestCaseExecutor.doExecute(TestCaseExecutor.java:328)
	at com.kms.katalon.core.main.TestCaseExecutor.processExecutionPhase(TestCaseExecutor.java:307)
	at com.kms.katalon.core.main.TestCaseExecutor.accessMainPhase(TestCaseExecutor.java:299)
	at com.kms.katalon.core.main.TestCaseExecutor.execute(TestCaseExecutor.java:233)
	at com.kms.katalon.core.main.TestSuiteExecutor.accessTestCaseMainPhase(TestSuiteExecutor.java:169)
	at com.kms.katalon.core.main.TestSuiteExecutor.accessTestSuiteMainPhase(TestSuiteExecutor.java:142)
	at com.kms.katalon.core.main.TestSuiteExecutor.execute(TestSuiteExecutor.java:91)
	at com.kms.katalon.core.main.TestCaseMain.startTestSuite(TestCaseMain.java:157)
	at com.kms.katalon.core.main.TestCaseMain$startTestSuite$0.call(Unknown Source)
	at TempTestSuite1576955103733.run(TempTestSuite1576955103733.groovy:36)
Caused by: com.kms.katalon.core.webui.exception.WebElementNotFoundException: Web element with id: 'Object Repository/Page_duy giabeuu surveybot - FirstTeam Mattermost/textarea_Edit the Channel Header_edit_textbox' located by 'By.xpath: //textarea[@id='edit_textbox']' not found
	at com.kms.katalon.core.webui.common.WebUiCommonHelper.findWebElement(WebUiCommonHelper.java:1154)
	at com.kms.katalon.core.webui.keyword.internal.WebUIAbstractKeyword.findWebElement(WebUIAbstractKeyword.groovy:27)
	at com.kms.katalon.core.webui.keyword.internal.WebUIAbstractKeyword.findWebElement(WebUIAbstractKeyword.groovy:26)
	at com.kms.katalon.core.webui.keyword.builtin.SetTextKeyword$_setText_closure1.doCall(SetTextKeyword.groovy:51)
	at com.kms.katalon.core.webui.keyword.builtin.SetTextKeyword$_setText_closure1.call(SetTextKeyword.groovy)
	at com.kms.katalon.core.webui.keyword.internal.WebUIKeywordMain.runKeyword(WebUIKeywordMain.groovy:20)
	at com.kms.katalon.core.webui.keyword.builtin.SetTextKeyword.setText(SetTextKeyword.groovy:66)
	at com.kms.katalon.core.webui.keyword.builtin.SetTextKeyword.execute(SetTextKeyword.groovy:37)
	at com.kms.katalon.core.keyword.internal.KeywordExecutor.executeKeywordForPlatform(KeywordExecutor.groovy:72)
	at com.kms.katalon.core.webui.keyword.WebUiBuiltInKeywords.setText(WebUiBuiltInKeywords.groovy:950)
	at com.kms.katalon.core.webui.keyword.WebUiBuiltInKeywords$setText$1.call(Unknown Source)
	at Script1576918928660.run(Script1576918928660.groovy:33)
	... 13 more
)

2019-12-22 02:40:35 - [MESSAGE][INFO] - Unable to find the element located by 'By.xpath: //textarea[@id='edit_textbox']'. Please recheck the objects properties to make sure the desired element is located. 

2019-12-22 02:40:35 - [MESSAGE][INFO] - [SMART_XPATH] Auto-trying out other XPath values in the test object.

2019-12-22 02:40:35 - [MESSAGE][INFO] - [SMART_XPATH] FAILED XPATH: '//textarea[@id='edit_textbox']'.

2019-12-22 02:40:35 - [MESSAGE][INFO] - [SMART_XPATH] FAILED XPATH: '//div[2]/div/div/div/div/div[2]/textarea'.

2019-12-22 02:40:35 - [MESSAGE][INFO] - [SMART_XPATH] No working XPath is found.

2019-12-22 02:40:35 - [MESSAGE][FAILED] - Unable to set text 'E' of object 'Object Repository/Page_duy giabeuu surveybot - FirstTeam Mattermost/textarea_Edit the Channel Header_edit_textbox' (Root cause: com.kms.katalon.core.exception.StepFailedException: Unable to set text 'E' of object 'Object Repository/Page_duy giabeuu surveybot - FirstTeam Mattermost/textarea_Edit the Channel Header_edit_textbox'
	at com.kms.katalon.core.webui.keyword.internal.WebUIKeywordMain.stepFailed(WebUIKeywordMain.groovy:64)
	at com.kms.katalon.core.webui.keyword.internal.WebUIKeywordMain.runKeyword(WebUIKeywordMain.groovy:26)
	at com.kms.katalon.core.webui.keyword.builtin.SetTextKeyword.setText(SetTextKeyword.groovy:66)
	at com.kms.katalon.core.webui.keyword.builtin.SetTextKeyword.execute(SetTextKeyword.groovy:37)
	at com.kms.katalon.core.keyword.internal.KeywordExecutor.executeKeywordForPlatform(KeywordExecutor.groovy:72)
	at com.kms.katalon.core.webui.keyword.WebUiBuiltInKeywords.setText(WebUiBuiltInKeywords.groovy:950)
	at com.kms.katalon.core.webui.keyword.WebUiBuiltInKeywords$setText$1.call(Unknown Source)
	at TestCase38AddHeaderDirectMessage.run(TestCase38AddHeaderDirectMessage:33)
	at com.kms.katalon.core.main.ScriptEngine.run(ScriptEngine.java:194)
	at com.kms.katalon.core.main.ScriptEngine.runScriptAsRawText(ScriptEngine.java:119)
	at com.kms.katalon.core.main.TestCaseExecutor.runScript(TestCaseExecutor.java:337)
	at com.kms.katalon.core.main.TestCaseExecutor.doExecute(TestCaseExecutor.java:328)
	at com.kms.katalon.core.main.TestCaseExecutor.processExecutionPhase(TestCaseExecutor.java:307)
	at com.kms.katalon.core.main.TestCaseExecutor.accessMainPhase(TestCaseExecutor.java:299)
	at com.kms.katalon.core.main.TestCaseExecutor.execute(TestCaseExecutor.java:233)
	at com.kms.katalon.core.main.TestSuiteExecutor.accessTestCaseMainPhase(TestSuiteExecutor.java:169)
	at com.kms.katalon.core.main.TestSuiteExecutor.accessTestSuiteMainPhase(TestSuiteExecutor.java:142)
	at com.kms.katalon.core.main.TestSuiteExecutor.execute(TestSuiteExecutor.java:91)
	at com.kms.katalon.core.main.TestCaseMain.startTestSuite(TestCaseMain.java:157)
	at com.kms.katalon.core.main.TestCaseMain$startTestSuite$0.call(Unknown Source)
	at TempTestSuite1576955103733.run(TempTestSuite1576955103733.groovy:36)
Caused by: com.kms.katalon.core.webui.exception.WebElementNotFoundException: Web element with id: 'Object Repository/Page_duy giabeuu surveybot - FirstTeam Mattermost/textarea_Edit the Channel Header_edit_textbox' located by 'By.xpath: //textarea[@id='edit_textbox']' not found
	at com.kms.katalon.core.webui.common.WebUiCommonHelper.findWebElement(WebUiCommonHelper.java:1154)
	at com.kms.katalon.core.webui.keyword.internal.WebUIAbstractKeyword.findWebElement(WebUIAbstractKeyword.groovy:27)
	at com.kms.katalon.core.webui.keyword.internal.WebUIAbstractKeyword.findWebElement(WebUIAbstractKeyword.groovy:26)
	at com.kms.katalon.core.webui.keyword.builtin.SetTextKeyword$_setText_closure1.doCall(SetTextKeyword.groovy:51)
	at com.kms.katalon.core.webui.keyword.builtin.SetTextKeyword$_setText_closure1.call(SetTextKeyword.groovy)
	at com.kms.katalon.core.webui.keyword.internal.WebUIKeywordMain.runKeyword(WebUIKeywordMain.groovy:20)
	at com.kms.katalon.core.webui.keyword.builtin.SetTextKeyword.setText(SetTextKeyword.groovy:66)
	at com.kms.katalon.core.webui.keyword.builtin.SetTextKeyword.execute(SetTextKeyword.groovy:37)
	at com.kms.katalon.core.keyword.internal.KeywordExecutor.executeKeywordForPlatform(KeywordExecutor.groovy:72)
	at com.kms.katalon.core.webui.keyword.WebUiBuiltInKeywords.setText(WebUiBuiltInKeywords.groovy:950)
	at com.kms.katalon.core.webui.keyword.WebUiBuiltInKeywords$setText$1.call(Unknown Source)
	at Script1576918928660.run(Script1576918928660.groovy:33)
	... 13 more
)
[[ATTACHMENT|D:\\Learning\\School\\2019-2020-HK1\\CS300\\CS300AutomaticWebTesting\\Reports\\20191222_020503\\Run All Test Cases\\20191222_020503\\1576957235666.png]]]]></system-out>
         <system-err><![CDATA[2019-12-22 02:38:04 - [TEST_CASE][FAILED] - Test Cases/TestCase38AddHeaderDirectMessage: Test Cases/TestCase38AddHeaderDirectMessage FAILED.
Reason:
com.kms.katalon.core.exception.StepFailedException: Unable to set text 'E' of object 'Object Repository/Page_duy giabeuu surveybot - FirstTeam Mattermost/textarea_Edit the Channel Header_edit_textbox'
	at com.kms.katalon.core.webui.keyword.internal.WebUIKeywordMain.stepFailed(WebUIKeywordMain.groovy:64)
	at com.kms.katalon.core.webui.keyword.internal.WebUIKeywordMain.runKeyword(WebUIKeywordMain.groovy:26)
	at com.kms.katalon.core.webui.keyword.builtin.SetTextKeyword.setText(SetTextKeyword.groovy:66)
	at com.kms.katalon.core.webui.keyword.builtin.SetTextKeyword.execute(SetTextKeyword.groovy:37)
	at com.kms.katalon.core.keyword.internal.KeywordExecutor.executeKeywordForPlatform(KeywordExecutor.groovy:72)
	at com.kms.katalon.core.webui.keyword.WebUiBuiltInKeywords.setText(WebUiBuiltInKeywords.groovy:950)
	at com.kms.katalon.core.webui.keyword.WebUiBuiltInKeywords$setText$1.call(Unknown Source)
	at TestCase38AddHeaderDirectMessage.run(TestCase38AddHeaderDirectMessage:33)
	at com.kms.katalon.core.main.ScriptEngine.run(ScriptEngine.java:194)
	at com.kms.katalon.core.main.ScriptEngine.runScriptAsRawText(ScriptEngine.java:119)
	at com.kms.katalon.core.main.TestCaseExecutor.runScript(TestCaseExecutor.java:337)
	at com.kms.katalon.core.main.TestCaseExecutor.doExecute(TestCaseExecutor.java:328)
	at com.kms.katalon.core.main.TestCaseExecutor.processExecutionPhase(TestCaseExecutor.java:307)
	at com.kms.katalon.core.main.TestCaseExecutor.accessMainPhase(TestCaseExecutor.java:299)
	at com.kms.katalon.core.main.TestCaseExecutor.execute(TestCaseExecutor.java:233)
	at com.kms.katalon.core.main.TestSuiteExecutor.accessTestCaseMainPhase(TestSuiteExecutor.java:169)
	at com.kms.katalon.core.main.TestSuiteExecutor.accessTestSuiteMainPhase(TestSuiteExecutor.java:142)
	at com.kms.katalon.core.main.TestSuiteExecutor.execute(TestSuiteExecutor.java:91)
	at com.kms.katalon.core.main.TestCaseMain.startTestSuite(TestCaseMain.java:157)
	at com.kms.katalon.core.main.TestCaseMain$startTestSuite$0.call(Unknown Source)
	at TempTestSuite1576955103733.run(TempTestSuite1576955103733.groovy:36)
Caused by: com.kms.katalon.core.webui.exception.WebElementNotFoundException: Web element with id: 'Object Repository/Page_duy giabeuu surveybot - FirstTeam Mattermost/textarea_Edit the Channel Header_edit_textbox' located by 'By.xpath: //textarea[@id='edit_textbox']' not found
	at com.kms.katalon.core.webui.common.WebUiCommonHelper.findWebElement(WebUiCommonHelper.java:1154)
	at com.kms.katalon.core.webui.keyword.internal.WebUIAbstractKeyword.findWebElement(WebUIAbstractKeyword.groovy:27)
	at com.kms.katalon.core.webui.keyword.internal.WebUIAbstractKeyword.findWebElement(WebUIAbstractKeyword.groovy:26)
	at com.kms.katalon.core.webui.keyword.builtin.SetTextKeyword$_setText_closure1.doCall(SetTextKeyword.groovy:51)
	at com.kms.katalon.core.webui.keyword.builtin.SetTextKeyword$_setText_closure1.call(SetTextKeyword.groovy)
	at com.kms.katalon.core.webui.keyword.internal.WebUIKeywordMain.runKeyword(WebUIKeywordMain.groovy:20)
	... 19 more]]></system-err>
      </testcase>
      <testcase name="Test Cases/TestCase39EditHeaderDirectMessage" time="32.508" classname="Test Cases/TestCase39EditHeaderDirectMessage" status="PASSED">
         <system-out><![CDATA[2019-12-22 02:40:35 - [TEST_CASE][PASSED] - Test Cases/TestCase39EditHeaderDirectMessage: Test Cases/TestCase39EditHeaderDirectMessage

2019-12-22 02:40:35 - [TEST_STEP][PASSED] - openBrowser(""): Browser is opened with url: ''

2019-12-22 02:40:35 - [MESSAGE][WARNING] - A browser is already opened. Closing browser and opening a new one

2019-12-22 02:40:36 - [MESSAGE][INFO] - Starting 'Firefox (headless)' driver

2019-12-22 02:40:39 - [MESSAGE][PASSED] - Browser is opened with url: ''

2019-12-22 02:40:39 - [TEST_STEP][PASSED] - navigateToUrl("https://cs300testautomatic.herokuapp.com/"): Navigate to 'https://cs300testautomatic.herokuapp.com/' successfully

2019-12-22 02:40:53 - [MESSAGE][PASSED] - Navigate to 'https://cs300testautomatic.herokuapp.com/' successfully

2019-12-22 02:40:53 - [TEST_STEP][PASSED] - setText(findTestObject("Page_Mattermost/input_All team communication in one place s_703ef5"), "dhieu@apcs.vn"): Text 'dhieu@apcs.vn' is set on object 'Object Repository/Page_Mattermost/input_All team communication in one place s_703ef5'

2019-12-22 02:40:58 - [MESSAGE][PASSED] - Text 'dhieu@apcs.vn' is set on object 'Object Repository/Page_Mattermost/input_All team communication in one place s_703ef5'

2019-12-22 02:40:58 - [TEST_STEP][PASSED] - setEncryptedText(findTestObject("Page_Mattermost/input_All team communication in one place s_2f2733"), "iGDxf8hSRT4="): Text ****** has been set on object 'Object Repository/Page_Mattermost/input_All team communication in one place s_2f2733'

2019-12-22 02:40:58 - [MESSAGE][PASSED] - Text ****** has been set on object 'Object Repository/Page_Mattermost/input_All team communication in one place s_2f2733'

2019-12-22 02:40:58 - [TEST_STEP][PASSED] - sendKeys(findTestObject("Page_Mattermost/input_All team communication in one place s_2f2733"), Keys.chord(ENTER)): Keys 'ENTER + ' sent to object: 'Object Repository/Page_Mattermost/input_All team communication in one place s_2f2733'

2019-12-22 02:40:58 - [MESSAGE][PASSED] - Keys 'ENTER + ' sent to object: 'Object Repository/Page_Mattermost/input_All team communication in one place s_2f2733'

2019-12-22 02:40:58 - [TEST_STEP][PASSED] - click(findTestObject("Page_Town Square - FirstTeam Mattermost/span_duy giabeuu surveybot")): Object: 'Object Repository/Page_Town Square - FirstTeam Mattermost/span_duy giabeuu surveybot' is clicked on

2019-12-22 02:41:05 - [MESSAGE][PASSED] - Object: 'Object Repository/Page_Town Square - FirstTeam Mattermost/span_duy giabeuu surveybot' is clicked on

2019-12-22 02:41:05 - [TEST_STEP][PASSED] - click(findTestObject("Object Repository/Page_duy giabeuu surveybot - FirstTeam Mattermost/span_duy giabeuu surveybot_channelHeaderDro_428392")): Object: 'Object Repository/Page_duy giabeuu surveybot - FirstTeam Mattermost/span_duy giabeuu surveybot_channelHeaderDro_428392' is clicked on

2019-12-22 02:41:05 - [MESSAGE][PASSED] - Object: 'Object Repository/Page_duy giabeuu surveybot - FirstTeam Mattermost/span_duy giabeuu surveybot_channelHeaderDro_428392' is clicked on

2019-12-22 02:41:05 - [TEST_STEP][PASSED] - click(findTestObject("Object Repository/Page_duy giabeuu surveybot - FirstTeam Mattermost/button_Edit Channel Header")): Object: 'Object Repository/Page_duy giabeuu surveybot - FirstTeam Mattermost/button_Edit Channel Header' is clicked on

2019-12-22 02:41:05 - [MESSAGE][PASSED] - Object: 'Object Repository/Page_duy giabeuu surveybot - FirstTeam Mattermost/button_Edit Channel Header' is clicked on

2019-12-22 02:41:05 - [TEST_STEP][PASSED] - setText(findTestObject("Object Repository/Page_duy giabeuu surveybot - FirstTeam Mattermost/textarea_Edited"), "Edited "): Text 'Edited ' is set on object 'Object Repository/Page_duy giabeuu surveybot - FirstTeam Mattermost/textarea_Edited'

2019-12-22 02:41:06 - [MESSAGE][PASSED] - Text 'Edited ' is set on object 'Object Repository/Page_duy giabeuu surveybot - FirstTeam Mattermost/textarea_Edited'

2019-12-22 02:41:06 - [TEST_STEP][PASSED] - setText(findTestObject("Object Repository/Page_duy giabeuu surveybot - FirstTeam Mattermost/textarea_Edited_1"), "Edited a"): Text 'Edited a' is set on object 'Object Repository/Page_duy giabeuu surveybot - FirstTeam Mattermost/textarea_Edited_1'

2019-12-22 02:41:06 - [MESSAGE][PASSED] - Text 'Edited a' is set on object 'Object Repository/Page_duy giabeuu surveybot - FirstTeam Mattermost/textarea_Edited_1'

2019-12-22 02:41:06 - [TEST_STEP][PASSED] - setText(findTestObject("Object Repository/Page_duy giabeuu surveybot - FirstTeam Mattermost/textarea_Edited a"), "Edited ag"): Text 'Edited ag' is set on object 'Object Repository/Page_duy giabeuu surveybot - FirstTeam Mattermost/textarea_Edited a'

2019-12-22 02:41:06 - [MESSAGE][PASSED] - Text 'Edited ag' is set on object 'Object Repository/Page_duy giabeuu surveybot - FirstTeam Mattermost/textarea_Edited a'

2019-12-22 02:41:06 - [TEST_STEP][PASSED] - setText(findTestObject("Object Repository/Page_duy giabeuu surveybot - FirstTeam Mattermost/textarea_Edited ag"), "Edited aga"): Text 'Edited aga' is set on object 'Object Repository/Page_duy giabeuu surveybot - FirstTeam Mattermost/textarea_Edited ag'

2019-12-22 02:41:06 - [MESSAGE][PASSED] - Text 'Edited aga' is set on object 'Object Repository/Page_duy giabeuu surveybot - FirstTeam Mattermost/textarea_Edited ag'

2019-12-22 02:41:06 - [TEST_STEP][PASSED] - setText(findTestObject("Object Repository/Page_duy giabeuu surveybot - FirstTeam Mattermost/textarea_Edited aga"), "Edited agan"): Text 'Edited agan' is set on object 'Object Repository/Page_duy giabeuu surveybot - FirstTeam Mattermost/textarea_Edited aga'

2019-12-22 02:41:06 - [MESSAGE][PASSED] - Text 'Edited agan' is set on object 'Object Repository/Page_duy giabeuu surveybot - FirstTeam Mattermost/textarea_Edited aga'

2019-12-22 02:41:06 - [TEST_STEP][PASSED] - setText(findTestObject("Object Repository/Page_duy giabeuu surveybot - FirstTeam Mattermost/textarea_Edited agan"), "Edited again"): Text 'Edited again' is set on object 'Object Repository/Page_duy giabeuu surveybot - FirstTeam Mattermost/textarea_Edited agan'

2019-12-22 02:41:07 - [MESSAGE][PASSED] - Text 'Edited again' is set on object 'Object Repository/Page_duy giabeuu surveybot - FirstTeam Mattermost/textarea_Edited agan'

2019-12-22 02:41:07 - [TEST_STEP][PASSED] - click(findTestObject("Object Repository/Page_duy giabeuu surveybot - FirstTeam Mattermost/button_Save")): Object: 'Object Repository/Page_duy giabeuu surveybot - FirstTeam Mattermost/button_Save' is clicked on

2019-12-22 02:41:07 - [MESSAGE][PASSED] - Object: 'Object Repository/Page_duy giabeuu surveybot - FirstTeam Mattermost/button_Save' is clicked on

2019-12-22 02:41:07 - [TEST_STEP][PASSED] - closeBrowser(): Browser is closed

2019-12-22 02:41:08 - [MESSAGE][PASSED] - Browser is closed]]></system-out>
         <system-err><![CDATA[]]></system-err>
      </testcase>
      <testcase name="Test Cases/TestCase40DeletePostInChannel" time="76.113" classname="Test Cases/TestCase40DeletePostInChannel" status="FAILED">
         <failure type="FAILED" message="Test Cases/TestCase40DeletePostInChannel FAILED.
Reason:
com.kms.katalon.core.exception.StepFailedException: Unable to click on object 'Object Repository/Page_Off-Topic - FirstTeam Mattermost/button_hieu_CENTER_button_fswbyrxxdbbjufi8c_fa3789'
	at com.kms.katalon.core.webui.keyword.internal.WebUIKeywordMain.stepFailed(WebUIKeywordMain.groovy:64)
	at com.kms.katalon.core.webui.keyword.internal.WebUIKeywordMain.runKeyword(WebUIKeywordMain.groovy:26)
	at com.kms.katalon.core.webui.keyword.builtin.ClickKeyword.click(ClickKeyword.groovy:102)
	at com.kms.katalon.core.webui.keyword.builtin.ClickKeyword.execute(ClickKeyword.groovy:43)
	at com.kms.katalon.core.keyword.internal.KeywordExecutor.executeKeywordForPlatform(KeywordExecutor.groovy:72)
	at com.kms.katalon.core.webui.keyword.WebUiBuiltInKeywords.click(WebUiBuiltInKeywords.groovy:616)
	at com.kms.katalon.core.webui.keyword.WebUiBuiltInKeywords$click$3.call(Unknown Source)
	at TestCase40DeletePostInChannel.run(TestCase40DeletePostInChannel:31)
	at com.kms.katalon.core.main.ScriptEngine.run(ScriptEngine.java:194)
	at com.kms.katalon.core.main.ScriptEngine.runScriptAsRawText(ScriptEngine.java:119)
	at com.kms.katalon.core.main.TestCaseExecutor.runScript(TestCaseExecutor.java:337)
	at com.kms.katalon.core.main.TestCaseExecutor.doExecute(TestCaseExecutor.java:328)
	at com.kms.katalon.core.main.TestCaseExecutor.processExecutionPhase(TestCaseExecutor.java:307)
	at com.kms.katalon.core.main.TestCaseExecutor.accessMainPhase(TestCaseExecutor.java:299)
	at com.kms.katalon.core.main.TestCaseExecutor.execute(TestCaseExecutor.java:233)
	at com.kms.katalon.core.main.TestSuiteExecutor.accessTestCaseMainPhase(TestSuiteExecutor.java:169)
	at com.kms.katalon.core.main.TestSuiteExecutor.accessTestSuiteMainPhase(TestSuiteExecutor.java:142)
	at com.kms.katalon.core.main.TestSuiteExecutor.execute(TestSuiteExecutor.java:91)
	at com.kms.katalon.core.main.TestCaseMain.startTestSuite(TestCaseMain.java:157)
	at com.kms.katalon.core.main.TestCaseMain$startTestSuite$0.call(Unknown Source)
	at TempTestSuite1576955103733.run(TempTestSuite1576955103733.groovy:36)
Caused by: com.kms.katalon.core.webui.exception.WebElementNotFoundException: Web element with id: 'Object Repository/Page_Off-Topic - FirstTeam Mattermost/button_hieu_CENTER_button_fswbyrxxdbbjufi8c_fa3789' located by 'By.xpath: //button[@id='CENTER_button_fswbyrxxdbbjufi8c6pc96yuqa']' not found
	at com.kms.katalon.core.webui.common.WebUiCommonHelper.findWebElement(WebUiCommonHelper.java:1154)
	at com.kms.katalon.core.webui.keyword.internal.WebUIAbstractKeyword.findWebElement(WebUIAbstractKeyword.groovy:27)
	at com.kms.katalon.core.webui.keyword.internal.WebUIAbstractKeyword.findWebElement(WebUIAbstractKeyword.groovy:26)
	at com.kms.katalon.core.webui.keyword.builtin.ClickKeyword$_click_closure1.doCall(ClickKeyword.groovy:67)
	at com.kms.katalon.core.webui.keyword.builtin.ClickKeyword$_click_closure1.call(ClickKeyword.groovy)
	at com.kms.katalon.core.webui.keyword.internal.WebUIKeywordMain.runKeyword(WebUIKeywordMain.groovy:20)
	... 19 more
"/>
         <system-out><![CDATA[2019-12-22 02:41:08 - [TEST_CASE][FAILED] - Test Cases/TestCase40DeletePostInChannel: Test Cases/TestCase40DeletePostInChannel FAILED.
Reason:
com.kms.katalon.core.exception.StepFailedException: Unable to click on object 'Object Repository/Page_Off-Topic - FirstTeam Mattermost/button_hieu_CENTER_button_fswbyrxxdbbjufi8c_fa3789'
	at com.kms.katalon.core.webui.keyword.internal.WebUIKeywordMain.stepFailed(WebUIKeywordMain.groovy:64)
	at com.kms.katalon.core.webui.keyword.internal.WebUIKeywordMain.runKeyword(WebUIKeywordMain.groovy:26)
	at com.kms.katalon.core.webui.keyword.builtin.ClickKeyword.click(ClickKeyword.groovy:102)
	at com.kms.katalon.core.webui.keyword.builtin.ClickKeyword.execute(ClickKeyword.groovy:43)
	at com.kms.katalon.core.keyword.internal.KeywordExecutor.executeKeywordForPlatform(KeywordExecutor.groovy:72)
	at com.kms.katalon.core.webui.keyword.WebUiBuiltInKeywords.click(WebUiBuiltInKeywords.groovy:616)
	at com.kms.katalon.core.webui.keyword.WebUiBuiltInKeywords$click$3.call(Unknown Source)
	at TestCase40DeletePostInChannel.run(TestCase40DeletePostInChannel:31)
	at com.kms.katalon.core.main.ScriptEngine.run(ScriptEngine.java:194)
	at com.kms.katalon.core.main.ScriptEngine.runScriptAsRawText(ScriptEngine.java:119)
	at com.kms.katalon.core.main.TestCaseExecutor.runScript(TestCaseExecutor.java:337)
	at com.kms.katalon.core.main.TestCaseExecutor.doExecute(TestCaseExecutor.java:328)
	at com.kms.katalon.core.main.TestCaseExecutor.processExecutionPhase(TestCaseExecutor.java:307)
	at com.kms.katalon.core.main.TestCaseExecutor.accessMainPhase(TestCaseExecutor.java:299)
	at com.kms.katalon.core.main.TestCaseExecutor.execute(TestCaseExecutor.java:233)
	at com.kms.katalon.core.main.TestSuiteExecutor.accessTestCaseMainPhase(TestSuiteExecutor.java:169)
	at com.kms.katalon.core.main.TestSuiteExecutor.accessTestSuiteMainPhase(TestSuiteExecutor.java:142)
	at com.kms.katalon.core.main.TestSuiteExecutor.execute(TestSuiteExecutor.java:91)
	at com.kms.katalon.core.main.TestCaseMain.startTestSuite(TestCaseMain.java:157)
	at com.kms.katalon.core.main.TestCaseMain$startTestSuite$0.call(Unknown Source)
	at TempTestSuite1576955103733.run(TempTestSuite1576955103733.groovy:36)
Caused by: com.kms.katalon.core.webui.exception.WebElementNotFoundException: Web element with id: 'Object Repository/Page_Off-Topic - FirstTeam Mattermost/button_hieu_CENTER_button_fswbyrxxdbbjufi8c_fa3789' located by 'By.xpath: //button[@id='CENTER_button_fswbyrxxdbbjufi8c6pc96yuqa']' not found
	at com.kms.katalon.core.webui.common.WebUiCommonHelper.findWebElement(WebUiCommonHelper.java:1154)
	at com.kms.katalon.core.webui.keyword.internal.WebUIAbstractKeyword.findWebElement(WebUIAbstractKeyword.groovy:27)
	at com.kms.katalon.core.webui.keyword.internal.WebUIAbstractKeyword.findWebElement(WebUIAbstractKeyword.groovy:26)
	at com.kms.katalon.core.webui.keyword.builtin.ClickKeyword$_click_closure1.doCall(ClickKeyword.groovy:67)
	at com.kms.katalon.core.webui.keyword.builtin.ClickKeyword$_click_closure1.call(ClickKeyword.groovy)
	at com.kms.katalon.core.webui.keyword.internal.WebUIKeywordMain.runKeyword(WebUIKeywordMain.groovy:20)
	... 19 more


2019-12-22 02:41:08 - [TEST_STEP][PASSED] - openBrowser(""): Browser is opened with url: ''

2019-12-22 02:41:08 - [MESSAGE][INFO] - Starting 'Firefox (headless)' driver

2019-12-22 02:41:11 - [MESSAGE][PASSED] - Browser is opened with url: ''

2019-12-22 02:41:11 - [TEST_STEP][PASSED] - navigateToUrl("https://cs300testautomatic.herokuapp.com/"): Navigate to 'https://cs300testautomatic.herokuapp.com/' successfully

2019-12-22 02:41:17 - [MESSAGE][PASSED] - Navigate to 'https://cs300testautomatic.herokuapp.com/' successfully

2019-12-22 02:41:17 - [TEST_STEP][PASSED] - setText(findTestObject("Page_Mattermost/input_All team communication in one place s_703ef5"), "dhieu@apcs.vn"): Text 'dhieu@apcs.vn' is set on object 'Object Repository/Page_Mattermost/input_All team communication in one place s_703ef5'

2019-12-22 02:41:21 - [MESSAGE][PASSED] - Text 'dhieu@apcs.vn' is set on object 'Object Repository/Page_Mattermost/input_All team communication in one place s_703ef5'

2019-12-22 02:41:21 - [TEST_STEP][PASSED] - setEncryptedText(findTestObject("Page_Mattermost/input_All team communication in one place s_2f2733"), "iGDxf8hSRT4="): Text ****** has been set on object 'Object Repository/Page_Mattermost/input_All team communication in one place s_2f2733'

2019-12-22 02:41:21 - [MESSAGE][PASSED] - Text ****** has been set on object 'Object Repository/Page_Mattermost/input_All team communication in one place s_2f2733'

2019-12-22 02:41:21 - [TEST_STEP][PASSED] - sendKeys(findTestObject("Page_Mattermost/input_All team communication in one place s_2f2733"), Keys.chord(ENTER)): Keys 'ENTER + ' sent to object: 'Object Repository/Page_Mattermost/input_All team communication in one place s_2f2733'

2019-12-22 02:41:21 - [MESSAGE][PASSED] - Keys 'ENTER + ' sent to object: 'Object Repository/Page_Mattermost/input_All team communication in one place s_2f2733'

2019-12-22 02:41:21 - [TEST_STEP][PASSED] - click(findTestObject("Object Repository/Page_Town Square - FirstTeam Mattermost/a_Off-Topic")): Object: 'Object Repository/Page_Town Square - FirstTeam Mattermost/a_Off-Topic' is clicked on

2019-12-22 02:41:52 - [MESSAGE][INFO] - Unable to find the element located by 'By.xpath: //a[@id='sidebarItem_off-topic']'. Please recheck the objects properties to make sure the desired element is located. 

2019-12-22 02:41:52 - [MESSAGE][INFO] - [SMART_XPATH] Auto-trying out other XPath values in the test object.

2019-12-22 02:41:52 - [MESSAGE][INFO] - [SMART_XPATH] FAILED XPATH: '//a[@id='sidebarItem_off-topic']'.

2019-12-22 02:41:52 - [MESSAGE][INFO] - [SMART_XPATH] FAILED XPATH: '//ul[@id='publicChannelList']/li[3]/a'.

2019-12-22 02:41:52 - [MESSAGE][INFO] - [SMART_XPATH] FAILED XPATH: '(.//*[normalize-space(text()) and normalize-space(.)='Channel3'])[1]/following::a[1]'.

2019-12-22 02:41:52 - [MESSAGE][INFO] - [SMART_XPATH] WORKING XPATH: '(.//*[normalize-space(text()) and normalize-space(.)='+'])[2]/following::a[2]'.

2019-12-22 02:41:52 - [MESSAGE][INFO] - [SMART_XPATH] Screenshot: D:/Learning/School/2019-2020-HK1/CS300/CS300AutomaticWebTesting/Reports/smart_xpath/Object Repository/Page_Town Square - FirstTeam Mattermost/a_Off-Topic_neighbor_36.png

2019-12-22 02:41:52 - [MESSAGE][INFO] - [SMART_XPATH] WORKING XPATH: '(.//*[normalize-space(text()) and normalize-space(.)='Town Square'])[1]/preceding::a[1]'.

2019-12-22 02:41:52 - [MESSAGE][INFO] - [SMART_XPATH] Screenshot: D:/Learning/School/2019-2020-HK1/CS300/CS300AutomaticWebTesting/Reports/smart_xpath/Object Repository/Page_Town Square - FirstTeam Mattermost/a_Off-Topic_neighbor_37.png

2019-12-22 02:41:52 - [MESSAGE][INFO] - [SMART_XPATH] FAILED XPATH: '//a[contains(@href, '/firstteam/channels/off-topic')]'.

2019-12-22 02:41:52 - [MESSAGE][INFO] - [SMART_XPATH] FAILED XPATH: '//li[3]/a'.

2019-12-22 02:41:52 - [MESSAGE][ERROR] - [SMART_XPATH] D:\Learning\School\2019-2020-HK1\CS300\CS300AutomaticWebTesting\Reports\smart_xpath\waiting-for-approval.json (The system cannot find the file specified)

2019-12-22 02:41:52 - [MESSAGE][ERROR] - [SMART_XPATH] D:/Learning/School/2019-2020-HK1/CS300/CS300AutomaticWebTesting/Reports/smart_xpath/waiting-for-approval.json does not exist or is provided by Smart XPath Plugin!

2019-12-22 02:41:52 - [MESSAGE][INFO] - [SMART_XPATH] Selected Smart XPath: '(.//*[normalize-space(text()) and normalize-space(.)='+'])[2]/following::a[2]'.

2019-12-22 02:41:52 - [MESSAGE][INFO] - [SMART_XPATH] Continuing executing the test case!

2019-12-22 02:41:53 - [MESSAGE][PASSED] - Object: 'Object Repository/Page_Town Square - FirstTeam Mattermost/a_Off-Topic' is clicked on

2019-12-22 02:41:53 - [TEST_STEP][FAILED] - click(findTestObject("Object Repository/Page_Off-Topic - FirstTeam Mattermost/button_hieu_CENTER_button_fswbyrxxdbbjufi8c_fa3789")): Unable to click on object 'Object Repository/Page_Off-Topic - FirstTeam Mattermost/button_hieu_CENTER_button_fswbyrxxdbbjufi8c_fa3789' (Root cause: com.kms.katalon.core.exception.StepFailedException: Unable to click on object 'Object Repository/Page_Off-Topic - FirstTeam Mattermost/button_hieu_CENTER_button_fswbyrxxdbbjufi8c_fa3789'
	at com.kms.katalon.core.webui.keyword.internal.WebUIKeywordMain.stepFailed(WebUIKeywordMain.groovy:64)
	at com.kms.katalon.core.webui.keyword.internal.WebUIKeywordMain.runKeyword(WebUIKeywordMain.groovy:26)
	at com.kms.katalon.core.webui.keyword.builtin.ClickKeyword.click(ClickKeyword.groovy:102)
	at com.kms.katalon.core.webui.keyword.builtin.ClickKeyword.execute(ClickKeyword.groovy:43)
	at com.kms.katalon.core.keyword.internal.KeywordExecutor.executeKeywordForPlatform(KeywordExecutor.groovy:72)
	at com.kms.katalon.core.webui.keyword.WebUiBuiltInKeywords.click(WebUiBuiltInKeywords.groovy:616)
	at com.kms.katalon.core.webui.keyword.WebUiBuiltInKeywords$click$3.call(Unknown Source)
	at TestCase40DeletePostInChannel.run(TestCase40DeletePostInChannel:31)
	at com.kms.katalon.core.main.ScriptEngine.run(ScriptEngine.java:194)
	at com.kms.katalon.core.main.ScriptEngine.runScriptAsRawText(ScriptEngine.java:119)
	at com.kms.katalon.core.main.TestCaseExecutor.runScript(TestCaseExecutor.java:337)
	at com.kms.katalon.core.main.TestCaseExecutor.doExecute(TestCaseExecutor.java:328)
	at com.kms.katalon.core.main.TestCaseExecutor.processExecutionPhase(TestCaseExecutor.java:307)
	at com.kms.katalon.core.main.TestCaseExecutor.accessMainPhase(TestCaseExecutor.java:299)
	at com.kms.katalon.core.main.TestCaseExecutor.execute(TestCaseExecutor.java:233)
	at com.kms.katalon.core.main.TestSuiteExecutor.accessTestCaseMainPhase(TestSuiteExecutor.java:169)
	at com.kms.katalon.core.main.TestSuiteExecutor.accessTestSuiteMainPhase(TestSuiteExecutor.java:142)
	at com.kms.katalon.core.main.TestSuiteExecutor.execute(TestSuiteExecutor.java:91)
	at com.kms.katalon.core.main.TestCaseMain.startTestSuite(TestCaseMain.java:157)
	at com.kms.katalon.core.main.TestCaseMain$startTestSuite$0.call(Unknown Source)
	at TempTestSuite1576955103733.run(TempTestSuite1576955103733.groovy:36)
Caused by: com.kms.katalon.core.webui.exception.WebElementNotFoundException: Web element with id: 'Object Repository/Page_Off-Topic - FirstTeam Mattermost/button_hieu_CENTER_button_fswbyrxxdbbjufi8c_fa3789' located by 'By.xpath: //button[@id='CENTER_button_fswbyrxxdbbjufi8c6pc96yuqa']' not found
	at com.kms.katalon.core.webui.common.WebUiCommonHelper.findWebElement(WebUiCommonHelper.java:1154)
	at com.kms.katalon.core.webui.keyword.internal.WebUIAbstractKeyword.findWebElement(WebUIAbstractKeyword.groovy:27)
	at com.kms.katalon.core.webui.keyword.internal.WebUIAbstractKeyword.findWebElement(WebUIAbstractKeyword.groovy:26)
	at com.kms.katalon.core.webui.keyword.builtin.ClickKeyword$_click_closure1.doCall(ClickKeyword.groovy:67)
	at com.kms.katalon.core.webui.keyword.builtin.ClickKeyword$_click_closure1.call(ClickKeyword.groovy)
	at com.kms.katalon.core.webui.keyword.internal.WebUIKeywordMain.runKeyword(WebUIKeywordMain.groovy:20)
	at com.kms.katalon.core.webui.keyword.builtin.ClickKeyword.click(ClickKeyword.groovy:102)
	at com.kms.katalon.core.webui.keyword.builtin.ClickKeyword.execute(ClickKeyword.groovy:43)
	at com.kms.katalon.core.keyword.internal.KeywordExecutor.executeKeywordForPlatform(KeywordExecutor.groovy:72)
	at com.kms.katalon.core.webui.keyword.WebUiBuiltInKeywords.click(WebUiBuiltInKeywords.groovy:616)
	at com.kms.katalon.core.webui.keyword.WebUiBuiltInKeywords$click$3.call(Unknown Source)
	at Script1576918960336.run(Script1576918960336.groovy:31)
	... 13 more
)

2019-12-22 02:42:24 - [MESSAGE][INFO] - Unable to find the element located by 'By.xpath: //button[@id='CENTER_button_fswbyrxxdbbjufi8c6pc96yuqa']'. Please recheck the objects properties to make sure the desired element is located. 

2019-12-22 02:42:24 - [MESSAGE][INFO] - [SMART_XPATH] Auto-trying out other XPath values in the test object.

2019-12-22 02:42:24 - [MESSAGE][INFO] - [SMART_XPATH] FAILED XPATH: '//button[@id='CENTER_button_fswbyrxxdbbjufi8c6pc96yuqa']'.

2019-12-22 02:42:24 - [MESSAGE][INFO] - [SMART_XPATH] FAILED XPATH: '//div[@id='postContent']/div[2]/div/div[2]/div/div[2]/div/button'.

2019-12-22 02:42:24 - [MESSAGE][INFO] - [SMART_XPATH] FAILED XPATH: '//div[6]/div/div/div/div[2]/div/div[2]/div/div[2]/div/button'.

2019-12-22 02:42:24 - [MESSAGE][INFO] - [SMART_XPATH] No working XPath is found.

2019-12-22 02:42:24 - [MESSAGE][FAILED] - Unable to click on object 'Object Repository/Page_Off-Topic - FirstTeam Mattermost/button_hieu_CENTER_button_fswbyrxxdbbjufi8c_fa3789' (Root cause: com.kms.katalon.core.exception.StepFailedException: Unable to click on object 'Object Repository/Page_Off-Topic - FirstTeam Mattermost/button_hieu_CENTER_button_fswbyrxxdbbjufi8c_fa3789'
	at com.kms.katalon.core.webui.keyword.internal.WebUIKeywordMain.stepFailed(WebUIKeywordMain.groovy:64)
	at com.kms.katalon.core.webui.keyword.internal.WebUIKeywordMain.runKeyword(WebUIKeywordMain.groovy:26)
	at com.kms.katalon.core.webui.keyword.builtin.ClickKeyword.click(ClickKeyword.groovy:102)
	at com.kms.katalon.core.webui.keyword.builtin.ClickKeyword.execute(ClickKeyword.groovy:43)
	at com.kms.katalon.core.keyword.internal.KeywordExecutor.executeKeywordForPlatform(KeywordExecutor.groovy:72)
	at com.kms.katalon.core.webui.keyword.WebUiBuiltInKeywords.click(WebUiBuiltInKeywords.groovy:616)
	at com.kms.katalon.core.webui.keyword.WebUiBuiltInKeywords$click$3.call(Unknown Source)
	at TestCase40DeletePostInChannel.run(TestCase40DeletePostInChannel:31)
	at com.kms.katalon.core.main.ScriptEngine.run(ScriptEngine.java:194)
	at com.kms.katalon.core.main.ScriptEngine.runScriptAsRawText(ScriptEngine.java:119)
	at com.kms.katalon.core.main.TestCaseExecutor.runScript(TestCaseExecutor.java:337)
	at com.kms.katalon.core.main.TestCaseExecutor.doExecute(TestCaseExecutor.java:328)
	at com.kms.katalon.core.main.TestCaseExecutor.processExecutionPhase(TestCaseExecutor.java:307)
	at com.kms.katalon.core.main.TestCaseExecutor.accessMainPhase(TestCaseExecutor.java:299)
	at com.kms.katalon.core.main.TestCaseExecutor.execute(TestCaseExecutor.java:233)
	at com.kms.katalon.core.main.TestSuiteExecutor.accessTestCaseMainPhase(TestSuiteExecutor.java:169)
	at com.kms.katalon.core.main.TestSuiteExecutor.accessTestSuiteMainPhase(TestSuiteExecutor.java:142)
	at com.kms.katalon.core.main.TestSuiteExecutor.execute(TestSuiteExecutor.java:91)
	at com.kms.katalon.core.main.TestCaseMain.startTestSuite(TestCaseMain.java:157)
	at com.kms.katalon.core.main.TestCaseMain$startTestSuite$0.call(Unknown Source)
	at TempTestSuite1576955103733.run(TempTestSuite1576955103733.groovy:36)
Caused by: com.kms.katalon.core.webui.exception.WebElementNotFoundException: Web element with id: 'Object Repository/Page_Off-Topic - FirstTeam Mattermost/button_hieu_CENTER_button_fswbyrxxdbbjufi8c_fa3789' located by 'By.xpath: //button[@id='CENTER_button_fswbyrxxdbbjufi8c6pc96yuqa']' not found
	at com.kms.katalon.core.webui.common.WebUiCommonHelper.findWebElement(WebUiCommonHelper.java:1154)
	at com.kms.katalon.core.webui.keyword.internal.WebUIAbstractKeyword.findWebElement(WebUIAbstractKeyword.groovy:27)
	at com.kms.katalon.core.webui.keyword.internal.WebUIAbstractKeyword.findWebElement(WebUIAbstractKeyword.groovy:26)
	at com.kms.katalon.core.webui.keyword.builtin.ClickKeyword$_click_closure1.doCall(ClickKeyword.groovy:67)
	at com.kms.katalon.core.webui.keyword.builtin.ClickKeyword$_click_closure1.call(ClickKeyword.groovy)
	at com.kms.katalon.core.webui.keyword.internal.WebUIKeywordMain.runKeyword(WebUIKeywordMain.groovy:20)
	at com.kms.katalon.core.webui.keyword.builtin.ClickKeyword.click(ClickKeyword.groovy:102)
	at com.kms.katalon.core.webui.keyword.builtin.ClickKeyword.execute(ClickKeyword.groovy:43)
	at com.kms.katalon.core.keyword.internal.KeywordExecutor.executeKeywordForPlatform(KeywordExecutor.groovy:72)
	at com.kms.katalon.core.webui.keyword.WebUiBuiltInKeywords.click(WebUiBuiltInKeywords.groovy:616)
	at com.kms.katalon.core.webui.keyword.WebUiBuiltInKeywords$click$3.call(Unknown Source)
	at Script1576918960336.run(Script1576918960336.groovy:31)
	... 13 more
)
[[ATTACHMENT|D:\\Learning\\School\\2019-2020-HK1\\CS300\\CS300AutomaticWebTesting\\Reports\\20191222_020503\\Run All Test Cases\\20191222_020503\\1576957344219.png]]]]></system-out>
         <system-err><![CDATA[2019-12-22 02:41:08 - [TEST_CASE][FAILED] - Test Cases/TestCase40DeletePostInChannel: Test Cases/TestCase40DeletePostInChannel FAILED.
Reason:
com.kms.katalon.core.exception.StepFailedException: Unable to click on object 'Object Repository/Page_Off-Topic - FirstTeam Mattermost/button_hieu_CENTER_button_fswbyrxxdbbjufi8c_fa3789'
	at com.kms.katalon.core.webui.keyword.internal.WebUIKeywordMain.stepFailed(WebUIKeywordMain.groovy:64)
	at com.kms.katalon.core.webui.keyword.internal.WebUIKeywordMain.runKeyword(WebUIKeywordMain.groovy:26)
	at com.kms.katalon.core.webui.keyword.builtin.ClickKeyword.click(ClickKeyword.groovy:102)
	at com.kms.katalon.core.webui.keyword.builtin.ClickKeyword.execute(ClickKeyword.groovy:43)
	at com.kms.katalon.core.keyword.internal.KeywordExecutor.executeKeywordForPlatform(KeywordExecutor.groovy:72)
	at com.kms.katalon.core.webui.keyword.WebUiBuiltInKeywords.click(WebUiBuiltInKeywords.groovy:616)
	at com.kms.katalon.core.webui.keyword.WebUiBuiltInKeywords$click$3.call(Unknown Source)
	at TestCase40DeletePostInChannel.run(TestCase40DeletePostInChannel:31)
	at com.kms.katalon.core.main.ScriptEngine.run(ScriptEngine.java:194)
	at com.kms.katalon.core.main.ScriptEngine.runScriptAsRawText(ScriptEngine.java:119)
	at com.kms.katalon.core.main.TestCaseExecutor.runScript(TestCaseExecutor.java:337)
	at com.kms.katalon.core.main.TestCaseExecutor.doExecute(TestCaseExecutor.java:328)
	at com.kms.katalon.core.main.TestCaseExecutor.processExecutionPhase(TestCaseExecutor.java:307)
	at com.kms.katalon.core.main.TestCaseExecutor.accessMainPhase(TestCaseExecutor.java:299)
	at com.kms.katalon.core.main.TestCaseExecutor.execute(TestCaseExecutor.java:233)
	at com.kms.katalon.core.main.TestSuiteExecutor.accessTestCaseMainPhase(TestSuiteExecutor.java:169)
	at com.kms.katalon.core.main.TestSuiteExecutor.accessTestSuiteMainPhase(TestSuiteExecutor.java:142)
	at com.kms.katalon.core.main.TestSuiteExecutor.execute(TestSuiteExecutor.java:91)
	at com.kms.katalon.core.main.TestCaseMain.startTestSuite(TestCaseMain.java:157)
	at com.kms.katalon.core.main.TestCaseMain$startTestSuite$0.call(Unknown Source)
	at TempTestSuite1576955103733.run(TempTestSuite1576955103733.groovy:36)
Caused by: com.kms.katalon.core.webui.exception.WebElementNotFoundException: Web element with id: 'Object Repository/Page_Off-Topic - FirstTeam Mattermost/button_hieu_CENTER_button_fswbyrxxdbbjufi8c_fa3789' located by 'By.xpath: //button[@id='CENTER_button_fswbyrxxdbbjufi8c6pc96yuqa']' not found
	at com.kms.katalon.core.webui.common.WebUiCommonHelper.findWebElement(WebUiCommonHelper.java:1154)
	at com.kms.katalon.core.webui.keyword.internal.WebUIAbstractKeyword.findWebElement(WebUIAbstractKeyword.groovy:27)
	at com.kms.katalon.core.webui.keyword.internal.WebUIAbstractKeyword.findWebElement(WebUIAbstractKeyword.groovy:26)
	at com.kms.katalon.core.webui.keyword.builtin.ClickKeyword$_click_closure1.doCall(ClickKeyword.groovy:67)
	at com.kms.katalon.core.webui.keyword.builtin.ClickKeyword$_click_closure1.call(ClickKeyword.groovy)
	at com.kms.katalon.core.webui.keyword.internal.WebUIKeywordMain.runKeyword(WebUIKeywordMain.groovy:20)
	... 19 more]]></system-err>
      </testcase>
      <testcase name="Test Cases/TestCase41ReplyPostInChannel" time="81.059" classname="Test Cases/TestCase41ReplyPostInChannel" status="FAILED">
         <failure type="FAILED" message="Test Cases/TestCase41ReplyPostInChannel FAILED.
Reason:
com.kms.katalon.core.exception.StepFailedException: Unable to click on object 'Object Repository/Page_Off-Topic - FirstTeam Mattermost/button_hieu_CENTER_button_uz63gsxba7n9ubyrh_2a30c3'
	at com.kms.katalon.core.webui.keyword.internal.WebUIKeywordMain.stepFailed(WebUIKeywordMain.groovy:64)
	at com.kms.katalon.core.webui.keyword.internal.WebUIKeywordMain.runKeyword(WebUIKeywordMain.groovy:26)
	at com.kms.katalon.core.webui.keyword.builtin.ClickKeyword.click(ClickKeyword.groovy:102)
	at com.kms.katalon.core.webui.keyword.builtin.ClickKeyword.execute(ClickKeyword.groovy:43)
	at com.kms.katalon.core.keyword.internal.KeywordExecutor.executeKeywordForPlatform(KeywordExecutor.groovy:72)
	at com.kms.katalon.core.webui.keyword.WebUiBuiltInKeywords.click(WebUiBuiltInKeywords.groovy:616)
	at com.kms.katalon.core.webui.keyword.WebUiBuiltInKeywords$click$3.call(Unknown Source)
	at TestCase41ReplyPostInChannel.run(TestCase41ReplyPostInChannel:31)
	at com.kms.katalon.core.main.ScriptEngine.run(ScriptEngine.java:194)
	at com.kms.katalon.core.main.ScriptEngine.runScriptAsRawText(ScriptEngine.java:119)
	at com.kms.katalon.core.main.TestCaseExecutor.runScript(TestCaseExecutor.java:337)
	at com.kms.katalon.core.main.TestCaseExecutor.doExecute(TestCaseExecutor.java:328)
	at com.kms.katalon.core.main.TestCaseExecutor.processExecutionPhase(TestCaseExecutor.java:307)
	at com.kms.katalon.core.main.TestCaseExecutor.accessMainPhase(TestCaseExecutor.java:299)
	at com.kms.katalon.core.main.TestCaseExecutor.execute(TestCaseExecutor.java:233)
	at com.kms.katalon.core.main.TestSuiteExecutor.accessTestCaseMainPhase(TestSuiteExecutor.java:169)
	at com.kms.katalon.core.main.TestSuiteExecutor.accessTestSuiteMainPhase(TestSuiteExecutor.java:142)
	at com.kms.katalon.core.main.TestSuiteExecutor.execute(TestSuiteExecutor.java:91)
	at com.kms.katalon.core.main.TestCaseMain.startTestSuite(TestCaseMain.java:157)
	at com.kms.katalon.core.main.TestCaseMain$startTestSuite$0.call(Unknown Source)
	at TempTestSuite1576955103733.run(TempTestSuite1576955103733.groovy:36)
Caused by: com.kms.katalon.core.webui.exception.WebElementNotFoundException: Web element with id: 'Object Repository/Page_Off-Topic - FirstTeam Mattermost/button_hieu_CENTER_button_uz63gsxba7n9ubyrh_2a30c3' located by 'By.xpath: //button[@id='CENTER_button_uz63gsxba7n9ubyrhi5qkg7jie']' not found
	at com.kms.katalon.core.webui.common.WebUiCommonHelper.findWebElement(WebUiCommonHelper.java:1154)
	at com.kms.katalon.core.webui.keyword.internal.WebUIAbstractKeyword.findWebElement(WebUIAbstractKeyword.groovy:27)
	at com.kms.katalon.core.webui.keyword.internal.WebUIAbstractKeyword.findWebElement(WebUIAbstractKeyword.groovy:26)
	at com.kms.katalon.core.webui.keyword.builtin.ClickKeyword$_click_closure1.doCall(ClickKeyword.groovy:67)
	at com.kms.katalon.core.webui.keyword.builtin.ClickKeyword$_click_closure1.call(ClickKeyword.groovy)
	at com.kms.katalon.core.webui.keyword.internal.WebUIKeywordMain.runKeyword(WebUIKeywordMain.groovy:20)
	... 19 more
"/>
         <system-out><![CDATA[2019-12-22 02:42:24 - [TEST_CASE][FAILED] - Test Cases/TestCase41ReplyPostInChannel: Test Cases/TestCase41ReplyPostInChannel FAILED.
Reason:
com.kms.katalon.core.exception.StepFailedException: Unable to click on object 'Object Repository/Page_Off-Topic - FirstTeam Mattermost/button_hieu_CENTER_button_uz63gsxba7n9ubyrh_2a30c3'
	at com.kms.katalon.core.webui.keyword.internal.WebUIKeywordMain.stepFailed(WebUIKeywordMain.groovy:64)
	at com.kms.katalon.core.webui.keyword.internal.WebUIKeywordMain.runKeyword(WebUIKeywordMain.groovy:26)
	at com.kms.katalon.core.webui.keyword.builtin.ClickKeyword.click(ClickKeyword.groovy:102)
	at com.kms.katalon.core.webui.keyword.builtin.ClickKeyword.execute(ClickKeyword.groovy:43)
	at com.kms.katalon.core.keyword.internal.KeywordExecutor.executeKeywordForPlatform(KeywordExecutor.groovy:72)
	at com.kms.katalon.core.webui.keyword.WebUiBuiltInKeywords.click(WebUiBuiltInKeywords.groovy:616)
	at com.kms.katalon.core.webui.keyword.WebUiBuiltInKeywords$click$3.call(Unknown Source)
	at TestCase41ReplyPostInChannel.run(TestCase41ReplyPostInChannel:31)
	at com.kms.katalon.core.main.ScriptEngine.run(ScriptEngine.java:194)
	at com.kms.katalon.core.main.ScriptEngine.runScriptAsRawText(ScriptEngine.java:119)
	at com.kms.katalon.core.main.TestCaseExecutor.runScript(TestCaseExecutor.java:337)
	at com.kms.katalon.core.main.TestCaseExecutor.doExecute(TestCaseExecutor.java:328)
	at com.kms.katalon.core.main.TestCaseExecutor.processExecutionPhase(TestCaseExecutor.java:307)
	at com.kms.katalon.core.main.TestCaseExecutor.accessMainPhase(TestCaseExecutor.java:299)
	at com.kms.katalon.core.main.TestCaseExecutor.execute(TestCaseExecutor.java:233)
	at com.kms.katalon.core.main.TestSuiteExecutor.accessTestCaseMainPhase(TestSuiteExecutor.java:169)
	at com.kms.katalon.core.main.TestSuiteExecutor.accessTestSuiteMainPhase(TestSuiteExecutor.java:142)
	at com.kms.katalon.core.main.TestSuiteExecutor.execute(TestSuiteExecutor.java:91)
	at com.kms.katalon.core.main.TestCaseMain.startTestSuite(TestCaseMain.java:157)
	at com.kms.katalon.core.main.TestCaseMain$startTestSuite$0.call(Unknown Source)
	at TempTestSuite1576955103733.run(TempTestSuite1576955103733.groovy:36)
Caused by: com.kms.katalon.core.webui.exception.WebElementNotFoundException: Web element with id: 'Object Repository/Page_Off-Topic - FirstTeam Mattermost/button_hieu_CENTER_button_uz63gsxba7n9ubyrh_2a30c3' located by 'By.xpath: //button[@id='CENTER_button_uz63gsxba7n9ubyrhi5qkg7jie']' not found
	at com.kms.katalon.core.webui.common.WebUiCommonHelper.findWebElement(WebUiCommonHelper.java:1154)
	at com.kms.katalon.core.webui.keyword.internal.WebUIAbstractKeyword.findWebElement(WebUIAbstractKeyword.groovy:27)
	at com.kms.katalon.core.webui.keyword.internal.WebUIAbstractKeyword.findWebElement(WebUIAbstractKeyword.groovy:26)
	at com.kms.katalon.core.webui.keyword.builtin.ClickKeyword$_click_closure1.doCall(ClickKeyword.groovy:67)
	at com.kms.katalon.core.webui.keyword.builtin.ClickKeyword$_click_closure1.call(ClickKeyword.groovy)
	at com.kms.katalon.core.webui.keyword.internal.WebUIKeywordMain.runKeyword(WebUIKeywordMain.groovy:20)
	... 19 more


2019-12-22 02:42:24 - [TEST_STEP][PASSED] - openBrowser(""): Browser is opened with url: ''

2019-12-22 02:42:24 - [MESSAGE][WARNING] - A browser is already opened. Closing browser and opening a new one

2019-12-22 02:42:26 - [MESSAGE][INFO] - Starting 'Firefox (headless)' driver

2019-12-22 02:42:33 - [MESSAGE][PASSED] - Browser is opened with url: ''

2019-12-22 02:42:33 - [TEST_STEP][PASSED] - navigateToUrl("https://cs300testautomatic.herokuapp.com/"): Navigate to 'https://cs300testautomatic.herokuapp.com/' successfully

2019-12-22 02:42:38 - [MESSAGE][PASSED] - Navigate to 'https://cs300testautomatic.herokuapp.com/' successfully

2019-12-22 02:42:38 - [TEST_STEP][PASSED] - setText(findTestObject("Page_Mattermost/input_All team communication in one place s_703ef5"), "dhieu@apcs.vn"): Text 'dhieu@apcs.vn' is set on object 'Object Repository/Page_Mattermost/input_All team communication in one place s_703ef5'

2019-12-22 02:42:42 - [MESSAGE][PASSED] - Text 'dhieu@apcs.vn' is set on object 'Object Repository/Page_Mattermost/input_All team communication in one place s_703ef5'

2019-12-22 02:42:42 - [TEST_STEP][PASSED] - setEncryptedText(findTestObject("Page_Mattermost/input_All team communication in one place s_2f2733"), "iGDxf8hSRT4="): Text ****** has been set on object 'Object Repository/Page_Mattermost/input_All team communication in one place s_2f2733'

2019-12-22 02:42:42 - [MESSAGE][PASSED] - Text ****** has been set on object 'Object Repository/Page_Mattermost/input_All team communication in one place s_2f2733'

2019-12-22 02:42:42 - [TEST_STEP][PASSED] - sendKeys(findTestObject("Page_Mattermost/input_All team communication in one place s_2f2733"), Keys.chord(ENTER)): Keys 'ENTER + ' sent to object: 'Object Repository/Page_Mattermost/input_All team communication in one place s_2f2733'

2019-12-22 02:42:42 - [MESSAGE][PASSED] - Keys 'ENTER + ' sent to object: 'Object Repository/Page_Mattermost/input_All team communication in one place s_2f2733'

2019-12-22 02:42:42 - [TEST_STEP][PASSED] - click(findTestObject("Page_Town Square - FirstTeam Mattermost/a_Off-Topic")): Object: 'Object Repository/Page_Town Square - FirstTeam Mattermost/a_Off-Topic' is clicked on

2019-12-22 02:43:13 - [MESSAGE][INFO] - Unable to find the element located by 'By.xpath: //a[@id='sidebarItem_off-topic']'. Please recheck the objects properties to make sure the desired element is located. 

2019-12-22 02:43:13 - [MESSAGE][INFO] - [SMART_XPATH] Auto-trying out other XPath values in the test object.

2019-12-22 02:43:13 - [MESSAGE][INFO] - [SMART_XPATH] FAILED XPATH: '//a[@id='sidebarItem_off-topic']'.

2019-12-22 02:43:13 - [MESSAGE][INFO] - [SMART_XPATH] FAILED XPATH: '//ul[@id='publicChannelList']/li[3]/a'.

2019-12-22 02:43:13 - [MESSAGE][INFO] - [SMART_XPATH] FAILED XPATH: '(.//*[normalize-space(text()) and normalize-space(.)='Channel3'])[1]/following::a[1]'.

2019-12-22 02:43:13 - [MESSAGE][INFO] - [SMART_XPATH] WORKING XPATH: '(.//*[normalize-space(text()) and normalize-space(.)='+'])[2]/following::a[2]'.

2019-12-22 02:43:13 - [MESSAGE][INFO] - [SMART_XPATH] Screenshot: D:/Learning/School/2019-2020-HK1/CS300/CS300AutomaticWebTesting/Reports/smart_xpath/Object Repository/Page_Town Square - FirstTeam Mattermost/a_Off-Topic_neighbor_38.png

2019-12-22 02:43:13 - [MESSAGE][INFO] - [SMART_XPATH] WORKING XPATH: '(.//*[normalize-space(text()) and normalize-space(.)='Town Square'])[1]/preceding::a[1]'.

2019-12-22 02:43:13 - [MESSAGE][INFO] - [SMART_XPATH] Screenshot: D:/Learning/School/2019-2020-HK1/CS300/CS300AutomaticWebTesting/Reports/smart_xpath/Object Repository/Page_Town Square - FirstTeam Mattermost/a_Off-Topic_neighbor_39.png

2019-12-22 02:43:13 - [MESSAGE][INFO] - [SMART_XPATH] FAILED XPATH: '//a[contains(@href, '/firstteam/channels/off-topic')]'.

2019-12-22 02:43:13 - [MESSAGE][INFO] - [SMART_XPATH] FAILED XPATH: '//li[3]/a'.

2019-12-22 02:43:13 - [MESSAGE][ERROR] - [SMART_XPATH] D:\Learning\School\2019-2020-HK1\CS300\CS300AutomaticWebTesting\Reports\smart_xpath\waiting-for-approval.json (The system cannot find the file specified)

2019-12-22 02:43:13 - [MESSAGE][ERROR] - [SMART_XPATH] D:/Learning/School/2019-2020-HK1/CS300/CS300AutomaticWebTesting/Reports/smart_xpath/waiting-for-approval.json does not exist or is provided by Smart XPath Plugin!

2019-12-22 02:43:13 - [MESSAGE][INFO] - [SMART_XPATH] Selected Smart XPath: '(.//*[normalize-space(text()) and normalize-space(.)='+'])[2]/following::a[2]'.

2019-12-22 02:43:13 - [MESSAGE][INFO] - [SMART_XPATH] Continuing executing the test case!

2019-12-22 02:43:14 - [MESSAGE][PASSED] - Object: 'Object Repository/Page_Town Square - FirstTeam Mattermost/a_Off-Topic' is clicked on

2019-12-22 02:43:14 - [TEST_STEP][FAILED] - click(findTestObject("Object Repository/Page_Off-Topic - FirstTeam Mattermost/button_hieu_CENTER_button_uz63gsxba7n9ubyrh_2a30c3")): Unable to click on object 'Object Repository/Page_Off-Topic - FirstTeam Mattermost/button_hieu_CENTER_button_uz63gsxba7n9ubyrh_2a30c3' (Root cause: com.kms.katalon.core.exception.StepFailedException: Unable to click on object 'Object Repository/Page_Off-Topic - FirstTeam Mattermost/button_hieu_CENTER_button_uz63gsxba7n9ubyrh_2a30c3'
	at com.kms.katalon.core.webui.keyword.internal.WebUIKeywordMain.stepFailed(WebUIKeywordMain.groovy:64)
	at com.kms.katalon.core.webui.keyword.internal.WebUIKeywordMain.runKeyword(WebUIKeywordMain.groovy:26)
	at com.kms.katalon.core.webui.keyword.builtin.ClickKeyword.click(ClickKeyword.groovy:102)
	at com.kms.katalon.core.webui.keyword.builtin.ClickKeyword.execute(ClickKeyword.groovy:43)
	at com.kms.katalon.core.keyword.internal.KeywordExecutor.executeKeywordForPlatform(KeywordExecutor.groovy:72)
	at com.kms.katalon.core.webui.keyword.WebUiBuiltInKeywords.click(WebUiBuiltInKeywords.groovy:616)
	at com.kms.katalon.core.webui.keyword.WebUiBuiltInKeywords$click$3.call(Unknown Source)
	at TestCase41ReplyPostInChannel.run(TestCase41ReplyPostInChannel:31)
	at com.kms.katalon.core.main.ScriptEngine.run(ScriptEngine.java:194)
	at com.kms.katalon.core.main.ScriptEngine.runScriptAsRawText(ScriptEngine.java:119)
	at com.kms.katalon.core.main.TestCaseExecutor.runScript(TestCaseExecutor.java:337)
	at com.kms.katalon.core.main.TestCaseExecutor.doExecute(TestCaseExecutor.java:328)
	at com.kms.katalon.core.main.TestCaseExecutor.processExecutionPhase(TestCaseExecutor.java:307)
	at com.kms.katalon.core.main.TestCaseExecutor.accessMainPhase(TestCaseExecutor.java:299)
	at com.kms.katalon.core.main.TestCaseExecutor.execute(TestCaseExecutor.java:233)
	at com.kms.katalon.core.main.TestSuiteExecutor.accessTestCaseMainPhase(TestSuiteExecutor.java:169)
	at com.kms.katalon.core.main.TestSuiteExecutor.accessTestSuiteMainPhase(TestSuiteExecutor.java:142)
	at com.kms.katalon.core.main.TestSuiteExecutor.execute(TestSuiteExecutor.java:91)
	at com.kms.katalon.core.main.TestCaseMain.startTestSuite(TestCaseMain.java:157)
	at com.kms.katalon.core.main.TestCaseMain$startTestSuite$0.call(Unknown Source)
	at TempTestSuite1576955103733.run(TempTestSuite1576955103733.groovy:36)
Caused by: com.kms.katalon.core.webui.exception.WebElementNotFoundException: Web element with id: 'Object Repository/Page_Off-Topic - FirstTeam Mattermost/button_hieu_CENTER_button_uz63gsxba7n9ubyrh_2a30c3' located by 'By.xpath: //button[@id='CENTER_button_uz63gsxba7n9ubyrhi5qkg7jie']' not found
	at com.kms.katalon.core.webui.common.WebUiCommonHelper.findWebElement(WebUiCommonHelper.java:1154)
	at com.kms.katalon.core.webui.keyword.internal.WebUIAbstractKeyword.findWebElement(WebUIAbstractKeyword.groovy:27)
	at com.kms.katalon.core.webui.keyword.internal.WebUIAbstractKeyword.findWebElement(WebUIAbstractKeyword.groovy:26)
	at com.kms.katalon.core.webui.keyword.builtin.ClickKeyword$_click_closure1.doCall(ClickKeyword.groovy:67)
	at com.kms.katalon.core.webui.keyword.builtin.ClickKeyword$_click_closure1.call(ClickKeyword.groovy)
	at com.kms.katalon.core.webui.keyword.internal.WebUIKeywordMain.runKeyword(WebUIKeywordMain.groovy:20)
	at com.kms.katalon.core.webui.keyword.builtin.ClickKeyword.click(ClickKeyword.groovy:102)
	at com.kms.katalon.core.webui.keyword.builtin.ClickKeyword.execute(ClickKeyword.groovy:43)
	at com.kms.katalon.core.keyword.internal.KeywordExecutor.executeKeywordForPlatform(KeywordExecutor.groovy:72)
	at com.kms.katalon.core.webui.keyword.WebUiBuiltInKeywords.click(WebUiBuiltInKeywords.groovy:616)
	at com.kms.katalon.core.webui.keyword.WebUiBuiltInKeywords$click$3.call(Unknown Source)
	at Script1576918975306.run(Script1576918975306.groovy:31)
	... 13 more
)

2019-12-22 02:43:45 - [MESSAGE][INFO] - Unable to find the element located by 'By.xpath: //button[@id='CENTER_button_uz63gsxba7n9ubyrhi5qkg7jie']'. Please recheck the objects properties to make sure the desired element is located. 

2019-12-22 02:43:45 - [MESSAGE][INFO] - [SMART_XPATH] Auto-trying out other XPath values in the test object.

2019-12-22 02:43:45 - [MESSAGE][INFO] - [SMART_XPATH] FAILED XPATH: '//button[@id='CENTER_button_uz63gsxba7n9ubyrhi5qkg7jie']'.

2019-12-22 02:43:45 - [MESSAGE][INFO] - [SMART_XPATH] FAILED XPATH: '//div[@id='postContent']/div[2]/div/div[2]/div/div[2]/div/button'.

2019-12-22 02:43:45 - [MESSAGE][INFO] - [SMART_XPATH] FAILED XPATH: '//div[12]/div/div/div/div[2]/div/div[2]/div/div[2]/div/button'.

2019-12-22 02:43:45 - [MESSAGE][INFO] - [SMART_XPATH] No working XPath is found.

2019-12-22 02:43:45 - [MESSAGE][FAILED] - Unable to click on object 'Object Repository/Page_Off-Topic - FirstTeam Mattermost/button_hieu_CENTER_button_uz63gsxba7n9ubyrh_2a30c3' (Root cause: com.kms.katalon.core.exception.StepFailedException: Unable to click on object 'Object Repository/Page_Off-Topic - FirstTeam Mattermost/button_hieu_CENTER_button_uz63gsxba7n9ubyrh_2a30c3'
	at com.kms.katalon.core.webui.keyword.internal.WebUIKeywordMain.stepFailed(WebUIKeywordMain.groovy:64)
	at com.kms.katalon.core.webui.keyword.internal.WebUIKeywordMain.runKeyword(WebUIKeywordMain.groovy:26)
	at com.kms.katalon.core.webui.keyword.builtin.ClickKeyword.click(ClickKeyword.groovy:102)
	at com.kms.katalon.core.webui.keyword.builtin.ClickKeyword.execute(ClickKeyword.groovy:43)
	at com.kms.katalon.core.keyword.internal.KeywordExecutor.executeKeywordForPlatform(KeywordExecutor.groovy:72)
	at com.kms.katalon.core.webui.keyword.WebUiBuiltInKeywords.click(WebUiBuiltInKeywords.groovy:616)
	at com.kms.katalon.core.webui.keyword.WebUiBuiltInKeywords$click$3.call(Unknown Source)
	at TestCase41ReplyPostInChannel.run(TestCase41ReplyPostInChannel:31)
	at com.kms.katalon.core.main.ScriptEngine.run(ScriptEngine.java:194)
	at com.kms.katalon.core.main.ScriptEngine.runScriptAsRawText(ScriptEngine.java:119)
	at com.kms.katalon.core.main.TestCaseExecutor.runScript(TestCaseExecutor.java:337)
	at com.kms.katalon.core.main.TestCaseExecutor.doExecute(TestCaseExecutor.java:328)
	at com.kms.katalon.core.main.TestCaseExecutor.processExecutionPhase(TestCaseExecutor.java:307)
	at com.kms.katalon.core.main.TestCaseExecutor.accessMainPhase(TestCaseExecutor.java:299)
	at com.kms.katalon.core.main.TestCaseExecutor.execute(TestCaseExecutor.java:233)
	at com.kms.katalon.core.main.TestSuiteExecutor.accessTestCaseMainPhase(TestSuiteExecutor.java:169)
	at com.kms.katalon.core.main.TestSuiteExecutor.accessTestSuiteMainPhase(TestSuiteExecutor.java:142)
	at com.kms.katalon.core.main.TestSuiteExecutor.execute(TestSuiteExecutor.java:91)
	at com.kms.katalon.core.main.TestCaseMain.startTestSuite(TestCaseMain.java:157)
	at com.kms.katalon.core.main.TestCaseMain$startTestSuite$0.call(Unknown Source)
	at TempTestSuite1576955103733.run(TempTestSuite1576955103733.groovy:36)
Caused by: com.kms.katalon.core.webui.exception.WebElementNotFoundException: Web element with id: 'Object Repository/Page_Off-Topic - FirstTeam Mattermost/button_hieu_CENTER_button_uz63gsxba7n9ubyrh_2a30c3' located by 'By.xpath: //button[@id='CENTER_button_uz63gsxba7n9ubyrhi5qkg7jie']' not found
	at com.kms.katalon.core.webui.common.WebUiCommonHelper.findWebElement(WebUiCommonHelper.java:1154)
	at com.kms.katalon.core.webui.keyword.internal.WebUIAbstractKeyword.findWebElement(WebUIAbstractKeyword.groovy:27)
	at com.kms.katalon.core.webui.keyword.internal.WebUIAbstractKeyword.findWebElement(WebUIAbstractKeyword.groovy:26)
	at com.kms.katalon.core.webui.keyword.builtin.ClickKeyword$_click_closure1.doCall(ClickKeyword.groovy:67)
	at com.kms.katalon.core.webui.keyword.builtin.ClickKeyword$_click_closure1.call(ClickKeyword.groovy)
	at com.kms.katalon.core.webui.keyword.internal.WebUIKeywordMain.runKeyword(WebUIKeywordMain.groovy:20)
	at com.kms.katalon.core.webui.keyword.builtin.ClickKeyword.click(ClickKeyword.groovy:102)
	at com.kms.katalon.core.webui.keyword.builtin.ClickKeyword.execute(ClickKeyword.groovy:43)
	at com.kms.katalon.core.keyword.internal.KeywordExecutor.executeKeywordForPlatform(KeywordExecutor.groovy:72)
	at com.kms.katalon.core.webui.keyword.WebUiBuiltInKeywords.click(WebUiBuiltInKeywords.groovy:616)
	at com.kms.katalon.core.webui.keyword.WebUiBuiltInKeywords$click$3.call(Unknown Source)
	at Script1576918975306.run(Script1576918975306.groovy:31)
	... 13 more
)
[[ATTACHMENT|D:\\Learning\\School\\2019-2020-HK1\\CS300\\CS300AutomaticWebTesting\\Reports\\20191222_020503\\Run All Test Cases\\20191222_020503\\1576957425362.png]]]]></system-out>
         <system-err><![CDATA[2019-12-22 02:42:24 - [TEST_CASE][FAILED] - Test Cases/TestCase41ReplyPostInChannel: Test Cases/TestCase41ReplyPostInChannel FAILED.
Reason:
com.kms.katalon.core.exception.StepFailedException: Unable to click on object 'Object Repository/Page_Off-Topic - FirstTeam Mattermost/button_hieu_CENTER_button_uz63gsxba7n9ubyrh_2a30c3'
	at com.kms.katalon.core.webui.keyword.internal.WebUIKeywordMain.stepFailed(WebUIKeywordMain.groovy:64)
	at com.kms.katalon.core.webui.keyword.internal.WebUIKeywordMain.runKeyword(WebUIKeywordMain.groovy:26)
	at com.kms.katalon.core.webui.keyword.builtin.ClickKeyword.click(ClickKeyword.groovy:102)
	at com.kms.katalon.core.webui.keyword.builtin.ClickKeyword.execute(ClickKeyword.groovy:43)
	at com.kms.katalon.core.keyword.internal.KeywordExecutor.executeKeywordForPlatform(KeywordExecutor.groovy:72)
	at com.kms.katalon.core.webui.keyword.WebUiBuiltInKeywords.click(WebUiBuiltInKeywords.groovy:616)
	at com.kms.katalon.core.webui.keyword.WebUiBuiltInKeywords$click$3.call(Unknown Source)
	at TestCase41ReplyPostInChannel.run(TestCase41ReplyPostInChannel:31)
	at com.kms.katalon.core.main.ScriptEngine.run(ScriptEngine.java:194)
	at com.kms.katalon.core.main.ScriptEngine.runScriptAsRawText(ScriptEngine.java:119)
	at com.kms.katalon.core.main.TestCaseExecutor.runScript(TestCaseExecutor.java:337)
	at com.kms.katalon.core.main.TestCaseExecutor.doExecute(TestCaseExecutor.java:328)
	at com.kms.katalon.core.main.TestCaseExecutor.processExecutionPhase(TestCaseExecutor.java:307)
	at com.kms.katalon.core.main.TestCaseExecutor.accessMainPhase(TestCaseExecutor.java:299)
	at com.kms.katalon.core.main.TestCaseExecutor.execute(TestCaseExecutor.java:233)
	at com.kms.katalon.core.main.TestSuiteExecutor.accessTestCaseMainPhase(TestSuiteExecutor.java:169)
	at com.kms.katalon.core.main.TestSuiteExecutor.accessTestSuiteMainPhase(TestSuiteExecutor.java:142)
	at com.kms.katalon.core.main.TestSuiteExecutor.execute(TestSuiteExecutor.java:91)
	at com.kms.katalon.core.main.TestCaseMain.startTestSuite(TestCaseMain.java:157)
	at com.kms.katalon.core.main.TestCaseMain$startTestSuite$0.call(Unknown Source)
	at TempTestSuite1576955103733.run(TempTestSuite1576955103733.groovy:36)
Caused by: com.kms.katalon.core.webui.exception.WebElementNotFoundException: Web element with id: 'Object Repository/Page_Off-Topic - FirstTeam Mattermost/button_hieu_CENTER_button_uz63gsxba7n9ubyrh_2a30c3' located by 'By.xpath: //button[@id='CENTER_button_uz63gsxba7n9ubyrhi5qkg7jie']' not found
	at com.kms.katalon.core.webui.common.WebUiCommonHelper.findWebElement(WebUiCommonHelper.java:1154)
	at com.kms.katalon.core.webui.keyword.internal.WebUIAbstractKeyword.findWebElement(WebUIAbstractKeyword.groovy:27)
	at com.kms.katalon.core.webui.keyword.internal.WebUIAbstractKeyword.findWebElement(WebUIAbstractKeyword.groovy:26)
	at com.kms.katalon.core.webui.keyword.builtin.ClickKeyword$_click_closure1.doCall(ClickKeyword.groovy:67)
	at com.kms.katalon.core.webui.keyword.builtin.ClickKeyword$_click_closure1.call(ClickKeyword.groovy)
	at com.kms.katalon.core.webui.keyword.internal.WebUIKeywordMain.runKeyword(WebUIKeywordMain.groovy:20)
	... 19 more]]></system-err>
      </testcase>
      <testcase name="Test Cases/TestCase42UpdateStatusToOffline" time="82.019" classname="Test Cases/TestCase42UpdateStatusToOffline" status="PASSED">
         <system-out><![CDATA[2019-12-22 02:43:45 - [TEST_CASE][PASSED] - Test Cases/TestCase42UpdateStatusToOffline: Test Cases/TestCase42UpdateStatusToOffline

2019-12-22 02:43:45 - [TEST_STEP][PASSED] - openBrowser(""): Browser is opened with url: ''

2019-12-22 02:43:45 - [MESSAGE][WARNING] - A browser is already opened. Closing browser and opening a new one

2019-12-22 02:43:47 - [MESSAGE][INFO] - Starting 'Firefox (headless)' driver

2019-12-22 02:43:51 - [MESSAGE][PASSED] - Browser is opened with url: ''

2019-12-22 02:43:51 - [TEST_STEP][PASSED] - navigateToUrl("https://cs300testautomatic.herokuapp.com/"): Navigate to 'https://cs300testautomatic.herokuapp.com/' successfully

2019-12-22 02:43:55 - [MESSAGE][PASSED] - Navigate to 'https://cs300testautomatic.herokuapp.com/' successfully

2019-12-22 02:43:55 - [TEST_STEP][PASSED] - setText(findTestObject("Page_Mattermost/input_All team communication in one place s_703ef5 (27)"), "giabeuu@gmail.com"): Text 'giabeuu@gmail.com' is set on object 'Object Repository/Page_Mattermost/input_All team communication in one place s_703ef5 (27)'

2019-12-22 02:44:00 - [MESSAGE][PASSED] - Text 'giabeuu@gmail.com' is set on object 'Object Repository/Page_Mattermost/input_All team communication in one place s_703ef5 (27)'

2019-12-22 02:44:00 - [TEST_STEP][PASSED] - setEncryptedText(findTestObject("Page_Mattermost/input_All team communication in one place s_2f2733 (27)"), "GoUae4B8Jrc="): Text ****** has been set on object 'Object Repository/Page_Mattermost/input_All team communication in one place s_2f2733 (27)'

2019-12-22 02:44:00 - [MESSAGE][PASSED] - Text ****** has been set on object 'Object Repository/Page_Mattermost/input_All team communication in one place s_2f2733 (27)'

2019-12-22 02:44:00 - [TEST_STEP][PASSED] - click(findTestObject("Page_Mattermost/button_Sign in (16)")): Object: 'Object Repository/Page_Mattermost/button_Sign in (16)' is clicked on

2019-12-22 02:44:00 - [MESSAGE][PASSED] - Object: 'Object Repository/Page_Mattermost/button_Sign in (16)' is clicked on

2019-12-22 02:44:00 - [TEST_STEP][PASSED] - click(findTestObject("Object Repository/Page_ Town Square - FirstTeam Mattermost/span__status status-edit edit")): Object: 'Object Repository/Page_ Town Square - FirstTeam Mattermost/span__status status-edit edit' is clicked on

2019-12-22 02:44:02 - [MESSAGE][ERROR] - TypeError: rect is undefined
Build info: version: '3.141.59', revision: 'e82be7d358', time: '2018-11-14T08:25:53'
System info: host: 'DESKTOP-O368F3Q', ip: '192.168.0.107', os.name: 'Windows 10', os.arch: 'amd64', os.version: '10.0', java.version: '1.8.0_181'
Driver info: com.kms.katalon.core.webui.driver.firefox.CGeckoDriver
Capabilities {acceptInsecureCerts: true, browserName: firefox, browserVersion: 71.0, javascriptEnabled: true, moz:accessibilityChecks: false, moz:buildID: 20191202093317, moz:geckodriverVersion: 0.23.0, moz:headless: true, moz:processID: 21124, moz:profile: C:\Users\ASUS\AppData\Local..., moz:shutdownTimeout: 60000, moz:useNonSpecCompliantPointerOrigin: false, moz:webdriverClick: true, pageLoadStrategy: normal, platform: WINDOWS, platformName: WINDOWS, platformVersion: 10.0, proxy: Proxy(direct), rotatable: false, setWindowRect: true, strictFileInteractability: false, timeouts: {implicit: 0, pageLoad: 300000, script: 30000}, unhandledPromptBehavior: dismiss and notify}
Session ID: 263da9b3-2857-4950-931f-d5377bdea310

2019-12-22 02:44:32 - [MESSAGE][ERROR] - TypeError: rect is undefined
Build info: version: '3.141.59', revision: 'e82be7d358', time: '2018-11-14T08:25:53'
System info: host: 'DESKTOP-O368F3Q', ip: '192.168.0.107', os.name: 'Windows 10', os.arch: 'amd64', os.version: '10.0', java.version: '1.8.0_181'
Driver info: com.kms.katalon.core.webui.driver.firefox.CGeckoDriver
Capabilities {acceptInsecureCerts: true, browserName: firefox, browserVersion: 71.0, javascriptEnabled: true, moz:accessibilityChecks: false, moz:buildID: 20191202093317, moz:geckodriverVersion: 0.23.0, moz:headless: true, moz:processID: 21124, moz:profile: C:\Users\ASUS\AppData\Local..., moz:shutdownTimeout: 60000, moz:useNonSpecCompliantPointerOrigin: false, moz:webdriverClick: true, pageLoadStrategy: normal, platform: WINDOWS, platformName: WINDOWS, platformVersion: 10.0, proxy: Proxy(direct), rotatable: false, setWindowRect: true, strictFileInteractability: false, timeouts: {implicit: 0, pageLoad: 300000, script: 30000}, unhandledPromptBehavior: dismiss and notify}
Session ID: 263da9b3-2857-4950-931f-d5377bdea310

2019-12-22 02:44:32 - [MESSAGE][PASSED] - Object: 'Object Repository/Page_ Town Square - FirstTeam Mattermost/span__status status-edit edit' is clicked on

2019-12-22 02:44:32 - [TEST_STEP][PASSED] - click(findTestObject("Object Repository/Page_ Town Square - FirstTeam Mattermost/button_Offline")): Object: 'Object Repository/Page_ Town Square - FirstTeam Mattermost/button_Offline' is clicked on

2019-12-22 02:45:03 - [MESSAGE][INFO] - Unable to find the element located by 'By.xpath: //div[@id='lhsHeader']/div/div/ul/li[6]/button'. Please recheck the objects properties to make sure the desired element is located. 

2019-12-22 02:45:03 - [MESSAGE][INFO] - [SMART_XPATH] Auto-trying out other XPath values in the test object.

2019-12-22 02:45:03 - [MESSAGE][INFO] - [SMART_XPATH] FAILED XPATH: '//div[@id='lhsHeader']/div/div/ul/li[6]/button'.

2019-12-22 02:45:03 - [MESSAGE][INFO] - [SMART_XPATH] FAILED XPATH: '(.//*[normalize-space(text()) and normalize-space(.)='Disables Desktop and Push Notifications'])[1]/following::button[1]'.

2019-12-22 02:45:03 - [MESSAGE][INFO] - [SMART_XPATH] WORKING XPATH: '(.//*[normalize-space(text()) and normalize-space(.)='FirstTeam'])[2]/preceding::button[1]'.

2019-12-22 02:45:03 - [MESSAGE][INFO] - [SMART_XPATH] Screenshot: D:/Learning/School/2019-2020-HK1/CS300/CS300AutomaticWebTesting/Reports/smart_xpath/Object Repository/Page_ Town Square - FirstTeam Mattermost/button_Offline_neighbor_40.png

2019-12-22 02:45:03 - [MESSAGE][INFO] - [SMART_XPATH] WORKING XPATH: '(.//*[normalize-space(text()) and normalize-space(.)='@giabeuu'])[1]/preceding::button[1]'.

2019-12-22 02:45:03 - [MESSAGE][INFO] - [SMART_XPATH] Screenshot: D:/Learning/School/2019-2020-HK1/CS300/CS300AutomaticWebTesting/Reports/smart_xpath/Object Repository/Page_ Town Square - FirstTeam Mattermost/button_Offline_neighbor_41.png

2019-12-22 02:45:03 - [MESSAGE][INFO] - [SMART_XPATH] FAILED XPATH: '//*/text()[normalize-space(.)='Offline']/parent::*'.

2019-12-22 02:45:03 - [MESSAGE][INFO] - [SMART_XPATH] FAILED XPATH: '//li[6]/button'.

2019-12-22 02:45:03 - [MESSAGE][ERROR] - [SMART_XPATH] D:\Learning\School\2019-2020-HK1\CS300\CS300AutomaticWebTesting\Reports\smart_xpath\waiting-for-approval.json (The system cannot find the file specified)

2019-12-22 02:45:03 - [MESSAGE][ERROR] - [SMART_XPATH] D:/Learning/School/2019-2020-HK1/CS300/CS300AutomaticWebTesting/Reports/smart_xpath/waiting-for-approval.json does not exist or is provided by Smart XPath Plugin!

2019-12-22 02:45:03 - [MESSAGE][INFO] - [SMART_XPATH] Selected Smart XPath: '(.//*[normalize-space(text()) and normalize-space(.)='FirstTeam'])[2]/preceding::button[1]'.

2019-12-22 02:45:03 - [MESSAGE][INFO] - [SMART_XPATH] Continuing executing the test case!

2019-12-22 02:45:04 - [MESSAGE][PASSED] - Object: 'Object Repository/Page_ Town Square - FirstTeam Mattermost/button_Offline' is clicked on

2019-12-22 02:45:04 - [TEST_STEP][PASSED] - closeBrowser(): Browser is closed

2019-12-22 02:45:07 - [MESSAGE][PASSED] - Browser is closed]]></system-out>
         <system-err><![CDATA[]]></system-err>
      </testcase>
      <testcase name="Test Cases/TestCase43ShowPopupOfflineStatus" time="52.324" classname="Test Cases/TestCase43ShowPopupOfflineStatus" status="FAILED">
         <failure type="FAILED" message="Test Cases/TestCase43ShowPopupOfflineStatus FAILED.
Reason:
com.kms.katalon.core.exception.StepFailedException: Unable to click on object 'Object Repository/Page_ Town Square - FirstTeam Mattermost/span_Your status is set to Offline'
	at com.kms.katalon.core.webui.keyword.internal.WebUIKeywordMain.stepFailed(WebUIKeywordMain.groovy:64)
	at com.kms.katalon.core.webui.keyword.internal.WebUIKeywordMain.runKeyword(WebUIKeywordMain.groovy:26)
	at com.kms.katalon.core.webui.keyword.builtin.ClickKeyword.click(ClickKeyword.groovy:102)
	at com.kms.katalon.core.webui.keyword.builtin.ClickKeyword.execute(ClickKeyword.groovy:43)
	at com.kms.katalon.core.keyword.internal.KeywordExecutor.executeKeywordForPlatform(KeywordExecutor.groovy:72)
	at com.kms.katalon.core.webui.keyword.WebUiBuiltInKeywords.click(WebUiBuiltInKeywords.groovy:616)
	at com.kms.katalon.core.webui.keyword.WebUiBuiltInKeywords$click$3.call(Unknown Source)
	at TestCase43ShowPopupOfflineStatus.run(TestCase43ShowPopupOfflineStatus:29)
	at com.kms.katalon.core.main.ScriptEngine.run(ScriptEngine.java:194)
	at com.kms.katalon.core.main.ScriptEngine.runScriptAsRawText(ScriptEngine.java:119)
	at com.kms.katalon.core.main.TestCaseExecutor.runScript(TestCaseExecutor.java:337)
	at com.kms.katalon.core.main.TestCaseExecutor.doExecute(TestCaseExecutor.java:328)
	at com.kms.katalon.core.main.TestCaseExecutor.processExecutionPhase(TestCaseExecutor.java:307)
	at com.kms.katalon.core.main.TestCaseExecutor.accessMainPhase(TestCaseExecutor.java:299)
	at com.kms.katalon.core.main.TestCaseExecutor.execute(TestCaseExecutor.java:233)
	at com.kms.katalon.core.main.TestSuiteExecutor.accessTestCaseMainPhase(TestSuiteExecutor.java:169)
	at com.kms.katalon.core.main.TestSuiteExecutor.accessTestSuiteMainPhase(TestSuiteExecutor.java:142)
	at com.kms.katalon.core.main.TestSuiteExecutor.execute(TestSuiteExecutor.java:91)
	at com.kms.katalon.core.main.TestCaseMain.startTestSuite(TestCaseMain.java:157)
	at com.kms.katalon.core.main.TestCaseMain$startTestSuite$0.call(Unknown Source)
	at TempTestSuite1576955103733.run(TempTestSuite1576955103733.groovy:36)
Caused by: com.kms.katalon.core.webui.exception.WebElementNotFoundException: Web element with id: 'Object Repository/Page_ Town Square - FirstTeam Mattermost/span_Your status is set to Offline' located by 'By.xpath: //h1[@id='confirmModalLabel']/span' not found
	at com.kms.katalon.core.webui.common.WebUiCommonHelper.findWebElement(WebUiCommonHelper.java:1154)
	at com.kms.katalon.core.webui.keyword.internal.WebUIAbstractKeyword.findWebElement(WebUIAbstractKeyword.groovy:27)
	at com.kms.katalon.core.webui.keyword.internal.WebUIAbstractKeyword.findWebElement(WebUIAbstractKeyword.groovy:26)
	at com.kms.katalon.core.webui.keyword.builtin.ClickKeyword$_click_closure1.doCall(ClickKeyword.groovy:67)
	at com.kms.katalon.core.webui.keyword.builtin.ClickKeyword$_click_closure1.call(ClickKeyword.groovy)
	at com.kms.katalon.core.webui.keyword.internal.WebUIKeywordMain.runKeyword(WebUIKeywordMain.groovy:20)
	... 19 more
"/>
         <system-out><![CDATA[2019-12-22 02:45:07 - [TEST_CASE][FAILED] - Test Cases/TestCase43ShowPopupOfflineStatus: Test Cases/TestCase43ShowPopupOfflineStatus FAILED.
Reason:
com.kms.katalon.core.exception.StepFailedException: Unable to click on object 'Object Repository/Page_ Town Square - FirstTeam Mattermost/span_Your status is set to Offline'
	at com.kms.katalon.core.webui.keyword.internal.WebUIKeywordMain.stepFailed(WebUIKeywordMain.groovy:64)
	at com.kms.katalon.core.webui.keyword.internal.WebUIKeywordMain.runKeyword(WebUIKeywordMain.groovy:26)
	at com.kms.katalon.core.webui.keyword.builtin.ClickKeyword.click(ClickKeyword.groovy:102)
	at com.kms.katalon.core.webui.keyword.builtin.ClickKeyword.execute(ClickKeyword.groovy:43)
	at com.kms.katalon.core.keyword.internal.KeywordExecutor.executeKeywordForPlatform(KeywordExecutor.groovy:72)
	at com.kms.katalon.core.webui.keyword.WebUiBuiltInKeywords.click(WebUiBuiltInKeywords.groovy:616)
	at com.kms.katalon.core.webui.keyword.WebUiBuiltInKeywords$click$3.call(Unknown Source)
	at TestCase43ShowPopupOfflineStatus.run(TestCase43ShowPopupOfflineStatus:29)
	at com.kms.katalon.core.main.ScriptEngine.run(ScriptEngine.java:194)
	at com.kms.katalon.core.main.ScriptEngine.runScriptAsRawText(ScriptEngine.java:119)
	at com.kms.katalon.core.main.TestCaseExecutor.runScript(TestCaseExecutor.java:337)
	at com.kms.katalon.core.main.TestCaseExecutor.doExecute(TestCaseExecutor.java:328)
	at com.kms.katalon.core.main.TestCaseExecutor.processExecutionPhase(TestCaseExecutor.java:307)
	at com.kms.katalon.core.main.TestCaseExecutor.accessMainPhase(TestCaseExecutor.java:299)
	at com.kms.katalon.core.main.TestCaseExecutor.execute(TestCaseExecutor.java:233)
	at com.kms.katalon.core.main.TestSuiteExecutor.accessTestCaseMainPhase(TestSuiteExecutor.java:169)
	at com.kms.katalon.core.main.TestSuiteExecutor.accessTestSuiteMainPhase(TestSuiteExecutor.java:142)
	at com.kms.katalon.core.main.TestSuiteExecutor.execute(TestSuiteExecutor.java:91)
	at com.kms.katalon.core.main.TestCaseMain.startTestSuite(TestCaseMain.java:157)
	at com.kms.katalon.core.main.TestCaseMain$startTestSuite$0.call(Unknown Source)
	at TempTestSuite1576955103733.run(TempTestSuite1576955103733.groovy:36)
Caused by: com.kms.katalon.core.webui.exception.WebElementNotFoundException: Web element with id: 'Object Repository/Page_ Town Square - FirstTeam Mattermost/span_Your status is set to Offline' located by 'By.xpath: //h1[@id='confirmModalLabel']/span' not found
	at com.kms.katalon.core.webui.common.WebUiCommonHelper.findWebElement(WebUiCommonHelper.java:1154)
	at com.kms.katalon.core.webui.keyword.internal.WebUIAbstractKeyword.findWebElement(WebUIAbstractKeyword.groovy:27)
	at com.kms.katalon.core.webui.keyword.internal.WebUIAbstractKeyword.findWebElement(WebUIAbstractKeyword.groovy:26)
	at com.kms.katalon.core.webui.keyword.builtin.ClickKeyword$_click_closure1.doCall(ClickKeyword.groovy:67)
	at com.kms.katalon.core.webui.keyword.builtin.ClickKeyword$_click_closure1.call(ClickKeyword.groovy)
	at com.kms.katalon.core.webui.keyword.internal.WebUIKeywordMain.runKeyword(WebUIKeywordMain.groovy:20)
	... 19 more


2019-12-22 02:45:07 - [TEST_STEP][PASSED] - openBrowser(""): Browser is opened with url: ''

2019-12-22 02:45:07 - [MESSAGE][INFO] - Starting 'Firefox (headless)' driver

2019-12-22 02:45:12 - [MESSAGE][PASSED] - Browser is opened with url: ''

2019-12-22 02:45:12 - [TEST_STEP][PASSED] - navigateToUrl("https://cs300testautomatic.herokuapp.com/"): Navigate to 'https://cs300testautomatic.herokuapp.com/' successfully

2019-12-22 02:45:19 - [MESSAGE][PASSED] - Navigate to 'https://cs300testautomatic.herokuapp.com/' successfully

2019-12-22 02:45:19 - [TEST_STEP][PASSED] - setText(findTestObject("Page_Mattermost/input_All team communication in one place s_703ef5 (29)"), "giabeuu@gmail.com"): Text 'giabeuu@gmail.com' is set on object 'Object Repository/Page_Mattermost/input_All team communication in one place s_703ef5 (29)'

2019-12-22 02:45:28 - [MESSAGE][PASSED] - Text 'giabeuu@gmail.com' is set on object 'Object Repository/Page_Mattermost/input_All team communication in one place s_703ef5 (29)'

2019-12-22 02:45:28 - [TEST_STEP][PASSED] - setEncryptedText(findTestObject("Page_Mattermost/input_All team communication in one place s_2f2733 (29)"), "GoUae4B8Jrc="): Text ****** has been set on object 'Object Repository/Page_Mattermost/input_All team communication in one place s_2f2733 (29)'

2019-12-22 02:45:28 - [MESSAGE][PASSED] - Text ****** has been set on object 'Object Repository/Page_Mattermost/input_All team communication in one place s_2f2733 (29)'

2019-12-22 02:45:28 - [TEST_STEP][PASSED] - click(findTestObject("Page_Mattermost/button_Sign in (18)")): Object: 'Object Repository/Page_Mattermost/button_Sign in (18)' is clicked on

2019-12-22 02:45:28 - [MESSAGE][PASSED] - Object: 'Object Repository/Page_Mattermost/button_Sign in (18)' is clicked on

2019-12-22 02:45:28 - [TEST_STEP][FAILED] - click(findTestObject("Object Repository/Page_ Town Square - FirstTeam Mattermost/span_Your status is set to Offline")): Unable to click on object 'Object Repository/Page_ Town Square - FirstTeam Mattermost/span_Your status is set to Offline' (Root cause: com.kms.katalon.core.exception.StepFailedException: Unable to click on object 'Object Repository/Page_ Town Square - FirstTeam Mattermost/span_Your status is set to Offline'
	at com.kms.katalon.core.webui.keyword.internal.WebUIKeywordMain.stepFailed(WebUIKeywordMain.groovy:64)
	at com.kms.katalon.core.webui.keyword.internal.WebUIKeywordMain.runKeyword(WebUIKeywordMain.groovy:26)
	at com.kms.katalon.core.webui.keyword.builtin.ClickKeyword.click(ClickKeyword.groovy:102)
	at com.kms.katalon.core.webui.keyword.builtin.ClickKeyword.execute(ClickKeyword.groovy:43)
	at com.kms.katalon.core.keyword.internal.KeywordExecutor.executeKeywordForPlatform(KeywordExecutor.groovy:72)
	at com.kms.katalon.core.webui.keyword.WebUiBuiltInKeywords.click(WebUiBuiltInKeywords.groovy:616)
	at com.kms.katalon.core.webui.keyword.WebUiBuiltInKeywords$click$3.call(Unknown Source)
	at TestCase43ShowPopupOfflineStatus.run(TestCase43ShowPopupOfflineStatus:29)
	at com.kms.katalon.core.main.ScriptEngine.run(ScriptEngine.java:194)
	at com.kms.katalon.core.main.ScriptEngine.runScriptAsRawText(ScriptEngine.java:119)
	at com.kms.katalon.core.main.TestCaseExecutor.runScript(TestCaseExecutor.java:337)
	at com.kms.katalon.core.main.TestCaseExecutor.doExecute(TestCaseExecutor.java:328)
	at com.kms.katalon.core.main.TestCaseExecutor.processExecutionPhase(TestCaseExecutor.java:307)
	at com.kms.katalon.core.main.TestCaseExecutor.accessMainPhase(TestCaseExecutor.java:299)
	at com.kms.katalon.core.main.TestCaseExecutor.execute(TestCaseExecutor.java:233)
	at com.kms.katalon.core.main.TestSuiteExecutor.accessTestCaseMainPhase(TestSuiteExecutor.java:169)
	at com.kms.katalon.core.main.TestSuiteExecutor.accessTestSuiteMainPhase(TestSuiteExecutor.java:142)
	at com.kms.katalon.core.main.TestSuiteExecutor.execute(TestSuiteExecutor.java:91)
	at com.kms.katalon.core.main.TestCaseMain.startTestSuite(TestCaseMain.java:157)
	at com.kms.katalon.core.main.TestCaseMain$startTestSuite$0.call(Unknown Source)
	at TempTestSuite1576955103733.run(TempTestSuite1576955103733.groovy:36)
Caused by: com.kms.katalon.core.webui.exception.WebElementNotFoundException: Web element with id: 'Object Repository/Page_ Town Square - FirstTeam Mattermost/span_Your status is set to Offline' located by 'By.xpath: //h1[@id='confirmModalLabel']/span' not found
	at com.kms.katalon.core.webui.common.WebUiCommonHelper.findWebElement(WebUiCommonHelper.java:1154)
	at com.kms.katalon.core.webui.keyword.internal.WebUIAbstractKeyword.findWebElement(WebUIAbstractKeyword.groovy:27)
	at com.kms.katalon.core.webui.keyword.internal.WebUIAbstractKeyword.findWebElement(WebUIAbstractKeyword.groovy:26)
	at com.kms.katalon.core.webui.keyword.builtin.ClickKeyword$_click_closure1.doCall(ClickKeyword.groovy:67)
	at com.kms.katalon.core.webui.keyword.builtin.ClickKeyword$_click_closure1.call(ClickKeyword.groovy)
	at com.kms.katalon.core.webui.keyword.internal.WebUIKeywordMain.runKeyword(WebUIKeywordMain.groovy:20)
	at com.kms.katalon.core.webui.keyword.builtin.ClickKeyword.click(ClickKeyword.groovy:102)
	at com.kms.katalon.core.webui.keyword.builtin.ClickKeyword.execute(ClickKeyword.groovy:43)
	at com.kms.katalon.core.keyword.internal.KeywordExecutor.executeKeywordForPlatform(KeywordExecutor.groovy:72)
	at com.kms.katalon.core.webui.keyword.WebUiBuiltInKeywords.click(WebUiBuiltInKeywords.groovy:616)
	at com.kms.katalon.core.webui.keyword.WebUiBuiltInKeywords$click$3.call(Unknown Source)
	at Script1576920635329.run(Script1576920635329.groovy:29)
	... 13 more
)

2019-12-22 02:45:59 - [MESSAGE][INFO] - Unable to find the element located by 'By.xpath: //h1[@id='confirmModalLabel']/span'. Please recheck the objects properties to make sure the desired element is located. 

2019-12-22 02:45:59 - [MESSAGE][INFO] - [SMART_XPATH] Auto-trying out other XPath values in the test object.

2019-12-22 02:45:59 - [MESSAGE][INFO] - [SMART_XPATH] FAILED XPATH: '//h1[@id='confirmModalLabel']/span'.

2019-12-22 02:45:59 - [MESSAGE][INFO] - [SMART_XPATH] FAILED XPATH: '(.//*[normalize-space(text()) and normalize-space(.)=concat('id(', '"', 'confirmModalLabel', '"', ')/span[1]')])[1]/following::span[1]'.

2019-12-22 02:45:59 - [MESSAGE][INFO] - [SMART_XPATH] FAILED XPATH: '(.//*[normalize-space(text()) and normalize-space(.)='Help'])[1]/following::span[2]'.

2019-12-22 02:45:59 - [MESSAGE][INFO] - [SMART_XPATH] FAILED XPATH: '(.//*[normalize-space(text()) and normalize-space(.)=concat('Would you like to switch your status to ', '"', 'Online', '"', '?')])[1]/preceding::span[1]'.

2019-12-22 02:45:59 - [MESSAGE][INFO] - [SMART_XPATH] FAILED XPATH: '(.//*[normalize-space(text()) and normalize-space(.)='Do not ask me again'])[1]/preceding::span[2]'.

2019-12-22 02:45:59 - [MESSAGE][INFO] - [SMART_XPATH] FAILED XPATH: '//*/text()[normalize-space(.)='Your status is set to "Offline"']/parent::*'.

2019-12-22 02:45:59 - [MESSAGE][INFO] - [SMART_XPATH] FAILED XPATH: '//h1/span'.

2019-12-22 02:45:59 - [MESSAGE][INFO] - [SMART_XPATH] No working XPath is found.

2019-12-22 02:45:59 - [MESSAGE][FAILED] - Unable to click on object 'Object Repository/Page_ Town Square - FirstTeam Mattermost/span_Your status is set to Offline' (Root cause: com.kms.katalon.core.exception.StepFailedException: Unable to click on object 'Object Repository/Page_ Town Square - FirstTeam Mattermost/span_Your status is set to Offline'
	at com.kms.katalon.core.webui.keyword.internal.WebUIKeywordMain.stepFailed(WebUIKeywordMain.groovy:64)
	at com.kms.katalon.core.webui.keyword.internal.WebUIKeywordMain.runKeyword(WebUIKeywordMain.groovy:26)
	at com.kms.katalon.core.webui.keyword.builtin.ClickKeyword.click(ClickKeyword.groovy:102)
	at com.kms.katalon.core.webui.keyword.builtin.ClickKeyword.execute(ClickKeyword.groovy:43)
	at com.kms.katalon.core.keyword.internal.KeywordExecutor.executeKeywordForPlatform(KeywordExecutor.groovy:72)
	at com.kms.katalon.core.webui.keyword.WebUiBuiltInKeywords.click(WebUiBuiltInKeywords.groovy:616)
	at com.kms.katalon.core.webui.keyword.WebUiBuiltInKeywords$click$3.call(Unknown Source)
	at TestCase43ShowPopupOfflineStatus.run(TestCase43ShowPopupOfflineStatus:29)
	at com.kms.katalon.core.main.ScriptEngine.run(ScriptEngine.java:194)
	at com.kms.katalon.core.main.ScriptEngine.runScriptAsRawText(ScriptEngine.java:119)
	at com.kms.katalon.core.main.TestCaseExecutor.runScript(TestCaseExecutor.java:337)
	at com.kms.katalon.core.main.TestCaseExecutor.doExecute(TestCaseExecutor.java:328)
	at com.kms.katalon.core.main.TestCaseExecutor.processExecutionPhase(TestCaseExecutor.java:307)
	at com.kms.katalon.core.main.TestCaseExecutor.accessMainPhase(TestCaseExecutor.java:299)
	at com.kms.katalon.core.main.TestCaseExecutor.execute(TestCaseExecutor.java:233)
	at com.kms.katalon.core.main.TestSuiteExecutor.accessTestCaseMainPhase(TestSuiteExecutor.java:169)
	at com.kms.katalon.core.main.TestSuiteExecutor.accessTestSuiteMainPhase(TestSuiteExecutor.java:142)
	at com.kms.katalon.core.main.TestSuiteExecutor.execute(TestSuiteExecutor.java:91)
	at com.kms.katalon.core.main.TestCaseMain.startTestSuite(TestCaseMain.java:157)
	at com.kms.katalon.core.main.TestCaseMain$startTestSuite$0.call(Unknown Source)
	at TempTestSuite1576955103733.run(TempTestSuite1576955103733.groovy:36)
Caused by: com.kms.katalon.core.webui.exception.WebElementNotFoundException: Web element with id: 'Object Repository/Page_ Town Square - FirstTeam Mattermost/span_Your status is set to Offline' located by 'By.xpath: //h1[@id='confirmModalLabel']/span' not found
	at com.kms.katalon.core.webui.common.WebUiCommonHelper.findWebElement(WebUiCommonHelper.java:1154)
	at com.kms.katalon.core.webui.keyword.internal.WebUIAbstractKeyword.findWebElement(WebUIAbstractKeyword.groovy:27)
	at com.kms.katalon.core.webui.keyword.internal.WebUIAbstractKeyword.findWebElement(WebUIAbstractKeyword.groovy:26)
	at com.kms.katalon.core.webui.keyword.builtin.ClickKeyword$_click_closure1.doCall(ClickKeyword.groovy:67)
	at com.kms.katalon.core.webui.keyword.builtin.ClickKeyword$_click_closure1.call(ClickKeyword.groovy)
	at com.kms.katalon.core.webui.keyword.internal.WebUIKeywordMain.runKeyword(WebUIKeywordMain.groovy:20)
	at com.kms.katalon.core.webui.keyword.builtin.ClickKeyword.click(ClickKeyword.groovy:102)
	at com.kms.katalon.core.webui.keyword.builtin.ClickKeyword.execute(ClickKeyword.groovy:43)
	at com.kms.katalon.core.keyword.internal.KeywordExecutor.executeKeywordForPlatform(KeywordExecutor.groovy:72)
	at com.kms.katalon.core.webui.keyword.WebUiBuiltInKeywords.click(WebUiBuiltInKeywords.groovy:616)
	at com.kms.katalon.core.webui.keyword.WebUiBuiltInKeywords$click$3.call(Unknown Source)
	at Script1576920635329.run(Script1576920635329.groovy:29)
	... 13 more
)
[[ATTACHMENT|D:\\Learning\\School\\2019-2020-HK1\\CS300\\CS300AutomaticWebTesting\\Reports\\20191222_020503\\Run All Test Cases\\20191222_020503\\1576957559698.png]]]]></system-out>
         <system-err><![CDATA[2019-12-22 02:45:07 - [TEST_CASE][FAILED] - Test Cases/TestCase43ShowPopupOfflineStatus: Test Cases/TestCase43ShowPopupOfflineStatus FAILED.
Reason:
com.kms.katalon.core.exception.StepFailedException: Unable to click on object 'Object Repository/Page_ Town Square - FirstTeam Mattermost/span_Your status is set to Offline'
	at com.kms.katalon.core.webui.keyword.internal.WebUIKeywordMain.stepFailed(WebUIKeywordMain.groovy:64)
	at com.kms.katalon.core.webui.keyword.internal.WebUIKeywordMain.runKeyword(WebUIKeywordMain.groovy:26)
	at com.kms.katalon.core.webui.keyword.builtin.ClickKeyword.click(ClickKeyword.groovy:102)
	at com.kms.katalon.core.webui.keyword.builtin.ClickKeyword.execute(ClickKeyword.groovy:43)
	at com.kms.katalon.core.keyword.internal.KeywordExecutor.executeKeywordForPlatform(KeywordExecutor.groovy:72)
	at com.kms.katalon.core.webui.keyword.WebUiBuiltInKeywords.click(WebUiBuiltInKeywords.groovy:616)
	at com.kms.katalon.core.webui.keyword.WebUiBuiltInKeywords$click$3.call(Unknown Source)
	at TestCase43ShowPopupOfflineStatus.run(TestCase43ShowPopupOfflineStatus:29)
	at com.kms.katalon.core.main.ScriptEngine.run(ScriptEngine.java:194)
	at com.kms.katalon.core.main.ScriptEngine.runScriptAsRawText(ScriptEngine.java:119)
	at com.kms.katalon.core.main.TestCaseExecutor.runScript(TestCaseExecutor.java:337)
	at com.kms.katalon.core.main.TestCaseExecutor.doExecute(TestCaseExecutor.java:328)
	at com.kms.katalon.core.main.TestCaseExecutor.processExecutionPhase(TestCaseExecutor.java:307)
	at com.kms.katalon.core.main.TestCaseExecutor.accessMainPhase(TestCaseExecutor.java:299)
	at com.kms.katalon.core.main.TestCaseExecutor.execute(TestCaseExecutor.java:233)
	at com.kms.katalon.core.main.TestSuiteExecutor.accessTestCaseMainPhase(TestSuiteExecutor.java:169)
	at com.kms.katalon.core.main.TestSuiteExecutor.accessTestSuiteMainPhase(TestSuiteExecutor.java:142)
	at com.kms.katalon.core.main.TestSuiteExecutor.execute(TestSuiteExecutor.java:91)
	at com.kms.katalon.core.main.TestCaseMain.startTestSuite(TestCaseMain.java:157)
	at com.kms.katalon.core.main.TestCaseMain$startTestSuite$0.call(Unknown Source)
	at TempTestSuite1576955103733.run(TempTestSuite1576955103733.groovy:36)
Caused by: com.kms.katalon.core.webui.exception.WebElementNotFoundException: Web element with id: 'Object Repository/Page_ Town Square - FirstTeam Mattermost/span_Your status is set to Offline' located by 'By.xpath: //h1[@id='confirmModalLabel']/span' not found
	at com.kms.katalon.core.webui.common.WebUiCommonHelper.findWebElement(WebUiCommonHelper.java:1154)
	at com.kms.katalon.core.webui.keyword.internal.WebUIAbstractKeyword.findWebElement(WebUIAbstractKeyword.groovy:27)
	at com.kms.katalon.core.webui.keyword.internal.WebUIAbstractKeyword.findWebElement(WebUIAbstractKeyword.groovy:26)
	at com.kms.katalon.core.webui.keyword.builtin.ClickKeyword$_click_closure1.doCall(ClickKeyword.groovy:67)
	at com.kms.katalon.core.webui.keyword.builtin.ClickKeyword$_click_closure1.call(ClickKeyword.groovy)
	at com.kms.katalon.core.webui.keyword.internal.WebUIKeywordMain.runKeyword(WebUIKeywordMain.groovy:20)
	... 19 more]]></system-err>
      </testcase>
      <testcase name="Test Cases/TestCase44UpdateStatusToDoNotDisturb" time="78.738" classname="Test Cases/TestCase44UpdateStatusToDoNotDisturb" status="FAILED">
         <failure type="FAILED" message="Test Cases/TestCase44UpdateStatusToDoNotDisturb FAILED.
Reason:
com.kms.katalon.core.exception.StepFailedException: Unable to click on object 'Object Repository/Page_ Town Square - FirstTeam Mattermost/button_Do Not DisturbDisables Desktop and P_5af217'
	at com.kms.katalon.core.webui.keyword.internal.WebUIKeywordMain.stepFailed(WebUIKeywordMain.groovy:64)
	at com.kms.katalon.core.webui.keyword.internal.WebUIKeywordMain.runKeyword(WebUIKeywordMain.groovy:26)
	at com.kms.katalon.core.webui.keyword.builtin.ClickKeyword.click(ClickKeyword.groovy:102)
	at com.kms.katalon.core.webui.keyword.builtin.ClickKeyword.execute(ClickKeyword.groovy:43)
	at com.kms.katalon.core.keyword.internal.KeywordExecutor.executeKeywordForPlatform(KeywordExecutor.groovy:72)
	at com.kms.katalon.core.webui.keyword.WebUiBuiltInKeywords.click(WebUiBuiltInKeywords.groovy:616)
	at com.kms.katalon.core.webui.keyword.WebUiBuiltInKeywords$click$3.call(Unknown Source)
	at TestCase44UpdateStatusToDoNotDisturb.run(TestCase44UpdateStatusToDoNotDisturb:31)
	at com.kms.katalon.core.main.ScriptEngine.run(ScriptEngine.java:194)
	at com.kms.katalon.core.main.ScriptEngine.runScriptAsRawText(ScriptEngine.java:119)
	at com.kms.katalon.core.main.TestCaseExecutor.runScript(TestCaseExecutor.java:337)
	at com.kms.katalon.core.main.TestCaseExecutor.doExecute(TestCaseExecutor.java:328)
	at com.kms.katalon.core.main.TestCaseExecutor.processExecutionPhase(TestCaseExecutor.java:307)
	at com.kms.katalon.core.main.TestCaseExecutor.accessMainPhase(TestCaseExecutor.java:299)
	at com.kms.katalon.core.main.TestCaseExecutor.execute(TestCaseExecutor.java:233)
	at com.kms.katalon.core.main.TestSuiteExecutor.accessTestCaseMainPhase(TestSuiteExecutor.java:169)
	at com.kms.katalon.core.main.TestSuiteExecutor.accessTestSuiteMainPhase(TestSuiteExecutor.java:142)
	at com.kms.katalon.core.main.TestSuiteExecutor.execute(TestSuiteExecutor.java:91)
	at com.kms.katalon.core.main.TestCaseMain.startTestSuite(TestCaseMain.java:157)
	at com.kms.katalon.core.main.TestCaseMain$startTestSuite$0.call(Unknown Source)
	at TempTestSuite1576955103733.run(TempTestSuite1576955103733.groovy:36)
Caused by: com.kms.katalon.core.webui.exception.WebElementNotFoundException: Web element with id: 'Object Repository/Page_ Town Square - FirstTeam Mattermost/button_Do Not DisturbDisables Desktop and P_5af217' located by 'By.xpath: //div[@id='lhsHeader']/div/div/ul/li[5]/button' not found
	at com.kms.katalon.core.webui.common.WebUiCommonHelper.findWebElement(WebUiCommonHelper.java:1154)
	at com.kms.katalon.core.webui.keyword.internal.WebUIAbstractKeyword.findWebElement(WebUIAbstractKeyword.groovy:27)
	at com.kms.katalon.core.webui.keyword.internal.WebUIAbstractKeyword.findWebElement(WebUIAbstractKeyword.groovy:26)
	at com.kms.katalon.core.webui.keyword.builtin.ClickKeyword$_click_closure1.doCall(ClickKeyword.groovy:67)
	at com.kms.katalon.core.webui.keyword.builtin.ClickKeyword$_click_closure1.call(ClickKeyword.groovy)
	at com.kms.katalon.core.webui.keyword.internal.WebUIKeywordMain.runKeyword(WebUIKeywordMain.groovy:20)
	... 19 more
"/>
         <system-out><![CDATA[2019-12-22 02:45:59 - [TEST_CASE][FAILED] - Test Cases/TestCase44UpdateStatusToDoNotDisturb: Test Cases/TestCase44UpdateStatusToDoNotDisturb FAILED.
Reason:
com.kms.katalon.core.exception.StepFailedException: Unable to click on object 'Object Repository/Page_ Town Square - FirstTeam Mattermost/button_Do Not DisturbDisables Desktop and P_5af217'
	at com.kms.katalon.core.webui.keyword.internal.WebUIKeywordMain.stepFailed(WebUIKeywordMain.groovy:64)
	at com.kms.katalon.core.webui.keyword.internal.WebUIKeywordMain.runKeyword(WebUIKeywordMain.groovy:26)
	at com.kms.katalon.core.webui.keyword.builtin.ClickKeyword.click(ClickKeyword.groovy:102)
	at com.kms.katalon.core.webui.keyword.builtin.ClickKeyword.execute(ClickKeyword.groovy:43)
	at com.kms.katalon.core.keyword.internal.KeywordExecutor.executeKeywordForPlatform(KeywordExecutor.groovy:72)
	at com.kms.katalon.core.webui.keyword.WebUiBuiltInKeywords.click(WebUiBuiltInKeywords.groovy:616)
	at com.kms.katalon.core.webui.keyword.WebUiBuiltInKeywords$click$3.call(Unknown Source)
	at TestCase44UpdateStatusToDoNotDisturb.run(TestCase44UpdateStatusToDoNotDisturb:31)
	at com.kms.katalon.core.main.ScriptEngine.run(ScriptEngine.java:194)
	at com.kms.katalon.core.main.ScriptEngine.runScriptAsRawText(ScriptEngine.java:119)
	at com.kms.katalon.core.main.TestCaseExecutor.runScript(TestCaseExecutor.java:337)
	at com.kms.katalon.core.main.TestCaseExecutor.doExecute(TestCaseExecutor.java:328)
	at com.kms.katalon.core.main.TestCaseExecutor.processExecutionPhase(TestCaseExecutor.java:307)
	at com.kms.katalon.core.main.TestCaseExecutor.accessMainPhase(TestCaseExecutor.java:299)
	at com.kms.katalon.core.main.TestCaseExecutor.execute(TestCaseExecutor.java:233)
	at com.kms.katalon.core.main.TestSuiteExecutor.accessTestCaseMainPhase(TestSuiteExecutor.java:169)
	at com.kms.katalon.core.main.TestSuiteExecutor.accessTestSuiteMainPhase(TestSuiteExecutor.java:142)
	at com.kms.katalon.core.main.TestSuiteExecutor.execute(TestSuiteExecutor.java:91)
	at com.kms.katalon.core.main.TestCaseMain.startTestSuite(TestCaseMain.java:157)
	at com.kms.katalon.core.main.TestCaseMain$startTestSuite$0.call(Unknown Source)
	at TempTestSuite1576955103733.run(TempTestSuite1576955103733.groovy:36)
Caused by: com.kms.katalon.core.webui.exception.WebElementNotFoundException: Web element with id: 'Object Repository/Page_ Town Square - FirstTeam Mattermost/button_Do Not DisturbDisables Desktop and P_5af217' located by 'By.xpath: //div[@id='lhsHeader']/div/div/ul/li[5]/button' not found
	at com.kms.katalon.core.webui.common.WebUiCommonHelper.findWebElement(WebUiCommonHelper.java:1154)
	at com.kms.katalon.core.webui.keyword.internal.WebUIAbstractKeyword.findWebElement(WebUIAbstractKeyword.groovy:27)
	at com.kms.katalon.core.webui.keyword.internal.WebUIAbstractKeyword.findWebElement(WebUIAbstractKeyword.groovy:26)
	at com.kms.katalon.core.webui.keyword.builtin.ClickKeyword$_click_closure1.doCall(ClickKeyword.groovy:67)
	at com.kms.katalon.core.webui.keyword.builtin.ClickKeyword$_click_closure1.call(ClickKeyword.groovy)
	at com.kms.katalon.core.webui.keyword.internal.WebUIKeywordMain.runKeyword(WebUIKeywordMain.groovy:20)
	... 19 more


2019-12-22 02:45:59 - [TEST_STEP][PASSED] - openBrowser(""): Browser is opened with url: ''

2019-12-22 02:45:59 - [MESSAGE][WARNING] - A browser is already opened. Closing browser and opening a new one

2019-12-22 02:46:02 - [MESSAGE][INFO] - Starting 'Firefox (headless)' driver

2019-12-22 02:46:07 - [MESSAGE][PASSED] - Browser is opened with url: ''

2019-12-22 02:46:07 - [TEST_STEP][PASSED] - navigateToUrl("https://cs300testautomatic.herokuapp.com/"): Navigate to 'https://cs300testautomatic.herokuapp.com/' successfully

2019-12-22 02:46:11 - [MESSAGE][PASSED] - Navigate to 'https://cs300testautomatic.herokuapp.com/' successfully

2019-12-22 02:46:11 - [TEST_STEP][PASSED] - setText(findTestObject("Page_Mattermost/input_All team communication in one place s_703ef5 (30)"), "giabeuu@gmail.com"): Text 'giabeuu@gmail.com' is set on object 'Object Repository/Page_Mattermost/input_All team communication in one place s_703ef5 (30)'

2019-12-22 02:46:15 - [MESSAGE][PASSED] - Text 'giabeuu@gmail.com' is set on object 'Object Repository/Page_Mattermost/input_All team communication in one place s_703ef5 (30)'

2019-12-22 02:46:15 - [TEST_STEP][PASSED] - setEncryptedText(findTestObject("Page_Mattermost/input_All team communication in one place s_2f2733 (30)"), "GoUae4B8Jrc="): Text ****** has been set on object 'Object Repository/Page_Mattermost/input_All team communication in one place s_2f2733 (30)'

2019-12-22 02:46:15 - [MESSAGE][PASSED] - Text ****** has been set on object 'Object Repository/Page_Mattermost/input_All team communication in one place s_2f2733 (30)'

2019-12-22 02:46:15 - [TEST_STEP][PASSED] - click(findTestObject("Page_Mattermost/button_Sign in (19)")): Object: 'Object Repository/Page_Mattermost/button_Sign in (19)' is clicked on

2019-12-22 02:46:15 - [MESSAGE][PASSED] - Object: 'Object Repository/Page_Mattermost/button_Sign in (19)' is clicked on

2019-12-22 02:46:15 - [TEST_STEP][PASSED] - click(findTestObject("Page_ Town Square - FirstTeam Mattermost/span__status status-edit edit (1)")): Object: 'Object Repository/Page_ Town Square - FirstTeam Mattermost/span__status status-edit edit (1)' is clicked on

2019-12-22 02:46:17 - [MESSAGE][ERROR] - TypeError: rect is undefined
Build info: version: '3.141.59', revision: 'e82be7d358', time: '2018-11-14T08:25:53'
System info: host: 'DESKTOP-O368F3Q', ip: '192.168.0.107', os.name: 'Windows 10', os.arch: 'amd64', os.version: '10.0', java.version: '1.8.0_181'
Driver info: com.kms.katalon.core.webui.driver.firefox.CGeckoDriver
Capabilities {acceptInsecureCerts: true, browserName: firefox, browserVersion: 71.0, javascriptEnabled: true, moz:accessibilityChecks: false, moz:buildID: 20191202093317, moz:geckodriverVersion: 0.23.0, moz:headless: true, moz:processID: 17376, moz:profile: C:\Users\ASUS\AppData\Local..., moz:shutdownTimeout: 60000, moz:useNonSpecCompliantPointerOrigin: false, moz:webdriverClick: true, pageLoadStrategy: normal, platform: WINDOWS, platformName: WINDOWS, platformVersion: 10.0, proxy: Proxy(direct), rotatable: false, setWindowRect: true, strictFileInteractability: false, timeouts: {implicit: 0, pageLoad: 300000, script: 30000}, unhandledPromptBehavior: dismiss and notify}
Session ID: 7858d932-ae44-45ec-85d1-5fe329feedba

2019-12-22 02:46:47 - [MESSAGE][ERROR] - TypeError: rect is undefined
Build info: version: '3.141.59', revision: 'e82be7d358', time: '2018-11-14T08:25:53'
System info: host: 'DESKTOP-O368F3Q', ip: '192.168.0.107', os.name: 'Windows 10', os.arch: 'amd64', os.version: '10.0', java.version: '1.8.0_181'
Driver info: com.kms.katalon.core.webui.driver.firefox.CGeckoDriver
Capabilities {acceptInsecureCerts: true, browserName: firefox, browserVersion: 71.0, javascriptEnabled: true, moz:accessibilityChecks: false, moz:buildID: 20191202093317, moz:geckodriverVersion: 0.23.0, moz:headless: true, moz:processID: 17376, moz:profile: C:\Users\ASUS\AppData\Local..., moz:shutdownTimeout: 60000, moz:useNonSpecCompliantPointerOrigin: false, moz:webdriverClick: true, pageLoadStrategy: normal, platform: WINDOWS, platformName: WINDOWS, platformVersion: 10.0, proxy: Proxy(direct), rotatable: false, setWindowRect: true, strictFileInteractability: false, timeouts: {implicit: 0, pageLoad: 300000, script: 30000}, unhandledPromptBehavior: dismiss and notify}
Session ID: 7858d932-ae44-45ec-85d1-5fe329feedba

2019-12-22 02:46:47 - [MESSAGE][PASSED] - Object: 'Object Repository/Page_ Town Square - FirstTeam Mattermost/span__status status-edit edit (1)' is clicked on

2019-12-22 02:46:47 - [TEST_STEP][FAILED] - click(findTestObject("Object Repository/Page_ Town Square - FirstTeam Mattermost/button_Do Not DisturbDisables Desktop and P_5af217")): Unable to click on object 'Object Repository/Page_ Town Square - FirstTeam Mattermost/button_Do Not DisturbDisables Desktop and P_5af217' (Root cause: com.kms.katalon.core.exception.StepFailedException: Unable to click on object 'Object Repository/Page_ Town Square - FirstTeam Mattermost/button_Do Not DisturbDisables Desktop and P_5af217'
	at com.kms.katalon.core.webui.keyword.internal.WebUIKeywordMain.stepFailed(WebUIKeywordMain.groovy:64)
	at com.kms.katalon.core.webui.keyword.internal.WebUIKeywordMain.runKeyword(WebUIKeywordMain.groovy:26)
	at com.kms.katalon.core.webui.keyword.builtin.ClickKeyword.click(ClickKeyword.groovy:102)
	at com.kms.katalon.core.webui.keyword.builtin.ClickKeyword.execute(ClickKeyword.groovy:43)
	at com.kms.katalon.core.keyword.internal.KeywordExecutor.executeKeywordForPlatform(KeywordExecutor.groovy:72)
	at com.kms.katalon.core.webui.keyword.WebUiBuiltInKeywords.click(WebUiBuiltInKeywords.groovy:616)
	at com.kms.katalon.core.webui.keyword.WebUiBuiltInKeywords$click$3.call(Unknown Source)
	at TestCase44UpdateStatusToDoNotDisturb.run(TestCase44UpdateStatusToDoNotDisturb:31)
	at com.kms.katalon.core.main.ScriptEngine.run(ScriptEngine.java:194)
	at com.kms.katalon.core.main.ScriptEngine.runScriptAsRawText(ScriptEngine.java:119)
	at com.kms.katalon.core.main.TestCaseExecutor.runScript(TestCaseExecutor.java:337)
	at com.kms.katalon.core.main.TestCaseExecutor.doExecute(TestCaseExecutor.java:328)
	at com.kms.katalon.core.main.TestCaseExecutor.processExecutionPhase(TestCaseExecutor.java:307)
	at com.kms.katalon.core.main.TestCaseExecutor.accessMainPhase(TestCaseExecutor.java:299)
	at com.kms.katalon.core.main.TestCaseExecutor.execute(TestCaseExecutor.java:233)
	at com.kms.katalon.core.main.TestSuiteExecutor.accessTestCaseMainPhase(TestSuiteExecutor.java:169)
	at com.kms.katalon.core.main.TestSuiteExecutor.accessTestSuiteMainPhase(TestSuiteExecutor.java:142)
	at com.kms.katalon.core.main.TestSuiteExecutor.execute(TestSuiteExecutor.java:91)
	at com.kms.katalon.core.main.TestCaseMain.startTestSuite(TestCaseMain.java:157)
	at com.kms.katalon.core.main.TestCaseMain$startTestSuite$0.call(Unknown Source)
	at TempTestSuite1576955103733.run(TempTestSuite1576955103733.groovy:36)
Caused by: com.kms.katalon.core.webui.exception.WebElementNotFoundException: Web element with id: 'Object Repository/Page_ Town Square - FirstTeam Mattermost/button_Do Not DisturbDisables Desktop and P_5af217' located by 'By.xpath: //div[@id='lhsHeader']/div/div/ul/li[5]/button' not found
	at com.kms.katalon.core.webui.common.WebUiCommonHelper.findWebElement(WebUiCommonHelper.java:1154)
	at com.kms.katalon.core.webui.keyword.internal.WebUIAbstractKeyword.findWebElement(WebUIAbstractKeyword.groovy:27)
	at com.kms.katalon.core.webui.keyword.internal.WebUIAbstractKeyword.findWebElement(WebUIAbstractKeyword.groovy:26)
	at com.kms.katalon.core.webui.keyword.builtin.ClickKeyword$_click_closure1.doCall(ClickKeyword.groovy:67)
	at com.kms.katalon.core.webui.keyword.builtin.ClickKeyword$_click_closure1.call(ClickKeyword.groovy)
	at com.kms.katalon.core.webui.keyword.internal.WebUIKeywordMain.runKeyword(WebUIKeywordMain.groovy:20)
	at com.kms.katalon.core.webui.keyword.builtin.ClickKeyword.click(ClickKeyword.groovy:102)
	at com.kms.katalon.core.webui.keyword.builtin.ClickKeyword.execute(ClickKeyword.groovy:43)
	at com.kms.katalon.core.keyword.internal.KeywordExecutor.executeKeywordForPlatform(KeywordExecutor.groovy:72)
	at com.kms.katalon.core.webui.keyword.WebUiBuiltInKeywords.click(WebUiBuiltInKeywords.groovy:616)
	at com.kms.katalon.core.webui.keyword.WebUiBuiltInKeywords$click$3.call(Unknown Source)
	at Script1576920780920.run(Script1576920780920.groovy:31)
	... 13 more
)

2019-12-22 02:47:18 - [MESSAGE][INFO] - Unable to find the element located by 'By.xpath: //div[@id='lhsHeader']/div/div/ul/li[5]/button'. Please recheck the objects properties to make sure the desired element is located. 

2019-12-22 02:47:18 - [MESSAGE][INFO] - [SMART_XPATH] Auto-trying out other XPath values in the test object.

2019-12-22 02:47:18 - [MESSAGE][INFO] - [SMART_XPATH] FAILED XPATH: '//div[@id='lhsHeader']/div/div/ul/li[5]/button'.

2019-12-22 02:47:18 - [MESSAGE][INFO] - [SMART_XPATH] FAILED XPATH: '(.//*[normalize-space(text()) and normalize-space(.)='Away'])[1]/following::button[1]'.

2019-12-22 02:47:18 - [MESSAGE][INFO] - [SMART_XPATH] FAILED XPATH: '(.//*[normalize-space(text()) and normalize-space(.)='Online'])[1]/following::button[2]'.

2019-12-22 02:47:18 - [MESSAGE][INFO] - [SMART_XPATH] FAILED XPATH: '(.//*[normalize-space(text()) and normalize-space(.)='Offline'])[1]/preceding::button[1]'.

2019-12-22 02:47:18 - [MESSAGE][INFO] - [SMART_XPATH] FAILED XPATH: '//*/text()[normalize-space(.)='Do Not Disturb']/parent::*'.

2019-12-22 02:47:18 - [MESSAGE][INFO] - [SMART_XPATH] FAILED XPATH: '//li[5]/button'.

2019-12-22 02:47:18 - [MESSAGE][INFO] - [SMART_XPATH] No working XPath is found.

2019-12-22 02:47:18 - [MESSAGE][FAILED] - Unable to click on object 'Object Repository/Page_ Town Square - FirstTeam Mattermost/button_Do Not DisturbDisables Desktop and P_5af217' (Root cause: com.kms.katalon.core.exception.StepFailedException: Unable to click on object 'Object Repository/Page_ Town Square - FirstTeam Mattermost/button_Do Not DisturbDisables Desktop and P_5af217'
	at com.kms.katalon.core.webui.keyword.internal.WebUIKeywordMain.stepFailed(WebUIKeywordMain.groovy:64)
	at com.kms.katalon.core.webui.keyword.internal.WebUIKeywordMain.runKeyword(WebUIKeywordMain.groovy:26)
	at com.kms.katalon.core.webui.keyword.builtin.ClickKeyword.click(ClickKeyword.groovy:102)
	at com.kms.katalon.core.webui.keyword.builtin.ClickKeyword.execute(ClickKeyword.groovy:43)
	at com.kms.katalon.core.keyword.internal.KeywordExecutor.executeKeywordForPlatform(KeywordExecutor.groovy:72)
	at com.kms.katalon.core.webui.keyword.WebUiBuiltInKeywords.click(WebUiBuiltInKeywords.groovy:616)
	at com.kms.katalon.core.webui.keyword.WebUiBuiltInKeywords$click$3.call(Unknown Source)
	at TestCase44UpdateStatusToDoNotDisturb.run(TestCase44UpdateStatusToDoNotDisturb:31)
	at com.kms.katalon.core.main.ScriptEngine.run(ScriptEngine.java:194)
	at com.kms.katalon.core.main.ScriptEngine.runScriptAsRawText(ScriptEngine.java:119)
	at com.kms.katalon.core.main.TestCaseExecutor.runScript(TestCaseExecutor.java:337)
	at com.kms.katalon.core.main.TestCaseExecutor.doExecute(TestCaseExecutor.java:328)
	at com.kms.katalon.core.main.TestCaseExecutor.processExecutionPhase(TestCaseExecutor.java:307)
	at com.kms.katalon.core.main.TestCaseExecutor.accessMainPhase(TestCaseExecutor.java:299)
	at com.kms.katalon.core.main.TestCaseExecutor.execute(TestCaseExecutor.java:233)
	at com.kms.katalon.core.main.TestSuiteExecutor.accessTestCaseMainPhase(TestSuiteExecutor.java:169)
	at com.kms.katalon.core.main.TestSuiteExecutor.accessTestSuiteMainPhase(TestSuiteExecutor.java:142)
	at com.kms.katalon.core.main.TestSuiteExecutor.execute(TestSuiteExecutor.java:91)
	at com.kms.katalon.core.main.TestCaseMain.startTestSuite(TestCaseMain.java:157)
	at com.kms.katalon.core.main.TestCaseMain$startTestSuite$0.call(Unknown Source)
	at TempTestSuite1576955103733.run(TempTestSuite1576955103733.groovy:36)
Caused by: com.kms.katalon.core.webui.exception.WebElementNotFoundException: Web element with id: 'Object Repository/Page_ Town Square - FirstTeam Mattermost/button_Do Not DisturbDisables Desktop and P_5af217' located by 'By.xpath: //div[@id='lhsHeader']/div/div/ul/li[5]/button' not found
	at com.kms.katalon.core.webui.common.WebUiCommonHelper.findWebElement(WebUiCommonHelper.java:1154)
	at com.kms.katalon.core.webui.keyword.internal.WebUIAbstractKeyword.findWebElement(WebUIAbstractKeyword.groovy:27)
	at com.kms.katalon.core.webui.keyword.internal.WebUIAbstractKeyword.findWebElement(WebUIAbstractKeyword.groovy:26)
	at com.kms.katalon.core.webui.keyword.builtin.ClickKeyword$_click_closure1.doCall(ClickKeyword.groovy:67)
	at com.kms.katalon.core.webui.keyword.builtin.ClickKeyword$_click_closure1.call(ClickKeyword.groovy)
	at com.kms.katalon.core.webui.keyword.internal.WebUIKeywordMain.runKeyword(WebUIKeywordMain.groovy:20)
	at com.kms.katalon.core.webui.keyword.builtin.ClickKeyword.click(ClickKeyword.groovy:102)
	at com.kms.katalon.core.webui.keyword.builtin.ClickKeyword.execute(ClickKeyword.groovy:43)
	at com.kms.katalon.core.keyword.internal.KeywordExecutor.executeKeywordForPlatform(KeywordExecutor.groovy:72)
	at com.kms.katalon.core.webui.keyword.WebUiBuiltInKeywords.click(WebUiBuiltInKeywords.groovy:616)
	at com.kms.katalon.core.webui.keyword.WebUiBuiltInKeywords$click$3.call(Unknown Source)
	at Script1576920780920.run(Script1576920780920.groovy:31)
	... 13 more
)
[[ATTACHMENT|D:\\Learning\\School\\2019-2020-HK1\\CS300\\CS300AutomaticWebTesting\\Reports\\20191222_020503\\Run All Test Cases\\20191222_020503\\1576957638449.png]]]]></system-out>
         <system-err><![CDATA[2019-12-22 02:45:59 - [TEST_CASE][FAILED] - Test Cases/TestCase44UpdateStatusToDoNotDisturb: Test Cases/TestCase44UpdateStatusToDoNotDisturb FAILED.
Reason:
com.kms.katalon.core.exception.StepFailedException: Unable to click on object 'Object Repository/Page_ Town Square - FirstTeam Mattermost/button_Do Not DisturbDisables Desktop and P_5af217'
	at com.kms.katalon.core.webui.keyword.internal.WebUIKeywordMain.stepFailed(WebUIKeywordMain.groovy:64)
	at com.kms.katalon.core.webui.keyword.internal.WebUIKeywordMain.runKeyword(WebUIKeywordMain.groovy:26)
	at com.kms.katalon.core.webui.keyword.builtin.ClickKeyword.click(ClickKeyword.groovy:102)
	at com.kms.katalon.core.webui.keyword.builtin.ClickKeyword.execute(ClickKeyword.groovy:43)
	at com.kms.katalon.core.keyword.internal.KeywordExecutor.executeKeywordForPlatform(KeywordExecutor.groovy:72)
	at com.kms.katalon.core.webui.keyword.WebUiBuiltInKeywords.click(WebUiBuiltInKeywords.groovy:616)
	at com.kms.katalon.core.webui.keyword.WebUiBuiltInKeywords$click$3.call(Unknown Source)
	at TestCase44UpdateStatusToDoNotDisturb.run(TestCase44UpdateStatusToDoNotDisturb:31)
	at com.kms.katalon.core.main.ScriptEngine.run(ScriptEngine.java:194)
	at com.kms.katalon.core.main.ScriptEngine.runScriptAsRawText(ScriptEngine.java:119)
	at com.kms.katalon.core.main.TestCaseExecutor.runScript(TestCaseExecutor.java:337)
	at com.kms.katalon.core.main.TestCaseExecutor.doExecute(TestCaseExecutor.java:328)
	at com.kms.katalon.core.main.TestCaseExecutor.processExecutionPhase(TestCaseExecutor.java:307)
	at com.kms.katalon.core.main.TestCaseExecutor.accessMainPhase(TestCaseExecutor.java:299)
	at com.kms.katalon.core.main.TestCaseExecutor.execute(TestCaseExecutor.java:233)
	at com.kms.katalon.core.main.TestSuiteExecutor.accessTestCaseMainPhase(TestSuiteExecutor.java:169)
	at com.kms.katalon.core.main.TestSuiteExecutor.accessTestSuiteMainPhase(TestSuiteExecutor.java:142)
	at com.kms.katalon.core.main.TestSuiteExecutor.execute(TestSuiteExecutor.java:91)
	at com.kms.katalon.core.main.TestCaseMain.startTestSuite(TestCaseMain.java:157)
	at com.kms.katalon.core.main.TestCaseMain$startTestSuite$0.call(Unknown Source)
	at TempTestSuite1576955103733.run(TempTestSuite1576955103733.groovy:36)
Caused by: com.kms.katalon.core.webui.exception.WebElementNotFoundException: Web element with id: 'Object Repository/Page_ Town Square - FirstTeam Mattermost/button_Do Not DisturbDisables Desktop and P_5af217' located by 'By.xpath: //div[@id='lhsHeader']/div/div/ul/li[5]/button' not found
	at com.kms.katalon.core.webui.common.WebUiCommonHelper.findWebElement(WebUiCommonHelper.java:1154)
	at com.kms.katalon.core.webui.keyword.internal.WebUIAbstractKeyword.findWebElement(WebUIAbstractKeyword.groovy:27)
	at com.kms.katalon.core.webui.keyword.internal.WebUIAbstractKeyword.findWebElement(WebUIAbstractKeyword.groovy:26)
	at com.kms.katalon.core.webui.keyword.builtin.ClickKeyword$_click_closure1.doCall(ClickKeyword.groovy:67)
	at com.kms.katalon.core.webui.keyword.builtin.ClickKeyword$_click_closure1.call(ClickKeyword.groovy)
	at com.kms.katalon.core.webui.keyword.internal.WebUIKeywordMain.runKeyword(WebUIKeywordMain.groovy:20)
	... 19 more]]></system-err>
      </testcase>
      <testcase name="Test Cases/TestCase45ShowPopupDoNotDisturbStatus" time="48.403" classname="Test Cases/TestCase45ShowPopupDoNotDisturbStatus" status="FAILED">
         <failure type="FAILED" message="Test Cases/TestCase45ShowPopupDoNotDisturbStatus FAILED.
Reason:
com.kms.katalon.core.exception.StepFailedException: Unable to click on object 'Object Repository/Page_ Town Square - FirstTeam Mattermost/span_Your status is set to Do Not Disturb'
	at com.kms.katalon.core.webui.keyword.internal.WebUIKeywordMain.stepFailed(WebUIKeywordMain.groovy:64)
	at com.kms.katalon.core.webui.keyword.internal.WebUIKeywordMain.runKeyword(WebUIKeywordMain.groovy:26)
	at com.kms.katalon.core.webui.keyword.builtin.ClickKeyword.click(ClickKeyword.groovy:102)
	at com.kms.katalon.core.webui.keyword.builtin.ClickKeyword.execute(ClickKeyword.groovy:43)
	at com.kms.katalon.core.keyword.internal.KeywordExecutor.executeKeywordForPlatform(KeywordExecutor.groovy:72)
	at com.kms.katalon.core.webui.keyword.WebUiBuiltInKeywords.click(WebUiBuiltInKeywords.groovy:616)
	at com.kms.katalon.core.webui.keyword.WebUiBuiltInKeywords$click$3.call(Unknown Source)
	at TestCase45ShowPopupDoNotDisturbStatus.run(TestCase45ShowPopupDoNotDisturbStatus:29)
	at com.kms.katalon.core.main.ScriptEngine.run(ScriptEngine.java:194)
	at com.kms.katalon.core.main.ScriptEngine.runScriptAsRawText(ScriptEngine.java:119)
	at com.kms.katalon.core.main.TestCaseExecutor.runScript(TestCaseExecutor.java:337)
	at com.kms.katalon.core.main.TestCaseExecutor.doExecute(TestCaseExecutor.java:328)
	at com.kms.katalon.core.main.TestCaseExecutor.processExecutionPhase(TestCaseExecutor.java:307)
	at com.kms.katalon.core.main.TestCaseExecutor.accessMainPhase(TestCaseExecutor.java:299)
	at com.kms.katalon.core.main.TestCaseExecutor.execute(TestCaseExecutor.java:233)
	at com.kms.katalon.core.main.TestSuiteExecutor.accessTestCaseMainPhase(TestSuiteExecutor.java:169)
	at com.kms.katalon.core.main.TestSuiteExecutor.accessTestSuiteMainPhase(TestSuiteExecutor.java:142)
	at com.kms.katalon.core.main.TestSuiteExecutor.execute(TestSuiteExecutor.java:91)
	at com.kms.katalon.core.main.TestCaseMain.startTestSuite(TestCaseMain.java:157)
	at com.kms.katalon.core.main.TestCaseMain$startTestSuite$0.call(Unknown Source)
	at TempTestSuite1576955103733.run(TempTestSuite1576955103733.groovy:36)
Caused by: com.kms.katalon.core.webui.exception.WebElementNotFoundException: Web element with id: 'Object Repository/Page_ Town Square - FirstTeam Mattermost/span_Your status is set to Do Not Disturb' located by 'By.xpath: //h1[@id='confirmModalLabel']/span' not found
	at com.kms.katalon.core.webui.common.WebUiCommonHelper.findWebElement(WebUiCommonHelper.java:1154)
	at com.kms.katalon.core.webui.keyword.internal.WebUIAbstractKeyword.findWebElement(WebUIAbstractKeyword.groovy:27)
	at com.kms.katalon.core.webui.keyword.internal.WebUIAbstractKeyword.findWebElement(WebUIAbstractKeyword.groovy:26)
	at com.kms.katalon.core.webui.keyword.builtin.ClickKeyword$_click_closure1.doCall(ClickKeyword.groovy:67)
	at com.kms.katalon.core.webui.keyword.builtin.ClickKeyword$_click_closure1.call(ClickKeyword.groovy)
	at com.kms.katalon.core.webui.keyword.internal.WebUIKeywordMain.runKeyword(WebUIKeywordMain.groovy:20)
	... 19 more
"/>
         <system-out><![CDATA[2019-12-22 02:47:18 - [TEST_CASE][FAILED] - Test Cases/TestCase45ShowPopupDoNotDisturbStatus: Test Cases/TestCase45ShowPopupDoNotDisturbStatus FAILED.
Reason:
com.kms.katalon.core.exception.StepFailedException: Unable to click on object 'Object Repository/Page_ Town Square - FirstTeam Mattermost/span_Your status is set to Do Not Disturb'
	at com.kms.katalon.core.webui.keyword.internal.WebUIKeywordMain.stepFailed(WebUIKeywordMain.groovy:64)
	at com.kms.katalon.core.webui.keyword.internal.WebUIKeywordMain.runKeyword(WebUIKeywordMain.groovy:26)
	at com.kms.katalon.core.webui.keyword.builtin.ClickKeyword.click(ClickKeyword.groovy:102)
	at com.kms.katalon.core.webui.keyword.builtin.ClickKeyword.execute(ClickKeyword.groovy:43)
	at com.kms.katalon.core.keyword.internal.KeywordExecutor.executeKeywordForPlatform(KeywordExecutor.groovy:72)
	at com.kms.katalon.core.webui.keyword.WebUiBuiltInKeywords.click(WebUiBuiltInKeywords.groovy:616)
	at com.kms.katalon.core.webui.keyword.WebUiBuiltInKeywords$click$3.call(Unknown Source)
	at TestCase45ShowPopupDoNotDisturbStatus.run(TestCase45ShowPopupDoNotDisturbStatus:29)
	at com.kms.katalon.core.main.ScriptEngine.run(ScriptEngine.java:194)
	at com.kms.katalon.core.main.ScriptEngine.runScriptAsRawText(ScriptEngine.java:119)
	at com.kms.katalon.core.main.TestCaseExecutor.runScript(TestCaseExecutor.java:337)
	at com.kms.katalon.core.main.TestCaseExecutor.doExecute(TestCaseExecutor.java:328)
	at com.kms.katalon.core.main.TestCaseExecutor.processExecutionPhase(TestCaseExecutor.java:307)
	at com.kms.katalon.core.main.TestCaseExecutor.accessMainPhase(TestCaseExecutor.java:299)
	at com.kms.katalon.core.main.TestCaseExecutor.execute(TestCaseExecutor.java:233)
	at com.kms.katalon.core.main.TestSuiteExecutor.accessTestCaseMainPhase(TestSuiteExecutor.java:169)
	at com.kms.katalon.core.main.TestSuiteExecutor.accessTestSuiteMainPhase(TestSuiteExecutor.java:142)
	at com.kms.katalon.core.main.TestSuiteExecutor.execute(TestSuiteExecutor.java:91)
	at com.kms.katalon.core.main.TestCaseMain.startTestSuite(TestCaseMain.java:157)
	at com.kms.katalon.core.main.TestCaseMain$startTestSuite$0.call(Unknown Source)
	at TempTestSuite1576955103733.run(TempTestSuite1576955103733.groovy:36)
Caused by: com.kms.katalon.core.webui.exception.WebElementNotFoundException: Web element with id: 'Object Repository/Page_ Town Square - FirstTeam Mattermost/span_Your status is set to Do Not Disturb' located by 'By.xpath: //h1[@id='confirmModalLabel']/span' not found
	at com.kms.katalon.core.webui.common.WebUiCommonHelper.findWebElement(WebUiCommonHelper.java:1154)
	at com.kms.katalon.core.webui.keyword.internal.WebUIAbstractKeyword.findWebElement(WebUIAbstractKeyword.groovy:27)
	at com.kms.katalon.core.webui.keyword.internal.WebUIAbstractKeyword.findWebElement(WebUIAbstractKeyword.groovy:26)
	at com.kms.katalon.core.webui.keyword.builtin.ClickKeyword$_click_closure1.doCall(ClickKeyword.groovy:67)
	at com.kms.katalon.core.webui.keyword.builtin.ClickKeyword$_click_closure1.call(ClickKeyword.groovy)
	at com.kms.katalon.core.webui.keyword.internal.WebUIKeywordMain.runKeyword(WebUIKeywordMain.groovy:20)
	... 19 more


2019-12-22 02:47:18 - [TEST_STEP][PASSED] - openBrowser(""): Browser is opened with url: ''

2019-12-22 02:47:18 - [MESSAGE][WARNING] - A browser is already opened. Closing browser and opening a new one

2019-12-22 02:47:20 - [MESSAGE][INFO] - Starting 'Firefox (headless)' driver

2019-12-22 02:47:24 - [MESSAGE][PASSED] - Browser is opened with url: ''

2019-12-22 02:47:24 - [TEST_STEP][PASSED] - navigateToUrl("https://cs300testautomatic.herokuapp.com/"): Navigate to 'https://cs300testautomatic.herokuapp.com/' successfully

2019-12-22 02:47:29 - [MESSAGE][PASSED] - Navigate to 'https://cs300testautomatic.herokuapp.com/' successfully

2019-12-22 02:47:29 - [TEST_STEP][PASSED] - setText(findTestObject("Page_Mattermost/input_All team communication in one place s_703ef5 (31)"), "giabeuu@gmail.com"): Text 'giabeuu@gmail.com' is set on object 'Object Repository/Page_Mattermost/input_All team communication in one place s_703ef5 (31)'

2019-12-22 02:47:35 - [MESSAGE][PASSED] - Text 'giabeuu@gmail.com' is set on object 'Object Repository/Page_Mattermost/input_All team communication in one place s_703ef5 (31)'

2019-12-22 02:47:35 - [TEST_STEP][PASSED] - setEncryptedText(findTestObject("Page_Mattermost/input_All team communication in one place s_2f2733 (31)"), "GoUae4B8Jrc="): Text ****** has been set on object 'Object Repository/Page_Mattermost/input_All team communication in one place s_2f2733 (31)'

2019-12-22 02:47:35 - [MESSAGE][PASSED] - Text ****** has been set on object 'Object Repository/Page_Mattermost/input_All team communication in one place s_2f2733 (31)'

2019-12-22 02:47:35 - [TEST_STEP][PASSED] - click(findTestObject("Page_Mattermost/button_Sign in (20)")): Object: 'Object Repository/Page_Mattermost/button_Sign in (20)' is clicked on

2019-12-22 02:47:35 - [MESSAGE][PASSED] - Object: 'Object Repository/Page_Mattermost/button_Sign in (20)' is clicked on

2019-12-22 02:47:35 - [TEST_STEP][FAILED] - click(findTestObject("Object Repository/Page_ Town Square - FirstTeam Mattermost/span_Your status is set to Do Not Disturb")): Unable to click on object 'Object Repository/Page_ Town Square - FirstTeam Mattermost/span_Your status is set to Do Not Disturb' (Root cause: com.kms.katalon.core.exception.StepFailedException: Unable to click on object 'Object Repository/Page_ Town Square - FirstTeam Mattermost/span_Your status is set to Do Not Disturb'
	at com.kms.katalon.core.webui.keyword.internal.WebUIKeywordMain.stepFailed(WebUIKeywordMain.groovy:64)
	at com.kms.katalon.core.webui.keyword.internal.WebUIKeywordMain.runKeyword(WebUIKeywordMain.groovy:26)
	at com.kms.katalon.core.webui.keyword.builtin.ClickKeyword.click(ClickKeyword.groovy:102)
	at com.kms.katalon.core.webui.keyword.builtin.ClickKeyword.execute(ClickKeyword.groovy:43)
	at com.kms.katalon.core.keyword.internal.KeywordExecutor.executeKeywordForPlatform(KeywordExecutor.groovy:72)
	at com.kms.katalon.core.webui.keyword.WebUiBuiltInKeywords.click(WebUiBuiltInKeywords.groovy:616)
	at com.kms.katalon.core.webui.keyword.WebUiBuiltInKeywords$click$3.call(Unknown Source)
	at TestCase45ShowPopupDoNotDisturbStatus.run(TestCase45ShowPopupDoNotDisturbStatus:29)
	at com.kms.katalon.core.main.ScriptEngine.run(ScriptEngine.java:194)
	at com.kms.katalon.core.main.ScriptEngine.runScriptAsRawText(ScriptEngine.java:119)
	at com.kms.katalon.core.main.TestCaseExecutor.runScript(TestCaseExecutor.java:337)
	at com.kms.katalon.core.main.TestCaseExecutor.doExecute(TestCaseExecutor.java:328)
	at com.kms.katalon.core.main.TestCaseExecutor.processExecutionPhase(TestCaseExecutor.java:307)
	at com.kms.katalon.core.main.TestCaseExecutor.accessMainPhase(TestCaseExecutor.java:299)
	at com.kms.katalon.core.main.TestCaseExecutor.execute(TestCaseExecutor.java:233)
	at com.kms.katalon.core.main.TestSuiteExecutor.accessTestCaseMainPhase(TestSuiteExecutor.java:169)
	at com.kms.katalon.core.main.TestSuiteExecutor.accessTestSuiteMainPhase(TestSuiteExecutor.java:142)
	at com.kms.katalon.core.main.TestSuiteExecutor.execute(TestSuiteExecutor.java:91)
	at com.kms.katalon.core.main.TestCaseMain.startTestSuite(TestCaseMain.java:157)
	at com.kms.katalon.core.main.TestCaseMain$startTestSuite$0.call(Unknown Source)
	at TempTestSuite1576955103733.run(TempTestSuite1576955103733.groovy:36)
Caused by: com.kms.katalon.core.webui.exception.WebElementNotFoundException: Web element with id: 'Object Repository/Page_ Town Square - FirstTeam Mattermost/span_Your status is set to Do Not Disturb' located by 'By.xpath: //h1[@id='confirmModalLabel']/span' not found
	at com.kms.katalon.core.webui.common.WebUiCommonHelper.findWebElement(WebUiCommonHelper.java:1154)
	at com.kms.katalon.core.webui.keyword.internal.WebUIAbstractKeyword.findWebElement(WebUIAbstractKeyword.groovy:27)
	at com.kms.katalon.core.webui.keyword.internal.WebUIAbstractKeyword.findWebElement(WebUIAbstractKeyword.groovy:26)
	at com.kms.katalon.core.webui.keyword.builtin.ClickKeyword$_click_closure1.doCall(ClickKeyword.groovy:67)
	at com.kms.katalon.core.webui.keyword.builtin.ClickKeyword$_click_closure1.call(ClickKeyword.groovy)
	at com.kms.katalon.core.webui.keyword.internal.WebUIKeywordMain.runKeyword(WebUIKeywordMain.groovy:20)
	at com.kms.katalon.core.webui.keyword.builtin.ClickKeyword.click(ClickKeyword.groovy:102)
	at com.kms.katalon.core.webui.keyword.builtin.ClickKeyword.execute(ClickKeyword.groovy:43)
	at com.kms.katalon.core.keyword.internal.KeywordExecutor.executeKeywordForPlatform(KeywordExecutor.groovy:72)
	at com.kms.katalon.core.webui.keyword.WebUiBuiltInKeywords.click(WebUiBuiltInKeywords.groovy:616)
	at com.kms.katalon.core.webui.keyword.WebUiBuiltInKeywords$click$3.call(Unknown Source)
	at Script1576921170677.run(Script1576921170677.groovy:29)
	... 13 more
)

2019-12-22 02:48:06 - [MESSAGE][INFO] - Unable to find the element located by 'By.xpath: //h1[@id='confirmModalLabel']/span'. Please recheck the objects properties to make sure the desired element is located. 

2019-12-22 02:48:06 - [MESSAGE][INFO] - [SMART_XPATH] Auto-trying out other XPath values in the test object.

2019-12-22 02:48:06 - [MESSAGE][INFO] - [SMART_XPATH] FAILED XPATH: '//h1[@id='confirmModalLabel']/span'.

2019-12-22 02:48:06 - [MESSAGE][INFO] - [SMART_XPATH] FAILED XPATH: '(.//*[normalize-space(text()) and normalize-space(.)=concat('id(', '"', 'confirmModalLabel', '"', ')/span[1]')])[1]/following::span[1]'.

2019-12-22 02:48:06 - [MESSAGE][INFO] - [SMART_XPATH] FAILED XPATH: '(.//*[normalize-space(text()) and normalize-space(.)='Help'])[1]/following::span[2]'.

2019-12-22 02:48:06 - [MESSAGE][INFO] - [SMART_XPATH] FAILED XPATH: '(.//*[normalize-space(text()) and normalize-space(.)=concat('Would you like to switch your status to ', '"', 'Online', '"', '?')])[1]/preceding::span[1]'.

2019-12-22 02:48:06 - [MESSAGE][INFO] - [SMART_XPATH] FAILED XPATH: '(.//*[normalize-space(text()) and normalize-space(.)='Do not ask me again'])[1]/preceding::span[2]'.

2019-12-22 02:48:06 - [MESSAGE][INFO] - [SMART_XPATH] FAILED XPATH: '//*/text()[normalize-space(.)='Your status is set to "Do Not Disturb"']/parent::*'.

2019-12-22 02:48:06 - [MESSAGE][INFO] - [SMART_XPATH] FAILED XPATH: '//h1/span'.

2019-12-22 02:48:06 - [MESSAGE][INFO] - [SMART_XPATH] No working XPath is found.

2019-12-22 02:48:06 - [MESSAGE][FAILED] - Unable to click on object 'Object Repository/Page_ Town Square - FirstTeam Mattermost/span_Your status is set to Do Not Disturb' (Root cause: com.kms.katalon.core.exception.StepFailedException: Unable to click on object 'Object Repository/Page_ Town Square - FirstTeam Mattermost/span_Your status is set to Do Not Disturb'
	at com.kms.katalon.core.webui.keyword.internal.WebUIKeywordMain.stepFailed(WebUIKeywordMain.groovy:64)
	at com.kms.katalon.core.webui.keyword.internal.WebUIKeywordMain.runKeyword(WebUIKeywordMain.groovy:26)
	at com.kms.katalon.core.webui.keyword.builtin.ClickKeyword.click(ClickKeyword.groovy:102)
	at com.kms.katalon.core.webui.keyword.builtin.ClickKeyword.execute(ClickKeyword.groovy:43)
	at com.kms.katalon.core.keyword.internal.KeywordExecutor.executeKeywordForPlatform(KeywordExecutor.groovy:72)
	at com.kms.katalon.core.webui.keyword.WebUiBuiltInKeywords.click(WebUiBuiltInKeywords.groovy:616)
	at com.kms.katalon.core.webui.keyword.WebUiBuiltInKeywords$click$3.call(Unknown Source)
	at TestCase45ShowPopupDoNotDisturbStatus.run(TestCase45ShowPopupDoNotDisturbStatus:29)
	at com.kms.katalon.core.main.ScriptEngine.run(ScriptEngine.java:194)
	at com.kms.katalon.core.main.ScriptEngine.runScriptAsRawText(ScriptEngine.java:119)
	at com.kms.katalon.core.main.TestCaseExecutor.runScript(TestCaseExecutor.java:337)
	at com.kms.katalon.core.main.TestCaseExecutor.doExecute(TestCaseExecutor.java:328)
	at com.kms.katalon.core.main.TestCaseExecutor.processExecutionPhase(TestCaseExecutor.java:307)
	at com.kms.katalon.core.main.TestCaseExecutor.accessMainPhase(TestCaseExecutor.java:299)
	at com.kms.katalon.core.main.TestCaseExecutor.execute(TestCaseExecutor.java:233)
	at com.kms.katalon.core.main.TestSuiteExecutor.accessTestCaseMainPhase(TestSuiteExecutor.java:169)
	at com.kms.katalon.core.main.TestSuiteExecutor.accessTestSuiteMainPhase(TestSuiteExecutor.java:142)
	at com.kms.katalon.core.main.TestSuiteExecutor.execute(TestSuiteExecutor.java:91)
	at com.kms.katalon.core.main.TestCaseMain.startTestSuite(TestCaseMain.java:157)
	at com.kms.katalon.core.main.TestCaseMain$startTestSuite$0.call(Unknown Source)
	at TempTestSuite1576955103733.run(TempTestSuite1576955103733.groovy:36)
Caused by: com.kms.katalon.core.webui.exception.WebElementNotFoundException: Web element with id: 'Object Repository/Page_ Town Square - FirstTeam Mattermost/span_Your status is set to Do Not Disturb' located by 'By.xpath: //h1[@id='confirmModalLabel']/span' not found
	at com.kms.katalon.core.webui.common.WebUiCommonHelper.findWebElement(WebUiCommonHelper.java:1154)
	at com.kms.katalon.core.webui.keyword.internal.WebUIAbstractKeyword.findWebElement(WebUIAbstractKeyword.groovy:27)
	at com.kms.katalon.core.webui.keyword.internal.WebUIAbstractKeyword.findWebElement(WebUIAbstractKeyword.groovy:26)
	at com.kms.katalon.core.webui.keyword.builtin.ClickKeyword$_click_closure1.doCall(ClickKeyword.groovy:67)
	at com.kms.katalon.core.webui.keyword.builtin.ClickKeyword$_click_closure1.call(ClickKeyword.groovy)
	at com.kms.katalon.core.webui.keyword.internal.WebUIKeywordMain.runKeyword(WebUIKeywordMain.groovy:20)
	at com.kms.katalon.core.webui.keyword.builtin.ClickKeyword.click(ClickKeyword.groovy:102)
	at com.kms.katalon.core.webui.keyword.builtin.ClickKeyword.execute(ClickKeyword.groovy:43)
	at com.kms.katalon.core.keyword.internal.KeywordExecutor.executeKeywordForPlatform(KeywordExecutor.groovy:72)
	at com.kms.katalon.core.webui.keyword.WebUiBuiltInKeywords.click(WebUiBuiltInKeywords.groovy:616)
	at com.kms.katalon.core.webui.keyword.WebUiBuiltInKeywords$click$3.call(Unknown Source)
	at Script1576921170677.run(Script1576921170677.groovy:29)
	... 13 more
)
[[ATTACHMENT|D:\\Learning\\School\\2019-2020-HK1\\CS300\\CS300AutomaticWebTesting\\Reports\\20191222_020503\\Run All Test Cases\\20191222_020503\\1576957686869.png]]]]></system-out>
         <system-err><![CDATA[2019-12-22 02:47:18 - [TEST_CASE][FAILED] - Test Cases/TestCase45ShowPopupDoNotDisturbStatus: Test Cases/TestCase45ShowPopupDoNotDisturbStatus FAILED.
Reason:
com.kms.katalon.core.exception.StepFailedException: Unable to click on object 'Object Repository/Page_ Town Square - FirstTeam Mattermost/span_Your status is set to Do Not Disturb'
	at com.kms.katalon.core.webui.keyword.internal.WebUIKeywordMain.stepFailed(WebUIKeywordMain.groovy:64)
	at com.kms.katalon.core.webui.keyword.internal.WebUIKeywordMain.runKeyword(WebUIKeywordMain.groovy:26)
	at com.kms.katalon.core.webui.keyword.builtin.ClickKeyword.click(ClickKeyword.groovy:102)
	at com.kms.katalon.core.webui.keyword.builtin.ClickKeyword.execute(ClickKeyword.groovy:43)
	at com.kms.katalon.core.keyword.internal.KeywordExecutor.executeKeywordForPlatform(KeywordExecutor.groovy:72)
	at com.kms.katalon.core.webui.keyword.WebUiBuiltInKeywords.click(WebUiBuiltInKeywords.groovy:616)
	at com.kms.katalon.core.webui.keyword.WebUiBuiltInKeywords$click$3.call(Unknown Source)
	at TestCase45ShowPopupDoNotDisturbStatus.run(TestCase45ShowPopupDoNotDisturbStatus:29)
	at com.kms.katalon.core.main.ScriptEngine.run(ScriptEngine.java:194)
	at com.kms.katalon.core.main.ScriptEngine.runScriptAsRawText(ScriptEngine.java:119)
	at com.kms.katalon.core.main.TestCaseExecutor.runScript(TestCaseExecutor.java:337)
	at com.kms.katalon.core.main.TestCaseExecutor.doExecute(TestCaseExecutor.java:328)
	at com.kms.katalon.core.main.TestCaseExecutor.processExecutionPhase(TestCaseExecutor.java:307)
	at com.kms.katalon.core.main.TestCaseExecutor.accessMainPhase(TestCaseExecutor.java:299)
	at com.kms.katalon.core.main.TestCaseExecutor.execute(TestCaseExecutor.java:233)
	at com.kms.katalon.core.main.TestSuiteExecutor.accessTestCaseMainPhase(TestSuiteExecutor.java:169)
	at com.kms.katalon.core.main.TestSuiteExecutor.accessTestSuiteMainPhase(TestSuiteExecutor.java:142)
	at com.kms.katalon.core.main.TestSuiteExecutor.execute(TestSuiteExecutor.java:91)
	at com.kms.katalon.core.main.TestCaseMain.startTestSuite(TestCaseMain.java:157)
	at com.kms.katalon.core.main.TestCaseMain$startTestSuite$0.call(Unknown Source)
	at TempTestSuite1576955103733.run(TempTestSuite1576955103733.groovy:36)
Caused by: com.kms.katalon.core.webui.exception.WebElementNotFoundException: Web element with id: 'Object Repository/Page_ Town Square - FirstTeam Mattermost/span_Your status is set to Do Not Disturb' located by 'By.xpath: //h1[@id='confirmModalLabel']/span' not found
	at com.kms.katalon.core.webui.common.WebUiCommonHelper.findWebElement(WebUiCommonHelper.java:1154)
	at com.kms.katalon.core.webui.keyword.internal.WebUIAbstractKeyword.findWebElement(WebUIAbstractKeyword.groovy:27)
	at com.kms.katalon.core.webui.keyword.internal.WebUIAbstractKeyword.findWebElement(WebUIAbstractKeyword.groovy:26)
	at com.kms.katalon.core.webui.keyword.builtin.ClickKeyword$_click_closure1.doCall(ClickKeyword.groovy:67)
	at com.kms.katalon.core.webui.keyword.builtin.ClickKeyword$_click_closure1.call(ClickKeyword.groovy)
	at com.kms.katalon.core.webui.keyword.internal.WebUIKeywordMain.runKeyword(WebUIKeywordMain.groovy:20)
	... 19 more]]></system-err>
      </testcase>
      <testcase name="Test Cases/TestCase46UpdateStatusToAway" time="86.687" classname="Test Cases/TestCase46UpdateStatusToAway" status="PASSED">
         <system-out><![CDATA[2019-12-22 02:48:06 - [TEST_CASE][PASSED] - Test Cases/TestCase46UpdateStatusToAway: Test Cases/TestCase46UpdateStatusToAway

2019-12-22 02:48:07 - [TEST_STEP][PASSED] - openBrowser(""): Browser is opened with url: ''

2019-12-22 02:48:07 - [MESSAGE][WARNING] - A browser is already opened. Closing browser and opening a new one

2019-12-22 02:48:09 - [MESSAGE][INFO] - Starting 'Firefox (headless)' driver

2019-12-22 02:48:14 - [MESSAGE][PASSED] - Browser is opened with url: ''

2019-12-22 02:48:14 - [TEST_STEP][PASSED] - navigateToUrl("https://cs300testautomatic.herokuapp.com/"): Navigate to 'https://cs300testautomatic.herokuapp.com/' successfully

2019-12-22 02:48:19 - [MESSAGE][PASSED] - Navigate to 'https://cs300testautomatic.herokuapp.com/' successfully

2019-12-22 02:48:19 - [TEST_STEP][PASSED] - setText(findTestObject("Page_Mattermost/input_All team communication in one place s_703ef5 (32)"), "giabeuu@gmail.com"): Text 'giabeuu@gmail.com' is set on object 'Object Repository/Page_Mattermost/input_All team communication in one place s_703ef5 (32)'

2019-12-22 02:48:27 - [MESSAGE][PASSED] - Text 'giabeuu@gmail.com' is set on object 'Object Repository/Page_Mattermost/input_All team communication in one place s_703ef5 (32)'

2019-12-22 02:48:27 - [TEST_STEP][PASSED] - setEncryptedText(findTestObject("Page_Mattermost/input_All team communication in one place s_2f2733 (32)"), "GoUae4B8Jrc="): Text ****** has been set on object 'Object Repository/Page_Mattermost/input_All team communication in one place s_2f2733 (32)'

2019-12-22 02:48:28 - [MESSAGE][PASSED] - Text ****** has been set on object 'Object Repository/Page_Mattermost/input_All team communication in one place s_2f2733 (32)'

2019-12-22 02:48:28 - [TEST_STEP][PASSED] - click(findTestObject("Page_Mattermost/button_Sign in (21)")): Object: 'Object Repository/Page_Mattermost/button_Sign in (21)' is clicked on

2019-12-22 02:48:28 - [MESSAGE][PASSED] - Object: 'Object Repository/Page_Mattermost/button_Sign in (21)' is clicked on

2019-12-22 02:48:28 - [TEST_STEP][PASSED] - click(findTestObject("Page_ Town Square - FirstTeam Mattermost/span__status status-edit edit (2)")): Object: 'Object Repository/Page_ Town Square - FirstTeam Mattermost/span__status status-edit edit (2)' is clicked on

2019-12-22 02:48:30 - [MESSAGE][ERROR] - TypeError: rect is undefined
Build info: version: '3.141.59', revision: 'e82be7d358', time: '2018-11-14T08:25:53'
System info: host: 'DESKTOP-O368F3Q', ip: '192.168.0.107', os.name: 'Windows 10', os.arch: 'amd64', os.version: '10.0', java.version: '1.8.0_181'
Driver info: com.kms.katalon.core.webui.driver.firefox.CGeckoDriver
Capabilities {acceptInsecureCerts: true, browserName: firefox, browserVersion: 71.0, javascriptEnabled: true, moz:accessibilityChecks: false, moz:buildID: 20191202093317, moz:geckodriverVersion: 0.23.0, moz:headless: true, moz:processID: 17212, moz:profile: C:\Users\ASUS\AppData\Local..., moz:shutdownTimeout: 60000, moz:useNonSpecCompliantPointerOrigin: false, moz:webdriverClick: true, pageLoadStrategy: normal, platform: WINDOWS, platformName: WINDOWS, platformVersion: 10.0, proxy: Proxy(direct), rotatable: false, setWindowRect: true, strictFileInteractability: false, timeouts: {implicit: 0, pageLoad: 300000, script: 30000}, unhandledPromptBehavior: dismiss and notify}
Session ID: 253be569-6369-4cca-aa1e-0208aee8d384

2019-12-22 02:49:00 - [MESSAGE][ERROR] - TypeError: rect is undefined
Build info: version: '3.141.59', revision: 'e82be7d358', time: '2018-11-14T08:25:53'
System info: host: 'DESKTOP-O368F3Q', ip: '192.168.0.107', os.name: 'Windows 10', os.arch: 'amd64', os.version: '10.0', java.version: '1.8.0_181'
Driver info: com.kms.katalon.core.webui.driver.firefox.CGeckoDriver
Capabilities {acceptInsecureCerts: true, browserName: firefox, browserVersion: 71.0, javascriptEnabled: true, moz:accessibilityChecks: false, moz:buildID: 20191202093317, moz:geckodriverVersion: 0.23.0, moz:headless: true, moz:processID: 17212, moz:profile: C:\Users\ASUS\AppData\Local..., moz:shutdownTimeout: 60000, moz:useNonSpecCompliantPointerOrigin: false, moz:webdriverClick: true, pageLoadStrategy: normal, platform: WINDOWS, platformName: WINDOWS, platformVersion: 10.0, proxy: Proxy(direct), rotatable: false, setWindowRect: true, strictFileInteractability: false, timeouts: {implicit: 0, pageLoad: 300000, script: 30000}, unhandledPromptBehavior: dismiss and notify}
Session ID: 253be569-6369-4cca-aa1e-0208aee8d384

2019-12-22 02:49:00 - [MESSAGE][PASSED] - Object: 'Object Repository/Page_ Town Square - FirstTeam Mattermost/span__status status-edit edit (2)' is clicked on

2019-12-22 02:49:00 - [TEST_STEP][PASSED] - click(findTestObject("Object Repository/Page_ Town Square - FirstTeam Mattermost/button_Away")): Object: 'Object Repository/Page_ Town Square - FirstTeam Mattermost/button_Away' is clicked on

2019-12-22 02:49:31 - [MESSAGE][INFO] - Unable to find the element located by 'By.xpath: //div[@id='lhsHeader']/div/div/ul/li[4]/button'. Please recheck the objects properties to make sure the desired element is located. 

2019-12-22 02:49:31 - [MESSAGE][INFO] - [SMART_XPATH] Auto-trying out other XPath values in the test object.

2019-12-22 02:49:31 - [MESSAGE][INFO] - [SMART_XPATH] FAILED XPATH: '//div[@id='lhsHeader']/div/div/ul/li[4]/button'.

2019-12-22 02:49:31 - [MESSAGE][INFO] - [SMART_XPATH] FAILED XPATH: '(.//*[normalize-space(text()) and normalize-space(.)='Online'])[1]/following::button[1]'.

2019-12-22 02:49:31 - [MESSAGE][INFO] - [SMART_XPATH] WORKING XPATH: '(.//*[normalize-space(text()) and normalize-space(.)='+'])[1]/following::button[3]'.

2019-12-22 02:49:32 - [MESSAGE][INFO] - [SMART_XPATH] Screenshot: D:/Learning/School/2019-2020-HK1/CS300/CS300AutomaticWebTesting/Reports/smart_xpath/Object Repository/Page_ Town Square - FirstTeam Mattermost/button_Away_neighbor_44.png

2019-12-22 02:49:32 - [MESSAGE][INFO] - [SMART_XPATH] FAILED XPATH: '(.//*[normalize-space(text()) and normalize-space(.)='Disables Desktop and Push Notifications'])[1]/preceding::button[1]'.

2019-12-22 02:49:32 - [MESSAGE][INFO] - [SMART_XPATH] FAILED XPATH: '//*/text()[normalize-space(.)='Away']/parent::*'.

2019-12-22 02:49:32 - [MESSAGE][INFO] - [SMART_XPATH] FAILED XPATH: '//li[4]/button'.

2019-12-22 02:49:32 - [MESSAGE][ERROR] - [SMART_XPATH] D:\Learning\School\2019-2020-HK1\CS300\CS300AutomaticWebTesting\Reports\smart_xpath\waiting-for-approval.json (The system cannot find the file specified)

2019-12-22 02:49:32 - [MESSAGE][ERROR] - [SMART_XPATH] D:/Learning/School/2019-2020-HK1/CS300/CS300AutomaticWebTesting/Reports/smart_xpath/waiting-for-approval.json does not exist or is provided by Smart XPath Plugin!

2019-12-22 02:49:32 - [MESSAGE][INFO] - [SMART_XPATH] Selected Smart XPath: '(.//*[normalize-space(text()) and normalize-space(.)='+'])[1]/following::button[3]'.

2019-12-22 02:49:32 - [MESSAGE][INFO] - [SMART_XPATH] Continuing executing the test case!

2019-12-22 02:49:32 - [MESSAGE][PASSED] - Object: 'Object Repository/Page_ Town Square - FirstTeam Mattermost/button_Away' is clicked on

2019-12-22 02:49:32 - [TEST_STEP][PASSED] - closeBrowser(): Browser is closed

2019-12-22 02:49:33 - [MESSAGE][PASSED] - Browser is closed]]></system-out>
         <system-err><![CDATA[]]></system-err>
      </testcase>
      <testcase name="Test Cases/TestCase47ShowPopupAwayStatus" time="44.299" classname="Test Cases/TestCase47ShowPopupAwayStatus" status="FAILED">
         <failure type="FAILED" message="Test Cases/TestCase47ShowPopupAwayStatus FAILED.
Reason:
com.kms.katalon.core.exception.StepFailedException: Unable to click on object 'Object Repository/Page_ Town Square - FirstTeam Mattermost/span_Your status is set to Away'
	at com.kms.katalon.core.webui.keyword.internal.WebUIKeywordMain.stepFailed(WebUIKeywordMain.groovy:64)
	at com.kms.katalon.core.webui.keyword.internal.WebUIKeywordMain.runKeyword(WebUIKeywordMain.groovy:26)
	at com.kms.katalon.core.webui.keyword.builtin.ClickKeyword.click(ClickKeyword.groovy:102)
	at com.kms.katalon.core.webui.keyword.builtin.ClickKeyword.execute(ClickKeyword.groovy:43)
	at com.kms.katalon.core.keyword.internal.KeywordExecutor.executeKeywordForPlatform(KeywordExecutor.groovy:72)
	at com.kms.katalon.core.webui.keyword.WebUiBuiltInKeywords.click(WebUiBuiltInKeywords.groovy:616)
	at com.kms.katalon.core.webui.keyword.WebUiBuiltInKeywords$click$3.call(Unknown Source)
	at TestCase47ShowPopupAwayStatus.run(TestCase47ShowPopupAwayStatus:29)
	at com.kms.katalon.core.main.ScriptEngine.run(ScriptEngine.java:194)
	at com.kms.katalon.core.main.ScriptEngine.runScriptAsRawText(ScriptEngine.java:119)
	at com.kms.katalon.core.main.TestCaseExecutor.runScript(TestCaseExecutor.java:337)
	at com.kms.katalon.core.main.TestCaseExecutor.doExecute(TestCaseExecutor.java:328)
	at com.kms.katalon.core.main.TestCaseExecutor.processExecutionPhase(TestCaseExecutor.java:307)
	at com.kms.katalon.core.main.TestCaseExecutor.accessMainPhase(TestCaseExecutor.java:299)
	at com.kms.katalon.core.main.TestCaseExecutor.execute(TestCaseExecutor.java:233)
	at com.kms.katalon.core.main.TestSuiteExecutor.accessTestCaseMainPhase(TestSuiteExecutor.java:169)
	at com.kms.katalon.core.main.TestSuiteExecutor.accessTestSuiteMainPhase(TestSuiteExecutor.java:142)
	at com.kms.katalon.core.main.TestSuiteExecutor.execute(TestSuiteExecutor.java:91)
	at com.kms.katalon.core.main.TestCaseMain.startTestSuite(TestCaseMain.java:157)
	at com.kms.katalon.core.main.TestCaseMain$startTestSuite$0.call(Unknown Source)
	at TempTestSuite1576955103733.run(TempTestSuite1576955103733.groovy:36)
Caused by: com.kms.katalon.core.webui.exception.WebElementNotFoundException: Web element with id: 'Object Repository/Page_ Town Square - FirstTeam Mattermost/span_Your status is set to Away' located by 'By.xpath: //h1[@id='confirmModalLabel']/span' not found
	at com.kms.katalon.core.webui.common.WebUiCommonHelper.findWebElement(WebUiCommonHelper.java:1154)
	at com.kms.katalon.core.webui.keyword.internal.WebUIAbstractKeyword.findWebElement(WebUIAbstractKeyword.groovy:27)
	at com.kms.katalon.core.webui.keyword.internal.WebUIAbstractKeyword.findWebElement(WebUIAbstractKeyword.groovy:26)
	at com.kms.katalon.core.webui.keyword.builtin.ClickKeyword$_click_closure1.doCall(ClickKeyword.groovy:67)
	at com.kms.katalon.core.webui.keyword.builtin.ClickKeyword$_click_closure1.call(ClickKeyword.groovy)
	at com.kms.katalon.core.webui.keyword.internal.WebUIKeywordMain.runKeyword(WebUIKeywordMain.groovy:20)
	... 19 more
"/>
         <system-out><![CDATA[2019-12-22 02:49:33 - [TEST_CASE][FAILED] - Test Cases/TestCase47ShowPopupAwayStatus: Test Cases/TestCase47ShowPopupAwayStatus FAILED.
Reason:
com.kms.katalon.core.exception.StepFailedException: Unable to click on object 'Object Repository/Page_ Town Square - FirstTeam Mattermost/span_Your status is set to Away'
	at com.kms.katalon.core.webui.keyword.internal.WebUIKeywordMain.stepFailed(WebUIKeywordMain.groovy:64)
	at com.kms.katalon.core.webui.keyword.internal.WebUIKeywordMain.runKeyword(WebUIKeywordMain.groovy:26)
	at com.kms.katalon.core.webui.keyword.builtin.ClickKeyword.click(ClickKeyword.groovy:102)
	at com.kms.katalon.core.webui.keyword.builtin.ClickKeyword.execute(ClickKeyword.groovy:43)
	at com.kms.katalon.core.keyword.internal.KeywordExecutor.executeKeywordForPlatform(KeywordExecutor.groovy:72)
	at com.kms.katalon.core.webui.keyword.WebUiBuiltInKeywords.click(WebUiBuiltInKeywords.groovy:616)
	at com.kms.katalon.core.webui.keyword.WebUiBuiltInKeywords$click$3.call(Unknown Source)
	at TestCase47ShowPopupAwayStatus.run(TestCase47ShowPopupAwayStatus:29)
	at com.kms.katalon.core.main.ScriptEngine.run(ScriptEngine.java:194)
	at com.kms.katalon.core.main.ScriptEngine.runScriptAsRawText(ScriptEngine.java:119)
	at com.kms.katalon.core.main.TestCaseExecutor.runScript(TestCaseExecutor.java:337)
	at com.kms.katalon.core.main.TestCaseExecutor.doExecute(TestCaseExecutor.java:328)
	at com.kms.katalon.core.main.TestCaseExecutor.processExecutionPhase(TestCaseExecutor.java:307)
	at com.kms.katalon.core.main.TestCaseExecutor.accessMainPhase(TestCaseExecutor.java:299)
	at com.kms.katalon.core.main.TestCaseExecutor.execute(TestCaseExecutor.java:233)
	at com.kms.katalon.core.main.TestSuiteExecutor.accessTestCaseMainPhase(TestSuiteExecutor.java:169)
	at com.kms.katalon.core.main.TestSuiteExecutor.accessTestSuiteMainPhase(TestSuiteExecutor.java:142)
	at com.kms.katalon.core.main.TestSuiteExecutor.execute(TestSuiteExecutor.java:91)
	at com.kms.katalon.core.main.TestCaseMain.startTestSuite(TestCaseMain.java:157)
	at com.kms.katalon.core.main.TestCaseMain$startTestSuite$0.call(Unknown Source)
	at TempTestSuite1576955103733.run(TempTestSuite1576955103733.groovy:36)
Caused by: com.kms.katalon.core.webui.exception.WebElementNotFoundException: Web element with id: 'Object Repository/Page_ Town Square - FirstTeam Mattermost/span_Your status is set to Away' located by 'By.xpath: //h1[@id='confirmModalLabel']/span' not found
	at com.kms.katalon.core.webui.common.WebUiCommonHelper.findWebElement(WebUiCommonHelper.java:1154)
	at com.kms.katalon.core.webui.keyword.internal.WebUIAbstractKeyword.findWebElement(WebUIAbstractKeyword.groovy:27)
	at com.kms.katalon.core.webui.keyword.internal.WebUIAbstractKeyword.findWebElement(WebUIAbstractKeyword.groovy:26)
	at com.kms.katalon.core.webui.keyword.builtin.ClickKeyword$_click_closure1.doCall(ClickKeyword.groovy:67)
	at com.kms.katalon.core.webui.keyword.builtin.ClickKeyword$_click_closure1.call(ClickKeyword.groovy)
	at com.kms.katalon.core.webui.keyword.internal.WebUIKeywordMain.runKeyword(WebUIKeywordMain.groovy:20)
	... 19 more


2019-12-22 02:49:33 - [TEST_STEP][PASSED] - openBrowser(""): Browser is opened with url: ''

2019-12-22 02:49:33 - [MESSAGE][INFO] - Starting 'Firefox (headless)' driver

2019-12-22 02:49:37 - [MESSAGE][PASSED] - Browser is opened with url: ''

2019-12-22 02:49:37 - [TEST_STEP][PASSED] - navigateToUrl("https://cs300testautomatic.herokuapp.com/"): Navigate to 'https://cs300testautomatic.herokuapp.com/' successfully

2019-12-22 02:49:42 - [MESSAGE][PASSED] - Navigate to 'https://cs300testautomatic.herokuapp.com/' successfully

2019-12-22 02:49:42 - [TEST_STEP][PASSED] - setText(findTestObject("Page_Mattermost/input_All team communication in one place s_703ef5 (33)"), "giabeuu@gmail.com"): Text 'giabeuu@gmail.com' is set on object 'Object Repository/Page_Mattermost/input_All team communication in one place s_703ef5 (33)'

2019-12-22 02:49:46 - [MESSAGE][PASSED] - Text 'giabeuu@gmail.com' is set on object 'Object Repository/Page_Mattermost/input_All team communication in one place s_703ef5 (33)'

2019-12-22 02:49:46 - [TEST_STEP][PASSED] - setEncryptedText(findTestObject("Page_Mattermost/input_All team communication in one place s_2f2733 (33)"), "GoUae4B8Jrc="): Text ****** has been set on object 'Object Repository/Page_Mattermost/input_All team communication in one place s_2f2733 (33)'

2019-12-22 02:49:46 - [MESSAGE][PASSED] - Text ****** has been set on object 'Object Repository/Page_Mattermost/input_All team communication in one place s_2f2733 (33)'

2019-12-22 02:49:46 - [TEST_STEP][PASSED] - click(findTestObject("Page_Mattermost/button_Sign in (22)")): Object: 'Object Repository/Page_Mattermost/button_Sign in (22)' is clicked on

2019-12-22 02:49:46 - [MESSAGE][PASSED] - Object: 'Object Repository/Page_Mattermost/button_Sign in (22)' is clicked on

2019-12-22 02:49:46 - [TEST_STEP][FAILED] - click(findTestObject("Object Repository/Page_ Town Square - FirstTeam Mattermost/span_Your status is set to Away")): Unable to click on object 'Object Repository/Page_ Town Square - FirstTeam Mattermost/span_Your status is set to Away' (Root cause: com.kms.katalon.core.exception.StepFailedException: Unable to click on object 'Object Repository/Page_ Town Square - FirstTeam Mattermost/span_Your status is set to Away'
	at com.kms.katalon.core.webui.keyword.internal.WebUIKeywordMain.stepFailed(WebUIKeywordMain.groovy:64)
	at com.kms.katalon.core.webui.keyword.internal.WebUIKeywordMain.runKeyword(WebUIKeywordMain.groovy:26)
	at com.kms.katalon.core.webui.keyword.builtin.ClickKeyword.click(ClickKeyword.groovy:102)
	at com.kms.katalon.core.webui.keyword.builtin.ClickKeyword.execute(ClickKeyword.groovy:43)
	at com.kms.katalon.core.keyword.internal.KeywordExecutor.executeKeywordForPlatform(KeywordExecutor.groovy:72)
	at com.kms.katalon.core.webui.keyword.WebUiBuiltInKeywords.click(WebUiBuiltInKeywords.groovy:616)
	at com.kms.katalon.core.webui.keyword.WebUiBuiltInKeywords$click$3.call(Unknown Source)
	at TestCase47ShowPopupAwayStatus.run(TestCase47ShowPopupAwayStatus:29)
	at com.kms.katalon.core.main.ScriptEngine.run(ScriptEngine.java:194)
	at com.kms.katalon.core.main.ScriptEngine.runScriptAsRawText(ScriptEngine.java:119)
	at com.kms.katalon.core.main.TestCaseExecutor.runScript(TestCaseExecutor.java:337)
	at com.kms.katalon.core.main.TestCaseExecutor.doExecute(TestCaseExecutor.java:328)
	at com.kms.katalon.core.main.TestCaseExecutor.processExecutionPhase(TestCaseExecutor.java:307)
	at com.kms.katalon.core.main.TestCaseExecutor.accessMainPhase(TestCaseExecutor.java:299)
	at com.kms.katalon.core.main.TestCaseExecutor.execute(TestCaseExecutor.java:233)
	at com.kms.katalon.core.main.TestSuiteExecutor.accessTestCaseMainPhase(TestSuiteExecutor.java:169)
	at com.kms.katalon.core.main.TestSuiteExecutor.accessTestSuiteMainPhase(TestSuiteExecutor.java:142)
	at com.kms.katalon.core.main.TestSuiteExecutor.execute(TestSuiteExecutor.java:91)
	at com.kms.katalon.core.main.TestCaseMain.startTestSuite(TestCaseMain.java:157)
	at com.kms.katalon.core.main.TestCaseMain$startTestSuite$0.call(Unknown Source)
	at TempTestSuite1576955103733.run(TempTestSuite1576955103733.groovy:36)
Caused by: com.kms.katalon.core.webui.exception.WebElementNotFoundException: Web element with id: 'Object Repository/Page_ Town Square - FirstTeam Mattermost/span_Your status is set to Away' located by 'By.xpath: //h1[@id='confirmModalLabel']/span' not found
	at com.kms.katalon.core.webui.common.WebUiCommonHelper.findWebElement(WebUiCommonHelper.java:1154)
	at com.kms.katalon.core.webui.keyword.internal.WebUIAbstractKeyword.findWebElement(WebUIAbstractKeyword.groovy:27)
	at com.kms.katalon.core.webui.keyword.internal.WebUIAbstractKeyword.findWebElement(WebUIAbstractKeyword.groovy:26)
	at com.kms.katalon.core.webui.keyword.builtin.ClickKeyword$_click_closure1.doCall(ClickKeyword.groovy:67)
	at com.kms.katalon.core.webui.keyword.builtin.ClickKeyword$_click_closure1.call(ClickKeyword.groovy)
	at com.kms.katalon.core.webui.keyword.internal.WebUIKeywordMain.runKeyword(WebUIKeywordMain.groovy:20)
	at com.kms.katalon.core.webui.keyword.builtin.ClickKeyword.click(ClickKeyword.groovy:102)
	at com.kms.katalon.core.webui.keyword.builtin.ClickKeyword.execute(ClickKeyword.groovy:43)
	at com.kms.katalon.core.keyword.internal.KeywordExecutor.executeKeywordForPlatform(KeywordExecutor.groovy:72)
	at com.kms.katalon.core.webui.keyword.WebUiBuiltInKeywords.click(WebUiBuiltInKeywords.groovy:616)
	at com.kms.katalon.core.webui.keyword.WebUiBuiltInKeywords$click$3.call(Unknown Source)
	at Script1576921350643.run(Script1576921350643.groovy:29)
	... 13 more
)

2019-12-22 02:50:17 - [MESSAGE][INFO] - Unable to find the element located by 'By.xpath: //h1[@id='confirmModalLabel']/span'. Please recheck the objects properties to make sure the desired element is located. 

2019-12-22 02:50:17 - [MESSAGE][INFO] - [SMART_XPATH] Auto-trying out other XPath values in the test object.

2019-12-22 02:50:17 - [MESSAGE][INFO] - [SMART_XPATH] FAILED XPATH: '//h1[@id='confirmModalLabel']/span'.

2019-12-22 02:50:17 - [MESSAGE][INFO] - [SMART_XPATH] FAILED XPATH: '(.//*[normalize-space(text()) and normalize-space(.)=concat('id(', '"', 'confirmModalLabel', '"', ')/span[1]')])[1]/following::span[1]'.

2019-12-22 02:50:17 - [MESSAGE][INFO] - [SMART_XPATH] FAILED XPATH: '(.//*[normalize-space(text()) and normalize-space(.)='Help'])[1]/following::span[2]'.

2019-12-22 02:50:17 - [MESSAGE][INFO] - [SMART_XPATH] FAILED XPATH: '(.//*[normalize-space(text()) and normalize-space(.)=concat('Would you like to switch your status to ', '"', 'Online', '"', '?')])[1]/preceding::span[1]'.

2019-12-22 02:50:17 - [MESSAGE][INFO] - [SMART_XPATH] FAILED XPATH: '(.//*[normalize-space(text()) and normalize-space(.)='Do not ask me again'])[1]/preceding::span[2]'.

2019-12-22 02:50:17 - [MESSAGE][INFO] - [SMART_XPATH] FAILED XPATH: '//*/text()[normalize-space(.)='Your status is set to "Away"']/parent::*'.

2019-12-22 02:50:17 - [MESSAGE][INFO] - [SMART_XPATH] FAILED XPATH: '//h1/span'.

2019-12-22 02:50:17 - [MESSAGE][INFO] - [SMART_XPATH] No working XPath is found.

2019-12-22 02:50:17 - [MESSAGE][FAILED] - Unable to click on object 'Object Repository/Page_ Town Square - FirstTeam Mattermost/span_Your status is set to Away' (Root cause: com.kms.katalon.core.exception.StepFailedException: Unable to click on object 'Object Repository/Page_ Town Square - FirstTeam Mattermost/span_Your status is set to Away'
	at com.kms.katalon.core.webui.keyword.internal.WebUIKeywordMain.stepFailed(WebUIKeywordMain.groovy:64)
	at com.kms.katalon.core.webui.keyword.internal.WebUIKeywordMain.runKeyword(WebUIKeywordMain.groovy:26)
	at com.kms.katalon.core.webui.keyword.builtin.ClickKeyword.click(ClickKeyword.groovy:102)
	at com.kms.katalon.core.webui.keyword.builtin.ClickKeyword.execute(ClickKeyword.groovy:43)
	at com.kms.katalon.core.keyword.internal.KeywordExecutor.executeKeywordForPlatform(KeywordExecutor.groovy:72)
	at com.kms.katalon.core.webui.keyword.WebUiBuiltInKeywords.click(WebUiBuiltInKeywords.groovy:616)
	at com.kms.katalon.core.webui.keyword.WebUiBuiltInKeywords$click$3.call(Unknown Source)
	at TestCase47ShowPopupAwayStatus.run(TestCase47ShowPopupAwayStatus:29)
	at com.kms.katalon.core.main.ScriptEngine.run(ScriptEngine.java:194)
	at com.kms.katalon.core.main.ScriptEngine.runScriptAsRawText(ScriptEngine.java:119)
	at com.kms.katalon.core.main.TestCaseExecutor.runScript(TestCaseExecutor.java:337)
	at com.kms.katalon.core.main.TestCaseExecutor.doExecute(TestCaseExecutor.java:328)
	at com.kms.katalon.core.main.TestCaseExecutor.processExecutionPhase(TestCaseExecutor.java:307)
	at com.kms.katalon.core.main.TestCaseExecutor.accessMainPhase(TestCaseExecutor.java:299)
	at com.kms.katalon.core.main.TestCaseExecutor.execute(TestCaseExecutor.java:233)
	at com.kms.katalon.core.main.TestSuiteExecutor.accessTestCaseMainPhase(TestSuiteExecutor.java:169)
	at com.kms.katalon.core.main.TestSuiteExecutor.accessTestSuiteMainPhase(TestSuiteExecutor.java:142)
	at com.kms.katalon.core.main.TestSuiteExecutor.execute(TestSuiteExecutor.java:91)
	at com.kms.katalon.core.main.TestCaseMain.startTestSuite(TestCaseMain.java:157)
	at com.kms.katalon.core.main.TestCaseMain$startTestSuite$0.call(Unknown Source)
	at TempTestSuite1576955103733.run(TempTestSuite1576955103733.groovy:36)
Caused by: com.kms.katalon.core.webui.exception.WebElementNotFoundException: Web element with id: 'Object Repository/Page_ Town Square - FirstTeam Mattermost/span_Your status is set to Away' located by 'By.xpath: //h1[@id='confirmModalLabel']/span' not found
	at com.kms.katalon.core.webui.common.WebUiCommonHelper.findWebElement(WebUiCommonHelper.java:1154)
	at com.kms.katalon.core.webui.keyword.internal.WebUIAbstractKeyword.findWebElement(WebUIAbstractKeyword.groovy:27)
	at com.kms.katalon.core.webui.keyword.internal.WebUIAbstractKeyword.findWebElement(WebUIAbstractKeyword.groovy:26)
	at com.kms.katalon.core.webui.keyword.builtin.ClickKeyword$_click_closure1.doCall(ClickKeyword.groovy:67)
	at com.kms.katalon.core.webui.keyword.builtin.ClickKeyword$_click_closure1.call(ClickKeyword.groovy)
	at com.kms.katalon.core.webui.keyword.internal.WebUIKeywordMain.runKeyword(WebUIKeywordMain.groovy:20)
	at com.kms.katalon.core.webui.keyword.builtin.ClickKeyword.click(ClickKeyword.groovy:102)
	at com.kms.katalon.core.webui.keyword.builtin.ClickKeyword.execute(ClickKeyword.groovy:43)
	at com.kms.katalon.core.keyword.internal.KeywordExecutor.executeKeywordForPlatform(KeywordExecutor.groovy:72)
	at com.kms.katalon.core.webui.keyword.WebUiBuiltInKeywords.click(WebUiBuiltInKeywords.groovy:616)
	at com.kms.katalon.core.webui.keyword.WebUiBuiltInKeywords$click$3.call(Unknown Source)
	at Script1576921350643.run(Script1576921350643.groovy:29)
	... 13 more
)
[[ATTACHMENT|D:\\Learning\\School\\2019-2020-HK1\\CS300\\CS300AutomaticWebTesting\\Reports\\20191222_020503\\Run All Test Cases\\20191222_020503\\1576957817857.png]]]]></system-out>
         <system-err><![CDATA[2019-12-22 02:49:33 - [TEST_CASE][FAILED] - Test Cases/TestCase47ShowPopupAwayStatus: Test Cases/TestCase47ShowPopupAwayStatus FAILED.
Reason:
com.kms.katalon.core.exception.StepFailedException: Unable to click on object 'Object Repository/Page_ Town Square - FirstTeam Mattermost/span_Your status is set to Away'
	at com.kms.katalon.core.webui.keyword.internal.WebUIKeywordMain.stepFailed(WebUIKeywordMain.groovy:64)
	at com.kms.katalon.core.webui.keyword.internal.WebUIKeywordMain.runKeyword(WebUIKeywordMain.groovy:26)
	at com.kms.katalon.core.webui.keyword.builtin.ClickKeyword.click(ClickKeyword.groovy:102)
	at com.kms.katalon.core.webui.keyword.builtin.ClickKeyword.execute(ClickKeyword.groovy:43)
	at com.kms.katalon.core.keyword.internal.KeywordExecutor.executeKeywordForPlatform(KeywordExecutor.groovy:72)
	at com.kms.katalon.core.webui.keyword.WebUiBuiltInKeywords.click(WebUiBuiltInKeywords.groovy:616)
	at com.kms.katalon.core.webui.keyword.WebUiBuiltInKeywords$click$3.call(Unknown Source)
	at TestCase47ShowPopupAwayStatus.run(TestCase47ShowPopupAwayStatus:29)
	at com.kms.katalon.core.main.ScriptEngine.run(ScriptEngine.java:194)
	at com.kms.katalon.core.main.ScriptEngine.runScriptAsRawText(ScriptEngine.java:119)
	at com.kms.katalon.core.main.TestCaseExecutor.runScript(TestCaseExecutor.java:337)
	at com.kms.katalon.core.main.TestCaseExecutor.doExecute(TestCaseExecutor.java:328)
	at com.kms.katalon.core.main.TestCaseExecutor.processExecutionPhase(TestCaseExecutor.java:307)
	at com.kms.katalon.core.main.TestCaseExecutor.accessMainPhase(TestCaseExecutor.java:299)
	at com.kms.katalon.core.main.TestCaseExecutor.execute(TestCaseExecutor.java:233)
	at com.kms.katalon.core.main.TestSuiteExecutor.accessTestCaseMainPhase(TestSuiteExecutor.java:169)
	at com.kms.katalon.core.main.TestSuiteExecutor.accessTestSuiteMainPhase(TestSuiteExecutor.java:142)
	at com.kms.katalon.core.main.TestSuiteExecutor.execute(TestSuiteExecutor.java:91)
	at com.kms.katalon.core.main.TestCaseMain.startTestSuite(TestCaseMain.java:157)
	at com.kms.katalon.core.main.TestCaseMain$startTestSuite$0.call(Unknown Source)
	at TempTestSuite1576955103733.run(TempTestSuite1576955103733.groovy:36)
Caused by: com.kms.katalon.core.webui.exception.WebElementNotFoundException: Web element with id: 'Object Repository/Page_ Town Square - FirstTeam Mattermost/span_Your status is set to Away' located by 'By.xpath: //h1[@id='confirmModalLabel']/span' not found
	at com.kms.katalon.core.webui.common.WebUiCommonHelper.findWebElement(WebUiCommonHelper.java:1154)
	at com.kms.katalon.core.webui.keyword.internal.WebUIAbstractKeyword.findWebElement(WebUIAbstractKeyword.groovy:27)
	at com.kms.katalon.core.webui.keyword.internal.WebUIAbstractKeyword.findWebElement(WebUIAbstractKeyword.groovy:26)
	at com.kms.katalon.core.webui.keyword.builtin.ClickKeyword$_click_closure1.doCall(ClickKeyword.groovy:67)
	at com.kms.katalon.core.webui.keyword.builtin.ClickKeyword$_click_closure1.call(ClickKeyword.groovy)
	at com.kms.katalon.core.webui.keyword.internal.WebUIKeywordMain.runKeyword(WebUIKeywordMain.groovy:20)
	... 19 more]]></system-err>
      </testcase>
      <testcase name="Test Cases/TestCase48AdminConsole" time="50.245" classname="Test Cases/TestCase48AdminConsole" status="PASSED">
         <system-out><![CDATA[2019-12-22 02:50:17 - [TEST_CASE][PASSED] - Test Cases/TestCase48AdminConsole: Test Cases/TestCase48AdminConsole

2019-12-22 02:50:18 - [TEST_STEP][PASSED] - openBrowser(""): Browser is opened with url: ''

2019-12-22 02:50:18 - [MESSAGE][WARNING] - A browser is already opened. Closing browser and opening a new one

2019-12-22 02:50:19 - [MESSAGE][INFO] - Starting 'Firefox (headless)' driver

2019-12-22 02:50:23 - [MESSAGE][PASSED] - Browser is opened with url: ''

2019-12-22 02:50:23 - [TEST_STEP][PASSED] - navigateToUrl("https://cs300testautomatic.herokuapp.com/"): Navigate to 'https://cs300testautomatic.herokuapp.com/' successfully

2019-12-22 02:50:27 - [MESSAGE][PASSED] - Navigate to 'https://cs300testautomatic.herokuapp.com/' successfully

2019-12-22 02:50:27 - [TEST_STEP][PASSED] - setText(findTestObject("Page_Mattermost/input_All team communication in one place s_703ef5 (34)"), "giabeuu@gmail.com"): Text 'giabeuu@gmail.com' is set on object 'Object Repository/Page_Mattermost/input_All team communication in one place s_703ef5 (34)'

2019-12-22 02:50:31 - [MESSAGE][PASSED] - Text 'giabeuu@gmail.com' is set on object 'Object Repository/Page_Mattermost/input_All team communication in one place s_703ef5 (34)'

2019-12-22 02:50:31 - [TEST_STEP][PASSED] - setEncryptedText(findTestObject("Page_Mattermost/input_All team communication in one place s_2f2733 (34)"), "GoUae4B8Jrc="): Text ****** has been set on object 'Object Repository/Page_Mattermost/input_All team communication in one place s_2f2733 (34)'

2019-12-22 02:50:31 - [MESSAGE][PASSED] - Text ****** has been set on object 'Object Repository/Page_Mattermost/input_All team communication in one place s_2f2733 (34)'

2019-12-22 02:50:31 - [TEST_STEP][PASSED] - click(findTestObject("Page_Mattermost/button_Sign in (23)")): Object: 'Object Repository/Page_Mattermost/button_Sign in (23)' is clicked on

2019-12-22 02:50:32 - [MESSAGE][PASSED] - Object: 'Object Repository/Page_Mattermost/button_Sign in (23)' is clicked on

2019-12-22 02:50:32 - [TEST_STEP][PASSED] - click(findTestObject("Page_ Town Square - FirstTeam Mattermost/div_Fi (12)")): Object: 'Object Repository/Page_ Town Square - FirstTeam Mattermost/div_Fi (12)' is clicked on

2019-12-22 02:51:03 - [MESSAGE][INFO] - Unable to find the element located by 'By.xpath: //a[@id='firstteamTeamButton']/div/div/div'. Please recheck the objects properties to make sure the desired element is located. 

2019-12-22 02:51:03 - [MESSAGE][INFO] - [SMART_XPATH] Auto-trying out other XPath values in the test object.

2019-12-22 02:51:03 - [MESSAGE][INFO] - [SMART_XPATH] FAILED XPATH: '//a[@id='firstteamTeamButton']/div/div/div'.

2019-12-22 02:51:03 - [MESSAGE][INFO] - [SMART_XPATH] WORKING XPATH: '(.//*[normalize-space(text()) and normalize-space(.)='FirstTeam'])[1]/following::div[9]'.

2019-12-22 02:51:03 - [MESSAGE][INFO] - [SMART_XPATH] Screenshot: D:/Learning/School/2019-2020-HK1/CS300/CS300AutomaticWebTesting/Reports/smart_xpath/Object Repository/Page_ Town Square - FirstTeam Mattermost/div_Fi (12)_neighbor_46.png

2019-12-22 02:51:03 - [MESSAGE][INFO] - [SMART_XPATH] FAILED XPATH: '(.//*[normalize-space(text()) and normalize-space(.)='Fi'])[2]/preceding::div[1]'.

2019-12-22 02:51:03 - [MESSAGE][INFO] - [SMART_XPATH] WORKING XPATH: '(.//*[normalize-space(text()) and normalize-space(.)='Ne'])[1]/preceding::div[5]'.

2019-12-22 02:51:03 - [MESSAGE][ERROR] - [SMART_XPATH] Cannot save screenshot to: D:/Learning/School/2019-2020-HK1/CS300/CS300AutomaticWebTesting/Reports/smart_xpath, reason: negative or zero width

2019-12-22 02:51:03 - [MESSAGE][INFO] - [SMART_XPATH] WORKING XPATH: '//*/text()[normalize-space(.)='Fi']/parent::*'.

2019-12-22 02:51:03 - [MESSAGE][INFO] - [SMART_XPATH] Screenshot: D:/Learning/School/2019-2020-HK1/CS300/CS300AutomaticWebTesting/Reports/smart_xpath/Object Repository/Page_ Town Square - FirstTeam Mattermost/div_Fi (12)_neighbor_48.png

2019-12-22 02:51:03 - [MESSAGE][INFO] - [SMART_XPATH] WORKING XPATH: '//a/div/div/div'.

2019-12-22 02:51:03 - [MESSAGE][INFO] - [SMART_XPATH] Screenshot: D:/Learning/School/2019-2020-HK1/CS300/CS300AutomaticWebTesting/Reports/smart_xpath/Object Repository/Page_ Town Square - FirstTeam Mattermost/div_Fi (12)_position.png

2019-12-22 02:51:03 - [MESSAGE][ERROR] - [SMART_XPATH] D:\Learning\School\2019-2020-HK1\CS300\CS300AutomaticWebTesting\Reports\smart_xpath\waiting-for-approval.json (The system cannot find the file specified)

2019-12-22 02:51:03 - [MESSAGE][ERROR] - [SMART_XPATH] D:/Learning/School/2019-2020-HK1/CS300/CS300AutomaticWebTesting/Reports/smart_xpath/waiting-for-approval.json does not exist or is provided by Smart XPath Plugin!

2019-12-22 02:51:03 - [MESSAGE][INFO] - [SMART_XPATH] Selected Smart XPath: '(.//*[normalize-space(text()) and normalize-space(.)='FirstTeam'])[1]/following::div[9]'.

2019-12-22 02:51:03 - [MESSAGE][INFO] - [SMART_XPATH] Continuing executing the test case!

2019-12-22 02:51:04 - [MESSAGE][PASSED] - Object: 'Object Repository/Page_ Town Square - FirstTeam Mattermost/div_Fi (12)' is clicked on

2019-12-22 02:51:04 - [TEST_STEP][PASSED] - click(findTestObject("Page_ Town Square - FirstTeam Mattermost/button_giabeuu_style--none sidebar-header-d_0f4080 (1)")): Object: 'Object Repository/Page_ Town Square - FirstTeam Mattermost/button_giabeuu_style--none sidebar-header-d_0f4080 (1)' is clicked on

2019-12-22 02:51:04 - [MESSAGE][PASSED] - Object: 'Object Repository/Page_ Town Square - FirstTeam Mattermost/button_giabeuu_style--none sidebar-header-d_0f4080 (1)' is clicked on

2019-12-22 02:51:04 - [TEST_STEP][PASSED] - click(findTestObject("Object Repository/Page_ Town Square - FirstTeam Mattermost/a_System Console")): Object: 'Object Repository/Page_ Town Square - FirstTeam Mattermost/a_System Console' is clicked on

2019-12-22 02:51:04 - [MESSAGE][PASSED] - Object: 'Object Repository/Page_ Town Square - FirstTeam Mattermost/a_System Console' is clicked on

2019-12-22 02:51:04 - [TEST_STEP][PASSED] - click(findTestObject("Object Repository/Page_System Console - Mattermost/span_System Console")): Object: 'Object Repository/Page_System Console - Mattermost/span_System Console' is clicked on

2019-12-22 02:51:07 - [MESSAGE][PASSED] - Object: 'Object Repository/Page_System Console - Mattermost/span_System Console' is clicked on

2019-12-22 02:51:07 - [TEST_STEP][PASSED] - closeBrowser(): Browser is closed

2019-12-22 02:51:08 - [MESSAGE][PASSED] - Browser is closed]]></system-out>
         <system-err><![CDATA[]]></system-err>
      </testcase>
      <testcase name="Test Cases/TestCase50ChangeUserPass" time="23.907" classname="Test Cases/TestCase50ChangeUserPass" status="PASSED">
         <system-out><![CDATA[2019-12-22 02:51:08 - [TEST_CASE][PASSED] - Test Cases/TestCase50ChangeUserPass: Test Cases/TestCase50ChangeUserPass

2019-12-22 02:51:08 - [TEST_STEP][PASSED] - openBrowser(""): Browser is opened with url: ''

2019-12-22 02:51:08 - [MESSAGE][INFO] - Starting 'Firefox (headless)' driver

2019-12-22 02:51:12 - [MESSAGE][PASSED] - Browser is opened with url: ''

2019-12-22 02:51:12 - [TEST_STEP][PASSED] - navigateToUrl("https://cs300testautomatic.herokuapp.com/"): Navigate to 'https://cs300testautomatic.herokuapp.com/' successfully

2019-12-22 02:51:19 - [MESSAGE][PASSED] - Navigate to 'https://cs300testautomatic.herokuapp.com/' successfully

2019-12-22 02:51:19 - [TEST_STEP][PASSED] - setText(findTestObject("Page_Mattermost/input_All team communication in one place s_703ef5 (38)"), "dhieu@apcs.vn"): Text 'dhieu@apcs.vn' is set on object 'Object Repository/Page_Mattermost/input_All team communication in one place s_703ef5 (38)'

2019-12-22 02:51:24 - [MESSAGE][PASSED] - Text 'dhieu@apcs.vn' is set on object 'Object Repository/Page_Mattermost/input_All team communication in one place s_703ef5 (38)'

2019-12-22 02:51:24 - [TEST_STEP][PASSED] - setEncryptedText(findTestObject("Page_Mattermost/input_All team communication in one place s_2f2733 (38)"), "iGDxf8hSRT4="): Text ****** has been set on object 'Object Repository/Page_Mattermost/input_All team communication in one place s_2f2733 (38)'

2019-12-22 02:51:24 - [MESSAGE][PASSED] - Text ****** has been set on object 'Object Repository/Page_Mattermost/input_All team communication in one place s_2f2733 (38)'

2019-12-22 02:51:24 - [TEST_STEP][PASSED] - click(findTestObject("Page_Mattermost/span_Sign in (8)")): Object: 'Object Repository/Page_Mattermost/span_Sign in (8)' is clicked on

2019-12-22 02:51:24 - [MESSAGE][PASSED] - Object: 'Object Repository/Page_Mattermost/span_Sign in (8)' is clicked on

2019-12-22 02:51:24 - [TEST_STEP][PASSED] - click(findTestObject("Object Repository/Page_Town Square - FirstTeam Mattermost/button_hieu_style--none sidebar-header-drop_de94de")): Object: 'Object Repository/Page_Town Square - FirstTeam Mattermost/button_hieu_style--none sidebar-header-drop_de94de' is clicked on

2019-12-22 02:51:28 - [MESSAGE][PASSED] - Object: 'Object Repository/Page_Town Square - FirstTeam Mattermost/button_hieu_style--none sidebar-header-drop_de94de' is clicked on

2019-12-22 02:51:28 - [TEST_STEP][PASSED] - click(findTestObject("Page_Town Square - FirstTeam Mattermost/button_Account Settings (1)")): Object: 'Object Repository/Page_Town Square - FirstTeam Mattermost/button_Account Settings (1)' is clicked on

2019-12-22 02:51:28 - [MESSAGE][PASSED] - Object: 'Object Repository/Page_Town Square - FirstTeam Mattermost/button_Account Settings (1)' is clicked on

2019-12-22 02:51:28 - [TEST_STEP][PASSED] - click(findTestObject("Object Repository/Page_Town Square - FirstTeam Mattermost/button_Security")): Object: 'Object Repository/Page_Town Square - FirstTeam Mattermost/button_Security' is clicked on

2019-12-22 02:51:29 - [MESSAGE][PASSED] - Object: 'Object Repository/Page_Town Square - FirstTeam Mattermost/button_Security' is clicked on

2019-12-22 02:51:29 - [TEST_STEP][PASSED] - click(findTestObject("Page_Town Square - FirstTeam Mattermost/button_Edit (1)")): Object: 'Object Repository/Page_Town Square - FirstTeam Mattermost/button_Edit (1)' is clicked on

2019-12-22 02:51:29 - [MESSAGE][PASSED] - Object: 'Object Repository/Page_Town Square - FirstTeam Mattermost/button_Edit (1)' is clicked on

2019-12-22 02:51:29 - [TEST_STEP][PASSED] - setEncryptedText(findTestObject("Object Repository/Page_Town Square - FirstTeam Mattermost/input_Current Password_currentPassword"), "iGDxf8hSRT4="): Text ****** has been set on object 'Object Repository/Page_Town Square - FirstTeam Mattermost/input_Current Password_currentPassword'

2019-12-22 02:51:29 - [MESSAGE][PASSED] - Text ****** has been set on object 'Object Repository/Page_Town Square - FirstTeam Mattermost/input_Current Password_currentPassword'

2019-12-22 02:51:29 - [TEST_STEP][PASSED] - setEncryptedText(findTestObject("Object Repository/Page_Town Square - FirstTeam Mattermost/input_New Password_newPassword"), "iGDxf8hSRT4="): Text ****** has been set on object 'Object Repository/Page_Town Square - FirstTeam Mattermost/input_New Password_newPassword'

2019-12-22 02:51:29 - [MESSAGE][PASSED] - Text ****** has been set on object 'Object Repository/Page_Town Square - FirstTeam Mattermost/input_New Password_newPassword'

2019-12-22 02:51:29 - [TEST_STEP][PASSED] - setEncryptedText(findTestObject("Object Repository/Page_Town Square - FirstTeam Mattermost/input_Retype New Password_confirmPassword"), "iGDxf8hSRT4="): Text ****** has been set on object 'Object Repository/Page_Town Square - FirstTeam Mattermost/input_Retype New Password_confirmPassword'

2019-12-22 02:51:29 - [MESSAGE][PASSED] - Text ****** has been set on object 'Object Repository/Page_Town Square - FirstTeam Mattermost/input_Retype New Password_confirmPassword'

2019-12-22 02:51:29 - [TEST_STEP][PASSED] - click(findTestObject("Page_Town Square - FirstTeam Mattermost/button_Save (1)")): Object: 'Object Repository/Page_Town Square - FirstTeam Mattermost/button_Save (1)' is clicked on

2019-12-22 02:51:30 - [MESSAGE][PASSED] - Object: 'Object Repository/Page_Town Square - FirstTeam Mattermost/button_Save (1)' is clicked on

2019-12-22 02:51:30 - [TEST_STEP][PASSED] - click(findTestObject("Page_Town Square - FirstTeam Mattermost/button_Close (1)")): Object: 'Object Repository/Page_Town Square - FirstTeam Mattermost/button_Close (1)' is clicked on

2019-12-22 02:51:30 - [MESSAGE][PASSED] - Object: 'Object Repository/Page_Town Square - FirstTeam Mattermost/button_Close (1)' is clicked on

2019-12-22 02:51:30 - [TEST_STEP][PASSED] - closeBrowser(): Browser is closed

2019-12-22 02:51:32 - [MESSAGE][PASSED] - Browser is closed]]></system-out>
         <system-err><![CDATA[]]></system-err>
      </testcase>
      <system-out><![CDATA[2019-12-22 02:05:07 - [TEST_SUITE][FAILED] - Run All Test Cases: Test Cases/TestCase17RemoveMemberFromChannel FAILED.
Reason:
com.kms.katalon.core.exception.StepFailedException: Unable to click on object 'Object Repository/Page_ChannelAddMember - FirstTeam Mattermost/button_Channel MembergiabeuuRemove Member'
	at com.kms.katalon.core.webui.keyword.internal.WebUIKeywordMain.stepFailed(WebUIKeywordMain.groovy:64)
	at com.kms.katalon.core.webui.keyword.internal.WebUIKeywordMain.runKeyword(WebUIKeywordMain.groovy:26)
	at com.kms.katalon.core.webui.keyword.builtin.ClickKeyword.click(ClickKeyword.groovy:102)
	at com.kms.katalon.core.webui.keyword.builtin.ClickKeyword.execute(ClickKeyword.groovy:43)
	at com.kms.katalon.core.keyword.internal.KeywordExecutor.executeKeywordForPlatform(KeywordExecutor.groovy:72)
	at com.kms.katalon.core.webui.keyword.WebUiBuiltInKeywords.click(WebUiBuiltInKeywords.groovy:616)
	at com.kms.katalon.core.webui.keyword.WebUiBuiltInKeywords$click$3.call(Unknown Source)
	at TestCase17RemoveMemberFromChannel.run(TestCase17RemoveMemberFromChannel:37)
	at com.kms.katalon.core.main.ScriptEngine.run(ScriptEngine.java:194)
	at com.kms.katalon.core.main.ScriptEngine.runScriptAsRawText(ScriptEngine.java:119)
	at com.kms.katalon.core.main.TestCaseExecutor.runScript(TestCaseExecutor.java:337)
	at com.kms.katalon.core.main.TestCaseExecutor.doExecute(TestCaseExecutor.java:328)
	at com.kms.katalon.core.main.TestCaseExecutor.processExecutionPhase(TestCaseExecutor.java:307)
	at com.kms.katalon.core.main.TestCaseExecutor.accessMainPhase(TestCaseExecutor.java:299)
	at com.kms.katalon.core.main.TestCaseExecutor.execute(TestCaseExecutor.java:233)
	at com.kms.katalon.core.main.TestSuiteExecutor.accessTestCaseMainPhase(TestSuiteExecutor.java:169)
	at com.kms.katalon.core.main.TestSuiteExecutor.accessTestSuiteMainPhase(TestSuiteExecutor.java:142)
	at com.kms.katalon.core.main.TestSuiteExecutor.execute(TestSuiteExecutor.java:91)
	at com.kms.katalon.core.main.TestCaseMain.startTestSuite(TestCaseMain.java:157)
	at com.kms.katalon.core.main.TestCaseMain$startTestSuite$0.call(Unknown Source)
	at TempTestSuite1576955103733.run(TempTestSuite1576955103733.groovy:36)
Caused by: com.kms.katalon.core.webui.exception.WebElementNotFoundException: Web element with id: 'Object Repository/Page_ChannelAddMember - FirstTeam Mattermost/button_Channel MembergiabeuuRemove Member' located by 'By.xpath: //button[@id='removeMember']' not found
	at com.kms.katalon.core.webui.common.WebUiCommonHelper.findWebElement(WebUiCommonHelper.java:1154)
	at com.kms.katalon.core.webui.keyword.internal.WebUIAbstractKeyword.findWebElement(WebUIAbstractKeyword.groovy:27)
	at com.kms.katalon.core.webui.keyword.internal.WebUIAbstractKeyword.findWebElement(WebUIAbstractKeyword.groovy:26)
	at com.kms.katalon.core.webui.keyword.builtin.ClickKeyword$_click_closure1.doCall(ClickKeyword.groovy:67)
	at com.kms.katalon.core.webui.keyword.builtin.ClickKeyword$_click_closure1.call(ClickKeyword.groovy)
	at com.kms.katalon.core.webui.keyword.internal.WebUIKeywordMain.runKeyword(WebUIKeywordMain.groovy:20)
	... 19 more]]></system-out>
      <system-err><![CDATA[2019-12-22 02:05:07 - [TEST_SUITE][FAILED] - Run All Test Cases: Test Cases/TestCase17RemoveMemberFromChannel FAILED.
Reason:
com.kms.katalon.core.exception.StepFailedException: Unable to click on object 'Object Repository/Page_ChannelAddMember - FirstTeam Mattermost/button_Channel MembergiabeuuRemove Member'
	at com.kms.katalon.core.webui.keyword.internal.WebUIKeywordMain.stepFailed(WebUIKeywordMain.groovy:64)
	at com.kms.katalon.core.webui.keyword.internal.WebUIKeywordMain.runKeyword(WebUIKeywordMain.groovy:26)
	at com.kms.katalon.core.webui.keyword.builtin.ClickKeyword.click(ClickKeyword.groovy:102)
	at com.kms.katalon.core.webui.keyword.builtin.ClickKeyword.execute(ClickKeyword.groovy:43)
	at com.kms.katalon.core.keyword.internal.KeywordExecutor.executeKeywordForPlatform(KeywordExecutor.groovy:72)
	at com.kms.katalon.core.webui.keyword.WebUiBuiltInKeywords.click(WebUiBuiltInKeywords.groovy:616)
	at com.kms.katalon.core.webui.keyword.WebUiBuiltInKeywords$click$3.call(Unknown Source)
	at TestCase17RemoveMemberFromChannel.run(TestCase17RemoveMemberFromChannel:37)
	at com.kms.katalon.core.main.ScriptEngine.run(ScriptEngine.java:194)
	at com.kms.katalon.core.main.ScriptEngine.runScriptAsRawText(ScriptEngine.java:119)
	at com.kms.katalon.core.main.TestCaseExecutor.runScript(TestCaseExecutor.java:337)
	at com.kms.katalon.core.main.TestCaseExecutor.doExecute(TestCaseExecutor.java:328)
	at com.kms.katalon.core.main.TestCaseExecutor.processExecutionPhase(TestCaseExecutor.java:307)
	at com.kms.katalon.core.main.TestCaseExecutor.accessMainPhase(TestCaseExecutor.java:299)
	at com.kms.katalon.core.main.TestCaseExecutor.execute(TestCaseExecutor.java:233)
	at com.kms.katalon.core.main.TestSuiteExecutor.accessTestCaseMainPhase(TestSuiteExecutor.java:169)
	at com.kms.katalon.core.main.TestSuiteExecutor.accessTestSuiteMainPhase(TestSuiteExecutor.java:142)
	at com.kms.katalon.core.main.TestSuiteExecutor.execute(TestSuiteExecutor.java:91)
	at com.kms.katalon.core.main.TestCaseMain.startTestSuite(TestCaseMain.java:157)
	at com.kms.katalon.core.main.TestCaseMain$startTestSuite$0.call(Unknown Source)
	at TempTestSuite1576955103733.run(TempTestSuite1576955103733.groovy:36)
Caused by: com.kms.katalon.core.webui.exception.WebElementNotFoundException: Web element with id: 'Object Repository/Page_ChannelAddMember - FirstTeam Mattermost/button_Channel MembergiabeuuRemove Member' located by 'By.xpath: //button[@id='removeMember']' not found
	at com.kms.katalon.core.webui.common.WebUiCommonHelper.findWebElement(WebUiCommonHelper.java:1154)
	at com.kms.katalon.core.webui.keyword.internal.WebUIAbstractKeyword.findWebElement(WebUIAbstractKeyword.groovy:27)
	at com.kms.katalon.core.webui.keyword.internal.WebUIAbstractKeyword.findWebElement(WebUIAbstractKeyword.groovy:26)
	at com.kms.katalon.core.webui.keyword.builtin.ClickKeyword$_click_closure1.doCall(ClickKeyword.groovy:67)
	at com.kms.katalon.core.webui.keyword.builtin.ClickKeyword$_click_closure1.call(ClickKeyword.groovy)
	at com.kms.katalon.core.webui.keyword.internal.WebUIKeywordMain.runKeyword(WebUIKeywordMain.groovy:20)
	... 19 more]]></system-err>
   </testsuite>
</testsuites>
