<?xml version="1.0" encoding="UTF-8"?>
<testsuites name="Run All Test Cases" time="1896.773" tests="49" failures="11" errors="0">
   <testsuite name="Run All Test Cases" tests="49" failures="11" errors="0" time="1896.773" timestamp="2019-12-22 01:18:29" hostname="BooBoo - DESKTOP-5927NP4" id="Test Suites/Run All Test Cases">
      <properties>
         <property name="deviceName" value=""/>
         <property name="devicePlatform" value=""/>
         <property name="logFolder" value="E:\\APCS\\2019-2020\\Term1\\CS300\\Github\\CS300AutomaticWebTesting\\Reports\\20191222_011827\\Run All Test Cases\\20191222_011827"/>
         <property name="logFiles" value="E:\\APCS\\2019-2020\\Term1\\CS300\\Github\\CS300AutomaticWebTesting\\Reports\\20191222_011827\\Run All Test Cases\\20191222_011827\\execution0.log"/>
         <property name="attachments" value="E:\\APCS\\2019-2020\\Term1\\CS300\\Github\\CS300AutomaticWebTesting\\Reports\\20191222_011827\\Run All Test Cases\\20191222_011827\\1576952836956.png, E:\\APCS\\2019-2020\\Term1\\CS300\\Github\\CS300AutomaticWebTesting\\Reports\\20191222_011827\\Run All Test Cases\\20191222_011827\\1576952908787.png, E:\\APCS\\2019-2020\\Term1\\CS300\\Github\\CS300AutomaticWebTesting\\Reports\\20191222_011827\\Run All Test Cases\\20191222_011827\\1576953023885.png, E:\\APCS\\2019-2020\\Term1\\CS300\\Github\\CS300AutomaticWebTesting\\Reports\\20191222_011827\\Run All Test Cases\\20191222_011827\\1576953175211.png, E:\\APCS\\2019-2020\\Term1\\CS300\\Github\\CS300AutomaticWebTesting\\Reports\\20191222_011827\\Run All Test Cases\\20191222_011827\\1576953321392.png, E:\\APCS\\2019-2020\\Term1\\CS300\\Github\\CS300AutomaticWebTesting\\Reports\\20191222_011827\\Run All Test Cases\\20191222_011827\\1576953528111.png, E:\\APCS\\2019-2020\\Term1\\CS300\\Github\\CS300AutomaticWebTesting\\Reports\\20191222_011827\\Run All Test Cases\\20191222_011827\\1576953683907.png, E:\\APCS\\2019-2020\\Term1\\CS300\\Github\\CS300AutomaticWebTesting\\Reports\\20191222_011827\\Run All Test Cases\\20191222_011827\\1576953781207.png, E:\\APCS\\2019-2020\\Term1\\CS300\\Github\\CS300AutomaticWebTesting\\Reports\\20191222_011827\\Run All Test Cases\\20191222_011827\\1576953878250.png, E:\\APCS\\2019-2020\\Term1\\CS300\\Github\\CS300AutomaticWebTesting\\Reports\\20191222_011827\\Run All Test Cases\\20191222_011827\\1576953943846.png, E:\\APCS\\2019-2020\\Term1\\CS300\\Github\\CS300AutomaticWebTesting\\Reports\\20191222_011827\\Run All Test Cases\\20191222_011827\\1576954168468.png"/>
         <property name="hostName" value="BooBoo - DESKTOP-5927NP4"/>
         <property name="os" value="Windows 10 64bit"/>
         <property name="katalonVersion" value="7.1.2.1"/>
         <property name="browser" value="Firefox 71.0"/>
         <property name="hostAddress" value="192.168.1.4"/>
         <property name="sessionId" value="a169ae61-72e2-4580-b689-c10cc97d233c"/>
         <property name="seleniumVersion" value="3.141.59"/>
         <property name="proxyInformation" value="ProxyInformation{proxyOption=NO_PROXY, proxyServerType=HTTP, password=, proxyServerAddress=, proxyServerPort=0, executionList=}"/>
         <property name="platform" value="Windows 10"/>
      </properties>
      <testcase name="Test Cases/TestCase01LoginSuccessfully" time="16.8" classname="Test Cases/TestCase01LoginSuccessfully" status="PASSED">
         <system-out><![CDATA[2019-12-22 01:18:29 - [TEST_CASE][PASSED] - Test Cases/TestCase01LoginSuccessfully: Test Cases/TestCase01LoginSuccessfully

2019-12-22 01:18:29 - [TEST_STEP][PASSED] - openBrowser(""): Browser is opened with url: ''

2019-12-22 01:18:30 - [MESSAGE][INFO] - Starting 'Firefox' driver

2019-12-22 01:18:30 - [MESSAGE][INFO] - Action delay is set to 0 seconds

2019-12-22 01:18:36 - [MESSAGE][PASSED] - Browser is opened with url: ''

2019-12-22 01:18:36 - [TEST_STEP][PASSED] - navigateToUrl("https://cs300testautomatic.herokuapp.com/"): Navigate to 'https://cs300testautomatic.herokuapp.com/' successfully

2019-12-22 01:18:40 - [MESSAGE][PASSED] - Navigate to 'https://cs300testautomatic.herokuapp.com/' successfully

2019-12-22 01:18:40 - [TEST_STEP][PASSED] - setText(findTestObject("Page_Mattermost/input_All team communication in one place s_703ef5"), "giabeuu@gmail.com"): Text 'giabeuu@gmail.com' is set on object 'Object Repository/Page_Mattermost/input_All team communication in one place s_703ef5'

2019-12-22 01:18:45 - [MESSAGE][PASSED] - Text 'giabeuu@gmail.com' is set on object 'Object Repository/Page_Mattermost/input_All team communication in one place s_703ef5'

2019-12-22 01:18:45 - [TEST_STEP][PASSED] - setEncryptedText(findTestObject("Page_Mattermost/input_All team communication in one place s_2f2733"), "GoUae4B8Jrc="): Text ****** has been set on object 'Object Repository/Page_Mattermost/input_All team communication in one place s_2f2733'

2019-12-22 01:18:45 - [MESSAGE][PASSED] - Text ****** has been set on object 'Object Repository/Page_Mattermost/input_All team communication in one place s_2f2733'

2019-12-22 01:18:45 - [TEST_STEP][PASSED] - click(findTestObject("Page_Mattermost/span_Sign in")): Object: 'Object Repository/Page_Mattermost/span_Sign in' is clicked on

2019-12-22 01:18:46 - [MESSAGE][PASSED] - Object: 'Object Repository/Page_Mattermost/span_Sign in' is clicked on]]></system-out>
         <system-err><![CDATA[]]></system-err>
      </testcase>
      <testcase name="Test Cases/TestCase02LogoutSuccessfully" time="34.646" classname="Test Cases/TestCase02LogoutSuccessfully" status="PASSED">
         <system-out><![CDATA[2019-12-22 01:18:46 - [TEST_CASE][PASSED] - Test Cases/TestCase02LogoutSuccessfully: Test Cases/TestCase02LogoutSuccessfully

2019-12-22 01:18:46 - [TEST_STEP][PASSED] - openBrowser(""): Browser is opened with url: ''

2019-12-22 01:18:46 - [MESSAGE][WARNING] - A browser is already opened. Closing browser and opening a new one

2019-12-22 01:18:51 - [MESSAGE][INFO] - Starting 'Firefox' driver

2019-12-22 01:18:58 - [MESSAGE][PASSED] - Browser is opened with url: ''

2019-12-22 01:18:58 - [TEST_STEP][PASSED] - navigateToUrl("https://cs300testautomatic.herokuapp.com/"): Navigate to 'https://cs300testautomatic.herokuapp.com/' successfully

2019-12-22 01:19:03 - [MESSAGE][PASSED] - Navigate to 'https://cs300testautomatic.herokuapp.com/' successfully

2019-12-22 01:19:03 - [TEST_STEP][PASSED] - setText(findTestObject("Page_Mattermost/input_All team communication in one place s_703ef5"), "giabeuu@gmail.com"): Text 'giabeuu@gmail.com' is set on object 'Object Repository/Page_Mattermost/input_All team communication in one place s_703ef5'

2019-12-22 01:19:08 - [MESSAGE][PASSED] - Text 'giabeuu@gmail.com' is set on object 'Object Repository/Page_Mattermost/input_All team communication in one place s_703ef5'

2019-12-22 01:19:08 - [TEST_STEP][PASSED] - setEncryptedText(findTestObject("Page_Mattermost/input_All team communication in one place s_2f2733"), "GoUae4B8Jrc="): Text ****** has been set on object 'Object Repository/Page_Mattermost/input_All team communication in one place s_2f2733'

2019-12-22 01:19:09 - [MESSAGE][PASSED] - Text ****** has been set on object 'Object Repository/Page_Mattermost/input_All team communication in one place s_2f2733'

2019-12-22 01:19:09 - [TEST_STEP][PASSED] - click(findTestObject("Object Repository/Page_Mattermost/button_Sign in")): Object: 'Object Repository/Page_Mattermost/button_Sign in' is clicked on

2019-12-22 01:19:09 - [MESSAGE][PASSED] - Object: 'Object Repository/Page_Mattermost/button_Sign in' is clicked on

2019-12-22 01:19:09 - [TEST_STEP][PASSED] - click(findTestObject("Object Repository/Page_Town Square - Hello Mattermost/span")): Object: 'Object Repository/Page_Town Square - Hello Mattermost/span' is clicked on

2019-12-22 01:19:13 - [MESSAGE][PASSED] - Object: 'Object Repository/Page_Town Square - Hello Mattermost/span' is clicked on

2019-12-22 01:19:13 - [TEST_STEP][PASSED] - click(findTestObject("Object Repository/Page_Town Square - Hello Mattermost/button_Logout")): Object: 'Object Repository/Page_Town Square - Hello Mattermost/button_Logout' is clicked on

2019-12-22 01:19:14 - [MESSAGE][PASSED] - Object: 'Object Repository/Page_Town Square - Hello Mattermost/button_Logout' is clicked on

2019-12-22 01:19:14 - [TEST_STEP][PASSED] - closeBrowser(): Browser is closed

2019-12-22 01:19:21 - [MESSAGE][PASSED] - Browser is closed]]></system-out>
         <system-err><![CDATA[]]></system-err>
      </testcase>
      <testcase name="Test Cases/TestCase03LoginWrongPass" time="22.199" classname="Test Cases/TestCase03LoginWrongPass" status="PASSED">
         <system-out><![CDATA[2019-12-22 01:19:21 - [TEST_CASE][PASSED] - Test Cases/TestCase03LoginWrongPass: Test Cases/TestCase03LoginWrongPass

2019-12-22 01:19:21 - [TEST_STEP][PASSED] - openBrowser(""): Browser is opened with url: ''

2019-12-22 01:19:21 - [MESSAGE][INFO] - Starting 'Firefox' driver

2019-12-22 01:19:27 - [MESSAGE][PASSED] - Browser is opened with url: ''

2019-12-22 01:19:27 - [TEST_STEP][PASSED] - navigateToUrl("https://cs300testautomatic.herokuapp.com/"): Navigate to 'https://cs300testautomatic.herokuapp.com/' successfully

2019-12-22 01:19:32 - [MESSAGE][PASSED] - Navigate to 'https://cs300testautomatic.herokuapp.com/' successfully

2019-12-22 01:19:32 - [TEST_STEP][PASSED] - setText(findTestObject("Page_Mattermost/input_All team communication in one place s_703ef5"), "giabeuu@gmail.com"): Text 'giabeuu@gmail.com' is set on object 'Object Repository/Page_Mattermost/input_All team communication in one place s_703ef5'

2019-12-22 01:19:36 - [MESSAGE][PASSED] - Text 'giabeuu@gmail.com' is set on object 'Object Repository/Page_Mattermost/input_All team communication in one place s_703ef5'

2019-12-22 01:19:36 - [TEST_STEP][PASSED] - setEncryptedText(findTestObject("Page_Mattermost/input_All team communication in one place s_2f2733"), "4nvbrPglk7k="): Text ****** has been set on object 'Object Repository/Page_Mattermost/input_All team communication in one place s_2f2733'

2019-12-22 01:19:37 - [MESSAGE][PASSED] - Text ****** has been set on object 'Object Repository/Page_Mattermost/input_All team communication in one place s_2f2733'

2019-12-22 01:19:37 - [TEST_STEP][PASSED] - click(findTestObject("Page_Mattermost/span_Sign in")): Object: 'Object Repository/Page_Mattermost/span_Sign in' is clicked on

2019-12-22 01:19:37 - [MESSAGE][PASSED] - Object: 'Object Repository/Page_Mattermost/span_Sign in' is clicked on

2019-12-22 01:19:37 - [TEST_STEP][PASSED] - click(findTestObject("Object Repository/Page_Mattermost/label_Enter a valid email or username andor_ef8acb")): Object: 'Object Repository/Page_Mattermost/label_Enter a valid email or username andor_ef8acb' is clicked on

2019-12-22 01:19:38 - [MESSAGE][PASSED] - Object: 'Object Repository/Page_Mattermost/label_Enter a valid email or username andor_ef8acb' is clicked on

2019-12-22 01:19:38 - [TEST_STEP][PASSED] - closeBrowser(): Browser is closed

2019-12-22 01:19:43 - [MESSAGE][PASSED] - Browser is closed]]></system-out>
         <system-err><![CDATA[]]></system-err>
      </testcase>
      <testcase name="Test Cases/TestCase04CreateNewTeam" time="29.217" classname="Test Cases/TestCase04CreateNewTeam" status="PASSED">
         <system-out><![CDATA[2019-12-22 01:19:43 - [TEST_CASE][PASSED] - Test Cases/TestCase04CreateNewTeam: Test Cases/TestCase04CreateNewTeam

2019-12-22 01:19:43 - [TEST_STEP][PASSED] - openBrowser(""): Browser is opened with url: ''

2019-12-22 01:19:43 - [MESSAGE][INFO] - Starting 'Firefox' driver

2019-12-22 01:19:49 - [MESSAGE][PASSED] - Browser is opened with url: ''

2019-12-22 01:19:49 - [TEST_STEP][PASSED] - navigateToUrl("https://cs300testautomatic.herokuapp.com/"): Navigate to 'https://cs300testautomatic.herokuapp.com/' successfully

2019-12-22 01:19:54 - [MESSAGE][PASSED] - Navigate to 'https://cs300testautomatic.herokuapp.com/' successfully

2019-12-22 01:19:54 - [TEST_STEP][PASSED] - setText(findTestObject("Page_Mattermost/input_All team communication in one place s_703ef5"), "giabeuu@gmail.com"): Text 'giabeuu@gmail.com' is set on object 'Object Repository/Page_Mattermost/input_All team communication in one place s_703ef5'

2019-12-22 01:19:58 - [MESSAGE][PASSED] - Text 'giabeuu@gmail.com' is set on object 'Object Repository/Page_Mattermost/input_All team communication in one place s_703ef5'

2019-12-22 01:19:58 - [TEST_STEP][PASSED] - setEncryptedText(findTestObject("Page_Mattermost/input_All team communication in one place s_2f2733"), "GoUae4B8Jrc="): Text ****** has been set on object 'Object Repository/Page_Mattermost/input_All team communication in one place s_2f2733'

2019-12-22 01:19:59 - [MESSAGE][PASSED] - Text ****** has been set on object 'Object Repository/Page_Mattermost/input_All team communication in one place s_2f2733'

2019-12-22 01:19:59 - [TEST_STEP][PASSED] - click(findTestObject("Page_Mattermost/span_Sign in")): Object: 'Object Repository/Page_Mattermost/span_Sign in' is clicked on

2019-12-22 01:19:59 - [MESSAGE][PASSED] - Object: 'Object Repository/Page_Mattermost/span_Sign in' is clicked on

2019-12-22 01:19:59 - [TEST_STEP][PASSED] - click(findTestObject("Page_ Town Square - FirstTeam Mattermost/button_giabeuu_style--none sidebar-header-d_0f4080")): Object: 'Object Repository/Page_ Town Square - FirstTeam Mattermost/button_giabeuu_style--none sidebar-header-d_0f4080' is clicked on

2019-12-22 01:20:04 - [MESSAGE][PASSED] - Object: 'Object Repository/Page_ Town Square - FirstTeam Mattermost/button_giabeuu_style--none sidebar-header-d_0f4080' is clicked on

2019-12-22 01:20:04 - [TEST_STEP][PASSED] - click(findTestObject("Page_ Town Square - FirstTeam Mattermost/a_Create a New Team")): Object: 'Object Repository/Page_ Town Square - FirstTeam Mattermost/a_Create a New Team' is clicked on

2019-12-22 01:20:05 - [MESSAGE][PASSED] - Object: 'Object Repository/Page_ Town Square - FirstTeam Mattermost/a_Create a New Team' is clicked on

2019-12-22 01:20:05 - [TEST_STEP][PASSED] - setText(findTestObject("Page_ Town Square - FirstTeam Mattermost/input_Team Name_teamNameInput"), "MyTeam1"): Text 'MyTeam1' is set on object 'Object Repository/Page_ Town Square - FirstTeam Mattermost/input_Team Name_teamNameInput'

2019-12-22 01:20:06 - [MESSAGE][PASSED] - Text 'MyTeam1' is set on object 'Object Repository/Page_ Town Square - FirstTeam Mattermost/input_Team Name_teamNameInput'

2019-12-22 01:20:06 - [TEST_STEP][PASSED] - sendKeys(findTestObject("Page_ Town Square - FirstTeam Mattermost/input_Team Name_teamNameInput"), Keys.chord(ENTER)): Keys 'ENTER + ' sent to object: 'Object Repository/Page_ Town Square - FirstTeam Mattermost/input_Team Name_teamNameInput'

2019-12-22 01:20:06 - [MESSAGE][PASSED] - Keys 'ENTER + ' sent to object: 'Object Repository/Page_ Town Square - FirstTeam Mattermost/input_Team Name_teamNameInput'

2019-12-22 01:20:06 - [TEST_STEP][PASSED] - click(findTestObject("Object Repository/Page_ Town Square - FirstTeam Mattermost/button_Finish")): Object: 'Object Repository/Page_ Town Square - FirstTeam Mattermost/button_Finish' is clicked on

2019-12-22 01:20:07 - [MESSAGE][PASSED] - Object: 'Object Repository/Page_ Town Square - FirstTeam Mattermost/button_Finish' is clicked on

2019-12-22 01:20:07 - [TEST_STEP][PASSED] - closeBrowser(): Browser is closed

2019-12-22 01:20:12 - [MESSAGE][PASSED] - Browser is closed]]></system-out>
         <system-err><![CDATA[]]></system-err>
      </testcase>
      <testcase name="Test Cases/TestCase05ChatSomeThingOnMainChannel" time="41.966" classname="Test Cases/TestCase05ChatSomeThingOnMainChannel" status="PASSED">
         <system-out><![CDATA[2019-12-22 01:20:12 - [TEST_CASE][PASSED] - Test Cases/TestCase05ChatSomeThingOnMainChannel: Test Cases/TestCase05ChatSomeThingOnMainChannel

2019-12-22 01:20:12 - [TEST_STEP][PASSED] - callTestCase(findTestCase("TestCase01LoginSuccessfully"), [:], STOP_ON_FAILURE): Call Test Case 'Test Cases/TestCase01LoginSuccessfully' successfully

2019-12-22 01:20:12 - [TEST_CASE][PASSED] - Test Cases/TestCase01LoginSuccessfully: Test Cases/TestCase01LoginSuccessfully

2019-12-22 01:20:12 - [TEST_STEP][PASSED] - openBrowser(""): Browser is opened with url: ''

2019-12-22 01:20:12 - [MESSAGE][INFO] - Starting 'Firefox' driver

2019-12-22 01:20:20 - [MESSAGE][PASSED] - Browser is opened with url: ''

2019-12-22 01:20:20 - [TEST_STEP][PASSED] - navigateToUrl("https://cs300testautomatic.herokuapp.com/"): Navigate to 'https://cs300testautomatic.herokuapp.com/' successfully

2019-12-22 01:20:23 - [MESSAGE][PASSED] - Navigate to 'https://cs300testautomatic.herokuapp.com/' successfully

2019-12-22 01:20:23 - [TEST_STEP][PASSED] - setText(findTestObject("Page_Mattermost/input_All team communication in one place s_703ef5"), "giabeuu@gmail.com"): Text 'giabeuu@gmail.com' is set on object 'Object Repository/Page_Mattermost/input_All team communication in one place s_703ef5'

2019-12-22 01:20:31 - [MESSAGE][PASSED] - Text 'giabeuu@gmail.com' is set on object 'Object Repository/Page_Mattermost/input_All team communication in one place s_703ef5'

2019-12-22 01:20:31 - [TEST_STEP][PASSED] - setEncryptedText(findTestObject("Page_Mattermost/input_All team communication in one place s_2f2733"), "GoUae4B8Jrc="): Text ****** has been set on object 'Object Repository/Page_Mattermost/input_All team communication in one place s_2f2733'

2019-12-22 01:20:32 - [MESSAGE][PASSED] - Text ****** has been set on object 'Object Repository/Page_Mattermost/input_All team communication in one place s_2f2733'

2019-12-22 01:20:32 - [TEST_STEP][PASSED] - click(findTestObject("Page_Mattermost/span_Sign in")): Object: 'Object Repository/Page_Mattermost/span_Sign in' is clicked on

2019-12-22 01:20:32 - [MESSAGE][PASSED] - Object: 'Object Repository/Page_Mattermost/span_Sign in' is clicked on

2019-12-22 01:20:32 - [MESSAGE][PASSED] - Call Test Case 'Test Cases/TestCase01LoginSuccessfully' successfully

2019-12-22 01:20:32 - [TEST_STEP][PASSED] - setText(findTestObject("Object Repository/Page_Town Square - FirstTeam Mattermost/textarea_Write to Town Square_post_textbox"), "I"): Text 'I' is set on object 'Object Repository/Page_Town Square - FirstTeam Mattermost/textarea_Write to Town Square_post_textbox'

2019-12-22 01:20:36 - [MESSAGE][PASSED] - Text 'I' is set on object 'Object Repository/Page_Town Square - FirstTeam Mattermost/textarea_Write to Town Square_post_textbox'

2019-12-22 01:20:36 - [TEST_STEP][PASSED] - setText(findTestObject("Object Repository/Page_Town Square - FirstTeam Mattermost/textarea_I"), "I "): Text 'I ' is set on object 'Object Repository/Page_Town Square - FirstTeam Mattermost/textarea_I'

2019-12-22 01:20:37 - [MESSAGE][PASSED] - Text 'I ' is set on object 'Object Repository/Page_Town Square - FirstTeam Mattermost/textarea_I'

2019-12-22 01:20:37 - [TEST_STEP][PASSED] - setText(findTestObject("Object Repository/Page_Town Square - FirstTeam Mattermost/textarea_I_1"), "I c"): Text 'I c' is set on object 'Object Repository/Page_Town Square - FirstTeam Mattermost/textarea_I_1'

2019-12-22 01:20:37 - [MESSAGE][PASSED] - Text 'I c' is set on object 'Object Repository/Page_Town Square - FirstTeam Mattermost/textarea_I_1'

2019-12-22 01:20:37 - [TEST_STEP][PASSED] - setText(findTestObject("Object Repository/Page_Town Square - FirstTeam Mattermost/textarea_I c"), "I ch"): Text 'I ch' is set on object 'Object Repository/Page_Town Square - FirstTeam Mattermost/textarea_I c'

2019-12-22 01:20:38 - [MESSAGE][PASSED] - Text 'I ch' is set on object 'Object Repository/Page_Town Square - FirstTeam Mattermost/textarea_I c'

2019-12-22 01:20:38 - [TEST_STEP][PASSED] - setText(findTestObject("Object Repository/Page_Town Square - FirstTeam Mattermost/textarea_I ch"), "I cha"): Text 'I cha' is set on object 'Object Repository/Page_Town Square - FirstTeam Mattermost/textarea_I ch'

2019-12-22 01:20:39 - [MESSAGE][PASSED] - Text 'I cha' is set on object 'Object Repository/Page_Town Square - FirstTeam Mattermost/textarea_I ch'

2019-12-22 01:20:39 - [TEST_STEP][PASSED] - setText(findTestObject("Object Repository/Page_Town Square - FirstTeam Mattermost/textarea_I cha"), "I chat"): Text 'I chat' is set on object 'Object Repository/Page_Town Square - FirstTeam Mattermost/textarea_I cha'

2019-12-22 01:20:39 - [MESSAGE][PASSED] - Text 'I chat' is set on object 'Object Repository/Page_Town Square - FirstTeam Mattermost/textarea_I cha'

2019-12-22 01:20:39 - [TEST_STEP][PASSED] - setText(findTestObject("Object Repository/Page_Town Square - FirstTeam Mattermost/textarea_I chat"), "I chat "): Text 'I chat ' is set on object 'Object Repository/Page_Town Square - FirstTeam Mattermost/textarea_I chat'

2019-12-22 01:20:40 - [MESSAGE][PASSED] - Text 'I chat ' is set on object 'Object Repository/Page_Town Square - FirstTeam Mattermost/textarea_I chat'

2019-12-22 01:20:40 - [TEST_STEP][PASSED] - setText(findTestObject("Object Repository/Page_Town Square - FirstTeam Mattermost/textarea_I chat_1"), "I chat s"): Text 'I chat s' is set on object 'Object Repository/Page_Town Square - FirstTeam Mattermost/textarea_I chat_1'

2019-12-22 01:20:40 - [MESSAGE][PASSED] - Text 'I chat s' is set on object 'Object Repository/Page_Town Square - FirstTeam Mattermost/textarea_I chat_1'

2019-12-22 01:20:40 - [TEST_STEP][PASSED] - setText(findTestObject("Object Repository/Page_Town Square - FirstTeam Mattermost/textarea_I chat s"), "I chat so"): Text 'I chat so' is set on object 'Object Repository/Page_Town Square - FirstTeam Mattermost/textarea_I chat s'

2019-12-22 01:20:41 - [MESSAGE][PASSED] - Text 'I chat so' is set on object 'Object Repository/Page_Town Square - FirstTeam Mattermost/textarea_I chat s'

2019-12-22 01:20:41 - [TEST_STEP][PASSED] - setText(findTestObject("Object Repository/Page_Town Square - FirstTeam Mattermost/textarea_I chat so"), "I chat som"): Text 'I chat som' is set on object 'Object Repository/Page_Town Square - FirstTeam Mattermost/textarea_I chat so'

2019-12-22 01:20:42 - [MESSAGE][PASSED] - Text 'I chat som' is set on object 'Object Repository/Page_Town Square - FirstTeam Mattermost/textarea_I chat so'

2019-12-22 01:20:42 - [TEST_STEP][PASSED] - setText(findTestObject("Object Repository/Page_Town Square - FirstTeam Mattermost/textarea_I chat som"), "I chat some"): Text 'I chat some' is set on object 'Object Repository/Page_Town Square - FirstTeam Mattermost/textarea_I chat som'

2019-12-22 01:20:42 - [MESSAGE][PASSED] - Text 'I chat some' is set on object 'Object Repository/Page_Town Square - FirstTeam Mattermost/textarea_I chat som'

2019-12-22 01:20:42 - [TEST_STEP][PASSED] - setText(findTestObject("Object Repository/Page_Town Square - FirstTeam Mattermost/textarea_I chat some"), "I chat somet"): Text 'I chat somet' is set on object 'Object Repository/Page_Town Square - FirstTeam Mattermost/textarea_I chat some'

2019-12-22 01:20:43 - [MESSAGE][PASSED] - Text 'I chat somet' is set on object 'Object Repository/Page_Town Square - FirstTeam Mattermost/textarea_I chat some'

2019-12-22 01:20:43 - [TEST_STEP][PASSED] - setText(findTestObject("Object Repository/Page_Town Square - FirstTeam Mattermost/textarea_I chat somet"), "I chat someth"): Text 'I chat someth' is set on object 'Object Repository/Page_Town Square - FirstTeam Mattermost/textarea_I chat somet'

2019-12-22 01:20:43 - [MESSAGE][PASSED] - Text 'I chat someth' is set on object 'Object Repository/Page_Town Square - FirstTeam Mattermost/textarea_I chat somet'

2019-12-22 01:20:43 - [TEST_STEP][PASSED] - setText(findTestObject("Object Repository/Page_Town Square - FirstTeam Mattermost/textarea_I chat someth"), "I chat somethi"): Text 'I chat somethi' is set on object 'Object Repository/Page_Town Square - FirstTeam Mattermost/textarea_I chat someth'

2019-12-22 01:20:44 - [MESSAGE][PASSED] - Text 'I chat somethi' is set on object 'Object Repository/Page_Town Square - FirstTeam Mattermost/textarea_I chat someth'

2019-12-22 01:20:44 - [TEST_STEP][PASSED] - setText(findTestObject("Object Repository/Page_Town Square - FirstTeam Mattermost/textarea_I chat somethi"), "I chat somethin"): Text 'I chat somethin' is set on object 'Object Repository/Page_Town Square - FirstTeam Mattermost/textarea_I chat somethi'

2019-12-22 01:20:45 - [MESSAGE][PASSED] - Text 'I chat somethin' is set on object 'Object Repository/Page_Town Square - FirstTeam Mattermost/textarea_I chat somethi'

2019-12-22 01:20:45 - [TEST_STEP][PASSED] - setText(findTestObject("Object Repository/Page_Town Square - FirstTeam Mattermost/textarea_I chat somethin"), "I chat something"): Text 'I chat something' is set on object 'Object Repository/Page_Town Square - FirstTeam Mattermost/textarea_I chat somethin'

2019-12-22 01:20:45 - [MESSAGE][PASSED] - Text 'I chat something' is set on object 'Object Repository/Page_Town Square - FirstTeam Mattermost/textarea_I chat somethin'

2019-12-22 01:20:45 - [TEST_STEP][PASSED] - closeBrowser(): Browser is closed

2019-12-22 01:20:54 - [MESSAGE][PASSED] - Browser is closed]]></system-out>
         <system-err><![CDATA[]]></system-err>
      </testcase>
      <testcase name="Test Cases/TestCase06CreateDirectMessage" time="30.887" classname="Test Cases/TestCase06CreateDirectMessage" status="PASSED">
         <system-out><![CDATA[2019-12-22 01:20:54 - [TEST_CASE][PASSED] - Test Cases/TestCase06CreateDirectMessage: Test Cases/TestCase06CreateDirectMessage

2019-12-22 01:20:54 - [TEST_STEP][PASSED] - openBrowser(""): Browser is opened with url: ''

2019-12-22 01:20:54 - [MESSAGE][INFO] - Starting 'Firefox' driver

2019-12-22 01:21:01 - [MESSAGE][PASSED] - Browser is opened with url: ''

2019-12-22 01:21:01 - [TEST_STEP][PASSED] - navigateToUrl("https://cs300testautomatic.herokuapp.com/"): Navigate to 'https://cs300testautomatic.herokuapp.com/' successfully

2019-12-22 01:21:05 - [MESSAGE][PASSED] - Navigate to 'https://cs300testautomatic.herokuapp.com/' successfully

2019-12-22 01:21:05 - [TEST_STEP][PASSED] - setText(findTestObject("Page_Mattermost/input_All team communication in one place s_703ef5 (35)"), "dhieu@apcs.vn"): Text 'dhieu@apcs.vn' is set on object 'Object Repository/Page_Mattermost/input_All team communication in one place s_703ef5 (35)'

2019-12-22 01:21:10 - [MESSAGE][PASSED] - Text 'dhieu@apcs.vn' is set on object 'Object Repository/Page_Mattermost/input_All team communication in one place s_703ef5 (35)'

2019-12-22 01:21:10 - [TEST_STEP][PASSED] - setEncryptedText(findTestObject("Page_Mattermost/input_All team communication in one place s_2f2733 (35)"), "iGDxf8hSRT4="): Text ****** has been set on object 'Object Repository/Page_Mattermost/input_All team communication in one place s_2f2733 (35)'

2019-12-22 01:21:10 - [MESSAGE][PASSED] - Text ****** has been set on object 'Object Repository/Page_Mattermost/input_All team communication in one place s_2f2733 (35)'

2019-12-22 01:21:10 - [TEST_STEP][PASSED] - click(findTestObject("Page_Mattermost/span_Sign in (7)")): Object: 'Object Repository/Page_Mattermost/span_Sign in (7)' is clicked on

2019-12-22 01:21:11 - [MESSAGE][PASSED] - Object: 'Object Repository/Page_Mattermost/span_Sign in (7)' is clicked on

2019-12-22 01:21:11 - [TEST_STEP][PASSED] - click(findTestObject("Page_Town Square - FirstTeam Mattermost/span_ (3)")): Object: 'Object Repository/Page_Town Square - FirstTeam Mattermost/span_ (3)' is clicked on

2019-12-22 01:21:16 - [MESSAGE][PASSED] - Object: 'Object Repository/Page_Town Square - FirstTeam Mattermost/span_ (3)' is clicked on

2019-12-22 01:21:16 - [TEST_STEP][PASSED] - click(findTestObject("Object Repository/Page_Town Square - FirstTeam Mattermost/div_pbduyapcsvn_more-modal__actions--round")): Object: 'Object Repository/Page_Town Square - FirstTeam Mattermost/div_pbduyapcsvn_more-modal__actions--round' is clicked on

2019-12-22 01:21:17 - [MESSAGE][PASSED] - Object: 'Object Repository/Page_Town Square - FirstTeam Mattermost/div_pbduyapcsvn_more-modal__actions--round' is clicked on

2019-12-22 01:21:17 - [TEST_STEP][PASSED] - click(findTestObject("Page_Town Square - FirstTeam Mattermost/button_Go (1)")): Object: 'Object Repository/Page_Town Square - FirstTeam Mattermost/button_Go (1)' is clicked on

2019-12-22 01:21:18 - [MESSAGE][PASSED] - Object: 'Object Repository/Page_Town Square - FirstTeam Mattermost/button_Go (1)' is clicked on

2019-12-22 01:21:18 - [TEST_STEP][PASSED] - closeBrowser(): Browser is closed

2019-12-22 01:21:25 - [MESSAGE][PASSED] - Browser is closed]]></system-out>
         <system-err><![CDATA[]]></system-err>
      </testcase>
      <testcase name="Test Cases/TestCase07ChatSomeThingOnDirectMessage" time="37.794" classname="Test Cases/TestCase07ChatSomeThingOnDirectMessage" status="PASSED">
         <system-out><![CDATA[2019-12-22 01:21:25 - [TEST_CASE][PASSED] - Test Cases/TestCase07ChatSomeThingOnDirectMessage: Test Cases/TestCase07ChatSomeThingOnDirectMessage

2019-12-22 01:21:25 - [TEST_STEP][PASSED] - openBrowser(""): Browser is opened with url: ''

2019-12-22 01:21:25 - [MESSAGE][INFO] - Starting 'Firefox' driver

2019-12-22 01:21:32 - [MESSAGE][PASSED] - Browser is opened with url: ''

2019-12-22 01:21:32 - [TEST_STEP][PASSED] - navigateToUrl("https://cs300testautomatic.herokuapp.com/"): Navigate to 'https://cs300testautomatic.herokuapp.com/' successfully

2019-12-22 01:21:36 - [MESSAGE][PASSED] - Navigate to 'https://cs300testautomatic.herokuapp.com/' successfully

2019-12-22 01:21:36 - [TEST_STEP][PASSED] - setText(findTestObject("Page_Mattermost/input_All team communication in one place s_703ef5"), "dhieu@apcs.vn"): Text 'dhieu@apcs.vn' is set on object 'Object Repository/Page_Mattermost/input_All team communication in one place s_703ef5'

2019-12-22 01:21:41 - [MESSAGE][PASSED] - Text 'dhieu@apcs.vn' is set on object 'Object Repository/Page_Mattermost/input_All team communication in one place s_703ef5'

2019-12-22 01:21:41 - [TEST_STEP][PASSED] - setEncryptedText(findTestObject("Page_Mattermost/input_All team communication in one place s_2f2733"), "iGDxf8hSRT4="): Text ****** has been set on object 'Object Repository/Page_Mattermost/input_All team communication in one place s_2f2733'

2019-12-22 01:21:41 - [MESSAGE][PASSED] - Text ****** has been set on object 'Object Repository/Page_Mattermost/input_All team communication in one place s_2f2733'

2019-12-22 01:21:41 - [TEST_STEP][PASSED] - sendKeys(findTestObject("Page_Mattermost/input_All team communication in one place s_2f2733"), Keys.chord(ENTER)): Keys 'ENTER + ' sent to object: 'Object Repository/Page_Mattermost/input_All team communication in one place s_2f2733'

2019-12-22 01:21:42 - [MESSAGE][PASSED] - Keys 'ENTER + ' sent to object: 'Object Repository/Page_Mattermost/input_All team communication in one place s_2f2733'

2019-12-22 01:21:42 - [TEST_STEP][PASSED] - click(findTestObject("Object Repository/Page_Town Square - FirstTeam Mattermost/span_duy")): Object: 'Object Repository/Page_Town Square - FirstTeam Mattermost/span_duy' is clicked on

2019-12-22 01:21:46 - [MESSAGE][PASSED] - Object: 'Object Repository/Page_Town Square - FirstTeam Mattermost/span_duy' is clicked on

2019-12-22 01:21:46 - [TEST_STEP][PASSED] - setText(findTestObject("Object Repository/Page_duy - FirstTeam Mattermost/textarea_Write to duy_post_textbox"), "C"): Text 'C' is set on object 'Object Repository/Page_duy - FirstTeam Mattermost/textarea_Write to duy_post_textbox'

2019-12-22 01:21:47 - [MESSAGE][PASSED] - Text 'C' is set on object 'Object Repository/Page_duy - FirstTeam Mattermost/textarea_Write to duy_post_textbox'

2019-12-22 01:21:47 - [TEST_STEP][PASSED] - setText(findTestObject("Object Repository/Page_duy - FirstTeam Mattermost/textarea_C"), "Ch"): Text 'Ch' is set on object 'Object Repository/Page_duy - FirstTeam Mattermost/textarea_C'

2019-12-22 01:21:48 - [MESSAGE][PASSED] - Text 'Ch' is set on object 'Object Repository/Page_duy - FirstTeam Mattermost/textarea_C'

2019-12-22 01:21:48 - [TEST_STEP][PASSED] - setText(findTestObject("Object Repository/Page_duy - FirstTeam Mattermost/textarea_Ch"), "Cha"): Text 'Cha' is set on object 'Object Repository/Page_duy - FirstTeam Mattermost/textarea_Ch'

2019-12-22 01:21:48 - [MESSAGE][PASSED] - Text 'Cha' is set on object 'Object Repository/Page_duy - FirstTeam Mattermost/textarea_Ch'

2019-12-22 01:21:48 - [TEST_STEP][PASSED] - setText(findTestObject("Object Repository/Page_duy - FirstTeam Mattermost/textarea_Cha"), "Chat"): Text 'Chat' is set on object 'Object Repository/Page_duy - FirstTeam Mattermost/textarea_Cha'

2019-12-22 01:21:49 - [MESSAGE][PASSED] - Text 'Chat' is set on object 'Object Repository/Page_duy - FirstTeam Mattermost/textarea_Cha'

2019-12-22 01:21:49 - [TEST_STEP][PASSED] - setText(findTestObject("Object Repository/Page_duy - FirstTeam Mattermost/textarea_Chat"), "Chat "): Text 'Chat ' is set on object 'Object Repository/Page_duy - FirstTeam Mattermost/textarea_Chat'

2019-12-22 01:21:49 - [MESSAGE][PASSED] - Text 'Chat ' is set on object 'Object Repository/Page_duy - FirstTeam Mattermost/textarea_Chat'

2019-12-22 01:21:49 - [TEST_STEP][PASSED] - setText(findTestObject("Object Repository/Page_duy - FirstTeam Mattermost/textarea_Chat_1"), "Chat s"): Text 'Chat s' is set on object 'Object Repository/Page_duy - FirstTeam Mattermost/textarea_Chat_1'

2019-12-22 01:21:50 - [MESSAGE][PASSED] - Text 'Chat s' is set on object 'Object Repository/Page_duy - FirstTeam Mattermost/textarea_Chat_1'

2019-12-22 01:21:50 - [TEST_STEP][PASSED] - setText(findTestObject("Object Repository/Page_duy - FirstTeam Mattermost/textarea_Chat s"), "Chat so"): Text 'Chat so' is set on object 'Object Repository/Page_duy - FirstTeam Mattermost/textarea_Chat s'

2019-12-22 01:21:51 - [MESSAGE][PASSED] - Text 'Chat so' is set on object 'Object Repository/Page_duy - FirstTeam Mattermost/textarea_Chat s'

2019-12-22 01:21:51 - [TEST_STEP][PASSED] - setText(findTestObject("Object Repository/Page_duy - FirstTeam Mattermost/textarea_Chat so"), "Chat som"): Text 'Chat som' is set on object 'Object Repository/Page_duy - FirstTeam Mattermost/textarea_Chat so'

2019-12-22 01:21:51 - [MESSAGE][PASSED] - Text 'Chat som' is set on object 'Object Repository/Page_duy - FirstTeam Mattermost/textarea_Chat so'

2019-12-22 01:21:51 - [TEST_STEP][PASSED] - setText(findTestObject("Object Repository/Page_duy - FirstTeam Mattermost/textarea_Chat som"), "Chat some"): Text 'Chat some' is set on object 'Object Repository/Page_duy - FirstTeam Mattermost/textarea_Chat som'

2019-12-22 01:21:52 - [MESSAGE][PASSED] - Text 'Chat some' is set on object 'Object Repository/Page_duy - FirstTeam Mattermost/textarea_Chat som'

2019-12-22 01:21:52 - [TEST_STEP][PASSED] - setText(findTestObject("Object Repository/Page_duy - FirstTeam Mattermost/textarea_Chat some"), "Chat some "): Text 'Chat some ' is set on object 'Object Repository/Page_duy - FirstTeam Mattermost/textarea_Chat some'

2019-12-22 01:21:52 - [MESSAGE][PASSED] - Text 'Chat some ' is set on object 'Object Repository/Page_duy - FirstTeam Mattermost/textarea_Chat some'

2019-12-22 01:21:52 - [TEST_STEP][PASSED] - setText(findTestObject("Object Repository/Page_duy - FirstTeam Mattermost/textarea_Chat some_1"), "Chat some  "): Text 'Chat some  ' is set on object 'Object Repository/Page_duy - FirstTeam Mattermost/textarea_Chat some_1'

2019-12-22 01:21:53 - [MESSAGE][PASSED] - Text 'Chat some  ' is set on object 'Object Repository/Page_duy - FirstTeam Mattermost/textarea_Chat some_1'

2019-12-22 01:21:53 - [TEST_STEP][PASSED] - setText(findTestObject("Object Repository/Page_duy - FirstTeam Mattermost/textarea_Chat some (1)"), "Chat some "): Text 'Chat some ' is set on object 'Object Repository/Page_duy - FirstTeam Mattermost/textarea_Chat some (1)'

2019-12-22 01:21:54 - [MESSAGE][PASSED] - Text 'Chat some ' is set on object 'Object Repository/Page_duy - FirstTeam Mattermost/textarea_Chat some (1)'

2019-12-22 01:21:54 - [TEST_STEP][PASSED] - setText(findTestObject("Object Repository/Page_duy - FirstTeam Mattermost/textarea_Chat some_1"), "Chat some"): Text 'Chat some' is set on object 'Object Repository/Page_duy - FirstTeam Mattermost/textarea_Chat some_1'

2019-12-22 01:21:54 - [MESSAGE][PASSED] - Text 'Chat some' is set on object 'Object Repository/Page_duy - FirstTeam Mattermost/textarea_Chat some_1'

2019-12-22 01:21:54 - [TEST_STEP][PASSED] - setText(findTestObject("Object Repository/Page_duy - FirstTeam Mattermost/textarea_Chat some"), "Chat somet"): Text 'Chat somet' is set on object 'Object Repository/Page_duy - FirstTeam Mattermost/textarea_Chat some'

2019-12-22 01:21:55 - [MESSAGE][PASSED] - Text 'Chat somet' is set on object 'Object Repository/Page_duy - FirstTeam Mattermost/textarea_Chat some'

2019-12-22 01:21:55 - [TEST_STEP][PASSED] - setText(findTestObject("Object Repository/Page_duy - FirstTeam Mattermost/textarea_Chat somet"), "Chat someth"): Text 'Chat someth' is set on object 'Object Repository/Page_duy - FirstTeam Mattermost/textarea_Chat somet'

2019-12-22 01:21:55 - [MESSAGE][PASSED] - Text 'Chat someth' is set on object 'Object Repository/Page_duy - FirstTeam Mattermost/textarea_Chat somet'

2019-12-22 01:21:55 - [TEST_STEP][PASSED] - setText(findTestObject("Object Repository/Page_duy - FirstTeam Mattermost/textarea_Chat someth"), "Chat somethi"): Text 'Chat somethi' is set on object 'Object Repository/Page_duy - FirstTeam Mattermost/textarea_Chat someth'

2019-12-22 01:21:56 - [MESSAGE][PASSED] - Text 'Chat somethi' is set on object 'Object Repository/Page_duy - FirstTeam Mattermost/textarea_Chat someth'

2019-12-22 01:21:56 - [TEST_STEP][PASSED] - setText(findTestObject("Object Repository/Page_duy - FirstTeam Mattermost/textarea_Chat somethi"), "Chat somethin"): Text 'Chat somethin' is set on object 'Object Repository/Page_duy - FirstTeam Mattermost/textarea_Chat somethi'

2019-12-22 01:21:56 - [MESSAGE][PASSED] - Text 'Chat somethin' is set on object 'Object Repository/Page_duy - FirstTeam Mattermost/textarea_Chat somethi'

2019-12-22 01:21:56 - [TEST_STEP][PASSED] - setText(findTestObject("Object Repository/Page_duy - FirstTeam Mattermost/textarea_Chat somethin"), "Chat something"): Text 'Chat something' is set on object 'Object Repository/Page_duy - FirstTeam Mattermost/textarea_Chat somethin'

2019-12-22 01:21:57 - [MESSAGE][PASSED] - Text 'Chat something' is set on object 'Object Repository/Page_duy - FirstTeam Mattermost/textarea_Chat somethin'

2019-12-22 01:21:57 - [TEST_STEP][PASSED] - closeBrowser(): Browser is closed

2019-12-22 01:22:03 - [MESSAGE][PASSED] - Browser is closed]]></system-out>
         <system-err><![CDATA[]]></system-err>
      </testcase>
      <testcase name="Test Cases/TestCase08TeamSettingsAddMembersToTeam" time="27.666" classname="Test Cases/TestCase08TeamSettingsAddMembersToTeam" status="PASSED">
         <system-out><![CDATA[2019-12-22 01:22:03 - [TEST_CASE][PASSED] - Test Cases/TestCase08TeamSettingsAddMembersToTeam: Test Cases/TestCase08TeamSettingsAddMembersToTeam

2019-12-22 01:22:03 - [TEST_STEP][PASSED] - openBrowser(""): Browser is opened with url: ''

2019-12-22 01:22:03 - [MESSAGE][INFO] - Starting 'Firefox' driver

2019-12-22 01:22:09 - [MESSAGE][PASSED] - Browser is opened with url: ''

2019-12-22 01:22:09 - [TEST_STEP][PASSED] - navigateToUrl("https://cs300testautomatic.herokuapp.com/"): Navigate to 'https://cs300testautomatic.herokuapp.com/' successfully

2019-12-22 01:22:13 - [MESSAGE][PASSED] - Navigate to 'https://cs300testautomatic.herokuapp.com/' successfully

2019-12-22 01:22:13 - [TEST_STEP][PASSED] - setText(findTestObject("Page_Mattermost/input_All team communication in one place s_703ef5 (6)"), "giabeuu@gmail.com"): Text 'giabeuu@gmail.com' is set on object 'Object Repository/Page_Mattermost/input_All team communication in one place s_703ef5 (6)'

2019-12-22 01:22:17 - [MESSAGE][PASSED] - Text 'giabeuu@gmail.com' is set on object 'Object Repository/Page_Mattermost/input_All team communication in one place s_703ef5 (6)'

2019-12-22 01:22:17 - [TEST_STEP][PASSED] - setEncryptedText(findTestObject("Page_Mattermost/input_All team communication in one place s_2f2733 (6)"), "GoUae4B8Jrc="): Text ****** has been set on object 'Object Repository/Page_Mattermost/input_All team communication in one place s_2f2733 (6)'

2019-12-22 01:22:18 - [MESSAGE][PASSED] - Text ****** has been set on object 'Object Repository/Page_Mattermost/input_All team communication in one place s_2f2733 (6)'

2019-12-22 01:22:18 - [TEST_STEP][PASSED] - click(findTestObject("Page_Mattermost/span_Sign in (4)")): Object: 'Object Repository/Page_Mattermost/span_Sign in (4)' is clicked on

2019-12-22 01:22:19 - [MESSAGE][PASSED] - Object: 'Object Repository/Page_Mattermost/span_Sign in (4)' is clicked on

2019-12-22 01:22:19 - [TEST_STEP][PASSED] - click(findTestObject("Page_(1)  Town Square - FirstTeam Mattermost/button_giabeuu_style--none sidebar-header-d_0f4080 (1)")): Object: 'Object Repository/Page_(1)  Town Square - FirstTeam Mattermost/button_giabeuu_style--none sidebar-header-d_0f4080 (1)' is clicked on

2019-12-22 01:22:22 - [MESSAGE][PASSED] - Object: 'Object Repository/Page_(1)  Town Square - FirstTeam Mattermost/button_giabeuu_style--none sidebar-header-d_0f4080 (1)' is clicked on

2019-12-22 01:22:22 - [TEST_STEP][PASSED] - click(findTestObject("Object Repository/Page_(1)  Town Square - FirstTeam Mattermost/button_Add Members to Team")): Object: 'Object Repository/Page_(1)  Town Square - FirstTeam Mattermost/button_Add Members to Team' is clicked on

2019-12-22 01:22:23 - [MESSAGE][PASSED] - Object: 'Object Repository/Page_(1)  Town Square - FirstTeam Mattermost/button_Add Members to Team' is clicked on

2019-12-22 01:22:23 - [TEST_STEP][PASSED] - click(findTestObject("Object Repository/Page_(1)  Town Square - FirstTeam Mattermost/div_duy - Pham Duy (Due)")): Object: 'Object Repository/Page_(1)  Town Square - FirstTeam Mattermost/div_duy - Pham Duy (Due)' is clicked on

2019-12-22 01:22:24 - [MESSAGE][PASSED] - Object: 'Object Repository/Page_(1)  Town Square - FirstTeam Mattermost/div_duy - Pham Duy (Due)' is clicked on

2019-12-22 01:22:24 - [TEST_STEP][PASSED] - click(findTestObject("Object Repository/Page_(1)  Town Square - FirstTeam Mattermost/button_Add")): Object: 'Object Repository/Page_(1)  Town Square - FirstTeam Mattermost/button_Add' is clicked on

2019-12-22 01:22:25 - [MESSAGE][PASSED] - Object: 'Object Repository/Page_(1)  Town Square - FirstTeam Mattermost/button_Add' is clicked on

2019-12-22 01:22:25 - [TEST_STEP][PASSED] - closeBrowser(): Browser is closed

2019-12-22 01:22:30 - [MESSAGE][PASSED] - Browser is closed]]></system-out>
         <system-err><![CDATA[]]></system-err>
      </testcase>
      <testcase name="Test Cases/TestCase09TeamSettingsRemoveMembersFromTeam" time="33.429" classname="Test Cases/TestCase09TeamSettingsRemoveMembersFromTeam" status="PASSED">
         <system-out><![CDATA[2019-12-22 01:22:30 - [TEST_CASE][PASSED] - Test Cases/TestCase09TeamSettingsRemoveMembersFromTeam: Test Cases/TestCase09TeamSettingsRemoveMembersFromTeam

2019-12-22 01:22:30 - [TEST_STEP][PASSED] - openBrowser(""): Browser is opened with url: ''

2019-12-22 01:22:30 - [MESSAGE][INFO] - Starting 'Firefox' driver

2019-12-22 01:22:38 - [MESSAGE][PASSED] - Browser is opened with url: ''

2019-12-22 01:22:38 - [TEST_STEP][PASSED] - navigateToUrl("https://cs300testautomatic.herokuapp.com/"): Navigate to 'https://cs300testautomatic.herokuapp.com/' successfully

2019-12-22 01:22:42 - [MESSAGE][PASSED] - Navigate to 'https://cs300testautomatic.herokuapp.com/' successfully

2019-12-22 01:22:42 - [TEST_STEP][PASSED] - setText(findTestObject("Page_Mattermost/input_All team communication in one place s_703ef5 (5)"), "giabeuu@gmail.com"): Text 'giabeuu@gmail.com' is set on object 'Object Repository/Page_Mattermost/input_All team communication in one place s_703ef5 (5)'

2019-12-22 01:22:47 - [MESSAGE][PASSED] - Text 'giabeuu@gmail.com' is set on object 'Object Repository/Page_Mattermost/input_All team communication in one place s_703ef5 (5)'

2019-12-22 01:22:47 - [TEST_STEP][PASSED] - setEncryptedText(findTestObject("Page_Mattermost/input_All team communication in one place s_2f2733 (5)"), "GoUae4B8Jrc="): Text ****** has been set on object 'Object Repository/Page_Mattermost/input_All team communication in one place s_2f2733 (5)'

2019-12-22 01:22:48 - [MESSAGE][PASSED] - Text ****** has been set on object 'Object Repository/Page_Mattermost/input_All team communication in one place s_2f2733 (5)'

2019-12-22 01:22:48 - [TEST_STEP][PASSED] - click(findTestObject("Page_Mattermost/span_Sign in (3)")): Object: 'Object Repository/Page_Mattermost/span_Sign in (3)' is clicked on

2019-12-22 01:22:48 - [MESSAGE][PASSED] - Object: 'Object Repository/Page_Mattermost/span_Sign in (3)' is clicked on

2019-12-22 01:22:48 - [TEST_STEP][PASSED] - click(findTestObject("Object Repository/Page_(1)  Town Square - FirstTeam Mattermost/button_giabeuu_style--none sidebar-header-d_0f4080")): Object: 'Object Repository/Page_(1)  Town Square - FirstTeam Mattermost/button_giabeuu_style--none sidebar-header-d_0f4080' is clicked on

2019-12-22 01:22:53 - [MESSAGE][PASSED] - Object: 'Object Repository/Page_(1)  Town Square - FirstTeam Mattermost/button_giabeuu_style--none sidebar-header-d_0f4080' is clicked on

2019-12-22 01:22:53 - [TEST_STEP][PASSED] - click(findTestObject("Object Repository/Page_(1)  Town Square - FirstTeam Mattermost/button_Manage Members")): Object: 'Object Repository/Page_(1)  Town Square - FirstTeam Mattermost/button_Manage Members' is clicked on

2019-12-22 01:22:53 - [MESSAGE][PASSED] - Object: 'Object Repository/Page_(1)  Town Square - FirstTeam Mattermost/button_Manage Members' is clicked on

2019-12-22 01:22:53 - [TEST_STEP][PASSED] - click(findTestObject("Object Repository/Page_(1)  Town Square - FirstTeam Mattermost/div_duy - Pham Duy (Due)pbduyapcsvnSystem Admin")): Object: 'Object Repository/Page_(1)  Town Square - FirstTeam Mattermost/div_duy - Pham Duy (Due)pbduyapcsvnSystem Admin' is clicked on

2019-12-22 01:22:55 - [MESSAGE][PASSED] - Object: 'Object Repository/Page_(1)  Town Square - FirstTeam Mattermost/div_duy - Pham Duy (Due)pbduyapcsvnSystem Admin' is clicked on

2019-12-22 01:22:55 - [TEST_STEP][PASSED] - click(findTestObject("Object Repository/Page_(1)  Town Square - FirstTeam Mattermost/span_System Admin")): Object: 'Object Repository/Page_(1)  Town Square - FirstTeam Mattermost/span_System Admin' is clicked on

2019-12-22 01:22:55 - [MESSAGE][PASSED] - Object: 'Object Repository/Page_(1)  Town Square - FirstTeam Mattermost/span_System Admin' is clicked on

2019-12-22 01:22:55 - [TEST_STEP][PASSED] - click(findTestObject("Object Repository/Page_(1)  Town Square - FirstTeam Mattermost/button_Remove From Team")): Object: 'Object Repository/Page_(1)  Town Square - FirstTeam Mattermost/button_Remove From Team' is clicked on

2019-12-22 01:22:56 - [MESSAGE][PASSED] - Object: 'Object Repository/Page_(1)  Town Square - FirstTeam Mattermost/button_Remove From Team' is clicked on

2019-12-22 01:22:56 - [TEST_STEP][PASSED] - click(findTestObject("Object Repository/Page_(1)  Town Square - FirstTeam Mattermost/button_Close")): Object: 'Object Repository/Page_(1)  Town Square - FirstTeam Mattermost/button_Close' is clicked on

2019-12-22 01:22:57 - [MESSAGE][PASSED] - Object: 'Object Repository/Page_(1)  Town Square - FirstTeam Mattermost/button_Close' is clicked on

2019-12-22 01:22:57 - [TEST_STEP][PASSED] - closeBrowser(): Browser is closed

2019-12-22 01:23:04 - [MESSAGE][PASSED] - Browser is closed]]></system-out>
         <system-err><![CDATA[]]></system-err>
      </testcase>
      <testcase name="Test Cases/TestCase10TeamSettingsTeamName" time="36.014" classname="Test Cases/TestCase10TeamSettingsTeamName" status="PASSED">
         <system-out><![CDATA[2019-12-22 01:23:04 - [TEST_CASE][PASSED] - Test Cases/TestCase10TeamSettingsTeamName: Test Cases/TestCase10TeamSettingsTeamName

2019-12-22 01:23:04 - [TEST_STEP][PASSED] - callTestCase(findTestCase("TestCase01LoginSuccessfully"), [:], STOP_ON_FAILURE): Call Test Case 'Test Cases/TestCase01LoginSuccessfully' successfully

2019-12-22 01:23:04 - [TEST_CASE][PASSED] - Test Cases/TestCase01LoginSuccessfully: Test Cases/TestCase01LoginSuccessfully

2019-12-22 01:23:04 - [TEST_STEP][PASSED] - openBrowser(""): Browser is opened with url: ''

2019-12-22 01:23:04 - [MESSAGE][INFO] - Starting 'Firefox' driver

2019-12-22 01:23:13 - [MESSAGE][PASSED] - Browser is opened with url: ''

2019-12-22 01:23:13 - [TEST_STEP][PASSED] - navigateToUrl("https://cs300testautomatic.herokuapp.com/"): Navigate to 'https://cs300testautomatic.herokuapp.com/' successfully

2019-12-22 01:23:18 - [MESSAGE][PASSED] - Navigate to 'https://cs300testautomatic.herokuapp.com/' successfully

2019-12-22 01:23:18 - [TEST_STEP][PASSED] - setText(findTestObject("Page_Mattermost/input_All team communication in one place s_703ef5"), "giabeuu@gmail.com"): Text 'giabeuu@gmail.com' is set on object 'Object Repository/Page_Mattermost/input_All team communication in one place s_703ef5'

2019-12-22 01:23:23 - [MESSAGE][PASSED] - Text 'giabeuu@gmail.com' is set on object 'Object Repository/Page_Mattermost/input_All team communication in one place s_703ef5'

2019-12-22 01:23:23 - [TEST_STEP][PASSED] - setEncryptedText(findTestObject("Page_Mattermost/input_All team communication in one place s_2f2733"), "GoUae4B8Jrc="): Text ****** has been set on object 'Object Repository/Page_Mattermost/input_All team communication in one place s_2f2733'

2019-12-22 01:23:23 - [MESSAGE][PASSED] - Text ****** has been set on object 'Object Repository/Page_Mattermost/input_All team communication in one place s_2f2733'

2019-12-22 01:23:23 - [TEST_STEP][PASSED] - click(findTestObject("Page_Mattermost/span_Sign in")): Object: 'Object Repository/Page_Mattermost/span_Sign in' is clicked on

2019-12-22 01:23:24 - [MESSAGE][PASSED] - Object: 'Object Repository/Page_Mattermost/span_Sign in' is clicked on

2019-12-22 01:23:24 - [MESSAGE][PASSED] - Call Test Case 'Test Cases/TestCase01LoginSuccessfully' successfully

2019-12-22 01:23:24 - [TEST_STEP][PASSED] - click(findTestObject("Object Repository/Page_ Town Square - FirstTeam Mattermost/div_He")): Object: 'Object Repository/Page_ Town Square - FirstTeam Mattermost/div_He' is clicked on

2019-12-22 01:23:27 - [MESSAGE][PASSED] - Object: 'Object Repository/Page_ Town Square - FirstTeam Mattermost/div_He' is clicked on

2019-12-22 01:23:27 - [TEST_STEP][PASSED] - click(findTestObject("Object Repository/Page_ Town Square - Hello Mattermost/svg")): Object: 'Object Repository/Page_ Town Square - Hello Mattermost/svg' is clicked on

2019-12-22 01:23:29 - [MESSAGE][PASSED] - Object: 'Object Repository/Page_ Town Square - Hello Mattermost/svg' is clicked on

2019-12-22 01:23:29 - [TEST_STEP][PASSED] - click(findTestObject("Object Repository/Page_ Town Square - Hello Mattermost/button_Team Settings")): Object: 'Object Repository/Page_ Town Square - Hello Mattermost/button_Team Settings' is clicked on

2019-12-22 01:23:30 - [MESSAGE][PASSED] - Object: 'Object Repository/Page_ Town Square - Hello Mattermost/button_Team Settings' is clicked on

2019-12-22 01:23:30 - [TEST_STEP][PASSED] - click(findTestObject("Object Repository/Page_ Town Square - Hello Mattermost/button_Edit")): Object: 'Object Repository/Page_ Town Square - Hello Mattermost/button_Edit' is clicked on

2019-12-22 01:23:31 - [MESSAGE][PASSED] - Object: 'Object Repository/Page_ Town Square - Hello Mattermost/button_Edit' is clicked on

2019-12-22 01:23:31 - [TEST_STEP][PASSED] - setText(findTestObject("Object Repository/Page_ Town Square - Hello Mattermost/input_Team Name_teamName"), "SecondTeam"): Text 'SecondTeam' is set on object 'Object Repository/Page_ Town Square - Hello Mattermost/input_Team Name_teamName'

2019-12-22 01:23:31 - [MESSAGE][PASSED] - Text 'SecondTeam' is set on object 'Object Repository/Page_ Town Square - Hello Mattermost/input_Team Name_teamName'

2019-12-22 01:23:31 - [TEST_STEP][PASSED] - click(findTestObject("Object Repository/Page_ Town Square - Hello Mattermost/button_Save")): Object: 'Object Repository/Page_ Town Square - Hello Mattermost/button_Save' is clicked on

2019-12-22 01:23:32 - [MESSAGE][PASSED] - Object: 'Object Repository/Page_ Town Square - Hello Mattermost/button_Save' is clicked on

2019-12-22 01:23:32 - [TEST_STEP][PASSED] - click(findTestObject("Object Repository/Page_ Town Square - SecondTeam Mattermost/button_Close")): Object: 'Object Repository/Page_ Town Square - SecondTeam Mattermost/button_Close' is clicked on

2019-12-22 01:23:33 - [MESSAGE][PASSED] - Object: 'Object Repository/Page_ Town Square - SecondTeam Mattermost/button_Close' is clicked on

2019-12-22 01:23:33 - [TEST_STEP][PASSED] - closeBrowser(): Browser is closed

2019-12-22 01:23:40 - [MESSAGE][PASSED] - Browser is closed]]></system-out>
         <system-err><![CDATA[]]></system-err>
      </testcase>
      <testcase name="Test Cases/TestCase11AccountSettingsEditUsername" time="26.013" classname="Test Cases/TestCase11AccountSettingsEditUsername" status="PASSED">
         <system-out><![CDATA[2019-12-22 01:23:40 - [TEST_CASE][PASSED] - Test Cases/TestCase11AccountSettingsEditUsername: Test Cases/TestCase11AccountSettingsEditUsername

2019-12-22 01:23:40 - [TEST_STEP][PASSED] - callTestCase(findTestCase("TestCase01LoginSuccessfully"), [:], STOP_ON_FAILURE): Call Test Case 'Test Cases/TestCase01LoginSuccessfully' successfully

2019-12-22 01:23:40 - [TEST_CASE][PASSED] - Test Cases/TestCase01LoginSuccessfully: Test Cases/TestCase01LoginSuccessfully

2019-12-22 01:23:40 - [TEST_STEP][PASSED] - openBrowser(""): Browser is opened with url: ''

2019-12-22 01:23:40 - [MESSAGE][INFO] - Starting 'Firefox' driver

2019-12-22 01:23:47 - [MESSAGE][PASSED] - Browser is opened with url: ''

2019-12-22 01:23:47 - [TEST_STEP][PASSED] - navigateToUrl("https://cs300testautomatic.herokuapp.com/"): Navigate to 'https://cs300testautomatic.herokuapp.com/' successfully

2019-12-22 01:23:52 - [MESSAGE][PASSED] - Navigate to 'https://cs300testautomatic.herokuapp.com/' successfully

2019-12-22 01:23:52 - [TEST_STEP][PASSED] - setText(findTestObject("Page_Mattermost/input_All team communication in one place s_703ef5"), "giabeuu@gmail.com"): Text 'giabeuu@gmail.com' is set on object 'Object Repository/Page_Mattermost/input_All team communication in one place s_703ef5'

2019-12-22 01:23:56 - [MESSAGE][PASSED] - Text 'giabeuu@gmail.com' is set on object 'Object Repository/Page_Mattermost/input_All team communication in one place s_703ef5'

2019-12-22 01:23:56 - [TEST_STEP][PASSED] - setEncryptedText(findTestObject("Page_Mattermost/input_All team communication in one place s_2f2733"), "GoUae4B8Jrc="): Text ****** has been set on object 'Object Repository/Page_Mattermost/input_All team communication in one place s_2f2733'

2019-12-22 01:23:57 - [MESSAGE][PASSED] - Text ****** has been set on object 'Object Repository/Page_Mattermost/input_All team communication in one place s_2f2733'

2019-12-22 01:23:57 - [TEST_STEP][PASSED] - click(findTestObject("Page_Mattermost/span_Sign in")): Object: 'Object Repository/Page_Mattermost/span_Sign in' is clicked on

2019-12-22 01:23:58 - [MESSAGE][PASSED] - Object: 'Object Repository/Page_Mattermost/span_Sign in' is clicked on

2019-12-22 01:23:58 - [MESSAGE][PASSED] - Call Test Case 'Test Cases/TestCase01LoginSuccessfully' successfully

2019-12-22 01:23:58 - [TEST_STEP][PASSED] - click(findTestObject("Page_Town Square - FirstTeam Mattermost/button_gia_style--none sidebar-header-dropd_2c8852")): Object: 'Object Repository/Page_Town Square - FirstTeam Mattermost/button_gia_style--none sidebar-header-dropd_2c8852' is clicked on

2019-12-22 01:24:02 - [MESSAGE][PASSED] - Object: 'Object Repository/Page_Town Square - FirstTeam Mattermost/button_gia_style--none sidebar-header-dropd_2c8852' is clicked on

2019-12-22 01:24:02 - [TEST_STEP][PASSED] - click(findTestObject("Page_Town Square - FirstTeam Mattermost/button_Account Settings")): Object: 'Object Repository/Page_Town Square - FirstTeam Mattermost/button_Account Settings' is clicked on

2019-12-22 01:24:03 - [MESSAGE][PASSED] - Object: 'Object Repository/Page_Town Square - FirstTeam Mattermost/button_Account Settings' is clicked on

2019-12-22 01:24:03 - [TEST_STEP][PASSED] - click(findTestObject("Page_Town Square - FirstTeam Mattermost/button_General")): Object: 'Object Repository/Page_Town Square - FirstTeam Mattermost/button_General' is clicked on

2019-12-22 01:24:04 - [MESSAGE][PASSED] - Object: 'Object Repository/Page_Town Square - FirstTeam Mattermost/button_General' is clicked on

2019-12-22 01:24:04 - [TEST_STEP][PASSED] - click(findTestObject("Page_Town Square - FirstTeam Mattermost/button_Edit")): Object: 'Object Repository/Page_Town Square - FirstTeam Mattermost/button_Edit' is clicked on

2019-12-22 01:24:04 - [MESSAGE][PASSED] - Object: 'Object Repository/Page_Town Square - FirstTeam Mattermost/button_Edit' is clicked on

2019-12-22 01:24:04 - [TEST_STEP][PASSED] - setText(findTestObject("Object Repository/Page_Town Square - FirstTeam Mattermost/input_Username_username"), "giabeuu"): Text 'giabeuu' is set on object 'Object Repository/Page_Town Square - FirstTeam Mattermost/input_Username_username'

2019-12-22 01:24:05 - [MESSAGE][PASSED] - Text 'giabeuu' is set on object 'Object Repository/Page_Town Square - FirstTeam Mattermost/input_Username_username'

2019-12-22 01:24:05 - [TEST_STEP][PASSED] - click(findTestObject("Page_Town Square - FirstTeam Mattermost/button_Save")): Object: 'Object Repository/Page_Town Square - FirstTeam Mattermost/button_Save' is clicked on

2019-12-22 01:24:05 - [MESSAGE][PASSED] - Object: 'Object Repository/Page_Town Square - FirstTeam Mattermost/button_Save' is clicked on

2019-12-22 01:24:05 - [TEST_STEP][PASSED] - click(findTestObject("Page_Town Square - FirstTeam Mattermost/button_Close")): Object: 'Object Repository/Page_Town Square - FirstTeam Mattermost/button_Close' is clicked on

2019-12-22 01:24:06 - [MESSAGE][PASSED] - Object: 'Object Repository/Page_Town Square - FirstTeam Mattermost/button_Close' is clicked on]]></system-out>
         <system-err><![CDATA[]]></system-err>
      </testcase>
      <testcase name="Test Cases/TestCase12AccountSettingsEditUsername(illegal)" time="28.477" classname="Test Cases/TestCase12AccountSettingsEditUsername(illegal)" status="PASSED">
         <system-out><![CDATA[2019-12-22 01:24:06 - [TEST_CASE][PASSED] - Test Cases/TestCase12AccountSettingsEditUsername(illegal): Test Cases/TestCase12AccountSettingsEditUsername(illegal)

2019-12-22 01:24:06 - [TEST_STEP][PASSED] - callTestCase(findTestCase("TestCase01LoginSuccessfully"), [:], STOP_ON_FAILURE): Call Test Case 'Test Cases/TestCase01LoginSuccessfully' successfully

2019-12-22 01:24:06 - [TEST_CASE][PASSED] - Test Cases/TestCase01LoginSuccessfully: Test Cases/TestCase01LoginSuccessfully

2019-12-22 01:24:06 - [TEST_STEP][PASSED] - openBrowser(""): Browser is opened with url: ''

2019-12-22 01:24:06 - [MESSAGE][WARNING] - A browser is already opened. Closing browser and opening a new one

2019-12-22 01:24:12 - [MESSAGE][INFO] - Starting 'Firefox' driver

2019-12-22 01:24:18 - [MESSAGE][PASSED] - Browser is opened with url: ''

2019-12-22 01:24:18 - [TEST_STEP][PASSED] - navigateToUrl("https://cs300testautomatic.herokuapp.com/"): Navigate to 'https://cs300testautomatic.herokuapp.com/' successfully

2019-12-22 01:24:21 - [MESSAGE][PASSED] - Navigate to 'https://cs300testautomatic.herokuapp.com/' successfully

2019-12-22 01:24:21 - [TEST_STEP][PASSED] - setText(findTestObject("Page_Mattermost/input_All team communication in one place s_703ef5"), "giabeuu@gmail.com"): Text 'giabeuu@gmail.com' is set on object 'Object Repository/Page_Mattermost/input_All team communication in one place s_703ef5'

2019-12-22 01:24:26 - [MESSAGE][PASSED] - Text 'giabeuu@gmail.com' is set on object 'Object Repository/Page_Mattermost/input_All team communication in one place s_703ef5'

2019-12-22 01:24:26 - [TEST_STEP][PASSED] - setEncryptedText(findTestObject("Page_Mattermost/input_All team communication in one place s_2f2733"), "GoUae4B8Jrc="): Text ****** has been set on object 'Object Repository/Page_Mattermost/input_All team communication in one place s_2f2733'

2019-12-22 01:24:26 - [MESSAGE][PASSED] - Text ****** has been set on object 'Object Repository/Page_Mattermost/input_All team communication in one place s_2f2733'

2019-12-22 01:24:26 - [TEST_STEP][PASSED] - click(findTestObject("Page_Mattermost/span_Sign in")): Object: 'Object Repository/Page_Mattermost/span_Sign in' is clicked on

2019-12-22 01:24:27 - [MESSAGE][PASSED] - Object: 'Object Repository/Page_Mattermost/span_Sign in' is clicked on

2019-12-22 01:24:27 - [MESSAGE][PASSED] - Call Test Case 'Test Cases/TestCase01LoginSuccessfully' successfully

2019-12-22 01:24:27 - [TEST_STEP][PASSED] - click(findTestObject("Page_Town Square - FirstTeam Mattermost/button_gia_style--none sidebar-header-dropd_2c8852")): Object: 'Object Repository/Page_Town Square - FirstTeam Mattermost/button_gia_style--none sidebar-header-dropd_2c8852' is clicked on

2019-12-22 01:24:31 - [MESSAGE][PASSED] - Object: 'Object Repository/Page_Town Square - FirstTeam Mattermost/button_gia_style--none sidebar-header-dropd_2c8852' is clicked on

2019-12-22 01:24:31 - [TEST_STEP][PASSED] - click(findTestObject("Page_Town Square - FirstTeam Mattermost/button_Account Settings")): Object: 'Object Repository/Page_Town Square - FirstTeam Mattermost/button_Account Settings' is clicked on

2019-12-22 01:24:32 - [MESSAGE][PASSED] - Object: 'Object Repository/Page_Town Square - FirstTeam Mattermost/button_Account Settings' is clicked on

2019-12-22 01:24:32 - [TEST_STEP][PASSED] - click(findTestObject("Page_Town Square - FirstTeam Mattermost/button_General")): Object: 'Object Repository/Page_Town Square - FirstTeam Mattermost/button_General' is clicked on

2019-12-22 01:24:32 - [MESSAGE][PASSED] - Object: 'Object Repository/Page_Town Square - FirstTeam Mattermost/button_General' is clicked on

2019-12-22 01:24:32 - [TEST_STEP][PASSED] - click(findTestObject("Page_Town Square - FirstTeam Mattermost/button_Edit")): Object: 'Object Repository/Page_Town Square - FirstTeam Mattermost/button_Edit' is clicked on

2019-12-22 01:24:33 - [MESSAGE][PASSED] - Object: 'Object Repository/Page_Town Square - FirstTeam Mattermost/button_Edit' is clicked on

2019-12-22 01:24:33 - [TEST_STEP][PASSED] - setText(findTestObject("Object Repository/Page_Town Square - FirstTeam Mattermost/input_Username_username"), "-giabeuu"): Text '-giabeuu' is set on object 'Object Repository/Page_Town Square - FirstTeam Mattermost/input_Username_username'

2019-12-22 01:24:34 - [MESSAGE][PASSED] - Text '-giabeuu' is set on object 'Object Repository/Page_Town Square - FirstTeam Mattermost/input_Username_username'

2019-12-22 01:24:34 - [TEST_STEP][PASSED] - click(findTestObject("Page_Town Square - FirstTeam Mattermost/button_Save")): Object: 'Object Repository/Page_Town Square - FirstTeam Mattermost/button_Save' is clicked on

2019-12-22 01:24:34 - [MESSAGE][PASSED] - Object: 'Object Repository/Page_Town Square - FirstTeam Mattermost/button_Save' is clicked on]]></system-out>
         <system-err><![CDATA[]]></system-err>
      </testcase>
      <testcase name="Test Cases/TestCase13AccountSettingsFullName" time="36.89" classname="Test Cases/TestCase13AccountSettingsFullName" status="PASSED">
         <system-out><![CDATA[2019-12-22 01:24:34 - [TEST_CASE][PASSED] - Test Cases/TestCase13AccountSettingsFullName: Test Cases/TestCase13AccountSettingsFullName

2019-12-22 01:24:34 - [TEST_STEP][PASSED] - callTestCase(findTestCase("TestCase01LoginSuccessfully"), [:], STOP_ON_FAILURE): Call Test Case 'Test Cases/TestCase01LoginSuccessfully' successfully

2019-12-22 01:24:35 - [TEST_CASE][PASSED] - Test Cases/TestCase01LoginSuccessfully: Test Cases/TestCase01LoginSuccessfully

2019-12-22 01:24:35 - [TEST_STEP][PASSED] - openBrowser(""): Browser is opened with url: ''

2019-12-22 01:24:35 - [MESSAGE][WARNING] - A browser is already opened. Closing browser and opening a new one

2019-12-22 01:24:41 - [MESSAGE][INFO] - Starting 'Firefox' driver

2019-12-22 01:24:47 - [MESSAGE][PASSED] - Browser is opened with url: ''

2019-12-22 01:24:47 - [TEST_STEP][PASSED] - navigateToUrl("https://cs300testautomatic.herokuapp.com/"): Navigate to 'https://cs300testautomatic.herokuapp.com/' successfully

2019-12-22 01:24:51 - [MESSAGE][PASSED] - Navigate to 'https://cs300testautomatic.herokuapp.com/' successfully

2019-12-22 01:24:51 - [TEST_STEP][PASSED] - setText(findTestObject("Page_Mattermost/input_All team communication in one place s_703ef5"), "giabeuu@gmail.com"): Text 'giabeuu@gmail.com' is set on object 'Object Repository/Page_Mattermost/input_All team communication in one place s_703ef5'

2019-12-22 01:24:57 - [MESSAGE][PASSED] - Text 'giabeuu@gmail.com' is set on object 'Object Repository/Page_Mattermost/input_All team communication in one place s_703ef5'

2019-12-22 01:24:57 - [TEST_STEP][PASSED] - setEncryptedText(findTestObject("Page_Mattermost/input_All team communication in one place s_2f2733"), "GoUae4B8Jrc="): Text ****** has been set on object 'Object Repository/Page_Mattermost/input_All team communication in one place s_2f2733'

2019-12-22 01:24:57 - [MESSAGE][PASSED] - Text ****** has been set on object 'Object Repository/Page_Mattermost/input_All team communication in one place s_2f2733'

2019-12-22 01:24:57 - [TEST_STEP][PASSED] - click(findTestObject("Page_Mattermost/span_Sign in")): Object: 'Object Repository/Page_Mattermost/span_Sign in' is clicked on

2019-12-22 01:24:58 - [MESSAGE][PASSED] - Object: 'Object Repository/Page_Mattermost/span_Sign in' is clicked on

2019-12-22 01:24:58 - [MESSAGE][PASSED] - Call Test Case 'Test Cases/TestCase01LoginSuccessfully' successfully

2019-12-22 01:24:58 - [TEST_STEP][PASSED] - click(findTestObject("Object Repository/Page_ Town Square - MyTeam Mattermost/svg")): Object: 'Object Repository/Page_ Town Square - MyTeam Mattermost/svg' is clicked on

2019-12-22 01:25:01 - [MESSAGE][PASSED] - Object: 'Object Repository/Page_ Town Square - MyTeam Mattermost/svg' is clicked on

2019-12-22 01:25:01 - [TEST_STEP][PASSED] - click(findTestObject("Object Repository/Page_ Town Square - MyTeam Mattermost/button_Account Settings")): Object: 'Object Repository/Page_ Town Square - MyTeam Mattermost/button_Account Settings' is clicked on

2019-12-22 01:25:02 - [MESSAGE][PASSED] - Object: 'Object Repository/Page_ Town Square - MyTeam Mattermost/button_Account Settings' is clicked on

2019-12-22 01:25:02 - [TEST_STEP][PASSED] - click(findTestObject("Object Repository/Page_ Town Square - MyTeam Mattermost/span_Edit")): Object: 'Object Repository/Page_ Town Square - MyTeam Mattermost/span_Edit' is clicked on

2019-12-22 01:25:03 - [MESSAGE][PASSED] - Object: 'Object Repository/Page_ Town Square - MyTeam Mattermost/span_Edit' is clicked on

2019-12-22 01:25:03 - [TEST_STEP][PASSED] - setText(findTestObject("Object Repository/Page_ Town Square - MyTeam Mattermost/input_First Name_firstName"), "Nguyen"): Text 'Nguyen' is set on object 'Object Repository/Page_ Town Square - MyTeam Mattermost/input_First Name_firstName'

2019-12-22 01:25:04 - [MESSAGE][PASSED] - Text 'Nguyen' is set on object 'Object Repository/Page_ Town Square - MyTeam Mattermost/input_First Name_firstName'

2019-12-22 01:25:04 - [TEST_STEP][PASSED] - setText(findTestObject("Object Repository/Page_ Town Square - MyTeam Mattermost/input_Last Name_lastName"), "Gia"): Text 'Gia' is set on object 'Object Repository/Page_ Town Square - MyTeam Mattermost/input_Last Name_lastName'

2019-12-22 01:25:04 - [MESSAGE][PASSED] - Text 'Gia' is set on object 'Object Repository/Page_ Town Square - MyTeam Mattermost/input_Last Name_lastName'

2019-12-22 01:25:04 - [TEST_STEP][PASSED] - click(findTestObject("Object Repository/Page_ Town Square - MyTeam Mattermost/span_Save")): Object: 'Object Repository/Page_ Town Square - MyTeam Mattermost/span_Save' is clicked on

2019-12-22 01:25:05 - [MESSAGE][PASSED] - Object: 'Object Repository/Page_ Town Square - MyTeam Mattermost/span_Save' is clicked on

2019-12-22 01:25:05 - [TEST_STEP][PASSED] - closeBrowser(): Browser is closed

2019-12-22 01:25:11 - [MESSAGE][PASSED] - Browser is closed]]></system-out>
         <system-err><![CDATA[]]></system-err>
      </testcase>
      <testcase name="Test Cases/TestCase14AccountSettingsNickname" time="31.147" classname="Test Cases/TestCase14AccountSettingsNickname" status="PASSED">
         <system-out><![CDATA[2019-12-22 01:25:11 - [TEST_CASE][PASSED] - Test Cases/TestCase14AccountSettingsNickname: Test Cases/TestCase14AccountSettingsNickname

2019-12-22 01:25:11 - [TEST_STEP][PASSED] - callTestCase(findTestCase("TestCase01LoginSuccessfully"), [:], STOP_ON_FAILURE): Call Test Case 'Test Cases/TestCase01LoginSuccessfully' successfully

2019-12-22 01:25:11 - [TEST_CASE][PASSED] - Test Cases/TestCase01LoginSuccessfully: Test Cases/TestCase01LoginSuccessfully

2019-12-22 01:25:11 - [TEST_STEP][PASSED] - openBrowser(""): Browser is opened with url: ''

2019-12-22 01:25:11 - [MESSAGE][INFO] - Starting 'Firefox' driver

2019-12-22 01:25:18 - [MESSAGE][PASSED] - Browser is opened with url: ''

2019-12-22 01:25:18 - [TEST_STEP][PASSED] - navigateToUrl("https://cs300testautomatic.herokuapp.com/"): Navigate to 'https://cs300testautomatic.herokuapp.com/' successfully

2019-12-22 01:25:22 - [MESSAGE][PASSED] - Navigate to 'https://cs300testautomatic.herokuapp.com/' successfully

2019-12-22 01:25:22 - [TEST_STEP][PASSED] - setText(findTestObject("Page_Mattermost/input_All team communication in one place s_703ef5"), "giabeuu@gmail.com"): Text 'giabeuu@gmail.com' is set on object 'Object Repository/Page_Mattermost/input_All team communication in one place s_703ef5'

2019-12-22 01:25:27 - [MESSAGE][PASSED] - Text 'giabeuu@gmail.com' is set on object 'Object Repository/Page_Mattermost/input_All team communication in one place s_703ef5'

2019-12-22 01:25:27 - [TEST_STEP][PASSED] - setEncryptedText(findTestObject("Page_Mattermost/input_All team communication in one place s_2f2733"), "GoUae4B8Jrc="): Text ****** has been set on object 'Object Repository/Page_Mattermost/input_All team communication in one place s_2f2733'

2019-12-22 01:25:27 - [MESSAGE][PASSED] - Text ****** has been set on object 'Object Repository/Page_Mattermost/input_All team communication in one place s_2f2733'

2019-12-22 01:25:27 - [TEST_STEP][PASSED] - click(findTestObject("Page_Mattermost/span_Sign in")): Object: 'Object Repository/Page_Mattermost/span_Sign in' is clicked on

2019-12-22 01:25:28 - [MESSAGE][PASSED] - Object: 'Object Repository/Page_Mattermost/span_Sign in' is clicked on

2019-12-22 01:25:28 - [MESSAGE][PASSED] - Call Test Case 'Test Cases/TestCase01LoginSuccessfully' successfully

2019-12-22 01:25:28 - [TEST_STEP][PASSED] - click(findTestObject("Object Repository/Page_ Town Square - FirstTeam Mattermost/span")): Object: 'Object Repository/Page_ Town Square - FirstTeam Mattermost/span' is clicked on

2019-12-22 01:25:33 - [MESSAGE][PASSED] - Object: 'Object Repository/Page_ Town Square - FirstTeam Mattermost/span' is clicked on

2019-12-22 01:25:33 - [TEST_STEP][PASSED] - click(findTestObject("Object Repository/Page_ Town Square - FirstTeam Mattermost/button_Account Settings")): Object: 'Object Repository/Page_ Town Square - FirstTeam Mattermost/button_Account Settings' is clicked on

2019-12-22 01:25:34 - [MESSAGE][PASSED] - Object: 'Object Repository/Page_ Town Square - FirstTeam Mattermost/button_Account Settings' is clicked on

2019-12-22 01:25:34 - [TEST_STEP][PASSED] - click(findTestObject("Object Repository/Page_ Town Square - FirstTeam Mattermost/button_Edit")): Object: 'Object Repository/Page_ Town Square - FirstTeam Mattermost/button_Edit' is clicked on

2019-12-22 01:25:35 - [MESSAGE][PASSED] - Object: 'Object Repository/Page_ Town Square - FirstTeam Mattermost/button_Edit' is clicked on

2019-12-22 01:25:35 - [TEST_STEP][PASSED] - setText(findTestObject("Object Repository/Page_ Town Square - FirstTeam Mattermost/input_Nickname_nickname"), "GiaGia"): Text 'GiaGia' is set on object 'Object Repository/Page_ Town Square - FirstTeam Mattermost/input_Nickname_nickname'

2019-12-22 01:25:35 - [MESSAGE][PASSED] - Text 'GiaGia' is set on object 'Object Repository/Page_ Town Square - FirstTeam Mattermost/input_Nickname_nickname'

2019-12-22 01:25:35 - [TEST_STEP][PASSED] - click(findTestObject("Object Repository/Page_ Town Square - FirstTeam Mattermost/button_Save")): Object: 'Object Repository/Page_ Town Square - FirstTeam Mattermost/button_Save' is clicked on

2019-12-22 01:25:36 - [MESSAGE][PASSED] - Object: 'Object Repository/Page_ Town Square - FirstTeam Mattermost/button_Save' is clicked on

2019-12-22 01:25:36 - [TEST_STEP][PASSED] - click(findTestObject("Object Repository/Page_ Town Square - FirstTeam Mattermost/button_Close")): Object: 'Object Repository/Page_ Town Square - FirstTeam Mattermost/button_Close' is clicked on

2019-12-22 01:25:36 - [MESSAGE][PASSED] - Object: 'Object Repository/Page_ Town Square - FirstTeam Mattermost/button_Close' is clicked on

2019-12-22 01:25:36 - [TEST_STEP][PASSED] - closeBrowser(): Browser is closed

2019-12-22 01:25:42 - [MESSAGE][PASSED] - Browser is closed]]></system-out>
         <system-err><![CDATA[]]></system-err>
      </testcase>
      <testcase name="Test Cases/TestCase15GetInviteLink" time="28.08" classname="Test Cases/TestCase15GetInviteLink" status="PASSED">
         <system-out><![CDATA[2019-12-22 01:25:42 - [TEST_CASE][PASSED] - Test Cases/TestCase15GetInviteLink: Test Cases/TestCase15GetInviteLink

2019-12-22 01:25:42 - [TEST_STEP][PASSED] - openBrowser(""): Browser is opened with url: ''

2019-12-22 01:25:42 - [MESSAGE][INFO] - Starting 'Firefox' driver

2019-12-22 01:25:49 - [MESSAGE][PASSED] - Browser is opened with url: ''

2019-12-22 01:25:49 - [TEST_STEP][PASSED] - navigateToUrl("https://cs300testautomatic.herokuapp.com/"): Navigate to 'https://cs300testautomatic.herokuapp.com/' successfully

2019-12-22 01:25:52 - [MESSAGE][PASSED] - Navigate to 'https://cs300testautomatic.herokuapp.com/' successfully

2019-12-22 01:25:52 - [TEST_STEP][PASSED] - setText(findTestObject("Page_Mattermost/input_All team communication in one place s_703ef5 (48)"), "giabeuu@gmail.com"): Text 'giabeuu@gmail.com' is set on object 'Object Repository/Page_Mattermost/input_All team communication in one place s_703ef5 (48)'

2019-12-22 01:25:57 - [MESSAGE][PASSED] - Text 'giabeuu@gmail.com' is set on object 'Object Repository/Page_Mattermost/input_All team communication in one place s_703ef5 (48)'

2019-12-22 01:25:57 - [TEST_STEP][PASSED] - setEncryptedText(findTestObject("Page_Mattermost/input_All team communication in one place s_2f2733 (48)"), "GoUae4B8Jrc="): Text ****** has been set on object 'Object Repository/Page_Mattermost/input_All team communication in one place s_2f2733 (48)'

2019-12-22 01:25:58 - [MESSAGE][PASSED] - Text ****** has been set on object 'Object Repository/Page_Mattermost/input_All team communication in one place s_2f2733 (48)'

2019-12-22 01:25:58 - [TEST_STEP][PASSED] - click(findTestObject("Page_Mattermost/button_Sign in (35)")): Object: 'Object Repository/Page_Mattermost/button_Sign in (35)' is clicked on

2019-12-22 01:25:58 - [MESSAGE][PASSED] - Object: 'Object Repository/Page_Mattermost/button_Sign in (35)' is clicked on

2019-12-22 01:25:58 - [TEST_STEP][PASSED] - click(findTestObject("Page_ Town Square - FirstTeam Mattermost/button_giabeuu_style--none sidebar-header-d_0f4080 (2)")): Object: 'Object Repository/Page_ Town Square - FirstTeam Mattermost/button_giabeuu_style--none sidebar-header-d_0f4080 (2)' is clicked on

2019-12-22 01:26:03 - [MESSAGE][PASSED] - Object: 'Object Repository/Page_ Town Square - FirstTeam Mattermost/button_giabeuu_style--none sidebar-header-d_0f4080 (2)' is clicked on

2019-12-22 01:26:03 - [TEST_STEP][PASSED] - click(findTestObject("Page_ Town Square - FirstTeam Mattermost/button_Get Team Invite Link (1)")): Object: 'Object Repository/Page_ Town Square - FirstTeam Mattermost/button_Get Team Invite Link (1)' is clicked on

2019-12-22 01:26:04 - [MESSAGE][PASSED] - Object: 'Object Repository/Page_ Town Square - FirstTeam Mattermost/button_Get Team Invite Link (1)' is clicked on

2019-12-22 01:26:04 - [TEST_STEP][PASSED] - click(findTestObject("Page_ Town Square - FirstTeam Mattermost/button_Copy Link (1)")): Object: 'Object Repository/Page_ Town Square - FirstTeam Mattermost/button_Copy Link (1)' is clicked on

2019-12-22 01:26:05 - [MESSAGE][PASSED] - Object: 'Object Repository/Page_ Town Square - FirstTeam Mattermost/button_Copy Link (1)' is clicked on

2019-12-22 01:26:05 - [TEST_STEP][PASSED] - click(findTestObject("Object Repository/Page_ Town Square - FirstTeam Mattermost/span_Link copied")): Object: 'Object Repository/Page_ Town Square - FirstTeam Mattermost/span_Link copied' is clicked on

2019-12-22 01:26:05 - [MESSAGE][PASSED] - Object: 'Object Repository/Page_ Town Square - FirstTeam Mattermost/span_Link copied' is clicked on

2019-12-22 01:26:05 - [TEST_STEP][PASSED] - click(findTestObject("Page_ Town Square - FirstTeam Mattermost/button_Close (1)")): Object: 'Object Repository/Page_ Town Square - FirstTeam Mattermost/button_Close (1)' is clicked on

2019-12-22 01:26:06 - [MESSAGE][PASSED] - Object: 'Object Repository/Page_ Town Square - FirstTeam Mattermost/button_Close (1)' is clicked on

2019-12-22 01:26:06 - [TEST_STEP][PASSED] - closeBrowser(): Browser is closed

2019-12-22 01:26:10 - [MESSAGE][PASSED] - Browser is closed]]></system-out>
         <system-err><![CDATA[]]></system-err>
      </testcase>
      <testcase name="Test Cases/TestCase16AddMembersToChannel" time="66.192" classname="Test Cases/TestCase16AddMembersToChannel" status="FAILED">
         <failure type="FAILED" message="Test Cases/TestCase16AddMembersToChannel FAILED.
Reason:
com.kms.katalon.core.exception.StepFailedException: Unable to click on object 'Object Repository/Page_ChannelAddMember - FirstTeam Mattermost/div_Nguyen Gia (GiaGia)_more-modal__actions--round'
	at com.kms.katalon.core.webui.keyword.internal.WebUIKeywordMain.stepFailed(WebUIKeywordMain.groovy:64)
	at com.kms.katalon.core.webui.keyword.internal.WebUIKeywordMain.runKeyword(WebUIKeywordMain.groovy:26)
	at com.kms.katalon.core.webui.keyword.builtin.ClickKeyword.click(ClickKeyword.groovy:102)
	at com.kms.katalon.core.webui.keyword.builtin.ClickKeyword.execute(ClickKeyword.groovy:43)
	at com.kms.katalon.core.keyword.internal.KeywordExecutor.executeKeywordForPlatform(KeywordExecutor.groovy:72)
	at com.kms.katalon.core.webui.keyword.WebUiBuiltInKeywords.click(WebUiBuiltInKeywords.groovy:616)
	at com.kms.katalon.core.webui.keyword.WebUiBuiltInKeywords$click$3.call(Unknown Source)
	at TestCase16AddMembersToChannel.run(TestCase16AddMembersToChannel:37)
	at com.kms.katalon.core.main.ScriptEngine.run(ScriptEngine.java:194)
	at com.kms.katalon.core.main.ScriptEngine.runScriptAsRawText(ScriptEngine.java:119)
	at com.kms.katalon.core.main.TestCaseExecutor.runScript(TestCaseExecutor.java:337)
	at com.kms.katalon.core.main.TestCaseExecutor.doExecute(TestCaseExecutor.java:328)
	at com.kms.katalon.core.main.TestCaseExecutor.processExecutionPhase(TestCaseExecutor.java:307)
	at com.kms.katalon.core.main.TestCaseExecutor.accessMainPhase(TestCaseExecutor.java:299)
	at com.kms.katalon.core.main.TestCaseExecutor.execute(TestCaseExecutor.java:233)
	at com.kms.katalon.core.main.TestSuiteExecutor.accessTestCaseMainPhase(TestSuiteExecutor.java:169)
	at com.kms.katalon.core.main.TestSuiteExecutor.accessTestSuiteMainPhase(TestSuiteExecutor.java:142)
	at com.kms.katalon.core.main.TestSuiteExecutor.execute(TestSuiteExecutor.java:91)
	at com.kms.katalon.core.main.TestCaseMain.startTestSuite(TestCaseMain.java:157)
	at com.kms.katalon.core.main.TestCaseMain$startTestSuite$0.call(Unknown Source)
	at TempTestSuite1576952307212.run(TempTestSuite1576952307212.groovy:36)
Caused by: com.kms.katalon.core.webui.exception.WebElementNotFoundException: Web element with id: 'Object Repository/Page_ChannelAddMember - FirstTeam Mattermost/div_Nguyen Gia (GiaGia)_more-modal__actions--round' located by 'By.xpath: (.//*[normalize-space(text()) and normalize-space(.)='Nguyen Gia (GiaGia)'])[1]/following::div[2]' not found
	at com.kms.katalon.core.webui.common.WebUiCommonHelper.findWebElement(WebUiCommonHelper.java:1154)
	at com.kms.katalon.core.webui.keyword.internal.WebUIAbstractKeyword.findWebElement(WebUIAbstractKeyword.groovy:27)
	at com.kms.katalon.core.webui.keyword.internal.WebUIAbstractKeyword.findWebElement(WebUIAbstractKeyword.groovy:26)
	at com.kms.katalon.core.webui.keyword.builtin.ClickKeyword$_click_closure1.doCall(ClickKeyword.groovy:67)
	at com.kms.katalon.core.webui.keyword.builtin.ClickKeyword$_click_closure1.call(ClickKeyword.groovy)
	at com.kms.katalon.core.webui.keyword.internal.WebUIKeywordMain.runKeyword(WebUIKeywordMain.groovy:20)
	... 19 more
"/>
         <system-out><![CDATA[2019-12-22 01:26:10 - [TEST_CASE][FAILED] - Test Cases/TestCase16AddMembersToChannel: Test Cases/TestCase16AddMembersToChannel FAILED.
Reason:
com.kms.katalon.core.exception.StepFailedException: Unable to click on object 'Object Repository/Page_ChannelAddMember - FirstTeam Mattermost/div_Nguyen Gia (GiaGia)_more-modal__actions--round'
	at com.kms.katalon.core.webui.keyword.internal.WebUIKeywordMain.stepFailed(WebUIKeywordMain.groovy:64)
	at com.kms.katalon.core.webui.keyword.internal.WebUIKeywordMain.runKeyword(WebUIKeywordMain.groovy:26)
	at com.kms.katalon.core.webui.keyword.builtin.ClickKeyword.click(ClickKeyword.groovy:102)
	at com.kms.katalon.core.webui.keyword.builtin.ClickKeyword.execute(ClickKeyword.groovy:43)
	at com.kms.katalon.core.keyword.internal.KeywordExecutor.executeKeywordForPlatform(KeywordExecutor.groovy:72)
	at com.kms.katalon.core.webui.keyword.WebUiBuiltInKeywords.click(WebUiBuiltInKeywords.groovy:616)
	at com.kms.katalon.core.webui.keyword.WebUiBuiltInKeywords$click$3.call(Unknown Source)
	at TestCase16AddMembersToChannel.run(TestCase16AddMembersToChannel:37)
	at com.kms.katalon.core.main.ScriptEngine.run(ScriptEngine.java:194)
	at com.kms.katalon.core.main.ScriptEngine.runScriptAsRawText(ScriptEngine.java:119)
	at com.kms.katalon.core.main.TestCaseExecutor.runScript(TestCaseExecutor.java:337)
	at com.kms.katalon.core.main.TestCaseExecutor.doExecute(TestCaseExecutor.java:328)
	at com.kms.katalon.core.main.TestCaseExecutor.processExecutionPhase(TestCaseExecutor.java:307)
	at com.kms.katalon.core.main.TestCaseExecutor.accessMainPhase(TestCaseExecutor.java:299)
	at com.kms.katalon.core.main.TestCaseExecutor.execute(TestCaseExecutor.java:233)
	at com.kms.katalon.core.main.TestSuiteExecutor.accessTestCaseMainPhase(TestSuiteExecutor.java:169)
	at com.kms.katalon.core.main.TestSuiteExecutor.accessTestSuiteMainPhase(TestSuiteExecutor.java:142)
	at com.kms.katalon.core.main.TestSuiteExecutor.execute(TestSuiteExecutor.java:91)
	at com.kms.katalon.core.main.TestCaseMain.startTestSuite(TestCaseMain.java:157)
	at com.kms.katalon.core.main.TestCaseMain$startTestSuite$0.call(Unknown Source)
	at TempTestSuite1576952307212.run(TempTestSuite1576952307212.groovy:36)
Caused by: com.kms.katalon.core.webui.exception.WebElementNotFoundException: Web element with id: 'Object Repository/Page_ChannelAddMember - FirstTeam Mattermost/div_Nguyen Gia (GiaGia)_more-modal__actions--round' located by 'By.xpath: (.//*[normalize-space(text()) and normalize-space(.)='Nguyen Gia (GiaGia)'])[1]/following::div[2]' not found
	at com.kms.katalon.core.webui.common.WebUiCommonHelper.findWebElement(WebUiCommonHelper.java:1154)
	at com.kms.katalon.core.webui.keyword.internal.WebUIAbstractKeyword.findWebElement(WebUIAbstractKeyword.groovy:27)
	at com.kms.katalon.core.webui.keyword.internal.WebUIAbstractKeyword.findWebElement(WebUIAbstractKeyword.groovy:26)
	at com.kms.katalon.core.webui.keyword.builtin.ClickKeyword$_click_closure1.doCall(ClickKeyword.groovy:67)
	at com.kms.katalon.core.webui.keyword.builtin.ClickKeyword$_click_closure1.call(ClickKeyword.groovy)
	at com.kms.katalon.core.webui.keyword.internal.WebUIKeywordMain.runKeyword(WebUIKeywordMain.groovy:20)
	... 19 more


2019-12-22 01:26:11 - [TEST_STEP][PASSED] - openBrowser(""): Browser is opened with url: ''

2019-12-22 01:26:11 - [MESSAGE][INFO] - Starting 'Firefox' driver

2019-12-22 01:26:17 - [MESSAGE][PASSED] - Browser is opened with url: ''

2019-12-22 01:26:17 - [TEST_STEP][PASSED] - navigateToUrl("https://cs300testautomatic.herokuapp.com/"): Navigate to 'https://cs300testautomatic.herokuapp.com/' successfully

2019-12-22 01:26:20 - [MESSAGE][PASSED] - Navigate to 'https://cs300testautomatic.herokuapp.com/' successfully

2019-12-22 01:26:20 - [TEST_STEP][PASSED] - setText(findTestObject("Page_Mattermost/input_All team communication in one place s_703ef5 (24)"), "dhieu@apcs.vn"): Text 'dhieu@apcs.vn' is set on object 'Object Repository/Page_Mattermost/input_All team communication in one place s_703ef5 (24)'

2019-12-22 01:26:23 - [MESSAGE][PASSED] - Text 'dhieu@apcs.vn' is set on object 'Object Repository/Page_Mattermost/input_All team communication in one place s_703ef5 (24)'

2019-12-22 01:26:23 - [TEST_STEP][PASSED] - setEncryptedText(findTestObject("Page_Mattermost/input_All team communication in one place s_2f2733 (24)"), "iGDxf8hSRT4="): Text ****** has been set on object 'Object Repository/Page_Mattermost/input_All team communication in one place s_2f2733 (24)'

2019-12-22 01:26:24 - [MESSAGE][PASSED] - Text ****** has been set on object 'Object Repository/Page_Mattermost/input_All team communication in one place s_2f2733 (24)'

2019-12-22 01:26:24 - [TEST_STEP][PASSED] - click(findTestObject("Page_Mattermost/button_Sign in (13)")): Object: 'Object Repository/Page_Mattermost/button_Sign in (13)' is clicked on

2019-12-22 01:26:25 - [MESSAGE][PASSED] - Object: 'Object Repository/Page_Mattermost/button_Sign in (13)' is clicked on

2019-12-22 01:26:25 - [TEST_STEP][PASSED] - click(findTestObject("Object Repository/Page_Town Square - FirstTeam Mattermost/div_Fi")): Object: 'Object Repository/Page_Town Square - FirstTeam Mattermost/div_Fi' is clicked on

2019-12-22 01:26:29 - [MESSAGE][PASSED] - Object: 'Object Repository/Page_Town Square - FirstTeam Mattermost/div_Fi' is clicked on

2019-12-22 01:26:29 - [TEST_STEP][PASSED] - click(findTestObject("Object Repository/Page_Town Square - FirstTeam Mattermost/a_ChannelAddMember")): Object: 'Object Repository/Page_Town Square - FirstTeam Mattermost/a_ChannelAddMember' is clicked on

2019-12-22 01:26:29 - [MESSAGE][PASSED] - Object: 'Object Repository/Page_Town Square - FirstTeam Mattermost/a_ChannelAddMember' is clicked on

2019-12-22 01:26:29 - [TEST_STEP][PASSED] - click(findTestObject("Object Repository/Page_ChannelAddMember - FirstTeam Mattermost/span_ChannelAddMember_channelHeaderDropdownIcon")): Object: 'Object Repository/Page_ChannelAddMember - FirstTeam Mattermost/span_ChannelAddMember_channelHeaderDropdownIcon' is clicked on

2019-12-22 01:26:30 - [MESSAGE][PASSED] - Object: 'Object Repository/Page_ChannelAddMember - FirstTeam Mattermost/span_ChannelAddMember_channelHeaderDropdownIcon' is clicked on

2019-12-22 01:26:30 - [TEST_STEP][PASSED] - click(findTestObject("Object Repository/Page_ChannelAddMember - FirstTeam Mattermost/button_Add Members")): Object: 'Object Repository/Page_ChannelAddMember - FirstTeam Mattermost/button_Add Members' is clicked on

2019-12-22 01:26:31 - [MESSAGE][PASSED] - Object: 'Object Repository/Page_ChannelAddMember - FirstTeam Mattermost/button_Add Members' is clicked on

2019-12-22 01:26:31 - [TEST_STEP][FAILED] - click(findTestObject("Object Repository/Page_ChannelAddMember - FirstTeam Mattermost/div_Nguyen Gia (GiaGia)_more-modal__actions--round")): Unable to click on object 'Object Repository/Page_ChannelAddMember - FirstTeam Mattermost/div_Nguyen Gia (GiaGia)_more-modal__actions--round' (Root cause: com.kms.katalon.core.exception.StepFailedException: Unable to click on object 'Object Repository/Page_ChannelAddMember - FirstTeam Mattermost/div_Nguyen Gia (GiaGia)_more-modal__actions--round'
	at com.kms.katalon.core.webui.keyword.internal.WebUIKeywordMain.stepFailed(WebUIKeywordMain.groovy:64)
	at com.kms.katalon.core.webui.keyword.internal.WebUIKeywordMain.runKeyword(WebUIKeywordMain.groovy:26)
	at com.kms.katalon.core.webui.keyword.builtin.ClickKeyword.click(ClickKeyword.groovy:102)
	at com.kms.katalon.core.webui.keyword.builtin.ClickKeyword.execute(ClickKeyword.groovy:43)
	at com.kms.katalon.core.keyword.internal.KeywordExecutor.executeKeywordForPlatform(KeywordExecutor.groovy:72)
	at com.kms.katalon.core.webui.keyword.WebUiBuiltInKeywords.click(WebUiBuiltInKeywords.groovy:616)
	at com.kms.katalon.core.webui.keyword.WebUiBuiltInKeywords$click$3.call(Unknown Source)
	at TestCase16AddMembersToChannel.run(TestCase16AddMembersToChannel:37)
	at com.kms.katalon.core.main.ScriptEngine.run(ScriptEngine.java:194)
	at com.kms.katalon.core.main.ScriptEngine.runScriptAsRawText(ScriptEngine.java:119)
	at com.kms.katalon.core.main.TestCaseExecutor.runScript(TestCaseExecutor.java:337)
	at com.kms.katalon.core.main.TestCaseExecutor.doExecute(TestCaseExecutor.java:328)
	at com.kms.katalon.core.main.TestCaseExecutor.processExecutionPhase(TestCaseExecutor.java:307)
	at com.kms.katalon.core.main.TestCaseExecutor.accessMainPhase(TestCaseExecutor.java:299)
	at com.kms.katalon.core.main.TestCaseExecutor.execute(TestCaseExecutor.java:233)
	at com.kms.katalon.core.main.TestSuiteExecutor.accessTestCaseMainPhase(TestSuiteExecutor.java:169)
	at com.kms.katalon.core.main.TestSuiteExecutor.accessTestSuiteMainPhase(TestSuiteExecutor.java:142)
	at com.kms.katalon.core.main.TestSuiteExecutor.execute(TestSuiteExecutor.java:91)
	at com.kms.katalon.core.main.TestCaseMain.startTestSuite(TestCaseMain.java:157)
	at com.kms.katalon.core.main.TestCaseMain$startTestSuite$0.call(Unknown Source)
	at TempTestSuite1576952307212.run(TempTestSuite1576952307212.groovy:36)
Caused by: com.kms.katalon.core.webui.exception.WebElementNotFoundException: Web element with id: 'Object Repository/Page_ChannelAddMember - FirstTeam Mattermost/div_Nguyen Gia (GiaGia)_more-modal__actions--round' located by 'By.xpath: (.//*[normalize-space(text()) and normalize-space(.)='Nguyen Gia (GiaGia)'])[1]/following::div[2]' not found
	at com.kms.katalon.core.webui.common.WebUiCommonHelper.findWebElement(WebUiCommonHelper.java:1154)
	at com.kms.katalon.core.webui.keyword.internal.WebUIAbstractKeyword.findWebElement(WebUIAbstractKeyword.groovy:27)
	at com.kms.katalon.core.webui.keyword.internal.WebUIAbstractKeyword.findWebElement(WebUIAbstractKeyword.groovy:26)
	at com.kms.katalon.core.webui.keyword.builtin.ClickKeyword$_click_closure1.doCall(ClickKeyword.groovy:67)
	at com.kms.katalon.core.webui.keyword.builtin.ClickKeyword$_click_closure1.call(ClickKeyword.groovy)
	at com.kms.katalon.core.webui.keyword.internal.WebUIKeywordMain.runKeyword(WebUIKeywordMain.groovy:20)
	at com.kms.katalon.core.webui.keyword.builtin.ClickKeyword.click(ClickKeyword.groovy:102)
	at com.kms.katalon.core.webui.keyword.builtin.ClickKeyword.execute(ClickKeyword.groovy:43)
	at com.kms.katalon.core.keyword.internal.KeywordExecutor.executeKeywordForPlatform(KeywordExecutor.groovy:72)
	at com.kms.katalon.core.webui.keyword.WebUiBuiltInKeywords.click(WebUiBuiltInKeywords.groovy:616)
	at com.kms.katalon.core.webui.keyword.WebUiBuiltInKeywords$click$3.call(Unknown Source)
	at Script1576842225611.run(Script1576842225611.groovy:37)
	... 13 more
)

2019-12-22 01:27:16 - [MESSAGE][INFO] - Unable to find the element located by 'By.xpath: (.//*[normalize-space(text()) and normalize-space(.)='Nguyen Gia (GiaGia)'])[1]/following::div[2]'. Please recheck the objects properties to make sure the desired element is located. 

2019-12-22 01:27:17 - [MESSAGE][FAILED] - Unable to click on object 'Object Repository/Page_ChannelAddMember - FirstTeam Mattermost/div_Nguyen Gia (GiaGia)_more-modal__actions--round' (Root cause: com.kms.katalon.core.exception.StepFailedException: Unable to click on object 'Object Repository/Page_ChannelAddMember - FirstTeam Mattermost/div_Nguyen Gia (GiaGia)_more-modal__actions--round'
	at com.kms.katalon.core.webui.keyword.internal.WebUIKeywordMain.stepFailed(WebUIKeywordMain.groovy:64)
	at com.kms.katalon.core.webui.keyword.internal.WebUIKeywordMain.runKeyword(WebUIKeywordMain.groovy:26)
	at com.kms.katalon.core.webui.keyword.builtin.ClickKeyword.click(ClickKeyword.groovy:102)
	at com.kms.katalon.core.webui.keyword.builtin.ClickKeyword.execute(ClickKeyword.groovy:43)
	at com.kms.katalon.core.keyword.internal.KeywordExecutor.executeKeywordForPlatform(KeywordExecutor.groovy:72)
	at com.kms.katalon.core.webui.keyword.WebUiBuiltInKeywords.click(WebUiBuiltInKeywords.groovy:616)
	at com.kms.katalon.core.webui.keyword.WebUiBuiltInKeywords$click$3.call(Unknown Source)
	at TestCase16AddMembersToChannel.run(TestCase16AddMembersToChannel:37)
	at com.kms.katalon.core.main.ScriptEngine.run(ScriptEngine.java:194)
	at com.kms.katalon.core.main.ScriptEngine.runScriptAsRawText(ScriptEngine.java:119)
	at com.kms.katalon.core.main.TestCaseExecutor.runScript(TestCaseExecutor.java:337)
	at com.kms.katalon.core.main.TestCaseExecutor.doExecute(TestCaseExecutor.java:328)
	at com.kms.katalon.core.main.TestCaseExecutor.processExecutionPhase(TestCaseExecutor.java:307)
	at com.kms.katalon.core.main.TestCaseExecutor.accessMainPhase(TestCaseExecutor.java:299)
	at com.kms.katalon.core.main.TestCaseExecutor.execute(TestCaseExecutor.java:233)
	at com.kms.katalon.core.main.TestSuiteExecutor.accessTestCaseMainPhase(TestSuiteExecutor.java:169)
	at com.kms.katalon.core.main.TestSuiteExecutor.accessTestSuiteMainPhase(TestSuiteExecutor.java:142)
	at com.kms.katalon.core.main.TestSuiteExecutor.execute(TestSuiteExecutor.java:91)
	at com.kms.katalon.core.main.TestCaseMain.startTestSuite(TestCaseMain.java:157)
	at com.kms.katalon.core.main.TestCaseMain$startTestSuite$0.call(Unknown Source)
	at TempTestSuite1576952307212.run(TempTestSuite1576952307212.groovy:36)
Caused by: com.kms.katalon.core.webui.exception.WebElementNotFoundException: Web element with id: 'Object Repository/Page_ChannelAddMember - FirstTeam Mattermost/div_Nguyen Gia (GiaGia)_more-modal__actions--round' located by 'By.xpath: (.//*[normalize-space(text()) and normalize-space(.)='Nguyen Gia (GiaGia)'])[1]/following::div[2]' not found
	at com.kms.katalon.core.webui.common.WebUiCommonHelper.findWebElement(WebUiCommonHelper.java:1154)
	at com.kms.katalon.core.webui.keyword.internal.WebUIAbstractKeyword.findWebElement(WebUIAbstractKeyword.groovy:27)
	at com.kms.katalon.core.webui.keyword.internal.WebUIAbstractKeyword.findWebElement(WebUIAbstractKeyword.groovy:26)
	at com.kms.katalon.core.webui.keyword.builtin.ClickKeyword$_click_closure1.doCall(ClickKeyword.groovy:67)
	at com.kms.katalon.core.webui.keyword.builtin.ClickKeyword$_click_closure1.call(ClickKeyword.groovy)
	at com.kms.katalon.core.webui.keyword.internal.WebUIKeywordMain.runKeyword(WebUIKeywordMain.groovy:20)
	at com.kms.katalon.core.webui.keyword.builtin.ClickKeyword.click(ClickKeyword.groovy:102)
	at com.kms.katalon.core.webui.keyword.builtin.ClickKeyword.execute(ClickKeyword.groovy:43)
	at com.kms.katalon.core.keyword.internal.KeywordExecutor.executeKeywordForPlatform(KeywordExecutor.groovy:72)
	at com.kms.katalon.core.webui.keyword.WebUiBuiltInKeywords.click(WebUiBuiltInKeywords.groovy:616)
	at com.kms.katalon.core.webui.keyword.WebUiBuiltInKeywords$click$3.call(Unknown Source)
	at Script1576842225611.run(Script1576842225611.groovy:37)
	... 13 more
)
[[ATTACHMENT|E:\\APCS\\2019-2020\\Term1\\CS300\\Github\\CS300AutomaticWebTesting\\Reports\\20191222_011827\\Run All Test Cases\\20191222_011827\\1576952836956.png]]]]></system-out>
         <system-err><![CDATA[2019-12-22 01:26:10 - [TEST_CASE][FAILED] - Test Cases/TestCase16AddMembersToChannel: Test Cases/TestCase16AddMembersToChannel FAILED.
Reason:
com.kms.katalon.core.exception.StepFailedException: Unable to click on object 'Object Repository/Page_ChannelAddMember - FirstTeam Mattermost/div_Nguyen Gia (GiaGia)_more-modal__actions--round'
	at com.kms.katalon.core.webui.keyword.internal.WebUIKeywordMain.stepFailed(WebUIKeywordMain.groovy:64)
	at com.kms.katalon.core.webui.keyword.internal.WebUIKeywordMain.runKeyword(WebUIKeywordMain.groovy:26)
	at com.kms.katalon.core.webui.keyword.builtin.ClickKeyword.click(ClickKeyword.groovy:102)
	at com.kms.katalon.core.webui.keyword.builtin.ClickKeyword.execute(ClickKeyword.groovy:43)
	at com.kms.katalon.core.keyword.internal.KeywordExecutor.executeKeywordForPlatform(KeywordExecutor.groovy:72)
	at com.kms.katalon.core.webui.keyword.WebUiBuiltInKeywords.click(WebUiBuiltInKeywords.groovy:616)
	at com.kms.katalon.core.webui.keyword.WebUiBuiltInKeywords$click$3.call(Unknown Source)
	at TestCase16AddMembersToChannel.run(TestCase16AddMembersToChannel:37)
	at com.kms.katalon.core.main.ScriptEngine.run(ScriptEngine.java:194)
	at com.kms.katalon.core.main.ScriptEngine.runScriptAsRawText(ScriptEngine.java:119)
	at com.kms.katalon.core.main.TestCaseExecutor.runScript(TestCaseExecutor.java:337)
	at com.kms.katalon.core.main.TestCaseExecutor.doExecute(TestCaseExecutor.java:328)
	at com.kms.katalon.core.main.TestCaseExecutor.processExecutionPhase(TestCaseExecutor.java:307)
	at com.kms.katalon.core.main.TestCaseExecutor.accessMainPhase(TestCaseExecutor.java:299)
	at com.kms.katalon.core.main.TestCaseExecutor.execute(TestCaseExecutor.java:233)
	at com.kms.katalon.core.main.TestSuiteExecutor.accessTestCaseMainPhase(TestSuiteExecutor.java:169)
	at com.kms.katalon.core.main.TestSuiteExecutor.accessTestSuiteMainPhase(TestSuiteExecutor.java:142)
	at com.kms.katalon.core.main.TestSuiteExecutor.execute(TestSuiteExecutor.java:91)
	at com.kms.katalon.core.main.TestCaseMain.startTestSuite(TestCaseMain.java:157)
	at com.kms.katalon.core.main.TestCaseMain$startTestSuite$0.call(Unknown Source)
	at TempTestSuite1576952307212.run(TempTestSuite1576952307212.groovy:36)
Caused by: com.kms.katalon.core.webui.exception.WebElementNotFoundException: Web element with id: 'Object Repository/Page_ChannelAddMember - FirstTeam Mattermost/div_Nguyen Gia (GiaGia)_more-modal__actions--round' located by 'By.xpath: (.//*[normalize-space(text()) and normalize-space(.)='Nguyen Gia (GiaGia)'])[1]/following::div[2]' not found
	at com.kms.katalon.core.webui.common.WebUiCommonHelper.findWebElement(WebUiCommonHelper.java:1154)
	at com.kms.katalon.core.webui.keyword.internal.WebUIAbstractKeyword.findWebElement(WebUIAbstractKeyword.groovy:27)
	at com.kms.katalon.core.webui.keyword.internal.WebUIAbstractKeyword.findWebElement(WebUIAbstractKeyword.groovy:26)
	at com.kms.katalon.core.webui.keyword.builtin.ClickKeyword$_click_closure1.doCall(ClickKeyword.groovy:67)
	at com.kms.katalon.core.webui.keyword.builtin.ClickKeyword$_click_closure1.call(ClickKeyword.groovy)
	at com.kms.katalon.core.webui.keyword.internal.WebUIKeywordMain.runKeyword(WebUIKeywordMain.groovy:20)
	... 19 more]]></system-err>
      </testcase>
      <testcase name="Test Cases/TestCase17RemoveMemberFromChannel" time="71.82" classname="Test Cases/TestCase17RemoveMemberFromChannel" status="FAILED">
         <failure type="FAILED" message="Test Cases/TestCase17RemoveMemberFromChannel FAILED.
Reason:
com.kms.katalon.core.exception.StepFailedException: Unable to click on object 'Object Repository/Page_ChannelAddMember - FirstTeam Mattermost/button_Channel MembergiabeuuRemove Member'
	at com.kms.katalon.core.webui.keyword.internal.WebUIKeywordMain.stepFailed(WebUIKeywordMain.groovy:64)
	at com.kms.katalon.core.webui.keyword.internal.WebUIKeywordMain.runKeyword(WebUIKeywordMain.groovy:26)
	at com.kms.katalon.core.webui.keyword.builtin.ClickKeyword.click(ClickKeyword.groovy:102)
	at com.kms.katalon.core.webui.keyword.builtin.ClickKeyword.execute(ClickKeyword.groovy:43)
	at com.kms.katalon.core.keyword.internal.KeywordExecutor.executeKeywordForPlatform(KeywordExecutor.groovy:72)
	at com.kms.katalon.core.webui.keyword.WebUiBuiltInKeywords.click(WebUiBuiltInKeywords.groovy:616)
	at com.kms.katalon.core.webui.keyword.WebUiBuiltInKeywords$click$3.call(Unknown Source)
	at TestCase17RemoveMemberFromChannel.run(TestCase17RemoveMemberFromChannel:37)
	at com.kms.katalon.core.main.ScriptEngine.run(ScriptEngine.java:194)
	at com.kms.katalon.core.main.ScriptEngine.runScriptAsRawText(ScriptEngine.java:119)
	at com.kms.katalon.core.main.TestCaseExecutor.runScript(TestCaseExecutor.java:337)
	at com.kms.katalon.core.main.TestCaseExecutor.doExecute(TestCaseExecutor.java:328)
	at com.kms.katalon.core.main.TestCaseExecutor.processExecutionPhase(TestCaseExecutor.java:307)
	at com.kms.katalon.core.main.TestCaseExecutor.accessMainPhase(TestCaseExecutor.java:299)
	at com.kms.katalon.core.main.TestCaseExecutor.execute(TestCaseExecutor.java:233)
	at com.kms.katalon.core.main.TestSuiteExecutor.accessTestCaseMainPhase(TestSuiteExecutor.java:169)
	at com.kms.katalon.core.main.TestSuiteExecutor.accessTestSuiteMainPhase(TestSuiteExecutor.java:142)
	at com.kms.katalon.core.main.TestSuiteExecutor.execute(TestSuiteExecutor.java:91)
	at com.kms.katalon.core.main.TestCaseMain.startTestSuite(TestCaseMain.java:157)
	at com.kms.katalon.core.main.TestCaseMain$startTestSuite$0.call(Unknown Source)
	at TempTestSuite1576952307212.run(TempTestSuite1576952307212.groovy:36)
Caused by: com.kms.katalon.core.webui.exception.WebElementNotFoundException: Web element with id: 'Object Repository/Page_ChannelAddMember - FirstTeam Mattermost/button_Channel MembergiabeuuRemove Member' located by 'By.xpath: //button[@id='removeMember']' not found
	at com.kms.katalon.core.webui.common.WebUiCommonHelper.findWebElement(WebUiCommonHelper.java:1154)
	at com.kms.katalon.core.webui.keyword.internal.WebUIAbstractKeyword.findWebElement(WebUIAbstractKeyword.groovy:27)
	at com.kms.katalon.core.webui.keyword.internal.WebUIAbstractKeyword.findWebElement(WebUIAbstractKeyword.groovy:26)
	at com.kms.katalon.core.webui.keyword.builtin.ClickKeyword$_click_closure1.doCall(ClickKeyword.groovy:67)
	at com.kms.katalon.core.webui.keyword.builtin.ClickKeyword$_click_closure1.call(ClickKeyword.groovy)
	at com.kms.katalon.core.webui.keyword.internal.WebUIKeywordMain.runKeyword(WebUIKeywordMain.groovy:20)
	... 19 more
"/>
         <system-out><![CDATA[2019-12-22 01:27:17 - [TEST_CASE][FAILED] - Test Cases/TestCase17RemoveMemberFromChannel: Test Cases/TestCase17RemoveMemberFromChannel FAILED.
Reason:
com.kms.katalon.core.exception.StepFailedException: Unable to click on object 'Object Repository/Page_ChannelAddMember - FirstTeam Mattermost/button_Channel MembergiabeuuRemove Member'
	at com.kms.katalon.core.webui.keyword.internal.WebUIKeywordMain.stepFailed(WebUIKeywordMain.groovy:64)
	at com.kms.katalon.core.webui.keyword.internal.WebUIKeywordMain.runKeyword(WebUIKeywordMain.groovy:26)
	at com.kms.katalon.core.webui.keyword.builtin.ClickKeyword.click(ClickKeyword.groovy:102)
	at com.kms.katalon.core.webui.keyword.builtin.ClickKeyword.execute(ClickKeyword.groovy:43)
	at com.kms.katalon.core.keyword.internal.KeywordExecutor.executeKeywordForPlatform(KeywordExecutor.groovy:72)
	at com.kms.katalon.core.webui.keyword.WebUiBuiltInKeywords.click(WebUiBuiltInKeywords.groovy:616)
	at com.kms.katalon.core.webui.keyword.WebUiBuiltInKeywords$click$3.call(Unknown Source)
	at TestCase17RemoveMemberFromChannel.run(TestCase17RemoveMemberFromChannel:37)
	at com.kms.katalon.core.main.ScriptEngine.run(ScriptEngine.java:194)
	at com.kms.katalon.core.main.ScriptEngine.runScriptAsRawText(ScriptEngine.java:119)
	at com.kms.katalon.core.main.TestCaseExecutor.runScript(TestCaseExecutor.java:337)
	at com.kms.katalon.core.main.TestCaseExecutor.doExecute(TestCaseExecutor.java:328)
	at com.kms.katalon.core.main.TestCaseExecutor.processExecutionPhase(TestCaseExecutor.java:307)
	at com.kms.katalon.core.main.TestCaseExecutor.accessMainPhase(TestCaseExecutor.java:299)
	at com.kms.katalon.core.main.TestCaseExecutor.execute(TestCaseExecutor.java:233)
	at com.kms.katalon.core.main.TestSuiteExecutor.accessTestCaseMainPhase(TestSuiteExecutor.java:169)
	at com.kms.katalon.core.main.TestSuiteExecutor.accessTestSuiteMainPhase(TestSuiteExecutor.java:142)
	at com.kms.katalon.core.main.TestSuiteExecutor.execute(TestSuiteExecutor.java:91)
	at com.kms.katalon.core.main.TestCaseMain.startTestSuite(TestCaseMain.java:157)
	at com.kms.katalon.core.main.TestCaseMain$startTestSuite$0.call(Unknown Source)
	at TempTestSuite1576952307212.run(TempTestSuite1576952307212.groovy:36)
Caused by: com.kms.katalon.core.webui.exception.WebElementNotFoundException: Web element with id: 'Object Repository/Page_ChannelAddMember - FirstTeam Mattermost/button_Channel MembergiabeuuRemove Member' located by 'By.xpath: //button[@id='removeMember']' not found
	at com.kms.katalon.core.webui.common.WebUiCommonHelper.findWebElement(WebUiCommonHelper.java:1154)
	at com.kms.katalon.core.webui.keyword.internal.WebUIAbstractKeyword.findWebElement(WebUIAbstractKeyword.groovy:27)
	at com.kms.katalon.core.webui.keyword.internal.WebUIAbstractKeyword.findWebElement(WebUIAbstractKeyword.groovy:26)
	at com.kms.katalon.core.webui.keyword.builtin.ClickKeyword$_click_closure1.doCall(ClickKeyword.groovy:67)
	at com.kms.katalon.core.webui.keyword.builtin.ClickKeyword$_click_closure1.call(ClickKeyword.groovy)
	at com.kms.katalon.core.webui.keyword.internal.WebUIKeywordMain.runKeyword(WebUIKeywordMain.groovy:20)
	... 19 more


2019-12-22 01:27:17 - [TEST_STEP][PASSED] - openBrowser(""): Browser is opened with url: ''

2019-12-22 01:27:17 - [MESSAGE][WARNING] - A browser is already opened. Closing browser and opening a new one

2019-12-22 01:27:21 - [MESSAGE][INFO] - Starting 'Firefox' driver

2019-12-22 01:27:26 - [MESSAGE][PASSED] - Browser is opened with url: ''

2019-12-22 01:27:26 - [TEST_STEP][PASSED] - navigateToUrl("https://cs300testautomatic.herokuapp.com/"): Navigate to 'https://cs300testautomatic.herokuapp.com/' successfully

2019-12-22 01:27:31 - [MESSAGE][PASSED] - Navigate to 'https://cs300testautomatic.herokuapp.com/' successfully

2019-12-22 01:27:31 - [TEST_STEP][PASSED] - setText(findTestObject("Page_Mattermost/input_All team communication in one place s_703ef5 (25)"), "dhieu@apcs.vn"): Text 'dhieu@apcs.vn' is set on object 'Object Repository/Page_Mattermost/input_All team communication in one place s_703ef5 (25)'

2019-12-22 01:27:35 - [MESSAGE][PASSED] - Text 'dhieu@apcs.vn' is set on object 'Object Repository/Page_Mattermost/input_All team communication in one place s_703ef5 (25)'

2019-12-22 01:27:35 - [TEST_STEP][PASSED] - setEncryptedText(findTestObject("Page_Mattermost/input_All team communication in one place s_2f2733 (25)"), "iGDxf8hSRT4="): Text ****** has been set on object 'Object Repository/Page_Mattermost/input_All team communication in one place s_2f2733 (25)'

2019-12-22 01:27:36 - [MESSAGE][PASSED] - Text ****** has been set on object 'Object Repository/Page_Mattermost/input_All team communication in one place s_2f2733 (25)'

2019-12-22 01:27:36 - [TEST_STEP][PASSED] - click(findTestObject("Page_Mattermost/button_Sign in (14)")): Object: 'Object Repository/Page_Mattermost/button_Sign in (14)' is clicked on

2019-12-22 01:27:36 - [MESSAGE][PASSED] - Object: 'Object Repository/Page_Mattermost/button_Sign in (14)' is clicked on

2019-12-22 01:27:36 - [TEST_STEP][PASSED] - click(findTestObject("Page_Town Square - FirstTeam Mattermost/div_Fi (1)")): Object: 'Object Repository/Page_Town Square - FirstTeam Mattermost/div_Fi (1)' is clicked on

2019-12-22 01:27:41 - [MESSAGE][PASSED] - Object: 'Object Repository/Page_Town Square - FirstTeam Mattermost/div_Fi (1)' is clicked on

2019-12-22 01:27:41 - [TEST_STEP][PASSED] - click(findTestObject("Page_Town Square - FirstTeam Mattermost/a_ChannelAddMember (1)")): Object: 'Object Repository/Page_Town Square - FirstTeam Mattermost/a_ChannelAddMember (1)' is clicked on

2019-12-22 01:27:41 - [MESSAGE][PASSED] - Object: 'Object Repository/Page_Town Square - FirstTeam Mattermost/a_ChannelAddMember (1)' is clicked on

2019-12-22 01:27:41 - [TEST_STEP][PASSED] - click(findTestObject("Page_ChannelAddMember - FirstTeam Mattermost/span_ChannelAddMember_channelHeaderDropdownIcon (1)")): Object: 'Object Repository/Page_ChannelAddMember - FirstTeam Mattermost/span_ChannelAddMember_channelHeaderDropdownIcon (1)' is clicked on

2019-12-22 01:27:42 - [MESSAGE][PASSED] - Object: 'Object Repository/Page_ChannelAddMember - FirstTeam Mattermost/span_ChannelAddMember_channelHeaderDropdownIcon (1)' is clicked on

2019-12-22 01:27:42 - [TEST_STEP][PASSED] - click(findTestObject("Object Repository/Page_ChannelAddMember - FirstTeam Mattermost/button_Manage Members")): Object: 'Object Repository/Page_ChannelAddMember - FirstTeam Mattermost/button_Manage Members' is clicked on

2019-12-22 01:27:43 - [MESSAGE][PASSED] - Object: 'Object Repository/Page_ChannelAddMember - FirstTeam Mattermost/button_Manage Members' is clicked on

2019-12-22 01:27:43 - [TEST_STEP][FAILED] - click(findTestObject("Object Repository/Page_ChannelAddMember - FirstTeam Mattermost/button_Channel MembergiabeuuRemove Member")): Unable to click on object 'Object Repository/Page_ChannelAddMember - FirstTeam Mattermost/button_Channel MembergiabeuuRemove Member' (Root cause: com.kms.katalon.core.exception.StepFailedException: Unable to click on object 'Object Repository/Page_ChannelAddMember - FirstTeam Mattermost/button_Channel MembergiabeuuRemove Member'
	at com.kms.katalon.core.webui.keyword.internal.WebUIKeywordMain.stepFailed(WebUIKeywordMain.groovy:64)
	at com.kms.katalon.core.webui.keyword.internal.WebUIKeywordMain.runKeyword(WebUIKeywordMain.groovy:26)
	at com.kms.katalon.core.webui.keyword.builtin.ClickKeyword.click(ClickKeyword.groovy:102)
	at com.kms.katalon.core.webui.keyword.builtin.ClickKeyword.execute(ClickKeyword.groovy:43)
	at com.kms.katalon.core.keyword.internal.KeywordExecutor.executeKeywordForPlatform(KeywordExecutor.groovy:72)
	at com.kms.katalon.core.webui.keyword.WebUiBuiltInKeywords.click(WebUiBuiltInKeywords.groovy:616)
	at com.kms.katalon.core.webui.keyword.WebUiBuiltInKeywords$click$3.call(Unknown Source)
	at TestCase17RemoveMemberFromChannel.run(TestCase17RemoveMemberFromChannel:37)
	at com.kms.katalon.core.main.ScriptEngine.run(ScriptEngine.java:194)
	at com.kms.katalon.core.main.ScriptEngine.runScriptAsRawText(ScriptEngine.java:119)
	at com.kms.katalon.core.main.TestCaseExecutor.runScript(TestCaseExecutor.java:337)
	at com.kms.katalon.core.main.TestCaseExecutor.doExecute(TestCaseExecutor.java:328)
	at com.kms.katalon.core.main.TestCaseExecutor.processExecutionPhase(TestCaseExecutor.java:307)
	at com.kms.katalon.core.main.TestCaseExecutor.accessMainPhase(TestCaseExecutor.java:299)
	at com.kms.katalon.core.main.TestCaseExecutor.execute(TestCaseExecutor.java:233)
	at com.kms.katalon.core.main.TestSuiteExecutor.accessTestCaseMainPhase(TestSuiteExecutor.java:169)
	at com.kms.katalon.core.main.TestSuiteExecutor.accessTestSuiteMainPhase(TestSuiteExecutor.java:142)
	at com.kms.katalon.core.main.TestSuiteExecutor.execute(TestSuiteExecutor.java:91)
	at com.kms.katalon.core.main.TestCaseMain.startTestSuite(TestCaseMain.java:157)
	at com.kms.katalon.core.main.TestCaseMain$startTestSuite$0.call(Unknown Source)
	at TempTestSuite1576952307212.run(TempTestSuite1576952307212.groovy:36)
Caused by: com.kms.katalon.core.webui.exception.WebElementNotFoundException: Web element with id: 'Object Repository/Page_ChannelAddMember - FirstTeam Mattermost/button_Channel MembergiabeuuRemove Member' located by 'By.xpath: //button[@id='removeMember']' not found
	at com.kms.katalon.core.webui.common.WebUiCommonHelper.findWebElement(WebUiCommonHelper.java:1154)
	at com.kms.katalon.core.webui.keyword.internal.WebUIAbstractKeyword.findWebElement(WebUIAbstractKeyword.groovy:27)
	at com.kms.katalon.core.webui.keyword.internal.WebUIAbstractKeyword.findWebElement(WebUIAbstractKeyword.groovy:26)
	at com.kms.katalon.core.webui.keyword.builtin.ClickKeyword$_click_closure1.doCall(ClickKeyword.groovy:67)
	at com.kms.katalon.core.webui.keyword.builtin.ClickKeyword$_click_closure1.call(ClickKeyword.groovy)
	at com.kms.katalon.core.webui.keyword.internal.WebUIKeywordMain.runKeyword(WebUIKeywordMain.groovy:20)
	at com.kms.katalon.core.webui.keyword.builtin.ClickKeyword.click(ClickKeyword.groovy:102)
	at com.kms.katalon.core.webui.keyword.builtin.ClickKeyword.execute(ClickKeyword.groovy:43)
	at com.kms.katalon.core.keyword.internal.KeywordExecutor.executeKeywordForPlatform(KeywordExecutor.groovy:72)
	at com.kms.katalon.core.webui.keyword.WebUiBuiltInKeywords.click(WebUiBuiltInKeywords.groovy:616)
	at com.kms.katalon.core.webui.keyword.WebUiBuiltInKeywords$click$3.call(Unknown Source)
	at Script1576918576978.run(Script1576918576978.groovy:37)
	... 13 more
)

2019-12-22 01:28:28 - [MESSAGE][INFO] - Unable to find the element located by 'By.xpath: //button[@id='removeMember']'. Please recheck the objects properties to make sure the desired element is located. 

2019-12-22 01:28:28 - [MESSAGE][FAILED] - Unable to click on object 'Object Repository/Page_ChannelAddMember - FirstTeam Mattermost/button_Channel MembergiabeuuRemove Member' (Root cause: com.kms.katalon.core.exception.StepFailedException: Unable to click on object 'Object Repository/Page_ChannelAddMember - FirstTeam Mattermost/button_Channel MembergiabeuuRemove Member'
	at com.kms.katalon.core.webui.keyword.internal.WebUIKeywordMain.stepFailed(WebUIKeywordMain.groovy:64)
	at com.kms.katalon.core.webui.keyword.internal.WebUIKeywordMain.runKeyword(WebUIKeywordMain.groovy:26)
	at com.kms.katalon.core.webui.keyword.builtin.ClickKeyword.click(ClickKeyword.groovy:102)
	at com.kms.katalon.core.webui.keyword.builtin.ClickKeyword.execute(ClickKeyword.groovy:43)
	at com.kms.katalon.core.keyword.internal.KeywordExecutor.executeKeywordForPlatform(KeywordExecutor.groovy:72)
	at com.kms.katalon.core.webui.keyword.WebUiBuiltInKeywords.click(WebUiBuiltInKeywords.groovy:616)
	at com.kms.katalon.core.webui.keyword.WebUiBuiltInKeywords$click$3.call(Unknown Source)
	at TestCase17RemoveMemberFromChannel.run(TestCase17RemoveMemberFromChannel:37)
	at com.kms.katalon.core.main.ScriptEngine.run(ScriptEngine.java:194)
	at com.kms.katalon.core.main.ScriptEngine.runScriptAsRawText(ScriptEngine.java:119)
	at com.kms.katalon.core.main.TestCaseExecutor.runScript(TestCaseExecutor.java:337)
	at com.kms.katalon.core.main.TestCaseExecutor.doExecute(TestCaseExecutor.java:328)
	at com.kms.katalon.core.main.TestCaseExecutor.processExecutionPhase(TestCaseExecutor.java:307)
	at com.kms.katalon.core.main.TestCaseExecutor.accessMainPhase(TestCaseExecutor.java:299)
	at com.kms.katalon.core.main.TestCaseExecutor.execute(TestCaseExecutor.java:233)
	at com.kms.katalon.core.main.TestSuiteExecutor.accessTestCaseMainPhase(TestSuiteExecutor.java:169)
	at com.kms.katalon.core.main.TestSuiteExecutor.accessTestSuiteMainPhase(TestSuiteExecutor.java:142)
	at com.kms.katalon.core.main.TestSuiteExecutor.execute(TestSuiteExecutor.java:91)
	at com.kms.katalon.core.main.TestCaseMain.startTestSuite(TestCaseMain.java:157)
	at com.kms.katalon.core.main.TestCaseMain$startTestSuite$0.call(Unknown Source)
	at TempTestSuite1576952307212.run(TempTestSuite1576952307212.groovy:36)
Caused by: com.kms.katalon.core.webui.exception.WebElementNotFoundException: Web element with id: 'Object Repository/Page_ChannelAddMember - FirstTeam Mattermost/button_Channel MembergiabeuuRemove Member' located by 'By.xpath: //button[@id='removeMember']' not found
	at com.kms.katalon.core.webui.common.WebUiCommonHelper.findWebElement(WebUiCommonHelper.java:1154)
	at com.kms.katalon.core.webui.keyword.internal.WebUIAbstractKeyword.findWebElement(WebUIAbstractKeyword.groovy:27)
	at com.kms.katalon.core.webui.keyword.internal.WebUIAbstractKeyword.findWebElement(WebUIAbstractKeyword.groovy:26)
	at com.kms.katalon.core.webui.keyword.builtin.ClickKeyword$_click_closure1.doCall(ClickKeyword.groovy:67)
	at com.kms.katalon.core.webui.keyword.builtin.ClickKeyword$_click_closure1.call(ClickKeyword.groovy)
	at com.kms.katalon.core.webui.keyword.internal.WebUIKeywordMain.runKeyword(WebUIKeywordMain.groovy:20)
	at com.kms.katalon.core.webui.keyword.builtin.ClickKeyword.click(ClickKeyword.groovy:102)
	at com.kms.katalon.core.webui.keyword.builtin.ClickKeyword.execute(ClickKeyword.groovy:43)
	at com.kms.katalon.core.keyword.internal.KeywordExecutor.executeKeywordForPlatform(KeywordExecutor.groovy:72)
	at com.kms.katalon.core.webui.keyword.WebUiBuiltInKeywords.click(WebUiBuiltInKeywords.groovy:616)
	at com.kms.katalon.core.webui.keyword.WebUiBuiltInKeywords$click$3.call(Unknown Source)
	at Script1576918576978.run(Script1576918576978.groovy:37)
	... 13 more
)
[[ATTACHMENT|E:\\APCS\\2019-2020\\Term1\\CS300\\Github\\CS300AutomaticWebTesting\\Reports\\20191222_011827\\Run All Test Cases\\20191222_011827\\1576952908787.png]]]]></system-out>
         <system-err><![CDATA[2019-12-22 01:27:17 - [TEST_CASE][FAILED] - Test Cases/TestCase17RemoveMemberFromChannel: Test Cases/TestCase17RemoveMemberFromChannel FAILED.
Reason:
com.kms.katalon.core.exception.StepFailedException: Unable to click on object 'Object Repository/Page_ChannelAddMember - FirstTeam Mattermost/button_Channel MembergiabeuuRemove Member'
	at com.kms.katalon.core.webui.keyword.internal.WebUIKeywordMain.stepFailed(WebUIKeywordMain.groovy:64)
	at com.kms.katalon.core.webui.keyword.internal.WebUIKeywordMain.runKeyword(WebUIKeywordMain.groovy:26)
	at com.kms.katalon.core.webui.keyword.builtin.ClickKeyword.click(ClickKeyword.groovy:102)
	at com.kms.katalon.core.webui.keyword.builtin.ClickKeyword.execute(ClickKeyword.groovy:43)
	at com.kms.katalon.core.keyword.internal.KeywordExecutor.executeKeywordForPlatform(KeywordExecutor.groovy:72)
	at com.kms.katalon.core.webui.keyword.WebUiBuiltInKeywords.click(WebUiBuiltInKeywords.groovy:616)
	at com.kms.katalon.core.webui.keyword.WebUiBuiltInKeywords$click$3.call(Unknown Source)
	at TestCase17RemoveMemberFromChannel.run(TestCase17RemoveMemberFromChannel:37)
	at com.kms.katalon.core.main.ScriptEngine.run(ScriptEngine.java:194)
	at com.kms.katalon.core.main.ScriptEngine.runScriptAsRawText(ScriptEngine.java:119)
	at com.kms.katalon.core.main.TestCaseExecutor.runScript(TestCaseExecutor.java:337)
	at com.kms.katalon.core.main.TestCaseExecutor.doExecute(TestCaseExecutor.java:328)
	at com.kms.katalon.core.main.TestCaseExecutor.processExecutionPhase(TestCaseExecutor.java:307)
	at com.kms.katalon.core.main.TestCaseExecutor.accessMainPhase(TestCaseExecutor.java:299)
	at com.kms.katalon.core.main.TestCaseExecutor.execute(TestCaseExecutor.java:233)
	at com.kms.katalon.core.main.TestSuiteExecutor.accessTestCaseMainPhase(TestSuiteExecutor.java:169)
	at com.kms.katalon.core.main.TestSuiteExecutor.accessTestSuiteMainPhase(TestSuiteExecutor.java:142)
	at com.kms.katalon.core.main.TestSuiteExecutor.execute(TestSuiteExecutor.java:91)
	at com.kms.katalon.core.main.TestCaseMain.startTestSuite(TestCaseMain.java:157)
	at com.kms.katalon.core.main.TestCaseMain$startTestSuite$0.call(Unknown Source)
	at TempTestSuite1576952307212.run(TempTestSuite1576952307212.groovy:36)
Caused by: com.kms.katalon.core.webui.exception.WebElementNotFoundException: Web element with id: 'Object Repository/Page_ChannelAddMember - FirstTeam Mattermost/button_Channel MembergiabeuuRemove Member' located by 'By.xpath: //button[@id='removeMember']' not found
	at com.kms.katalon.core.webui.common.WebUiCommonHelper.findWebElement(WebUiCommonHelper.java:1154)
	at com.kms.katalon.core.webui.keyword.internal.WebUIAbstractKeyword.findWebElement(WebUIAbstractKeyword.groovy:27)
	at com.kms.katalon.core.webui.keyword.internal.WebUIAbstractKeyword.findWebElement(WebUIAbstractKeyword.groovy:26)
	at com.kms.katalon.core.webui.keyword.builtin.ClickKeyword$_click_closure1.doCall(ClickKeyword.groovy:67)
	at com.kms.katalon.core.webui.keyword.builtin.ClickKeyword$_click_closure1.call(ClickKeyword.groovy)
	at com.kms.katalon.core.webui.keyword.internal.WebUIKeywordMain.runKeyword(WebUIKeywordMain.groovy:20)
	... 19 more]]></system-err>
      </testcase>
      <testcase name="Test Cases/TestCase18CreatePrivateChannel" time="28.296" classname="Test Cases/TestCase18CreatePrivateChannel" status="PASSED">
         <system-out><![CDATA[2019-12-22 01:28:28 - [TEST_CASE][PASSED] - Test Cases/TestCase18CreatePrivateChannel: Test Cases/TestCase18CreatePrivateChannel

2019-12-22 01:28:29 - [TEST_STEP][PASSED] - openBrowser(""): Browser is opened with url: ''

2019-12-22 01:28:29 - [MESSAGE][WARNING] - A browser is already opened. Closing browser and opening a new one

2019-12-22 01:28:31 - [MESSAGE][INFO] - Starting 'Firefox' driver

2019-12-22 01:28:37 - [MESSAGE][PASSED] - Browser is opened with url: ''

2019-12-22 01:28:37 - [TEST_STEP][PASSED] - navigateToUrl("https://cs300testautomatic.herokuapp.com/"): Navigate to 'https://cs300testautomatic.herokuapp.com/' successfully

2019-12-22 01:28:42 - [MESSAGE][PASSED] - Navigate to 'https://cs300testautomatic.herokuapp.com/' successfully

2019-12-22 01:28:42 - [TEST_STEP][PASSED] - setText(findTestObject("Page_Mattermost/input_All team communication in one place s_703ef5 (3)"), "dhieu@apcs.vn"): Text 'dhieu@apcs.vn' is set on object 'Object Repository/Page_Mattermost/input_All team communication in one place s_703ef5 (3)'

2019-12-22 01:28:46 - [MESSAGE][PASSED] - Text 'dhieu@apcs.vn' is set on object 'Object Repository/Page_Mattermost/input_All team communication in one place s_703ef5 (3)'

2019-12-22 01:28:46 - [TEST_STEP][PASSED] - setEncryptedText(findTestObject("Page_Mattermost/input_All team communication in one place s_2f2733 (3)"), "iGDxf8hSRT4="): Text ****** has been set on object 'Object Repository/Page_Mattermost/input_All team communication in one place s_2f2733 (3)'

2019-12-22 01:28:47 - [MESSAGE][PASSED] - Text ****** has been set on object 'Object Repository/Page_Mattermost/input_All team communication in one place s_2f2733 (3)'

2019-12-22 01:28:47 - [TEST_STEP][PASSED] - click(findTestObject("Page_Mattermost/span_Sign in (1)")): Object: 'Object Repository/Page_Mattermost/span_Sign in (1)' is clicked on

2019-12-22 01:28:47 - [MESSAGE][PASSED] - Object: 'Object Repository/Page_Mattermost/span_Sign in (1)' is clicked on

2019-12-22 01:28:47 - [TEST_STEP][PASSED] - click(findTestObject("Page_Town Square - FirstTeam Mattermost/span_ (1)")): Object: 'Object Repository/Page_Town Square - FirstTeam Mattermost/span_ (1)' is clicked on

2019-12-22 01:28:51 - [MESSAGE][PASSED] - Object: 'Object Repository/Page_Town Square - FirstTeam Mattermost/span_ (1)' is clicked on

2019-12-22 01:28:51 - [TEST_STEP][PASSED] - setText(findTestObject("Page_Town Square - FirstTeam Mattermost/input_Name_newChannelName (1)"), "privateChannel"): Text 'privateChannel' is set on object 'Object Repository/Page_Town Square - FirstTeam Mattermost/input_Name_newChannelName (1)'

2019-12-22 01:28:52 - [MESSAGE][PASSED] - Text 'privateChannel' is set on object 'Object Repository/Page_Town Square - FirstTeam Mattermost/input_Name_newChannelName (1)'

2019-12-22 01:28:52 - [TEST_STEP][PASSED] - click(findTestObject("Page_Town Square - FirstTeam Mattermost/span_Create New Channel (1)")): Object: 'Object Repository/Page_Town Square - FirstTeam Mattermost/span_Create New Channel (1)' is clicked on

2019-12-22 01:28:52 - [MESSAGE][PASSED] - Object: 'Object Repository/Page_Town Square - FirstTeam Mattermost/span_Create New Channel (1)' is clicked on

2019-12-22 01:28:52 - [TEST_STEP][PASSED] - closeBrowser(): Browser is closed

2019-12-22 01:28:57 - [MESSAGE][PASSED] - Browser is closed]]></system-out>
         <system-err><![CDATA[]]></system-err>
      </testcase>
      <testcase name="Test Cases/TestCase19CreatePublicChannel" time="28.171" classname="Test Cases/TestCase19CreatePublicChannel" status="PASSED">
         <system-out><![CDATA[2019-12-22 01:28:57 - [TEST_CASE][PASSED] - Test Cases/TestCase19CreatePublicChannel: Test Cases/TestCase19CreatePublicChannel

2019-12-22 01:28:57 - [TEST_STEP][PASSED] - openBrowser(""): Browser is opened with url: ''

2019-12-22 01:28:57 - [MESSAGE][INFO] - Starting 'Firefox' driver

2019-12-22 01:29:02 - [MESSAGE][PASSED] - Browser is opened with url: ''

2019-12-22 01:29:02 - [TEST_STEP][PASSED] - navigateToUrl("https://cs300testautomatic.herokuapp.com/"): Navigate to 'https://cs300testautomatic.herokuapp.com/' successfully

2019-12-22 01:29:06 - [MESSAGE][PASSED] - Navigate to 'https://cs300testautomatic.herokuapp.com/' successfully

2019-12-22 01:29:06 - [TEST_STEP][PASSED] - setText(findTestObject("Page_Mattermost/input_All team communication in one place s_703ef5 (4)"), "dhieu@apcs.vn"): Text 'dhieu@apcs.vn' is set on object 'Object Repository/Page_Mattermost/input_All team communication in one place s_703ef5 (4)'

2019-12-22 01:29:09 - [MESSAGE][PASSED] - Text 'dhieu@apcs.vn' is set on object 'Object Repository/Page_Mattermost/input_All team communication in one place s_703ef5 (4)'

2019-12-22 01:29:09 - [TEST_STEP][PASSED] - setEncryptedText(findTestObject("Page_Mattermost/input_All team communication in one place s_2f2733 (4)"), "iGDxf8hSRT4="): Text ****** has been set on object 'Object Repository/Page_Mattermost/input_All team communication in one place s_2f2733 (4)'

2019-12-22 01:29:09 - [MESSAGE][PASSED] - Text ****** has been set on object 'Object Repository/Page_Mattermost/input_All team communication in one place s_2f2733 (4)'

2019-12-22 01:29:09 - [TEST_STEP][PASSED] - click(findTestObject("Page_Mattermost/span_Sign in (2)")): Object: 'Object Repository/Page_Mattermost/span_Sign in (2)' is clicked on

2019-12-22 01:29:10 - [MESSAGE][PASSED] - Object: 'Object Repository/Page_Mattermost/span_Sign in (2)' is clicked on

2019-12-22 01:29:10 - [TEST_STEP][PASSED] - click(findTestObject("Page_Town Square - FirstTeam Mattermost/span_ (2)")): Object: 'Object Repository/Page_Town Square - FirstTeam Mattermost/span_ (2)' is clicked on

2019-12-22 01:29:14 - [MESSAGE][PASSED] - Object: 'Object Repository/Page_Town Square - FirstTeam Mattermost/span_ (2)' is clicked on

2019-12-22 01:29:14 - [TEST_STEP][PASSED] - click(findTestObject("Page_Town Square - FirstTeam Mattermost/input_Type_channelType (1)")): Object: 'Object Repository/Page_Town Square - FirstTeam Mattermost/input_Type_channelType (1)' is clicked on

2019-12-22 01:29:14 - [MESSAGE][PASSED] - Object: 'Object Repository/Page_Town Square - FirstTeam Mattermost/input_Type_channelType (1)' is clicked on

2019-12-22 01:29:14 - [TEST_STEP][PASSED] - setText(findTestObject("Page_Town Square - FirstTeam Mattermost/input_Name_newChannelName"), "publicChannel"): Text 'publicChannel' is set on object 'Object Repository/Page_Town Square - FirstTeam Mattermost/input_Name_newChannelName'

2019-12-22 01:29:15 - [MESSAGE][PASSED] - Text 'publicChannel' is set on object 'Object Repository/Page_Town Square - FirstTeam Mattermost/input_Name_newChannelName'

2019-12-22 01:29:15 - [TEST_STEP][PASSED] - click(findTestObject("Page_Town Square - FirstTeam Mattermost/span_Edit (1)")): Object: 'Object Repository/Page_Town Square - FirstTeam Mattermost/span_Edit (1)' is clicked on

2019-12-22 01:29:16 - [MESSAGE][PASSED] - Object: 'Object Repository/Page_Town Square - FirstTeam Mattermost/span_Edit (1)' is clicked on

2019-12-22 01:29:16 - [TEST_STEP][PASSED] - click(findTestObject("Page_Town Square - FirstTeam Mattermost/span_Change Channel URL (1)")): Object: 'Object Repository/Page_Town Square - FirstTeam Mattermost/span_Change Channel URL (1)' is clicked on

2019-12-22 01:29:16 - [MESSAGE][PASSED] - Object: 'Object Repository/Page_Town Square - FirstTeam Mattermost/span_Change Channel URL (1)' is clicked on

2019-12-22 01:29:16 - [TEST_STEP][PASSED] - click(findTestObject("Page_Town Square - FirstTeam Mattermost/span_Create New Channel (2)")): Object: 'Object Repository/Page_Town Square - FirstTeam Mattermost/span_Create New Channel (2)' is clicked on

2019-12-22 01:29:17 - [MESSAGE][PASSED] - Object: 'Object Repository/Page_Town Square - FirstTeam Mattermost/span_Create New Channel (2)' is clicked on

2019-12-22 01:29:17 - [TEST_STEP][PASSED] - closeBrowser(): Browser is closed

2019-12-22 01:29:25 - [MESSAGE][PASSED] - Browser is closed]]></system-out>
         <system-err><![CDATA[]]></system-err>
      </testcase>
      <testcase name="Test Cases/TestCase20LeaveChannel" time="58.623" classname="Test Cases/TestCase20LeaveChannel" status="FAILED">
         <failure type="FAILED" message="Test Cases/TestCase20LeaveChannel FAILED.
Reason:
com.kms.katalon.core.exception.StepFailedException: Unable to click on object 'Object Repository/Page_Town Square - FirstTeam Mattermost/span_Channel3'
	at com.kms.katalon.core.webui.keyword.internal.WebUIKeywordMain.stepFailed(WebUIKeywordMain.groovy:64)
	at com.kms.katalon.core.webui.keyword.internal.WebUIKeywordMain.runKeyword(WebUIKeywordMain.groovy:26)
	at com.kms.katalon.core.webui.keyword.builtin.ClickKeyword.click(ClickKeyword.groovy:102)
	at com.kms.katalon.core.webui.keyword.builtin.ClickKeyword.execute(ClickKeyword.groovy:43)
	at com.kms.katalon.core.keyword.internal.KeywordExecutor.executeKeywordForPlatform(KeywordExecutor.groovy:72)
	at com.kms.katalon.core.webui.keyword.WebUiBuiltInKeywords.click(WebUiBuiltInKeywords.groovy:616)
	at com.kms.katalon.core.webui.keyword.WebUiBuiltInKeywords$click$3.call(Unknown Source)
	at TestCase20LeaveChannel.run(TestCase20LeaveChannel:29)
	at com.kms.katalon.core.main.ScriptEngine.run(ScriptEngine.java:194)
	at com.kms.katalon.core.main.ScriptEngine.runScriptAsRawText(ScriptEngine.java:119)
	at com.kms.katalon.core.main.TestCaseExecutor.runScript(TestCaseExecutor.java:337)
	at com.kms.katalon.core.main.TestCaseExecutor.doExecute(TestCaseExecutor.java:328)
	at com.kms.katalon.core.main.TestCaseExecutor.processExecutionPhase(TestCaseExecutor.java:307)
	at com.kms.katalon.core.main.TestCaseExecutor.accessMainPhase(TestCaseExecutor.java:299)
	at com.kms.katalon.core.main.TestCaseExecutor.execute(TestCaseExecutor.java:233)
	at com.kms.katalon.core.main.TestSuiteExecutor.accessTestCaseMainPhase(TestSuiteExecutor.java:169)
	at com.kms.katalon.core.main.TestSuiteExecutor.accessTestSuiteMainPhase(TestSuiteExecutor.java:142)
	at com.kms.katalon.core.main.TestSuiteExecutor.execute(TestSuiteExecutor.java:91)
	at com.kms.katalon.core.main.TestCaseMain.startTestSuite(TestCaseMain.java:157)
	at com.kms.katalon.core.main.TestCaseMain$startTestSuite$0.call(Unknown Source)
	at TempTestSuite1576952307212.run(TempTestSuite1576952307212.groovy:36)
Caused by: com.kms.katalon.core.webui.exception.WebElementNotFoundException: Web element with id: 'Object Repository/Page_Town Square - FirstTeam Mattermost/span_Channel3' located by 'By.xpath: //a[@id='sidebarItem_channel3url']/span[2]/span' not found
	at com.kms.katalon.core.webui.common.WebUiCommonHelper.findWebElement(WebUiCommonHelper.java:1154)
	at com.kms.katalon.core.webui.keyword.internal.WebUIAbstractKeyword.findWebElement(WebUIAbstractKeyword.groovy:27)
	at com.kms.katalon.core.webui.keyword.internal.WebUIAbstractKeyword.findWebElement(WebUIAbstractKeyword.groovy:26)
	at com.kms.katalon.core.webui.keyword.builtin.ClickKeyword$_click_closure1.doCall(ClickKeyword.groovy:67)
	at com.kms.katalon.core.webui.keyword.builtin.ClickKeyword$_click_closure1.call(ClickKeyword.groovy)
	at com.kms.katalon.core.webui.keyword.internal.WebUIKeywordMain.runKeyword(WebUIKeywordMain.groovy:20)
	... 19 more
"/>
         <system-out><![CDATA[2019-12-22 01:29:25 - [TEST_CASE][FAILED] - Test Cases/TestCase20LeaveChannel: Test Cases/TestCase20LeaveChannel FAILED.
Reason:
com.kms.katalon.core.exception.StepFailedException: Unable to click on object 'Object Repository/Page_Town Square - FirstTeam Mattermost/span_Channel3'
	at com.kms.katalon.core.webui.keyword.internal.WebUIKeywordMain.stepFailed(WebUIKeywordMain.groovy:64)
	at com.kms.katalon.core.webui.keyword.internal.WebUIKeywordMain.runKeyword(WebUIKeywordMain.groovy:26)
	at com.kms.katalon.core.webui.keyword.builtin.ClickKeyword.click(ClickKeyword.groovy:102)
	at com.kms.katalon.core.webui.keyword.builtin.ClickKeyword.execute(ClickKeyword.groovy:43)
	at com.kms.katalon.core.keyword.internal.KeywordExecutor.executeKeywordForPlatform(KeywordExecutor.groovy:72)
	at com.kms.katalon.core.webui.keyword.WebUiBuiltInKeywords.click(WebUiBuiltInKeywords.groovy:616)
	at com.kms.katalon.core.webui.keyword.WebUiBuiltInKeywords$click$3.call(Unknown Source)
	at TestCase20LeaveChannel.run(TestCase20LeaveChannel:29)
	at com.kms.katalon.core.main.ScriptEngine.run(ScriptEngine.java:194)
	at com.kms.katalon.core.main.ScriptEngine.runScriptAsRawText(ScriptEngine.java:119)
	at com.kms.katalon.core.main.TestCaseExecutor.runScript(TestCaseExecutor.java:337)
	at com.kms.katalon.core.main.TestCaseExecutor.doExecute(TestCaseExecutor.java:328)
	at com.kms.katalon.core.main.TestCaseExecutor.processExecutionPhase(TestCaseExecutor.java:307)
	at com.kms.katalon.core.main.TestCaseExecutor.accessMainPhase(TestCaseExecutor.java:299)
	at com.kms.katalon.core.main.TestCaseExecutor.execute(TestCaseExecutor.java:233)
	at com.kms.katalon.core.main.TestSuiteExecutor.accessTestCaseMainPhase(TestSuiteExecutor.java:169)
	at com.kms.katalon.core.main.TestSuiteExecutor.accessTestSuiteMainPhase(TestSuiteExecutor.java:142)
	at com.kms.katalon.core.main.TestSuiteExecutor.execute(TestSuiteExecutor.java:91)
	at com.kms.katalon.core.main.TestCaseMain.startTestSuite(TestCaseMain.java:157)
	at com.kms.katalon.core.main.TestCaseMain$startTestSuite$0.call(Unknown Source)
	at TempTestSuite1576952307212.run(TempTestSuite1576952307212.groovy:36)
Caused by: com.kms.katalon.core.webui.exception.WebElementNotFoundException: Web element with id: 'Object Repository/Page_Town Square - FirstTeam Mattermost/span_Channel3' located by 'By.xpath: //a[@id='sidebarItem_channel3url']/span[2]/span' not found
	at com.kms.katalon.core.webui.common.WebUiCommonHelper.findWebElement(WebUiCommonHelper.java:1154)
	at com.kms.katalon.core.webui.keyword.internal.WebUIAbstractKeyword.findWebElement(WebUIAbstractKeyword.groovy:27)
	at com.kms.katalon.core.webui.keyword.internal.WebUIAbstractKeyword.findWebElement(WebUIAbstractKeyword.groovy:26)
	at com.kms.katalon.core.webui.keyword.builtin.ClickKeyword$_click_closure1.doCall(ClickKeyword.groovy:67)
	at com.kms.katalon.core.webui.keyword.builtin.ClickKeyword$_click_closure1.call(ClickKeyword.groovy)
	at com.kms.katalon.core.webui.keyword.internal.WebUIKeywordMain.runKeyword(WebUIKeywordMain.groovy:20)
	... 19 more


2019-12-22 01:29:25 - [TEST_STEP][PASSED] - openBrowser(""): Browser is opened with url: ''

2019-12-22 01:29:25 - [MESSAGE][INFO] - Starting 'Firefox' driver

2019-12-22 01:29:31 - [MESSAGE][PASSED] - Browser is opened with url: ''

2019-12-22 01:29:31 - [TEST_STEP][PASSED] - navigateToUrl("https://cs300testautomatic.herokuapp.com/"): Navigate to 'https://cs300testautomatic.herokuapp.com/' successfully

2019-12-22 01:29:34 - [MESSAGE][PASSED] - Navigate to 'https://cs300testautomatic.herokuapp.com/' successfully

2019-12-22 01:29:34 - [TEST_STEP][PASSED] - setText(findTestObject("Page_Mattermost/input_All team communication in one place s_703ef5"), "dhieu@apcs.vn"): Text 'dhieu@apcs.vn' is set on object 'Object Repository/Page_Mattermost/input_All team communication in one place s_703ef5'

2019-12-22 01:29:38 - [MESSAGE][PASSED] - Text 'dhieu@apcs.vn' is set on object 'Object Repository/Page_Mattermost/input_All team communication in one place s_703ef5'

2019-12-22 01:29:38 - [TEST_STEP][PASSED] - setEncryptedText(findTestObject("Page_Mattermost/input_All team communication in one place s_2f2733"), "iGDxf8hSRT4="): Text ****** has been set on object 'Object Repository/Page_Mattermost/input_All team communication in one place s_2f2733'

2019-12-22 01:29:39 - [MESSAGE][PASSED] - Text ****** has been set on object 'Object Repository/Page_Mattermost/input_All team communication in one place s_2f2733'

2019-12-22 01:29:39 - [TEST_STEP][PASSED] - click(findTestObject("Page_Mattermost/span_Sign in")): Object: 'Object Repository/Page_Mattermost/span_Sign in' is clicked on

2019-12-22 01:29:40 - [MESSAGE][PASSED] - Object: 'Object Repository/Page_Mattermost/span_Sign in' is clicked on

2019-12-22 01:29:40 - [TEST_STEP][FAILED] - click(findTestObject("Object Repository/Page_Town Square - FirstTeam Mattermost/span_Channel3")): Unable to click on object 'Object Repository/Page_Town Square - FirstTeam Mattermost/span_Channel3' (Root cause: com.kms.katalon.core.exception.StepFailedException: Unable to click on object 'Object Repository/Page_Town Square - FirstTeam Mattermost/span_Channel3'
	at com.kms.katalon.core.webui.keyword.internal.WebUIKeywordMain.stepFailed(WebUIKeywordMain.groovy:64)
	at com.kms.katalon.core.webui.keyword.internal.WebUIKeywordMain.runKeyword(WebUIKeywordMain.groovy:26)
	at com.kms.katalon.core.webui.keyword.builtin.ClickKeyword.click(ClickKeyword.groovy:102)
	at com.kms.katalon.core.webui.keyword.builtin.ClickKeyword.execute(ClickKeyword.groovy:43)
	at com.kms.katalon.core.keyword.internal.KeywordExecutor.executeKeywordForPlatform(KeywordExecutor.groovy:72)
	at com.kms.katalon.core.webui.keyword.WebUiBuiltInKeywords.click(WebUiBuiltInKeywords.groovy:616)
	at com.kms.katalon.core.webui.keyword.WebUiBuiltInKeywords$click$3.call(Unknown Source)
	at TestCase20LeaveChannel.run(TestCase20LeaveChannel:29)
	at com.kms.katalon.core.main.ScriptEngine.run(ScriptEngine.java:194)
	at com.kms.katalon.core.main.ScriptEngine.runScriptAsRawText(ScriptEngine.java:119)
	at com.kms.katalon.core.main.TestCaseExecutor.runScript(TestCaseExecutor.java:337)
	at com.kms.katalon.core.main.TestCaseExecutor.doExecute(TestCaseExecutor.java:328)
	at com.kms.katalon.core.main.TestCaseExecutor.processExecutionPhase(TestCaseExecutor.java:307)
	at com.kms.katalon.core.main.TestCaseExecutor.accessMainPhase(TestCaseExecutor.java:299)
	at com.kms.katalon.core.main.TestCaseExecutor.execute(TestCaseExecutor.java:233)
	at com.kms.katalon.core.main.TestSuiteExecutor.accessTestCaseMainPhase(TestSuiteExecutor.java:169)
	at com.kms.katalon.core.main.TestSuiteExecutor.accessTestSuiteMainPhase(TestSuiteExecutor.java:142)
	at com.kms.katalon.core.main.TestSuiteExecutor.execute(TestSuiteExecutor.java:91)
	at com.kms.katalon.core.main.TestCaseMain.startTestSuite(TestCaseMain.java:157)
	at com.kms.katalon.core.main.TestCaseMain$startTestSuite$0.call(Unknown Source)
	at TempTestSuite1576952307212.run(TempTestSuite1576952307212.groovy:36)
Caused by: com.kms.katalon.core.webui.exception.WebElementNotFoundException: Web element with id: 'Object Repository/Page_Town Square - FirstTeam Mattermost/span_Channel3' located by 'By.xpath: //a[@id='sidebarItem_channel3url']/span[2]/span' not found
	at com.kms.katalon.core.webui.common.WebUiCommonHelper.findWebElement(WebUiCommonHelper.java:1154)
	at com.kms.katalon.core.webui.keyword.internal.WebUIAbstractKeyword.findWebElement(WebUIAbstractKeyword.groovy:27)
	at com.kms.katalon.core.webui.keyword.internal.WebUIAbstractKeyword.findWebElement(WebUIAbstractKeyword.groovy:26)
	at com.kms.katalon.core.webui.keyword.builtin.ClickKeyword$_click_closure1.doCall(ClickKeyword.groovy:67)
	at com.kms.katalon.core.webui.keyword.builtin.ClickKeyword$_click_closure1.call(ClickKeyword.groovy)
	at com.kms.katalon.core.webui.keyword.internal.WebUIKeywordMain.runKeyword(WebUIKeywordMain.groovy:20)
	at com.kms.katalon.core.webui.keyword.builtin.ClickKeyword.click(ClickKeyword.groovy:102)
	at com.kms.katalon.core.webui.keyword.builtin.ClickKeyword.execute(ClickKeyword.groovy:43)
	at com.kms.katalon.core.keyword.internal.KeywordExecutor.executeKeywordForPlatform(KeywordExecutor.groovy:72)
	at com.kms.katalon.core.webui.keyword.WebUiBuiltInKeywords.click(WebUiBuiltInKeywords.groovy:616)
	at com.kms.katalon.core.webui.keyword.WebUiBuiltInKeywords$click$3.call(Unknown Source)
	at Script1576918709935.run(Script1576918709935.groovy:29)
	... 13 more
)

2019-12-22 01:30:23 - [MESSAGE][INFO] - Unable to find the element located by 'By.xpath: //a[@id='sidebarItem_channel3url']/span[2]/span'. Please recheck the objects properties to make sure the desired element is located. 

2019-12-22 01:30:24 - [MESSAGE][FAILED] - Unable to click on object 'Object Repository/Page_Town Square - FirstTeam Mattermost/span_Channel3' (Root cause: com.kms.katalon.core.exception.StepFailedException: Unable to click on object 'Object Repository/Page_Town Square - FirstTeam Mattermost/span_Channel3'
	at com.kms.katalon.core.webui.keyword.internal.WebUIKeywordMain.stepFailed(WebUIKeywordMain.groovy:64)
	at com.kms.katalon.core.webui.keyword.internal.WebUIKeywordMain.runKeyword(WebUIKeywordMain.groovy:26)
	at com.kms.katalon.core.webui.keyword.builtin.ClickKeyword.click(ClickKeyword.groovy:102)
	at com.kms.katalon.core.webui.keyword.builtin.ClickKeyword.execute(ClickKeyword.groovy:43)
	at com.kms.katalon.core.keyword.internal.KeywordExecutor.executeKeywordForPlatform(KeywordExecutor.groovy:72)
	at com.kms.katalon.core.webui.keyword.WebUiBuiltInKeywords.click(WebUiBuiltInKeywords.groovy:616)
	at com.kms.katalon.core.webui.keyword.WebUiBuiltInKeywords$click$3.call(Unknown Source)
	at TestCase20LeaveChannel.run(TestCase20LeaveChannel:29)
	at com.kms.katalon.core.main.ScriptEngine.run(ScriptEngine.java:194)
	at com.kms.katalon.core.main.ScriptEngine.runScriptAsRawText(ScriptEngine.java:119)
	at com.kms.katalon.core.main.TestCaseExecutor.runScript(TestCaseExecutor.java:337)
	at com.kms.katalon.core.main.TestCaseExecutor.doExecute(TestCaseExecutor.java:328)
	at com.kms.katalon.core.main.TestCaseExecutor.processExecutionPhase(TestCaseExecutor.java:307)
	at com.kms.katalon.core.main.TestCaseExecutor.accessMainPhase(TestCaseExecutor.java:299)
	at com.kms.katalon.core.main.TestCaseExecutor.execute(TestCaseExecutor.java:233)
	at com.kms.katalon.core.main.TestSuiteExecutor.accessTestCaseMainPhase(TestSuiteExecutor.java:169)
	at com.kms.katalon.core.main.TestSuiteExecutor.accessTestSuiteMainPhase(TestSuiteExecutor.java:142)
	at com.kms.katalon.core.main.TestSuiteExecutor.execute(TestSuiteExecutor.java:91)
	at com.kms.katalon.core.main.TestCaseMain.startTestSuite(TestCaseMain.java:157)
	at com.kms.katalon.core.main.TestCaseMain$startTestSuite$0.call(Unknown Source)
	at TempTestSuite1576952307212.run(TempTestSuite1576952307212.groovy:36)
Caused by: com.kms.katalon.core.webui.exception.WebElementNotFoundException: Web element with id: 'Object Repository/Page_Town Square - FirstTeam Mattermost/span_Channel3' located by 'By.xpath: //a[@id='sidebarItem_channel3url']/span[2]/span' not found
	at com.kms.katalon.core.webui.common.WebUiCommonHelper.findWebElement(WebUiCommonHelper.java:1154)
	at com.kms.katalon.core.webui.keyword.internal.WebUIAbstractKeyword.findWebElement(WebUIAbstractKeyword.groovy:27)
	at com.kms.katalon.core.webui.keyword.internal.WebUIAbstractKeyword.findWebElement(WebUIAbstractKeyword.groovy:26)
	at com.kms.katalon.core.webui.keyword.builtin.ClickKeyword$_click_closure1.doCall(ClickKeyword.groovy:67)
	at com.kms.katalon.core.webui.keyword.builtin.ClickKeyword$_click_closure1.call(ClickKeyword.groovy)
	at com.kms.katalon.core.webui.keyword.internal.WebUIKeywordMain.runKeyword(WebUIKeywordMain.groovy:20)
	at com.kms.katalon.core.webui.keyword.builtin.ClickKeyword.click(ClickKeyword.groovy:102)
	at com.kms.katalon.core.webui.keyword.builtin.ClickKeyword.execute(ClickKeyword.groovy:43)
	at com.kms.katalon.core.keyword.internal.KeywordExecutor.executeKeywordForPlatform(KeywordExecutor.groovy:72)
	at com.kms.katalon.core.webui.keyword.WebUiBuiltInKeywords.click(WebUiBuiltInKeywords.groovy:616)
	at com.kms.katalon.core.webui.keyword.WebUiBuiltInKeywords$click$3.call(Unknown Source)
	at Script1576918709935.run(Script1576918709935.groovy:29)
	... 13 more
)
[[ATTACHMENT|E:\\APCS\\2019-2020\\Term1\\CS300\\Github\\CS300AutomaticWebTesting\\Reports\\20191222_011827\\Run All Test Cases\\20191222_011827\\1576953023885.png]]]]></system-out>
         <system-err><![CDATA[2019-12-22 01:29:25 - [TEST_CASE][FAILED] - Test Cases/TestCase20LeaveChannel: Test Cases/TestCase20LeaveChannel FAILED.
Reason:
com.kms.katalon.core.exception.StepFailedException: Unable to click on object 'Object Repository/Page_Town Square - FirstTeam Mattermost/span_Channel3'
	at com.kms.katalon.core.webui.keyword.internal.WebUIKeywordMain.stepFailed(WebUIKeywordMain.groovy:64)
	at com.kms.katalon.core.webui.keyword.internal.WebUIKeywordMain.runKeyword(WebUIKeywordMain.groovy:26)
	at com.kms.katalon.core.webui.keyword.builtin.ClickKeyword.click(ClickKeyword.groovy:102)
	at com.kms.katalon.core.webui.keyword.builtin.ClickKeyword.execute(ClickKeyword.groovy:43)
	at com.kms.katalon.core.keyword.internal.KeywordExecutor.executeKeywordForPlatform(KeywordExecutor.groovy:72)
	at com.kms.katalon.core.webui.keyword.WebUiBuiltInKeywords.click(WebUiBuiltInKeywords.groovy:616)
	at com.kms.katalon.core.webui.keyword.WebUiBuiltInKeywords$click$3.call(Unknown Source)
	at TestCase20LeaveChannel.run(TestCase20LeaveChannel:29)
	at com.kms.katalon.core.main.ScriptEngine.run(ScriptEngine.java:194)
	at com.kms.katalon.core.main.ScriptEngine.runScriptAsRawText(ScriptEngine.java:119)
	at com.kms.katalon.core.main.TestCaseExecutor.runScript(TestCaseExecutor.java:337)
	at com.kms.katalon.core.main.TestCaseExecutor.doExecute(TestCaseExecutor.java:328)
	at com.kms.katalon.core.main.TestCaseExecutor.processExecutionPhase(TestCaseExecutor.java:307)
	at com.kms.katalon.core.main.TestCaseExecutor.accessMainPhase(TestCaseExecutor.java:299)
	at com.kms.katalon.core.main.TestCaseExecutor.execute(TestCaseExecutor.java:233)
	at com.kms.katalon.core.main.TestSuiteExecutor.accessTestCaseMainPhase(TestSuiteExecutor.java:169)
	at com.kms.katalon.core.main.TestSuiteExecutor.accessTestSuiteMainPhase(TestSuiteExecutor.java:142)
	at com.kms.katalon.core.main.TestSuiteExecutor.execute(TestSuiteExecutor.java:91)
	at com.kms.katalon.core.main.TestCaseMain.startTestSuite(TestCaseMain.java:157)
	at com.kms.katalon.core.main.TestCaseMain$startTestSuite$0.call(Unknown Source)
	at TempTestSuite1576952307212.run(TempTestSuite1576952307212.groovy:36)
Caused by: com.kms.katalon.core.webui.exception.WebElementNotFoundException: Web element with id: 'Object Repository/Page_Town Square - FirstTeam Mattermost/span_Channel3' located by 'By.xpath: //a[@id='sidebarItem_channel3url']/span[2]/span' not found
	at com.kms.katalon.core.webui.common.WebUiCommonHelper.findWebElement(WebUiCommonHelper.java:1154)
	at com.kms.katalon.core.webui.keyword.internal.WebUIAbstractKeyword.findWebElement(WebUIAbstractKeyword.groovy:27)
	at com.kms.katalon.core.webui.keyword.internal.WebUIAbstractKeyword.findWebElement(WebUIAbstractKeyword.groovy:26)
	at com.kms.katalon.core.webui.keyword.builtin.ClickKeyword$_click_closure1.doCall(ClickKeyword.groovy:67)
	at com.kms.katalon.core.webui.keyword.builtin.ClickKeyword$_click_closure1.call(ClickKeyword.groovy)
	at com.kms.katalon.core.webui.keyword.internal.WebUIKeywordMain.runKeyword(WebUIKeywordMain.groovy:20)
	... 19 more]]></system-err>
      </testcase>
      <testcase name="Test Cases/TestCase21ForgotPass" time="27.495" classname="Test Cases/TestCase21ForgotPass" status="PASSED">
         <system-out><![CDATA[2019-12-22 01:30:24 - [TEST_CASE][PASSED] - Test Cases/TestCase21ForgotPass: Test Cases/TestCase21ForgotPass

2019-12-22 01:30:24 - [TEST_STEP][PASSED] - openBrowser(""): Browser is opened with url: ''

2019-12-22 01:30:24 - [MESSAGE][WARNING] - A browser is already opened. Closing browser and opening a new one

2019-12-22 01:30:29 - [MESSAGE][INFO] - Starting 'Firefox' driver

2019-12-22 01:30:35 - [MESSAGE][PASSED] - Browser is opened with url: ''

2019-12-22 01:30:35 - [TEST_STEP][PASSED] - navigateToUrl("https://cs300testautomatic.herokuapp.com/"): Navigate to 'https://cs300testautomatic.herokuapp.com/' successfully

2019-12-22 01:30:40 - [MESSAGE][PASSED] - Navigate to 'https://cs300testautomatic.herokuapp.com/' successfully

2019-12-22 01:30:40 - [TEST_STEP][PASSED] - click(findTestObject("Object Repository/Page_Mattermost/span_I forgot my password")): Object: 'Object Repository/Page_Mattermost/span_I forgot my password' is clicked on

2019-12-22 01:30:44 - [MESSAGE][PASSED] - Object: 'Object Repository/Page_Mattermost/span_I forgot my password' is clicked on

2019-12-22 01:30:44 - [TEST_STEP][PASSED] - setText(findTestObject("Object Repository/Page_Mattermost/input_To reset your password enter the emai_5f6d79"), "test@test.com"): Text 'test@test.com' is set on object 'Object Repository/Page_Mattermost/input_To reset your password enter the emai_5f6d79'

2019-12-22 01:30:44 - [MESSAGE][PASSED] - Text 'test@test.com' is set on object 'Object Repository/Page_Mattermost/input_To reset your password enter the emai_5f6d79'

2019-12-22 01:30:44 - [TEST_STEP][PASSED] - sendKeys(findTestObject("Object Repository/Page_Mattermost/input_To reset your password enter the emai_5f6d79"), Keys.chord(ENTER)): Keys 'ENTER + ' sent to object: 'Object Repository/Page_Mattermost/input_To reset your password enter the emai_5f6d79'

2019-12-22 01:30:45 - [MESSAGE][PASSED] - Keys 'ENTER + ' sent to object: 'Object Repository/Page_Mattermost/input_To reset your password enter the emai_5f6d79'

2019-12-22 01:30:45 - [TEST_STEP][PASSED] - click(findTestObject("Object Repository/Page_Mattermost/span_Please check your inbox")): Object: 'Object Repository/Page_Mattermost/span_Please check your inbox' is clicked on

2019-12-22 01:30:46 - [MESSAGE][PASSED] - Object: 'Object Repository/Page_Mattermost/span_Please check your inbox' is clicked on

2019-12-22 01:30:46 - [TEST_STEP][PASSED] - closeBrowser(): Browser is closed

2019-12-22 01:30:51 - [MESSAGE][PASSED] - Browser is closed]]></system-out>
         <system-err><![CDATA[]]></system-err>
      </testcase>
      <testcase name="Test Cases/TestCase22PinPost" time="28.54" classname="Test Cases/TestCase22PinPost" status="PASSED">
         <system-out><![CDATA[2019-12-22 01:30:51 - [TEST_CASE][PASSED] - Test Cases/TestCase22PinPost: Test Cases/TestCase22PinPost

2019-12-22 01:30:51 - [TEST_STEP][PASSED] - openBrowser(""): Browser is opened with url: ''

2019-12-22 01:30:51 - [MESSAGE][INFO] - Starting 'Firefox' driver

2019-12-22 01:30:57 - [MESSAGE][PASSED] - Browser is opened with url: ''

2019-12-22 01:30:57 - [TEST_STEP][PASSED] - navigateToUrl("https://cs300testautomatic.herokuapp.com/"): Navigate to 'https://cs300testautomatic.herokuapp.com/' successfully

2019-12-22 01:31:01 - [MESSAGE][PASSED] - Navigate to 'https://cs300testautomatic.herokuapp.com/' successfully

2019-12-22 01:31:01 - [TEST_STEP][PASSED] - setText(findTestObject("Page_Mattermost/input_All team communication in one place s_703ef5 (46)"), "giabeuu@gmail.com"): Text 'giabeuu@gmail.com' is set on object 'Object Repository/Page_Mattermost/input_All team communication in one place s_703ef5 (46)'

2019-12-22 01:31:06 - [MESSAGE][PASSED] - Text 'giabeuu@gmail.com' is set on object 'Object Repository/Page_Mattermost/input_All team communication in one place s_703ef5 (46)'

2019-12-22 01:31:06 - [TEST_STEP][PASSED] - setEncryptedText(findTestObject("Page_Mattermost/input_All team communication in one place s_2f2733 (46)"), "GoUae4B8Jrc="): Text ****** has been set on object 'Object Repository/Page_Mattermost/input_All team communication in one place s_2f2733 (46)'

2019-12-22 01:31:06 - [MESSAGE][PASSED] - Text ****** has been set on object 'Object Repository/Page_Mattermost/input_All team communication in one place s_2f2733 (46)'

2019-12-22 01:31:06 - [TEST_STEP][PASSED] - click(findTestObject("Page_Mattermost/button_Sign in (33)")): Object: 'Object Repository/Page_Mattermost/button_Sign in (33)' is clicked on

2019-12-22 01:31:07 - [MESSAGE][PASSED] - Object: 'Object Repository/Page_Mattermost/button_Sign in (33)' is clicked on

2019-12-22 01:31:07 - [TEST_STEP][PASSED] - click(findTestObject("Page_ Town Square - FirstTeam Mattermost/div_Fi (17)")): Object: 'Object Repository/Page_ Town Square - FirstTeam Mattermost/div_Fi (17)' is clicked on

2019-12-22 01:31:10 - [MESSAGE][PASSED] - Object: 'Object Repository/Page_ Town Square - FirstTeam Mattermost/div_Fi (17)' is clicked on

2019-12-22 01:31:10 - [TEST_STEP][PASSED] - click(findTestObject("Page_ Town Square - FirstTeam Mattermost/a_ChannelsTest (3)")): Object: 'Object Repository/Page_ Town Square - FirstTeam Mattermost/a_ChannelsTest (3)' is clicked on

2019-12-22 01:31:11 - [MESSAGE][PASSED] - Object: 'Object Repository/Page_ Town Square - FirstTeam Mattermost/a_ChannelsTest (3)' is clicked on

2019-12-22 01:31:11 - [TEST_STEP][PASSED] - click(findTestObject("Page_ ChannelsTest - FirstTeam Mattermost/button_after_channelHeaderFlagButton (1)")): Object: 'Object Repository/Page_ ChannelsTest - FirstTeam Mattermost/button_after_channelHeaderFlagButton (1)' is clicked on

2019-12-22 01:31:12 - [MESSAGE][PASSED] - Object: 'Object Repository/Page_ ChannelsTest - FirstTeam Mattermost/button_after_channelHeaderFlagButton (1)' is clicked on

2019-12-22 01:31:12 - [TEST_STEP][PASSED] - click(findTestObject("Object Repository/Page_ ChannelsTest - FirstTeam Mattermost/button_giabeuu_SEARCH_button_ndx3uchketdr3d_16aaec")): Object: 'Object Repository/Page_ ChannelsTest - FirstTeam Mattermost/button_giabeuu_SEARCH_button_ndx3uchketdr3d_16aaec' is clicked on

2019-12-22 01:31:14 - [MESSAGE][PASSED] - Object: 'Object Repository/Page_ ChannelsTest - FirstTeam Mattermost/button_giabeuu_SEARCH_button_ndx3uchketdr3d_16aaec' is clicked on

2019-12-22 01:31:14 - [TEST_STEP][PASSED] - click(findTestObject("Page_ ChannelsTest - FirstTeam Mattermost/button_Pin to channel (3)")): Object: 'Object Repository/Page_ ChannelsTest - FirstTeam Mattermost/button_Pin to channel (3)' is clicked on

2019-12-22 01:31:15 - [MESSAGE][PASSED] - Object: 'Object Repository/Page_ ChannelsTest - FirstTeam Mattermost/button_Pin to channel (3)' is clicked on

2019-12-22 01:31:15 - [TEST_STEP][PASSED] - closeBrowser(): Browser is closed

2019-12-22 01:31:20 - [MESSAGE][PASSED] - Browser is closed]]></system-out>
         <system-err><![CDATA[]]></system-err>
      </testcase>
      <testcase name="Test Cases/TestCase23Un-PinPost" time="29.721" classname="Test Cases/TestCase23Un-PinPost" status="PASSED">
         <system-out><![CDATA[2019-12-22 01:31:20 - [TEST_CASE][PASSED] - Test Cases/TestCase23Un-PinPost: Test Cases/TestCase23Un-PinPost

2019-12-22 01:31:20 - [TEST_STEP][PASSED] - openBrowser(""): Browser is opened with url: ''

2019-12-22 01:31:20 - [MESSAGE][INFO] - Starting 'Firefox' driver

2019-12-22 01:31:26 - [MESSAGE][PASSED] - Browser is opened with url: ''

2019-12-22 01:31:26 - [TEST_STEP][PASSED] - navigateToUrl("https://cs300testautomatic.herokuapp.com/"): Navigate to 'https://cs300testautomatic.herokuapp.com/' successfully

2019-12-22 01:31:30 - [MESSAGE][PASSED] - Navigate to 'https://cs300testautomatic.herokuapp.com/' successfully

2019-12-22 01:31:30 - [TEST_STEP][PASSED] - setText(findTestObject("Page_Mattermost/input_All team communication in one place s_703ef5 (47)"), "giabeuu@gmail.com"): Text 'giabeuu@gmail.com' is set on object 'Object Repository/Page_Mattermost/input_All team communication in one place s_703ef5 (47)'

2019-12-22 01:31:34 - [MESSAGE][PASSED] - Text 'giabeuu@gmail.com' is set on object 'Object Repository/Page_Mattermost/input_All team communication in one place s_703ef5 (47)'

2019-12-22 01:31:34 - [TEST_STEP][PASSED] - setEncryptedText(findTestObject("Page_Mattermost/input_All team communication in one place s_2f2733 (47)"), "GoUae4B8Jrc="): Text ****** has been set on object 'Object Repository/Page_Mattermost/input_All team communication in one place s_2f2733 (47)'

2019-12-22 01:31:34 - [MESSAGE][PASSED] - Text ****** has been set on object 'Object Repository/Page_Mattermost/input_All team communication in one place s_2f2733 (47)'

2019-12-22 01:31:34 - [TEST_STEP][PASSED] - click(findTestObject("Page_Mattermost/button_Sign in (34)")): Object: 'Object Repository/Page_Mattermost/button_Sign in (34)' is clicked on

2019-12-22 01:31:35 - [MESSAGE][PASSED] - Object: 'Object Repository/Page_Mattermost/button_Sign in (34)' is clicked on

2019-12-22 01:31:35 - [TEST_STEP][PASSED] - click(findTestObject("Page_ Town Square - FirstTeam Mattermost/div_Fi (18)")): Object: 'Object Repository/Page_ Town Square - FirstTeam Mattermost/div_Fi (18)' is clicked on

2019-12-22 01:31:39 - [MESSAGE][PASSED] - Object: 'Object Repository/Page_ Town Square - FirstTeam Mattermost/div_Fi (18)' is clicked on

2019-12-22 01:31:39 - [TEST_STEP][PASSED] - click(findTestObject("Page_ Town Square - FirstTeam Mattermost/a_ChannelsTest (4)")): Object: 'Object Repository/Page_ Town Square - FirstTeam Mattermost/a_ChannelsTest (4)' is clicked on

2019-12-22 01:31:40 - [MESSAGE][PASSED] - Object: 'Object Repository/Page_ Town Square - FirstTeam Mattermost/a_ChannelsTest (4)' is clicked on

2019-12-22 01:31:40 - [TEST_STEP][PASSED] - click(findTestObject("Object Repository/Page_ ChannelsTest - FirstTeam Mattermost/button_Add a channel description_channelHea_11db4d")): Object: 'Object Repository/Page_ ChannelsTest - FirstTeam Mattermost/button_Add a channel description_channelHea_11db4d' is clicked on

2019-12-22 01:31:41 - [MESSAGE][PASSED] - Object: 'Object Repository/Page_ ChannelsTest - FirstTeam Mattermost/button_Add a channel description_channelHea_11db4d' is clicked on

2019-12-22 01:31:41 - [TEST_STEP][PASSED] - click(findTestObject("Object Repository/Page_ ChannelsTest - FirstTeam Mattermost/button_Pinned_SEARCH_button_ndx3uchketdr3dz_02c332")): Object: 'Object Repository/Page_ ChannelsTest - FirstTeam Mattermost/button_Pinned_SEARCH_button_ndx3uchketdr3dz_02c332' is clicked on

2019-12-22 01:31:42 - [MESSAGE][PASSED] - Object: 'Object Repository/Page_ ChannelsTest - FirstTeam Mattermost/button_Pinned_SEARCH_button_ndx3uchketdr3dz_02c332' is clicked on

2019-12-22 01:31:42 - [TEST_STEP][PASSED] - click(findTestObject("Page_ ChannelsTest - FirstTeam Mattermost/button_Un-pin from channel (1)")): Object: 'Object Repository/Page_ ChannelsTest - FirstTeam Mattermost/button_Un-pin from channel (1)' is clicked on

2019-12-22 01:31:43 - [MESSAGE][PASSED] - Object: 'Object Repository/Page_ ChannelsTest - FirstTeam Mattermost/button_Un-pin from channel (1)' is clicked on

2019-12-22 01:31:43 - [TEST_STEP][PASSED] - click(findTestObject("Object Repository/Page_ ChannelsTest - FirstTeam Mattermost/span_There are no pinned messages yet")): Object: 'Object Repository/Page_ ChannelsTest - FirstTeam Mattermost/span_There are no pinned messages yet' is clicked on

2019-12-22 01:31:43 - [MESSAGE][PASSED] - Object: 'Object Repository/Page_ ChannelsTest - FirstTeam Mattermost/span_There are no pinned messages yet' is clicked on

2019-12-22 01:31:43 - [TEST_STEP][PASSED] - closeBrowser(): Browser is closed

2019-12-22 01:31:49 - [MESSAGE][PASSED] - Browser is closed]]></system-out>
         <system-err><![CDATA[]]></system-err>
      </testcase>
      <testcase name="Test Cases/TestCase24AddNewHeaderOnOff-TopicChannel" time="65.535" classname="Test Cases/TestCase24AddNewHeaderOnOff-TopicChannel" status="FAILED">
         <failure type="FAILED" message="Test Cases/TestCase24AddNewHeaderOnOff-TopicChannel FAILED.
Reason:
com.kms.katalon.core.exception.StepFailedException: Unable to click on object 'Object Repository/Page_ Off-Topic - FirstTeam Mattermost/span_Add a channel description (1)'
	at com.kms.katalon.core.webui.keyword.internal.WebUIKeywordMain.stepFailed(WebUIKeywordMain.groovy:64)
	at com.kms.katalon.core.webui.keyword.internal.WebUIKeywordMain.runKeyword(WebUIKeywordMain.groovy:26)
	at com.kms.katalon.core.webui.keyword.builtin.ClickKeyword.click(ClickKeyword.groovy:102)
	at com.kms.katalon.core.webui.keyword.builtin.ClickKeyword.execute(ClickKeyword.groovy:43)
	at com.kms.katalon.core.keyword.internal.KeywordExecutor.executeKeywordForPlatform(KeywordExecutor.groovy:72)
	at com.kms.katalon.core.webui.keyword.WebUiBuiltInKeywords.click(WebUiBuiltInKeywords.groovy:616)
	at com.kms.katalon.core.webui.keyword.WebUiBuiltInKeywords$click$3.call(Unknown Source)
	at TestCase24AddNewHeaderOnOff-TopicChannel.run(TestCase24AddNewHeaderOnOff-TopicChannel:33)
	at com.kms.katalon.core.main.ScriptEngine.run(ScriptEngine.java:194)
	at com.kms.katalon.core.main.ScriptEngine.runScriptAsRawText(ScriptEngine.java:119)
	at com.kms.katalon.core.main.TestCaseExecutor.runScript(TestCaseExecutor.java:337)
	at com.kms.katalon.core.main.TestCaseExecutor.doExecute(TestCaseExecutor.java:328)
	at com.kms.katalon.core.main.TestCaseExecutor.processExecutionPhase(TestCaseExecutor.java:307)
	at com.kms.katalon.core.main.TestCaseExecutor.accessMainPhase(TestCaseExecutor.java:299)
	at com.kms.katalon.core.main.TestCaseExecutor.execute(TestCaseExecutor.java:233)
	at com.kms.katalon.core.main.TestSuiteExecutor.accessTestCaseMainPhase(TestSuiteExecutor.java:169)
	at com.kms.katalon.core.main.TestSuiteExecutor.accessTestSuiteMainPhase(TestSuiteExecutor.java:142)
	at com.kms.katalon.core.main.TestSuiteExecutor.execute(TestSuiteExecutor.java:91)
	at com.kms.katalon.core.main.TestCaseMain.startTestSuite(TestCaseMain.java:157)
	at com.kms.katalon.core.main.TestCaseMain$startTestSuite$0.call(Unknown Source)
	at TempTestSuite1576952307212.run(TempTestSuite1576952307212.groovy:36)
Caused by: com.kms.katalon.core.webui.exception.WebElementNotFoundException: Web element with id: 'Object Repository/Page_ Off-Topic - FirstTeam Mattermost/span_Add a channel description (1)' located by 'By.xpath: //div[@id='channelHeaderDescription']/button/span' not found
	at com.kms.katalon.core.webui.common.WebUiCommonHelper.findWebElement(WebUiCommonHelper.java:1154)
	at com.kms.katalon.core.webui.keyword.internal.WebUIAbstractKeyword.findWebElement(WebUIAbstractKeyword.groovy:27)
	at com.kms.katalon.core.webui.keyword.internal.WebUIAbstractKeyword.findWebElement(WebUIAbstractKeyword.groovy:26)
	at com.kms.katalon.core.webui.keyword.builtin.ClickKeyword$_click_closure1.doCall(ClickKeyword.groovy:67)
	at com.kms.katalon.core.webui.keyword.builtin.ClickKeyword$_click_closure1.call(ClickKeyword.groovy)
	at com.kms.katalon.core.webui.keyword.internal.WebUIKeywordMain.runKeyword(WebUIKeywordMain.groovy:20)
	... 19 more
"/>
         <system-out><![CDATA[2019-12-22 01:31:49 - [TEST_CASE][FAILED] - Test Cases/TestCase24AddNewHeaderOnOff-TopicChannel: Test Cases/TestCase24AddNewHeaderOnOff-TopicChannel FAILED.
Reason:
com.kms.katalon.core.exception.StepFailedException: Unable to click on object 'Object Repository/Page_ Off-Topic - FirstTeam Mattermost/span_Add a channel description (1)'
	at com.kms.katalon.core.webui.keyword.internal.WebUIKeywordMain.stepFailed(WebUIKeywordMain.groovy:64)
	at com.kms.katalon.core.webui.keyword.internal.WebUIKeywordMain.runKeyword(WebUIKeywordMain.groovy:26)
	at com.kms.katalon.core.webui.keyword.builtin.ClickKeyword.click(ClickKeyword.groovy:102)
	at com.kms.katalon.core.webui.keyword.builtin.ClickKeyword.execute(ClickKeyword.groovy:43)
	at com.kms.katalon.core.keyword.internal.KeywordExecutor.executeKeywordForPlatform(KeywordExecutor.groovy:72)
	at com.kms.katalon.core.webui.keyword.WebUiBuiltInKeywords.click(WebUiBuiltInKeywords.groovy:616)
	at com.kms.katalon.core.webui.keyword.WebUiBuiltInKeywords$click$3.call(Unknown Source)
	at TestCase24AddNewHeaderOnOff-TopicChannel.run(TestCase24AddNewHeaderOnOff-TopicChannel:33)
	at com.kms.katalon.core.main.ScriptEngine.run(ScriptEngine.java:194)
	at com.kms.katalon.core.main.ScriptEngine.runScriptAsRawText(ScriptEngine.java:119)
	at com.kms.katalon.core.main.TestCaseExecutor.runScript(TestCaseExecutor.java:337)
	at com.kms.katalon.core.main.TestCaseExecutor.doExecute(TestCaseExecutor.java:328)
	at com.kms.katalon.core.main.TestCaseExecutor.processExecutionPhase(TestCaseExecutor.java:307)
	at com.kms.katalon.core.main.TestCaseExecutor.accessMainPhase(TestCaseExecutor.java:299)
	at com.kms.katalon.core.main.TestCaseExecutor.execute(TestCaseExecutor.java:233)
	at com.kms.katalon.core.main.TestSuiteExecutor.accessTestCaseMainPhase(TestSuiteExecutor.java:169)
	at com.kms.katalon.core.main.TestSuiteExecutor.accessTestSuiteMainPhase(TestSuiteExecutor.java:142)
	at com.kms.katalon.core.main.TestSuiteExecutor.execute(TestSuiteExecutor.java:91)
	at com.kms.katalon.core.main.TestCaseMain.startTestSuite(TestCaseMain.java:157)
	at com.kms.katalon.core.main.TestCaseMain$startTestSuite$0.call(Unknown Source)
	at TempTestSuite1576952307212.run(TempTestSuite1576952307212.groovy:36)
Caused by: com.kms.katalon.core.webui.exception.WebElementNotFoundException: Web element with id: 'Object Repository/Page_ Off-Topic - FirstTeam Mattermost/span_Add a channel description (1)' located by 'By.xpath: //div[@id='channelHeaderDescription']/button/span' not found
	at com.kms.katalon.core.webui.common.WebUiCommonHelper.findWebElement(WebUiCommonHelper.java:1154)
	at com.kms.katalon.core.webui.keyword.internal.WebUIAbstractKeyword.findWebElement(WebUIAbstractKeyword.groovy:27)
	at com.kms.katalon.core.webui.keyword.internal.WebUIAbstractKeyword.findWebElement(WebUIAbstractKeyword.groovy:26)
	at com.kms.katalon.core.webui.keyword.builtin.ClickKeyword$_click_closure1.doCall(ClickKeyword.groovy:67)
	at com.kms.katalon.core.webui.keyword.builtin.ClickKeyword$_click_closure1.call(ClickKeyword.groovy)
	at com.kms.katalon.core.webui.keyword.internal.WebUIKeywordMain.runKeyword(WebUIKeywordMain.groovy:20)
	... 19 more


2019-12-22 01:31:49 - [TEST_STEP][PASSED] - openBrowser(""): Browser is opened with url: ''

2019-12-22 01:31:49 - [MESSAGE][INFO] - Starting 'Firefox' driver

2019-12-22 01:31:56 - [MESSAGE][PASSED] - Browser is opened with url: ''

2019-12-22 01:31:56 - [TEST_STEP][PASSED] - navigateToUrl("https://cs300testautomatic.herokuapp.com/"): Navigate to 'https://cs300testautomatic.herokuapp.com/' successfully

2019-12-22 01:31:59 - [MESSAGE][PASSED] - Navigate to 'https://cs300testautomatic.herokuapp.com/' successfully

2019-12-22 01:31:59 - [TEST_STEP][PASSED] - setText(findTestObject("Page_Mattermost/input_All team communication in one place s_703ef5 (49)"), "giabeuu@gmail.com"): Text 'giabeuu@gmail.com' is set on object 'Object Repository/Page_Mattermost/input_All team communication in one place s_703ef5 (49)'

2019-12-22 01:32:04 - [MESSAGE][PASSED] - Text 'giabeuu@gmail.com' is set on object 'Object Repository/Page_Mattermost/input_All team communication in one place s_703ef5 (49)'

2019-12-22 01:32:04 - [TEST_STEP][PASSED] - setEncryptedText(findTestObject("Page_Mattermost/input_All team communication in one place s_2f2733 (49)"), "GoUae4B8Jrc="): Text ****** has been set on object 'Object Repository/Page_Mattermost/input_All team communication in one place s_2f2733 (49)'

2019-12-22 01:32:04 - [MESSAGE][PASSED] - Text ****** has been set on object 'Object Repository/Page_Mattermost/input_All team communication in one place s_2f2733 (49)'

2019-12-22 01:32:04 - [TEST_STEP][PASSED] - click(findTestObject("Page_Mattermost/button_Sign in (36)")): Object: 'Object Repository/Page_Mattermost/button_Sign in (36)' is clicked on

2019-12-22 01:32:05 - [MESSAGE][PASSED] - Object: 'Object Repository/Page_Mattermost/button_Sign in (36)' is clicked on

2019-12-22 01:32:05 - [TEST_STEP][PASSED] - click(findTestObject("Page_ Town Square - FirstTeam Mattermost/div_Fi (19)")): Object: 'Object Repository/Page_ Town Square - FirstTeam Mattermost/div_Fi (19)' is clicked on

2019-12-22 01:32:09 - [MESSAGE][PASSED] - Object: 'Object Repository/Page_ Town Square - FirstTeam Mattermost/div_Fi (19)' is clicked on

2019-12-22 01:32:09 - [TEST_STEP][PASSED] - click(findTestObject("Page_ Town Square - FirstTeam Mattermost/a_Off-Topic (3)")): Object: 'Object Repository/Page_ Town Square - FirstTeam Mattermost/a_Off-Topic (3)' is clicked on

2019-12-22 01:32:09 - [MESSAGE][PASSED] - Object: 'Object Repository/Page_ Town Square - FirstTeam Mattermost/a_Off-Topic (3)' is clicked on

2019-12-22 01:32:09 - [TEST_STEP][FAILED] - click(findTestObject("Page_ Off-Topic - FirstTeam Mattermost/span_Add a channel description (1)")): Unable to click on object 'Object Repository/Page_ Off-Topic - FirstTeam Mattermost/span_Add a channel description (1)' (Root cause: com.kms.katalon.core.exception.StepFailedException: Unable to click on object 'Object Repository/Page_ Off-Topic - FirstTeam Mattermost/span_Add a channel description (1)'
	at com.kms.katalon.core.webui.keyword.internal.WebUIKeywordMain.stepFailed(WebUIKeywordMain.groovy:64)
	at com.kms.katalon.core.webui.keyword.internal.WebUIKeywordMain.runKeyword(WebUIKeywordMain.groovy:26)
	at com.kms.katalon.core.webui.keyword.builtin.ClickKeyword.click(ClickKeyword.groovy:102)
	at com.kms.katalon.core.webui.keyword.builtin.ClickKeyword.execute(ClickKeyword.groovy:43)
	at com.kms.katalon.core.keyword.internal.KeywordExecutor.executeKeywordForPlatform(KeywordExecutor.groovy:72)
	at com.kms.katalon.core.webui.keyword.WebUiBuiltInKeywords.click(WebUiBuiltInKeywords.groovy:616)
	at com.kms.katalon.core.webui.keyword.WebUiBuiltInKeywords$click$3.call(Unknown Source)
	at TestCase24AddNewHeaderOnOff-TopicChannel.run(TestCase24AddNewHeaderOnOff-TopicChannel:33)
	at com.kms.katalon.core.main.ScriptEngine.run(ScriptEngine.java:194)
	at com.kms.katalon.core.main.ScriptEngine.runScriptAsRawText(ScriptEngine.java:119)
	at com.kms.katalon.core.main.TestCaseExecutor.runScript(TestCaseExecutor.java:337)
	at com.kms.katalon.core.main.TestCaseExecutor.doExecute(TestCaseExecutor.java:328)
	at com.kms.katalon.core.main.TestCaseExecutor.processExecutionPhase(TestCaseExecutor.java:307)
	at com.kms.katalon.core.main.TestCaseExecutor.accessMainPhase(TestCaseExecutor.java:299)
	at com.kms.katalon.core.main.TestCaseExecutor.execute(TestCaseExecutor.java:233)
	at com.kms.katalon.core.main.TestSuiteExecutor.accessTestCaseMainPhase(TestSuiteExecutor.java:169)
	at com.kms.katalon.core.main.TestSuiteExecutor.accessTestSuiteMainPhase(TestSuiteExecutor.java:142)
	at com.kms.katalon.core.main.TestSuiteExecutor.execute(TestSuiteExecutor.java:91)
	at com.kms.katalon.core.main.TestCaseMain.startTestSuite(TestCaseMain.java:157)
	at com.kms.katalon.core.main.TestCaseMain$startTestSuite$0.call(Unknown Source)
	at TempTestSuite1576952307212.run(TempTestSuite1576952307212.groovy:36)
Caused by: com.kms.katalon.core.webui.exception.WebElementNotFoundException: Web element with id: 'Object Repository/Page_ Off-Topic - FirstTeam Mattermost/span_Add a channel description (1)' located by 'By.xpath: //div[@id='channelHeaderDescription']/button/span' not found
	at com.kms.katalon.core.webui.common.WebUiCommonHelper.findWebElement(WebUiCommonHelper.java:1154)
	at com.kms.katalon.core.webui.keyword.internal.WebUIAbstractKeyword.findWebElement(WebUIAbstractKeyword.groovy:27)
	at com.kms.katalon.core.webui.keyword.internal.WebUIAbstractKeyword.findWebElement(WebUIAbstractKeyword.groovy:26)
	at com.kms.katalon.core.webui.keyword.builtin.ClickKeyword$_click_closure1.doCall(ClickKeyword.groovy:67)
	at com.kms.katalon.core.webui.keyword.builtin.ClickKeyword$_click_closure1.call(ClickKeyword.groovy)
	at com.kms.katalon.core.webui.keyword.internal.WebUIKeywordMain.runKeyword(WebUIKeywordMain.groovy:20)
	at com.kms.katalon.core.webui.keyword.builtin.ClickKeyword.click(ClickKeyword.groovy:102)
	at com.kms.katalon.core.webui.keyword.builtin.ClickKeyword.execute(ClickKeyword.groovy:43)
	at com.kms.katalon.core.keyword.internal.KeywordExecutor.executeKeywordForPlatform(KeywordExecutor.groovy:72)
	at com.kms.katalon.core.webui.keyword.WebUiBuiltInKeywords.click(WebUiBuiltInKeywords.groovy:616)
	at com.kms.katalon.core.webui.keyword.WebUiBuiltInKeywords$click$3.call(Unknown Source)
	at Script1576857885488.run(Script1576857885488.groovy:33)
	... 13 more
)

2019-12-22 01:32:55 - [MESSAGE][INFO] - Unable to find the element located by 'By.xpath: //div[@id='channelHeaderDescription']/button/span'. Please recheck the objects properties to make sure the desired element is located. 

2019-12-22 01:32:55 - [MESSAGE][FAILED] - Unable to click on object 'Object Repository/Page_ Off-Topic - FirstTeam Mattermost/span_Add a channel description (1)' (Root cause: com.kms.katalon.core.exception.StepFailedException: Unable to click on object 'Object Repository/Page_ Off-Topic - FirstTeam Mattermost/span_Add a channel description (1)'
	at com.kms.katalon.core.webui.keyword.internal.WebUIKeywordMain.stepFailed(WebUIKeywordMain.groovy:64)
	at com.kms.katalon.core.webui.keyword.internal.WebUIKeywordMain.runKeyword(WebUIKeywordMain.groovy:26)
	at com.kms.katalon.core.webui.keyword.builtin.ClickKeyword.click(ClickKeyword.groovy:102)
	at com.kms.katalon.core.webui.keyword.builtin.ClickKeyword.execute(ClickKeyword.groovy:43)
	at com.kms.katalon.core.keyword.internal.KeywordExecutor.executeKeywordForPlatform(KeywordExecutor.groovy:72)
	at com.kms.katalon.core.webui.keyword.WebUiBuiltInKeywords.click(WebUiBuiltInKeywords.groovy:616)
	at com.kms.katalon.core.webui.keyword.WebUiBuiltInKeywords$click$3.call(Unknown Source)
	at TestCase24AddNewHeaderOnOff-TopicChannel.run(TestCase24AddNewHeaderOnOff-TopicChannel:33)
	at com.kms.katalon.core.main.ScriptEngine.run(ScriptEngine.java:194)
	at com.kms.katalon.core.main.ScriptEngine.runScriptAsRawText(ScriptEngine.java:119)
	at com.kms.katalon.core.main.TestCaseExecutor.runScript(TestCaseExecutor.java:337)
	at com.kms.katalon.core.main.TestCaseExecutor.doExecute(TestCaseExecutor.java:328)
	at com.kms.katalon.core.main.TestCaseExecutor.processExecutionPhase(TestCaseExecutor.java:307)
	at com.kms.katalon.core.main.TestCaseExecutor.accessMainPhase(TestCaseExecutor.java:299)
	at com.kms.katalon.core.main.TestCaseExecutor.execute(TestCaseExecutor.java:233)
	at com.kms.katalon.core.main.TestSuiteExecutor.accessTestCaseMainPhase(TestSuiteExecutor.java:169)
	at com.kms.katalon.core.main.TestSuiteExecutor.accessTestSuiteMainPhase(TestSuiteExecutor.java:142)
	at com.kms.katalon.core.main.TestSuiteExecutor.execute(TestSuiteExecutor.java:91)
	at com.kms.katalon.core.main.TestCaseMain.startTestSuite(TestCaseMain.java:157)
	at com.kms.katalon.core.main.TestCaseMain$startTestSuite$0.call(Unknown Source)
	at TempTestSuite1576952307212.run(TempTestSuite1576952307212.groovy:36)
Caused by: com.kms.katalon.core.webui.exception.WebElementNotFoundException: Web element with id: 'Object Repository/Page_ Off-Topic - FirstTeam Mattermost/span_Add a channel description (1)' located by 'By.xpath: //div[@id='channelHeaderDescription']/button/span' not found
	at com.kms.katalon.core.webui.common.WebUiCommonHelper.findWebElement(WebUiCommonHelper.java:1154)
	at com.kms.katalon.core.webui.keyword.internal.WebUIAbstractKeyword.findWebElement(WebUIAbstractKeyword.groovy:27)
	at com.kms.katalon.core.webui.keyword.internal.WebUIAbstractKeyword.findWebElement(WebUIAbstractKeyword.groovy:26)
	at com.kms.katalon.core.webui.keyword.builtin.ClickKeyword$_click_closure1.doCall(ClickKeyword.groovy:67)
	at com.kms.katalon.core.webui.keyword.builtin.ClickKeyword$_click_closure1.call(ClickKeyword.groovy)
	at com.kms.katalon.core.webui.keyword.internal.WebUIKeywordMain.runKeyword(WebUIKeywordMain.groovy:20)
	at com.kms.katalon.core.webui.keyword.builtin.ClickKeyword.click(ClickKeyword.groovy:102)
	at com.kms.katalon.core.webui.keyword.builtin.ClickKeyword.execute(ClickKeyword.groovy:43)
	at com.kms.katalon.core.keyword.internal.KeywordExecutor.executeKeywordForPlatform(KeywordExecutor.groovy:72)
	at com.kms.katalon.core.webui.keyword.WebUiBuiltInKeywords.click(WebUiBuiltInKeywords.groovy:616)
	at com.kms.katalon.core.webui.keyword.WebUiBuiltInKeywords$click$3.call(Unknown Source)
	at Script1576857885488.run(Script1576857885488.groovy:33)
	... 13 more
)
[[ATTACHMENT|E:\\APCS\\2019-2020\\Term1\\CS300\\Github\\CS300AutomaticWebTesting\\Reports\\20191222_011827\\Run All Test Cases\\20191222_011827\\1576953175211.png]]]]></system-out>
         <system-err><![CDATA[2019-12-22 01:31:49 - [TEST_CASE][FAILED] - Test Cases/TestCase24AddNewHeaderOnOff-TopicChannel: Test Cases/TestCase24AddNewHeaderOnOff-TopicChannel FAILED.
Reason:
com.kms.katalon.core.exception.StepFailedException: Unable to click on object 'Object Repository/Page_ Off-Topic - FirstTeam Mattermost/span_Add a channel description (1)'
	at com.kms.katalon.core.webui.keyword.internal.WebUIKeywordMain.stepFailed(WebUIKeywordMain.groovy:64)
	at com.kms.katalon.core.webui.keyword.internal.WebUIKeywordMain.runKeyword(WebUIKeywordMain.groovy:26)
	at com.kms.katalon.core.webui.keyword.builtin.ClickKeyword.click(ClickKeyword.groovy:102)
	at com.kms.katalon.core.webui.keyword.builtin.ClickKeyword.execute(ClickKeyword.groovy:43)
	at com.kms.katalon.core.keyword.internal.KeywordExecutor.executeKeywordForPlatform(KeywordExecutor.groovy:72)
	at com.kms.katalon.core.webui.keyword.WebUiBuiltInKeywords.click(WebUiBuiltInKeywords.groovy:616)
	at com.kms.katalon.core.webui.keyword.WebUiBuiltInKeywords$click$3.call(Unknown Source)
	at TestCase24AddNewHeaderOnOff-TopicChannel.run(TestCase24AddNewHeaderOnOff-TopicChannel:33)
	at com.kms.katalon.core.main.ScriptEngine.run(ScriptEngine.java:194)
	at com.kms.katalon.core.main.ScriptEngine.runScriptAsRawText(ScriptEngine.java:119)
	at com.kms.katalon.core.main.TestCaseExecutor.runScript(TestCaseExecutor.java:337)
	at com.kms.katalon.core.main.TestCaseExecutor.doExecute(TestCaseExecutor.java:328)
	at com.kms.katalon.core.main.TestCaseExecutor.processExecutionPhase(TestCaseExecutor.java:307)
	at com.kms.katalon.core.main.TestCaseExecutor.accessMainPhase(TestCaseExecutor.java:299)
	at com.kms.katalon.core.main.TestCaseExecutor.execute(TestCaseExecutor.java:233)
	at com.kms.katalon.core.main.TestSuiteExecutor.accessTestCaseMainPhase(TestSuiteExecutor.java:169)
	at com.kms.katalon.core.main.TestSuiteExecutor.accessTestSuiteMainPhase(TestSuiteExecutor.java:142)
	at com.kms.katalon.core.main.TestSuiteExecutor.execute(TestSuiteExecutor.java:91)
	at com.kms.katalon.core.main.TestCaseMain.startTestSuite(TestCaseMain.java:157)
	at com.kms.katalon.core.main.TestCaseMain$startTestSuite$0.call(Unknown Source)
	at TempTestSuite1576952307212.run(TempTestSuite1576952307212.groovy:36)
Caused by: com.kms.katalon.core.webui.exception.WebElementNotFoundException: Web element with id: 'Object Repository/Page_ Off-Topic - FirstTeam Mattermost/span_Add a channel description (1)' located by 'By.xpath: //div[@id='channelHeaderDescription']/button/span' not found
	at com.kms.katalon.core.webui.common.WebUiCommonHelper.findWebElement(WebUiCommonHelper.java:1154)
	at com.kms.katalon.core.webui.keyword.internal.WebUIAbstractKeyword.findWebElement(WebUIAbstractKeyword.groovy:27)
	at com.kms.katalon.core.webui.keyword.internal.WebUIAbstractKeyword.findWebElement(WebUIAbstractKeyword.groovy:26)
	at com.kms.katalon.core.webui.keyword.builtin.ClickKeyword$_click_closure1.doCall(ClickKeyword.groovy:67)
	at com.kms.katalon.core.webui.keyword.builtin.ClickKeyword$_click_closure1.call(ClickKeyword.groovy)
	at com.kms.katalon.core.webui.keyword.internal.WebUIKeywordMain.runKeyword(WebUIKeywordMain.groovy:20)
	... 19 more]]></system-err>
      </testcase>
      <testcase name="Test Cases/TestCase25EditHeaderOnOff-TopicChannel" time="51.433" classname="Test Cases/TestCase25EditHeaderOnOff-TopicChannel" status="PASSED">
         <system-out><![CDATA[2019-12-22 01:32:55 - [TEST_CASE][PASSED] - Test Cases/TestCase25EditHeaderOnOff-TopicChannel: Test Cases/TestCase25EditHeaderOnOff-TopicChannel

2019-12-22 01:32:55 - [TEST_STEP][PASSED] - openBrowser(""): Browser is opened with url: ''

2019-12-22 01:32:55 - [MESSAGE][WARNING] - A browser is already opened. Closing browser and opening a new one

2019-12-22 01:32:58 - [MESSAGE][INFO] - Starting 'Firefox' driver

2019-12-22 01:33:04 - [MESSAGE][PASSED] - Browser is opened with url: ''

2019-12-22 01:33:04 - [TEST_STEP][PASSED] - navigateToUrl("https://cs300testautomatic.herokuapp.com/"): Navigate to 'https://cs300testautomatic.herokuapp.com/' successfully

2019-12-22 01:33:09 - [MESSAGE][PASSED] - Navigate to 'https://cs300testautomatic.herokuapp.com/' successfully

2019-12-22 01:33:09 - [TEST_STEP][PASSED] - setText(findTestObject("Page_Mattermost/input_All team communication in one place s_703ef5 (50)"), "giabeuu@gmail.com"): Text 'giabeuu@gmail.com' is set on object 'Object Repository/Page_Mattermost/input_All team communication in one place s_703ef5 (50)'

2019-12-22 01:33:13 - [MESSAGE][PASSED] - Text 'giabeuu@gmail.com' is set on object 'Object Repository/Page_Mattermost/input_All team communication in one place s_703ef5 (50)'

2019-12-22 01:33:13 - [TEST_STEP][PASSED] - setEncryptedText(findTestObject("Page_Mattermost/input_All team communication in one place s_2f2733 (50)"), "GoUae4B8Jrc="): Text ****** has been set on object 'Object Repository/Page_Mattermost/input_All team communication in one place s_2f2733 (50)'

2019-12-22 01:33:14 - [MESSAGE][PASSED] - Text ****** has been set on object 'Object Repository/Page_Mattermost/input_All team communication in one place s_2f2733 (50)'

2019-12-22 01:33:14 - [TEST_STEP][PASSED] - click(findTestObject("Page_Mattermost/button_Sign in (37)")): Object: 'Object Repository/Page_Mattermost/button_Sign in (37)' is clicked on

2019-12-22 01:33:15 - [MESSAGE][PASSED] - Object: 'Object Repository/Page_Mattermost/button_Sign in (37)' is clicked on

2019-12-22 01:33:15 - [TEST_STEP][PASSED] - click(findTestObject("Page_ Town Square - FirstTeam Mattermost/div_Fi (20)")): Object: 'Object Repository/Page_ Town Square - FirstTeam Mattermost/div_Fi (20)' is clicked on

2019-12-22 01:33:19 - [MESSAGE][PASSED] - Object: 'Object Repository/Page_ Town Square - FirstTeam Mattermost/div_Fi (20)' is clicked on

2019-12-22 01:33:19 - [TEST_STEP][PASSED] - click(findTestObject("Page_ Town Square - FirstTeam Mattermost/a_Off-Topic (4)")): Object: 'Object Repository/Page_ Town Square - FirstTeam Mattermost/a_Off-Topic (4)' is clicked on

2019-12-22 01:33:19 - [MESSAGE][PASSED] - Object: 'Object Repository/Page_ Town Square - FirstTeam Mattermost/a_Off-Topic (4)' is clicked on

2019-12-22 01:33:19 - [TEST_STEP][PASSED] - click(findTestObject("Object Repository/Page_ Off-Topic - FirstTeam Mattermost/button_Off-Topic")): Object: 'Object Repository/Page_ Off-Topic - FirstTeam Mattermost/button_Off-Topic' is clicked on

2019-12-22 01:33:20 - [MESSAGE][PASSED] - Object: 'Object Repository/Page_ Off-Topic - FirstTeam Mattermost/button_Off-Topic' is clicked on

2019-12-22 01:33:20 - [TEST_STEP][PASSED] - click(findTestObject("Page_ Off-Topic - FirstTeam Mattermost/button_Edit Channel Header (5)")): Object: 'Object Repository/Page_ Off-Topic - FirstTeam Mattermost/button_Edit Channel Header (5)' is clicked on

2019-12-22 01:33:21 - [MESSAGE][PASSED] - Object: 'Object Repository/Page_ Off-Topic - FirstTeam Mattermost/button_Edit Channel Header (5)' is clicked on

2019-12-22 01:33:21 - [TEST_STEP][PASSED] - setText(findTestObject("Page_ Off-Topic - FirstTeam Mattermost/textarea_This is new header (1)"), "This is new heade"): Text 'This is new heade' is set on object 'Object Repository/Page_ Off-Topic - FirstTeam Mattermost/textarea_This is new header (1)'

2019-12-22 01:33:21 - [MESSAGE][PASSED] - Text 'This is new heade' is set on object 'Object Repository/Page_ Off-Topic - FirstTeam Mattermost/textarea_This is new header (1)'

2019-12-22 01:33:21 - [TEST_STEP][PASSED] - setText(findTestObject("Page_ Off-Topic - FirstTeam Mattermost/textarea_This is new heade (2)"), "This is new head"): Text 'This is new head' is set on object 'Object Repository/Page_ Off-Topic - FirstTeam Mattermost/textarea_This is new heade (2)'

2019-12-22 01:33:22 - [MESSAGE][PASSED] - Text 'This is new head' is set on object 'Object Repository/Page_ Off-Topic - FirstTeam Mattermost/textarea_This is new heade (2)'

2019-12-22 01:33:22 - [TEST_STEP][PASSED] - setText(findTestObject("Page_ Off-Topic - FirstTeam Mattermost/textarea_This is new head (2)"), "This is new hea"): Text 'This is new hea' is set on object 'Object Repository/Page_ Off-Topic - FirstTeam Mattermost/textarea_This is new head (2)'

2019-12-22 01:33:22 - [MESSAGE][PASSED] - Text 'This is new hea' is set on object 'Object Repository/Page_ Off-Topic - FirstTeam Mattermost/textarea_This is new head (2)'

2019-12-22 01:33:22 - [TEST_STEP][PASSED] - setText(findTestObject("Page_ Off-Topic - FirstTeam Mattermost/textarea_This is new hea (2)"), "This is new he"): Text 'This is new he' is set on object 'Object Repository/Page_ Off-Topic - FirstTeam Mattermost/textarea_This is new hea (2)'

2019-12-22 01:33:23 - [MESSAGE][PASSED] - Text 'This is new he' is set on object 'Object Repository/Page_ Off-Topic - FirstTeam Mattermost/textarea_This is new hea (2)'

2019-12-22 01:33:23 - [TEST_STEP][PASSED] - setText(findTestObject("Page_ Off-Topic - FirstTeam Mattermost/textarea_This is new he (2)"), "This is new h"): Text 'This is new h' is set on object 'Object Repository/Page_ Off-Topic - FirstTeam Mattermost/textarea_This is new he (2)'

2019-12-22 01:33:24 - [MESSAGE][PASSED] - Text 'This is new h' is set on object 'Object Repository/Page_ Off-Topic - FirstTeam Mattermost/textarea_This is new he (2)'

2019-12-22 01:33:24 - [TEST_STEP][PASSED] - setText(findTestObject("Page_ Off-Topic - FirstTeam Mattermost/textarea_This is new h (2)"), "This is new "): Text 'This is new ' is set on object 'Object Repository/Page_ Off-Topic - FirstTeam Mattermost/textarea_This is new h (2)'

2019-12-22 01:33:24 - [MESSAGE][PASSED] - Text 'This is new ' is set on object 'Object Repository/Page_ Off-Topic - FirstTeam Mattermost/textarea_This is new h (2)'

2019-12-22 01:33:24 - [TEST_STEP][PASSED] - setText(findTestObject("Page_ Off-Topic - FirstTeam Mattermost/textarea_This is new (2)"), "This is new"): Text 'This is new' is set on object 'Object Repository/Page_ Off-Topic - FirstTeam Mattermost/textarea_This is new (2)'

2019-12-22 01:33:25 - [MESSAGE][PASSED] - Text 'This is new' is set on object 'Object Repository/Page_ Off-Topic - FirstTeam Mattermost/textarea_This is new (2)'

2019-12-22 01:33:25 - [TEST_STEP][PASSED] - setText(findTestObject("Page_ Off-Topic - FirstTeam Mattermost/textarea_This is new_1 (2)"), "This is ne"): Text 'This is ne' is set on object 'Object Repository/Page_ Off-Topic - FirstTeam Mattermost/textarea_This is new_1 (2)'

2019-12-22 01:33:25 - [MESSAGE][PASSED] - Text 'This is ne' is set on object 'Object Repository/Page_ Off-Topic - FirstTeam Mattermost/textarea_This is new_1 (2)'

2019-12-22 01:33:25 - [TEST_STEP][PASSED] - setText(findTestObject("Page_ Off-Topic - FirstTeam Mattermost/textarea_This is ne (2)"), "This is n"): Text 'This is n' is set on object 'Object Repository/Page_ Off-Topic - FirstTeam Mattermost/textarea_This is ne (2)'

2019-12-22 01:33:26 - [MESSAGE][PASSED] - Text 'This is n' is set on object 'Object Repository/Page_ Off-Topic - FirstTeam Mattermost/textarea_This is ne (2)'

2019-12-22 01:33:26 - [TEST_STEP][PASSED] - setText(findTestObject("Page_ Off-Topic - FirstTeam Mattermost/textarea_This is n (2)"), "This is "): Text 'This is ' is set on object 'Object Repository/Page_ Off-Topic - FirstTeam Mattermost/textarea_This is n (2)'

2019-12-22 01:33:26 - [MESSAGE][PASSED] - Text 'This is ' is set on object 'Object Repository/Page_ Off-Topic - FirstTeam Mattermost/textarea_This is n (2)'

2019-12-22 01:33:26 - [TEST_STEP][PASSED] - setText(findTestObject("Page_ Off-Topic - FirstTeam Mattermost/textarea_This is (2)"), "This is"): Text 'This is' is set on object 'Object Repository/Page_ Off-Topic - FirstTeam Mattermost/textarea_This is (2)'

2019-12-22 01:33:27 - [MESSAGE][PASSED] - Text 'This is' is set on object 'Object Repository/Page_ Off-Topic - FirstTeam Mattermost/textarea_This is (2)'

2019-12-22 01:33:27 - [TEST_STEP][PASSED] - setText(findTestObject("Page_ Off-Topic - FirstTeam Mattermost/textarea_This is_1 (2)"), "This i"): Text 'This i' is set on object 'Object Repository/Page_ Off-Topic - FirstTeam Mattermost/textarea_This is_1 (2)'

2019-12-22 01:33:27 - [MESSAGE][PASSED] - Text 'This i' is set on object 'Object Repository/Page_ Off-Topic - FirstTeam Mattermost/textarea_This is_1 (2)'

2019-12-22 01:33:27 - [TEST_STEP][PASSED] - setText(findTestObject("Page_ Off-Topic - FirstTeam Mattermost/textarea_This i (2)"), "This "): Text 'This ' is set on object 'Object Repository/Page_ Off-Topic - FirstTeam Mattermost/textarea_This i (2)'

2019-12-22 01:33:28 - [MESSAGE][PASSED] - Text 'This ' is set on object 'Object Repository/Page_ Off-Topic - FirstTeam Mattermost/textarea_This i (2)'

2019-12-22 01:33:28 - [TEST_STEP][PASSED] - setText(findTestObject("Page_ Off-Topic - FirstTeam Mattermost/textarea_This (2)"), "This"): Text 'This' is set on object 'Object Repository/Page_ Off-Topic - FirstTeam Mattermost/textarea_This (2)'

2019-12-22 01:33:29 - [MESSAGE][PASSED] - Text 'This' is set on object 'Object Repository/Page_ Off-Topic - FirstTeam Mattermost/textarea_This (2)'

2019-12-22 01:33:29 - [TEST_STEP][PASSED] - setText(findTestObject("Page_ Off-Topic - FirstTeam Mattermost/textarea_This_1 (2)"), "Thi"): Text 'Thi' is set on object 'Object Repository/Page_ Off-Topic - FirstTeam Mattermost/textarea_This_1 (2)'

2019-12-22 01:33:29 - [MESSAGE][PASSED] - Text 'Thi' is set on object 'Object Repository/Page_ Off-Topic - FirstTeam Mattermost/textarea_This_1 (2)'

2019-12-22 01:33:29 - [TEST_STEP][PASSED] - setText(findTestObject("Page_ Off-Topic - FirstTeam Mattermost/textarea_Thi (2)"), "Th"): Text 'Th' is set on object 'Object Repository/Page_ Off-Topic - FirstTeam Mattermost/textarea_Thi (2)'

2019-12-22 01:33:30 - [MESSAGE][PASSED] - Text 'Th' is set on object 'Object Repository/Page_ Off-Topic - FirstTeam Mattermost/textarea_Thi (2)'

2019-12-22 01:33:30 - [TEST_STEP][PASSED] - setText(findTestObject("Page_ Off-Topic - FirstTeam Mattermost/textarea_Th (2)"), "T"): Text 'T' is set on object 'Object Repository/Page_ Off-Topic - FirstTeam Mattermost/textarea_Th (2)'

2019-12-22 01:33:30 - [MESSAGE][PASSED] - Text 'T' is set on object 'Object Repository/Page_ Off-Topic - FirstTeam Mattermost/textarea_Th (2)'

2019-12-22 01:33:30 - [TEST_STEP][PASSED] - setText(findTestObject("Page_ Off-Topic - FirstTeam Mattermost/textarea_T (2)"), ""): Text '' is set on object 'Object Repository/Page_ Off-Topic - FirstTeam Mattermost/textarea_T (2)'

2019-12-22 01:33:31 - [MESSAGE][PASSED] - Text '' is set on object 'Object Repository/Page_ Off-Topic - FirstTeam Mattermost/textarea_T (2)'

2019-12-22 01:33:31 - [TEST_STEP][PASSED] - setText(findTestObject("Page_ Off-Topic - FirstTeam Mattermost/textarea_Edit the Channel Header_edit_textbox (2)"), "E"): Text 'E' is set on object 'Object Repository/Page_ Off-Topic - FirstTeam Mattermost/textarea_Edit the Channel Header_edit_textbox (2)'

2019-12-22 01:33:31 - [MESSAGE][PASSED] - Text 'E' is set on object 'Object Repository/Page_ Off-Topic - FirstTeam Mattermost/textarea_Edit the Channel Header_edit_textbox (2)'

2019-12-22 01:33:31 - [TEST_STEP][PASSED] - setText(findTestObject("Page_ Off-Topic - FirstTeam Mattermost/textarea_E (4)"), "Ed"): Text 'Ed' is set on object 'Object Repository/Page_ Off-Topic - FirstTeam Mattermost/textarea_E (4)'

2019-12-22 01:33:32 - [MESSAGE][PASSED] - Text 'Ed' is set on object 'Object Repository/Page_ Off-Topic - FirstTeam Mattermost/textarea_E (4)'

2019-12-22 01:33:32 - [TEST_STEP][PASSED] - setText(findTestObject("Page_ Off-Topic - FirstTeam Mattermost/textarea_Ed (4)"), "Edi"): Text 'Edi' is set on object 'Object Repository/Page_ Off-Topic - FirstTeam Mattermost/textarea_Ed (4)'

2019-12-22 01:33:32 - [MESSAGE][PASSED] - Text 'Edi' is set on object 'Object Repository/Page_ Off-Topic - FirstTeam Mattermost/textarea_Ed (4)'

2019-12-22 01:33:32 - [TEST_STEP][PASSED] - setText(findTestObject("Page_ Off-Topic - FirstTeam Mattermost/textarea_Edi (4)"), "Edit"): Text 'Edit' is set on object 'Object Repository/Page_ Off-Topic - FirstTeam Mattermost/textarea_Edi (4)'

2019-12-22 01:33:33 - [MESSAGE][PASSED] - Text 'Edit' is set on object 'Object Repository/Page_ Off-Topic - FirstTeam Mattermost/textarea_Edi (4)'

2019-12-22 01:33:33 - [TEST_STEP][PASSED] - setText(findTestObject("Page_ Off-Topic - FirstTeam Mattermost/textarea_Edit (4)"), "Edite"): Text 'Edite' is set on object 'Object Repository/Page_ Off-Topic - FirstTeam Mattermost/textarea_Edit (4)'

2019-12-22 01:33:33 - [MESSAGE][PASSED] - Text 'Edite' is set on object 'Object Repository/Page_ Off-Topic - FirstTeam Mattermost/textarea_Edit (4)'

2019-12-22 01:33:33 - [TEST_STEP][PASSED] - setText(findTestObject("Page_ Off-Topic - FirstTeam Mattermost/textarea_Edite (4)"), "Edited"): Text 'Edited' is set on object 'Object Repository/Page_ Off-Topic - FirstTeam Mattermost/textarea_Edite (4)'

2019-12-22 01:33:34 - [MESSAGE][PASSED] - Text 'Edited' is set on object 'Object Repository/Page_ Off-Topic - FirstTeam Mattermost/textarea_Edite (4)'

2019-12-22 01:33:34 - [TEST_STEP][PASSED] - setText(findTestObject("Page_ Off-Topic - FirstTeam Mattermost/textarea_Edited (4)"), "Edited "): Text 'Edited ' is set on object 'Object Repository/Page_ Off-Topic - FirstTeam Mattermost/textarea_Edited (4)'

2019-12-22 01:33:35 - [MESSAGE][PASSED] - Text 'Edited ' is set on object 'Object Repository/Page_ Off-Topic - FirstTeam Mattermost/textarea_Edited (4)'

2019-12-22 01:33:35 - [TEST_STEP][PASSED] - setText(findTestObject("Page_ Off-Topic - FirstTeam Mattermost/textarea_Edited_1 (4)"), "Edited H"): Text 'Edited H' is set on object 'Object Repository/Page_ Off-Topic - FirstTeam Mattermost/textarea_Edited_1 (4)'

2019-12-22 01:33:35 - [MESSAGE][PASSED] - Text 'Edited H' is set on object 'Object Repository/Page_ Off-Topic - FirstTeam Mattermost/textarea_Edited_1 (4)'

2019-12-22 01:33:35 - [TEST_STEP][PASSED] - setText(findTestObject("Page_ Off-Topic - FirstTeam Mattermost/textarea_Edited H (4)"), "Edited He"): Text 'Edited He' is set on object 'Object Repository/Page_ Off-Topic - FirstTeam Mattermost/textarea_Edited H (4)'

2019-12-22 01:33:36 - [MESSAGE][PASSED] - Text 'Edited He' is set on object 'Object Repository/Page_ Off-Topic - FirstTeam Mattermost/textarea_Edited H (4)'

2019-12-22 01:33:36 - [TEST_STEP][PASSED] - setText(findTestObject("Page_ Off-Topic - FirstTeam Mattermost/textarea_Edited He (4)"), "Edited Hea"): Text 'Edited Hea' is set on object 'Object Repository/Page_ Off-Topic - FirstTeam Mattermost/textarea_Edited He (4)'

2019-12-22 01:33:36 - [MESSAGE][PASSED] - Text 'Edited Hea' is set on object 'Object Repository/Page_ Off-Topic - FirstTeam Mattermost/textarea_Edited He (4)'

2019-12-22 01:33:36 - [TEST_STEP][PASSED] - setText(findTestObject("Page_ Off-Topic - FirstTeam Mattermost/textarea_Edited Hea (4)"), "Edited Head"): Text 'Edited Head' is set on object 'Object Repository/Page_ Off-Topic - FirstTeam Mattermost/textarea_Edited Hea (4)'

2019-12-22 01:33:37 - [MESSAGE][PASSED] - Text 'Edited Head' is set on object 'Object Repository/Page_ Off-Topic - FirstTeam Mattermost/textarea_Edited Hea (4)'

2019-12-22 01:33:37 - [TEST_STEP][PASSED] - setText(findTestObject("Page_ Off-Topic - FirstTeam Mattermost/textarea_Edited Head (4)"), "Edited Heade"): Text 'Edited Heade' is set on object 'Object Repository/Page_ Off-Topic - FirstTeam Mattermost/textarea_Edited Head (4)'

2019-12-22 01:33:37 - [MESSAGE][PASSED] - Text 'Edited Heade' is set on object 'Object Repository/Page_ Off-Topic - FirstTeam Mattermost/textarea_Edited Head (4)'

2019-12-22 01:33:37 - [TEST_STEP][PASSED] - setText(findTestObject("Page_ Off-Topic - FirstTeam Mattermost/textarea_Edited Heade (4)"), "Edited Header"): Text 'Edited Header' is set on object 'Object Repository/Page_ Off-Topic - FirstTeam Mattermost/textarea_Edited Heade (4)'

2019-12-22 01:33:38 - [MESSAGE][PASSED] - Text 'Edited Header' is set on object 'Object Repository/Page_ Off-Topic - FirstTeam Mattermost/textarea_Edited Heade (4)'

2019-12-22 01:33:38 - [TEST_STEP][PASSED] - click(findTestObject("Page_ Off-Topic - FirstTeam Mattermost/button_Save (7)")): Object: 'Object Repository/Page_ Off-Topic - FirstTeam Mattermost/button_Save (7)' is clicked on

2019-12-22 01:33:39 - [MESSAGE][PASSED] - Object: 'Object Repository/Page_ Off-Topic - FirstTeam Mattermost/button_Save (7)' is clicked on

2019-12-22 01:33:39 - [TEST_STEP][PASSED] - click(findTestObject("Object Repository/Page_ Off-Topic - FirstTeam Mattermost/span_giabeuu updated the channel header fro_b79c5b")): Object: 'Object Repository/Page_ Off-Topic - FirstTeam Mattermost/span_giabeuu updated the channel header fro_b79c5b' is clicked on

2019-12-22 01:33:40 - [MESSAGE][PASSED] - Object: 'Object Repository/Page_ Off-Topic - FirstTeam Mattermost/span_giabeuu updated the channel header fro_b79c5b' is clicked on

2019-12-22 01:33:40 - [TEST_STEP][PASSED] - closeBrowser(): Browser is closed

2019-12-22 01:33:46 - [MESSAGE][PASSED] - Browser is closed]]></system-out>
         <system-err><![CDATA[]]></system-err>
      </testcase>
      <testcase name="Test Cases/TestCase26RemoveHeaderOnOff-TopicChannel" time="35.467" classname="Test Cases/TestCase26RemoveHeaderOnOff-TopicChannel" status="PASSED">
         <system-out><![CDATA[2019-12-22 01:33:46 - [TEST_CASE][PASSED] - Test Cases/TestCase26RemoveHeaderOnOff-TopicChannel: Test Cases/TestCase26RemoveHeaderOnOff-TopicChannel

2019-12-22 01:33:46 - [TEST_STEP][PASSED] - openBrowser(""): Browser is opened with url: ''

2019-12-22 01:33:46 - [MESSAGE][INFO] - Starting 'Firefox' driver

2019-12-22 01:33:52 - [MESSAGE][PASSED] - Browser is opened with url: ''

2019-12-22 01:33:52 - [TEST_STEP][PASSED] - navigateToUrl("https://cs300testautomatic.herokuapp.com/"): Navigate to 'https://cs300testautomatic.herokuapp.com/' successfully

2019-12-22 01:33:56 - [MESSAGE][PASSED] - Navigate to 'https://cs300testautomatic.herokuapp.com/' successfully

2019-12-22 01:33:56 - [TEST_STEP][PASSED] - setText(findTestObject("Page_Mattermost/input_All team communication in one place s_703ef5 (51)"), "giabeuu@gmail.com"): Text 'giabeuu@gmail.com' is set on object 'Object Repository/Page_Mattermost/input_All team communication in one place s_703ef5 (51)'

2019-12-22 01:34:00 - [MESSAGE][PASSED] - Text 'giabeuu@gmail.com' is set on object 'Object Repository/Page_Mattermost/input_All team communication in one place s_703ef5 (51)'

2019-12-22 01:34:00 - [TEST_STEP][PASSED] - setEncryptedText(findTestObject("Page_Mattermost/input_All team communication in one place s_2f2733 (51)"), "GoUae4B8Jrc="): Text ****** has been set on object 'Object Repository/Page_Mattermost/input_All team communication in one place s_2f2733 (51)'

2019-12-22 01:34:01 - [MESSAGE][PASSED] - Text ****** has been set on object 'Object Repository/Page_Mattermost/input_All team communication in one place s_2f2733 (51)'

2019-12-22 01:34:01 - [TEST_STEP][PASSED] - click(findTestObject("Page_Mattermost/button_Sign in (38)")): Object: 'Object Repository/Page_Mattermost/button_Sign in (38)' is clicked on

2019-12-22 01:34:02 - [MESSAGE][PASSED] - Object: 'Object Repository/Page_Mattermost/button_Sign in (38)' is clicked on

2019-12-22 01:34:02 - [TEST_STEP][PASSED] - click(findTestObject("Page_ Town Square - FirstTeam Mattermost/div_Fi (21)")): Object: 'Object Repository/Page_ Town Square - FirstTeam Mattermost/div_Fi (21)' is clicked on

2019-12-22 01:34:06 - [MESSAGE][PASSED] - Object: 'Object Repository/Page_ Town Square - FirstTeam Mattermost/div_Fi (21)' is clicked on

2019-12-22 01:34:06 - [TEST_STEP][PASSED] - click(findTestObject("Page_ Town Square - FirstTeam Mattermost/a_Off-Topic (5)")): Object: 'Object Repository/Page_ Town Square - FirstTeam Mattermost/a_Off-Topic (5)' is clicked on

2019-12-22 01:34:06 - [MESSAGE][PASSED] - Object: 'Object Repository/Page_ Town Square - FirstTeam Mattermost/a_Off-Topic (5)' is clicked on

2019-12-22 01:34:06 - [TEST_STEP][PASSED] - click(findTestObject("Page_ Off-Topic - FirstTeam Mattermost/button_Off-Topic (1)")): Object: 'Object Repository/Page_ Off-Topic - FirstTeam Mattermost/button_Off-Topic (1)' is clicked on

2019-12-22 01:34:07 - [MESSAGE][PASSED] - Object: 'Object Repository/Page_ Off-Topic - FirstTeam Mattermost/button_Off-Topic (1)' is clicked on

2019-12-22 01:34:07 - [TEST_STEP][PASSED] - click(findTestObject("Page_ Off-Topic - FirstTeam Mattermost/button_Edit Channel Header (6)")): Object: 'Object Repository/Page_ Off-Topic - FirstTeam Mattermost/button_Edit Channel Header (6)' is clicked on

2019-12-22 01:34:08 - [MESSAGE][PASSED] - Object: 'Object Repository/Page_ Off-Topic - FirstTeam Mattermost/button_Edit Channel Header (6)' is clicked on

2019-12-22 01:34:08 - [TEST_STEP][PASSED] - setText(findTestObject("Page_ Off-Topic - FirstTeam Mattermost/textarea_Edited Header (4)"), "Edited Heade"): Text 'Edited Heade' is set on object 'Object Repository/Page_ Off-Topic - FirstTeam Mattermost/textarea_Edited Header (4)'

2019-12-22 01:34:08 - [MESSAGE][PASSED] - Text 'Edited Heade' is set on object 'Object Repository/Page_ Off-Topic - FirstTeam Mattermost/textarea_Edited Header (4)'

2019-12-22 01:34:08 - [TEST_STEP][PASSED] - setText(findTestObject("Page_ Off-Topic - FirstTeam Mattermost/textarea_Edited Heade (5)"), "Edited Head"): Text 'Edited Head' is set on object 'Object Repository/Page_ Off-Topic - FirstTeam Mattermost/textarea_Edited Heade (5)'

2019-12-22 01:34:09 - [MESSAGE][PASSED] - Text 'Edited Head' is set on object 'Object Repository/Page_ Off-Topic - FirstTeam Mattermost/textarea_Edited Heade (5)'

2019-12-22 01:34:09 - [TEST_STEP][PASSED] - setText(findTestObject("Page_ Off-Topic - FirstTeam Mattermost/textarea_Edited Head (5)"), "Edited Hea"): Text 'Edited Hea' is set on object 'Object Repository/Page_ Off-Topic - FirstTeam Mattermost/textarea_Edited Head (5)'

2019-12-22 01:34:09 - [MESSAGE][PASSED] - Text 'Edited Hea' is set on object 'Object Repository/Page_ Off-Topic - FirstTeam Mattermost/textarea_Edited Head (5)'

2019-12-22 01:34:09 - [TEST_STEP][PASSED] - setText(findTestObject("Page_ Off-Topic - FirstTeam Mattermost/textarea_Edited Hea (5)"), "Edited He"): Text 'Edited He' is set on object 'Object Repository/Page_ Off-Topic - FirstTeam Mattermost/textarea_Edited Hea (5)'

2019-12-22 01:34:10 - [MESSAGE][PASSED] - Text 'Edited He' is set on object 'Object Repository/Page_ Off-Topic - FirstTeam Mattermost/textarea_Edited Hea (5)'

2019-12-22 01:34:10 - [TEST_STEP][PASSED] - setText(findTestObject("Page_ Off-Topic - FirstTeam Mattermost/textarea_Edited He (5)"), "Edited H"): Text 'Edited H' is set on object 'Object Repository/Page_ Off-Topic - FirstTeam Mattermost/textarea_Edited He (5)'

2019-12-22 01:34:11 - [MESSAGE][PASSED] - Text 'Edited H' is set on object 'Object Repository/Page_ Off-Topic - FirstTeam Mattermost/textarea_Edited He (5)'

2019-12-22 01:34:11 - [TEST_STEP][PASSED] - setText(findTestObject("Page_ Off-Topic - FirstTeam Mattermost/textarea_Edited H (5)"), "Edited "): Text 'Edited ' is set on object 'Object Repository/Page_ Off-Topic - FirstTeam Mattermost/textarea_Edited H (5)'

2019-12-22 01:34:11 - [MESSAGE][PASSED] - Text 'Edited ' is set on object 'Object Repository/Page_ Off-Topic - FirstTeam Mattermost/textarea_Edited H (5)'

2019-12-22 01:34:11 - [TEST_STEP][PASSED] - setText(findTestObject("Page_ Off-Topic - FirstTeam Mattermost/textarea_Edited (5)"), "Edited"): Text 'Edited' is set on object 'Object Repository/Page_ Off-Topic - FirstTeam Mattermost/textarea_Edited (5)'

2019-12-22 01:34:12 - [MESSAGE][PASSED] - Text 'Edited' is set on object 'Object Repository/Page_ Off-Topic - FirstTeam Mattermost/textarea_Edited (5)'

2019-12-22 01:34:12 - [TEST_STEP][PASSED] - setText(findTestObject("Page_ Off-Topic - FirstTeam Mattermost/textarea_Edited_1 (5)"), "Edite"): Text 'Edite' is set on object 'Object Repository/Page_ Off-Topic - FirstTeam Mattermost/textarea_Edited_1 (5)'

2019-12-22 01:34:12 - [MESSAGE][PASSED] - Text 'Edite' is set on object 'Object Repository/Page_ Off-Topic - FirstTeam Mattermost/textarea_Edited_1 (5)'

2019-12-22 01:34:12 - [TEST_STEP][PASSED] - setText(findTestObject("Page_ Off-Topic - FirstTeam Mattermost/textarea_Edite (5)"), "Edit"): Text 'Edit' is set on object 'Object Repository/Page_ Off-Topic - FirstTeam Mattermost/textarea_Edite (5)'

2019-12-22 01:34:13 - [MESSAGE][PASSED] - Text 'Edit' is set on object 'Object Repository/Page_ Off-Topic - FirstTeam Mattermost/textarea_Edite (5)'

2019-12-22 01:34:13 - [TEST_STEP][PASSED] - setText(findTestObject("Page_ Off-Topic - FirstTeam Mattermost/textarea_Edit (5)"), "Edi"): Text 'Edi' is set on object 'Object Repository/Page_ Off-Topic - FirstTeam Mattermost/textarea_Edit (5)'

2019-12-22 01:34:13 - [MESSAGE][PASSED] - Text 'Edi' is set on object 'Object Repository/Page_ Off-Topic - FirstTeam Mattermost/textarea_Edit (5)'

2019-12-22 01:34:13 - [TEST_STEP][PASSED] - setText(findTestObject("Page_ Off-Topic - FirstTeam Mattermost/textarea_Edi (5)"), "Ed"): Text 'Ed' is set on object 'Object Repository/Page_ Off-Topic - FirstTeam Mattermost/textarea_Edi (5)'

2019-12-22 01:34:14 - [MESSAGE][PASSED] - Text 'Ed' is set on object 'Object Repository/Page_ Off-Topic - FirstTeam Mattermost/textarea_Edi (5)'

2019-12-22 01:34:14 - [TEST_STEP][PASSED] - setText(findTestObject("Page_ Off-Topic - FirstTeam Mattermost/textarea_Ed (5)"), "E"): Text 'E' is set on object 'Object Repository/Page_ Off-Topic - FirstTeam Mattermost/textarea_Ed (5)'

2019-12-22 01:34:14 - [MESSAGE][PASSED] - Text 'E' is set on object 'Object Repository/Page_ Off-Topic - FirstTeam Mattermost/textarea_Ed (5)'

2019-12-22 01:34:14 - [TEST_STEP][PASSED] - setText(findTestObject("Page_ Off-Topic - FirstTeam Mattermost/textarea_E (5)"), ""): Text '' is set on object 'Object Repository/Page_ Off-Topic - FirstTeam Mattermost/textarea_E (5)'

2019-12-22 01:34:15 - [MESSAGE][PASSED] - Text '' is set on object 'Object Repository/Page_ Off-Topic - FirstTeam Mattermost/textarea_E (5)'

2019-12-22 01:34:15 - [TEST_STEP][PASSED] - click(findTestObject("Page_ Off-Topic - FirstTeam Mattermost/button_Save (8)")): Object: 'Object Repository/Page_ Off-Topic - FirstTeam Mattermost/button_Save (8)' is clicked on

2019-12-22 01:34:15 - [MESSAGE][PASSED] - Object: 'Object Repository/Page_ Off-Topic - FirstTeam Mattermost/button_Save (8)' is clicked on

2019-12-22 01:34:15 - [TEST_STEP][PASSED] - click(findTestObject("Page_ Off-Topic - FirstTeam Mattermost/span_giabeuu removed the channel header (wa_7482fb (1)")): Object: 'Object Repository/Page_ Off-Topic - FirstTeam Mattermost/span_giabeuu removed the channel header (wa_7482fb (1)' is clicked on

2019-12-22 01:34:17 - [MESSAGE][PASSED] - Object: 'Object Repository/Page_ Off-Topic - FirstTeam Mattermost/span_giabeuu removed the channel header (wa_7482fb (1)' is clicked on

2019-12-22 01:34:17 - [TEST_STEP][PASSED] - closeBrowser(): Browser is closed

2019-12-22 01:34:22 - [MESSAGE][PASSED] - Browser is closed]]></system-out>
         <system-err><![CDATA[]]></system-err>
      </testcase>
      <testcase name="Test Cases/TestCase27Add(Remove)Off-TopicChannelTo(From)Favorites" time="59.267" classname="Test Cases/TestCase27Add(Remove)Off-TopicChannelTo(From)Favorites" status="FAILED">
         <failure type="FAILED" message="Test Cases/TestCase27Add(Remove)Off-TopicChannelTo(From)Favorites FAILED.
Reason:
com.kms.katalon.core.exception.StepFailedException: Unable to click on object 'Object Repository/Page_ Town Square - FirstTeam Mattermost/div_Fi (10)'
	at com.kms.katalon.core.webui.keyword.internal.WebUIKeywordMain.stepFailed(WebUIKeywordMain.groovy:64)
	at com.kms.katalon.core.webui.keyword.internal.WebUIKeywordMain.runKeyword(WebUIKeywordMain.groovy:26)
	at com.kms.katalon.core.webui.keyword.builtin.ClickKeyword.click(ClickKeyword.groovy:102)
	at com.kms.katalon.core.webui.keyword.builtin.ClickKeyword.execute(ClickKeyword.groovy:43)
	at com.kms.katalon.core.keyword.internal.KeywordExecutor.executeKeywordForPlatform(KeywordExecutor.groovy:72)
	at com.kms.katalon.core.webui.keyword.WebUiBuiltInKeywords.click(WebUiBuiltInKeywords.groovy:616)
	at com.kms.katalon.core.webui.keyword.WebUiBuiltInKeywords$click$3.call(Unknown Source)
	at TestCase27Add(Remove)Off-TopicChannelTo(From)Favorites.run(TestCase27Add(Remove)Off-TopicChannelTo(From)Favorites:29)
	at com.kms.katalon.core.main.ScriptEngine.run(ScriptEngine.java:194)
	at com.kms.katalon.core.main.ScriptEngine.runScriptAsRawText(ScriptEngine.java:119)
	at com.kms.katalon.core.main.TestCaseExecutor.runScript(TestCaseExecutor.java:337)
	at com.kms.katalon.core.main.TestCaseExecutor.doExecute(TestCaseExecutor.java:328)
	at com.kms.katalon.core.main.TestCaseExecutor.processExecutionPhase(TestCaseExecutor.java:307)
	at com.kms.katalon.core.main.TestCaseExecutor.accessMainPhase(TestCaseExecutor.java:299)
	at com.kms.katalon.core.main.TestCaseExecutor.execute(TestCaseExecutor.java:233)
	at com.kms.katalon.core.main.TestSuiteExecutor.accessTestCaseMainPhase(TestSuiteExecutor.java:169)
	at com.kms.katalon.core.main.TestSuiteExecutor.accessTestSuiteMainPhase(TestSuiteExecutor.java:142)
	at com.kms.katalon.core.main.TestSuiteExecutor.execute(TestSuiteExecutor.java:91)
	at com.kms.katalon.core.main.TestCaseMain.startTestSuite(TestCaseMain.java:157)
	at com.kms.katalon.core.main.TestCaseMain$startTestSuite$0.call(Unknown Source)
	at TempTestSuite1576952307212.run(TempTestSuite1576952307212.groovy:36)
Caused by: com.kms.katalon.core.webui.exception.WebElementNotFoundException: Web element with id: 'Object Repository/Page_ Town Square - FirstTeam Mattermost/div_Fi (10)' located by 'By.xpath: //a[@id='firstteamTeamButton']/div/div/div' not found
	at com.kms.katalon.core.webui.common.WebUiCommonHelper.findWebElement(WebUiCommonHelper.java:1154)
	at com.kms.katalon.core.webui.keyword.internal.WebUIAbstractKeyword.findWebElement(WebUIAbstractKeyword.groovy:27)
	at com.kms.katalon.core.webui.keyword.internal.WebUIAbstractKeyword.findWebElement(WebUIAbstractKeyword.groovy:26)
	at com.kms.katalon.core.webui.keyword.builtin.ClickKeyword$_click_closure1.doCall(ClickKeyword.groovy:67)
	at com.kms.katalon.core.webui.keyword.builtin.ClickKeyword$_click_closure1.call(ClickKeyword.groovy)
	at com.kms.katalon.core.webui.keyword.internal.WebUIKeywordMain.runKeyword(WebUIKeywordMain.groovy:20)
	... 19 more
"/>
         <system-out><![CDATA[2019-12-22 01:34:22 - [TEST_CASE][FAILED] - Test Cases/TestCase27Add(Remove)Off-TopicChannelTo(From)Favorites: Test Cases/TestCase27Add(Remove)Off-TopicChannelTo(From)Favorites FAILED.
Reason:
com.kms.katalon.core.exception.StepFailedException: Unable to click on object 'Object Repository/Page_ Town Square - FirstTeam Mattermost/div_Fi (10)'
	at com.kms.katalon.core.webui.keyword.internal.WebUIKeywordMain.stepFailed(WebUIKeywordMain.groovy:64)
	at com.kms.katalon.core.webui.keyword.internal.WebUIKeywordMain.runKeyword(WebUIKeywordMain.groovy:26)
	at com.kms.katalon.core.webui.keyword.builtin.ClickKeyword.click(ClickKeyword.groovy:102)
	at com.kms.katalon.core.webui.keyword.builtin.ClickKeyword.execute(ClickKeyword.groovy:43)
	at com.kms.katalon.core.keyword.internal.KeywordExecutor.executeKeywordForPlatform(KeywordExecutor.groovy:72)
	at com.kms.katalon.core.webui.keyword.WebUiBuiltInKeywords.click(WebUiBuiltInKeywords.groovy:616)
	at com.kms.katalon.core.webui.keyword.WebUiBuiltInKeywords$click$3.call(Unknown Source)
	at TestCase27Add(Remove)Off-TopicChannelTo(From)Favorites.run(TestCase27Add(Remove)Off-TopicChannelTo(From)Favorites:29)
	at com.kms.katalon.core.main.ScriptEngine.run(ScriptEngine.java:194)
	at com.kms.katalon.core.main.ScriptEngine.runScriptAsRawText(ScriptEngine.java:119)
	at com.kms.katalon.core.main.TestCaseExecutor.runScript(TestCaseExecutor.java:337)
	at com.kms.katalon.core.main.TestCaseExecutor.doExecute(TestCaseExecutor.java:328)
	at com.kms.katalon.core.main.TestCaseExecutor.processExecutionPhase(TestCaseExecutor.java:307)
	at com.kms.katalon.core.main.TestCaseExecutor.accessMainPhase(TestCaseExecutor.java:299)
	at com.kms.katalon.core.main.TestCaseExecutor.execute(TestCaseExecutor.java:233)
	at com.kms.katalon.core.main.TestSuiteExecutor.accessTestCaseMainPhase(TestSuiteExecutor.java:169)
	at com.kms.katalon.core.main.TestSuiteExecutor.accessTestSuiteMainPhase(TestSuiteExecutor.java:142)
	at com.kms.katalon.core.main.TestSuiteExecutor.execute(TestSuiteExecutor.java:91)
	at com.kms.katalon.core.main.TestCaseMain.startTestSuite(TestCaseMain.java:157)
	at com.kms.katalon.core.main.TestCaseMain$startTestSuite$0.call(Unknown Source)
	at TempTestSuite1576952307212.run(TempTestSuite1576952307212.groovy:36)
Caused by: com.kms.katalon.core.webui.exception.WebElementNotFoundException: Web element with id: 'Object Repository/Page_ Town Square - FirstTeam Mattermost/div_Fi (10)' located by 'By.xpath: //a[@id='firstteamTeamButton']/div/div/div' not found
	at com.kms.katalon.core.webui.common.WebUiCommonHelper.findWebElement(WebUiCommonHelper.java:1154)
	at com.kms.katalon.core.webui.keyword.internal.WebUIAbstractKeyword.findWebElement(WebUIAbstractKeyword.groovy:27)
	at com.kms.katalon.core.webui.keyword.internal.WebUIAbstractKeyword.findWebElement(WebUIAbstractKeyword.groovy:26)
	at com.kms.katalon.core.webui.keyword.builtin.ClickKeyword$_click_closure1.doCall(ClickKeyword.groovy:67)
	at com.kms.katalon.core.webui.keyword.builtin.ClickKeyword$_click_closure1.call(ClickKeyword.groovy)
	at com.kms.katalon.core.webui.keyword.internal.WebUIKeywordMain.runKeyword(WebUIKeywordMain.groovy:20)
	... 19 more


2019-12-22 01:34:22 - [TEST_STEP][PASSED] - openBrowser(""): Browser is opened with url: ''

2019-12-22 01:34:22 - [MESSAGE][INFO] - Starting 'Firefox' driver

2019-12-22 01:34:28 - [MESSAGE][PASSED] - Browser is opened with url: ''

2019-12-22 01:34:28 - [TEST_STEP][PASSED] - navigateToUrl("https://cs300testautomatic.herokuapp.com/"): Navigate to 'https://cs300testautomatic.herokuapp.com/' successfully

2019-12-22 01:34:32 - [MESSAGE][PASSED] - Navigate to 'https://cs300testautomatic.herokuapp.com/' successfully

2019-12-22 01:34:32 - [TEST_STEP][PASSED] - setText(findTestObject("Page_Mattermost/input_All team communication in one place s_703ef5 (18)"), "giabeuu@gmail.com"): Text 'giabeuu@gmail.com' is set on object 'Object Repository/Page_Mattermost/input_All team communication in one place s_703ef5 (18)'

2019-12-22 01:34:36 - [MESSAGE][PASSED] - Text 'giabeuu@gmail.com' is set on object 'Object Repository/Page_Mattermost/input_All team communication in one place s_703ef5 (18)'

2019-12-22 01:34:36 - [TEST_STEP][PASSED] - setEncryptedText(findTestObject("Page_Mattermost/input_All team communication in one place s_2f2733 (18)"), "GoUae4B8Jrc="): Text ****** has been set on object 'Object Repository/Page_Mattermost/input_All team communication in one place s_2f2733 (18)'

2019-12-22 01:34:37 - [MESSAGE][PASSED] - Text ****** has been set on object 'Object Repository/Page_Mattermost/input_All team communication in one place s_2f2733 (18)'

2019-12-22 01:34:37 - [TEST_STEP][PASSED] - click(findTestObject("Page_Mattermost/button_Sign in (8)")): Object: 'Object Repository/Page_Mattermost/button_Sign in (8)' is clicked on

2019-12-22 01:34:37 - [MESSAGE][PASSED] - Object: 'Object Repository/Page_Mattermost/button_Sign in (8)' is clicked on

2019-12-22 01:34:37 - [TEST_STEP][FAILED] - click(findTestObject("Page_ Town Square - FirstTeam Mattermost/div_Fi (10)")): Unable to click on object 'Object Repository/Page_ Town Square - FirstTeam Mattermost/div_Fi (10)' (Root cause: com.kms.katalon.core.exception.StepFailedException: Unable to click on object 'Object Repository/Page_ Town Square - FirstTeam Mattermost/div_Fi (10)'
	at com.kms.katalon.core.webui.keyword.internal.WebUIKeywordMain.stepFailed(WebUIKeywordMain.groovy:64)
	at com.kms.katalon.core.webui.keyword.internal.WebUIKeywordMain.runKeyword(WebUIKeywordMain.groovy:26)
	at com.kms.katalon.core.webui.keyword.builtin.ClickKeyword.click(ClickKeyword.groovy:102)
	at com.kms.katalon.core.webui.keyword.builtin.ClickKeyword.execute(ClickKeyword.groovy:43)
	at com.kms.katalon.core.keyword.internal.KeywordExecutor.executeKeywordForPlatform(KeywordExecutor.groovy:72)
	at com.kms.katalon.core.webui.keyword.WebUiBuiltInKeywords.click(WebUiBuiltInKeywords.groovy:616)
	at com.kms.katalon.core.webui.keyword.WebUiBuiltInKeywords$click$3.call(Unknown Source)
	at TestCase27Add(Remove)Off-TopicChannelTo(From)Favorites.run(TestCase27Add(Remove)Off-TopicChannelTo(From)Favorites:29)
	at com.kms.katalon.core.main.ScriptEngine.run(ScriptEngine.java:194)
	at com.kms.katalon.core.main.ScriptEngine.runScriptAsRawText(ScriptEngine.java:119)
	at com.kms.katalon.core.main.TestCaseExecutor.runScript(TestCaseExecutor.java:337)
	at com.kms.katalon.core.main.TestCaseExecutor.doExecute(TestCaseExecutor.java:328)
	at com.kms.katalon.core.main.TestCaseExecutor.processExecutionPhase(TestCaseExecutor.java:307)
	at com.kms.katalon.core.main.TestCaseExecutor.accessMainPhase(TestCaseExecutor.java:299)
	at com.kms.katalon.core.main.TestCaseExecutor.execute(TestCaseExecutor.java:233)
	at com.kms.katalon.core.main.TestSuiteExecutor.accessTestCaseMainPhase(TestSuiteExecutor.java:169)
	at com.kms.katalon.core.main.TestSuiteExecutor.accessTestSuiteMainPhase(TestSuiteExecutor.java:142)
	at com.kms.katalon.core.main.TestSuiteExecutor.execute(TestSuiteExecutor.java:91)
	at com.kms.katalon.core.main.TestCaseMain.startTestSuite(TestCaseMain.java:157)
	at com.kms.katalon.core.main.TestCaseMain$startTestSuite$0.call(Unknown Source)
	at TempTestSuite1576952307212.run(TempTestSuite1576952307212.groovy:36)
Caused by: com.kms.katalon.core.webui.exception.WebElementNotFoundException: Web element with id: 'Object Repository/Page_ Town Square - FirstTeam Mattermost/div_Fi (10)' located by 'By.xpath: //a[@id='firstteamTeamButton']/div/div/div' not found
	at com.kms.katalon.core.webui.common.WebUiCommonHelper.findWebElement(WebUiCommonHelper.java:1154)
	at com.kms.katalon.core.webui.keyword.internal.WebUIAbstractKeyword.findWebElement(WebUIAbstractKeyword.groovy:27)
	at com.kms.katalon.core.webui.keyword.internal.WebUIAbstractKeyword.findWebElement(WebUIAbstractKeyword.groovy:26)
	at com.kms.katalon.core.webui.keyword.builtin.ClickKeyword$_click_closure1.doCall(ClickKeyword.groovy:67)
	at com.kms.katalon.core.webui.keyword.builtin.ClickKeyword$_click_closure1.call(ClickKeyword.groovy)
	at com.kms.katalon.core.webui.keyword.internal.WebUIKeywordMain.runKeyword(WebUIKeywordMain.groovy:20)
	at com.kms.katalon.core.webui.keyword.builtin.ClickKeyword.click(ClickKeyword.groovy:102)
	at com.kms.katalon.core.webui.keyword.builtin.ClickKeyword.execute(ClickKeyword.groovy:43)
	at com.kms.katalon.core.keyword.internal.KeywordExecutor.executeKeywordForPlatform(KeywordExecutor.groovy:72)
	at com.kms.katalon.core.webui.keyword.WebUiBuiltInKeywords.click(WebUiBuiltInKeywords.groovy:616)
	at com.kms.katalon.core.webui.keyword.WebUiBuiltInKeywords$click$3.call(Unknown Source)
	at Script1576918774431.run(Script1576918774431.groovy:29)
	... 13 more
)

2019-12-22 01:35:21 - [MESSAGE][INFO] - Unable to find the element located by 'By.xpath: //a[@id='firstteamTeamButton']/div/div/div'. Please recheck the objects properties to make sure the desired element is located. 

2019-12-22 01:35:21 - [MESSAGE][FAILED] - Unable to click on object 'Object Repository/Page_ Town Square - FirstTeam Mattermost/div_Fi (10)' (Root cause: com.kms.katalon.core.exception.StepFailedException: Unable to click on object 'Object Repository/Page_ Town Square - FirstTeam Mattermost/div_Fi (10)'
	at com.kms.katalon.core.webui.keyword.internal.WebUIKeywordMain.stepFailed(WebUIKeywordMain.groovy:64)
	at com.kms.katalon.core.webui.keyword.internal.WebUIKeywordMain.runKeyword(WebUIKeywordMain.groovy:26)
	at com.kms.katalon.core.webui.keyword.builtin.ClickKeyword.click(ClickKeyword.groovy:102)
	at com.kms.katalon.core.webui.keyword.builtin.ClickKeyword.execute(ClickKeyword.groovy:43)
	at com.kms.katalon.core.keyword.internal.KeywordExecutor.executeKeywordForPlatform(KeywordExecutor.groovy:72)
	at com.kms.katalon.core.webui.keyword.WebUiBuiltInKeywords.click(WebUiBuiltInKeywords.groovy:616)
	at com.kms.katalon.core.webui.keyword.WebUiBuiltInKeywords$click$3.call(Unknown Source)
	at TestCase27Add(Remove)Off-TopicChannelTo(From)Favorites.run(TestCase27Add(Remove)Off-TopicChannelTo(From)Favorites:29)
	at com.kms.katalon.core.main.ScriptEngine.run(ScriptEngine.java:194)
	at com.kms.katalon.core.main.ScriptEngine.runScriptAsRawText(ScriptEngine.java:119)
	at com.kms.katalon.core.main.TestCaseExecutor.runScript(TestCaseExecutor.java:337)
	at com.kms.katalon.core.main.TestCaseExecutor.doExecute(TestCaseExecutor.java:328)
	at com.kms.katalon.core.main.TestCaseExecutor.processExecutionPhase(TestCaseExecutor.java:307)
	at com.kms.katalon.core.main.TestCaseExecutor.accessMainPhase(TestCaseExecutor.java:299)
	at com.kms.katalon.core.main.TestCaseExecutor.execute(TestCaseExecutor.java:233)
	at com.kms.katalon.core.main.TestSuiteExecutor.accessTestCaseMainPhase(TestSuiteExecutor.java:169)
	at com.kms.katalon.core.main.TestSuiteExecutor.accessTestSuiteMainPhase(TestSuiteExecutor.java:142)
	at com.kms.katalon.core.main.TestSuiteExecutor.execute(TestSuiteExecutor.java:91)
	at com.kms.katalon.core.main.TestCaseMain.startTestSuite(TestCaseMain.java:157)
	at com.kms.katalon.core.main.TestCaseMain$startTestSuite$0.call(Unknown Source)
	at TempTestSuite1576952307212.run(TempTestSuite1576952307212.groovy:36)
Caused by: com.kms.katalon.core.webui.exception.WebElementNotFoundException: Web element with id: 'Object Repository/Page_ Town Square - FirstTeam Mattermost/div_Fi (10)' located by 'By.xpath: //a[@id='firstteamTeamButton']/div/div/div' not found
	at com.kms.katalon.core.webui.common.WebUiCommonHelper.findWebElement(WebUiCommonHelper.java:1154)
	at com.kms.katalon.core.webui.keyword.internal.WebUIAbstractKeyword.findWebElement(WebUIAbstractKeyword.groovy:27)
	at com.kms.katalon.core.webui.keyword.internal.WebUIAbstractKeyword.findWebElement(WebUIAbstractKeyword.groovy:26)
	at com.kms.katalon.core.webui.keyword.builtin.ClickKeyword$_click_closure1.doCall(ClickKeyword.groovy:67)
	at com.kms.katalon.core.webui.keyword.builtin.ClickKeyword$_click_closure1.call(ClickKeyword.groovy)
	at com.kms.katalon.core.webui.keyword.internal.WebUIKeywordMain.runKeyword(WebUIKeywordMain.groovy:20)
	at com.kms.katalon.core.webui.keyword.builtin.ClickKeyword.click(ClickKeyword.groovy:102)
	at com.kms.katalon.core.webui.keyword.builtin.ClickKeyword.execute(ClickKeyword.groovy:43)
	at com.kms.katalon.core.keyword.internal.KeywordExecutor.executeKeywordForPlatform(KeywordExecutor.groovy:72)
	at com.kms.katalon.core.webui.keyword.WebUiBuiltInKeywords.click(WebUiBuiltInKeywords.groovy:616)
	at com.kms.katalon.core.webui.keyword.WebUiBuiltInKeywords$click$3.call(Unknown Source)
	at Script1576918774431.run(Script1576918774431.groovy:29)
	... 13 more
)
[[ATTACHMENT|E:\\APCS\\2019-2020\\Term1\\CS300\\Github\\CS300AutomaticWebTesting\\Reports\\20191222_011827\\Run All Test Cases\\20191222_011827\\1576953321392.png]]]]></system-out>
         <system-err><![CDATA[2019-12-22 01:34:22 - [TEST_CASE][FAILED] - Test Cases/TestCase27Add(Remove)Off-TopicChannelTo(From)Favorites: Test Cases/TestCase27Add(Remove)Off-TopicChannelTo(From)Favorites FAILED.
Reason:
com.kms.katalon.core.exception.StepFailedException: Unable to click on object 'Object Repository/Page_ Town Square - FirstTeam Mattermost/div_Fi (10)'
	at com.kms.katalon.core.webui.keyword.internal.WebUIKeywordMain.stepFailed(WebUIKeywordMain.groovy:64)
	at com.kms.katalon.core.webui.keyword.internal.WebUIKeywordMain.runKeyword(WebUIKeywordMain.groovy:26)
	at com.kms.katalon.core.webui.keyword.builtin.ClickKeyword.click(ClickKeyword.groovy:102)
	at com.kms.katalon.core.webui.keyword.builtin.ClickKeyword.execute(ClickKeyword.groovy:43)
	at com.kms.katalon.core.keyword.internal.KeywordExecutor.executeKeywordForPlatform(KeywordExecutor.groovy:72)
	at com.kms.katalon.core.webui.keyword.WebUiBuiltInKeywords.click(WebUiBuiltInKeywords.groovy:616)
	at com.kms.katalon.core.webui.keyword.WebUiBuiltInKeywords$click$3.call(Unknown Source)
	at TestCase27Add(Remove)Off-TopicChannelTo(From)Favorites.run(TestCase27Add(Remove)Off-TopicChannelTo(From)Favorites:29)
	at com.kms.katalon.core.main.ScriptEngine.run(ScriptEngine.java:194)
	at com.kms.katalon.core.main.ScriptEngine.runScriptAsRawText(ScriptEngine.java:119)
	at com.kms.katalon.core.main.TestCaseExecutor.runScript(TestCaseExecutor.java:337)
	at com.kms.katalon.core.main.TestCaseExecutor.doExecute(TestCaseExecutor.java:328)
	at com.kms.katalon.core.main.TestCaseExecutor.processExecutionPhase(TestCaseExecutor.java:307)
	at com.kms.katalon.core.main.TestCaseExecutor.accessMainPhase(TestCaseExecutor.java:299)
	at com.kms.katalon.core.main.TestCaseExecutor.execute(TestCaseExecutor.java:233)
	at com.kms.katalon.core.main.TestSuiteExecutor.accessTestCaseMainPhase(TestSuiteExecutor.java:169)
	at com.kms.katalon.core.main.TestSuiteExecutor.accessTestSuiteMainPhase(TestSuiteExecutor.java:142)
	at com.kms.katalon.core.main.TestSuiteExecutor.execute(TestSuiteExecutor.java:91)
	at com.kms.katalon.core.main.TestCaseMain.startTestSuite(TestCaseMain.java:157)
	at com.kms.katalon.core.main.TestCaseMain$startTestSuite$0.call(Unknown Source)
	at TempTestSuite1576952307212.run(TempTestSuite1576952307212.groovy:36)
Caused by: com.kms.katalon.core.webui.exception.WebElementNotFoundException: Web element with id: 'Object Repository/Page_ Town Square - FirstTeam Mattermost/div_Fi (10)' located by 'By.xpath: //a[@id='firstteamTeamButton']/div/div/div' not found
	at com.kms.katalon.core.webui.common.WebUiCommonHelper.findWebElement(WebUiCommonHelper.java:1154)
	at com.kms.katalon.core.webui.keyword.internal.WebUIAbstractKeyword.findWebElement(WebUIAbstractKeyword.groovy:27)
	at com.kms.katalon.core.webui.keyword.internal.WebUIAbstractKeyword.findWebElement(WebUIAbstractKeyword.groovy:26)
	at com.kms.katalon.core.webui.keyword.builtin.ClickKeyword$_click_closure1.doCall(ClickKeyword.groovy:67)
	at com.kms.katalon.core.webui.keyword.builtin.ClickKeyword$_click_closure1.call(ClickKeyword.groovy)
	at com.kms.katalon.core.webui.keyword.internal.WebUIKeywordMain.runKeyword(WebUIKeywordMain.groovy:20)
	... 19 more]]></system-err>
      </testcase>
      <testcase name="Test Cases/TestCase28CreateMoreTeam(NewTeamTesting)" time="33.796" classname="Test Cases/TestCase28CreateMoreTeam(NewTeamTesting)" status="PASSED">
         <system-out><![CDATA[2019-12-22 01:35:21 - [TEST_CASE][PASSED] - Test Cases/TestCase28CreateMoreTeam(NewTeamTesting): Test Cases/TestCase28CreateMoreTeam(NewTeamTesting)

2019-12-22 01:35:21 - [TEST_STEP][PASSED] - openBrowser(""): Browser is opened with url: ''

2019-12-22 01:35:21 - [MESSAGE][WARNING] - A browser is already opened. Closing browser and opening a new one

2019-12-22 01:35:24 - [MESSAGE][INFO] - Starting 'Firefox' driver

2019-12-22 01:35:31 - [MESSAGE][PASSED] - Browser is opened with url: ''

2019-12-22 01:35:31 - [TEST_STEP][PASSED] - navigateToUrl("https://cs300testautomatic.herokuapp.com/"): Navigate to 'https://cs300testautomatic.herokuapp.com/' successfully

2019-12-22 01:35:36 - [MESSAGE][PASSED] - Navigate to 'https://cs300testautomatic.herokuapp.com/' successfully

2019-12-22 01:35:36 - [TEST_STEP][PASSED] - setText(findTestObject("Page_Mattermost/input_All team communication in one place s_703ef5 (19)"), "giabeuu@gmail.com"): Text 'giabeuu@gmail.com' is set on object 'Object Repository/Page_Mattermost/input_All team communication in one place s_703ef5 (19)'

2019-12-22 01:35:40 - [MESSAGE][PASSED] - Text 'giabeuu@gmail.com' is set on object 'Object Repository/Page_Mattermost/input_All team communication in one place s_703ef5 (19)'

2019-12-22 01:35:40 - [TEST_STEP][PASSED] - setEncryptedText(findTestObject("Page_Mattermost/input_All team communication in one place s_2f2733 (19)"), "GoUae4B8Jrc="): Text ****** has been set on object 'Object Repository/Page_Mattermost/input_All team communication in one place s_2f2733 (19)'

2019-12-22 01:35:40 - [MESSAGE][PASSED] - Text ****** has been set on object 'Object Repository/Page_Mattermost/input_All team communication in one place s_2f2733 (19)'

2019-12-22 01:35:40 - [TEST_STEP][PASSED] - click(findTestObject("Page_Mattermost/button_Sign in (9)")): Object: 'Object Repository/Page_Mattermost/button_Sign in (9)' is clicked on

2019-12-22 01:35:41 - [MESSAGE][PASSED] - Object: 'Object Repository/Page_Mattermost/button_Sign in (9)' is clicked on

2019-12-22 01:35:41 - [TEST_STEP][PASSED] - click(findTestObject("Page_ Town Square - FirstTeam Mattermost/svg (2)")): Object: 'Object Repository/Page_ Town Square - FirstTeam Mattermost/svg (2)' is clicked on

2019-12-22 01:35:45 - [MESSAGE][PASSED] - Object: 'Object Repository/Page_ Town Square - FirstTeam Mattermost/svg (2)' is clicked on

2019-12-22 01:35:45 - [TEST_STEP][PASSED] - click(findTestObject("Page_ Town Square - FirstTeam Mattermost/a_Create a New Team (1)")): Object: 'Object Repository/Page_ Town Square - FirstTeam Mattermost/a_Create a New Team (1)' is clicked on

2019-12-22 01:35:45 - [MESSAGE][PASSED] - Object: 'Object Repository/Page_ Town Square - FirstTeam Mattermost/a_Create a New Team (1)' is clicked on

2019-12-22 01:35:45 - [TEST_STEP][PASSED] - setText(findTestObject("Page_ Town Square - FirstTeam Mattermost/input_Team Name_teamNameInput (1)"), "NewTeamTesting"): Text 'NewTeamTesting' is set on object 'Object Repository/Page_ Town Square - FirstTeam Mattermost/input_Team Name_teamNameInput (1)'

2019-12-22 01:35:46 - [MESSAGE][PASSED] - Text 'NewTeamTesting' is set on object 'Object Repository/Page_ Town Square - FirstTeam Mattermost/input_Team Name_teamNameInput (1)'

2019-12-22 01:35:46 - [TEST_STEP][PASSED] - click(findTestObject("Object Repository/Page_ Town Square - FirstTeam Mattermost/button_Next")): Object: 'Object Repository/Page_ Town Square - FirstTeam Mattermost/button_Next' is clicked on

2019-12-22 01:35:47 - [MESSAGE][PASSED] - Object: 'Object Repository/Page_ Town Square - FirstTeam Mattermost/button_Next' is clicked on

2019-12-22 01:35:47 - [TEST_STEP][PASSED] - click(findTestObject("Object Repository/Page_ Town Square - FirstTeam Mattermost/input_httpscs300testautomaticherokuappcom_t_44e657")): Object: 'Object Repository/Page_ Town Square - FirstTeam Mattermost/input_httpscs300testautomaticherokuappcom_t_44e657' is clicked on

2019-12-22 01:35:47 - [MESSAGE][PASSED] - Object: 'Object Repository/Page_ Town Square - FirstTeam Mattermost/input_httpscs300testautomaticherokuappcom_t_44e657' is clicked on

2019-12-22 01:35:47 - [TEST_STEP][PASSED] - setText(findTestObject("Object Repository/Page_ Town Square - FirstTeam Mattermost/input_httpscs300testautomaticherokuappcom_t_44e657"), "newteamtesting"): Text 'newteamtesting' is set on object 'Object Repository/Page_ Town Square - FirstTeam Mattermost/input_httpscs300testautomaticherokuappcom_t_44e657'

2019-12-22 01:35:47 - [MESSAGE][PASSED] - Text 'newteamtesting' is set on object 'Object Repository/Page_ Town Square - FirstTeam Mattermost/input_httpscs300testautomaticherokuappcom_t_44e657'

2019-12-22 01:35:47 - [TEST_STEP][PASSED] - click(findTestObject("Page_ Town Square - FirstTeam Mattermost/button_Finish (1)")): Object: 'Object Repository/Page_ Town Square - FirstTeam Mattermost/button_Finish (1)' is clicked on

2019-12-22 01:35:48 - [MESSAGE][PASSED] - Object: 'Object Repository/Page_ Town Square - FirstTeam Mattermost/button_Finish (1)' is clicked on

2019-12-22 01:35:48 - [TEST_STEP][PASSED] - closeBrowser(): Browser is closed

2019-12-22 01:35:55 - [MESSAGE][PASSED] - Browser is closed]]></system-out>
         <system-err><![CDATA[]]></system-err>
      </testcase>
      <testcase name="Test Cases/TestCase29LeaveTeam(NewTeamTesting)" time="28.604" classname="Test Cases/TestCase29LeaveTeam(NewTeamTesting)" status="PASSED">
         <system-out><![CDATA[2019-12-22 01:35:55 - [TEST_CASE][PASSED] - Test Cases/TestCase29LeaveTeam(NewTeamTesting): Test Cases/TestCase29LeaveTeam(NewTeamTesting)

2019-12-22 01:35:55 - [TEST_STEP][PASSED] - openBrowser(""): Browser is opened with url: ''

2019-12-22 01:35:55 - [MESSAGE][INFO] - Starting 'Firefox' driver

2019-12-22 01:36:01 - [MESSAGE][PASSED] - Browser is opened with url: ''

2019-12-22 01:36:01 - [TEST_STEP][PASSED] - navigateToUrl("https://cs300testautomatic.herokuapp.com/"): Navigate to 'https://cs300testautomatic.herokuapp.com/' successfully

2019-12-22 01:36:04 - [MESSAGE][PASSED] - Navigate to 'https://cs300testautomatic.herokuapp.com/' successfully

2019-12-22 01:36:04 - [TEST_STEP][PASSED] - setText(findTestObject("Page_Mattermost/input_All team communication in one place s_703ef5 (20)"), "giabeuu@gmail.com"): Text 'giabeuu@gmail.com' is set on object 'Object Repository/Page_Mattermost/input_All team communication in one place s_703ef5 (20)'

2019-12-22 01:36:09 - [MESSAGE][PASSED] - Text 'giabeuu@gmail.com' is set on object 'Object Repository/Page_Mattermost/input_All team communication in one place s_703ef5 (20)'

2019-12-22 01:36:09 - [TEST_STEP][PASSED] - setEncryptedText(findTestObject("Page_Mattermost/input_All team communication in one place s_2f2733 (20)"), "GoUae4B8Jrc="): Text ****** has been set on object 'Object Repository/Page_Mattermost/input_All team communication in one place s_2f2733 (20)'

2019-12-22 01:36:09 - [MESSAGE][PASSED] - Text ****** has been set on object 'Object Repository/Page_Mattermost/input_All team communication in one place s_2f2733 (20)'

2019-12-22 01:36:09 - [TEST_STEP][PASSED] - click(findTestObject("Page_Mattermost/button_Sign in (10)")): Object: 'Object Repository/Page_Mattermost/button_Sign in (10)' is clicked on

2019-12-22 01:36:10 - [MESSAGE][PASSED] - Object: 'Object Repository/Page_Mattermost/button_Sign in (10)' is clicked on

2019-12-22 01:36:10 - [TEST_STEP][PASSED] - click(findTestObject("Object Repository/Page_ Town Square - FirstTeam Mattermost/div_Ne")): Object: 'Object Repository/Page_ Town Square - FirstTeam Mattermost/div_Ne' is clicked on

2019-12-22 01:36:14 - [MESSAGE][PASSED] - Object: 'Object Repository/Page_ Town Square - FirstTeam Mattermost/div_Ne' is clicked on

2019-12-22 01:36:14 - [TEST_STEP][PASSED] - click(findTestObject("Object Repository/Page_ Town Square - NewTeamTesting Mattermost/svg")): Object: 'Object Repository/Page_ Town Square - NewTeamTesting Mattermost/svg' is clicked on

2019-12-22 01:36:16 - [MESSAGE][PASSED] - Object: 'Object Repository/Page_ Town Square - NewTeamTesting Mattermost/svg' is clicked on

2019-12-22 01:36:16 - [TEST_STEP][PASSED] - click(findTestObject("Object Repository/Page_ Town Square - NewTeamTesting Mattermost/button_Leave Team")): Object: 'Object Repository/Page_ Town Square - NewTeamTesting Mattermost/button_Leave Team' is clicked on

2019-12-22 01:36:17 - [MESSAGE][PASSED] - Object: 'Object Repository/Page_ Town Square - NewTeamTesting Mattermost/button_Leave Team' is clicked on

2019-12-22 01:36:17 - [TEST_STEP][PASSED] - click(findTestObject("Object Repository/Page_ Town Square - NewTeamTesting Mattermost/button_Yes")): Object: 'Object Repository/Page_ Town Square - NewTeamTesting Mattermost/button_Yes' is clicked on

2019-12-22 01:36:17 - [MESSAGE][PASSED] - Object: 'Object Repository/Page_ Town Square - NewTeamTesting Mattermost/button_Yes' is clicked on

2019-12-22 01:36:17 - [TEST_STEP][PASSED] - closeBrowser(): Browser is closed

2019-12-22 01:36:23 - [MESSAGE][PASSED] - Browser is closed]]></system-out>
         <system-err><![CDATA[]]></system-err>
      </testcase>
      <testcase name="Test Cases/TestCase30JoinAnotherTeam(NewTeamTesting)" time="28.493" classname="Test Cases/TestCase30JoinAnotherTeam(NewTeamTesting)" status="PASSED">
         <system-out><![CDATA[2019-12-22 01:36:23 - [TEST_CASE][PASSED] - Test Cases/TestCase30JoinAnotherTeam(NewTeamTesting): Test Cases/TestCase30JoinAnotherTeam(NewTeamTesting)

2019-12-22 01:36:24 - [TEST_STEP][PASSED] - openBrowser(""): Browser is opened with url: ''

2019-12-22 01:36:24 - [MESSAGE][INFO] - Starting 'Firefox' driver

2019-12-22 01:36:30 - [MESSAGE][PASSED] - Browser is opened with url: ''

2019-12-22 01:36:30 - [TEST_STEP][PASSED] - navigateToUrl("https://cs300testautomatic.herokuapp.com/"): Navigate to 'https://cs300testautomatic.herokuapp.com/' successfully

2019-12-22 01:36:35 - [MESSAGE][PASSED] - Navigate to 'https://cs300testautomatic.herokuapp.com/' successfully

2019-12-22 01:36:35 - [TEST_STEP][PASSED] - setText(findTestObject("Page_Mattermost/input_All team communication in one place s_703ef5 (21)"), "giabeuu@gmail.com"): Text 'giabeuu@gmail.com' is set on object 'Object Repository/Page_Mattermost/input_All team communication in one place s_703ef5 (21)'

2019-12-22 01:36:39 - [MESSAGE][PASSED] - Text 'giabeuu@gmail.com' is set on object 'Object Repository/Page_Mattermost/input_All team communication in one place s_703ef5 (21)'

2019-12-22 01:36:39 - [TEST_STEP][PASSED] - setEncryptedText(findTestObject("Page_Mattermost/input_All team communication in one place s_2f2733 (21)"), "GoUae4B8Jrc="): Text ****** has been set on object 'Object Repository/Page_Mattermost/input_All team communication in one place s_2f2733 (21)'

2019-12-22 01:36:40 - [MESSAGE][PASSED] - Text ****** has been set on object 'Object Repository/Page_Mattermost/input_All team communication in one place s_2f2733 (21)'

2019-12-22 01:36:40 - [TEST_STEP][PASSED] - click(findTestObject("Page_Mattermost/button_Sign in (11)")): Object: 'Object Repository/Page_Mattermost/button_Sign in (11)' is clicked on

2019-12-22 01:36:40 - [MESSAGE][PASSED] - Object: 'Object Repository/Page_Mattermost/button_Sign in (11)' is clicked on

2019-12-22 01:36:40 - [TEST_STEP][PASSED] - click(findTestObject("Page_ Town Square - FirstTeam Mattermost/svg (3)")): Object: 'Object Repository/Page_ Town Square - FirstTeam Mattermost/svg (3)' is clicked on

2019-12-22 01:36:44 - [MESSAGE][PASSED] - Object: 'Object Repository/Page_ Town Square - FirstTeam Mattermost/svg (3)' is clicked on

2019-12-22 01:36:44 - [TEST_STEP][PASSED] - click(findTestObject("Object Repository/Page_ Town Square - FirstTeam Mattermost/a_Join Another Team")): Object: 'Object Repository/Page_ Town Square - FirstTeam Mattermost/a_Join Another Team' is clicked on

2019-12-22 01:36:45 - [MESSAGE][PASSED] - Object: 'Object Repository/Page_ Town Square - FirstTeam Mattermost/a_Join Another Team' is clicked on

2019-12-22 01:36:45 - [TEST_STEP][PASSED] - click(findTestObject("Object Repository/Page_ Town Square - FirstTeam Mattermost/span_NewTeamTesting_fa fa-angle-right right_7ee06a")): Object: 'Object Repository/Page_ Town Square - FirstTeam Mattermost/span_NewTeamTesting_fa fa-angle-right right_7ee06a' is clicked on

2019-12-22 01:36:46 - [MESSAGE][PASSED] - Object: 'Object Repository/Page_ Town Square - FirstTeam Mattermost/span_NewTeamTesting_fa fa-angle-right right_7ee06a' is clicked on

2019-12-22 01:36:46 - [TEST_STEP][PASSED] - closeBrowser(): Browser is closed

2019-12-22 01:36:52 - [MESSAGE][PASSED] - Browser is closed]]></system-out>
         <system-err><![CDATA[]]></system-err>
      </testcase>
      <testcase name="Test Cases/TestCase31RemoveDirectMessage" time="54.753" classname="Test Cases/TestCase31RemoveDirectMessage" status="PASSED">
         <system-out><![CDATA[2019-12-22 01:36:52 - [TEST_CASE][PASSED] - Test Cases/TestCase31RemoveDirectMessage: Test Cases/TestCase31RemoveDirectMessage

2019-12-22 01:36:52 - [TEST_STEP][PASSED] - openBrowser(""): Browser is opened with url: ''

2019-12-22 01:36:52 - [MESSAGE][INFO] - Starting 'Firefox' driver

2019-12-22 01:36:58 - [MESSAGE][PASSED] - Browser is opened with url: ''

2019-12-22 01:36:58 - [TEST_STEP][PASSED] - navigateToUrl("https://cs300testautomatic.herokuapp.com/"): Navigate to 'https://cs300testautomatic.herokuapp.com/' successfully

2019-12-22 01:37:02 - [MESSAGE][PASSED] - Navigate to 'https://cs300testautomatic.herokuapp.com/' successfully

2019-12-22 01:37:02 - [TEST_STEP][PASSED] - setText(findTestObject("Page_Mattermost/input_All team communication in one place s_703ef5"), "dhieu@apcs.vn"): Text 'dhieu@apcs.vn' is set on object 'Object Repository/Page_Mattermost/input_All team communication in one place s_703ef5'

2019-12-22 01:37:07 - [MESSAGE][PASSED] - Text 'dhieu@apcs.vn' is set on object 'Object Repository/Page_Mattermost/input_All team communication in one place s_703ef5'

2019-12-22 01:37:07 - [TEST_STEP][PASSED] - setEncryptedText(findTestObject("Page_Mattermost/input_All team communication in one place s_2f2733"), "iGDxf8hSRT4="): Text ****** has been set on object 'Object Repository/Page_Mattermost/input_All team communication in one place s_2f2733'

2019-12-22 01:37:07 - [MESSAGE][PASSED] - Text ****** has been set on object 'Object Repository/Page_Mattermost/input_All team communication in one place s_2f2733'

2019-12-22 01:37:07 - [TEST_STEP][PASSED] - sendKeys(findTestObject("Page_Mattermost/input_All team communication in one place s_2f2733"), Keys.chord(ENTER)): Keys 'ENTER + ' sent to object: 'Object Repository/Page_Mattermost/input_All team communication in one place s_2f2733'

2019-12-22 01:37:08 - [MESSAGE][PASSED] - Keys 'ENTER + ' sent to object: 'Object Repository/Page_Mattermost/input_All team communication in one place s_2f2733'

2019-12-22 01:37:08 - [TEST_STEP][PASSED] - click(findTestObject("Page_ duy - FirstTeam Mattermost/span_")): Object: 'Object Repository/Page_ duy - FirstTeam Mattermost/span_' is clicked on

2019-12-22 01:37:12 - [MESSAGE][ERROR] - TypeError: rect is undefined
Build info: version: '3.141.59', revision: 'e82be7d358', time: '2018-11-14T08:25:53'
System info: host: 'DESKTOP-5927NP4', ip: '192.168.1.4', os.name: 'Windows 10', os.arch: 'amd64', os.version: '10.0', java.version: '1.8.0_181'
Driver info: com.kms.katalon.core.webui.driver.firefox.CGeckoDriver
Capabilities {acceptInsecureCerts: true, browserName: firefox, browserVersion: 71.0, javascriptEnabled: true, moz:accessibilityChecks: false, moz:buildID: 20191202093317, moz:geckodriverVersion: 0.23.0, moz:headless: false, moz:processID: 18008, moz:profile: C:\Users\BooBoo\AppData\Loc..., moz:shutdownTimeout: 60000, moz:useNonSpecCompliantPointerOrigin: false, moz:webdriverClick: true, pageLoadStrategy: normal, platform: WINDOWS, platformName: WINDOWS, platformVersion: 10.0, proxy: Proxy(direct), rotatable: false, setWindowRect: true, strictFileInteractability: false, timeouts: {implicit: 0, pageLoad: 300000, script: 30000}, unhandledPromptBehavior: dismiss and notify}
Session ID: dbd7d61c-ddd6-4bd9-8897-b599de83dd1b

2019-12-22 01:37:42 - [MESSAGE][ERROR] - TypeError: rect is undefined
Build info: version: '3.141.59', revision: 'e82be7d358', time: '2018-11-14T08:25:53'
System info: host: 'DESKTOP-5927NP4', ip: '192.168.1.4', os.name: 'Windows 10', os.arch: 'amd64', os.version: '10.0', java.version: '1.8.0_181'
Driver info: com.kms.katalon.core.webui.driver.firefox.CGeckoDriver
Capabilities {acceptInsecureCerts: true, browserName: firefox, browserVersion: 71.0, javascriptEnabled: true, moz:accessibilityChecks: false, moz:buildID: 20191202093317, moz:geckodriverVersion: 0.23.0, moz:headless: false, moz:processID: 18008, moz:profile: C:\Users\BooBoo\AppData\Loc..., moz:shutdownTimeout: 60000, moz:useNonSpecCompliantPointerOrigin: false, moz:webdriverClick: true, pageLoadStrategy: normal, platform: WINDOWS, platformName: WINDOWS, platformVersion: 10.0, proxy: Proxy(direct), rotatable: false, setWindowRect: true, strictFileInteractability: false, timeouts: {implicit: 0, pageLoad: 300000, script: 30000}, unhandledPromptBehavior: dismiss and notify}
Session ID: dbd7d61c-ddd6-4bd9-8897-b599de83dd1b

2019-12-22 01:37:42 - [MESSAGE][PASSED] - Object: 'Object Repository/Page_ duy - FirstTeam Mattermost/span_' is clicked on

2019-12-22 01:37:42 - [TEST_STEP][PASSED] - click(findTestObject("Object Repository/Page_ Town Square - FirstTeam Mattermost/span_Off-Topic")): Object: 'Object Repository/Page_ Town Square - FirstTeam Mattermost/span_Off-Topic' is clicked on

2019-12-22 01:37:43 - [MESSAGE][PASSED] - Object: 'Object Repository/Page_ Town Square - FirstTeam Mattermost/span_Off-Topic' is clicked on

2019-12-22 01:37:43 - [TEST_STEP][PASSED] - closeBrowser(): Browser is closed

2019-12-22 01:37:47 - [MESSAGE][PASSED] - Browser is closed]]></system-out>
         <system-err><![CDATA[]]></system-err>
      </testcase>
      <testcase name="Test Cases/TestCase32ArchiveChannel" time="61.069" classname="Test Cases/TestCase32ArchiveChannel" status="FAILED">
         <failure type="FAILED" message="Test Cases/TestCase32ArchiveChannel FAILED.
Reason:
com.kms.katalon.core.exception.StepFailedException: Unable to click on object 'Object Repository/Page_Town Square - FirstTeam Mattermost/span_Channel1'
	at com.kms.katalon.core.webui.keyword.internal.WebUIKeywordMain.stepFailed(WebUIKeywordMain.groovy:64)
	at com.kms.katalon.core.webui.keyword.internal.WebUIKeywordMain.runKeyword(WebUIKeywordMain.groovy:26)
	at com.kms.katalon.core.webui.keyword.builtin.ClickKeyword.click(ClickKeyword.groovy:102)
	at com.kms.katalon.core.webui.keyword.builtin.ClickKeyword.execute(ClickKeyword.groovy:43)
	at com.kms.katalon.core.keyword.internal.KeywordExecutor.executeKeywordForPlatform(KeywordExecutor.groovy:72)
	at com.kms.katalon.core.webui.keyword.WebUiBuiltInKeywords.click(WebUiBuiltInKeywords.groovy:616)
	at com.kms.katalon.core.webui.keyword.WebUiBuiltInKeywords$click$3.call(Unknown Source)
	at TestCase32ArchiveChannel.run(TestCase32ArchiveChannel:29)
	at com.kms.katalon.core.main.ScriptEngine.run(ScriptEngine.java:194)
	at com.kms.katalon.core.main.ScriptEngine.runScriptAsRawText(ScriptEngine.java:119)
	at com.kms.katalon.core.main.TestCaseExecutor.runScript(TestCaseExecutor.java:337)
	at com.kms.katalon.core.main.TestCaseExecutor.doExecute(TestCaseExecutor.java:328)
	at com.kms.katalon.core.main.TestCaseExecutor.processExecutionPhase(TestCaseExecutor.java:307)
	at com.kms.katalon.core.main.TestCaseExecutor.accessMainPhase(TestCaseExecutor.java:299)
	at com.kms.katalon.core.main.TestCaseExecutor.execute(TestCaseExecutor.java:233)
	at com.kms.katalon.core.main.TestSuiteExecutor.accessTestCaseMainPhase(TestSuiteExecutor.java:169)
	at com.kms.katalon.core.main.TestSuiteExecutor.accessTestSuiteMainPhase(TestSuiteExecutor.java:142)
	at com.kms.katalon.core.main.TestSuiteExecutor.execute(TestSuiteExecutor.java:91)
	at com.kms.katalon.core.main.TestCaseMain.startTestSuite(TestCaseMain.java:157)
	at com.kms.katalon.core.main.TestCaseMain$startTestSuite$0.call(Unknown Source)
	at TempTestSuite1576952307212.run(TempTestSuite1576952307212.groovy:36)
Caused by: com.kms.katalon.core.webui.exception.WebElementNotFoundException: Web element with id: 'Object Repository/Page_Town Square - FirstTeam Mattermost/span_Channel1' located by 'By.xpath: //a[@id='sidebarItem_channel1']/span[2]/span' not found
	at com.kms.katalon.core.webui.common.WebUiCommonHelper.findWebElement(WebUiCommonHelper.java:1154)
	at com.kms.katalon.core.webui.keyword.internal.WebUIAbstractKeyword.findWebElement(WebUIAbstractKeyword.groovy:27)
	at com.kms.katalon.core.webui.keyword.internal.WebUIAbstractKeyword.findWebElement(WebUIAbstractKeyword.groovy:26)
	at com.kms.katalon.core.webui.keyword.builtin.ClickKeyword$_click_closure1.doCall(ClickKeyword.groovy:67)
	at com.kms.katalon.core.webui.keyword.builtin.ClickKeyword$_click_closure1.call(ClickKeyword.groovy)
	at com.kms.katalon.core.webui.keyword.internal.WebUIKeywordMain.runKeyword(WebUIKeywordMain.groovy:20)
	... 19 more
"/>
         <system-out><![CDATA[2019-12-22 01:37:47 - [TEST_CASE][FAILED] - Test Cases/TestCase32ArchiveChannel: Test Cases/TestCase32ArchiveChannel FAILED.
Reason:
com.kms.katalon.core.exception.StepFailedException: Unable to click on object 'Object Repository/Page_Town Square - FirstTeam Mattermost/span_Channel1'
	at com.kms.katalon.core.webui.keyword.internal.WebUIKeywordMain.stepFailed(WebUIKeywordMain.groovy:64)
	at com.kms.katalon.core.webui.keyword.internal.WebUIKeywordMain.runKeyword(WebUIKeywordMain.groovy:26)
	at com.kms.katalon.core.webui.keyword.builtin.ClickKeyword.click(ClickKeyword.groovy:102)
	at com.kms.katalon.core.webui.keyword.builtin.ClickKeyword.execute(ClickKeyword.groovy:43)
	at com.kms.katalon.core.keyword.internal.KeywordExecutor.executeKeywordForPlatform(KeywordExecutor.groovy:72)
	at com.kms.katalon.core.webui.keyword.WebUiBuiltInKeywords.click(WebUiBuiltInKeywords.groovy:616)
	at com.kms.katalon.core.webui.keyword.WebUiBuiltInKeywords$click$3.call(Unknown Source)
	at TestCase32ArchiveChannel.run(TestCase32ArchiveChannel:29)
	at com.kms.katalon.core.main.ScriptEngine.run(ScriptEngine.java:194)
	at com.kms.katalon.core.main.ScriptEngine.runScriptAsRawText(ScriptEngine.java:119)
	at com.kms.katalon.core.main.TestCaseExecutor.runScript(TestCaseExecutor.java:337)
	at com.kms.katalon.core.main.TestCaseExecutor.doExecute(TestCaseExecutor.java:328)
	at com.kms.katalon.core.main.TestCaseExecutor.processExecutionPhase(TestCaseExecutor.java:307)
	at com.kms.katalon.core.main.TestCaseExecutor.accessMainPhase(TestCaseExecutor.java:299)
	at com.kms.katalon.core.main.TestCaseExecutor.execute(TestCaseExecutor.java:233)
	at com.kms.katalon.core.main.TestSuiteExecutor.accessTestCaseMainPhase(TestSuiteExecutor.java:169)
	at com.kms.katalon.core.main.TestSuiteExecutor.accessTestSuiteMainPhase(TestSuiteExecutor.java:142)
	at com.kms.katalon.core.main.TestSuiteExecutor.execute(TestSuiteExecutor.java:91)
	at com.kms.katalon.core.main.TestCaseMain.startTestSuite(TestCaseMain.java:157)
	at com.kms.katalon.core.main.TestCaseMain$startTestSuite$0.call(Unknown Source)
	at TempTestSuite1576952307212.run(TempTestSuite1576952307212.groovy:36)
Caused by: com.kms.katalon.core.webui.exception.WebElementNotFoundException: Web element with id: 'Object Repository/Page_Town Square - FirstTeam Mattermost/span_Channel1' located by 'By.xpath: //a[@id='sidebarItem_channel1']/span[2]/span' not found
	at com.kms.katalon.core.webui.common.WebUiCommonHelper.findWebElement(WebUiCommonHelper.java:1154)
	at com.kms.katalon.core.webui.keyword.internal.WebUIAbstractKeyword.findWebElement(WebUIAbstractKeyword.groovy:27)
	at com.kms.katalon.core.webui.keyword.internal.WebUIAbstractKeyword.findWebElement(WebUIAbstractKeyword.groovy:26)
	at com.kms.katalon.core.webui.keyword.builtin.ClickKeyword$_click_closure1.doCall(ClickKeyword.groovy:67)
	at com.kms.katalon.core.webui.keyword.builtin.ClickKeyword$_click_closure1.call(ClickKeyword.groovy)
	at com.kms.katalon.core.webui.keyword.internal.WebUIKeywordMain.runKeyword(WebUIKeywordMain.groovy:20)
	... 19 more


2019-12-22 01:37:47 - [TEST_STEP][PASSED] - openBrowser(""): Browser is opened with url: ''

2019-12-22 01:37:47 - [MESSAGE][INFO] - Starting 'Firefox' driver

2019-12-22 01:37:53 - [MESSAGE][PASSED] - Browser is opened with url: ''

2019-12-22 01:37:53 - [TEST_STEP][PASSED] - navigateToUrl("https://cs300testautomatic.herokuapp.com/"): Navigate to 'https://cs300testautomatic.herokuapp.com/' successfully

2019-12-22 01:37:57 - [MESSAGE][PASSED] - Navigate to 'https://cs300testautomatic.herokuapp.com/' successfully

2019-12-22 01:37:57 - [TEST_STEP][PASSED] - setText(findTestObject("Page_Mattermost/input_All team communication in one place s_703ef5"), "dhieu@apcs.vn"): Text 'dhieu@apcs.vn' is set on object 'Object Repository/Page_Mattermost/input_All team communication in one place s_703ef5'

2019-12-22 01:38:02 - [MESSAGE][PASSED] - Text 'dhieu@apcs.vn' is set on object 'Object Repository/Page_Mattermost/input_All team communication in one place s_703ef5'

2019-12-22 01:38:02 - [TEST_STEP][PASSED] - setEncryptedText(findTestObject("Page_Mattermost/input_All team communication in one place s_2f2733"), "iGDxf8hSRT4="): Text ****** has been set on object 'Object Repository/Page_Mattermost/input_All team communication in one place s_2f2733'

2019-12-22 01:38:03 - [MESSAGE][PASSED] - Text ****** has been set on object 'Object Repository/Page_Mattermost/input_All team communication in one place s_2f2733'

2019-12-22 01:38:04 - [TEST_STEP][PASSED] - sendKeys(findTestObject("Page_Mattermost/input_All team communication in one place s_2f2733"), Keys.chord(ENTER)): Keys 'ENTER + ' sent to object: 'Object Repository/Page_Mattermost/input_All team communication in one place s_2f2733'

2019-12-22 01:38:04 - [MESSAGE][PASSED] - Keys 'ENTER + ' sent to object: 'Object Repository/Page_Mattermost/input_All team communication in one place s_2f2733'

2019-12-22 01:38:04 - [TEST_STEP][FAILED] - click(findTestObject("Page_Town Square - FirstTeam Mattermost/span_Channel1")): Unable to click on object 'Object Repository/Page_Town Square - FirstTeam Mattermost/span_Channel1' (Root cause: com.kms.katalon.core.exception.StepFailedException: Unable to click on object 'Object Repository/Page_Town Square - FirstTeam Mattermost/span_Channel1'
	at com.kms.katalon.core.webui.keyword.internal.WebUIKeywordMain.stepFailed(WebUIKeywordMain.groovy:64)
	at com.kms.katalon.core.webui.keyword.internal.WebUIKeywordMain.runKeyword(WebUIKeywordMain.groovy:26)
	at com.kms.katalon.core.webui.keyword.builtin.ClickKeyword.click(ClickKeyword.groovy:102)
	at com.kms.katalon.core.webui.keyword.builtin.ClickKeyword.execute(ClickKeyword.groovy:43)
	at com.kms.katalon.core.keyword.internal.KeywordExecutor.executeKeywordForPlatform(KeywordExecutor.groovy:72)
	at com.kms.katalon.core.webui.keyword.WebUiBuiltInKeywords.click(WebUiBuiltInKeywords.groovy:616)
	at com.kms.katalon.core.webui.keyword.WebUiBuiltInKeywords$click$3.call(Unknown Source)
	at TestCase32ArchiveChannel.run(TestCase32ArchiveChannel:29)
	at com.kms.katalon.core.main.ScriptEngine.run(ScriptEngine.java:194)
	at com.kms.katalon.core.main.ScriptEngine.runScriptAsRawText(ScriptEngine.java:119)
	at com.kms.katalon.core.main.TestCaseExecutor.runScript(TestCaseExecutor.java:337)
	at com.kms.katalon.core.main.TestCaseExecutor.doExecute(TestCaseExecutor.java:328)
	at com.kms.katalon.core.main.TestCaseExecutor.processExecutionPhase(TestCaseExecutor.java:307)
	at com.kms.katalon.core.main.TestCaseExecutor.accessMainPhase(TestCaseExecutor.java:299)
	at com.kms.katalon.core.main.TestCaseExecutor.execute(TestCaseExecutor.java:233)
	at com.kms.katalon.core.main.TestSuiteExecutor.accessTestCaseMainPhase(TestSuiteExecutor.java:169)
	at com.kms.katalon.core.main.TestSuiteExecutor.accessTestSuiteMainPhase(TestSuiteExecutor.java:142)
	at com.kms.katalon.core.main.TestSuiteExecutor.execute(TestSuiteExecutor.java:91)
	at com.kms.katalon.core.main.TestCaseMain.startTestSuite(TestCaseMain.java:157)
	at com.kms.katalon.core.main.TestCaseMain$startTestSuite$0.call(Unknown Source)
	at TempTestSuite1576952307212.run(TempTestSuite1576952307212.groovy:36)
Caused by: com.kms.katalon.core.webui.exception.WebElementNotFoundException: Web element with id: 'Object Repository/Page_Town Square - FirstTeam Mattermost/span_Channel1' located by 'By.xpath: //a[@id='sidebarItem_channel1']/span[2]/span' not found
	at com.kms.katalon.core.webui.common.WebUiCommonHelper.findWebElement(WebUiCommonHelper.java:1154)
	at com.kms.katalon.core.webui.keyword.internal.WebUIAbstractKeyword.findWebElement(WebUIAbstractKeyword.groovy:27)
	at com.kms.katalon.core.webui.keyword.internal.WebUIAbstractKeyword.findWebElement(WebUIAbstractKeyword.groovy:26)
	at com.kms.katalon.core.webui.keyword.builtin.ClickKeyword$_click_closure1.doCall(ClickKeyword.groovy:67)
	at com.kms.katalon.core.webui.keyword.builtin.ClickKeyword$_click_closure1.call(ClickKeyword.groovy)
	at com.kms.katalon.core.webui.keyword.internal.WebUIKeywordMain.runKeyword(WebUIKeywordMain.groovy:20)
	at com.kms.katalon.core.webui.keyword.builtin.ClickKeyword.click(ClickKeyword.groovy:102)
	at com.kms.katalon.core.webui.keyword.builtin.ClickKeyword.execute(ClickKeyword.groovy:43)
	at com.kms.katalon.core.keyword.internal.KeywordExecutor.executeKeywordForPlatform(KeywordExecutor.groovy:72)
	at com.kms.katalon.core.webui.keyword.WebUiBuiltInKeywords.click(WebUiBuiltInKeywords.groovy:616)
	at com.kms.katalon.core.webui.keyword.WebUiBuiltInKeywords$click$3.call(Unknown Source)
	at Script1576918828779.run(Script1576918828779.groovy:29)
	... 13 more
)

2019-12-22 01:38:48 - [MESSAGE][INFO] - Unable to find the element located by 'By.xpath: //a[@id='sidebarItem_channel1']/span[2]/span'. Please recheck the objects properties to make sure the desired element is located. 

2019-12-22 01:38:48 - [MESSAGE][FAILED] - Unable to click on object 'Object Repository/Page_Town Square - FirstTeam Mattermost/span_Channel1' (Root cause: com.kms.katalon.core.exception.StepFailedException: Unable to click on object 'Object Repository/Page_Town Square - FirstTeam Mattermost/span_Channel1'
	at com.kms.katalon.core.webui.keyword.internal.WebUIKeywordMain.stepFailed(WebUIKeywordMain.groovy:64)
	at com.kms.katalon.core.webui.keyword.internal.WebUIKeywordMain.runKeyword(WebUIKeywordMain.groovy:26)
	at com.kms.katalon.core.webui.keyword.builtin.ClickKeyword.click(ClickKeyword.groovy:102)
	at com.kms.katalon.core.webui.keyword.builtin.ClickKeyword.execute(ClickKeyword.groovy:43)
	at com.kms.katalon.core.keyword.internal.KeywordExecutor.executeKeywordForPlatform(KeywordExecutor.groovy:72)
	at com.kms.katalon.core.webui.keyword.WebUiBuiltInKeywords.click(WebUiBuiltInKeywords.groovy:616)
	at com.kms.katalon.core.webui.keyword.WebUiBuiltInKeywords$click$3.call(Unknown Source)
	at TestCase32ArchiveChannel.run(TestCase32ArchiveChannel:29)
	at com.kms.katalon.core.main.ScriptEngine.run(ScriptEngine.java:194)
	at com.kms.katalon.core.main.ScriptEngine.runScriptAsRawText(ScriptEngine.java:119)
	at com.kms.katalon.core.main.TestCaseExecutor.runScript(TestCaseExecutor.java:337)
	at com.kms.katalon.core.main.TestCaseExecutor.doExecute(TestCaseExecutor.java:328)
	at com.kms.katalon.core.main.TestCaseExecutor.processExecutionPhase(TestCaseExecutor.java:307)
	at com.kms.katalon.core.main.TestCaseExecutor.accessMainPhase(TestCaseExecutor.java:299)
	at com.kms.katalon.core.main.TestCaseExecutor.execute(TestCaseExecutor.java:233)
	at com.kms.katalon.core.main.TestSuiteExecutor.accessTestCaseMainPhase(TestSuiteExecutor.java:169)
	at com.kms.katalon.core.main.TestSuiteExecutor.accessTestSuiteMainPhase(TestSuiteExecutor.java:142)
	at com.kms.katalon.core.main.TestSuiteExecutor.execute(TestSuiteExecutor.java:91)
	at com.kms.katalon.core.main.TestCaseMain.startTestSuite(TestCaseMain.java:157)
	at com.kms.katalon.core.main.TestCaseMain$startTestSuite$0.call(Unknown Source)
	at TempTestSuite1576952307212.run(TempTestSuite1576952307212.groovy:36)
Caused by: com.kms.katalon.core.webui.exception.WebElementNotFoundException: Web element with id: 'Object Repository/Page_Town Square - FirstTeam Mattermost/span_Channel1' located by 'By.xpath: //a[@id='sidebarItem_channel1']/span[2]/span' not found
	at com.kms.katalon.core.webui.common.WebUiCommonHelper.findWebElement(WebUiCommonHelper.java:1154)
	at com.kms.katalon.core.webui.keyword.internal.WebUIAbstractKeyword.findWebElement(WebUIAbstractKeyword.groovy:27)
	at com.kms.katalon.core.webui.keyword.internal.WebUIAbstractKeyword.findWebElement(WebUIAbstractKeyword.groovy:26)
	at com.kms.katalon.core.webui.keyword.builtin.ClickKeyword$_click_closure1.doCall(ClickKeyword.groovy:67)
	at com.kms.katalon.core.webui.keyword.builtin.ClickKeyword$_click_closure1.call(ClickKeyword.groovy)
	at com.kms.katalon.core.webui.keyword.internal.WebUIKeywordMain.runKeyword(WebUIKeywordMain.groovy:20)
	at com.kms.katalon.core.webui.keyword.builtin.ClickKeyword.click(ClickKeyword.groovy:102)
	at com.kms.katalon.core.webui.keyword.builtin.ClickKeyword.execute(ClickKeyword.groovy:43)
	at com.kms.katalon.core.keyword.internal.KeywordExecutor.executeKeywordForPlatform(KeywordExecutor.groovy:72)
	at com.kms.katalon.core.webui.keyword.WebUiBuiltInKeywords.click(WebUiBuiltInKeywords.groovy:616)
	at com.kms.katalon.core.webui.keyword.WebUiBuiltInKeywords$click$3.call(Unknown Source)
	at Script1576918828779.run(Script1576918828779.groovy:29)
	... 13 more
)
[[ATTACHMENT|E:\\APCS\\2019-2020\\Term1\\CS300\\Github\\CS300AutomaticWebTesting\\Reports\\20191222_011827\\Run All Test Cases\\20191222_011827\\1576953528111.png]]]]></system-out>
         <system-err><![CDATA[2019-12-22 01:37:47 - [TEST_CASE][FAILED] - Test Cases/TestCase32ArchiveChannel: Test Cases/TestCase32ArchiveChannel FAILED.
Reason:
com.kms.katalon.core.exception.StepFailedException: Unable to click on object 'Object Repository/Page_Town Square - FirstTeam Mattermost/span_Channel1'
	at com.kms.katalon.core.webui.keyword.internal.WebUIKeywordMain.stepFailed(WebUIKeywordMain.groovy:64)
	at com.kms.katalon.core.webui.keyword.internal.WebUIKeywordMain.runKeyword(WebUIKeywordMain.groovy:26)
	at com.kms.katalon.core.webui.keyword.builtin.ClickKeyword.click(ClickKeyword.groovy:102)
	at com.kms.katalon.core.webui.keyword.builtin.ClickKeyword.execute(ClickKeyword.groovy:43)
	at com.kms.katalon.core.keyword.internal.KeywordExecutor.executeKeywordForPlatform(KeywordExecutor.groovy:72)
	at com.kms.katalon.core.webui.keyword.WebUiBuiltInKeywords.click(WebUiBuiltInKeywords.groovy:616)
	at com.kms.katalon.core.webui.keyword.WebUiBuiltInKeywords$click$3.call(Unknown Source)
	at TestCase32ArchiveChannel.run(TestCase32ArchiveChannel:29)
	at com.kms.katalon.core.main.ScriptEngine.run(ScriptEngine.java:194)
	at com.kms.katalon.core.main.ScriptEngine.runScriptAsRawText(ScriptEngine.java:119)
	at com.kms.katalon.core.main.TestCaseExecutor.runScript(TestCaseExecutor.java:337)
	at com.kms.katalon.core.main.TestCaseExecutor.doExecute(TestCaseExecutor.java:328)
	at com.kms.katalon.core.main.TestCaseExecutor.processExecutionPhase(TestCaseExecutor.java:307)
	at com.kms.katalon.core.main.TestCaseExecutor.accessMainPhase(TestCaseExecutor.java:299)
	at com.kms.katalon.core.main.TestCaseExecutor.execute(TestCaseExecutor.java:233)
	at com.kms.katalon.core.main.TestSuiteExecutor.accessTestCaseMainPhase(TestSuiteExecutor.java:169)
	at com.kms.katalon.core.main.TestSuiteExecutor.accessTestSuiteMainPhase(TestSuiteExecutor.java:142)
	at com.kms.katalon.core.main.TestSuiteExecutor.execute(TestSuiteExecutor.java:91)
	at com.kms.katalon.core.main.TestCaseMain.startTestSuite(TestCaseMain.java:157)
	at com.kms.katalon.core.main.TestCaseMain$startTestSuite$0.call(Unknown Source)
	at TempTestSuite1576952307212.run(TempTestSuite1576952307212.groovy:36)
Caused by: com.kms.katalon.core.webui.exception.WebElementNotFoundException: Web element with id: 'Object Repository/Page_Town Square - FirstTeam Mattermost/span_Channel1' located by 'By.xpath: //a[@id='sidebarItem_channel1']/span[2]/span' not found
	at com.kms.katalon.core.webui.common.WebUiCommonHelper.findWebElement(WebUiCommonHelper.java:1154)
	at com.kms.katalon.core.webui.keyword.internal.WebUIAbstractKeyword.findWebElement(WebUIAbstractKeyword.groovy:27)
	at com.kms.katalon.core.webui.keyword.internal.WebUIAbstractKeyword.findWebElement(WebUIAbstractKeyword.groovy:26)
	at com.kms.katalon.core.webui.keyword.builtin.ClickKeyword$_click_closure1.doCall(ClickKeyword.groovy:67)
	at com.kms.katalon.core.webui.keyword.builtin.ClickKeyword$_click_closure1.call(ClickKeyword.groovy)
	at com.kms.katalon.core.webui.keyword.internal.WebUIKeywordMain.runKeyword(WebUIKeywordMain.groovy:20)
	... 19 more]]></system-err>
      </testcase>
      <testcase name="Test Cases/TestCase33ViewChannelInfo" time="29.486" classname="Test Cases/TestCase33ViewChannelInfo" status="PASSED">
         <system-out><![CDATA[2019-12-22 01:38:48 - [TEST_CASE][PASSED] - Test Cases/TestCase33ViewChannelInfo: Test Cases/TestCase33ViewChannelInfo

2019-12-22 01:38:48 - [TEST_STEP][PASSED] - openBrowser(""): Browser is opened with url: ''

2019-12-22 01:38:48 - [MESSAGE][WARNING] - A browser is already opened. Closing browser and opening a new one

2019-12-22 01:38:52 - [MESSAGE][INFO] - Starting 'Firefox' driver

2019-12-22 01:38:56 - [MESSAGE][PASSED] - Browser is opened with url: ''

2019-12-22 01:38:56 - [TEST_STEP][PASSED] - navigateToUrl("https://cs300testautomatic.herokuapp.com/"): Navigate to 'https://cs300testautomatic.herokuapp.com/' successfully

2019-12-22 01:39:01 - [MESSAGE][PASSED] - Navigate to 'https://cs300testautomatic.herokuapp.com/' successfully

2019-12-22 01:39:01 - [TEST_STEP][PASSED] - setText(findTestObject("Page_Mattermost/input_All team communication in one place s_703ef5"), "dhieu@apcs.vn"): Text 'dhieu@apcs.vn' is set on object 'Object Repository/Page_Mattermost/input_All team communication in one place s_703ef5'

2019-12-22 01:39:05 - [MESSAGE][PASSED] - Text 'dhieu@apcs.vn' is set on object 'Object Repository/Page_Mattermost/input_All team communication in one place s_703ef5'

2019-12-22 01:39:05 - [TEST_STEP][PASSED] - setEncryptedText(findTestObject("Page_Mattermost/input_All team communication in one place s_2f2733"), "iGDxf8hSRT4="): Text ****** has been set on object 'Object Repository/Page_Mattermost/input_All team communication in one place s_2f2733'

2019-12-22 01:39:05 - [MESSAGE][PASSED] - Text ****** has been set on object 'Object Repository/Page_Mattermost/input_All team communication in one place s_2f2733'

2019-12-22 01:39:05 - [TEST_STEP][PASSED] - sendKeys(findTestObject("Page_Mattermost/input_All team communication in one place s_2f2733"), Keys.chord(ENTER)): Keys 'ENTER + ' sent to object: 'Object Repository/Page_Mattermost/input_All team communication in one place s_2f2733'

2019-12-22 01:39:06 - [MESSAGE][PASSED] - Keys 'ENTER + ' sent to object: 'Object Repository/Page_Mattermost/input_All team communication in one place s_2f2733'

2019-12-22 01:39:06 - [TEST_STEP][PASSED] - click(findTestObject("Object Repository/Page_Town Square - FirstTeam Mattermost/button_Town Square")): Object: 'Object Repository/Page_Town Square - FirstTeam Mattermost/button_Town Square' is clicked on

2019-12-22 01:39:09 - [MESSAGE][PASSED] - Object: 'Object Repository/Page_Town Square - FirstTeam Mattermost/button_Town Square' is clicked on

2019-12-22 01:39:09 - [TEST_STEP][PASSED] - click(findTestObject("Object Repository/Page_Town Square - FirstTeam Mattermost/button_View Info")): Object: 'Object Repository/Page_Town Square - FirstTeam Mattermost/button_View Info' is clicked on

2019-12-22 01:39:10 - [MESSAGE][PASSED] - Object: 'Object Repository/Page_Town Square - FirstTeam Mattermost/button_View Info' is clicked on

2019-12-22 01:39:10 - [TEST_STEP][PASSED] - click(findTestObject("Object Repository/Page_Town Square - FirstTeam Mattermost/div_httpscs300testautomaticherokuappcomfirs_90a714")): Object: 'Object Repository/Page_Town Square - FirstTeam Mattermost/div_httpscs300testautomaticherokuappcomfirs_90a714' is clicked on

2019-12-22 01:39:11 - [MESSAGE][PASSED] - Object: 'Object Repository/Page_Town Square - FirstTeam Mattermost/div_httpscs300testautomaticherokuappcomfirs_90a714' is clicked on

2019-12-22 01:39:11 - [TEST_STEP][PASSED] - click(findTestObject("Object Repository/Page_Town Square - FirstTeam Mattermost/p_ZZZZZ")): Object: 'Object Repository/Page_Town Square - FirstTeam Mattermost/p_ZZZZZ' is clicked on

2019-12-22 01:39:11 - [MESSAGE][PASSED] - Object: 'Object Repository/Page_Town Square - FirstTeam Mattermost/p_ZZZZZ' is clicked on

2019-12-22 01:39:11 - [TEST_STEP][PASSED] - click(findTestObject("Object Repository/Page_Town Square - FirstTeam Mattermost/div_More")): Object: 'Object Repository/Page_Town Square - FirstTeam Mattermost/div_More' is clicked on

2019-12-22 01:39:12 - [MESSAGE][PASSED] - Object: 'Object Repository/Page_Town Square - FirstTeam Mattermost/div_More' is clicked on

2019-12-22 01:39:12 - [TEST_STEP][PASSED] - click(findTestObject("Page_Town Square - FirstTeam Mattermost/span_")): Object: 'Object Repository/Page_Town Square - FirstTeam Mattermost/span_' is clicked on

2019-12-22 01:39:12 - [MESSAGE][PASSED] - Object: 'Object Repository/Page_Town Square - FirstTeam Mattermost/span_' is clicked on

2019-12-22 01:39:12 - [TEST_STEP][PASSED] - closeBrowser(): Browser is closed

2019-12-22 01:39:17 - [MESSAGE][PASSED] - Browser is closed]]></system-out>
         <system-err><![CDATA[]]></system-err>
      </testcase>
      <testcase name="Test Cases/TestCase34MuteChannel" time="25.763" classname="Test Cases/TestCase34MuteChannel" status="PASSED">
         <system-out><![CDATA[2019-12-22 01:39:17 - [TEST_CASE][PASSED] - Test Cases/TestCase34MuteChannel: Test Cases/TestCase34MuteChannel

2019-12-22 01:39:17 - [TEST_STEP][PASSED] - openBrowser(""): Browser is opened with url: ''

2019-12-22 01:39:17 - [MESSAGE][INFO] - Starting 'Firefox' driver

2019-12-22 01:39:23 - [MESSAGE][PASSED] - Browser is opened with url: ''

2019-12-22 01:39:23 - [TEST_STEP][PASSED] - navigateToUrl("https://cs300testautomatic.herokuapp.com/"): Navigate to 'https://cs300testautomatic.herokuapp.com/' successfully

2019-12-22 01:39:27 - [MESSAGE][PASSED] - Navigate to 'https://cs300testautomatic.herokuapp.com/' successfully

2019-12-22 01:39:27 - [TEST_STEP][PASSED] - setText(findTestObject("Page_Mattermost/input_All team communication in one place s_703ef5"), "dhieu@apcs.vn"): Text 'dhieu@apcs.vn' is set on object 'Object Repository/Page_Mattermost/input_All team communication in one place s_703ef5'

2019-12-22 01:39:32 - [MESSAGE][PASSED] - Text 'dhieu@apcs.vn' is set on object 'Object Repository/Page_Mattermost/input_All team communication in one place s_703ef5'

2019-12-22 01:39:32 - [TEST_STEP][PASSED] - setEncryptedText(findTestObject("Page_Mattermost/input_All team communication in one place s_2f2733"), "iGDxf8hSRT4="): Text ****** has been set on object 'Object Repository/Page_Mattermost/input_All team communication in one place s_2f2733'

2019-12-22 01:39:32 - [MESSAGE][PASSED] - Text ****** has been set on object 'Object Repository/Page_Mattermost/input_All team communication in one place s_2f2733'

2019-12-22 01:39:32 - [TEST_STEP][PASSED] - sendKeys(findTestObject("Page_Mattermost/input_All team communication in one place s_2f2733"), Keys.chord(ENTER)): Keys 'ENTER + ' sent to object: 'Object Repository/Page_Mattermost/input_All team communication in one place s_2f2733'

2019-12-22 01:39:33 - [MESSAGE][PASSED] - Keys 'ENTER + ' sent to object: 'Object Repository/Page_Mattermost/input_All team communication in one place s_2f2733'

2019-12-22 01:39:33 - [TEST_STEP][PASSED] - click(findTestObject("Page_Town Square - FirstTeam Mattermost/button_Town Square")): Object: 'Object Repository/Page_Town Square - FirstTeam Mattermost/button_Town Square' is clicked on

2019-12-22 01:39:36 - [MESSAGE][PASSED] - Object: 'Object Repository/Page_Town Square - FirstTeam Mattermost/button_Town Square' is clicked on

2019-12-22 01:39:36 - [TEST_STEP][PASSED] - click(findTestObject("Object Repository/Page_Town Square - FirstTeam Mattermost/button_Mute Channel")): Object: 'Object Repository/Page_Town Square - FirstTeam Mattermost/button_Mute Channel' is clicked on

2019-12-22 01:39:37 - [MESSAGE][PASSED] - Object: 'Object Repository/Page_Town Square - FirstTeam Mattermost/button_Mute Channel' is clicked on

2019-12-22 01:39:37 - [TEST_STEP][PASSED] - closeBrowser(): Browser is closed

2019-12-22 01:39:43 - [MESSAGE][PASSED] - Browser is closed]]></system-out>
         <system-err><![CDATA[]]></system-err>
      </testcase>
      <testcase name="Test Cases/TestCase35UnmuteChannel" time="29.573" classname="Test Cases/TestCase35UnmuteChannel" status="PASSED">
         <system-out><![CDATA[2019-12-22 01:39:43 - [TEST_CASE][PASSED] - Test Cases/TestCase35UnmuteChannel: Test Cases/TestCase35UnmuteChannel

2019-12-22 01:39:43 - [TEST_STEP][PASSED] - openBrowser(""): Browser is opened with url: ''

2019-12-22 01:39:43 - [MESSAGE][INFO] - Starting 'Firefox' driver

2019-12-22 01:39:50 - [MESSAGE][PASSED] - Browser is opened with url: ''

2019-12-22 01:39:50 - [TEST_STEP][PASSED] - navigateToUrl("https://cs300testautomatic.herokuapp.com/"): Navigate to 'https://cs300testautomatic.herokuapp.com/' successfully

2019-12-22 01:39:54 - [MESSAGE][PASSED] - Navigate to 'https://cs300testautomatic.herokuapp.com/' successfully

2019-12-22 01:39:54 - [TEST_STEP][PASSED] - setText(findTestObject("Page_Mattermost/input_All team communication in one place s_703ef5"), "dhieu@apcs.vn"): Text 'dhieu@apcs.vn' is set on object 'Object Repository/Page_Mattermost/input_All team communication in one place s_703ef5'

2019-12-22 01:39:59 - [MESSAGE][PASSED] - Text 'dhieu@apcs.vn' is set on object 'Object Repository/Page_Mattermost/input_All team communication in one place s_703ef5'

2019-12-22 01:39:59 - [TEST_STEP][PASSED] - setEncryptedText(findTestObject("Page_Mattermost/input_All team communication in one place s_2f2733"), "iGDxf8hSRT4="): Text ****** has been set on object 'Object Repository/Page_Mattermost/input_All team communication in one place s_2f2733'

2019-12-22 01:40:00 - [MESSAGE][PASSED] - Text ****** has been set on object 'Object Repository/Page_Mattermost/input_All team communication in one place s_2f2733'

2019-12-22 01:40:00 - [TEST_STEP][PASSED] - sendKeys(findTestObject("Page_Mattermost/input_All team communication in one place s_2f2733"), Keys.chord(ENTER)): Keys 'ENTER + ' sent to object: 'Object Repository/Page_Mattermost/input_All team communication in one place s_2f2733'

2019-12-22 01:40:00 - [MESSAGE][PASSED] - Keys 'ENTER + ' sent to object: 'Object Repository/Page_Mattermost/input_All team communication in one place s_2f2733'

2019-12-22 01:40:00 - [TEST_STEP][PASSED] - click(findTestObject("Object Repository/Page_Town Square - FirstTeam Mattermost/span_Town Square_channelHeaderDropdownIcon")): Object: 'Object Repository/Page_Town Square - FirstTeam Mattermost/span_Town Square_channelHeaderDropdownIcon' is clicked on

2019-12-22 01:40:04 - [MESSAGE][PASSED] - Object: 'Object Repository/Page_Town Square - FirstTeam Mattermost/span_Town Square_channelHeaderDropdownIcon' is clicked on

2019-12-22 01:40:04 - [TEST_STEP][PASSED] - click(findTestObject("Object Repository/Page_Town Square - FirstTeam Mattermost/button_Unmute Channel")): Object: 'Object Repository/Page_Town Square - FirstTeam Mattermost/button_Unmute Channel' is clicked on

2019-12-22 01:40:06 - [MESSAGE][PASSED] - Object: 'Object Repository/Page_Town Square - FirstTeam Mattermost/button_Unmute Channel' is clicked on

2019-12-22 01:40:06 - [TEST_STEP][PASSED] - closeBrowser(): Browser is closed

2019-12-22 01:40:13 - [MESSAGE][PASSED] - Browser is closed]]></system-out>
         <system-err><![CDATA[]]></system-err>
      </testcase>
      <testcase name="Test Cases/TestCase36EditNotificationPreferencesChannel" time="70.971" classname="Test Cases/TestCase36EditNotificationPreferencesChannel" status="FAILED">
         <failure type="FAILED" message="Test Cases/TestCase36EditNotificationPreferencesChannel FAILED.
Reason:
com.kms.katalon.core.exception.StepFailedException: Unable to click on object 'Object Repository/Page_Off-Topic - FirstTeam Mattermost/li_OnOffWhen enabled channel here and all w_65cb61'
	at com.kms.katalon.core.webui.keyword.internal.WebUIKeywordMain.stepFailed(WebUIKeywordMain.groovy:64)
	at com.kms.katalon.core.webui.keyword.internal.WebUIKeywordMain.runKeyword(WebUIKeywordMain.groovy:26)
	at com.kms.katalon.core.webui.keyword.builtin.ClickKeyword.click(ClickKeyword.groovy:102)
	at com.kms.katalon.core.webui.keyword.builtin.ClickKeyword.execute(ClickKeyword.groovy:43)
	at com.kms.katalon.core.keyword.internal.KeywordExecutor.executeKeywordForPlatform(KeywordExecutor.groovy:72)
	at com.kms.katalon.core.webui.keyword.WebUiBuiltInKeywords.click(WebUiBuiltInKeywords.groovy:616)
	at com.kms.katalon.core.webui.keyword.WebUiBuiltInKeywords$click$3.call(Unknown Source)
	at TestCase36EditNotificationPreferencesChannel.run(TestCase36EditNotificationPreferencesChannel:43)
	at com.kms.katalon.core.main.ScriptEngine.run(ScriptEngine.java:194)
	at com.kms.katalon.core.main.ScriptEngine.runScriptAsRawText(ScriptEngine.java:119)
	at com.kms.katalon.core.main.TestCaseExecutor.runScript(TestCaseExecutor.java:337)
	at com.kms.katalon.core.main.TestCaseExecutor.doExecute(TestCaseExecutor.java:328)
	at com.kms.katalon.core.main.TestCaseExecutor.processExecutionPhase(TestCaseExecutor.java:307)
	at com.kms.katalon.core.main.TestCaseExecutor.accessMainPhase(TestCaseExecutor.java:299)
	at com.kms.katalon.core.main.TestCaseExecutor.execute(TestCaseExecutor.java:233)
	at com.kms.katalon.core.main.TestSuiteExecutor.accessTestCaseMainPhase(TestSuiteExecutor.java:169)
	at com.kms.katalon.core.main.TestSuiteExecutor.accessTestSuiteMainPhase(TestSuiteExecutor.java:142)
	at com.kms.katalon.core.main.TestSuiteExecutor.execute(TestSuiteExecutor.java:91)
	at com.kms.katalon.core.main.TestCaseMain.startTestSuite(TestCaseMain.java:157)
	at com.kms.katalon.core.main.TestCaseMain$startTestSuite$0.call(Unknown Source)
	at TempTestSuite1576952307212.run(TempTestSuite1576952307212.groovy:36)
Caused by: com.kms.katalon.core.webui.exception.WebElementNotFoundException: Web element with id: 'Object Repository/Page_Off-Topic - FirstTeam Mattermost/li_OnOffWhen enabled channel here and all w_65cb61' located by 'By.xpath: (.//*[normalize-space(text()) and normalize-space(.)='Ignore mentions for @channel, @here and @all'])[1]/following::li[1]' not found
	at com.kms.katalon.core.webui.common.WebUiCommonHelper.findWebElement(WebUiCommonHelper.java:1154)
	at com.kms.katalon.core.webui.keyword.internal.WebUIAbstractKeyword.findWebElement(WebUIAbstractKeyword.groovy:27)
	at com.kms.katalon.core.webui.keyword.internal.WebUIAbstractKeyword.findWebElement(WebUIAbstractKeyword.groovy:26)
	at com.kms.katalon.core.webui.keyword.builtin.ClickKeyword$_click_closure1.doCall(ClickKeyword.groovy:67)
	at com.kms.katalon.core.webui.keyword.builtin.ClickKeyword$_click_closure1.call(ClickKeyword.groovy)
	at com.kms.katalon.core.webui.keyword.internal.WebUIKeywordMain.runKeyword(WebUIKeywordMain.groovy:20)
	... 19 more
"/>
         <system-out><![CDATA[2019-12-22 01:40:13 - [TEST_CASE][FAILED] - Test Cases/TestCase36EditNotificationPreferencesChannel: Test Cases/TestCase36EditNotificationPreferencesChannel FAILED.
Reason:
com.kms.katalon.core.exception.StepFailedException: Unable to click on object 'Object Repository/Page_Off-Topic - FirstTeam Mattermost/li_OnOffWhen enabled channel here and all w_65cb61'
	at com.kms.katalon.core.webui.keyword.internal.WebUIKeywordMain.stepFailed(WebUIKeywordMain.groovy:64)
	at com.kms.katalon.core.webui.keyword.internal.WebUIKeywordMain.runKeyword(WebUIKeywordMain.groovy:26)
	at com.kms.katalon.core.webui.keyword.builtin.ClickKeyword.click(ClickKeyword.groovy:102)
	at com.kms.katalon.core.webui.keyword.builtin.ClickKeyword.execute(ClickKeyword.groovy:43)
	at com.kms.katalon.core.keyword.internal.KeywordExecutor.executeKeywordForPlatform(KeywordExecutor.groovy:72)
	at com.kms.katalon.core.webui.keyword.WebUiBuiltInKeywords.click(WebUiBuiltInKeywords.groovy:616)
	at com.kms.katalon.core.webui.keyword.WebUiBuiltInKeywords$click$3.call(Unknown Source)
	at TestCase36EditNotificationPreferencesChannel.run(TestCase36EditNotificationPreferencesChannel:43)
	at com.kms.katalon.core.main.ScriptEngine.run(ScriptEngine.java:194)
	at com.kms.katalon.core.main.ScriptEngine.runScriptAsRawText(ScriptEngine.java:119)
	at com.kms.katalon.core.main.TestCaseExecutor.runScript(TestCaseExecutor.java:337)
	at com.kms.katalon.core.main.TestCaseExecutor.doExecute(TestCaseExecutor.java:328)
	at com.kms.katalon.core.main.TestCaseExecutor.processExecutionPhase(TestCaseExecutor.java:307)
	at com.kms.katalon.core.main.TestCaseExecutor.accessMainPhase(TestCaseExecutor.java:299)
	at com.kms.katalon.core.main.TestCaseExecutor.execute(TestCaseExecutor.java:233)
	at com.kms.katalon.core.main.TestSuiteExecutor.accessTestCaseMainPhase(TestSuiteExecutor.java:169)
	at com.kms.katalon.core.main.TestSuiteExecutor.accessTestSuiteMainPhase(TestSuiteExecutor.java:142)
	at com.kms.katalon.core.main.TestSuiteExecutor.execute(TestSuiteExecutor.java:91)
	at com.kms.katalon.core.main.TestCaseMain.startTestSuite(TestCaseMain.java:157)
	at com.kms.katalon.core.main.TestCaseMain$startTestSuite$0.call(Unknown Source)
	at TempTestSuite1576952307212.run(TempTestSuite1576952307212.groovy:36)
Caused by: com.kms.katalon.core.webui.exception.WebElementNotFoundException: Web element with id: 'Object Repository/Page_Off-Topic - FirstTeam Mattermost/li_OnOffWhen enabled channel here and all w_65cb61' located by 'By.xpath: (.//*[normalize-space(text()) and normalize-space(.)='Ignore mentions for @channel, @here and @all'])[1]/following::li[1]' not found
	at com.kms.katalon.core.webui.common.WebUiCommonHelper.findWebElement(WebUiCommonHelper.java:1154)
	at com.kms.katalon.core.webui.keyword.internal.WebUIAbstractKeyword.findWebElement(WebUIAbstractKeyword.groovy:27)
	at com.kms.katalon.core.webui.keyword.internal.WebUIAbstractKeyword.findWebElement(WebUIAbstractKeyword.groovy:26)
	at com.kms.katalon.core.webui.keyword.builtin.ClickKeyword$_click_closure1.doCall(ClickKeyword.groovy:67)
	at com.kms.katalon.core.webui.keyword.builtin.ClickKeyword$_click_closure1.call(ClickKeyword.groovy)
	at com.kms.katalon.core.webui.keyword.internal.WebUIKeywordMain.runKeyword(WebUIKeywordMain.groovy:20)
	... 19 more


2019-12-22 01:40:13 - [TEST_STEP][PASSED] - openBrowser(""): Browser is opened with url: ''

2019-12-22 01:40:13 - [MESSAGE][INFO] - Starting 'Firefox' driver

2019-12-22 01:40:20 - [MESSAGE][PASSED] - Browser is opened with url: ''

2019-12-22 01:40:20 - [TEST_STEP][PASSED] - navigateToUrl("https://cs300testautomatic.herokuapp.com/"): Navigate to 'https://cs300testautomatic.herokuapp.com/' successfully

2019-12-22 01:40:24 - [MESSAGE][PASSED] - Navigate to 'https://cs300testautomatic.herokuapp.com/' successfully

2019-12-22 01:40:24 - [TEST_STEP][PASSED] - setText(findTestObject("Page_Mattermost/input_All team communication in one place s_703ef5"), "dhieu@apcs.vn"): Text 'dhieu@apcs.vn' is set on object 'Object Repository/Page_Mattermost/input_All team communication in one place s_703ef5'

2019-12-22 01:40:28 - [MESSAGE][PASSED] - Text 'dhieu@apcs.vn' is set on object 'Object Repository/Page_Mattermost/input_All team communication in one place s_703ef5'

2019-12-22 01:40:28 - [TEST_STEP][PASSED] - setEncryptedText(findTestObject("Page_Mattermost/input_All team communication in one place s_2f2733"), "iGDxf8hSRT4="): Text ****** has been set on object 'Object Repository/Page_Mattermost/input_All team communication in one place s_2f2733'

2019-12-22 01:40:28 - [MESSAGE][PASSED] - Text ****** has been set on object 'Object Repository/Page_Mattermost/input_All team communication in one place s_2f2733'

2019-12-22 01:40:28 - [TEST_STEP][PASSED] - sendKeys(findTestObject("Page_Mattermost/input_All team communication in one place s_2f2733"), Keys.chord(ENTER)): Keys 'ENTER + ' sent to object: 'Object Repository/Page_Mattermost/input_All team communication in one place s_2f2733'

2019-12-22 01:40:29 - [MESSAGE][PASSED] - Keys 'ENTER + ' sent to object: 'Object Repository/Page_Mattermost/input_All team communication in one place s_2f2733'

2019-12-22 01:40:29 - [TEST_STEP][PASSED] - click(findTestObject("Object Repository/Page_Town Square - FirstTeam Mattermost/span_Off-Topic")): Object: 'Object Repository/Page_Town Square - FirstTeam Mattermost/span_Off-Topic' is clicked on

2019-12-22 01:40:34 - [MESSAGE][PASSED] - Object: 'Object Repository/Page_Town Square - FirstTeam Mattermost/span_Off-Topic' is clicked on

2019-12-22 01:40:34 - [TEST_STEP][PASSED] - click(findTestObject("Object Repository/Page_Off-Topic - FirstTeam Mattermost/span_Off-Topic_channelHeaderDropdownIcon")): Object: 'Object Repository/Page_Off-Topic - FirstTeam Mattermost/span_Off-Topic_channelHeaderDropdownIcon' is clicked on

2019-12-22 01:40:36 - [MESSAGE][PASSED] - Object: 'Object Repository/Page_Off-Topic - FirstTeam Mattermost/span_Off-Topic_channelHeaderDropdownIcon' is clicked on

2019-12-22 01:40:36 - [TEST_STEP][PASSED] - click(findTestObject("Object Repository/Page_Off-Topic - FirstTeam Mattermost/button_Notification Preferences")): Object: 'Object Repository/Page_Off-Topic - FirstTeam Mattermost/button_Notification Preferences' is clicked on

2019-12-22 01:40:37 - [MESSAGE][PASSED] - Object: 'Object Repository/Page_Off-Topic - FirstTeam Mattermost/button_Notification Preferences' is clicked on

2019-12-22 01:40:37 - [TEST_STEP][PASSED] - click(findTestObject("Object Repository/Page_Off-Topic - FirstTeam Mattermost/span_Edit")): Object: 'Object Repository/Page_Off-Topic - FirstTeam Mattermost/span_Edit' is clicked on

2019-12-22 01:40:38 - [MESSAGE][PASSED] - Object: 'Object Repository/Page_Off-Topic - FirstTeam Mattermost/span_Edit' is clicked on

2019-12-22 01:40:38 - [TEST_STEP][PASSED] - click(findTestObject("Object Repository/Page_Off-Topic - FirstTeam Mattermost/input_Mute channel_channelNotificationMute")): Object: 'Object Repository/Page_Off-Topic - FirstTeam Mattermost/input_Mute channel_channelNotificationMute' is clicked on

2019-12-22 01:40:38 - [MESSAGE][PASSED] - Object: 'Object Repository/Page_Off-Topic - FirstTeam Mattermost/input_Mute channel_channelNotificationMute' is clicked on

2019-12-22 01:40:38 - [TEST_STEP][PASSED] - click(findTestObject("Object Repository/Page_Off-Topic - FirstTeam Mattermost/span_Save")): Object: 'Object Repository/Page_Off-Topic - FirstTeam Mattermost/span_Save' is clicked on

2019-12-22 01:40:39 - [MESSAGE][PASSED] - Object: 'Object Repository/Page_Off-Topic - FirstTeam Mattermost/span_Save' is clicked on

2019-12-22 01:40:39 - [TEST_STEP][PASSED] - click(findTestObject("Object Repository/Page_Off-Topic - FirstTeam Mattermost/span_Edit")): Object: 'Object Repository/Page_Off-Topic - FirstTeam Mattermost/span_Edit' is clicked on

2019-12-22 01:40:39 - [MESSAGE][PASSED] - Object: 'Object Repository/Page_Off-Topic - FirstTeam Mattermost/span_Edit' is clicked on

2019-12-22 01:40:39 - [TEST_STEP][FAILED] - click(findTestObject("Object Repository/Page_Off-Topic - FirstTeam Mattermost/li_OnOffWhen enabled channel here and all w_65cb61")): Unable to click on object 'Object Repository/Page_Off-Topic - FirstTeam Mattermost/li_OnOffWhen enabled channel here and all w_65cb61' (Root cause: com.kms.katalon.core.exception.StepFailedException: Unable to click on object 'Object Repository/Page_Off-Topic - FirstTeam Mattermost/li_OnOffWhen enabled channel here and all w_65cb61'
	at com.kms.katalon.core.webui.keyword.internal.WebUIKeywordMain.stepFailed(WebUIKeywordMain.groovy:64)
	at com.kms.katalon.core.webui.keyword.internal.WebUIKeywordMain.runKeyword(WebUIKeywordMain.groovy:26)
	at com.kms.katalon.core.webui.keyword.builtin.ClickKeyword.click(ClickKeyword.groovy:102)
	at com.kms.katalon.core.webui.keyword.builtin.ClickKeyword.execute(ClickKeyword.groovy:43)
	at com.kms.katalon.core.keyword.internal.KeywordExecutor.executeKeywordForPlatform(KeywordExecutor.groovy:72)
	at com.kms.katalon.core.webui.keyword.WebUiBuiltInKeywords.click(WebUiBuiltInKeywords.groovy:616)
	at com.kms.katalon.core.webui.keyword.WebUiBuiltInKeywords$click$3.call(Unknown Source)
	at TestCase36EditNotificationPreferencesChannel.run(TestCase36EditNotificationPreferencesChannel:43)
	at com.kms.katalon.core.main.ScriptEngine.run(ScriptEngine.java:194)
	at com.kms.katalon.core.main.ScriptEngine.runScriptAsRawText(ScriptEngine.java:119)
	at com.kms.katalon.core.main.TestCaseExecutor.runScript(TestCaseExecutor.java:337)
	at com.kms.katalon.core.main.TestCaseExecutor.doExecute(TestCaseExecutor.java:328)
	at com.kms.katalon.core.main.TestCaseExecutor.processExecutionPhase(TestCaseExecutor.java:307)
	at com.kms.katalon.core.main.TestCaseExecutor.accessMainPhase(TestCaseExecutor.java:299)
	at com.kms.katalon.core.main.TestCaseExecutor.execute(TestCaseExecutor.java:233)
	at com.kms.katalon.core.main.TestSuiteExecutor.accessTestCaseMainPhase(TestSuiteExecutor.java:169)
	at com.kms.katalon.core.main.TestSuiteExecutor.accessTestSuiteMainPhase(TestSuiteExecutor.java:142)
	at com.kms.katalon.core.main.TestSuiteExecutor.execute(TestSuiteExecutor.java:91)
	at com.kms.katalon.core.main.TestCaseMain.startTestSuite(TestCaseMain.java:157)
	at com.kms.katalon.core.main.TestCaseMain$startTestSuite$0.call(Unknown Source)
	at TempTestSuite1576952307212.run(TempTestSuite1576952307212.groovy:36)
Caused by: com.kms.katalon.core.webui.exception.WebElementNotFoundException: Web element with id: 'Object Repository/Page_Off-Topic - FirstTeam Mattermost/li_OnOffWhen enabled channel here and all w_65cb61' located by 'By.xpath: (.//*[normalize-space(text()) and normalize-space(.)='Ignore mentions for @channel, @here and @all'])[1]/following::li[1]' not found
	at com.kms.katalon.core.webui.common.WebUiCommonHelper.findWebElement(WebUiCommonHelper.java:1154)
	at com.kms.katalon.core.webui.keyword.internal.WebUIAbstractKeyword.findWebElement(WebUIAbstractKeyword.groovy:27)
	at com.kms.katalon.core.webui.keyword.internal.WebUIAbstractKeyword.findWebElement(WebUIAbstractKeyword.groovy:26)
	at com.kms.katalon.core.webui.keyword.builtin.ClickKeyword$_click_closure1.doCall(ClickKeyword.groovy:67)
	at com.kms.katalon.core.webui.keyword.builtin.ClickKeyword$_click_closure1.call(ClickKeyword.groovy)
	at com.kms.katalon.core.webui.keyword.internal.WebUIKeywordMain.runKeyword(WebUIKeywordMain.groovy:20)
	at com.kms.katalon.core.webui.keyword.builtin.ClickKeyword.click(ClickKeyword.groovy:102)
	at com.kms.katalon.core.webui.keyword.builtin.ClickKeyword.execute(ClickKeyword.groovy:43)
	at com.kms.katalon.core.keyword.internal.KeywordExecutor.executeKeywordForPlatform(KeywordExecutor.groovy:72)
	at com.kms.katalon.core.webui.keyword.WebUiBuiltInKeywords.click(WebUiBuiltInKeywords.groovy:616)
	at com.kms.katalon.core.webui.keyword.WebUiBuiltInKeywords$click$3.call(Unknown Source)
	at Script1576918902343.run(Script1576918902343.groovy:43)
	... 13 more
)

2019-12-22 01:41:23 - [MESSAGE][INFO] - Unable to find the element located by 'By.xpath: (.//*[normalize-space(text()) and normalize-space(.)='Ignore mentions for @channel, @here and @all'])[1]/following::li[1]'. Please recheck the objects properties to make sure the desired element is located. 

2019-12-22 01:41:24 - [MESSAGE][FAILED] - Unable to click on object 'Object Repository/Page_Off-Topic - FirstTeam Mattermost/li_OnOffWhen enabled channel here and all w_65cb61' (Root cause: com.kms.katalon.core.exception.StepFailedException: Unable to click on object 'Object Repository/Page_Off-Topic - FirstTeam Mattermost/li_OnOffWhen enabled channel here and all w_65cb61'
	at com.kms.katalon.core.webui.keyword.internal.WebUIKeywordMain.stepFailed(WebUIKeywordMain.groovy:64)
	at com.kms.katalon.core.webui.keyword.internal.WebUIKeywordMain.runKeyword(WebUIKeywordMain.groovy:26)
	at com.kms.katalon.core.webui.keyword.builtin.ClickKeyword.click(ClickKeyword.groovy:102)
	at com.kms.katalon.core.webui.keyword.builtin.ClickKeyword.execute(ClickKeyword.groovy:43)
	at com.kms.katalon.core.keyword.internal.KeywordExecutor.executeKeywordForPlatform(KeywordExecutor.groovy:72)
	at com.kms.katalon.core.webui.keyword.WebUiBuiltInKeywords.click(WebUiBuiltInKeywords.groovy:616)
	at com.kms.katalon.core.webui.keyword.WebUiBuiltInKeywords$click$3.call(Unknown Source)
	at TestCase36EditNotificationPreferencesChannel.run(TestCase36EditNotificationPreferencesChannel:43)
	at com.kms.katalon.core.main.ScriptEngine.run(ScriptEngine.java:194)
	at com.kms.katalon.core.main.ScriptEngine.runScriptAsRawText(ScriptEngine.java:119)
	at com.kms.katalon.core.main.TestCaseExecutor.runScript(TestCaseExecutor.java:337)
	at com.kms.katalon.core.main.TestCaseExecutor.doExecute(TestCaseExecutor.java:328)
	at com.kms.katalon.core.main.TestCaseExecutor.processExecutionPhase(TestCaseExecutor.java:307)
	at com.kms.katalon.core.main.TestCaseExecutor.accessMainPhase(TestCaseExecutor.java:299)
	at com.kms.katalon.core.main.TestCaseExecutor.execute(TestCaseExecutor.java:233)
	at com.kms.katalon.core.main.TestSuiteExecutor.accessTestCaseMainPhase(TestSuiteExecutor.java:169)
	at com.kms.katalon.core.main.TestSuiteExecutor.accessTestSuiteMainPhase(TestSuiteExecutor.java:142)
	at com.kms.katalon.core.main.TestSuiteExecutor.execute(TestSuiteExecutor.java:91)
	at com.kms.katalon.core.main.TestCaseMain.startTestSuite(TestCaseMain.java:157)
	at com.kms.katalon.core.main.TestCaseMain$startTestSuite$0.call(Unknown Source)
	at TempTestSuite1576952307212.run(TempTestSuite1576952307212.groovy:36)
Caused by: com.kms.katalon.core.webui.exception.WebElementNotFoundException: Web element with id: 'Object Repository/Page_Off-Topic - FirstTeam Mattermost/li_OnOffWhen enabled channel here and all w_65cb61' located by 'By.xpath: (.//*[normalize-space(text()) and normalize-space(.)='Ignore mentions for @channel, @here and @all'])[1]/following::li[1]' not found
	at com.kms.katalon.core.webui.common.WebUiCommonHelper.findWebElement(WebUiCommonHelper.java:1154)
	at com.kms.katalon.core.webui.keyword.internal.WebUIAbstractKeyword.findWebElement(WebUIAbstractKeyword.groovy:27)
	at com.kms.katalon.core.webui.keyword.internal.WebUIAbstractKeyword.findWebElement(WebUIAbstractKeyword.groovy:26)
	at com.kms.katalon.core.webui.keyword.builtin.ClickKeyword$_click_closure1.doCall(ClickKeyword.groovy:67)
	at com.kms.katalon.core.webui.keyword.builtin.ClickKeyword$_click_closure1.call(ClickKeyword.groovy)
	at com.kms.katalon.core.webui.keyword.internal.WebUIKeywordMain.runKeyword(WebUIKeywordMain.groovy:20)
	at com.kms.katalon.core.webui.keyword.builtin.ClickKeyword.click(ClickKeyword.groovy:102)
	at com.kms.katalon.core.webui.keyword.builtin.ClickKeyword.execute(ClickKeyword.groovy:43)
	at com.kms.katalon.core.keyword.internal.KeywordExecutor.executeKeywordForPlatform(KeywordExecutor.groovy:72)
	at com.kms.katalon.core.webui.keyword.WebUiBuiltInKeywords.click(WebUiBuiltInKeywords.groovy:616)
	at com.kms.katalon.core.webui.keyword.WebUiBuiltInKeywords$click$3.call(Unknown Source)
	at Script1576918902343.run(Script1576918902343.groovy:43)
	... 13 more
)
[[ATTACHMENT|E:\\APCS\\2019-2020\\Term1\\CS300\\Github\\CS300AutomaticWebTesting\\Reports\\20191222_011827\\Run All Test Cases\\20191222_011827\\1576953683907.png]]]]></system-out>
         <system-err><![CDATA[2019-12-22 01:40:13 - [TEST_CASE][FAILED] - Test Cases/TestCase36EditNotificationPreferencesChannel: Test Cases/TestCase36EditNotificationPreferencesChannel FAILED.
Reason:
com.kms.katalon.core.exception.StepFailedException: Unable to click on object 'Object Repository/Page_Off-Topic - FirstTeam Mattermost/li_OnOffWhen enabled channel here and all w_65cb61'
	at com.kms.katalon.core.webui.keyword.internal.WebUIKeywordMain.stepFailed(WebUIKeywordMain.groovy:64)
	at com.kms.katalon.core.webui.keyword.internal.WebUIKeywordMain.runKeyword(WebUIKeywordMain.groovy:26)
	at com.kms.katalon.core.webui.keyword.builtin.ClickKeyword.click(ClickKeyword.groovy:102)
	at com.kms.katalon.core.webui.keyword.builtin.ClickKeyword.execute(ClickKeyword.groovy:43)
	at com.kms.katalon.core.keyword.internal.KeywordExecutor.executeKeywordForPlatform(KeywordExecutor.groovy:72)
	at com.kms.katalon.core.webui.keyword.WebUiBuiltInKeywords.click(WebUiBuiltInKeywords.groovy:616)
	at com.kms.katalon.core.webui.keyword.WebUiBuiltInKeywords$click$3.call(Unknown Source)
	at TestCase36EditNotificationPreferencesChannel.run(TestCase36EditNotificationPreferencesChannel:43)
	at com.kms.katalon.core.main.ScriptEngine.run(ScriptEngine.java:194)
	at com.kms.katalon.core.main.ScriptEngine.runScriptAsRawText(ScriptEngine.java:119)
	at com.kms.katalon.core.main.TestCaseExecutor.runScript(TestCaseExecutor.java:337)
	at com.kms.katalon.core.main.TestCaseExecutor.doExecute(TestCaseExecutor.java:328)
	at com.kms.katalon.core.main.TestCaseExecutor.processExecutionPhase(TestCaseExecutor.java:307)
	at com.kms.katalon.core.main.TestCaseExecutor.accessMainPhase(TestCaseExecutor.java:299)
	at com.kms.katalon.core.main.TestCaseExecutor.execute(TestCaseExecutor.java:233)
	at com.kms.katalon.core.main.TestSuiteExecutor.accessTestCaseMainPhase(TestSuiteExecutor.java:169)
	at com.kms.katalon.core.main.TestSuiteExecutor.accessTestSuiteMainPhase(TestSuiteExecutor.java:142)
	at com.kms.katalon.core.main.TestSuiteExecutor.execute(TestSuiteExecutor.java:91)
	at com.kms.katalon.core.main.TestCaseMain.startTestSuite(TestCaseMain.java:157)
	at com.kms.katalon.core.main.TestCaseMain$startTestSuite$0.call(Unknown Source)
	at TempTestSuite1576952307212.run(TempTestSuite1576952307212.groovy:36)
Caused by: com.kms.katalon.core.webui.exception.WebElementNotFoundException: Web element with id: 'Object Repository/Page_Off-Topic - FirstTeam Mattermost/li_OnOffWhen enabled channel here and all w_65cb61' located by 'By.xpath: (.//*[normalize-space(text()) and normalize-space(.)='Ignore mentions for @channel, @here and @all'])[1]/following::li[1]' not found
	at com.kms.katalon.core.webui.common.WebUiCommonHelper.findWebElement(WebUiCommonHelper.java:1154)
	at com.kms.katalon.core.webui.keyword.internal.WebUIAbstractKeyword.findWebElement(WebUIAbstractKeyword.groovy:27)
	at com.kms.katalon.core.webui.keyword.internal.WebUIAbstractKeyword.findWebElement(WebUIAbstractKeyword.groovy:26)
	at com.kms.katalon.core.webui.keyword.builtin.ClickKeyword$_click_closure1.doCall(ClickKeyword.groovy:67)
	at com.kms.katalon.core.webui.keyword.builtin.ClickKeyword$_click_closure1.call(ClickKeyword.groovy)
	at com.kms.katalon.core.webui.keyword.internal.WebUIKeywordMain.runKeyword(WebUIKeywordMain.groovy:20)
	... 19 more]]></system-err>
      </testcase>
      <testcase name="Test Cases/TestCase37SearchMessage" time="32.486" classname="Test Cases/TestCase37SearchMessage" status="PASSED">
         <system-out><![CDATA[2019-12-22 01:41:24 - [TEST_CASE][PASSED] - Test Cases/TestCase37SearchMessage: Test Cases/TestCase37SearchMessage

2019-12-22 01:41:24 - [TEST_STEP][PASSED] - openBrowser(""): Browser is opened with url: ''

2019-12-22 01:41:24 - [MESSAGE][WARNING] - A browser is already opened. Closing browser and opening a new one

2019-12-22 01:41:26 - [MESSAGE][INFO] - Starting 'Firefox' driver

2019-12-22 01:41:32 - [MESSAGE][PASSED] - Browser is opened with url: ''

2019-12-22 01:41:32 - [TEST_STEP][PASSED] - navigateToUrl("https://cs300testautomatic.herokuapp.com/"): Navigate to 'https://cs300testautomatic.herokuapp.com/' successfully

2019-12-22 01:41:36 - [MESSAGE][PASSED] - Navigate to 'https://cs300testautomatic.herokuapp.com/' successfully

2019-12-22 01:41:36 - [TEST_STEP][PASSED] - setText(findTestObject("Page_Mattermost/input_All team communication in one place s_703ef5 (37)"), "dhieu@apcs.vn"): Text 'dhieu@apcs.vn' is set on object 'Object Repository/Page_Mattermost/input_All team communication in one place s_703ef5 (37)'

2019-12-22 01:41:41 - [MESSAGE][PASSED] - Text 'dhieu@apcs.vn' is set on object 'Object Repository/Page_Mattermost/input_All team communication in one place s_703ef5 (37)'

2019-12-22 01:41:41 - [TEST_STEP][PASSED] - setEncryptedText(findTestObject("Page_Mattermost/input_All team communication in one place s_2f2733 (37)"), "iGDxf8hSRT4="): Text ****** has been set on object 'Object Repository/Page_Mattermost/input_All team communication in one place s_2f2733 (37)'

2019-12-22 01:41:42 - [MESSAGE][PASSED] - Text ****** has been set on object 'Object Repository/Page_Mattermost/input_All team communication in one place s_2f2733 (37)'

2019-12-22 01:41:42 - [TEST_STEP][PASSED] - click(findTestObject("Page_Mattermost/button_Sign in (25)")): Object: 'Object Repository/Page_Mattermost/button_Sign in (25)' is clicked on

2019-12-22 01:41:43 - [MESSAGE][PASSED] - Object: 'Object Repository/Page_Mattermost/button_Sign in (25)' is clicked on

2019-12-22 01:41:43 - [TEST_STEP][PASSED] - click(findTestObject("Object Repository/Page_Town Square - SecondTeam Mattermost/div_Se")): Object: 'Object Repository/Page_Town Square - SecondTeam Mattermost/div_Se' is clicked on

2019-12-22 01:41:47 - [MESSAGE][PASSED] - Object: 'Object Repository/Page_Town Square - SecondTeam Mattermost/div_Se' is clicked on

2019-12-22 01:41:47 - [TEST_STEP][PASSED] - click(findTestObject("Object Repository/Page_Town Square - SecondTeam Mattermost/form_Search OptionsUse quotation marks to s_06ef4b")): Object: 'Object Repository/Page_Town Square - SecondTeam Mattermost/form_Search OptionsUse quotation marks to s_06ef4b' is clicked on

2019-12-22 01:41:49 - [MESSAGE][PASSED] - Object: 'Object Repository/Page_Town Square - SecondTeam Mattermost/form_Search OptionsUse quotation marks to s_06ef4b' is clicked on

2019-12-22 01:41:49 - [TEST_STEP][PASSED] - setText(findTestObject("Object Repository/Page_Town Square - SecondTeam Mattermost/input_Add a channel description_searchBox"), "i search chat"): Text 'i search chat' is set on object 'Object Repository/Page_Town Square - SecondTeam Mattermost/input_Add a channel description_searchBox'

2019-12-22 01:41:49 - [MESSAGE][PASSED] - Text 'i search chat' is set on object 'Object Repository/Page_Town Square - SecondTeam Mattermost/input_Add a channel description_searchBox'

2019-12-22 01:41:49 - [TEST_STEP][PASSED] - sendKeys(findTestObject("Object Repository/Page_Town Square - SecondTeam Mattermost/input_Add a channel description_searchBox"), Keys.chord(ENTER)): Keys 'ENTER + ' sent to object: 'Object Repository/Page_Town Square - SecondTeam Mattermost/input_Add a channel description_searchBox'

2019-12-22 01:41:50 - [MESSAGE][PASSED] - Keys 'ENTER + ' sent to object: 'Object Repository/Page_Town Square - SecondTeam Mattermost/input_Add a channel description_searchBox'

2019-12-22 01:41:50 - [TEST_STEP][PASSED] - click(findTestObject("Object Repository/Page_Town Square - SecondTeam Mattermost/i_Search Results_fa fa-sign-out")): Object: 'Object Repository/Page_Town Square - SecondTeam Mattermost/i_Search Results_fa fa-sign-out' is clicked on

2019-12-22 01:41:51 - [MESSAGE][PASSED] - Object: 'Object Repository/Page_Town Square - SecondTeam Mattermost/i_Search Results_fa fa-sign-out' is clicked on

2019-12-22 01:41:51 - [TEST_STEP][PASSED] - closeBrowser(): Browser is closed

2019-12-22 01:41:56 - [MESSAGE][PASSED] - Browser is closed]]></system-out>
         <system-err><![CDATA[]]></system-err>
      </testcase>
      <testcase name="Test Cases/TestCase38AddHeaderDirectMessage" time="64.828" classname="Test Cases/TestCase38AddHeaderDirectMessage" status="FAILED">
         <failure type="FAILED" message="Test Cases/TestCase38AddHeaderDirectMessage FAILED.
Reason:
com.kms.katalon.core.exception.StepFailedException: Unable to click on object 'Object Repository/Page_duy giabeuu surveybot - FirstTeam Mattermost/span_Add a channel description'
	at com.kms.katalon.core.webui.keyword.internal.WebUIKeywordMain.stepFailed(WebUIKeywordMain.groovy:64)
	at com.kms.katalon.core.webui.keyword.internal.WebUIKeywordMain.runKeyword(WebUIKeywordMain.groovy:26)
	at com.kms.katalon.core.webui.keyword.builtin.ClickKeyword.click(ClickKeyword.groovy:102)
	at com.kms.katalon.core.webui.keyword.builtin.ClickKeyword.execute(ClickKeyword.groovy:43)
	at com.kms.katalon.core.keyword.internal.KeywordExecutor.executeKeywordForPlatform(KeywordExecutor.groovy:72)
	at com.kms.katalon.core.webui.keyword.WebUiBuiltInKeywords.click(WebUiBuiltInKeywords.groovy:616)
	at com.kms.katalon.core.webui.keyword.WebUiBuiltInKeywords$click$3.call(Unknown Source)
	at TestCase38AddHeaderDirectMessage.run(TestCase38AddHeaderDirectMessage:31)
	at com.kms.katalon.core.main.ScriptEngine.run(ScriptEngine.java:194)
	at com.kms.katalon.core.main.ScriptEngine.runScriptAsRawText(ScriptEngine.java:119)
	at com.kms.katalon.core.main.TestCaseExecutor.runScript(TestCaseExecutor.java:337)
	at com.kms.katalon.core.main.TestCaseExecutor.doExecute(TestCaseExecutor.java:328)
	at com.kms.katalon.core.main.TestCaseExecutor.processExecutionPhase(TestCaseExecutor.java:307)
	at com.kms.katalon.core.main.TestCaseExecutor.accessMainPhase(TestCaseExecutor.java:299)
	at com.kms.katalon.core.main.TestCaseExecutor.execute(TestCaseExecutor.java:233)
	at com.kms.katalon.core.main.TestSuiteExecutor.accessTestCaseMainPhase(TestSuiteExecutor.java:169)
	at com.kms.katalon.core.main.TestSuiteExecutor.accessTestSuiteMainPhase(TestSuiteExecutor.java:142)
	at com.kms.katalon.core.main.TestSuiteExecutor.execute(TestSuiteExecutor.java:91)
	at com.kms.katalon.core.main.TestCaseMain.startTestSuite(TestCaseMain.java:157)
	at com.kms.katalon.core.main.TestCaseMain$startTestSuite$0.call(Unknown Source)
	at TempTestSuite1576952307212.run(TempTestSuite1576952307212.groovy:36)
Caused by: com.kms.katalon.core.webui.exception.WebElementNotFoundException: Web element with id: 'Object Repository/Page_duy giabeuu surveybot - FirstTeam Mattermost/span_Add a channel description' located by 'By.xpath: //div[@id='channelHeaderDescription']/button/span' not found
	at com.kms.katalon.core.webui.common.WebUiCommonHelper.findWebElement(WebUiCommonHelper.java:1154)
	at com.kms.katalon.core.webui.keyword.internal.WebUIAbstractKeyword.findWebElement(WebUIAbstractKeyword.groovy:27)
	at com.kms.katalon.core.webui.keyword.internal.WebUIAbstractKeyword.findWebElement(WebUIAbstractKeyword.groovy:26)
	at com.kms.katalon.core.webui.keyword.builtin.ClickKeyword$_click_closure1.doCall(ClickKeyword.groovy:67)
	at com.kms.katalon.core.webui.keyword.builtin.ClickKeyword$_click_closure1.call(ClickKeyword.groovy)
	at com.kms.katalon.core.webui.keyword.internal.WebUIKeywordMain.runKeyword(WebUIKeywordMain.groovy:20)
	... 19 more
"/>
         <system-out><![CDATA[2019-12-22 01:41:56 - [TEST_CASE][FAILED] - Test Cases/TestCase38AddHeaderDirectMessage: Test Cases/TestCase38AddHeaderDirectMessage FAILED.
Reason:
com.kms.katalon.core.exception.StepFailedException: Unable to click on object 'Object Repository/Page_duy giabeuu surveybot - FirstTeam Mattermost/span_Add a channel description'
	at com.kms.katalon.core.webui.keyword.internal.WebUIKeywordMain.stepFailed(WebUIKeywordMain.groovy:64)
	at com.kms.katalon.core.webui.keyword.internal.WebUIKeywordMain.runKeyword(WebUIKeywordMain.groovy:26)
	at com.kms.katalon.core.webui.keyword.builtin.ClickKeyword.click(ClickKeyword.groovy:102)
	at com.kms.katalon.core.webui.keyword.builtin.ClickKeyword.execute(ClickKeyword.groovy:43)
	at com.kms.katalon.core.keyword.internal.KeywordExecutor.executeKeywordForPlatform(KeywordExecutor.groovy:72)
	at com.kms.katalon.core.webui.keyword.WebUiBuiltInKeywords.click(WebUiBuiltInKeywords.groovy:616)
	at com.kms.katalon.core.webui.keyword.WebUiBuiltInKeywords$click$3.call(Unknown Source)
	at TestCase38AddHeaderDirectMessage.run(TestCase38AddHeaderDirectMessage:31)
	at com.kms.katalon.core.main.ScriptEngine.run(ScriptEngine.java:194)
	at com.kms.katalon.core.main.ScriptEngine.runScriptAsRawText(ScriptEngine.java:119)
	at com.kms.katalon.core.main.TestCaseExecutor.runScript(TestCaseExecutor.java:337)
	at com.kms.katalon.core.main.TestCaseExecutor.doExecute(TestCaseExecutor.java:328)
	at com.kms.katalon.core.main.TestCaseExecutor.processExecutionPhase(TestCaseExecutor.java:307)
	at com.kms.katalon.core.main.TestCaseExecutor.accessMainPhase(TestCaseExecutor.java:299)
	at com.kms.katalon.core.main.TestCaseExecutor.execute(TestCaseExecutor.java:233)
	at com.kms.katalon.core.main.TestSuiteExecutor.accessTestCaseMainPhase(TestSuiteExecutor.java:169)
	at com.kms.katalon.core.main.TestSuiteExecutor.accessTestSuiteMainPhase(TestSuiteExecutor.java:142)
	at com.kms.katalon.core.main.TestSuiteExecutor.execute(TestSuiteExecutor.java:91)
	at com.kms.katalon.core.main.TestCaseMain.startTestSuite(TestCaseMain.java:157)
	at com.kms.katalon.core.main.TestCaseMain$startTestSuite$0.call(Unknown Source)
	at TempTestSuite1576952307212.run(TempTestSuite1576952307212.groovy:36)
Caused by: com.kms.katalon.core.webui.exception.WebElementNotFoundException: Web element with id: 'Object Repository/Page_duy giabeuu surveybot - FirstTeam Mattermost/span_Add a channel description' located by 'By.xpath: //div[@id='channelHeaderDescription']/button/span' not found
	at com.kms.katalon.core.webui.common.WebUiCommonHelper.findWebElement(WebUiCommonHelper.java:1154)
	at com.kms.katalon.core.webui.keyword.internal.WebUIAbstractKeyword.findWebElement(WebUIAbstractKeyword.groovy:27)
	at com.kms.katalon.core.webui.keyword.internal.WebUIAbstractKeyword.findWebElement(WebUIAbstractKeyword.groovy:26)
	at com.kms.katalon.core.webui.keyword.builtin.ClickKeyword$_click_closure1.doCall(ClickKeyword.groovy:67)
	at com.kms.katalon.core.webui.keyword.builtin.ClickKeyword$_click_closure1.call(ClickKeyword.groovy)
	at com.kms.katalon.core.webui.keyword.internal.WebUIKeywordMain.runKeyword(WebUIKeywordMain.groovy:20)
	... 19 more


2019-12-22 01:41:56 - [TEST_STEP][PASSED] - openBrowser(""): Browser is opened with url: ''

2019-12-22 01:41:56 - [MESSAGE][INFO] - Starting 'Firefox' driver

2019-12-22 01:42:02 - [MESSAGE][PASSED] - Browser is opened with url: ''

2019-12-22 01:42:02 - [TEST_STEP][PASSED] - navigateToUrl("https://cs300testautomatic.herokuapp.com/"): Navigate to 'https://cs300testautomatic.herokuapp.com/' successfully

2019-12-22 01:42:06 - [MESSAGE][PASSED] - Navigate to 'https://cs300testautomatic.herokuapp.com/' successfully

2019-12-22 01:42:06 - [TEST_STEP][PASSED] - setText(findTestObject("Page_Mattermost/input_All team communication in one place s_703ef5"), "dhieu@apcs.vn"): Text 'dhieu@apcs.vn' is set on object 'Object Repository/Page_Mattermost/input_All team communication in one place s_703ef5'

2019-12-22 01:42:11 - [MESSAGE][PASSED] - Text 'dhieu@apcs.vn' is set on object 'Object Repository/Page_Mattermost/input_All team communication in one place s_703ef5'

2019-12-22 01:42:11 - [TEST_STEP][PASSED] - setEncryptedText(findTestObject("Page_Mattermost/input_All team communication in one place s_2f2733"), "iGDxf8hSRT4="): Text ****** has been set on object 'Object Repository/Page_Mattermost/input_All team communication in one place s_2f2733'

2019-12-22 01:42:11 - [MESSAGE][PASSED] - Text ****** has been set on object 'Object Repository/Page_Mattermost/input_All team communication in one place s_2f2733'

2019-12-22 01:42:11 - [TEST_STEP][PASSED] - sendKeys(findTestObject("Page_Mattermost/input_All team communication in one place s_2f2733"), Keys.chord(ENTER)): Keys 'ENTER + ' sent to object: 'Object Repository/Page_Mattermost/input_All team communication in one place s_2f2733'

2019-12-22 01:42:12 - [MESSAGE][PASSED] - Keys 'ENTER + ' sent to object: 'Object Repository/Page_Mattermost/input_All team communication in one place s_2f2733'

2019-12-22 01:42:12 - [TEST_STEP][PASSED] - click(findTestObject("Object Repository/Page_Town Square - FirstTeam Mattermost/span_duy giabeuu surveybot")): Object: 'Object Repository/Page_Town Square - FirstTeam Mattermost/span_duy giabeuu surveybot' is clicked on

2019-12-22 01:42:16 - [MESSAGE][PASSED] - Object: 'Object Repository/Page_Town Square - FirstTeam Mattermost/span_duy giabeuu surveybot' is clicked on

2019-12-22 01:42:16 - [TEST_STEP][FAILED] - click(findTestObject("Object Repository/Page_duy giabeuu surveybot - FirstTeam Mattermost/span_Add a channel description")): Unable to click on object 'Object Repository/Page_duy giabeuu surveybot - FirstTeam Mattermost/span_Add a channel description' (Root cause: com.kms.katalon.core.exception.StepFailedException: Unable to click on object 'Object Repository/Page_duy giabeuu surveybot - FirstTeam Mattermost/span_Add a channel description'
	at com.kms.katalon.core.webui.keyword.internal.WebUIKeywordMain.stepFailed(WebUIKeywordMain.groovy:64)
	at com.kms.katalon.core.webui.keyword.internal.WebUIKeywordMain.runKeyword(WebUIKeywordMain.groovy:26)
	at com.kms.katalon.core.webui.keyword.builtin.ClickKeyword.click(ClickKeyword.groovy:102)
	at com.kms.katalon.core.webui.keyword.builtin.ClickKeyword.execute(ClickKeyword.groovy:43)
	at com.kms.katalon.core.keyword.internal.KeywordExecutor.executeKeywordForPlatform(KeywordExecutor.groovy:72)
	at com.kms.katalon.core.webui.keyword.WebUiBuiltInKeywords.click(WebUiBuiltInKeywords.groovy:616)
	at com.kms.katalon.core.webui.keyword.WebUiBuiltInKeywords$click$3.call(Unknown Source)
	at TestCase38AddHeaderDirectMessage.run(TestCase38AddHeaderDirectMessage:31)
	at com.kms.katalon.core.main.ScriptEngine.run(ScriptEngine.java:194)
	at com.kms.katalon.core.main.ScriptEngine.runScriptAsRawText(ScriptEngine.java:119)
	at com.kms.katalon.core.main.TestCaseExecutor.runScript(TestCaseExecutor.java:337)
	at com.kms.katalon.core.main.TestCaseExecutor.doExecute(TestCaseExecutor.java:328)
	at com.kms.katalon.core.main.TestCaseExecutor.processExecutionPhase(TestCaseExecutor.java:307)
	at com.kms.katalon.core.main.TestCaseExecutor.accessMainPhase(TestCaseExecutor.java:299)
	at com.kms.katalon.core.main.TestCaseExecutor.execute(TestCaseExecutor.java:233)
	at com.kms.katalon.core.main.TestSuiteExecutor.accessTestCaseMainPhase(TestSuiteExecutor.java:169)
	at com.kms.katalon.core.main.TestSuiteExecutor.accessTestSuiteMainPhase(TestSuiteExecutor.java:142)
	at com.kms.katalon.core.main.TestSuiteExecutor.execute(TestSuiteExecutor.java:91)
	at com.kms.katalon.core.main.TestCaseMain.startTestSuite(TestCaseMain.java:157)
	at com.kms.katalon.core.main.TestCaseMain$startTestSuite$0.call(Unknown Source)
	at TempTestSuite1576952307212.run(TempTestSuite1576952307212.groovy:36)
Caused by: com.kms.katalon.core.webui.exception.WebElementNotFoundException: Web element with id: 'Object Repository/Page_duy giabeuu surveybot - FirstTeam Mattermost/span_Add a channel description' located by 'By.xpath: //div[@id='channelHeaderDescription']/button/span' not found
	at com.kms.katalon.core.webui.common.WebUiCommonHelper.findWebElement(WebUiCommonHelper.java:1154)
	at com.kms.katalon.core.webui.keyword.internal.WebUIAbstractKeyword.findWebElement(WebUIAbstractKeyword.groovy:27)
	at com.kms.katalon.core.webui.keyword.internal.WebUIAbstractKeyword.findWebElement(WebUIAbstractKeyword.groovy:26)
	at com.kms.katalon.core.webui.keyword.builtin.ClickKeyword$_click_closure1.doCall(ClickKeyword.groovy:67)
	at com.kms.katalon.core.webui.keyword.builtin.ClickKeyword$_click_closure1.call(ClickKeyword.groovy)
	at com.kms.katalon.core.webui.keyword.internal.WebUIKeywordMain.runKeyword(WebUIKeywordMain.groovy:20)
	at com.kms.katalon.core.webui.keyword.builtin.ClickKeyword.click(ClickKeyword.groovy:102)
	at com.kms.katalon.core.webui.keyword.builtin.ClickKeyword.execute(ClickKeyword.groovy:43)
	at com.kms.katalon.core.keyword.internal.KeywordExecutor.executeKeywordForPlatform(KeywordExecutor.groovy:72)
	at com.kms.katalon.core.webui.keyword.WebUiBuiltInKeywords.click(WebUiBuiltInKeywords.groovy:616)
	at com.kms.katalon.core.webui.keyword.WebUiBuiltInKeywords$click$3.call(Unknown Source)
	at Script1576918928660.run(Script1576918928660.groovy:31)
	... 13 more
)

2019-12-22 01:43:01 - [MESSAGE][INFO] - Unable to find the element located by 'By.xpath: //div[@id='channelHeaderDescription']/button/span'. Please recheck the objects properties to make sure the desired element is located. 

2019-12-22 01:43:01 - [MESSAGE][FAILED] - Unable to click on object 'Object Repository/Page_duy giabeuu surveybot - FirstTeam Mattermost/span_Add a channel description' (Root cause: com.kms.katalon.core.exception.StepFailedException: Unable to click on object 'Object Repository/Page_duy giabeuu surveybot - FirstTeam Mattermost/span_Add a channel description'
	at com.kms.katalon.core.webui.keyword.internal.WebUIKeywordMain.stepFailed(WebUIKeywordMain.groovy:64)
	at com.kms.katalon.core.webui.keyword.internal.WebUIKeywordMain.runKeyword(WebUIKeywordMain.groovy:26)
	at com.kms.katalon.core.webui.keyword.builtin.ClickKeyword.click(ClickKeyword.groovy:102)
	at com.kms.katalon.core.webui.keyword.builtin.ClickKeyword.execute(ClickKeyword.groovy:43)
	at com.kms.katalon.core.keyword.internal.KeywordExecutor.executeKeywordForPlatform(KeywordExecutor.groovy:72)
	at com.kms.katalon.core.webui.keyword.WebUiBuiltInKeywords.click(WebUiBuiltInKeywords.groovy:616)
	at com.kms.katalon.core.webui.keyword.WebUiBuiltInKeywords$click$3.call(Unknown Source)
	at TestCase38AddHeaderDirectMessage.run(TestCase38AddHeaderDirectMessage:31)
	at com.kms.katalon.core.main.ScriptEngine.run(ScriptEngine.java:194)
	at com.kms.katalon.core.main.ScriptEngine.runScriptAsRawText(ScriptEngine.java:119)
	at com.kms.katalon.core.main.TestCaseExecutor.runScript(TestCaseExecutor.java:337)
	at com.kms.katalon.core.main.TestCaseExecutor.doExecute(TestCaseExecutor.java:328)
	at com.kms.katalon.core.main.TestCaseExecutor.processExecutionPhase(TestCaseExecutor.java:307)
	at com.kms.katalon.core.main.TestCaseExecutor.accessMainPhase(TestCaseExecutor.java:299)
	at com.kms.katalon.core.main.TestCaseExecutor.execute(TestCaseExecutor.java:233)
	at com.kms.katalon.core.main.TestSuiteExecutor.accessTestCaseMainPhase(TestSuiteExecutor.java:169)
	at com.kms.katalon.core.main.TestSuiteExecutor.accessTestSuiteMainPhase(TestSuiteExecutor.java:142)
	at com.kms.katalon.core.main.TestSuiteExecutor.execute(TestSuiteExecutor.java:91)
	at com.kms.katalon.core.main.TestCaseMain.startTestSuite(TestCaseMain.java:157)
	at com.kms.katalon.core.main.TestCaseMain$startTestSuite$0.call(Unknown Source)
	at TempTestSuite1576952307212.run(TempTestSuite1576952307212.groovy:36)
Caused by: com.kms.katalon.core.webui.exception.WebElementNotFoundException: Web element with id: 'Object Repository/Page_duy giabeuu surveybot - FirstTeam Mattermost/span_Add a channel description' located by 'By.xpath: //div[@id='channelHeaderDescription']/button/span' not found
	at com.kms.katalon.core.webui.common.WebUiCommonHelper.findWebElement(WebUiCommonHelper.java:1154)
	at com.kms.katalon.core.webui.keyword.internal.WebUIAbstractKeyword.findWebElement(WebUIAbstractKeyword.groovy:27)
	at com.kms.katalon.core.webui.keyword.internal.WebUIAbstractKeyword.findWebElement(WebUIAbstractKeyword.groovy:26)
	at com.kms.katalon.core.webui.keyword.builtin.ClickKeyword$_click_closure1.doCall(ClickKeyword.groovy:67)
	at com.kms.katalon.core.webui.keyword.builtin.ClickKeyword$_click_closure1.call(ClickKeyword.groovy)
	at com.kms.katalon.core.webui.keyword.internal.WebUIKeywordMain.runKeyword(WebUIKeywordMain.groovy:20)
	at com.kms.katalon.core.webui.keyword.builtin.ClickKeyword.click(ClickKeyword.groovy:102)
	at com.kms.katalon.core.webui.keyword.builtin.ClickKeyword.execute(ClickKeyword.groovy:43)
	at com.kms.katalon.core.keyword.internal.KeywordExecutor.executeKeywordForPlatform(KeywordExecutor.groovy:72)
	at com.kms.katalon.core.webui.keyword.WebUiBuiltInKeywords.click(WebUiBuiltInKeywords.groovy:616)
	at com.kms.katalon.core.webui.keyword.WebUiBuiltInKeywords$click$3.call(Unknown Source)
	at Script1576918928660.run(Script1576918928660.groovy:31)
	... 13 more
)
[[ATTACHMENT|E:\\APCS\\2019-2020\\Term1\\CS300\\Github\\CS300AutomaticWebTesting\\Reports\\20191222_011827\\Run All Test Cases\\20191222_011827\\1576953781207.png]]]]></system-out>
         <system-err><![CDATA[2019-12-22 01:41:56 - [TEST_CASE][FAILED] - Test Cases/TestCase38AddHeaderDirectMessage: Test Cases/TestCase38AddHeaderDirectMessage FAILED.
Reason:
com.kms.katalon.core.exception.StepFailedException: Unable to click on object 'Object Repository/Page_duy giabeuu surveybot - FirstTeam Mattermost/span_Add a channel description'
	at com.kms.katalon.core.webui.keyword.internal.WebUIKeywordMain.stepFailed(WebUIKeywordMain.groovy:64)
	at com.kms.katalon.core.webui.keyword.internal.WebUIKeywordMain.runKeyword(WebUIKeywordMain.groovy:26)
	at com.kms.katalon.core.webui.keyword.builtin.ClickKeyword.click(ClickKeyword.groovy:102)
	at com.kms.katalon.core.webui.keyword.builtin.ClickKeyword.execute(ClickKeyword.groovy:43)
	at com.kms.katalon.core.keyword.internal.KeywordExecutor.executeKeywordForPlatform(KeywordExecutor.groovy:72)
	at com.kms.katalon.core.webui.keyword.WebUiBuiltInKeywords.click(WebUiBuiltInKeywords.groovy:616)
	at com.kms.katalon.core.webui.keyword.WebUiBuiltInKeywords$click$3.call(Unknown Source)
	at TestCase38AddHeaderDirectMessage.run(TestCase38AddHeaderDirectMessage:31)
	at com.kms.katalon.core.main.ScriptEngine.run(ScriptEngine.java:194)
	at com.kms.katalon.core.main.ScriptEngine.runScriptAsRawText(ScriptEngine.java:119)
	at com.kms.katalon.core.main.TestCaseExecutor.runScript(TestCaseExecutor.java:337)
	at com.kms.katalon.core.main.TestCaseExecutor.doExecute(TestCaseExecutor.java:328)
	at com.kms.katalon.core.main.TestCaseExecutor.processExecutionPhase(TestCaseExecutor.java:307)
	at com.kms.katalon.core.main.TestCaseExecutor.accessMainPhase(TestCaseExecutor.java:299)
	at com.kms.katalon.core.main.TestCaseExecutor.execute(TestCaseExecutor.java:233)
	at com.kms.katalon.core.main.TestSuiteExecutor.accessTestCaseMainPhase(TestSuiteExecutor.java:169)
	at com.kms.katalon.core.main.TestSuiteExecutor.accessTestSuiteMainPhase(TestSuiteExecutor.java:142)
	at com.kms.katalon.core.main.TestSuiteExecutor.execute(TestSuiteExecutor.java:91)
	at com.kms.katalon.core.main.TestCaseMain.startTestSuite(TestCaseMain.java:157)
	at com.kms.katalon.core.main.TestCaseMain$startTestSuite$0.call(Unknown Source)
	at TempTestSuite1576952307212.run(TempTestSuite1576952307212.groovy:36)
Caused by: com.kms.katalon.core.webui.exception.WebElementNotFoundException: Web element with id: 'Object Repository/Page_duy giabeuu surveybot - FirstTeam Mattermost/span_Add a channel description' located by 'By.xpath: //div[@id='channelHeaderDescription']/button/span' not found
	at com.kms.katalon.core.webui.common.WebUiCommonHelper.findWebElement(WebUiCommonHelper.java:1154)
	at com.kms.katalon.core.webui.keyword.internal.WebUIAbstractKeyword.findWebElement(WebUIAbstractKeyword.groovy:27)
	at com.kms.katalon.core.webui.keyword.internal.WebUIAbstractKeyword.findWebElement(WebUIAbstractKeyword.groovy:26)
	at com.kms.katalon.core.webui.keyword.builtin.ClickKeyword$_click_closure1.doCall(ClickKeyword.groovy:67)
	at com.kms.katalon.core.webui.keyword.builtin.ClickKeyword$_click_closure1.call(ClickKeyword.groovy)
	at com.kms.katalon.core.webui.keyword.internal.WebUIKeywordMain.runKeyword(WebUIKeywordMain.groovy:20)
	... 19 more]]></system-err>
      </testcase>
      <testcase name="Test Cases/TestCase39EditHeaderDirectMessage" time="32.331" classname="Test Cases/TestCase39EditHeaderDirectMessage" status="PASSED">
         <system-out><![CDATA[2019-12-22 01:43:01 - [TEST_CASE][PASSED] - Test Cases/TestCase39EditHeaderDirectMessage: Test Cases/TestCase39EditHeaderDirectMessage

2019-12-22 01:43:01 - [TEST_STEP][PASSED] - openBrowser(""): Browser is opened with url: ''

2019-12-22 01:43:01 - [MESSAGE][WARNING] - A browser is already opened. Closing browser and opening a new one

2019-12-22 01:43:04 - [MESSAGE][INFO] - Starting 'Firefox' driver

2019-12-22 01:43:09 - [MESSAGE][PASSED] - Browser is opened with url: ''

2019-12-22 01:43:09 - [TEST_STEP][PASSED] - navigateToUrl("https://cs300testautomatic.herokuapp.com/"): Navigate to 'https://cs300testautomatic.herokuapp.com/' successfully

2019-12-22 01:43:14 - [MESSAGE][PASSED] - Navigate to 'https://cs300testautomatic.herokuapp.com/' successfully

2019-12-22 01:43:14 - [TEST_STEP][PASSED] - setText(findTestObject("Page_Mattermost/input_All team communication in one place s_703ef5"), "dhieu@apcs.vn"): Text 'dhieu@apcs.vn' is set on object 'Object Repository/Page_Mattermost/input_All team communication in one place s_703ef5'

2019-12-22 01:43:18 - [MESSAGE][PASSED] - Text 'dhieu@apcs.vn' is set on object 'Object Repository/Page_Mattermost/input_All team communication in one place s_703ef5'

2019-12-22 01:43:18 - [TEST_STEP][PASSED] - setEncryptedText(findTestObject("Page_Mattermost/input_All team communication in one place s_2f2733"), "iGDxf8hSRT4="): Text ****** has been set on object 'Object Repository/Page_Mattermost/input_All team communication in one place s_2f2733'

2019-12-22 01:43:18 - [MESSAGE][PASSED] - Text ****** has been set on object 'Object Repository/Page_Mattermost/input_All team communication in one place s_2f2733'

2019-12-22 01:43:18 - [TEST_STEP][PASSED] - sendKeys(findTestObject("Page_Mattermost/input_All team communication in one place s_2f2733"), Keys.chord(ENTER)): Keys 'ENTER + ' sent to object: 'Object Repository/Page_Mattermost/input_All team communication in one place s_2f2733'

2019-12-22 01:43:19 - [MESSAGE][PASSED] - Keys 'ENTER + ' sent to object: 'Object Repository/Page_Mattermost/input_All team communication in one place s_2f2733'

2019-12-22 01:43:19 - [TEST_STEP][PASSED] - click(findTestObject("Page_Town Square - FirstTeam Mattermost/span_duy giabeuu surveybot")): Object: 'Object Repository/Page_Town Square - FirstTeam Mattermost/span_duy giabeuu surveybot' is clicked on

2019-12-22 01:43:23 - [MESSAGE][PASSED] - Object: 'Object Repository/Page_Town Square - FirstTeam Mattermost/span_duy giabeuu surveybot' is clicked on

2019-12-22 01:43:23 - [TEST_STEP][PASSED] - click(findTestObject("Object Repository/Page_duy giabeuu surveybot - FirstTeam Mattermost/span_duy giabeuu surveybot_channelHeaderDro_428392")): Object: 'Object Repository/Page_duy giabeuu surveybot - FirstTeam Mattermost/span_duy giabeuu surveybot_channelHeaderDro_428392' is clicked on

2019-12-22 01:43:24 - [MESSAGE][PASSED] - Object: 'Object Repository/Page_duy giabeuu surveybot - FirstTeam Mattermost/span_duy giabeuu surveybot_channelHeaderDro_428392' is clicked on

2019-12-22 01:43:24 - [TEST_STEP][PASSED] - click(findTestObject("Object Repository/Page_duy giabeuu surveybot - FirstTeam Mattermost/button_Edit Channel Header")): Object: 'Object Repository/Page_duy giabeuu surveybot - FirstTeam Mattermost/button_Edit Channel Header' is clicked on

2019-12-22 01:43:25 - [MESSAGE][PASSED] - Object: 'Object Repository/Page_duy giabeuu surveybot - FirstTeam Mattermost/button_Edit Channel Header' is clicked on

2019-12-22 01:43:25 - [TEST_STEP][PASSED] - setText(findTestObject("Object Repository/Page_duy giabeuu surveybot - FirstTeam Mattermost/textarea_Edited"), "Edited "): Text 'Edited ' is set on object 'Object Repository/Page_duy giabeuu surveybot - FirstTeam Mattermost/textarea_Edited'

2019-12-22 01:43:25 - [MESSAGE][PASSED] - Text 'Edited ' is set on object 'Object Repository/Page_duy giabeuu surveybot - FirstTeam Mattermost/textarea_Edited'

2019-12-22 01:43:25 - [TEST_STEP][PASSED] - setText(findTestObject("Object Repository/Page_duy giabeuu surveybot - FirstTeam Mattermost/textarea_Edited_1"), "Edited a"): Text 'Edited a' is set on object 'Object Repository/Page_duy giabeuu surveybot - FirstTeam Mattermost/textarea_Edited_1'

2019-12-22 01:43:26 - [MESSAGE][PASSED] - Text 'Edited a' is set on object 'Object Repository/Page_duy giabeuu surveybot - FirstTeam Mattermost/textarea_Edited_1'

2019-12-22 01:43:26 - [TEST_STEP][PASSED] - setText(findTestObject("Object Repository/Page_duy giabeuu surveybot - FirstTeam Mattermost/textarea_Edited a"), "Edited ag"): Text 'Edited ag' is set on object 'Object Repository/Page_duy giabeuu surveybot - FirstTeam Mattermost/textarea_Edited a'

2019-12-22 01:43:26 - [MESSAGE][PASSED] - Text 'Edited ag' is set on object 'Object Repository/Page_duy giabeuu surveybot - FirstTeam Mattermost/textarea_Edited a'

2019-12-22 01:43:26 - [TEST_STEP][PASSED] - setText(findTestObject("Object Repository/Page_duy giabeuu surveybot - FirstTeam Mattermost/textarea_Edited ag"), "Edited aga"): Text 'Edited aga' is set on object 'Object Repository/Page_duy giabeuu surveybot - FirstTeam Mattermost/textarea_Edited ag'

2019-12-22 01:43:27 - [MESSAGE][PASSED] - Text 'Edited aga' is set on object 'Object Repository/Page_duy giabeuu surveybot - FirstTeam Mattermost/textarea_Edited ag'

2019-12-22 01:43:27 - [TEST_STEP][PASSED] - setText(findTestObject("Object Repository/Page_duy giabeuu surveybot - FirstTeam Mattermost/textarea_Edited aga"), "Edited agan"): Text 'Edited agan' is set on object 'Object Repository/Page_duy giabeuu surveybot - FirstTeam Mattermost/textarea_Edited aga'

2019-12-22 01:43:27 - [MESSAGE][PASSED] - Text 'Edited agan' is set on object 'Object Repository/Page_duy giabeuu surveybot - FirstTeam Mattermost/textarea_Edited aga'

2019-12-22 01:43:27 - [TEST_STEP][PASSED] - setText(findTestObject("Object Repository/Page_duy giabeuu surveybot - FirstTeam Mattermost/textarea_Edited agan"), "Edited again"): Text 'Edited again' is set on object 'Object Repository/Page_duy giabeuu surveybot - FirstTeam Mattermost/textarea_Edited agan'

2019-12-22 01:43:28 - [MESSAGE][PASSED] - Text 'Edited again' is set on object 'Object Repository/Page_duy giabeuu surveybot - FirstTeam Mattermost/textarea_Edited agan'

2019-12-22 01:43:28 - [TEST_STEP][PASSED] - click(findTestObject("Object Repository/Page_duy giabeuu surveybot - FirstTeam Mattermost/button_Save")): Object: 'Object Repository/Page_duy giabeuu surveybot - FirstTeam Mattermost/button_Save' is clicked on

2019-12-22 01:43:29 - [MESSAGE][PASSED] - Object: 'Object Repository/Page_duy giabeuu surveybot - FirstTeam Mattermost/button_Save' is clicked on

2019-12-22 01:43:29 - [TEST_STEP][PASSED] - closeBrowser(): Browser is closed

2019-12-22 01:43:33 - [MESSAGE][PASSED] - Browser is closed]]></system-out>
         <system-err><![CDATA[]]></system-err>
      </testcase>
      <testcase name="Test Cases/TestCase40DeletePostInChannel" time="64.706" classname="Test Cases/TestCase40DeletePostInChannel" status="FAILED">
         <failure type="FAILED" message="Test Cases/TestCase40DeletePostInChannel FAILED.
Reason:
com.kms.katalon.core.exception.StepFailedException: Unable to click on object 'Object Repository/Page_Off-Topic - FirstTeam Mattermost/button_hieu_CENTER_button_fswbyrxxdbbjufi8c_fa3789'
	at com.kms.katalon.core.webui.keyword.internal.WebUIKeywordMain.stepFailed(WebUIKeywordMain.groovy:64)
	at com.kms.katalon.core.webui.keyword.internal.WebUIKeywordMain.runKeyword(WebUIKeywordMain.groovy:26)
	at com.kms.katalon.core.webui.keyword.builtin.ClickKeyword.click(ClickKeyword.groovy:102)
	at com.kms.katalon.core.webui.keyword.builtin.ClickKeyword.execute(ClickKeyword.groovy:43)
	at com.kms.katalon.core.keyword.internal.KeywordExecutor.executeKeywordForPlatform(KeywordExecutor.groovy:72)
	at com.kms.katalon.core.webui.keyword.WebUiBuiltInKeywords.click(WebUiBuiltInKeywords.groovy:616)
	at com.kms.katalon.core.webui.keyword.WebUiBuiltInKeywords$click$3.call(Unknown Source)
	at TestCase40DeletePostInChannel.run(TestCase40DeletePostInChannel:31)
	at com.kms.katalon.core.main.ScriptEngine.run(ScriptEngine.java:194)
	at com.kms.katalon.core.main.ScriptEngine.runScriptAsRawText(ScriptEngine.java:119)
	at com.kms.katalon.core.main.TestCaseExecutor.runScript(TestCaseExecutor.java:337)
	at com.kms.katalon.core.main.TestCaseExecutor.doExecute(TestCaseExecutor.java:328)
	at com.kms.katalon.core.main.TestCaseExecutor.processExecutionPhase(TestCaseExecutor.java:307)
	at com.kms.katalon.core.main.TestCaseExecutor.accessMainPhase(TestCaseExecutor.java:299)
	at com.kms.katalon.core.main.TestCaseExecutor.execute(TestCaseExecutor.java:233)
	at com.kms.katalon.core.main.TestSuiteExecutor.accessTestCaseMainPhase(TestSuiteExecutor.java:169)
	at com.kms.katalon.core.main.TestSuiteExecutor.accessTestSuiteMainPhase(TestSuiteExecutor.java:142)
	at com.kms.katalon.core.main.TestSuiteExecutor.execute(TestSuiteExecutor.java:91)
	at com.kms.katalon.core.main.TestCaseMain.startTestSuite(TestCaseMain.java:157)
	at com.kms.katalon.core.main.TestCaseMain$startTestSuite$0.call(Unknown Source)
	at TempTestSuite1576952307212.run(TempTestSuite1576952307212.groovy:36)
Caused by: com.kms.katalon.core.webui.exception.WebElementNotFoundException: Web element with id: 'Object Repository/Page_Off-Topic - FirstTeam Mattermost/button_hieu_CENTER_button_fswbyrxxdbbjufi8c_fa3789' located by 'By.xpath: //button[@id='CENTER_button_fswbyrxxdbbjufi8c6pc96yuqa']' not found
	at com.kms.katalon.core.webui.common.WebUiCommonHelper.findWebElement(WebUiCommonHelper.java:1154)
	at com.kms.katalon.core.webui.keyword.internal.WebUIAbstractKeyword.findWebElement(WebUIAbstractKeyword.groovy:27)
	at com.kms.katalon.core.webui.keyword.internal.WebUIAbstractKeyword.findWebElement(WebUIAbstractKeyword.groovy:26)
	at com.kms.katalon.core.webui.keyword.builtin.ClickKeyword$_click_closure1.doCall(ClickKeyword.groovy:67)
	at com.kms.katalon.core.webui.keyword.builtin.ClickKeyword$_click_closure1.call(ClickKeyword.groovy)
	at com.kms.katalon.core.webui.keyword.internal.WebUIKeywordMain.runKeyword(WebUIKeywordMain.groovy:20)
	... 19 more
"/>
         <system-out><![CDATA[2019-12-22 01:43:33 - [TEST_CASE][FAILED] - Test Cases/TestCase40DeletePostInChannel: Test Cases/TestCase40DeletePostInChannel FAILED.
Reason:
com.kms.katalon.core.exception.StepFailedException: Unable to click on object 'Object Repository/Page_Off-Topic - FirstTeam Mattermost/button_hieu_CENTER_button_fswbyrxxdbbjufi8c_fa3789'
	at com.kms.katalon.core.webui.keyword.internal.WebUIKeywordMain.stepFailed(WebUIKeywordMain.groovy:64)
	at com.kms.katalon.core.webui.keyword.internal.WebUIKeywordMain.runKeyword(WebUIKeywordMain.groovy:26)
	at com.kms.katalon.core.webui.keyword.builtin.ClickKeyword.click(ClickKeyword.groovy:102)
	at com.kms.katalon.core.webui.keyword.builtin.ClickKeyword.execute(ClickKeyword.groovy:43)
	at com.kms.katalon.core.keyword.internal.KeywordExecutor.executeKeywordForPlatform(KeywordExecutor.groovy:72)
	at com.kms.katalon.core.webui.keyword.WebUiBuiltInKeywords.click(WebUiBuiltInKeywords.groovy:616)
	at com.kms.katalon.core.webui.keyword.WebUiBuiltInKeywords$click$3.call(Unknown Source)
	at TestCase40DeletePostInChannel.run(TestCase40DeletePostInChannel:31)
	at com.kms.katalon.core.main.ScriptEngine.run(ScriptEngine.java:194)
	at com.kms.katalon.core.main.ScriptEngine.runScriptAsRawText(ScriptEngine.java:119)
	at com.kms.katalon.core.main.TestCaseExecutor.runScript(TestCaseExecutor.java:337)
	at com.kms.katalon.core.main.TestCaseExecutor.doExecute(TestCaseExecutor.java:328)
	at com.kms.katalon.core.main.TestCaseExecutor.processExecutionPhase(TestCaseExecutor.java:307)
	at com.kms.katalon.core.main.TestCaseExecutor.accessMainPhase(TestCaseExecutor.java:299)
	at com.kms.katalon.core.main.TestCaseExecutor.execute(TestCaseExecutor.java:233)
	at com.kms.katalon.core.main.TestSuiteExecutor.accessTestCaseMainPhase(TestSuiteExecutor.java:169)
	at com.kms.katalon.core.main.TestSuiteExecutor.accessTestSuiteMainPhase(TestSuiteExecutor.java:142)
	at com.kms.katalon.core.main.TestSuiteExecutor.execute(TestSuiteExecutor.java:91)
	at com.kms.katalon.core.main.TestCaseMain.startTestSuite(TestCaseMain.java:157)
	at com.kms.katalon.core.main.TestCaseMain$startTestSuite$0.call(Unknown Source)
	at TempTestSuite1576952307212.run(TempTestSuite1576952307212.groovy:36)
Caused by: com.kms.katalon.core.webui.exception.WebElementNotFoundException: Web element with id: 'Object Repository/Page_Off-Topic - FirstTeam Mattermost/button_hieu_CENTER_button_fswbyrxxdbbjufi8c_fa3789' located by 'By.xpath: //button[@id='CENTER_button_fswbyrxxdbbjufi8c6pc96yuqa']' not found
	at com.kms.katalon.core.webui.common.WebUiCommonHelper.findWebElement(WebUiCommonHelper.java:1154)
	at com.kms.katalon.core.webui.keyword.internal.WebUIAbstractKeyword.findWebElement(WebUIAbstractKeyword.groovy:27)
	at com.kms.katalon.core.webui.keyword.internal.WebUIAbstractKeyword.findWebElement(WebUIAbstractKeyword.groovy:26)
	at com.kms.katalon.core.webui.keyword.builtin.ClickKeyword$_click_closure1.doCall(ClickKeyword.groovy:67)
	at com.kms.katalon.core.webui.keyword.builtin.ClickKeyword$_click_closure1.call(ClickKeyword.groovy)
	at com.kms.katalon.core.webui.keyword.internal.WebUIKeywordMain.runKeyword(WebUIKeywordMain.groovy:20)
	... 19 more


2019-12-22 01:43:33 - [TEST_STEP][PASSED] - openBrowser(""): Browser is opened with url: ''

2019-12-22 01:43:33 - [MESSAGE][INFO] - Starting 'Firefox' driver

2019-12-22 01:43:40 - [MESSAGE][PASSED] - Browser is opened with url: ''

2019-12-22 01:43:40 - [TEST_STEP][PASSED] - navigateToUrl("https://cs300testautomatic.herokuapp.com/"): Navigate to 'https://cs300testautomatic.herokuapp.com/' successfully

2019-12-22 01:43:44 - [MESSAGE][PASSED] - Navigate to 'https://cs300testautomatic.herokuapp.com/' successfully

2019-12-22 01:43:44 - [TEST_STEP][PASSED] - setText(findTestObject("Page_Mattermost/input_All team communication in one place s_703ef5"), "dhieu@apcs.vn"): Text 'dhieu@apcs.vn' is set on object 'Object Repository/Page_Mattermost/input_All team communication in one place s_703ef5'

2019-12-22 01:43:49 - [MESSAGE][PASSED] - Text 'dhieu@apcs.vn' is set on object 'Object Repository/Page_Mattermost/input_All team communication in one place s_703ef5'

2019-12-22 01:43:49 - [TEST_STEP][PASSED] - setEncryptedText(findTestObject("Page_Mattermost/input_All team communication in one place s_2f2733"), "iGDxf8hSRT4="): Text ****** has been set on object 'Object Repository/Page_Mattermost/input_All team communication in one place s_2f2733'

2019-12-22 01:43:50 - [MESSAGE][PASSED] - Text ****** has been set on object 'Object Repository/Page_Mattermost/input_All team communication in one place s_2f2733'

2019-12-22 01:43:50 - [TEST_STEP][PASSED] - sendKeys(findTestObject("Page_Mattermost/input_All team communication in one place s_2f2733"), Keys.chord(ENTER)): Keys 'ENTER + ' sent to object: 'Object Repository/Page_Mattermost/input_All team communication in one place s_2f2733'

2019-12-22 01:43:50 - [MESSAGE][PASSED] - Keys 'ENTER + ' sent to object: 'Object Repository/Page_Mattermost/input_All team communication in one place s_2f2733'

2019-12-22 01:43:50 - [TEST_STEP][PASSED] - click(findTestObject("Object Repository/Page_Town Square - FirstTeam Mattermost/a_Off-Topic")): Object: 'Object Repository/Page_Town Square - FirstTeam Mattermost/a_Off-Topic' is clicked on

2019-12-22 01:43:54 - [MESSAGE][PASSED] - Object: 'Object Repository/Page_Town Square - FirstTeam Mattermost/a_Off-Topic' is clicked on

2019-12-22 01:43:54 - [TEST_STEP][FAILED] - click(findTestObject("Object Repository/Page_Off-Topic - FirstTeam Mattermost/button_hieu_CENTER_button_fswbyrxxdbbjufi8c_fa3789")): Unable to click on object 'Object Repository/Page_Off-Topic - FirstTeam Mattermost/button_hieu_CENTER_button_fswbyrxxdbbjufi8c_fa3789' (Root cause: com.kms.katalon.core.exception.StepFailedException: Unable to click on object 'Object Repository/Page_Off-Topic - FirstTeam Mattermost/button_hieu_CENTER_button_fswbyrxxdbbjufi8c_fa3789'
	at com.kms.katalon.core.webui.keyword.internal.WebUIKeywordMain.stepFailed(WebUIKeywordMain.groovy:64)
	at com.kms.katalon.core.webui.keyword.internal.WebUIKeywordMain.runKeyword(WebUIKeywordMain.groovy:26)
	at com.kms.katalon.core.webui.keyword.builtin.ClickKeyword.click(ClickKeyword.groovy:102)
	at com.kms.katalon.core.webui.keyword.builtin.ClickKeyword.execute(ClickKeyword.groovy:43)
	at com.kms.katalon.core.keyword.internal.KeywordExecutor.executeKeywordForPlatform(KeywordExecutor.groovy:72)
	at com.kms.katalon.core.webui.keyword.WebUiBuiltInKeywords.click(WebUiBuiltInKeywords.groovy:616)
	at com.kms.katalon.core.webui.keyword.WebUiBuiltInKeywords$click$3.call(Unknown Source)
	at TestCase40DeletePostInChannel.run(TestCase40DeletePostInChannel:31)
	at com.kms.katalon.core.main.ScriptEngine.run(ScriptEngine.java:194)
	at com.kms.katalon.core.main.ScriptEngine.runScriptAsRawText(ScriptEngine.java:119)
	at com.kms.katalon.core.main.TestCaseExecutor.runScript(TestCaseExecutor.java:337)
	at com.kms.katalon.core.main.TestCaseExecutor.doExecute(TestCaseExecutor.java:328)
	at com.kms.katalon.core.main.TestCaseExecutor.processExecutionPhase(TestCaseExecutor.java:307)
	at com.kms.katalon.core.main.TestCaseExecutor.accessMainPhase(TestCaseExecutor.java:299)
	at com.kms.katalon.core.main.TestCaseExecutor.execute(TestCaseExecutor.java:233)
	at com.kms.katalon.core.main.TestSuiteExecutor.accessTestCaseMainPhase(TestSuiteExecutor.java:169)
	at com.kms.katalon.core.main.TestSuiteExecutor.accessTestSuiteMainPhase(TestSuiteExecutor.java:142)
	at com.kms.katalon.core.main.TestSuiteExecutor.execute(TestSuiteExecutor.java:91)
	at com.kms.katalon.core.main.TestCaseMain.startTestSuite(TestCaseMain.java:157)
	at com.kms.katalon.core.main.TestCaseMain$startTestSuite$0.call(Unknown Source)
	at TempTestSuite1576952307212.run(TempTestSuite1576952307212.groovy:36)
Caused by: com.kms.katalon.core.webui.exception.WebElementNotFoundException: Web element with id: 'Object Repository/Page_Off-Topic - FirstTeam Mattermost/button_hieu_CENTER_button_fswbyrxxdbbjufi8c_fa3789' located by 'By.xpath: //button[@id='CENTER_button_fswbyrxxdbbjufi8c6pc96yuqa']' not found
	at com.kms.katalon.core.webui.common.WebUiCommonHelper.findWebElement(WebUiCommonHelper.java:1154)
	at com.kms.katalon.core.webui.keyword.internal.WebUIAbstractKeyword.findWebElement(WebUIAbstractKeyword.groovy:27)
	at com.kms.katalon.core.webui.keyword.internal.WebUIAbstractKeyword.findWebElement(WebUIAbstractKeyword.groovy:26)
	at com.kms.katalon.core.webui.keyword.builtin.ClickKeyword$_click_closure1.doCall(ClickKeyword.groovy:67)
	at com.kms.katalon.core.webui.keyword.builtin.ClickKeyword$_click_closure1.call(ClickKeyword.groovy)
	at com.kms.katalon.core.webui.keyword.internal.WebUIKeywordMain.runKeyword(WebUIKeywordMain.groovy:20)
	at com.kms.katalon.core.webui.keyword.builtin.ClickKeyword.click(ClickKeyword.groovy:102)
	at com.kms.katalon.core.webui.keyword.builtin.ClickKeyword.execute(ClickKeyword.groovy:43)
	at com.kms.katalon.core.keyword.internal.KeywordExecutor.executeKeywordForPlatform(KeywordExecutor.groovy:72)
	at com.kms.katalon.core.webui.keyword.WebUiBuiltInKeywords.click(WebUiBuiltInKeywords.groovy:616)
	at com.kms.katalon.core.webui.keyword.WebUiBuiltInKeywords$click$3.call(Unknown Source)
	at Script1576918960336.run(Script1576918960336.groovy:31)
	... 13 more
)

2019-12-22 01:44:38 - [MESSAGE][INFO] - Unable to find the element located by 'By.xpath: //button[@id='CENTER_button_fswbyrxxdbbjufi8c6pc96yuqa']'. Please recheck the objects properties to make sure the desired element is located. 

2019-12-22 01:44:38 - [MESSAGE][FAILED] - Unable to click on object 'Object Repository/Page_Off-Topic - FirstTeam Mattermost/button_hieu_CENTER_button_fswbyrxxdbbjufi8c_fa3789' (Root cause: com.kms.katalon.core.exception.StepFailedException: Unable to click on object 'Object Repository/Page_Off-Topic - FirstTeam Mattermost/button_hieu_CENTER_button_fswbyrxxdbbjufi8c_fa3789'
	at com.kms.katalon.core.webui.keyword.internal.WebUIKeywordMain.stepFailed(WebUIKeywordMain.groovy:64)
	at com.kms.katalon.core.webui.keyword.internal.WebUIKeywordMain.runKeyword(WebUIKeywordMain.groovy:26)
	at com.kms.katalon.core.webui.keyword.builtin.ClickKeyword.click(ClickKeyword.groovy:102)
	at com.kms.katalon.core.webui.keyword.builtin.ClickKeyword.execute(ClickKeyword.groovy:43)
	at com.kms.katalon.core.keyword.internal.KeywordExecutor.executeKeywordForPlatform(KeywordExecutor.groovy:72)
	at com.kms.katalon.core.webui.keyword.WebUiBuiltInKeywords.click(WebUiBuiltInKeywords.groovy:616)
	at com.kms.katalon.core.webui.keyword.WebUiBuiltInKeywords$click$3.call(Unknown Source)
	at TestCase40DeletePostInChannel.run(TestCase40DeletePostInChannel:31)
	at com.kms.katalon.core.main.ScriptEngine.run(ScriptEngine.java:194)
	at com.kms.katalon.core.main.ScriptEngine.runScriptAsRawText(ScriptEngine.java:119)
	at com.kms.katalon.core.main.TestCaseExecutor.runScript(TestCaseExecutor.java:337)
	at com.kms.katalon.core.main.TestCaseExecutor.doExecute(TestCaseExecutor.java:328)
	at com.kms.katalon.core.main.TestCaseExecutor.processExecutionPhase(TestCaseExecutor.java:307)
	at com.kms.katalon.core.main.TestCaseExecutor.accessMainPhase(TestCaseExecutor.java:299)
	at com.kms.katalon.core.main.TestCaseExecutor.execute(TestCaseExecutor.java:233)
	at com.kms.katalon.core.main.TestSuiteExecutor.accessTestCaseMainPhase(TestSuiteExecutor.java:169)
	at com.kms.katalon.core.main.TestSuiteExecutor.accessTestSuiteMainPhase(TestSuiteExecutor.java:142)
	at com.kms.katalon.core.main.TestSuiteExecutor.execute(TestSuiteExecutor.java:91)
	at com.kms.katalon.core.main.TestCaseMain.startTestSuite(TestCaseMain.java:157)
	at com.kms.katalon.core.main.TestCaseMain$startTestSuite$0.call(Unknown Source)
	at TempTestSuite1576952307212.run(TempTestSuite1576952307212.groovy:36)
Caused by: com.kms.katalon.core.webui.exception.WebElementNotFoundException: Web element with id: 'Object Repository/Page_Off-Topic - FirstTeam Mattermost/button_hieu_CENTER_button_fswbyrxxdbbjufi8c_fa3789' located by 'By.xpath: //button[@id='CENTER_button_fswbyrxxdbbjufi8c6pc96yuqa']' not found
	at com.kms.katalon.core.webui.common.WebUiCommonHelper.findWebElement(WebUiCommonHelper.java:1154)
	at com.kms.katalon.core.webui.keyword.internal.WebUIAbstractKeyword.findWebElement(WebUIAbstractKeyword.groovy:27)
	at com.kms.katalon.core.webui.keyword.internal.WebUIAbstractKeyword.findWebElement(WebUIAbstractKeyword.groovy:26)
	at com.kms.katalon.core.webui.keyword.builtin.ClickKeyword$_click_closure1.doCall(ClickKeyword.groovy:67)
	at com.kms.katalon.core.webui.keyword.builtin.ClickKeyword$_click_closure1.call(ClickKeyword.groovy)
	at com.kms.katalon.core.webui.keyword.internal.WebUIKeywordMain.runKeyword(WebUIKeywordMain.groovy:20)
	at com.kms.katalon.core.webui.keyword.builtin.ClickKeyword.click(ClickKeyword.groovy:102)
	at com.kms.katalon.core.webui.keyword.builtin.ClickKeyword.execute(ClickKeyword.groovy:43)
	at com.kms.katalon.core.keyword.internal.KeywordExecutor.executeKeywordForPlatform(KeywordExecutor.groovy:72)
	at com.kms.katalon.core.webui.keyword.WebUiBuiltInKeywords.click(WebUiBuiltInKeywords.groovy:616)
	at com.kms.katalon.core.webui.keyword.WebUiBuiltInKeywords$click$3.call(Unknown Source)
	at Script1576918960336.run(Script1576918960336.groovy:31)
	... 13 more
)
[[ATTACHMENT|E:\\APCS\\2019-2020\\Term1\\CS300\\Github\\CS300AutomaticWebTesting\\Reports\\20191222_011827\\Run All Test Cases\\20191222_011827\\1576953878250.png]]]]></system-out>
         <system-err><![CDATA[2019-12-22 01:43:33 - [TEST_CASE][FAILED] - Test Cases/TestCase40DeletePostInChannel: Test Cases/TestCase40DeletePostInChannel FAILED.
Reason:
com.kms.katalon.core.exception.StepFailedException: Unable to click on object 'Object Repository/Page_Off-Topic - FirstTeam Mattermost/button_hieu_CENTER_button_fswbyrxxdbbjufi8c_fa3789'
	at com.kms.katalon.core.webui.keyword.internal.WebUIKeywordMain.stepFailed(WebUIKeywordMain.groovy:64)
	at com.kms.katalon.core.webui.keyword.internal.WebUIKeywordMain.runKeyword(WebUIKeywordMain.groovy:26)
	at com.kms.katalon.core.webui.keyword.builtin.ClickKeyword.click(ClickKeyword.groovy:102)
	at com.kms.katalon.core.webui.keyword.builtin.ClickKeyword.execute(ClickKeyword.groovy:43)
	at com.kms.katalon.core.keyword.internal.KeywordExecutor.executeKeywordForPlatform(KeywordExecutor.groovy:72)
	at com.kms.katalon.core.webui.keyword.WebUiBuiltInKeywords.click(WebUiBuiltInKeywords.groovy:616)
	at com.kms.katalon.core.webui.keyword.WebUiBuiltInKeywords$click$3.call(Unknown Source)
	at TestCase40DeletePostInChannel.run(TestCase40DeletePostInChannel:31)
	at com.kms.katalon.core.main.ScriptEngine.run(ScriptEngine.java:194)
	at com.kms.katalon.core.main.ScriptEngine.runScriptAsRawText(ScriptEngine.java:119)
	at com.kms.katalon.core.main.TestCaseExecutor.runScript(TestCaseExecutor.java:337)
	at com.kms.katalon.core.main.TestCaseExecutor.doExecute(TestCaseExecutor.java:328)
	at com.kms.katalon.core.main.TestCaseExecutor.processExecutionPhase(TestCaseExecutor.java:307)
	at com.kms.katalon.core.main.TestCaseExecutor.accessMainPhase(TestCaseExecutor.java:299)
	at com.kms.katalon.core.main.TestCaseExecutor.execute(TestCaseExecutor.java:233)
	at com.kms.katalon.core.main.TestSuiteExecutor.accessTestCaseMainPhase(TestSuiteExecutor.java:169)
	at com.kms.katalon.core.main.TestSuiteExecutor.accessTestSuiteMainPhase(TestSuiteExecutor.java:142)
	at com.kms.katalon.core.main.TestSuiteExecutor.execute(TestSuiteExecutor.java:91)
	at com.kms.katalon.core.main.TestCaseMain.startTestSuite(TestCaseMain.java:157)
	at com.kms.katalon.core.main.TestCaseMain$startTestSuite$0.call(Unknown Source)
	at TempTestSuite1576952307212.run(TempTestSuite1576952307212.groovy:36)
Caused by: com.kms.katalon.core.webui.exception.WebElementNotFoundException: Web element with id: 'Object Repository/Page_Off-Topic - FirstTeam Mattermost/button_hieu_CENTER_button_fswbyrxxdbbjufi8c_fa3789' located by 'By.xpath: //button[@id='CENTER_button_fswbyrxxdbbjufi8c6pc96yuqa']' not found
	at com.kms.katalon.core.webui.common.WebUiCommonHelper.findWebElement(WebUiCommonHelper.java:1154)
	at com.kms.katalon.core.webui.keyword.internal.WebUIAbstractKeyword.findWebElement(WebUIAbstractKeyword.groovy:27)
	at com.kms.katalon.core.webui.keyword.internal.WebUIAbstractKeyword.findWebElement(WebUIAbstractKeyword.groovy:26)
	at com.kms.katalon.core.webui.keyword.builtin.ClickKeyword$_click_closure1.doCall(ClickKeyword.groovy:67)
	at com.kms.katalon.core.webui.keyword.builtin.ClickKeyword$_click_closure1.call(ClickKeyword.groovy)
	at com.kms.katalon.core.webui.keyword.internal.WebUIKeywordMain.runKeyword(WebUIKeywordMain.groovy:20)
	... 19 more]]></system-err>
      </testcase>
      <testcase name="Test Cases/TestCase41ReplyPostInChannel" time="65.598" classname="Test Cases/TestCase41ReplyPostInChannel" status="FAILED">
         <failure type="FAILED" message="Test Cases/TestCase41ReplyPostInChannel FAILED.
Reason:
com.kms.katalon.core.exception.StepFailedException: Unable to click on object 'Object Repository/Page_Off-Topic - FirstTeam Mattermost/button_hieu_CENTER_button_uz63gsxba7n9ubyrh_2a30c3'
	at com.kms.katalon.core.webui.keyword.internal.WebUIKeywordMain.stepFailed(WebUIKeywordMain.groovy:64)
	at com.kms.katalon.core.webui.keyword.internal.WebUIKeywordMain.runKeyword(WebUIKeywordMain.groovy:26)
	at com.kms.katalon.core.webui.keyword.builtin.ClickKeyword.click(ClickKeyword.groovy:102)
	at com.kms.katalon.core.webui.keyword.builtin.ClickKeyword.execute(ClickKeyword.groovy:43)
	at com.kms.katalon.core.keyword.internal.KeywordExecutor.executeKeywordForPlatform(KeywordExecutor.groovy:72)
	at com.kms.katalon.core.webui.keyword.WebUiBuiltInKeywords.click(WebUiBuiltInKeywords.groovy:616)
	at com.kms.katalon.core.webui.keyword.WebUiBuiltInKeywords$click$3.call(Unknown Source)
	at TestCase41ReplyPostInChannel.run(TestCase41ReplyPostInChannel:31)
	at com.kms.katalon.core.main.ScriptEngine.run(ScriptEngine.java:194)
	at com.kms.katalon.core.main.ScriptEngine.runScriptAsRawText(ScriptEngine.java:119)
	at com.kms.katalon.core.main.TestCaseExecutor.runScript(TestCaseExecutor.java:337)
	at com.kms.katalon.core.main.TestCaseExecutor.doExecute(TestCaseExecutor.java:328)
	at com.kms.katalon.core.main.TestCaseExecutor.processExecutionPhase(TestCaseExecutor.java:307)
	at com.kms.katalon.core.main.TestCaseExecutor.accessMainPhase(TestCaseExecutor.java:299)
	at com.kms.katalon.core.main.TestCaseExecutor.execute(TestCaseExecutor.java:233)
	at com.kms.katalon.core.main.TestSuiteExecutor.accessTestCaseMainPhase(TestSuiteExecutor.java:169)
	at com.kms.katalon.core.main.TestSuiteExecutor.accessTestSuiteMainPhase(TestSuiteExecutor.java:142)
	at com.kms.katalon.core.main.TestSuiteExecutor.execute(TestSuiteExecutor.java:91)
	at com.kms.katalon.core.main.TestCaseMain.startTestSuite(TestCaseMain.java:157)
	at com.kms.katalon.core.main.TestCaseMain$startTestSuite$0.call(Unknown Source)
	at TempTestSuite1576952307212.run(TempTestSuite1576952307212.groovy:36)
Caused by: com.kms.katalon.core.webui.exception.WebElementNotFoundException: Web element with id: 'Object Repository/Page_Off-Topic - FirstTeam Mattermost/button_hieu_CENTER_button_uz63gsxba7n9ubyrh_2a30c3' located by 'By.xpath: //button[@id='CENTER_button_uz63gsxba7n9ubyrhi5qkg7jie']' not found
	at com.kms.katalon.core.webui.common.WebUiCommonHelper.findWebElement(WebUiCommonHelper.java:1154)
	at com.kms.katalon.core.webui.keyword.internal.WebUIAbstractKeyword.findWebElement(WebUIAbstractKeyword.groovy:27)
	at com.kms.katalon.core.webui.keyword.internal.WebUIAbstractKeyword.findWebElement(WebUIAbstractKeyword.groovy:26)
	at com.kms.katalon.core.webui.keyword.builtin.ClickKeyword$_click_closure1.doCall(ClickKeyword.groovy:67)
	at com.kms.katalon.core.webui.keyword.builtin.ClickKeyword$_click_closure1.call(ClickKeyword.groovy)
	at com.kms.katalon.core.webui.keyword.internal.WebUIKeywordMain.runKeyword(WebUIKeywordMain.groovy:20)
	... 19 more
"/>
         <system-out><![CDATA[2019-12-22 01:44:38 - [TEST_CASE][FAILED] - Test Cases/TestCase41ReplyPostInChannel: Test Cases/TestCase41ReplyPostInChannel FAILED.
Reason:
com.kms.katalon.core.exception.StepFailedException: Unable to click on object 'Object Repository/Page_Off-Topic - FirstTeam Mattermost/button_hieu_CENTER_button_uz63gsxba7n9ubyrh_2a30c3'
	at com.kms.katalon.core.webui.keyword.internal.WebUIKeywordMain.stepFailed(WebUIKeywordMain.groovy:64)
	at com.kms.katalon.core.webui.keyword.internal.WebUIKeywordMain.runKeyword(WebUIKeywordMain.groovy:26)
	at com.kms.katalon.core.webui.keyword.builtin.ClickKeyword.click(ClickKeyword.groovy:102)
	at com.kms.katalon.core.webui.keyword.builtin.ClickKeyword.execute(ClickKeyword.groovy:43)
	at com.kms.katalon.core.keyword.internal.KeywordExecutor.executeKeywordForPlatform(KeywordExecutor.groovy:72)
	at com.kms.katalon.core.webui.keyword.WebUiBuiltInKeywords.click(WebUiBuiltInKeywords.groovy:616)
	at com.kms.katalon.core.webui.keyword.WebUiBuiltInKeywords$click$3.call(Unknown Source)
	at TestCase41ReplyPostInChannel.run(TestCase41ReplyPostInChannel:31)
	at com.kms.katalon.core.main.ScriptEngine.run(ScriptEngine.java:194)
	at com.kms.katalon.core.main.ScriptEngine.runScriptAsRawText(ScriptEngine.java:119)
	at com.kms.katalon.core.main.TestCaseExecutor.runScript(TestCaseExecutor.java:337)
	at com.kms.katalon.core.main.TestCaseExecutor.doExecute(TestCaseExecutor.java:328)
	at com.kms.katalon.core.main.TestCaseExecutor.processExecutionPhase(TestCaseExecutor.java:307)
	at com.kms.katalon.core.main.TestCaseExecutor.accessMainPhase(TestCaseExecutor.java:299)
	at com.kms.katalon.core.main.TestCaseExecutor.execute(TestCaseExecutor.java:233)
	at com.kms.katalon.core.main.TestSuiteExecutor.accessTestCaseMainPhase(TestSuiteExecutor.java:169)
	at com.kms.katalon.core.main.TestSuiteExecutor.accessTestSuiteMainPhase(TestSuiteExecutor.java:142)
	at com.kms.katalon.core.main.TestSuiteExecutor.execute(TestSuiteExecutor.java:91)
	at com.kms.katalon.core.main.TestCaseMain.startTestSuite(TestCaseMain.java:157)
	at com.kms.katalon.core.main.TestCaseMain$startTestSuite$0.call(Unknown Source)
	at TempTestSuite1576952307212.run(TempTestSuite1576952307212.groovy:36)
Caused by: com.kms.katalon.core.webui.exception.WebElementNotFoundException: Web element with id: 'Object Repository/Page_Off-Topic - FirstTeam Mattermost/button_hieu_CENTER_button_uz63gsxba7n9ubyrh_2a30c3' located by 'By.xpath: //button[@id='CENTER_button_uz63gsxba7n9ubyrhi5qkg7jie']' not found
	at com.kms.katalon.core.webui.common.WebUiCommonHelper.findWebElement(WebUiCommonHelper.java:1154)
	at com.kms.katalon.core.webui.keyword.internal.WebUIAbstractKeyword.findWebElement(WebUIAbstractKeyword.groovy:27)
	at com.kms.katalon.core.webui.keyword.internal.WebUIAbstractKeyword.findWebElement(WebUIAbstractKeyword.groovy:26)
	at com.kms.katalon.core.webui.keyword.builtin.ClickKeyword$_click_closure1.doCall(ClickKeyword.groovy:67)
	at com.kms.katalon.core.webui.keyword.builtin.ClickKeyword$_click_closure1.call(ClickKeyword.groovy)
	at com.kms.katalon.core.webui.keyword.internal.WebUIKeywordMain.runKeyword(WebUIKeywordMain.groovy:20)
	... 19 more


2019-12-22 01:44:38 - [TEST_STEP][PASSED] - openBrowser(""): Browser is opened with url: ''

2019-12-22 01:44:38 - [MESSAGE][WARNING] - A browser is already opened. Closing browser and opening a new one

2019-12-22 01:44:41 - [MESSAGE][INFO] - Starting 'Firefox' driver

2019-12-22 01:44:46 - [MESSAGE][PASSED] - Browser is opened with url: ''

2019-12-22 01:44:46 - [TEST_STEP][PASSED] - navigateToUrl("https://cs300testautomatic.herokuapp.com/"): Navigate to 'https://cs300testautomatic.herokuapp.com/' successfully

2019-12-22 01:44:50 - [MESSAGE][PASSED] - Navigate to 'https://cs300testautomatic.herokuapp.com/' successfully

2019-12-22 01:44:50 - [TEST_STEP][PASSED] - setText(findTestObject("Page_Mattermost/input_All team communication in one place s_703ef5"), "dhieu@apcs.vn"): Text 'dhieu@apcs.vn' is set on object 'Object Repository/Page_Mattermost/input_All team communication in one place s_703ef5'

2019-12-22 01:44:55 - [MESSAGE][PASSED] - Text 'dhieu@apcs.vn' is set on object 'Object Repository/Page_Mattermost/input_All team communication in one place s_703ef5'

2019-12-22 01:44:55 - [TEST_STEP][PASSED] - setEncryptedText(findTestObject("Page_Mattermost/input_All team communication in one place s_2f2733"), "iGDxf8hSRT4="): Text ****** has been set on object 'Object Repository/Page_Mattermost/input_All team communication in one place s_2f2733'

2019-12-22 01:44:55 - [MESSAGE][PASSED] - Text ****** has been set on object 'Object Repository/Page_Mattermost/input_All team communication in one place s_2f2733'

2019-12-22 01:44:55 - [TEST_STEP][PASSED] - sendKeys(findTestObject("Page_Mattermost/input_All team communication in one place s_2f2733"), Keys.chord(ENTER)): Keys 'ENTER + ' sent to object: 'Object Repository/Page_Mattermost/input_All team communication in one place s_2f2733'

2019-12-22 01:44:56 - [MESSAGE][PASSED] - Keys 'ENTER + ' sent to object: 'Object Repository/Page_Mattermost/input_All team communication in one place s_2f2733'

2019-12-22 01:44:56 - [TEST_STEP][PASSED] - click(findTestObject("Page_Town Square - FirstTeam Mattermost/a_Off-Topic")): Object: 'Object Repository/Page_Town Square - FirstTeam Mattermost/a_Off-Topic' is clicked on

2019-12-22 01:45:00 - [MESSAGE][PASSED] - Object: 'Object Repository/Page_Town Square - FirstTeam Mattermost/a_Off-Topic' is clicked on

2019-12-22 01:45:00 - [TEST_STEP][FAILED] - click(findTestObject("Object Repository/Page_Off-Topic - FirstTeam Mattermost/button_hieu_CENTER_button_uz63gsxba7n9ubyrh_2a30c3")): Unable to click on object 'Object Repository/Page_Off-Topic - FirstTeam Mattermost/button_hieu_CENTER_button_uz63gsxba7n9ubyrh_2a30c3' (Root cause: com.kms.katalon.core.exception.StepFailedException: Unable to click on object 'Object Repository/Page_Off-Topic - FirstTeam Mattermost/button_hieu_CENTER_button_uz63gsxba7n9ubyrh_2a30c3'
	at com.kms.katalon.core.webui.keyword.internal.WebUIKeywordMain.stepFailed(WebUIKeywordMain.groovy:64)
	at com.kms.katalon.core.webui.keyword.internal.WebUIKeywordMain.runKeyword(WebUIKeywordMain.groovy:26)
	at com.kms.katalon.core.webui.keyword.builtin.ClickKeyword.click(ClickKeyword.groovy:102)
	at com.kms.katalon.core.webui.keyword.builtin.ClickKeyword.execute(ClickKeyword.groovy:43)
	at com.kms.katalon.core.keyword.internal.KeywordExecutor.executeKeywordForPlatform(KeywordExecutor.groovy:72)
	at com.kms.katalon.core.webui.keyword.WebUiBuiltInKeywords.click(WebUiBuiltInKeywords.groovy:616)
	at com.kms.katalon.core.webui.keyword.WebUiBuiltInKeywords$click$3.call(Unknown Source)
	at TestCase41ReplyPostInChannel.run(TestCase41ReplyPostInChannel:31)
	at com.kms.katalon.core.main.ScriptEngine.run(ScriptEngine.java:194)
	at com.kms.katalon.core.main.ScriptEngine.runScriptAsRawText(ScriptEngine.java:119)
	at com.kms.katalon.core.main.TestCaseExecutor.runScript(TestCaseExecutor.java:337)
	at com.kms.katalon.core.main.TestCaseExecutor.doExecute(TestCaseExecutor.java:328)
	at com.kms.katalon.core.main.TestCaseExecutor.processExecutionPhase(TestCaseExecutor.java:307)
	at com.kms.katalon.core.main.TestCaseExecutor.accessMainPhase(TestCaseExecutor.java:299)
	at com.kms.katalon.core.main.TestCaseExecutor.execute(TestCaseExecutor.java:233)
	at com.kms.katalon.core.main.TestSuiteExecutor.accessTestCaseMainPhase(TestSuiteExecutor.java:169)
	at com.kms.katalon.core.main.TestSuiteExecutor.accessTestSuiteMainPhase(TestSuiteExecutor.java:142)
	at com.kms.katalon.core.main.TestSuiteExecutor.execute(TestSuiteExecutor.java:91)
	at com.kms.katalon.core.main.TestCaseMain.startTestSuite(TestCaseMain.java:157)
	at com.kms.katalon.core.main.TestCaseMain$startTestSuite$0.call(Unknown Source)
	at TempTestSuite1576952307212.run(TempTestSuite1576952307212.groovy:36)
Caused by: com.kms.katalon.core.webui.exception.WebElementNotFoundException: Web element with id: 'Object Repository/Page_Off-Topic - FirstTeam Mattermost/button_hieu_CENTER_button_uz63gsxba7n9ubyrh_2a30c3' located by 'By.xpath: //button[@id='CENTER_button_uz63gsxba7n9ubyrhi5qkg7jie']' not found
	at com.kms.katalon.core.webui.common.WebUiCommonHelper.findWebElement(WebUiCommonHelper.java:1154)
	at com.kms.katalon.core.webui.keyword.internal.WebUIAbstractKeyword.findWebElement(WebUIAbstractKeyword.groovy:27)
	at com.kms.katalon.core.webui.keyword.internal.WebUIAbstractKeyword.findWebElement(WebUIAbstractKeyword.groovy:26)
	at com.kms.katalon.core.webui.keyword.builtin.ClickKeyword$_click_closure1.doCall(ClickKeyword.groovy:67)
	at com.kms.katalon.core.webui.keyword.builtin.ClickKeyword$_click_closure1.call(ClickKeyword.groovy)
	at com.kms.katalon.core.webui.keyword.internal.WebUIKeywordMain.runKeyword(WebUIKeywordMain.groovy:20)
	at com.kms.katalon.core.webui.keyword.builtin.ClickKeyword.click(ClickKeyword.groovy:102)
	at com.kms.katalon.core.webui.keyword.builtin.ClickKeyword.execute(ClickKeyword.groovy:43)
	at com.kms.katalon.core.keyword.internal.KeywordExecutor.executeKeywordForPlatform(KeywordExecutor.groovy:72)
	at com.kms.katalon.core.webui.keyword.WebUiBuiltInKeywords.click(WebUiBuiltInKeywords.groovy:616)
	at com.kms.katalon.core.webui.keyword.WebUiBuiltInKeywords$click$3.call(Unknown Source)
	at Script1576918975306.run(Script1576918975306.groovy:31)
	... 13 more
)

2019-12-22 01:45:43 - [MESSAGE][INFO] - Unable to find the element located by 'By.xpath: //button[@id='CENTER_button_uz63gsxba7n9ubyrhi5qkg7jie']'. Please recheck the objects properties to make sure the desired element is located. 

2019-12-22 01:45:43 - [MESSAGE][FAILED] - Unable to click on object 'Object Repository/Page_Off-Topic - FirstTeam Mattermost/button_hieu_CENTER_button_uz63gsxba7n9ubyrh_2a30c3' (Root cause: com.kms.katalon.core.exception.StepFailedException: Unable to click on object 'Object Repository/Page_Off-Topic - FirstTeam Mattermost/button_hieu_CENTER_button_uz63gsxba7n9ubyrh_2a30c3'
	at com.kms.katalon.core.webui.keyword.internal.WebUIKeywordMain.stepFailed(WebUIKeywordMain.groovy:64)
	at com.kms.katalon.core.webui.keyword.internal.WebUIKeywordMain.runKeyword(WebUIKeywordMain.groovy:26)
	at com.kms.katalon.core.webui.keyword.builtin.ClickKeyword.click(ClickKeyword.groovy:102)
	at com.kms.katalon.core.webui.keyword.builtin.ClickKeyword.execute(ClickKeyword.groovy:43)
	at com.kms.katalon.core.keyword.internal.KeywordExecutor.executeKeywordForPlatform(KeywordExecutor.groovy:72)
	at com.kms.katalon.core.webui.keyword.WebUiBuiltInKeywords.click(WebUiBuiltInKeywords.groovy:616)
	at com.kms.katalon.core.webui.keyword.WebUiBuiltInKeywords$click$3.call(Unknown Source)
	at TestCase41ReplyPostInChannel.run(TestCase41ReplyPostInChannel:31)
	at com.kms.katalon.core.main.ScriptEngine.run(ScriptEngine.java:194)
	at com.kms.katalon.core.main.ScriptEngine.runScriptAsRawText(ScriptEngine.java:119)
	at com.kms.katalon.core.main.TestCaseExecutor.runScript(TestCaseExecutor.java:337)
	at com.kms.katalon.core.main.TestCaseExecutor.doExecute(TestCaseExecutor.java:328)
	at com.kms.katalon.core.main.TestCaseExecutor.processExecutionPhase(TestCaseExecutor.java:307)
	at com.kms.katalon.core.main.TestCaseExecutor.accessMainPhase(TestCaseExecutor.java:299)
	at com.kms.katalon.core.main.TestCaseExecutor.execute(TestCaseExecutor.java:233)
	at com.kms.katalon.core.main.TestSuiteExecutor.accessTestCaseMainPhase(TestSuiteExecutor.java:169)
	at com.kms.katalon.core.main.TestSuiteExecutor.accessTestSuiteMainPhase(TestSuiteExecutor.java:142)
	at com.kms.katalon.core.main.TestSuiteExecutor.execute(TestSuiteExecutor.java:91)
	at com.kms.katalon.core.main.TestCaseMain.startTestSuite(TestCaseMain.java:157)
	at com.kms.katalon.core.main.TestCaseMain$startTestSuite$0.call(Unknown Source)
	at TempTestSuite1576952307212.run(TempTestSuite1576952307212.groovy:36)
Caused by: com.kms.katalon.core.webui.exception.WebElementNotFoundException: Web element with id: 'Object Repository/Page_Off-Topic - FirstTeam Mattermost/button_hieu_CENTER_button_uz63gsxba7n9ubyrh_2a30c3' located by 'By.xpath: //button[@id='CENTER_button_uz63gsxba7n9ubyrhi5qkg7jie']' not found
	at com.kms.katalon.core.webui.common.WebUiCommonHelper.findWebElement(WebUiCommonHelper.java:1154)
	at com.kms.katalon.core.webui.keyword.internal.WebUIAbstractKeyword.findWebElement(WebUIAbstractKeyword.groovy:27)
	at com.kms.katalon.core.webui.keyword.internal.WebUIAbstractKeyword.findWebElement(WebUIAbstractKeyword.groovy:26)
	at com.kms.katalon.core.webui.keyword.builtin.ClickKeyword$_click_closure1.doCall(ClickKeyword.groovy:67)
	at com.kms.katalon.core.webui.keyword.builtin.ClickKeyword$_click_closure1.call(ClickKeyword.groovy)
	at com.kms.katalon.core.webui.keyword.internal.WebUIKeywordMain.runKeyword(WebUIKeywordMain.groovy:20)
	at com.kms.katalon.core.webui.keyword.builtin.ClickKeyword.click(ClickKeyword.groovy:102)
	at com.kms.katalon.core.webui.keyword.builtin.ClickKeyword.execute(ClickKeyword.groovy:43)
	at com.kms.katalon.core.keyword.internal.KeywordExecutor.executeKeywordForPlatform(KeywordExecutor.groovy:72)
	at com.kms.katalon.core.webui.keyword.WebUiBuiltInKeywords.click(WebUiBuiltInKeywords.groovy:616)
	at com.kms.katalon.core.webui.keyword.WebUiBuiltInKeywords$click$3.call(Unknown Source)
	at Script1576918975306.run(Script1576918975306.groovy:31)
	... 13 more
)
[[ATTACHMENT|E:\\APCS\\2019-2020\\Term1\\CS300\\Github\\CS300AutomaticWebTesting\\Reports\\20191222_011827\\Run All Test Cases\\20191222_011827\\1576953943846.png]]]]></system-out>
         <system-err><![CDATA[2019-12-22 01:44:38 - [TEST_CASE][FAILED] - Test Cases/TestCase41ReplyPostInChannel: Test Cases/TestCase41ReplyPostInChannel FAILED.
Reason:
com.kms.katalon.core.exception.StepFailedException: Unable to click on object 'Object Repository/Page_Off-Topic - FirstTeam Mattermost/button_hieu_CENTER_button_uz63gsxba7n9ubyrh_2a30c3'
	at com.kms.katalon.core.webui.keyword.internal.WebUIKeywordMain.stepFailed(WebUIKeywordMain.groovy:64)
	at com.kms.katalon.core.webui.keyword.internal.WebUIKeywordMain.runKeyword(WebUIKeywordMain.groovy:26)
	at com.kms.katalon.core.webui.keyword.builtin.ClickKeyword.click(ClickKeyword.groovy:102)
	at com.kms.katalon.core.webui.keyword.builtin.ClickKeyword.execute(ClickKeyword.groovy:43)
	at com.kms.katalon.core.keyword.internal.KeywordExecutor.executeKeywordForPlatform(KeywordExecutor.groovy:72)
	at com.kms.katalon.core.webui.keyword.WebUiBuiltInKeywords.click(WebUiBuiltInKeywords.groovy:616)
	at com.kms.katalon.core.webui.keyword.WebUiBuiltInKeywords$click$3.call(Unknown Source)
	at TestCase41ReplyPostInChannel.run(TestCase41ReplyPostInChannel:31)
	at com.kms.katalon.core.main.ScriptEngine.run(ScriptEngine.java:194)
	at com.kms.katalon.core.main.ScriptEngine.runScriptAsRawText(ScriptEngine.java:119)
	at com.kms.katalon.core.main.TestCaseExecutor.runScript(TestCaseExecutor.java:337)
	at com.kms.katalon.core.main.TestCaseExecutor.doExecute(TestCaseExecutor.java:328)
	at com.kms.katalon.core.main.TestCaseExecutor.processExecutionPhase(TestCaseExecutor.java:307)
	at com.kms.katalon.core.main.TestCaseExecutor.accessMainPhase(TestCaseExecutor.java:299)
	at com.kms.katalon.core.main.TestCaseExecutor.execute(TestCaseExecutor.java:233)
	at com.kms.katalon.core.main.TestSuiteExecutor.accessTestCaseMainPhase(TestSuiteExecutor.java:169)
	at com.kms.katalon.core.main.TestSuiteExecutor.accessTestSuiteMainPhase(TestSuiteExecutor.java:142)
	at com.kms.katalon.core.main.TestSuiteExecutor.execute(TestSuiteExecutor.java:91)
	at com.kms.katalon.core.main.TestCaseMain.startTestSuite(TestCaseMain.java:157)
	at com.kms.katalon.core.main.TestCaseMain$startTestSuite$0.call(Unknown Source)
	at TempTestSuite1576952307212.run(TempTestSuite1576952307212.groovy:36)
Caused by: com.kms.katalon.core.webui.exception.WebElementNotFoundException: Web element with id: 'Object Repository/Page_Off-Topic - FirstTeam Mattermost/button_hieu_CENTER_button_uz63gsxba7n9ubyrh_2a30c3' located by 'By.xpath: //button[@id='CENTER_button_uz63gsxba7n9ubyrhi5qkg7jie']' not found
	at com.kms.katalon.core.webui.common.WebUiCommonHelper.findWebElement(WebUiCommonHelper.java:1154)
	at com.kms.katalon.core.webui.keyword.internal.WebUIAbstractKeyword.findWebElement(WebUIAbstractKeyword.groovy:27)
	at com.kms.katalon.core.webui.keyword.internal.WebUIAbstractKeyword.findWebElement(WebUIAbstractKeyword.groovy:26)
	at com.kms.katalon.core.webui.keyword.builtin.ClickKeyword$_click_closure1.doCall(ClickKeyword.groovy:67)
	at com.kms.katalon.core.webui.keyword.builtin.ClickKeyword$_click_closure1.call(ClickKeyword.groovy)
	at com.kms.katalon.core.webui.keyword.internal.WebUIKeywordMain.runKeyword(WebUIKeywordMain.groovy:20)
	... 19 more]]></system-err>
      </testcase>
      <testcase name="Test Cases/TestCase42UpdateStatusToOffline" time="28.411" classname="Test Cases/TestCase42UpdateStatusToOffline" status="PASSED">
         <system-out><![CDATA[2019-12-22 01:45:43 - [TEST_CASE][PASSED] - Test Cases/TestCase42UpdateStatusToOffline: Test Cases/TestCase42UpdateStatusToOffline

2019-12-22 01:45:44 - [TEST_STEP][PASSED] - openBrowser(""): Browser is opened with url: ''

2019-12-22 01:45:44 - [MESSAGE][WARNING] - A browser is already opened. Closing browser and opening a new one

2019-12-22 01:45:47 - [MESSAGE][INFO] - Starting 'Firefox' driver

2019-12-22 01:45:52 - [MESSAGE][PASSED] - Browser is opened with url: ''

2019-12-22 01:45:52 - [TEST_STEP][PASSED] - navigateToUrl("https://cs300testautomatic.herokuapp.com/"): Navigate to 'https://cs300testautomatic.herokuapp.com/' successfully

2019-12-22 01:45:57 - [MESSAGE][PASSED] - Navigate to 'https://cs300testautomatic.herokuapp.com/' successfully

2019-12-22 01:45:57 - [TEST_STEP][PASSED] - setText(findTestObject("Page_Mattermost/input_All team communication in one place s_703ef5 (43)"), "giabeuu@gmail.com"): Text 'giabeuu@gmail.com' is set on object 'Object Repository/Page_Mattermost/input_All team communication in one place s_703ef5 (43)'

2019-12-22 01:46:01 - [MESSAGE][PASSED] - Text 'giabeuu@gmail.com' is set on object 'Object Repository/Page_Mattermost/input_All team communication in one place s_703ef5 (43)'

2019-12-22 01:46:01 - [TEST_STEP][PASSED] - setEncryptedText(findTestObject("Page_Mattermost/input_All team communication in one place s_2f2733 (43)"), "GoUae4B8Jrc="): Text ****** has been set on object 'Object Repository/Page_Mattermost/input_All team communication in one place s_2f2733 (43)'

2019-12-22 01:46:01 - [MESSAGE][PASSED] - Text ****** has been set on object 'Object Repository/Page_Mattermost/input_All team communication in one place s_2f2733 (43)'

2019-12-22 01:46:01 - [TEST_STEP][PASSED] - click(findTestObject("Page_Mattermost/button_Sign in (30)")): Object: 'Object Repository/Page_Mattermost/button_Sign in (30)' is clicked on

2019-12-22 01:46:02 - [MESSAGE][PASSED] - Object: 'Object Repository/Page_Mattermost/button_Sign in (30)' is clicked on

2019-12-22 01:46:02 - [TEST_STEP][PASSED] - click(findTestObject("Object Repository/Page_ Town Square - FirstTeam Mattermost/div__MenuWrapper")): Object: 'Object Repository/Page_ Town Square - FirstTeam Mattermost/div__MenuWrapper' is clicked on

2019-12-22 01:46:07 - [MESSAGE][PASSED] - Object: 'Object Repository/Page_ Town Square - FirstTeam Mattermost/div__MenuWrapper' is clicked on

2019-12-22 01:46:07 - [TEST_STEP][PASSED] - click(findTestObject("Page_ Town Square - FirstTeam Mattermost/button_Offline (1)")): Object: 'Object Repository/Page_ Town Square - FirstTeam Mattermost/button_Offline (1)' is clicked on

2019-12-22 01:46:07 - [MESSAGE][PASSED] - Object: 'Object Repository/Page_ Town Square - FirstTeam Mattermost/button_Offline (1)' is clicked on

2019-12-22 01:46:07 - [TEST_STEP][PASSED] - closeBrowser(): Browser is closed

2019-12-22 01:46:12 - [MESSAGE][PASSED] - Browser is closed]]></system-out>
         <system-err><![CDATA[]]></system-err>
      </testcase>
      <testcase name="Test Cases/TestCase43ShowPopupOfflineStatus" time="26.465" classname="Test Cases/TestCase43ShowPopupOfflineStatus" status="PASSED">
         <system-out><![CDATA[2019-12-22 01:46:12 - [TEST_CASE][PASSED] - Test Cases/TestCase43ShowPopupOfflineStatus: Test Cases/TestCase43ShowPopupOfflineStatus

2019-12-22 01:46:12 - [TEST_STEP][PASSED] - openBrowser(""): Browser is opened with url: ''

2019-12-22 01:46:12 - [MESSAGE][INFO] - Starting 'Firefox' driver

2019-12-22 01:46:19 - [MESSAGE][PASSED] - Browser is opened with url: ''

2019-12-22 01:46:19 - [TEST_STEP][PASSED] - navigateToUrl("https://cs300testautomatic.herokuapp.com/"): Navigate to 'https://cs300testautomatic.herokuapp.com/' successfully

2019-12-22 01:46:23 - [MESSAGE][PASSED] - Navigate to 'https://cs300testautomatic.herokuapp.com/' successfully

2019-12-22 01:46:23 - [TEST_STEP][PASSED] - setText(findTestObject("Page_Mattermost/input_All team communication in one place s_703ef5 (29)"), "giabeuu@gmail.com"): Text 'giabeuu@gmail.com' is set on object 'Object Repository/Page_Mattermost/input_All team communication in one place s_703ef5 (29)'

2019-12-22 01:46:28 - [MESSAGE][PASSED] - Text 'giabeuu@gmail.com' is set on object 'Object Repository/Page_Mattermost/input_All team communication in one place s_703ef5 (29)'

2019-12-22 01:46:28 - [TEST_STEP][PASSED] - setEncryptedText(findTestObject("Page_Mattermost/input_All team communication in one place s_2f2733 (29)"), "GoUae4B8Jrc="): Text ****** has been set on object 'Object Repository/Page_Mattermost/input_All team communication in one place s_2f2733 (29)'

2019-12-22 01:46:28 - [MESSAGE][PASSED] - Text ****** has been set on object 'Object Repository/Page_Mattermost/input_All team communication in one place s_2f2733 (29)'

2019-12-22 01:46:28 - [TEST_STEP][PASSED] - click(findTestObject("Page_Mattermost/button_Sign in (18)")): Object: 'Object Repository/Page_Mattermost/button_Sign in (18)' is clicked on

2019-12-22 01:46:29 - [MESSAGE][PASSED] - Object: 'Object Repository/Page_Mattermost/button_Sign in (18)' is clicked on

2019-12-22 01:46:29 - [TEST_STEP][PASSED] - click(findTestObject("Object Repository/Page_ Town Square - FirstTeam Mattermost/span_Your status is set to Offline")): Object: 'Object Repository/Page_ Town Square - FirstTeam Mattermost/span_Your status is set to Offline' is clicked on

2019-12-22 01:46:33 - [MESSAGE][PASSED] - Object: 'Object Repository/Page_ Town Square - FirstTeam Mattermost/span_Your status is set to Offline' is clicked on

2019-12-22 01:46:33 - [TEST_STEP][PASSED] - click(findTestObject("Object Repository/Page_ Town Square - FirstTeam Mattermost/span_Would you like to switch your status t_57f647")): Object: 'Object Repository/Page_ Town Square - FirstTeam Mattermost/span_Would you like to switch your status t_57f647' is clicked on

2019-12-22 01:46:33 - [MESSAGE][PASSED] - Object: 'Object Repository/Page_ Town Square - FirstTeam Mattermost/span_Would you like to switch your status t_57f647' is clicked on

2019-12-22 01:46:33 - [TEST_STEP][PASSED] - click(findTestObject("Object Repository/Page_ Town Square - FirstTeam Mattermost/button_Yes set my status to Online")): Object: 'Object Repository/Page_ Town Square - FirstTeam Mattermost/button_Yes set my status to Online' is clicked on

2019-12-22 01:46:34 - [MESSAGE][PASSED] - Object: 'Object Repository/Page_ Town Square - FirstTeam Mattermost/button_Yes set my status to Online' is clicked on

2019-12-22 01:46:34 - [TEST_STEP][PASSED] - closeBrowser(): Browser is closed

2019-12-22 01:46:38 - [MESSAGE][PASSED] - Browser is closed]]></system-out>
         <system-err><![CDATA[]]></system-err>
      </testcase>
      <testcase name="Test Cases/TestCase44UpdateStatusToDoNotDisturb" time="28.003" classname="Test Cases/TestCase44UpdateStatusToDoNotDisturb" status="PASSED">
         <system-out><![CDATA[2019-12-22 01:46:38 - [TEST_CASE][PASSED] - Test Cases/TestCase44UpdateStatusToDoNotDisturb: Test Cases/TestCase44UpdateStatusToDoNotDisturb

2019-12-22 01:46:39 - [TEST_STEP][PASSED] - openBrowser(""): Browser is opened with url: ''

2019-12-22 01:46:39 - [MESSAGE][INFO] - Starting 'Firefox' driver

2019-12-22 01:46:44 - [MESSAGE][PASSED] - Browser is opened with url: ''

2019-12-22 01:46:44 - [TEST_STEP][PASSED] - navigateToUrl("https://cs300testautomatic.herokuapp.com/"): Navigate to 'https://cs300testautomatic.herokuapp.com/' successfully

2019-12-22 01:46:48 - [MESSAGE][PASSED] - Navigate to 'https://cs300testautomatic.herokuapp.com/' successfully

2019-12-22 01:46:48 - [TEST_STEP][PASSED] - setText(findTestObject("Page_Mattermost/input_All team communication in one place s_703ef5 (44)"), "giabeuu@gmail.com"): Text 'giabeuu@gmail.com' is set on object 'Object Repository/Page_Mattermost/input_All team communication in one place s_703ef5 (44)'

2019-12-22 01:46:53 - [MESSAGE][PASSED] - Text 'giabeuu@gmail.com' is set on object 'Object Repository/Page_Mattermost/input_All team communication in one place s_703ef5 (44)'

2019-12-22 01:46:53 - [TEST_STEP][PASSED] - setEncryptedText(findTestObject("Page_Mattermost/input_All team communication in one place s_2f2733 (44)"), "GoUae4B8Jrc="): Text ****** has been set on object 'Object Repository/Page_Mattermost/input_All team communication in one place s_2f2733 (44)'

2019-12-22 01:46:54 - [MESSAGE][PASSED] - Text ****** has been set on object 'Object Repository/Page_Mattermost/input_All team communication in one place s_2f2733 (44)'

2019-12-22 01:46:54 - [TEST_STEP][PASSED] - click(findTestObject("Page_Mattermost/button_Sign in (31)")): Object: 'Object Repository/Page_Mattermost/button_Sign in (31)' is clicked on

2019-12-22 01:46:54 - [MESSAGE][PASSED] - Object: 'Object Repository/Page_Mattermost/button_Sign in (31)' is clicked on

2019-12-22 01:46:54 - [TEST_STEP][PASSED] - click(findTestObject("Page_ Town Square - FirstTeam Mattermost/div__MenuWrapper (1)")): Object: 'Object Repository/Page_ Town Square - FirstTeam Mattermost/div__MenuWrapper (1)' is clicked on

2019-12-22 01:46:58 - [MESSAGE][PASSED] - Object: 'Object Repository/Page_ Town Square - FirstTeam Mattermost/div__MenuWrapper (1)' is clicked on

2019-12-22 01:46:58 - [TEST_STEP][PASSED] - click(findTestObject("Page_ Town Square - FirstTeam Mattermost/button_Do Not DisturbDisables Desktop and P_5af217 (1)")): Object: 'Object Repository/Page_ Town Square - FirstTeam Mattermost/button_Do Not DisturbDisables Desktop and P_5af217 (1)' is clicked on

2019-12-22 01:47:00 - [MESSAGE][PASSED] - Object: 'Object Repository/Page_ Town Square - FirstTeam Mattermost/button_Do Not DisturbDisables Desktop and P_5af217 (1)' is clicked on

2019-12-22 01:47:00 - [TEST_STEP][PASSED] - closeBrowser(): Browser is closed

2019-12-22 01:47:06 - [MESSAGE][PASSED] - Browser is closed]]></system-out>
         <system-err><![CDATA[]]></system-err>
      </testcase>
      <testcase name="Test Cases/TestCase45ShowPopupDoNotDisturbStatus" time="28.964" classname="Test Cases/TestCase45ShowPopupDoNotDisturbStatus" status="PASSED">
         <system-out><![CDATA[2019-12-22 01:47:06 - [TEST_CASE][PASSED] - Test Cases/TestCase45ShowPopupDoNotDisturbStatus: Test Cases/TestCase45ShowPopupDoNotDisturbStatus

2019-12-22 01:47:07 - [TEST_STEP][PASSED] - openBrowser(""): Browser is opened with url: ''

2019-12-22 01:47:07 - [MESSAGE][INFO] - Starting 'Firefox' driver

2019-12-22 01:47:12 - [MESSAGE][PASSED] - Browser is opened with url: ''

2019-12-22 01:47:12 - [TEST_STEP][PASSED] - navigateToUrl("https://cs300testautomatic.herokuapp.com/"): Navigate to 'https://cs300testautomatic.herokuapp.com/' successfully

2019-12-22 01:47:16 - [MESSAGE][PASSED] - Navigate to 'https://cs300testautomatic.herokuapp.com/' successfully

2019-12-22 01:47:16 - [TEST_STEP][PASSED] - setText(findTestObject("Page_Mattermost/input_All team communication in one place s_703ef5 (31)"), "giabeuu@gmail.com"): Text 'giabeuu@gmail.com' is set on object 'Object Repository/Page_Mattermost/input_All team communication in one place s_703ef5 (31)'

2019-12-22 01:47:22 - [MESSAGE][PASSED] - Text 'giabeuu@gmail.com' is set on object 'Object Repository/Page_Mattermost/input_All team communication in one place s_703ef5 (31)'

2019-12-22 01:47:22 - [TEST_STEP][PASSED] - setEncryptedText(findTestObject("Page_Mattermost/input_All team communication in one place s_2f2733 (31)"), "GoUae4B8Jrc="): Text ****** has been set on object 'Object Repository/Page_Mattermost/input_All team communication in one place s_2f2733 (31)'

2019-12-22 01:47:22 - [MESSAGE][PASSED] - Text ****** has been set on object 'Object Repository/Page_Mattermost/input_All team communication in one place s_2f2733 (31)'

2019-12-22 01:47:22 - [TEST_STEP][PASSED] - click(findTestObject("Page_Mattermost/button_Sign in (20)")): Object: 'Object Repository/Page_Mattermost/button_Sign in (20)' is clicked on

2019-12-22 01:47:23 - [MESSAGE][PASSED] - Object: 'Object Repository/Page_Mattermost/button_Sign in (20)' is clicked on

2019-12-22 01:47:23 - [TEST_STEP][PASSED] - click(findTestObject("Object Repository/Page_ Town Square - FirstTeam Mattermost/span_Your status is set to Do Not Disturb")): Object: 'Object Repository/Page_ Town Square - FirstTeam Mattermost/span_Your status is set to Do Not Disturb' is clicked on

2019-12-22 01:47:28 - [MESSAGE][PASSED] - Object: 'Object Repository/Page_ Town Square - FirstTeam Mattermost/span_Your status is set to Do Not Disturb' is clicked on

2019-12-22 01:47:28 - [TEST_STEP][PASSED] - click(findTestObject("Page_ Town Square - FirstTeam Mattermost/span_Would you like to switch your status t_57f647 (1)")): Object: 'Object Repository/Page_ Town Square - FirstTeam Mattermost/span_Would you like to switch your status t_57f647 (1)' is clicked on

2019-12-22 01:47:28 - [MESSAGE][PASSED] - Object: 'Object Repository/Page_ Town Square - FirstTeam Mattermost/span_Would you like to switch your status t_57f647 (1)' is clicked on

2019-12-22 01:47:28 - [TEST_STEP][PASSED] - click(findTestObject("Page_ Town Square - FirstTeam Mattermost/button_Yes set my status to Online (1)")): Object: 'Object Repository/Page_ Town Square - FirstTeam Mattermost/button_Yes set my status to Online (1)' is clicked on

2019-12-22 01:47:29 - [MESSAGE][PASSED] - Object: 'Object Repository/Page_ Town Square - FirstTeam Mattermost/button_Yes set my status to Online (1)' is clicked on

2019-12-22 01:47:29 - [TEST_STEP][PASSED] - closeBrowser(): Browser is closed

2019-12-22 01:47:35 - [MESSAGE][PASSED] - Browser is closed]]></system-out>
         <system-err><![CDATA[]]></system-err>
      </testcase>
      <testcase name="Test Cases/TestCase46UpdateStatusToAway" time="26.124" classname="Test Cases/TestCase46UpdateStatusToAway" status="PASSED">
         <system-out><![CDATA[2019-12-22 01:47:35 - [TEST_CASE][PASSED] - Test Cases/TestCase46UpdateStatusToAway: Test Cases/TestCase46UpdateStatusToAway

2019-12-22 01:47:35 - [TEST_STEP][PASSED] - openBrowser(""): Browser is opened with url: ''

2019-12-22 01:47:35 - [MESSAGE][INFO] - Starting 'Firefox' driver

2019-12-22 01:47:41 - [MESSAGE][PASSED] - Browser is opened with url: ''

2019-12-22 01:47:41 - [TEST_STEP][PASSED] - navigateToUrl("https://cs300testautomatic.herokuapp.com/"): Navigate to 'https://cs300testautomatic.herokuapp.com/' successfully

2019-12-22 01:47:45 - [MESSAGE][PASSED] - Navigate to 'https://cs300testautomatic.herokuapp.com/' successfully

2019-12-22 01:47:45 - [TEST_STEP][PASSED] - setText(findTestObject("Page_Mattermost/input_All team communication in one place s_703ef5 (45)"), "giabeuu@gmail.com"): Text 'giabeuu@gmail.com' is set on object 'Object Repository/Page_Mattermost/input_All team communication in one place s_703ef5 (45)'

2019-12-22 01:47:50 - [MESSAGE][PASSED] - Text 'giabeuu@gmail.com' is set on object 'Object Repository/Page_Mattermost/input_All team communication in one place s_703ef5 (45)'

2019-12-22 01:47:50 - [TEST_STEP][PASSED] - setEncryptedText(findTestObject("Page_Mattermost/input_All team communication in one place s_2f2733 (45)"), "GoUae4B8Jrc="): Text ****** has been set on object 'Object Repository/Page_Mattermost/input_All team communication in one place s_2f2733 (45)'

2019-12-22 01:47:51 - [MESSAGE][PASSED] - Text ****** has been set on object 'Object Repository/Page_Mattermost/input_All team communication in one place s_2f2733 (45)'

2019-12-22 01:47:51 - [TEST_STEP][PASSED] - click(findTestObject("Page_Mattermost/button_Sign in (32)")): Object: 'Object Repository/Page_Mattermost/button_Sign in (32)' is clicked on

2019-12-22 01:47:52 - [MESSAGE][PASSED] - Object: 'Object Repository/Page_Mattermost/button_Sign in (32)' is clicked on

2019-12-22 01:47:52 - [TEST_STEP][PASSED] - click(findTestObject("Page_ Town Square - FirstTeam Mattermost/div__MenuWrapper (2)")): Object: 'Object Repository/Page_ Town Square - FirstTeam Mattermost/div__MenuWrapper (2)' is clicked on

2019-12-22 01:47:55 - [MESSAGE][PASSED] - Object: 'Object Repository/Page_ Town Square - FirstTeam Mattermost/div__MenuWrapper (2)' is clicked on

2019-12-22 01:47:55 - [TEST_STEP][PASSED] - click(findTestObject("Page_ Town Square - FirstTeam Mattermost/button_Away (1)")): Object: 'Object Repository/Page_ Town Square - FirstTeam Mattermost/button_Away (1)' is clicked on

2019-12-22 01:47:56 - [MESSAGE][PASSED] - Object: 'Object Repository/Page_ Town Square - FirstTeam Mattermost/button_Away (1)' is clicked on

2019-12-22 01:47:56 - [TEST_STEP][PASSED] - closeBrowser(): Browser is closed

2019-12-22 01:48:01 - [MESSAGE][PASSED] - Browser is closed]]></system-out>
         <system-err><![CDATA[]]></system-err>
      </testcase>
      <testcase name="Test Cases/TestCase47ShowPopupAwayStatus" time="28.322" classname="Test Cases/TestCase47ShowPopupAwayStatus" status="PASSED">
         <system-out><![CDATA[2019-12-22 01:48:02 - [TEST_CASE][PASSED] - Test Cases/TestCase47ShowPopupAwayStatus: Test Cases/TestCase47ShowPopupAwayStatus

2019-12-22 01:48:02 - [TEST_STEP][PASSED] - openBrowser(""): Browser is opened with url: ''

2019-12-22 01:48:02 - [MESSAGE][INFO] - Starting 'Firefox' driver

2019-12-22 01:48:09 - [MESSAGE][PASSED] - Browser is opened with url: ''

2019-12-22 01:48:09 - [TEST_STEP][PASSED] - navigateToUrl("https://cs300testautomatic.herokuapp.com/"): Navigate to 'https://cs300testautomatic.herokuapp.com/' successfully

2019-12-22 01:48:14 - [MESSAGE][PASSED] - Navigate to 'https://cs300testautomatic.herokuapp.com/' successfully

2019-12-22 01:48:14 - [TEST_STEP][PASSED] - setText(findTestObject("Page_Mattermost/input_All team communication in one place s_703ef5 (33)"), "giabeuu@gmail.com"): Text 'giabeuu@gmail.com' is set on object 'Object Repository/Page_Mattermost/input_All team communication in one place s_703ef5 (33)'

2019-12-22 01:48:18 - [MESSAGE][PASSED] - Text 'giabeuu@gmail.com' is set on object 'Object Repository/Page_Mattermost/input_All team communication in one place s_703ef5 (33)'

2019-12-22 01:48:18 - [TEST_STEP][PASSED] - setEncryptedText(findTestObject("Page_Mattermost/input_All team communication in one place s_2f2733 (33)"), "GoUae4B8Jrc="): Text ****** has been set on object 'Object Repository/Page_Mattermost/input_All team communication in one place s_2f2733 (33)'

2019-12-22 01:48:18 - [MESSAGE][PASSED] - Text ****** has been set on object 'Object Repository/Page_Mattermost/input_All team communication in one place s_2f2733 (33)'

2019-12-22 01:48:18 - [TEST_STEP][PASSED] - click(findTestObject("Page_Mattermost/button_Sign in (22)")): Object: 'Object Repository/Page_Mattermost/button_Sign in (22)' is clicked on

2019-12-22 01:48:19 - [MESSAGE][PASSED] - Object: 'Object Repository/Page_Mattermost/button_Sign in (22)' is clicked on

2019-12-22 01:48:19 - [TEST_STEP][PASSED] - click(findTestObject("Object Repository/Page_ Town Square - FirstTeam Mattermost/span_Your status is set to Away")): Object: 'Object Repository/Page_ Town Square - FirstTeam Mattermost/span_Your status is set to Away' is clicked on

2019-12-22 01:48:23 - [MESSAGE][PASSED] - Object: 'Object Repository/Page_ Town Square - FirstTeam Mattermost/span_Your status is set to Away' is clicked on

2019-12-22 01:48:23 - [TEST_STEP][PASSED] - click(findTestObject("Page_ Town Square - FirstTeam Mattermost/span_Would you like to switch your status t_57f647 (2)")): Object: 'Object Repository/Page_ Town Square - FirstTeam Mattermost/span_Would you like to switch your status t_57f647 (2)' is clicked on

2019-12-22 01:48:24 - [MESSAGE][PASSED] - Object: 'Object Repository/Page_ Town Square - FirstTeam Mattermost/span_Would you like to switch your status t_57f647 (2)' is clicked on

2019-12-22 01:48:24 - [TEST_STEP][PASSED] - click(findTestObject("Page_ Town Square - FirstTeam Mattermost/button_Yes set my status to Online (2)")): Object: 'Object Repository/Page_ Town Square - FirstTeam Mattermost/button_Yes set my status to Online (2)' is clicked on

2019-12-22 01:48:24 - [MESSAGE][PASSED] - Object: 'Object Repository/Page_ Town Square - FirstTeam Mattermost/button_Yes set my status to Online (2)' is clicked on

2019-12-22 01:48:24 - [TEST_STEP][PASSED] - closeBrowser(): Browser is closed

2019-12-22 01:48:30 - [MESSAGE][PASSED] - Browser is closed]]></system-out>
         <system-err><![CDATA[]]></system-err>
      </testcase>
      <testcase name="Test Cases/TestCase48AdminConsole" time="58.22" classname="Test Cases/TestCase48AdminConsole" status="FAILED">
         <failure type="FAILED" message="Test Cases/TestCase48AdminConsole FAILED.
Reason:
com.kms.katalon.core.exception.StepFailedException: Unable to click on object 'Object Repository/Page_ Town Square - FirstTeam Mattermost/div_Fi (12)'
	at com.kms.katalon.core.webui.keyword.internal.WebUIKeywordMain.stepFailed(WebUIKeywordMain.groovy:64)
	at com.kms.katalon.core.webui.keyword.internal.WebUIKeywordMain.runKeyword(WebUIKeywordMain.groovy:26)
	at com.kms.katalon.core.webui.keyword.builtin.ClickKeyword.click(ClickKeyword.groovy:102)
	at com.kms.katalon.core.webui.keyword.builtin.ClickKeyword.execute(ClickKeyword.groovy:43)
	at com.kms.katalon.core.keyword.internal.KeywordExecutor.executeKeywordForPlatform(KeywordExecutor.groovy:72)
	at com.kms.katalon.core.webui.keyword.WebUiBuiltInKeywords.click(WebUiBuiltInKeywords.groovy:616)
	at com.kms.katalon.core.webui.keyword.WebUiBuiltInKeywords$click$3.call(Unknown Source)
	at TestCase48AdminConsole.run(TestCase48AdminConsole:29)
	at com.kms.katalon.core.main.ScriptEngine.run(ScriptEngine.java:194)
	at com.kms.katalon.core.main.ScriptEngine.runScriptAsRawText(ScriptEngine.java:119)
	at com.kms.katalon.core.main.TestCaseExecutor.runScript(TestCaseExecutor.java:337)
	at com.kms.katalon.core.main.TestCaseExecutor.doExecute(TestCaseExecutor.java:328)
	at com.kms.katalon.core.main.TestCaseExecutor.processExecutionPhase(TestCaseExecutor.java:307)
	at com.kms.katalon.core.main.TestCaseExecutor.accessMainPhase(TestCaseExecutor.java:299)
	at com.kms.katalon.core.main.TestCaseExecutor.execute(TestCaseExecutor.java:233)
	at com.kms.katalon.core.main.TestSuiteExecutor.accessTestCaseMainPhase(TestSuiteExecutor.java:169)
	at com.kms.katalon.core.main.TestSuiteExecutor.accessTestSuiteMainPhase(TestSuiteExecutor.java:142)
	at com.kms.katalon.core.main.TestSuiteExecutor.execute(TestSuiteExecutor.java:91)
	at com.kms.katalon.core.main.TestCaseMain.startTestSuite(TestCaseMain.java:157)
	at com.kms.katalon.core.main.TestCaseMain$startTestSuite$0.call(Unknown Source)
	at TempTestSuite1576952307212.run(TempTestSuite1576952307212.groovy:36)
Caused by: com.kms.katalon.core.webui.exception.WebElementNotFoundException: Web element with id: 'Object Repository/Page_ Town Square - FirstTeam Mattermost/div_Fi (12)' located by 'By.xpath: //a[@id='firstteamTeamButton']/div/div/div' not found
	at com.kms.katalon.core.webui.common.WebUiCommonHelper.findWebElement(WebUiCommonHelper.java:1154)
	at com.kms.katalon.core.webui.keyword.internal.WebUIAbstractKeyword.findWebElement(WebUIAbstractKeyword.groovy:27)
	at com.kms.katalon.core.webui.keyword.internal.WebUIAbstractKeyword.findWebElement(WebUIAbstractKeyword.groovy:26)
	at com.kms.katalon.core.webui.keyword.builtin.ClickKeyword$_click_closure1.doCall(ClickKeyword.groovy:67)
	at com.kms.katalon.core.webui.keyword.builtin.ClickKeyword$_click_closure1.call(ClickKeyword.groovy)
	at com.kms.katalon.core.webui.keyword.internal.WebUIKeywordMain.runKeyword(WebUIKeywordMain.groovy:20)
	... 19 more
"/>
         <system-out><![CDATA[2019-12-22 01:48:30 - [TEST_CASE][FAILED] - Test Cases/TestCase48AdminConsole: Test Cases/TestCase48AdminConsole FAILED.
Reason:
com.kms.katalon.core.exception.StepFailedException: Unable to click on object 'Object Repository/Page_ Town Square - FirstTeam Mattermost/div_Fi (12)'
	at com.kms.katalon.core.webui.keyword.internal.WebUIKeywordMain.stepFailed(WebUIKeywordMain.groovy:64)
	at com.kms.katalon.core.webui.keyword.internal.WebUIKeywordMain.runKeyword(WebUIKeywordMain.groovy:26)
	at com.kms.katalon.core.webui.keyword.builtin.ClickKeyword.click(ClickKeyword.groovy:102)
	at com.kms.katalon.core.webui.keyword.builtin.ClickKeyword.execute(ClickKeyword.groovy:43)
	at com.kms.katalon.core.keyword.internal.KeywordExecutor.executeKeywordForPlatform(KeywordExecutor.groovy:72)
	at com.kms.katalon.core.webui.keyword.WebUiBuiltInKeywords.click(WebUiBuiltInKeywords.groovy:616)
	at com.kms.katalon.core.webui.keyword.WebUiBuiltInKeywords$click$3.call(Unknown Source)
	at TestCase48AdminConsole.run(TestCase48AdminConsole:29)
	at com.kms.katalon.core.main.ScriptEngine.run(ScriptEngine.java:194)
	at com.kms.katalon.core.main.ScriptEngine.runScriptAsRawText(ScriptEngine.java:119)
	at com.kms.katalon.core.main.TestCaseExecutor.runScript(TestCaseExecutor.java:337)
	at com.kms.katalon.core.main.TestCaseExecutor.doExecute(TestCaseExecutor.java:328)
	at com.kms.katalon.core.main.TestCaseExecutor.processExecutionPhase(TestCaseExecutor.java:307)
	at com.kms.katalon.core.main.TestCaseExecutor.accessMainPhase(TestCaseExecutor.java:299)
	at com.kms.katalon.core.main.TestCaseExecutor.execute(TestCaseExecutor.java:233)
	at com.kms.katalon.core.main.TestSuiteExecutor.accessTestCaseMainPhase(TestSuiteExecutor.java:169)
	at com.kms.katalon.core.main.TestSuiteExecutor.accessTestSuiteMainPhase(TestSuiteExecutor.java:142)
	at com.kms.katalon.core.main.TestSuiteExecutor.execute(TestSuiteExecutor.java:91)
	at com.kms.katalon.core.main.TestCaseMain.startTestSuite(TestCaseMain.java:157)
	at com.kms.katalon.core.main.TestCaseMain$startTestSuite$0.call(Unknown Source)
	at TempTestSuite1576952307212.run(TempTestSuite1576952307212.groovy:36)
Caused by: com.kms.katalon.core.webui.exception.WebElementNotFoundException: Web element with id: 'Object Repository/Page_ Town Square - FirstTeam Mattermost/div_Fi (12)' located by 'By.xpath: //a[@id='firstteamTeamButton']/div/div/div' not found
	at com.kms.katalon.core.webui.common.WebUiCommonHelper.findWebElement(WebUiCommonHelper.java:1154)
	at com.kms.katalon.core.webui.keyword.internal.WebUIAbstractKeyword.findWebElement(WebUIAbstractKeyword.groovy:27)
	at com.kms.katalon.core.webui.keyword.internal.WebUIAbstractKeyword.findWebElement(WebUIAbstractKeyword.groovy:26)
	at com.kms.katalon.core.webui.keyword.builtin.ClickKeyword$_click_closure1.doCall(ClickKeyword.groovy:67)
	at com.kms.katalon.core.webui.keyword.builtin.ClickKeyword$_click_closure1.call(ClickKeyword.groovy)
	at com.kms.katalon.core.webui.keyword.internal.WebUIKeywordMain.runKeyword(WebUIKeywordMain.groovy:20)
	... 19 more


2019-12-22 01:48:30 - [TEST_STEP][PASSED] - openBrowser(""): Browser is opened with url: ''

2019-12-22 01:48:30 - [MESSAGE][INFO] - Starting 'Firefox' driver

2019-12-22 01:48:36 - [MESSAGE][PASSED] - Browser is opened with url: ''

2019-12-22 01:48:36 - [TEST_STEP][PASSED] - navigateToUrl("https://cs300testautomatic.herokuapp.com/"): Navigate to 'https://cs300testautomatic.herokuapp.com/' successfully

2019-12-22 01:48:40 - [MESSAGE][PASSED] - Navigate to 'https://cs300testautomatic.herokuapp.com/' successfully

2019-12-22 01:48:40 - [TEST_STEP][PASSED] - setText(findTestObject("Page_Mattermost/input_All team communication in one place s_703ef5 (34)"), "giabeuu@gmail.com"): Text 'giabeuu@gmail.com' is set on object 'Object Repository/Page_Mattermost/input_All team communication in one place s_703ef5 (34)'

2019-12-22 01:48:44 - [MESSAGE][PASSED] - Text 'giabeuu@gmail.com' is set on object 'Object Repository/Page_Mattermost/input_All team communication in one place s_703ef5 (34)'

2019-12-22 01:48:44 - [TEST_STEP][PASSED] - setEncryptedText(findTestObject("Page_Mattermost/input_All team communication in one place s_2f2733 (34)"), "GoUae4B8Jrc="): Text ****** has been set on object 'Object Repository/Page_Mattermost/input_All team communication in one place s_2f2733 (34)'

2019-12-22 01:48:45 - [MESSAGE][PASSED] - Text ****** has been set on object 'Object Repository/Page_Mattermost/input_All team communication in one place s_2f2733 (34)'

2019-12-22 01:48:45 - [TEST_STEP][PASSED] - click(findTestObject("Page_Mattermost/button_Sign in (23)")): Object: 'Object Repository/Page_Mattermost/button_Sign in (23)' is clicked on

2019-12-22 01:48:45 - [MESSAGE][PASSED] - Object: 'Object Repository/Page_Mattermost/button_Sign in (23)' is clicked on

2019-12-22 01:48:45 - [TEST_STEP][FAILED] - click(findTestObject("Page_ Town Square - FirstTeam Mattermost/div_Fi (12)")): Unable to click on object 'Object Repository/Page_ Town Square - FirstTeam Mattermost/div_Fi (12)' (Root cause: com.kms.katalon.core.exception.StepFailedException: Unable to click on object 'Object Repository/Page_ Town Square - FirstTeam Mattermost/div_Fi (12)'
	at com.kms.katalon.core.webui.keyword.internal.WebUIKeywordMain.stepFailed(WebUIKeywordMain.groovy:64)
	at com.kms.katalon.core.webui.keyword.internal.WebUIKeywordMain.runKeyword(WebUIKeywordMain.groovy:26)
	at com.kms.katalon.core.webui.keyword.builtin.ClickKeyword.click(ClickKeyword.groovy:102)
	at com.kms.katalon.core.webui.keyword.builtin.ClickKeyword.execute(ClickKeyword.groovy:43)
	at com.kms.katalon.core.keyword.internal.KeywordExecutor.executeKeywordForPlatform(KeywordExecutor.groovy:72)
	at com.kms.katalon.core.webui.keyword.WebUiBuiltInKeywords.click(WebUiBuiltInKeywords.groovy:616)
	at com.kms.katalon.core.webui.keyword.WebUiBuiltInKeywords$click$3.call(Unknown Source)
	at TestCase48AdminConsole.run(TestCase48AdminConsole:29)
	at com.kms.katalon.core.main.ScriptEngine.run(ScriptEngine.java:194)
	at com.kms.katalon.core.main.ScriptEngine.runScriptAsRawText(ScriptEngine.java:119)
	at com.kms.katalon.core.main.TestCaseExecutor.runScript(TestCaseExecutor.java:337)
	at com.kms.katalon.core.main.TestCaseExecutor.doExecute(TestCaseExecutor.java:328)
	at com.kms.katalon.core.main.TestCaseExecutor.processExecutionPhase(TestCaseExecutor.java:307)
	at com.kms.katalon.core.main.TestCaseExecutor.accessMainPhase(TestCaseExecutor.java:299)
	at com.kms.katalon.core.main.TestCaseExecutor.execute(TestCaseExecutor.java:233)
	at com.kms.katalon.core.main.TestSuiteExecutor.accessTestCaseMainPhase(TestSuiteExecutor.java:169)
	at com.kms.katalon.core.main.TestSuiteExecutor.accessTestSuiteMainPhase(TestSuiteExecutor.java:142)
	at com.kms.katalon.core.main.TestSuiteExecutor.execute(TestSuiteExecutor.java:91)
	at com.kms.katalon.core.main.TestCaseMain.startTestSuite(TestCaseMain.java:157)
	at com.kms.katalon.core.main.TestCaseMain$startTestSuite$0.call(Unknown Source)
	at TempTestSuite1576952307212.run(TempTestSuite1576952307212.groovy:36)
Caused by: com.kms.katalon.core.webui.exception.WebElementNotFoundException: Web element with id: 'Object Repository/Page_ Town Square - FirstTeam Mattermost/div_Fi (12)' located by 'By.xpath: //a[@id='firstteamTeamButton']/div/div/div' not found
	at com.kms.katalon.core.webui.common.WebUiCommonHelper.findWebElement(WebUiCommonHelper.java:1154)
	at com.kms.katalon.core.webui.keyword.internal.WebUIAbstractKeyword.findWebElement(WebUIAbstractKeyword.groovy:27)
	at com.kms.katalon.core.webui.keyword.internal.WebUIAbstractKeyword.findWebElement(WebUIAbstractKeyword.groovy:26)
	at com.kms.katalon.core.webui.keyword.builtin.ClickKeyword$_click_closure1.doCall(ClickKeyword.groovy:67)
	at com.kms.katalon.core.webui.keyword.builtin.ClickKeyword$_click_closure1.call(ClickKeyword.groovy)
	at com.kms.katalon.core.webui.keyword.internal.WebUIKeywordMain.runKeyword(WebUIKeywordMain.groovy:20)
	at com.kms.katalon.core.webui.keyword.builtin.ClickKeyword.click(ClickKeyword.groovy:102)
	at com.kms.katalon.core.webui.keyword.builtin.ClickKeyword.execute(ClickKeyword.groovy:43)
	at com.kms.katalon.core.keyword.internal.KeywordExecutor.executeKeywordForPlatform(KeywordExecutor.groovy:72)
	at com.kms.katalon.core.webui.keyword.WebUiBuiltInKeywords.click(WebUiBuiltInKeywords.groovy:616)
	at com.kms.katalon.core.webui.keyword.WebUiBuiltInKeywords$click$3.call(Unknown Source)
	at Script1576921437670.run(Script1576921437670.groovy:29)
	... 13 more
)

2019-12-22 01:49:28 - [MESSAGE][INFO] - Unable to find the element located by 'By.xpath: //a[@id='firstteamTeamButton']/div/div/div'. Please recheck the objects properties to make sure the desired element is located. 

2019-12-22 01:49:28 - [MESSAGE][FAILED] - Unable to click on object 'Object Repository/Page_ Town Square - FirstTeam Mattermost/div_Fi (12)' (Root cause: com.kms.katalon.core.exception.StepFailedException: Unable to click on object 'Object Repository/Page_ Town Square - FirstTeam Mattermost/div_Fi (12)'
	at com.kms.katalon.core.webui.keyword.internal.WebUIKeywordMain.stepFailed(WebUIKeywordMain.groovy:64)
	at com.kms.katalon.core.webui.keyword.internal.WebUIKeywordMain.runKeyword(WebUIKeywordMain.groovy:26)
	at com.kms.katalon.core.webui.keyword.builtin.ClickKeyword.click(ClickKeyword.groovy:102)
	at com.kms.katalon.core.webui.keyword.builtin.ClickKeyword.execute(ClickKeyword.groovy:43)
	at com.kms.katalon.core.keyword.internal.KeywordExecutor.executeKeywordForPlatform(KeywordExecutor.groovy:72)
	at com.kms.katalon.core.webui.keyword.WebUiBuiltInKeywords.click(WebUiBuiltInKeywords.groovy:616)
	at com.kms.katalon.core.webui.keyword.WebUiBuiltInKeywords$click$3.call(Unknown Source)
	at TestCase48AdminConsole.run(TestCase48AdminConsole:29)
	at com.kms.katalon.core.main.ScriptEngine.run(ScriptEngine.java:194)
	at com.kms.katalon.core.main.ScriptEngine.runScriptAsRawText(ScriptEngine.java:119)
	at com.kms.katalon.core.main.TestCaseExecutor.runScript(TestCaseExecutor.java:337)
	at com.kms.katalon.core.main.TestCaseExecutor.doExecute(TestCaseExecutor.java:328)
	at com.kms.katalon.core.main.TestCaseExecutor.processExecutionPhase(TestCaseExecutor.java:307)
	at com.kms.katalon.core.main.TestCaseExecutor.accessMainPhase(TestCaseExecutor.java:299)
	at com.kms.katalon.core.main.TestCaseExecutor.execute(TestCaseExecutor.java:233)
	at com.kms.katalon.core.main.TestSuiteExecutor.accessTestCaseMainPhase(TestSuiteExecutor.java:169)
	at com.kms.katalon.core.main.TestSuiteExecutor.accessTestSuiteMainPhase(TestSuiteExecutor.java:142)
	at com.kms.katalon.core.main.TestSuiteExecutor.execute(TestSuiteExecutor.java:91)
	at com.kms.katalon.core.main.TestCaseMain.startTestSuite(TestCaseMain.java:157)
	at com.kms.katalon.core.main.TestCaseMain$startTestSuite$0.call(Unknown Source)
	at TempTestSuite1576952307212.run(TempTestSuite1576952307212.groovy:36)
Caused by: com.kms.katalon.core.webui.exception.WebElementNotFoundException: Web element with id: 'Object Repository/Page_ Town Square - FirstTeam Mattermost/div_Fi (12)' located by 'By.xpath: //a[@id='firstteamTeamButton']/div/div/div' not found
	at com.kms.katalon.core.webui.common.WebUiCommonHelper.findWebElement(WebUiCommonHelper.java:1154)
	at com.kms.katalon.core.webui.keyword.internal.WebUIAbstractKeyword.findWebElement(WebUIAbstractKeyword.groovy:27)
	at com.kms.katalon.core.webui.keyword.internal.WebUIAbstractKeyword.findWebElement(WebUIAbstractKeyword.groovy:26)
	at com.kms.katalon.core.webui.keyword.builtin.ClickKeyword$_click_closure1.doCall(ClickKeyword.groovy:67)
	at com.kms.katalon.core.webui.keyword.builtin.ClickKeyword$_click_closure1.call(ClickKeyword.groovy)
	at com.kms.katalon.core.webui.keyword.internal.WebUIKeywordMain.runKeyword(WebUIKeywordMain.groovy:20)
	at com.kms.katalon.core.webui.keyword.builtin.ClickKeyword.click(ClickKeyword.groovy:102)
	at com.kms.katalon.core.webui.keyword.builtin.ClickKeyword.execute(ClickKeyword.groovy:43)
	at com.kms.katalon.core.keyword.internal.KeywordExecutor.executeKeywordForPlatform(KeywordExecutor.groovy:72)
	at com.kms.katalon.core.webui.keyword.WebUiBuiltInKeywords.click(WebUiBuiltInKeywords.groovy:616)
	at com.kms.katalon.core.webui.keyword.WebUiBuiltInKeywords$click$3.call(Unknown Source)
	at Script1576921437670.run(Script1576921437670.groovy:29)
	... 13 more
)
[[ATTACHMENT|E:\\APCS\\2019-2020\\Term1\\CS300\\Github\\CS300AutomaticWebTesting\\Reports\\20191222_011827\\Run All Test Cases\\20191222_011827\\1576954168468.png]]]]></system-out>
         <system-err><![CDATA[2019-12-22 01:48:30 - [TEST_CASE][FAILED] - Test Cases/TestCase48AdminConsole: Test Cases/TestCase48AdminConsole FAILED.
Reason:
com.kms.katalon.core.exception.StepFailedException: Unable to click on object 'Object Repository/Page_ Town Square - FirstTeam Mattermost/div_Fi (12)'
	at com.kms.katalon.core.webui.keyword.internal.WebUIKeywordMain.stepFailed(WebUIKeywordMain.groovy:64)
	at com.kms.katalon.core.webui.keyword.internal.WebUIKeywordMain.runKeyword(WebUIKeywordMain.groovy:26)
	at com.kms.katalon.core.webui.keyword.builtin.ClickKeyword.click(ClickKeyword.groovy:102)
	at com.kms.katalon.core.webui.keyword.builtin.ClickKeyword.execute(ClickKeyword.groovy:43)
	at com.kms.katalon.core.keyword.internal.KeywordExecutor.executeKeywordForPlatform(KeywordExecutor.groovy:72)
	at com.kms.katalon.core.webui.keyword.WebUiBuiltInKeywords.click(WebUiBuiltInKeywords.groovy:616)
	at com.kms.katalon.core.webui.keyword.WebUiBuiltInKeywords$click$3.call(Unknown Source)
	at TestCase48AdminConsole.run(TestCase48AdminConsole:29)
	at com.kms.katalon.core.main.ScriptEngine.run(ScriptEngine.java:194)
	at com.kms.katalon.core.main.ScriptEngine.runScriptAsRawText(ScriptEngine.java:119)
	at com.kms.katalon.core.main.TestCaseExecutor.runScript(TestCaseExecutor.java:337)
	at com.kms.katalon.core.main.TestCaseExecutor.doExecute(TestCaseExecutor.java:328)
	at com.kms.katalon.core.main.TestCaseExecutor.processExecutionPhase(TestCaseExecutor.java:307)
	at com.kms.katalon.core.main.TestCaseExecutor.accessMainPhase(TestCaseExecutor.java:299)
	at com.kms.katalon.core.main.TestCaseExecutor.execute(TestCaseExecutor.java:233)
	at com.kms.katalon.core.main.TestSuiteExecutor.accessTestCaseMainPhase(TestSuiteExecutor.java:169)
	at com.kms.katalon.core.main.TestSuiteExecutor.accessTestSuiteMainPhase(TestSuiteExecutor.java:142)
	at com.kms.katalon.core.main.TestSuiteExecutor.execute(TestSuiteExecutor.java:91)
	at com.kms.katalon.core.main.TestCaseMain.startTestSuite(TestCaseMain.java:157)
	at com.kms.katalon.core.main.TestCaseMain$startTestSuite$0.call(Unknown Source)
	at TempTestSuite1576952307212.run(TempTestSuite1576952307212.groovy:36)
Caused by: com.kms.katalon.core.webui.exception.WebElementNotFoundException: Web element with id: 'Object Repository/Page_ Town Square - FirstTeam Mattermost/div_Fi (12)' located by 'By.xpath: //a[@id='firstteamTeamButton']/div/div/div' not found
	at com.kms.katalon.core.webui.common.WebUiCommonHelper.findWebElement(WebUiCommonHelper.java:1154)
	at com.kms.katalon.core.webui.keyword.internal.WebUIAbstractKeyword.findWebElement(WebUIAbstractKeyword.groovy:27)
	at com.kms.katalon.core.webui.keyword.internal.WebUIAbstractKeyword.findWebElement(WebUIAbstractKeyword.groovy:26)
	at com.kms.katalon.core.webui.keyword.builtin.ClickKeyword$_click_closure1.doCall(ClickKeyword.groovy:67)
	at com.kms.katalon.core.webui.keyword.builtin.ClickKeyword$_click_closure1.call(ClickKeyword.groovy)
	at com.kms.katalon.core.webui.keyword.internal.WebUIKeywordMain.runKeyword(WebUIKeywordMain.groovy:20)
	... 19 more]]></system-err>
      </testcase>
      <testcase name="Test Cases/TestCase50ChangeUserPass" time="37.265" classname="Test Cases/TestCase50ChangeUserPass" status="PASSED">
         <system-out><![CDATA[2019-12-22 01:49:28 - [TEST_CASE][PASSED] - Test Cases/TestCase50ChangeUserPass: Test Cases/TestCase50ChangeUserPass

2019-12-22 01:49:28 - [TEST_STEP][PASSED] - openBrowser(""): Browser is opened with url: ''

2019-12-22 01:49:28 - [MESSAGE][WARNING] - A browser is already opened. Closing browser and opening a new one

2019-12-22 01:49:33 - [MESSAGE][INFO] - Starting 'Firefox' driver

2019-12-22 01:49:39 - [MESSAGE][PASSED] - Browser is opened with url: ''

2019-12-22 01:49:39 - [TEST_STEP][PASSED] - navigateToUrl("https://cs300testautomatic.herokuapp.com/"): Navigate to 'https://cs300testautomatic.herokuapp.com/' successfully

2019-12-22 01:49:43 - [MESSAGE][PASSED] - Navigate to 'https://cs300testautomatic.herokuapp.com/' successfully

2019-12-22 01:49:43 - [TEST_STEP][PASSED] - setText(findTestObject("Page_Mattermost/input_All team communication in one place s_703ef5 (38)"), "dhieu@apcs.vn"): Text 'dhieu@apcs.vn' is set on object 'Object Repository/Page_Mattermost/input_All team communication in one place s_703ef5 (38)'

2019-12-22 01:49:48 - [MESSAGE][PASSED] - Text 'dhieu@apcs.vn' is set on object 'Object Repository/Page_Mattermost/input_All team communication in one place s_703ef5 (38)'

2019-12-22 01:49:48 - [TEST_STEP][PASSED] - setEncryptedText(findTestObject("Page_Mattermost/input_All team communication in one place s_2f2733 (38)"), "iGDxf8hSRT4="): Text ****** has been set on object 'Object Repository/Page_Mattermost/input_All team communication in one place s_2f2733 (38)'

2019-12-22 01:49:50 - [MESSAGE][PASSED] - Text ****** has been set on object 'Object Repository/Page_Mattermost/input_All team communication in one place s_2f2733 (38)'

2019-12-22 01:49:50 - [TEST_STEP][PASSED] - click(findTestObject("Page_Mattermost/span_Sign in (8)")): Object: 'Object Repository/Page_Mattermost/span_Sign in (8)' is clicked on

2019-12-22 01:49:50 - [MESSAGE][PASSED] - Object: 'Object Repository/Page_Mattermost/span_Sign in (8)' is clicked on

2019-12-22 01:49:50 - [TEST_STEP][PASSED] - click(findTestObject("Object Repository/Page_Town Square - FirstTeam Mattermost/button_hieu_style--none sidebar-header-drop_de94de")): Object: 'Object Repository/Page_Town Square - FirstTeam Mattermost/button_hieu_style--none sidebar-header-drop_de94de' is clicked on

2019-12-22 01:49:54 - [MESSAGE][PASSED] - Object: 'Object Repository/Page_Town Square - FirstTeam Mattermost/button_hieu_style--none sidebar-header-drop_de94de' is clicked on

2019-12-22 01:49:54 - [TEST_STEP][PASSED] - click(findTestObject("Page_Town Square - FirstTeam Mattermost/button_Account Settings (1)")): Object: 'Object Repository/Page_Town Square - FirstTeam Mattermost/button_Account Settings (1)' is clicked on

2019-12-22 01:49:55 - [MESSAGE][PASSED] - Object: 'Object Repository/Page_Town Square - FirstTeam Mattermost/button_Account Settings (1)' is clicked on

2019-12-22 01:49:55 - [TEST_STEP][PASSED] - click(findTestObject("Object Repository/Page_Town Square - FirstTeam Mattermost/button_Security")): Object: 'Object Repository/Page_Town Square - FirstTeam Mattermost/button_Security' is clicked on

2019-12-22 01:49:56 - [MESSAGE][PASSED] - Object: 'Object Repository/Page_Town Square - FirstTeam Mattermost/button_Security' is clicked on

2019-12-22 01:49:56 - [TEST_STEP][PASSED] - click(findTestObject("Page_Town Square - FirstTeam Mattermost/button_Edit (1)")): Object: 'Object Repository/Page_Town Square - FirstTeam Mattermost/button_Edit (1)' is clicked on

2019-12-22 01:49:56 - [MESSAGE][PASSED] - Object: 'Object Repository/Page_Town Square - FirstTeam Mattermost/button_Edit (1)' is clicked on

2019-12-22 01:49:56 - [TEST_STEP][PASSED] - setEncryptedText(findTestObject("Object Repository/Page_Town Square - FirstTeam Mattermost/input_Current Password_currentPassword"), "iGDxf8hSRT4="): Text ****** has been set on object 'Object Repository/Page_Town Square - FirstTeam Mattermost/input_Current Password_currentPassword'

2019-12-22 01:49:57 - [MESSAGE][PASSED] - Text ****** has been set on object 'Object Repository/Page_Town Square - FirstTeam Mattermost/input_Current Password_currentPassword'

2019-12-22 01:49:57 - [TEST_STEP][PASSED] - setEncryptedText(findTestObject("Object Repository/Page_Town Square - FirstTeam Mattermost/input_New Password_newPassword"), "iGDxf8hSRT4="): Text ****** has been set on object 'Object Repository/Page_Town Square - FirstTeam Mattermost/input_New Password_newPassword'

2019-12-22 01:49:57 - [MESSAGE][PASSED] - Text ****** has been set on object 'Object Repository/Page_Town Square - FirstTeam Mattermost/input_New Password_newPassword'

2019-12-22 01:49:57 - [TEST_STEP][PASSED] - setEncryptedText(findTestObject("Object Repository/Page_Town Square - FirstTeam Mattermost/input_Retype New Password_confirmPassword"), "iGDxf8hSRT4="): Text ****** has been set on object 'Object Repository/Page_Town Square - FirstTeam Mattermost/input_Retype New Password_confirmPassword'

2019-12-22 01:49:58 - [MESSAGE][PASSED] - Text ****** has been set on object 'Object Repository/Page_Town Square - FirstTeam Mattermost/input_Retype New Password_confirmPassword'

2019-12-22 01:49:58 - [TEST_STEP][PASSED] - click(findTestObject("Page_Town Square - FirstTeam Mattermost/button_Save (1)")): Object: 'Object Repository/Page_Town Square - FirstTeam Mattermost/button_Save (1)' is clicked on

2019-12-22 01:49:59 - [MESSAGE][PASSED] - Object: 'Object Repository/Page_Town Square - FirstTeam Mattermost/button_Save (1)' is clicked on

2019-12-22 01:49:59 - [TEST_STEP][PASSED] - click(findTestObject("Page_Town Square - FirstTeam Mattermost/button_Close (1)")): Object: 'Object Repository/Page_Town Square - FirstTeam Mattermost/button_Close (1)' is clicked on

2019-12-22 01:49:59 - [MESSAGE][PASSED] - Object: 'Object Repository/Page_Town Square - FirstTeam Mattermost/button_Close (1)' is clicked on

2019-12-22 01:49:59 - [TEST_STEP][PASSED] - closeBrowser(): Browser is closed

2019-12-22 01:50:05 - [MESSAGE][PASSED] - Browser is closed]]></system-out>
         <system-err><![CDATA[]]></system-err>
      </testcase>
      <system-out><![CDATA[2019-12-22 01:18:29 - [TEST_SUITE][FAILED] - Run All Test Cases: Test Cases/TestCase16AddMembersToChannel FAILED.
Reason:
com.kms.katalon.core.exception.StepFailedException: Unable to click on object 'Object Repository/Page_ChannelAddMember - FirstTeam Mattermost/div_Nguyen Gia (GiaGia)_more-modal__actions--round'
	at com.kms.katalon.core.webui.keyword.internal.WebUIKeywordMain.stepFailed(WebUIKeywordMain.groovy:64)
	at com.kms.katalon.core.webui.keyword.internal.WebUIKeywordMain.runKeyword(WebUIKeywordMain.groovy:26)
	at com.kms.katalon.core.webui.keyword.builtin.ClickKeyword.click(ClickKeyword.groovy:102)
	at com.kms.katalon.core.webui.keyword.builtin.ClickKeyword.execute(ClickKeyword.groovy:43)
	at com.kms.katalon.core.keyword.internal.KeywordExecutor.executeKeywordForPlatform(KeywordExecutor.groovy:72)
	at com.kms.katalon.core.webui.keyword.WebUiBuiltInKeywords.click(WebUiBuiltInKeywords.groovy:616)
	at com.kms.katalon.core.webui.keyword.WebUiBuiltInKeywords$click$3.call(Unknown Source)
	at TestCase16AddMembersToChannel.run(TestCase16AddMembersToChannel:37)
	at com.kms.katalon.core.main.ScriptEngine.run(ScriptEngine.java:194)
	at com.kms.katalon.core.main.ScriptEngine.runScriptAsRawText(ScriptEngine.java:119)
	at com.kms.katalon.core.main.TestCaseExecutor.runScript(TestCaseExecutor.java:337)
	at com.kms.katalon.core.main.TestCaseExecutor.doExecute(TestCaseExecutor.java:328)
	at com.kms.katalon.core.main.TestCaseExecutor.processExecutionPhase(TestCaseExecutor.java:307)
	at com.kms.katalon.core.main.TestCaseExecutor.accessMainPhase(TestCaseExecutor.java:299)
	at com.kms.katalon.core.main.TestCaseExecutor.execute(TestCaseExecutor.java:233)
	at com.kms.katalon.core.main.TestSuiteExecutor.accessTestCaseMainPhase(TestSuiteExecutor.java:169)
	at com.kms.katalon.core.main.TestSuiteExecutor.accessTestSuiteMainPhase(TestSuiteExecutor.java:142)
	at com.kms.katalon.core.main.TestSuiteExecutor.execute(TestSuiteExecutor.java:91)
	at com.kms.katalon.core.main.TestCaseMain.startTestSuite(TestCaseMain.java:157)
	at com.kms.katalon.core.main.TestCaseMain$startTestSuite$0.call(Unknown Source)
	at TempTestSuite1576952307212.run(TempTestSuite1576952307212.groovy:36)
Caused by: com.kms.katalon.core.webui.exception.WebElementNotFoundException: Web element with id: 'Object Repository/Page_ChannelAddMember - FirstTeam Mattermost/div_Nguyen Gia (GiaGia)_more-modal__actions--round' located by 'By.xpath: (.//*[normalize-space(text()) and normalize-space(.)='Nguyen Gia (GiaGia)'])[1]/following::div[2]' not found
	at com.kms.katalon.core.webui.common.WebUiCommonHelper.findWebElement(WebUiCommonHelper.java:1154)
	at com.kms.katalon.core.webui.keyword.internal.WebUIAbstractKeyword.findWebElement(WebUIAbstractKeyword.groovy:27)
	at com.kms.katalon.core.webui.keyword.internal.WebUIAbstractKeyword.findWebElement(WebUIAbstractKeyword.groovy:26)
	at com.kms.katalon.core.webui.keyword.builtin.ClickKeyword$_click_closure1.doCall(ClickKeyword.groovy:67)
	at com.kms.katalon.core.webui.keyword.builtin.ClickKeyword$_click_closure1.call(ClickKeyword.groovy)
	at com.kms.katalon.core.webui.keyword.internal.WebUIKeywordMain.runKeyword(WebUIKeywordMain.groovy:20)
	... 19 more]]></system-out>
      <system-err><![CDATA[2019-12-22 01:18:29 - [TEST_SUITE][FAILED] - Run All Test Cases: Test Cases/TestCase16AddMembersToChannel FAILED.
Reason:
com.kms.katalon.core.exception.StepFailedException: Unable to click on object 'Object Repository/Page_ChannelAddMember - FirstTeam Mattermost/div_Nguyen Gia (GiaGia)_more-modal__actions--round'
	at com.kms.katalon.core.webui.keyword.internal.WebUIKeywordMain.stepFailed(WebUIKeywordMain.groovy:64)
	at com.kms.katalon.core.webui.keyword.internal.WebUIKeywordMain.runKeyword(WebUIKeywordMain.groovy:26)
	at com.kms.katalon.core.webui.keyword.builtin.ClickKeyword.click(ClickKeyword.groovy:102)
	at com.kms.katalon.core.webui.keyword.builtin.ClickKeyword.execute(ClickKeyword.groovy:43)
	at com.kms.katalon.core.keyword.internal.KeywordExecutor.executeKeywordForPlatform(KeywordExecutor.groovy:72)
	at com.kms.katalon.core.webui.keyword.WebUiBuiltInKeywords.click(WebUiBuiltInKeywords.groovy:616)
	at com.kms.katalon.core.webui.keyword.WebUiBuiltInKeywords$click$3.call(Unknown Source)
	at TestCase16AddMembersToChannel.run(TestCase16AddMembersToChannel:37)
	at com.kms.katalon.core.main.ScriptEngine.run(ScriptEngine.java:194)
	at com.kms.katalon.core.main.ScriptEngine.runScriptAsRawText(ScriptEngine.java:119)
	at com.kms.katalon.core.main.TestCaseExecutor.runScript(TestCaseExecutor.java:337)
	at com.kms.katalon.core.main.TestCaseExecutor.doExecute(TestCaseExecutor.java:328)
	at com.kms.katalon.core.main.TestCaseExecutor.processExecutionPhase(TestCaseExecutor.java:307)
	at com.kms.katalon.core.main.TestCaseExecutor.accessMainPhase(TestCaseExecutor.java:299)
	at com.kms.katalon.core.main.TestCaseExecutor.execute(TestCaseExecutor.java:233)
	at com.kms.katalon.core.main.TestSuiteExecutor.accessTestCaseMainPhase(TestSuiteExecutor.java:169)
	at com.kms.katalon.core.main.TestSuiteExecutor.accessTestSuiteMainPhase(TestSuiteExecutor.java:142)
	at com.kms.katalon.core.main.TestSuiteExecutor.execute(TestSuiteExecutor.java:91)
	at com.kms.katalon.core.main.TestCaseMain.startTestSuite(TestCaseMain.java:157)
	at com.kms.katalon.core.main.TestCaseMain$startTestSuite$0.call(Unknown Source)
	at TempTestSuite1576952307212.run(TempTestSuite1576952307212.groovy:36)
Caused by: com.kms.katalon.core.webui.exception.WebElementNotFoundException: Web element with id: 'Object Repository/Page_ChannelAddMember - FirstTeam Mattermost/div_Nguyen Gia (GiaGia)_more-modal__actions--round' located by 'By.xpath: (.//*[normalize-space(text()) and normalize-space(.)='Nguyen Gia (GiaGia)'])[1]/following::div[2]' not found
	at com.kms.katalon.core.webui.common.WebUiCommonHelper.findWebElement(WebUiCommonHelper.java:1154)
	at com.kms.katalon.core.webui.keyword.internal.WebUIAbstractKeyword.findWebElement(WebUIAbstractKeyword.groovy:27)
	at com.kms.katalon.core.webui.keyword.internal.WebUIAbstractKeyword.findWebElement(WebUIAbstractKeyword.groovy:26)
	at com.kms.katalon.core.webui.keyword.builtin.ClickKeyword$_click_closure1.doCall(ClickKeyword.groovy:67)
	at com.kms.katalon.core.webui.keyword.builtin.ClickKeyword$_click_closure1.call(ClickKeyword.groovy)
	at com.kms.katalon.core.webui.keyword.internal.WebUIKeywordMain.runKeyword(WebUIKeywordMain.groovy:20)
	... 19 more]]></system-err>
   </testsuite>
</testsuites>
